[ 2016-04-09T21:39:30+08:00 ] ::1 /index.php/Adminen4/Article/index
INFO: [ app_init ] --START--
INFO: Run Behavior\BuildLiteBehavior [ RunTime:0.000016s ]
INFO: [ app_init ] --END-- [ RunTime:0.000555s ]
INFO: [ app_begin ] --START--
INFO: Run Behavior\ReadHtmlCacheBehavior [ RunTime:0.000969s ]
INFO: [ app_begin ] --END-- [ RunTime:0.001037s ]
SQL: SHOW COLUMNS FROM `ast_adminen4` [ RunTime:0.0060s ]
SQL: SELECT * FROM `ast_adminen4`  [ RunTime:0.0005s ]
SQL: SELECT * FROM `ast_adminen4` WHERE `admin_id` = 1 LIMIT 1   [ RunTime:0.0004s ]
SQL: SHOW COLUMNS FROM `ast_naven4` [ RunTime:0.0040s ]
SQL: SELECT * FROM `ast_naven4`  [ RunTime:0.0004s ]
SQL: SELECT COUNT(*) AS tp_count FROM `ast_adminen4` LIMIT 1   [ RunTime:0.0002s ]
NOTIC: [2] Missing argument 3 for getAdminPage(), called in C:\xampp\htdocs\aiston\Application\Adminen4\Controller\CommonController.class.php on line 51 and defined C:\xampp\htdocs\aiston\Application\Common\Common\function.php 第 3 行.
NOTIC: [8] Undefined variable: num C:\xampp\htdocs\aiston\Application\Common\Common\function.php 第 4 行.
SQL: SELECT * FROM `ast_adminen4` ORDER BY admin_id LIMIT 0,10   [ RunTime:0.0003s ]
SQL: SHOW COLUMNS FROM `ast_articleen4` [ RunTime:0.0065s ]
SQL: SHOW COLUMNS FROM `ast_artcateen4` [ RunTime:0.0064s ]
SQL: SELECT * FROM `ast_artcateen4` WHERE `cate_id` = 0 LIMIT 1   [ RunTime:0.0003s ]
SQL: SELECT * FROM `ast_artcateen4` WHERE `cate_id` = 0 LIMIT 1   [ RunTime:0.0002s ]
SQL: SELECT * FROM `ast_artcateen4` WHERE `cate_pid` = 0  [ RunTime:0.0003s ]
SQL: SELECT * FROM `ast_artcateen4` WHERE `cate_pid` = 0  [ RunTime:0.0003s ]
SQL: SELECT COUNT(*) AS tp_count FROM `ast_articleen4` LIMIT 1   [ RunTime:0.0002s ]
SQL: SELECT * FROM `ast_articleen4` INNER JOIN `ast_artcateen4` ON ast_articleen4.art_cateid = ast_artcateen4.cate_id  ORDER BY art_addtime DESC LIMIT 0,10   [ RunTime:0.0045s ]
SQL: SHOW COLUMNS FROM `ast_artcommenten4` [ RunTime:0.0057s ]
SQL: SELECT * FROM `ast_artcommenten4`  [ RunTime:0.0002s ]
INFO: [ view_parse ] --START--
INFO: [ template_filter ] --START--
INFO: Run Behavior\ContentReplaceBehavior [ RunTime:0.000450s ]
INFO: [ template_filter ] --END-- [ RunTime:0.000514s ]
NOTIC: [8] Undefined index: mentNum C:\xampp\htdocs\aiston\Application\Runtime\Cache\Adminen4\d4a8af12392cc82d2b4887329488325a.php 第 162 行.
NOTIC: [8] Undefined index: mentNum C:\xampp\htdocs\aiston\Application\Runtime\Cache\Adminen4\d4a8af12392cc82d2b4887329488325a.php 第 162 行.
NOTIC: [8] Undefined index: mentNum C:\xampp\htdocs\aiston\Application\Runtime\Cache\Adminen4\d4a8af12392cc82d2b4887329488325a.php 第 162 行.
NOTIC: [8] Undefined index: mentNum C:\xampp\htdocs\aiston\Application\Runtime\Cache\Adminen4\d4a8af12392cc82d2b4887329488325a.php 第 162 行.
NOTIC: [8] Undefined index: mentNum C:\xampp\htdocs\aiston\Application\Runtime\Cache\Adminen4\d4a8af12392cc82d2b4887329488325a.php 第 162 行.
NOTIC: [8] Undefined index: mentNum C:\xampp\htdocs\aiston\Application\Runtime\Cache\Adminen4\d4a8af12392cc82d2b4887329488325a.php 第 162 行.
NOTIC: [8] Undefined index: mentNum C:\xampp\htdocs\aiston\Application\Runtime\Cache\Adminen4\d4a8af12392cc82d2b4887329488325a.php 第 162 行.
NOTIC: [8] Undefined index: mentNum C:\xampp\htdocs\aiston\Application\Runtime\Cache\Adminen4\d4a8af12392cc82d2b4887329488325a.php 第 162 行.
NOTIC: [8] Array to string conversion C:\xampp\htdocs\aiston\Application\Runtime\Cache\Adminen4\d4a8af12392cc82d2b4887329488325a.php 第 382 行.
INFO: Run Behavior\ParseTemplateBehavior [ RunTime:0.030423s ]
INFO: [ view_parse ] --END-- [ RunTime:0.030487s ]
INFO: [ view_filter ] --START--
INFO: Run Behavior\WriteHtmlCacheBehavior [ RunTime:0.000720s ]
INFO: [ view_filter ] --END-- [ RunTime:0.000800s ]
NOTIC: [8] Undefined index: show C:\xampp\htdocs\aiston\Application\Adminen4\Controller\ArticleController.class.php 第 82 行.
NOTIC: [8] Undefined index: id C:\xampp\htdocs\aiston\Application\Adminen4\Controller\ArticleController.class.php 第 83 行.
SQL: UPDATE `ast_articleen4` SET `art_isshow`='1' WHERE `art_id` = null [ RunTime:0.0016s ]
INFO: [ app_end ] --START--
INFO: Run Behavior\ShowPageTraceBehavior [ RunTime:0.001644s ]
INFO: [ app_end ] --END-- [ RunTime:0.001742s ]

[ 2016-04-09T21:39:33+08:00 ] ::1 /index.php/Adminen4/Article/add
INFO: [ app_init ] --START--
INFO: Run Behavior\BuildLiteBehavior [ RunTime:0.000018s ]
INFO: [ app_init ] --END-- [ RunTime:0.000605s ]
INFO: [ app_begin ] --START--
INFO: Run Behavior\ReadHtmlCacheBehavior [ RunTime:0.000837s ]
INFO: [ app_begin ] --END-- [ RunTime:0.000968s ]
SQL: SHOW COLUMNS FROM `ast_adminen4` [ RunTime:0.0040s ]
SQL: SELECT * FROM `ast_adminen4`  [ RunTime:0.0003s ]
SQL: SELECT * FROM `ast_adminen4` WHERE `admin_id` = 1 LIMIT 1   [ RunTime:0.0003s ]
SQL: SHOW COLUMNS FROM `ast_naven4` [ RunTime:0.0039s ]
SQL: SELECT * FROM `ast_naven4`  [ RunTime:0.0004s ]
SQL: SELECT COUNT(*) AS tp_count FROM `ast_adminen4` LIMIT 1   [ RunTime:0.0002s ]
NOTIC: [2] Missing argument 3 for getAdminPage(), called in C:\xampp\htdocs\aiston\Application\Adminen4\Controller\CommonController.class.php on line 51 and defined C:\xampp\htdocs\aiston\Application\Common\Common\function.php 第 3 行.
NOTIC: [8] Undefined variable: num C:\xampp\htdocs\aiston\Application\Common\Common\function.php 第 4 行.
SQL: SELECT * FROM `ast_adminen4` ORDER BY admin_id LIMIT 0,10   [ RunTime:0.0004s ]
SQL: SHOW COLUMNS FROM `ast_artcateen4` [ RunTime:0.0040s ]
SQL: SHOW COLUMNS FROM `ast_articleen4` [ RunTime:0.0039s ]
SQL: SELECT * FROM `ast_artcateen4` WHERE `cate_pid` = 0 ORDER BY cate_id ASC  [ RunTime:0.0004s ]
SQL: SELECT `art_order` FROM `ast_articleen4` ORDER BY art_order DESC LIMIT 1   [ RunTime:0.0003s ]
INFO: [ view_parse ] --START--
INFO: [ template_filter ] --START--
INFO: Run Behavior\ContentReplaceBehavior [ RunTime:0.000479s ]
INFO: [ template_filter ] --END-- [ RunTime:0.000542s ]
NOTIC: [8] Undefined variable: htmlData C:\xampp\htdocs\aiston\Application\Runtime\Cache\Adminen4\85b263c4e0d0b006b227d5cacb307a87.php 第 144 行.
NOTIC: [8] Undefined variable: htmlData C:\xampp\htdocs\aiston\Application\Runtime\Cache\Adminen4\85b263c4e0d0b006b227d5cacb307a87.php 第 144 行.
NOTIC: [8] Array to string conversion C:\xampp\htdocs\aiston\Application\Runtime\Cache\Adminen4\85b263c4e0d0b006b227d5cacb307a87.php 第 319 行.
NOTIC: [8] Undefined variable: url C:\xampp\htdocs\aiston\Application\Runtime\Cache\Adminen4\85b263c4e0d0b006b227d5cacb307a87.php 第 548 行.
NOTIC: [8] Undefined variable: url C:\xampp\htdocs\aiston\Application\Runtime\Cache\Adminen4\85b263c4e0d0b006b227d5cacb307a87.php 第 551 行.
INFO: Run Behavior\ParseTemplateBehavior [ RunTime:0.025513s ]
INFO: [ view_parse ] --END-- [ RunTime:0.025582s ]
INFO: [ view_filter ] --START--
INFO: Run Behavior\WriteHtmlCacheBehavior [ RunTime:0.000499s ]
INFO: [ view_filter ] --END-- [ RunTime:0.000546s ]
INFO: [ app_end ] --START--
INFO: Run Behavior\ShowPageTraceBehavior [ RunTime:0.001113s ]
INFO: [ app_end ] --END-- [ RunTime:0.001197s ]

[ 2016-04-09T21:39:38+08:00 ] ::1 /index.php/Adminen4/Article/index
INFO: [ app_init ] --START--
INFO: Run Behavior\BuildLiteBehavior [ RunTime:0.000016s ]
INFO: [ app_init ] --END-- [ RunTime:0.000459s ]
INFO: [ app_begin ] --START--
INFO: Run Behavior\ReadHtmlCacheBehavior [ RunTime:0.000851s ]
INFO: [ app_begin ] --END-- [ RunTime:0.000933s ]
SQL: SHOW COLUMNS FROM `ast_adminen4` [ RunTime:0.0043s ]
SQL: SELECT * FROM `ast_adminen4`  [ RunTime:0.0004s ]
SQL: SELECT * FROM `ast_adminen4` WHERE `admin_id` = 1 LIMIT 1   [ RunTime:0.0003s ]
SQL: SHOW COLUMNS FROM `ast_naven4` [ RunTime:0.0038s ]
SQL: SELECT * FROM `ast_naven4`  [ RunTime:0.0004s ]
SQL: SELECT COUNT(*) AS tp_count FROM `ast_adminen4` LIMIT 1   [ RunTime:0.0002s ]
NOTIC: [2] Missing argument 3 for getAdminPage(), called in C:\xampp\htdocs\aiston\Application\Adminen4\Controller\CommonController.class.php on line 51 and defined C:\xampp\htdocs\aiston\Application\Common\Common\function.php 第 3 行.
NOTIC: [8] Undefined variable: num C:\xampp\htdocs\aiston\Application\Common\Common\function.php 第 4 行.
SQL: SELECT * FROM `ast_adminen4` ORDER BY admin_id LIMIT 0,10   [ RunTime:0.0003s ]
SQL: SHOW COLUMNS FROM `ast_articleen4` [ RunTime:0.0040s ]
SQL: SHOW COLUMNS FROM `ast_artcateen4` [ RunTime:0.0037s ]
SQL: SELECT * FROM `ast_artcateen4` WHERE `cate_id` = 0 LIMIT 1   [ RunTime:0.0003s ]
SQL: SELECT * FROM `ast_artcateen4` WHERE `cate_id` = 0 LIMIT 1   [ RunTime:0.0003s ]
SQL: SELECT * FROM `ast_artcateen4` WHERE `cate_pid` = 0  [ RunTime:0.0006s ]
SQL: SELECT * FROM `ast_artcateen4` WHERE `cate_pid` = 0  [ RunTime:0.0004s ]
SQL: SELECT COUNT(*) AS tp_count FROM `ast_articleen4` LIMIT 1   [ RunTime:0.0002s ]
SQL: SELECT * FROM `ast_articleen4` INNER JOIN `ast_artcateen4` ON ast_articleen4.art_cateid = ast_artcateen4.cate_id  ORDER BY art_addtime DESC LIMIT 0,10   [ RunTime:0.0048s ]
SQL: SHOW COLUMNS FROM `ast_artcommenten4` [ RunTime:0.0037s ]
SQL: SELECT * FROM `ast_artcommenten4`  [ RunTime:0.0002s ]
INFO: [ view_parse ] --START--
INFO: [ template_filter ] --START--
INFO: Run Behavior\ContentReplaceBehavior [ RunTime:0.000452s ]
INFO: [ template_filter ] --END-- [ RunTime:0.000520s ]
NOTIC: [8] Undefined index: mentNum C:\xampp\htdocs\aiston\Application\Runtime\Cache\Adminen4\d4a8af12392cc82d2b4887329488325a.php 第 162 行.
NOTIC: [8] Undefined index: mentNum C:\xampp\htdocs\aiston\Application\Runtime\Cache\Adminen4\d4a8af12392cc82d2b4887329488325a.php 第 162 行.
NOTIC: [8] Undefined index: mentNum C:\xampp\htdocs\aiston\Application\Runtime\Cache\Adminen4\d4a8af12392cc82d2b4887329488325a.php 第 162 行.
NOTIC: [8] Undefined index: mentNum C:\xampp\htdocs\aiston\Application\Runtime\Cache\Adminen4\d4a8af12392cc82d2b4887329488325a.php 第 162 行.
NOTIC: [8] Undefined index: mentNum C:\xampp\htdocs\aiston\Application\Runtime\Cache\Adminen4\d4a8af12392cc82d2b4887329488325a.php 第 162 行.
NOTIC: [8] Undefined index: mentNum C:\xampp\htdocs\aiston\Application\Runtime\Cache\Adminen4\d4a8af12392cc82d2b4887329488325a.php 第 162 行.
NOTIC: [8] Undefined index: mentNum C:\xampp\htdocs\aiston\Application\Runtime\Cache\Adminen4\d4a8af12392cc82d2b4887329488325a.php 第 162 行.
NOTIC: [8] Undefined index: mentNum C:\xampp\htdocs\aiston\Application\Runtime\Cache\Adminen4\d4a8af12392cc82d2b4887329488325a.php 第 162 行.
NOTIC: [8] Array to string conversion C:\xampp\htdocs\aiston\Application\Runtime\Cache\Adminen4\d4a8af12392cc82d2b4887329488325a.php 第 382 行.
INFO: Run Behavior\ParseTemplateBehavior [ RunTime:0.027005s ]
INFO: [ view_parse ] --END-- [ RunTime:0.027068s ]
INFO: [ view_filter ] --START--
INFO: Run Behavior\WriteHtmlCacheBehavior [ RunTime:0.000603s ]
INFO: [ view_filter ] --END-- [ RunTime:0.000652s ]
NOTIC: [8] Undefined index: show C:\xampp\htdocs\aiston\Application\Adminen4\Controller\ArticleController.class.php 第 82 行.
NOTIC: [8] Undefined index: id C:\xampp\htdocs\aiston\Application\Adminen4\Controller\ArticleController.class.php 第 83 行.
SQL: UPDATE `ast_articleen4` SET `art_isshow`='1' WHERE `art_id` = null [ RunTime:0.0003s ]
INFO: [ app_end ] --START--
INFO: Run Behavior\ShowPageTraceBehavior [ RunTime:0.001056s ]
INFO: [ app_end ] --END-- [ RunTime:0.001138s ]

[ 2016-04-09T21:43:05+08:00 ] ::1 /index.php/Adminen4/Article/index
INFO: [ app_init ] --START--
INFO: Run Behavior\BuildLiteBehavior [ RunTime:0.000019s ]
INFO: [ app_init ] --END-- [ RunTime:0.000640s ]
INFO: [ app_begin ] --START--
INFO: Run Behavior\ReadHtmlCacheBehavior [ RunTime:0.001328s ]
INFO: [ app_begin ] --END-- [ RunTime:0.001391s ]
SQL: SHOW COLUMNS FROM `ast_adminen4` [ RunTime:0.0046s ]
SQL: SELECT * FROM `ast_adminen4`  [ RunTime:0.0006s ]
SQL: SELECT * FROM `ast_adminen4` WHERE `admin_id` = 1 LIMIT 1   [ RunTime:0.0005s ]
SQL: SHOW COLUMNS FROM `ast_naven4` [ RunTime:0.0041s ]
SQL: SELECT * FROM `ast_naven4`  [ RunTime:0.0004s ]
SQL: SELECT COUNT(*) AS tp_count FROM `ast_adminen4` LIMIT 1   [ RunTime:0.0002s ]
NOTIC: [2] Missing argument 3 for getAdminPage(), called in C:\xampp\htdocs\aiston\Application\Adminen4\Controller\CommonController.class.php on line 51 and defined C:\xampp\htdocs\aiston\Application\Common\Common\function.php 第 3 行.
NOTIC: [8] Undefined variable: num C:\xampp\htdocs\aiston\Application\Common\Common\function.php 第 4 行.
SQL: SELECT * FROM `ast_adminen4` ORDER BY admin_id LIMIT 0,10   [ RunTime:0.0003s ]
SQL: SHOW COLUMNS FROM `ast_articleen4` [ RunTime:0.0040s ]
SQL: SHOW COLUMNS FROM `ast_artcateen4` [ RunTime:0.0039s ]
SQL: SELECT * FROM `ast_artcateen4` WHERE `cate_id` = 0 LIMIT 1   [ RunTime:0.0003s ]
SQL: SELECT * FROM `ast_artcateen4` WHERE `cate_id` = 0 LIMIT 1   [ RunTime:0.0002s ]
SQL: SELECT * FROM `ast_artcateen4` WHERE `cate_pid` = 0  [ RunTime:0.0003s ]
SQL: SELECT * FROM `ast_artcateen4` WHERE `cate_pid` = 0  [ RunTime:0.0003s ]
SQL: SELECT COUNT(*) AS tp_count FROM `ast_articleen4` LIMIT 1   [ RunTime:0.0002s ]
SQL: SELECT * FROM `ast_articleen4` INNER JOIN `ast_artcateen4` ON ast_articleen4.art_cateid = ast_artcateen4.cate_id  ORDER BY art_addtime DESC LIMIT 0,10   [ RunTime:0.0042s ]
SQL: SHOW COLUMNS FROM `ast_artcommenten4` [ RunTime:0.0037s ]
SQL: SELECT * FROM `ast_artcommenten4`  [ RunTime:0.0002s ]
INFO: [ view_parse ] --START--
INFO: [ template_filter ] --START--
INFO: Run Behavior\ContentReplaceBehavior [ RunTime:0.000451s ]
INFO: [ template_filter ] --END-- [ RunTime:0.000517s ]
NOTIC: [8] Undefined index: mentNum C:\xampp\htdocs\aiston\Application\Runtime\Cache\Adminen4\d4a8af12392cc82d2b4887329488325a.php 第 162 行.
NOTIC: [8] Undefined index: mentNum C:\xampp\htdocs\aiston\Application\Runtime\Cache\Adminen4\d4a8af12392cc82d2b4887329488325a.php 第 162 行.
NOTIC: [8] Undefined index: mentNum C:\xampp\htdocs\aiston\Application\Runtime\Cache\Adminen4\d4a8af12392cc82d2b4887329488325a.php 第 162 行.
NOTIC: [8] Undefined index: mentNum C:\xampp\htdocs\aiston\Application\Runtime\Cache\Adminen4\d4a8af12392cc82d2b4887329488325a.php 第 162 行.
NOTIC: [8] Undefined index: mentNum C:\xampp\htdocs\aiston\Application\Runtime\Cache\Adminen4\d4a8af12392cc82d2b4887329488325a.php 第 162 行.
NOTIC: [8] Undefined index: mentNum C:\xampp\htdocs\aiston\Application\Runtime\Cache\Adminen4\d4a8af12392cc82d2b4887329488325a.php 第 162 行.
NOTIC: [8] Undefined index: mentNum C:\xampp\htdocs\aiston\Application\Runtime\Cache\Adminen4\d4a8af12392cc82d2b4887329488325a.php 第 162 行.
NOTIC: [8] Undefined index: mentNum C:\xampp\htdocs\aiston\Application\Runtime\Cache\Adminen4\d4a8af12392cc82d2b4887329488325a.php 第 162 行.
NOTIC: [8] Array to string conversion C:\xampp\htdocs\aiston\Application\Runtime\Cache\Adminen4\d4a8af12392cc82d2b4887329488325a.php 第 382 行.
INFO: Run Behavior\ParseTemplateBehavior [ RunTime:0.030495s ]
INFO: [ view_parse ] --END-- [ RunTime:0.030572s ]
INFO: [ view_filter ] --START--
INFO: Run Behavior\WriteHtmlCacheBehavior [ RunTime:0.001528s ]
INFO: [ view_filter ] --END-- [ RunTime:0.001597s ]
NOTIC: [8] Undefined index: show C:\xampp\htdocs\aiston\Application\Adminen4\Controller\ArticleController.class.php 第 82 行.
NOTIC: [8] Undefined index: id C:\xampp\htdocs\aiston\Application\Adminen4\Controller\ArticleController.class.php 第 83 行.
SQL: UPDATE `ast_articleen4` SET `art_isshow`='1' WHERE `art_id` = null [ RunTime:0.0005s ]
INFO: [ app_end ] --START--
INFO: Run Behavior\ShowPageTraceBehavior [ RunTime:0.002268s ]
INFO: [ app_end ] --END-- [ RunTime:0.002391s ]

[ 2016-04-09T21:43:14+08:00 ] ::1 /index.php/Adminen4/Article/index
INFO: [ app_init ] --START--
INFO: Run Behavior\BuildLiteBehavior [ RunTime:0.000016s ]
INFO: [ app_init ] --END-- [ RunTime:0.000590s ]
INFO: [ app_begin ] --START--
INFO: Run Behavior\ReadHtmlCacheBehavior [ RunTime:0.001123s ]
INFO: [ app_begin ] --END-- [ RunTime:0.001198s ]
SQL: SHOW COLUMNS FROM `ast_adminen4` [ RunTime:0.0042s ]
SQL: SELECT * FROM `ast_adminen4`  [ RunTime:0.0003s ]
SQL: SELECT * FROM `ast_adminen4` WHERE `admin_id` = 1 LIMIT 1   [ RunTime:0.0003s ]
SQL: SHOW COLUMNS FROM `ast_naven4` [ RunTime:0.0037s ]
SQL: SELECT * FROM `ast_naven4`  [ RunTime:0.0004s ]
SQL: SELECT COUNT(*) AS tp_count FROM `ast_adminen4` LIMIT 1   [ RunTime:0.0002s ]
NOTIC: [2] Missing argument 3 for getAdminPage(), called in C:\xampp\htdocs\aiston\Application\Adminen4\Controller\CommonController.class.php on line 51 and defined C:\xampp\htdocs\aiston\Application\Common\Common\function.php 第 3 行.
NOTIC: [8] Undefined variable: num C:\xampp\htdocs\aiston\Application\Common\Common\function.php 第 4 行.
SQL: SELECT * FROM `ast_adminen4` ORDER BY admin_id LIMIT 0,10   [ RunTime:0.0003s ]
SQL: SHOW COLUMNS FROM `ast_articleen4` [ RunTime:0.0052s ]
SQL: SHOW COLUMNS FROM `ast_artcateen4` [ RunTime:0.0040s ]
SQL: SELECT * FROM `ast_artcateen4` WHERE `cate_id` = 0 LIMIT 1   [ RunTime:0.0003s ]
SQL: SELECT * FROM `ast_artcateen4` WHERE `cate_id` = 0 LIMIT 1   [ RunTime:0.0002s ]
SQL: SELECT * FROM `ast_artcateen4` WHERE `cate_pid` = 0  [ RunTime:0.0003s ]
SQL: SELECT * FROM `ast_artcateen4` WHERE `cate_pid` = 0  [ RunTime:0.0003s ]
SQL: SELECT COUNT(*) AS tp_count FROM `ast_articleen4` LIMIT 1   [ RunTime:0.0002s ]
SQL: SELECT * FROM `ast_articleen4` INNER JOIN `ast_artcateen4` ON ast_articleen4.art_cateid = ast_artcateen4.cate_id  ORDER BY art_addtime DESC LIMIT 0,10   [ RunTime:0.0041s ]
SQL: SHOW COLUMNS FROM `ast_artcommenten4` [ RunTime:0.0036s ]
SQL: SELECT * FROM `ast_artcommenten4`  [ RunTime:0.0002s ]
INFO: [ view_parse ] --START--
INFO: [ template_filter ] --START--
INFO: Run Behavior\ContentReplaceBehavior [ RunTime:0.000460s ]
INFO: [ template_filter ] --END-- [ RunTime:0.000527s ]
NOTIC: [8] Undefined index: mentNum C:\xampp\htdocs\aiston\Application\Runtime\Cache\Adminen4\d4a8af12392cc82d2b4887329488325a.php 第 162 行.
NOTIC: [8] Undefined index: mentNum C:\xampp\htdocs\aiston\Application\Runtime\Cache\Adminen4\d4a8af12392cc82d2b4887329488325a.php 第 162 行.
NOTIC: [8] Undefined index: mentNum C:\xampp\htdocs\aiston\Application\Runtime\Cache\Adminen4\d4a8af12392cc82d2b4887329488325a.php 第 162 行.
NOTIC: [8] Undefined index: mentNum C:\xampp\htdocs\aiston\Application\Runtime\Cache\Adminen4\d4a8af12392cc82d2b4887329488325a.php 第 162 行.
NOTIC: [8] Undefined index: mentNum C:\xampp\htdocs\aiston\Application\Runtime\Cache\Adminen4\d4a8af12392cc82d2b4887329488325a.php 第 162 行.
NOTIC: [8] Undefined index: mentNum C:\xampp\htdocs\aiston\Application\Runtime\Cache\Adminen4\d4a8af12392cc82d2b4887329488325a.php 第 162 行.
NOTIC: [8] Undefined index: mentNum C:\xampp\htdocs\aiston\Application\Runtime\Cache\Adminen4\d4a8af12392cc82d2b4887329488325a.php 第 162 行.
NOTIC: [8] Undefined index: mentNum C:\xampp\htdocs\aiston\Application\Runtime\Cache\Adminen4\d4a8af12392cc82d2b4887329488325a.php 第 162 行.
NOTIC: [8] Array to string conversion C:\xampp\htdocs\aiston\Application\Runtime\Cache\Adminen4\d4a8af12392cc82d2b4887329488325a.php 第 382 行.
INFO: Run Behavior\ParseTemplateBehavior [ RunTime:0.029625s ]
INFO: [ view_parse ] --END-- [ RunTime:0.029685s ]
INFO: [ view_filter ] --START--
INFO: Run Behavior\WriteHtmlCacheBehavior [ RunTime:0.000931s ]
INFO: [ view_filter ] --END-- [ RunTime:0.000983s ]
NOTIC: [8] Undefined index: show C:\xampp\htdocs\aiston\Application\Adminen4\Controller\ArticleController.class.php 第 82 行.
NOTIC: [8] Undefined index: id C:\xampp\htdocs\aiston\Application\Adminen4\Controller\ArticleController.class.php 第 83 行.
SQL: UPDATE `ast_articleen4` SET `art_isshow`='1' WHERE `art_id` = null [ RunTime:0.0003s ]
INFO: [ app_end ] --START--
INFO: Run Behavior\ShowPageTraceBehavior [ RunTime:0.001971s ]
INFO: [ app_end ] --END-- [ RunTime:0.002075s ]

