[ 2016-03-22T15:14:47+08:00 ] ::1 /index.php/Adminen4/Invest/index
INFO: [ app_init ] --START--
INFO: Run Behavior\BuildLiteBehavior [ RunTime:0.000018s ]
INFO: [ app_init ] --END-- [ RunTime:0.000704s ]
INFO: [ app_begin ] --START--
INFO: Run Behavior\ReadHtmlCacheBehavior [ RunTime:0.001494s ]
INFO: [ app_begin ] --END-- [ RunTime:0.001578s ]
SQL: SHOW COLUMNS FROM `ast_adminen4` [ RunTime:0.0055s ]
SQL: SELECT * FROM `ast_adminen4`  [ RunTime:0.0004s ]
SQL: SELECT * FROM `ast_adminen4` WHERE `admin_id` = 1 LIMIT 1   [ RunTime:0.0003s ]
ERR: 1146:Table 'di.ast_naven4' doesn't exist
 [ SQL语句 ] : SHOW COLUMNS FROM `ast_naven4`
ERR: 1146:Table 'di.ast_naven4' doesn't exist
 [ SQL语句 ] : SHOW COLUMNS FROM `ast_naven4`

[ 2016-03-22T15:33:45+08:00 ] ::1 /index.php/Adminen4/Invest/index
INFO: [ app_init ] --START--
INFO: Run Behavior\BuildLiteBehavior [ RunTime:0.000023s ]
INFO: [ app_init ] --END-- [ RunTime:0.000991s ]
INFO: [ app_begin ] --START--
INFO: Run Behavior\ReadHtmlCacheBehavior [ RunTime:0.001260s ]
INFO: [ app_begin ] --END-- [ RunTime:0.001348s ]
SQL: SHOW COLUMNS FROM `ast_adminen4` [ RunTime:0.0044s ]
SQL: SELECT * FROM `ast_adminen4`  [ RunTime:0.0004s ]
SQL: SELECT * FROM `ast_adminen4` WHERE `admin_id` = 1 LIMIT 1   [ RunTime:0.0003s ]
ERR: 1146:Table 'di.ast_naven4' doesn't exist
 [ SQL语句 ] : SHOW COLUMNS FROM `ast_naven4`
ERR: 1146:Table 'di.ast_naven4' doesn't exist
 [ SQL语句 ] : SHOW COLUMNS FROM `ast_naven4`

[ 2016-03-22T15:34:55+08:00 ] ::1 /index.php/Adminen4/Invest/index
INFO: [ app_init ] --START--
INFO: Run Behavior\BuildLiteBehavior [ RunTime:0.000019s ]
INFO: [ app_init ] --END-- [ RunTime:0.000600s ]
INFO: [ app_begin ] --START--
INFO: Run Behavior\ReadHtmlCacheBehavior [ RunTime:0.001340s ]
INFO: [ app_begin ] --END-- [ RunTime:0.001437s ]
SQL: SHOW COLUMNS FROM `ast_adminen4` [ RunTime:0.0038s ]
SQL: SELECT * FROM `ast_adminen4`  [ RunTime:0.0003s ]
SQL: SELECT * FROM `ast_adminen4` WHERE `admin_id` = 1 LIMIT 1   [ RunTime:0.0003s ]
SQL: SHOW COLUMNS FROM `ast_naven4` [ RunTime:0.0035s ]
SQL: SELECT * FROM `ast_naven4`  [ RunTime:0.0009s ]
SQL: SELECT COUNT(*) AS tp_count FROM `ast_adminen4` LIMIT 1   [ RunTime:0.0003s ]
NOTIC: [2] Missing argument 3 for getAdminPage(), called in C:\xampp\htdocs\aiston\Application\Adminen4\Controller\CommonController.class.php on line 51 and defined C:\xampp\htdocs\aiston\Application\Common\Common\function.php 第 3 行.
NOTIC: [8] Undefined variable: num C:\xampp\htdocs\aiston\Application\Common\Common\function.php 第 4 行.
SQL: SELECT * FROM `ast_adminen4` ORDER BY admin_id LIMIT 0,10   [ RunTime:0.0009s ]
SQL: SHOW COLUMNS FROM `ast_investen4` [ RunTime:0.0060s ]
SQL: SELECT * FROM `ast_investen4`  [ RunTime:0.0008s ]
INFO: [ view_parse ] --START--
INFO: [ template_filter ] --START--
INFO: Run Behavior\ContentReplaceBehavior [ RunTime:0.000819s ]
INFO: [ template_filter ] --END-- [ RunTime:0.000910s ]
NOTIC: [8] Undefined variable: cid C:\xampp\htdocs\aiston\Application\Runtime\Cache\Adminen4\cb9d72e85f7084725db926b028990eda.php 第 121 行.
NOTIC: [8] Undefined variable: acate C:\xampp\htdocs\aiston\Application\Runtime\Cache\Adminen4\cb9d72e85f7084725db926b028990eda.php 第 124 行.
NOTIC: [8] Undefined variable: cid C:\xampp\htdocs\aiston\Application\Runtime\Cache\Adminen4\cb9d72e85f7084725db926b028990eda.php 第 128 行.
NOTIC: [8] Undefined index: art_isshow C:\xampp\htdocs\aiston\Application\Runtime\Cache\Adminen4\cb9d72e85f7084725db926b028990eda.php 第 149 行.
NOTIC: [8] Undefined index: art_order C:\xampp\htdocs\aiston\Application\Runtime\Cache\Adminen4\cb9d72e85f7084725db926b028990eda.php 第 153 行.
NOTIC: [8] Undefined index: art_id C:\xampp\htdocs\aiston\Application\Runtime\Cache\Adminen4\cb9d72e85f7084725db926b028990eda.php 第 153 行.
NOTIC: [8] Undefined index: art_isshow C:\xampp\htdocs\aiston\Application\Runtime\Cache\Adminen4\cb9d72e85f7084725db926b028990eda.php 第 149 行.
NOTIC: [8] Undefined index: art_order C:\xampp\htdocs\aiston\Application\Runtime\Cache\Adminen4\cb9d72e85f7084725db926b028990eda.php 第 153 行.
NOTIC: [8] Undefined index: art_id C:\xampp\htdocs\aiston\Application\Runtime\Cache\Adminen4\cb9d72e85f7084725db926b028990eda.php 第 153 行.
NOTIC: [8] Undefined index: art_isshow C:\xampp\htdocs\aiston\Application\Runtime\Cache\Adminen4\cb9d72e85f7084725db926b028990eda.php 第 149 行.
NOTIC: [8] Undefined index: art_order C:\xampp\htdocs\aiston\Application\Runtime\Cache\Adminen4\cb9d72e85f7084725db926b028990eda.php 第 153 行.
NOTIC: [8] Undefined index: art_id C:\xampp\htdocs\aiston\Application\Runtime\Cache\Adminen4\cb9d72e85f7084725db926b028990eda.php 第 153 行.
NOTIC: [8] Undefined index: art_isshow C:\xampp\htdocs\aiston\Application\Runtime\Cache\Adminen4\cb9d72e85f7084725db926b028990eda.php 第 149 行.
NOTIC: [8] Undefined index: art_order C:\xampp\htdocs\aiston\Application\Runtime\Cache\Adminen4\cb9d72e85f7084725db926b028990eda.php 第 153 行.
NOTIC: [8] Undefined index: art_id C:\xampp\htdocs\aiston\Application\Runtime\Cache\Adminen4\cb9d72e85f7084725db926b028990eda.php 第 153 行.
NOTIC: [8] Undefined index: art_isshow C:\xampp\htdocs\aiston\Application\Runtime\Cache\Adminen4\cb9d72e85f7084725db926b028990eda.php 第 149 行.
NOTIC: [8] Undefined index: art_order C:\xampp\htdocs\aiston\Application\Runtime\Cache\Adminen4\cb9d72e85f7084725db926b028990eda.php 第 153 行.
NOTIC: [8] Undefined index: art_id C:\xampp\htdocs\aiston\Application\Runtime\Cache\Adminen4\cb9d72e85f7084725db926b028990eda.php 第 153 行.
NOTIC: [8] Undefined index: art_isshow C:\xampp\htdocs\aiston\Application\Runtime\Cache\Adminen4\cb9d72e85f7084725db926b028990eda.php 第 149 行.
NOTIC: [8] Undefined index: art_order C:\xampp\htdocs\aiston\Application\Runtime\Cache\Adminen4\cb9d72e85f7084725db926b028990eda.php 第 153 行.
NOTIC: [8] Undefined index: art_id C:\xampp\htdocs\aiston\Application\Runtime\Cache\Adminen4\cb9d72e85f7084725db926b028990eda.php 第 153 行.
NOTIC: [8] Undefined index: art_isshow C:\xampp\htdocs\aiston\Application\Runtime\Cache\Adminen4\cb9d72e85f7084725db926b028990eda.php 第 149 行.
NOTIC: [8] Undefined index: art_order C:\xampp\htdocs\aiston\Application\Runtime\Cache\Adminen4\cb9d72e85f7084725db926b028990eda.php 第 153 行.
NOTIC: [8] Undefined index: art_id C:\xampp\htdocs\aiston\Application\Runtime\Cache\Adminen4\cb9d72e85f7084725db926b028990eda.php 第 153 行.
NOTIC: [8] Undefined index: art_isshow C:\xampp\htdocs\aiston\Application\Runtime\Cache\Adminen4\cb9d72e85f7084725db926b028990eda.php 第 149 行.
NOTIC: [8] Undefined index: art_order C:\xampp\htdocs\aiston\Application\Runtime\Cache\Adminen4\cb9d72e85f7084725db926b028990eda.php 第 153 行.
NOTIC: [8] Undefined index: art_id C:\xampp\htdocs\aiston\Application\Runtime\Cache\Adminen4\cb9d72e85f7084725db926b028990eda.php 第 153 行.
NOTIC: [8] Undefined variable: show C:\xampp\htdocs\aiston\Application\Runtime\Cache\Adminen4\cb9d72e85f7084725db926b028990eda.php 第 160 行.
NOTIC: [8] Array to string conversion C:\xampp\htdocs\aiston\Application\Runtime\Cache\Adminen4\cb9d72e85f7084725db926b028990eda.php 第 371 行.
NOTIC: [8] Undefined variable: url C:\xampp\htdocs\aiston\Application\Runtime\Cache\Adminen4\cb9d72e85f7084725db926b028990eda.php 第 600 行.
NOTIC: [8] Undefined variable: url C:\xampp\htdocs\aiston\Application\Runtime\Cache\Adminen4\cb9d72e85f7084725db926b028990eda.php 第 603 行.
INFO: Run Behavior\ParseTemplateBehavior [ RunTime:0.031984s ]
INFO: [ view_parse ] --END-- [ RunTime:0.032056s ]
INFO: [ view_filter ] --START--
INFO: Run Behavior\WriteHtmlCacheBehavior [ RunTime:0.000917s ]
INFO: [ view_filter ] --END-- [ RunTime:0.000971s ]
INFO: [ app_end ] --START--
INFO: Run Behavior\ShowPageTraceBehavior [ RunTime:0.002618s ]
INFO: [ app_end ] --END-- [ RunTime:0.002720s ]

[ 2016-03-22T15:35:00+08:00 ] ::1 /index.php/Adminen4/Article/index
INFO: [ app_init ] --START--
INFO: Run Behavior\BuildLiteBehavior [ RunTime:0.000019s ]
INFO: [ app_init ] --END-- [ RunTime:0.000606s ]
INFO: [ app_begin ] --START--
INFO: Run Behavior\ReadHtmlCacheBehavior [ RunTime:0.001739s ]
INFO: [ app_begin ] --END-- [ RunTime:0.001911s ]
SQL: SHOW COLUMNS FROM `ast_adminen4` [ RunTime:0.0052s ]
SQL: SELECT * FROM `ast_adminen4`  [ RunTime:0.0005s ]
SQL: SELECT * FROM `ast_adminen4` WHERE `admin_id` = 1 LIMIT 1   [ RunTime:0.0006s ]
SQL: SHOW COLUMNS FROM `ast_naven4` [ RunTime:0.0040s ]
SQL: SELECT * FROM `ast_naven4`  [ RunTime:0.0004s ]
SQL: SELECT COUNT(*) AS tp_count FROM `ast_adminen4` LIMIT 1   [ RunTime:0.0002s ]
NOTIC: [2] Missing argument 3 for getAdminPage(), called in C:\xampp\htdocs\aiston\Application\Adminen4\Controller\CommonController.class.php on line 51 and defined C:\xampp\htdocs\aiston\Application\Common\Common\function.php 第 3 行.
NOTIC: [8] Undefined variable: num C:\xampp\htdocs\aiston\Application\Common\Common\function.php 第 4 行.
SQL: SELECT * FROM `ast_adminen4` ORDER BY admin_id LIMIT 0,10   [ RunTime:0.0005s ]
SQL: SHOW COLUMNS FROM `ast_articleen4` [ RunTime:0.0039s ]
SQL: SHOW COLUMNS FROM `ast_artcateen4` [ RunTime:0.0034s ]
SQL: SELECT * FROM `ast_artcateen4` WHERE `cate_id` = 0 LIMIT 1   [ RunTime:0.0003s ]
SQL: SELECT * FROM `ast_artcateen4` WHERE `cate_id` = 0 LIMIT 1   [ RunTime:0.0002s ]
SQL: SELECT * FROM `ast_artcateen4` WHERE `cate_pid` = 0  [ RunTime:0.0003s ]
SQL: SELECT * FROM `ast_artcateen4` WHERE `cate_pid` = 0  [ RunTime:0.0003s ]
SQL: SELECT COUNT(*) AS tp_count FROM `ast_articleen4` LIMIT 1   [ RunTime:0.0002s ]
SQL: SELECT * FROM `ast_articleen4` INNER JOIN `ast_artcateen4` ON ast_articleen4.art_cateid = ast_artcateen4.cate_id  ORDER BY art_addtime DESC LIMIT 0,10   [ RunTime:0.0043s ]
SQL: SHOW COLUMNS FROM `ast_artcommenten4` [ RunTime:0.0042s ]
SQL: SELECT * FROM `ast_artcommenten4`  [ RunTime:0.0003s ]
INFO: [ view_parse ] --START--
INFO: [ template_filter ] --START--
INFO: Run Behavior\ContentReplaceBehavior [ RunTime:0.000464s ]
INFO: [ template_filter ] --END-- [ RunTime:0.000533s ]
NOTIC: [8] Undefined index: mentNum C:\xampp\htdocs\aiston\Application\Runtime\Cache\Adminen4\d4a8af12392cc82d2b4887329488325a.php 第 162 行.
NOTIC: [8] Undefined index: mentNum C:\xampp\htdocs\aiston\Application\Runtime\Cache\Adminen4\d4a8af12392cc82d2b4887329488325a.php 第 162 行.
NOTIC: [8] Undefined index: mentNum C:\xampp\htdocs\aiston\Application\Runtime\Cache\Adminen4\d4a8af12392cc82d2b4887329488325a.php 第 162 行.
NOTIC: [8] Undefined index: mentNum C:\xampp\htdocs\aiston\Application\Runtime\Cache\Adminen4\d4a8af12392cc82d2b4887329488325a.php 第 162 行.
NOTIC: [8] Undefined index: mentNum C:\xampp\htdocs\aiston\Application\Runtime\Cache\Adminen4\d4a8af12392cc82d2b4887329488325a.php 第 162 行.
NOTIC: [8] Undefined index: mentNum C:\xampp\htdocs\aiston\Application\Runtime\Cache\Adminen4\d4a8af12392cc82d2b4887329488325a.php 第 162 行.
NOTIC: [8] Undefined index: mentNum C:\xampp\htdocs\aiston\Application\Runtime\Cache\Adminen4\d4a8af12392cc82d2b4887329488325a.php 第 162 行.
NOTIC: [8] Undefined index: mentNum C:\xampp\htdocs\aiston\Application\Runtime\Cache\Adminen4\d4a8af12392cc82d2b4887329488325a.php 第 162 行.
NOTIC: [8] Array to string conversion C:\xampp\htdocs\aiston\Application\Runtime\Cache\Adminen4\d4a8af12392cc82d2b4887329488325a.php 第 382 行.
INFO: Run Behavior\ParseTemplateBehavior [ RunTime:0.031336s ]
INFO: [ view_parse ] --END-- [ RunTime:0.031426s ]
INFO: [ view_filter ] --START--
INFO: Run Behavior\WriteHtmlCacheBehavior [ RunTime:0.001438s ]
INFO: [ view_filter ] --END-- [ RunTime:0.001499s ]
NOTIC: [8] Undefined index: show C:\xampp\htdocs\aiston\Application\Adminen4\Controller\ArticleController.class.php 第 82 行.
NOTIC: [8] Undefined index: id C:\xampp\htdocs\aiston\Application\Adminen4\Controller\ArticleController.class.php 第 83 行.
SQL: UPDATE `ast_articleen4` SET `art_isshow`='1' WHERE `art_id` = null [ RunTime:0.0003s ]
INFO: [ app_end ] --START--
INFO: Run Behavior\ShowPageTraceBehavior [ RunTime:0.002521s ]
INFO: [ app_end ] --END-- [ RunTime:0.002625s ]

[ 2016-03-22T15:35:02+08:00 ] ::1 /index.php/Adminen4/Article/add
INFO: [ app_init ] --START--
INFO: Run Behavior\BuildLiteBehavior [ RunTime:0.000019s ]
INFO: [ app_init ] --END-- [ RunTime:0.000633s ]
INFO: [ app_begin ] --START--
INFO: Run Behavior\ReadHtmlCacheBehavior [ RunTime:0.001932s ]
INFO: [ app_begin ] --END-- [ RunTime:0.002039s ]
SQL: SHOW COLUMNS FROM `ast_adminen4` [ RunTime:0.0058s ]
SQL: SELECT * FROM `ast_adminen4`  [ RunTime:0.0004s ]
SQL: SELECT * FROM `ast_adminen4` WHERE `admin_id` = 1 LIMIT 1   [ RunTime:0.0004s ]
SQL: SHOW COLUMNS FROM `ast_naven4` [ RunTime:0.0054s ]
SQL: SELECT * FROM `ast_naven4`  [ RunTime:0.0006s ]
SQL: SELECT COUNT(*) AS tp_count FROM `ast_adminen4` LIMIT 1   [ RunTime:0.0003s ]
NOTIC: [2] Missing argument 3 for getAdminPage(), called in C:\xampp\htdocs\aiston\Application\Adminen4\Controller\CommonController.class.php on line 51 and defined C:\xampp\htdocs\aiston\Application\Common\Common\function.php 第 3 行.
NOTIC: [8] Undefined variable: num C:\xampp\htdocs\aiston\Application\Common\Common\function.php 第 4 行.
SQL: SELECT * FROM `ast_adminen4` ORDER BY admin_id LIMIT 0,10   [ RunTime:0.0005s ]
SQL: SHOW COLUMNS FROM `ast_artcateen4` [ RunTime:0.0054s ]
SQL: SHOW COLUMNS FROM `ast_articleen4` [ RunTime:0.0050s ]
SQL: SELECT * FROM `ast_artcateen4` WHERE `cate_pid` = 0 ORDER BY cate_id ASC  [ RunTime:0.0004s ]
SQL: SELECT `art_order` FROM `ast_articleen4` ORDER BY art_order DESC LIMIT 1   [ RunTime:0.0003s ]
INFO: [ view_parse ] --START--
INFO: [ template_filter ] --START--
INFO: Run Behavior\ContentReplaceBehavior [ RunTime:0.000567s ]
INFO: [ template_filter ] --END-- [ RunTime:0.000654s ]
NOTIC: [8] Undefined variable: htmlData C:\xampp\htdocs\aiston\Application\Runtime\Cache\Adminen4\85b263c4e0d0b006b227d5cacb307a87.php 第 144 行.
NOTIC: [8] Undefined variable: htmlData C:\xampp\htdocs\aiston\Application\Runtime\Cache\Adminen4\85b263c4e0d0b006b227d5cacb307a87.php 第 144 行.
NOTIC: [8] Array to string conversion C:\xampp\htdocs\aiston\Application\Runtime\Cache\Adminen4\85b263c4e0d0b006b227d5cacb307a87.php 第 319 行.
NOTIC: [8] Undefined variable: url C:\xampp\htdocs\aiston\Application\Runtime\Cache\Adminen4\85b263c4e0d0b006b227d5cacb307a87.php 第 548 行.
NOTIC: [8] Undefined variable: url C:\xampp\htdocs\aiston\Application\Runtime\Cache\Adminen4\85b263c4e0d0b006b227d5cacb307a87.php 第 551 行.
INFO: Run Behavior\ParseTemplateBehavior [ RunTime:0.034567s ]
INFO: [ view_parse ] --END-- [ RunTime:0.034648s ]
INFO: [ view_filter ] --START--
INFO: Run Behavior\WriteHtmlCacheBehavior [ RunTime:0.001249s ]
INFO: [ view_filter ] --END-- [ RunTime:0.001304s ]
INFO: [ app_end ] --START--
INFO: Run Behavior\ShowPageTraceBehavior [ RunTime:0.002320s ]
INFO: [ app_end ] --END-- [ RunTime:0.002419s ]

[ 2016-03-22T15:35:04+08:00 ] ::1 /index.php/Adminen4/Article/sort
INFO: [ app_init ] --START--
INFO: Run Behavior\BuildLiteBehavior [ RunTime:0.000017s ]
INFO: [ app_init ] --END-- [ RunTime:0.000578s ]
INFO: [ app_begin ] --START--
INFO: Run Behavior\ReadHtmlCacheBehavior [ RunTime:0.001515s ]
INFO: [ app_begin ] --END-- [ RunTime:0.001605s ]
SQL: SHOW COLUMNS FROM `ast_adminen4` [ RunTime:0.0038s ]
SQL: SELECT * FROM `ast_adminen4`  [ RunTime:0.0005s ]
SQL: SELECT * FROM `ast_adminen4` WHERE `admin_id` = 1 LIMIT 1   [ RunTime:0.0004s ]
SQL: SHOW COLUMNS FROM `ast_naven4` [ RunTime:0.0038s ]
SQL: SELECT * FROM `ast_naven4`  [ RunTime:0.0004s ]
SQL: SELECT COUNT(*) AS tp_count FROM `ast_adminen4` LIMIT 1   [ RunTime:0.0002s ]
NOTIC: [2] Missing argument 3 for getAdminPage(), called in C:\xampp\htdocs\aiston\Application\Adminen4\Controller\CommonController.class.php on line 51 and defined C:\xampp\htdocs\aiston\Application\Common\Common\function.php 第 3 行.
NOTIC: [8] Undefined variable: num C:\xampp\htdocs\aiston\Application\Common\Common\function.php 第 4 行.
SQL: SELECT * FROM `ast_adminen4` ORDER BY admin_id LIMIT 0,10   [ RunTime:0.0004s ]
SQL: SHOW COLUMNS FROM `ast_artcateen4` [ RunTime:0.0044s ]
SQL: SELECT * FROM `ast_artcateen4` ORDER BY cate_order ASC  [ RunTime:0.0003s ]
INFO: [ view_parse ] --START--
INFO: [ template_filter ] --START--
INFO: Run Behavior\ContentReplaceBehavior [ RunTime:0.001005s ]
INFO: [ template_filter ] --END-- [ RunTime:0.001096s ]
NOTIC: [8] Undefined index: sid C:\xampp\htdocs\aiston\Application\Runtime\Cache\Adminen4\5f1f5690db9652df23aea62f86f9759f.php 第 136 行.
NOTIC: [8] Undefined index: sid C:\xampp\htdocs\aiston\Application\Runtime\Cache\Adminen4\5f1f5690db9652df23aea62f86f9759f.php 第 136 行.
NOTIC: [8] Undefined index: sid C:\xampp\htdocs\aiston\Application\Runtime\Cache\Adminen4\5f1f5690db9652df23aea62f86f9759f.php 第 136 行.
NOTIC: [8] Undefined index: sid C:\xampp\htdocs\aiston\Application\Runtime\Cache\Adminen4\5f1f5690db9652df23aea62f86f9759f.php 第 136 行.
NOTIC: [8] Undefined index: sid C:\xampp\htdocs\aiston\Application\Runtime\Cache\Adminen4\5f1f5690db9652df23aea62f86f9759f.php 第 136 行.
NOTIC: [8] Array to string conversion C:\xampp\htdocs\aiston\Application\Runtime\Cache\Adminen4\5f1f5690db9652df23aea62f86f9759f.php 第 499 行.
NOTIC: [8] Undefined variable: url C:\xampp\htdocs\aiston\Application\Runtime\Cache\Adminen4\5f1f5690db9652df23aea62f86f9759f.php 第 728 行.
NOTIC: [8] Undefined variable: url C:\xampp\htdocs\aiston\Application\Runtime\Cache\Adminen4\5f1f5690db9652df23aea62f86f9759f.php 第 731 行.
INFO: Run Behavior\ParseTemplateBehavior [ RunTime:0.031525s ]
INFO: [ view_parse ] --END-- [ RunTime:0.031593s ]
INFO: [ view_filter ] --START--
INFO: Run Behavior\WriteHtmlCacheBehavior [ RunTime:0.001718s ]
INFO: [ view_filter ] --END-- [ RunTime:0.001784s ]
INFO: [ app_end ] --START--
INFO: Run Behavior\ShowPageTraceBehavior [ RunTime:0.001976s ]
INFO: [ app_end ] --END-- [ RunTime:0.002108s ]

[ 2016-03-22T15:35:06+08:00 ] ::1 /index.php/Adminen4/Product/index
INFO: [ app_init ] --START--
INFO: Run Behavior\BuildLiteBehavior [ RunTime:0.000017s ]
INFO: [ app_init ] --END-- [ RunTime:0.000617s ]
INFO: [ app_begin ] --START--
INFO: Run Behavior\ReadHtmlCacheBehavior [ RunTime:0.001773s ]
INFO: [ app_begin ] --END-- [ RunTime:0.001859s ]
SQL: SHOW COLUMNS FROM `ast_adminen4` [ RunTime:0.0039s ]
SQL: SELECT * FROM `ast_adminen4`  [ RunTime:0.0004s ]
SQL: SELECT * FROM `ast_adminen4` WHERE `admin_id` = 1 LIMIT 1   [ RunTime:0.0003s ]
SQL: SHOW COLUMNS FROM `ast_naven4` [ RunTime:0.0044s ]
SQL: SELECT * FROM `ast_naven4`  [ RunTime:0.0004s ]
SQL: SELECT COUNT(*) AS tp_count FROM `ast_adminen4` LIMIT 1   [ RunTime:0.0003s ]
NOTIC: [2] Missing argument 3 for getAdminPage(), called in C:\xampp\htdocs\aiston\Application\Adminen4\Controller\CommonController.class.php on line 51 and defined C:\xampp\htdocs\aiston\Application\Common\Common\function.php 第 3 行.
NOTIC: [8] Undefined variable: num C:\xampp\htdocs\aiston\Application\Common\Common\function.php 第 4 行.
SQL: SELECT * FROM `ast_adminen4` ORDER BY admin_id LIMIT 0,10   [ RunTime:0.0004s ]
SQL: SHOW COLUMNS FROM `ast_producten4` [ RunTime:0.0048s ]
SQL: SHOW COLUMNS FROM `ast_procateen4` [ RunTime:0.0036s ]
SQL: SELECT * FROM `ast_procateen4` WHERE `cate_id` = 0 LIMIT 1   [ RunTime:0.0003s ]
SQL: SELECT * FROM `ast_procateen4` WHERE `cate_id` = 0 LIMIT 1   [ RunTime:0.0002s ]
SQL: SELECT * FROM `ast_procateen4` WHERE `cate_pid` = 0  [ RunTime:0.0003s ]
SQL: SELECT * FROM `ast_procateen4` WHERE `cate_pid` = 0  [ RunTime:0.0002s ]
SQL: SELECT COUNT(*) AS tp_count FROM `ast_producten4` LIMIT 1   [ RunTime:0.0002s ]
SQL: SELECT * FROM `ast_producten4` INNER JOIN `ast_Procateen4` ON ast_Producten4.pro_cate_id = ast_Procateen4.cate_id  ORDER BY pro_addtime DESC LIMIT 0,10   [ RunTime:0.0047s ]
SQL: SHOW COLUMNS FROM `ast_procommenten3` [ RunTime:0.0037s ]
SQL: SELECT * FROM `ast_procommenten3`  [ RunTime:0.0002s ]
INFO: [ view_parse ] --START--
INFO: [ template_filter ] --START--
INFO: Run Behavior\ContentReplaceBehavior [ RunTime:0.000471s ]
INFO: [ template_filter ] --END-- [ RunTime:0.000544s ]
NOTIC: [8] Undefined index: mentNum C:\xampp\htdocs\aiston\Application\Runtime\Cache\Adminen4\47891217f2848868f20a32c5a0a0338e.php 第 159 行.
NOTIC: [8] Undefined index: mentNum C:\xampp\htdocs\aiston\Application\Runtime\Cache\Adminen4\47891217f2848868f20a32c5a0a0338e.php 第 159 行.
NOTIC: [8] Undefined index: mentNum C:\xampp\htdocs\aiston\Application\Runtime\Cache\Adminen4\47891217f2848868f20a32c5a0a0338e.php 第 159 行.
NOTIC: [8] Undefined index: mentNum C:\xampp\htdocs\aiston\Application\Runtime\Cache\Adminen4\47891217f2848868f20a32c5a0a0338e.php 第 159 行.
NOTIC: [8] Undefined index: mentNum C:\xampp\htdocs\aiston\Application\Runtime\Cache\Adminen4\47891217f2848868f20a32c5a0a0338e.php 第 159 行.
NOTIC: [8] Undefined index: mentNum C:\xampp\htdocs\aiston\Application\Runtime\Cache\Adminen4\47891217f2848868f20a32c5a0a0338e.php 第 159 行.
NOTIC: [8] Undefined index: mentNum C:\xampp\htdocs\aiston\Application\Runtime\Cache\Adminen4\47891217f2848868f20a32c5a0a0338e.php 第 159 行.
NOTIC: [8] Undefined index: mentNum C:\xampp\htdocs\aiston\Application\Runtime\Cache\Adminen4\47891217f2848868f20a32c5a0a0338e.php 第 159 行.
NOTIC: [8] Array to string conversion C:\xampp\htdocs\aiston\Application\Runtime\Cache\Adminen4\47891217f2848868f20a32c5a0a0338e.php 第 382 行.
INFO: Run Behavior\ParseTemplateBehavior [ RunTime:0.034311s ]
INFO: [ view_parse ] --END-- [ RunTime:0.034373s ]
INFO: [ view_filter ] --START--
INFO: Run Behavior\WriteHtmlCacheBehavior [ RunTime:0.001234s ]
INFO: [ view_filter ] --END-- [ RunTime:0.001286s ]
INFO: [ app_end ] --START--
INFO: Run Behavior\ShowPageTraceBehavior [ RunTime:0.006083s ]
INFO: [ app_end ] --END-- [ RunTime:0.007161s ]

[ 2016-03-22T15:35:07+08:00 ] ::1 /index.php/Adminen4/Product/add
INFO: [ app_init ] --START--
INFO: Run Behavior\BuildLiteBehavior [ RunTime:0.000027s ]
INFO: [ app_init ] --END-- [ RunTime:0.000914s ]
INFO: [ app_begin ] --START--
INFO: Run Behavior\ReadHtmlCacheBehavior [ RunTime:0.001891s ]
INFO: [ app_begin ] --END-- [ RunTime:0.002097s ]
SQL: SHOW COLUMNS FROM `ast_adminen4` [ RunTime:0.0039s ]
SQL: SELECT * FROM `ast_adminen4`  [ RunTime:0.0004s ]
SQL: SELECT * FROM `ast_adminen4` WHERE `admin_id` = 1 LIMIT 1   [ RunTime:0.0003s ]
SQL: SHOW COLUMNS FROM `ast_naven4` [ RunTime:0.0036s ]
SQL: SELECT * FROM `ast_naven4`  [ RunTime:0.0005s ]
SQL: SELECT COUNT(*) AS tp_count FROM `ast_adminen4` LIMIT 1   [ RunTime:0.0002s ]
NOTIC: [2] Missing argument 3 for getAdminPage(), called in C:\xampp\htdocs\aiston\Application\Adminen4\Controller\CommonController.class.php on line 51 and defined C:\xampp\htdocs\aiston\Application\Common\Common\function.php 第 3 行.
NOTIC: [8] Undefined variable: num C:\xampp\htdocs\aiston\Application\Common\Common\function.php 第 4 行.
SQL: SELECT * FROM `ast_adminen4` ORDER BY admin_id LIMIT 0,10   [ RunTime:0.0006s ]
SQL: SHOW COLUMNS FROM `ast_procateen4` [ RunTime:0.0045s ]
SQL: SHOW COLUMNS FROM `ast_producten4` [ RunTime:0.0036s ]
SQL: SELECT * FROM `ast_procateen4` WHERE `cate_pid` = 0 ORDER BY cate_id ASC  [ RunTime:0.0003s ]
SQL: SELECT `pro_order` FROM `ast_producten4` ORDER BY pro_order DESC LIMIT 1   [ RunTime:0.0003s ]
INFO: [ view_parse ] --START--
INFO: [ template_filter ] --START--
INFO: Run Behavior\ContentReplaceBehavior [ RunTime:0.000469s ]
INFO: [ template_filter ] --END-- [ RunTime:0.000536s ]
NOTIC: [8] Undefined variable: htmlData C:\xampp\htdocs\aiston\Application\Runtime\Cache\Adminen4\ac1c40f226736bda72805f3c1a760ac2.php 第 173 行.
NOTIC: [8] Undefined variable: htmlData C:\xampp\htdocs\aiston\Application\Runtime\Cache\Adminen4\ac1c40f226736bda72805f3c1a760ac2.php 第 174 行.
NOTIC: [8] Array to string conversion C:\xampp\htdocs\aiston\Application\Runtime\Cache\Adminen4\ac1c40f226736bda72805f3c1a760ac2.php 第 378 行.
NOTIC: [8] Undefined variable: url C:\xampp\htdocs\aiston\Application\Runtime\Cache\Adminen4\ac1c40f226736bda72805f3c1a760ac2.php 第 607 行.
NOTIC: [8] Undefined variable: url C:\xampp\htdocs\aiston\Application\Runtime\Cache\Adminen4\ac1c40f226736bda72805f3c1a760ac2.php 第 610 行.
INFO: Run Behavior\ParseTemplateBehavior [ RunTime:0.027084s ]
INFO: [ view_parse ] --END-- [ RunTime:0.027148s ]
INFO: [ view_filter ] --START--
INFO: Run Behavior\WriteHtmlCacheBehavior [ RunTime:0.001252s ]
INFO: [ view_filter ] --END-- [ RunTime:0.001306s ]
INFO: [ app_end ] --START--
INFO: Run Behavior\ShowPageTraceBehavior [ RunTime:0.002312s ]
INFO: [ app_end ] --END-- [ RunTime:0.002404s ]

