[ 2016-03-24T22:11:14+08:00 ] ::1 /index.php/Home3/Index
INFO: [ app_init ] --START--
INFO: Run Behavior\BuildLiteBehavior [ RunTime:0.000018s ]
INFO: [ app_init ] --END-- [ RunTime:0.000481s ]
INFO: [ app_begin ] --START--
INFO: Run Behavior\ReadHtmlCacheBehavior [ RunTime:0.000723s ]
INFO: [ app_begin ] --END-- [ RunTime:0.000788s ]
SQL: SHOW COLUMNS FROM `ast_banner3` [ RunTime:0.0081s ]
SQL: SELECT * FROM `ast_banner3`  [ RunTime:0.0006s ]
SQL: SHOW COLUMNS FROM `ast_link3` [ RunTime:0.0066s ]
SQL: SELECT * FROM `ast_link3`  [ RunTime:0.0005s ]
SQL: SHOW COLUMNS FROM `ast_company3` [ RunTime:0.0193s ]
SQL: SHOW COLUMNS FROM `ast_article3` [ RunTime:0.0070s ]
SQL: SHOW COLUMNS FROM `ast_product3` [ RunTime:0.0077s ]
SQL: SHOW COLUMNS FROM `ast_procate3` [ RunTime:0.0062s ]
SQL: SELECT * FROM `ast_procate3`  [ RunTime:0.0004s ]
SQL: SELECT * FROM `ast_article3` WHERE `art_cateid` = 4 LIMIT 5   [ RunTime:0.0008s ]
SQL: SELECT * FROM `ast_article3` WHERE `art_cateid` = 5 LIMIT 3   [ RunTime:0.0003s ]
SQL: SELECT * FROM `ast_article3` ORDER BY art_addtime desc LIMIT 2,3   [ RunTime:0.0005s ]
SQL: SELECT * FROM `ast_article3` ORDER BY art_addtime desc LIMIT 1   [ RunTime:0.0003s ]
SQL: SELECT * FROM `ast_product3`  [ RunTime:0.0008s ]
SQL: SELECT * FROM `ast_company3`  [ RunTime:0.0004s ]
INFO: [ view_parse ] --START--
INFO: [ template_filter ] --START--
INFO: Run Behavior\ContentReplaceBehavior [ RunTime:0.000130s ]
INFO: [ template_filter ] --END-- [ RunTime:0.000196s ]
INFO: Run Behavior\ParseTemplateBehavior [ RunTime:0.017915s ]
INFO: [ view_parse ] --END-- [ RunTime:0.018048s ]
INFO: [ view_filter ] --START--
INFO: Run Behavior\WriteHtmlCacheBehavior [ RunTime:0.000754s ]
INFO: [ view_filter ] --END-- [ RunTime:0.000851s ]
INFO: [ app_end ] --START--
INFO: Run Behavior\ShowPageTraceBehavior [ RunTime:0.001600s ]
INFO: [ app_end ] --END-- [ RunTime:0.001710s ]

