[ 2016-05-04T10:28:48+08:00 ] ::1 /index.php/Home3/Index
INFO: [ app_init ] --START--
INFO: Run Behavior\BuildLiteBehavior [ RunTime:0.000016s ]
INFO: [ app_init ] --END-- [ RunTime:0.000462s ]
INFO: [ app_begin ] --START--
INFO: Run Behavior\ReadHtmlCacheBehavior [ RunTime:0.000731s ]
INFO: [ app_begin ] --END-- [ RunTime:0.000793s ]
SQL: SHOW COLUMNS FROM `ast_banner3` [ RunTime:0.0074s ]
SQL: SELECT * FROM `ast_banner3`  [ RunTime:0.0004s ]
SQL: SHOW COLUMNS FROM `ast_link3` [ RunTime:0.0081s ]
SQL: SELECT * FROM `ast_link3`  [ RunTime:0.0006s ]
SQL: SHOW COLUMNS FROM `ast_company3` [ RunTime:0.0203s ]
SQL: SHOW COLUMNS FROM `ast_article3` [ RunTime:0.0076s ]
SQL: SHOW COLUMNS FROM `ast_product3` [ RunTime:0.0078s ]
SQL: SHOW COLUMNS FROM `ast_procate3` [ RunTime:0.0084s ]
SQL: SELECT * FROM `ast_procate3`  [ RunTime:0.0005s ]
SQL: SELECT * FROM `ast_article3` WHERE `art_cateid` = 4 LIMIT 5   [ RunTime:0.0012s ]
SQL: SELECT * FROM `ast_article3` WHERE `art_cateid` = 5 LIMIT 3   [ RunTime:0.0005s ]
SQL: SELECT * FROM `ast_article3` ORDER BY art_addtime desc LIMIT 2,3   [ RunTime:0.0006s ]
SQL: SELECT * FROM `ast_article3` ORDER BY art_addtime desc LIMIT 1   [ RunTime:0.0005s ]
SQL: SELECT * FROM `ast_product3`  [ RunTime:0.0007s ]
SQL: SELECT * FROM `ast_company3`  [ RunTime:0.0003s ]
INFO: [ view_parse ] --START--
INFO: [ template_filter ] --START--
INFO: Run Behavior\ContentReplaceBehavior [ RunTime:0.000139s ]
INFO: [ template_filter ] --END-- [ RunTime:0.000237s ]
INFO: Run Behavior\ParseTemplateBehavior [ RunTime:0.017455s ]
INFO: [ view_parse ] --END-- [ RunTime:0.017559s ]
INFO: [ view_filter ] --START--
INFO: Run Behavior\WriteHtmlCacheBehavior [ RunTime:0.000943s ]
INFO: [ view_filter ] --END-- [ RunTime:0.001011s ]
INFO: [ app_end ] --START--
INFO: Run Behavior\ShowPageTraceBehavior [ RunTime:0.001908s ]
INFO: [ app_end ] --END-- [ RunTime:0.002026s ]

[ 2016-05-04T11:01:33+08:00 ] ::1 /index.php/Home3/Index
INFO: [ app_init ] --START--
INFO: Run Behavior\BuildLiteBehavior [ RunTime:0.000025s ]
INFO: [ app_init ] --END-- [ RunTime:0.000590s ]
INFO: [ app_begin ] --START--
INFO: Run Behavior\ReadHtmlCacheBehavior [ RunTime:0.000757s ]
INFO: [ app_begin ] --END-- [ RunTime:0.000825s ]
SQL: SHOW COLUMNS FROM `ast_banner3` [ RunTime:0.0047s ]
SQL: SELECT * FROM `ast_banner3`  [ RunTime:0.0004s ]
SQL: SHOW COLUMNS FROM `ast_link3` [ RunTime:0.0055s ]
SQL: SELECT * FROM `ast_link3`  [ RunTime:0.0005s ]
SQL: SHOW COLUMNS FROM `ast_company3` [ RunTime:0.0060s ]
SQL: SHOW COLUMNS FROM `ast_article3` [ RunTime:0.0053s ]
SQL: SHOW COLUMNS FROM `ast_product3` [ RunTime:0.0083s ]
SQL: SHOW COLUMNS FROM `ast_procate3` [ RunTime:0.0048s ]
SQL: SELECT * FROM `ast_procate3`  [ RunTime:0.0003s ]
SQL: SELECT * FROM `ast_article3` WHERE `art_cateid` = 4 LIMIT 5   [ RunTime:0.0003s ]
SQL: SELECT * FROM `ast_article3` WHERE `art_cateid` = 5 LIMIT 3   [ RunTime:0.0003s ]
SQL: SELECT * FROM `ast_article3` ORDER BY art_addtime desc LIMIT 2,3   [ RunTime:0.0006s ]
SQL: SELECT * FROM `ast_article3` ORDER BY art_addtime desc LIMIT 1   [ RunTime:0.0004s ]
SQL: SELECT * FROM `ast_product3`  [ RunTime:0.0005s ]
SQL: SELECT * FROM `ast_company3`  [ RunTime:0.0005s ]
INFO: [ view_parse ] --START--
INFO: [ template_filter ] --START--
INFO: Run Behavior\ContentReplaceBehavior [ RunTime:0.000288s ]
INFO: [ template_filter ] --END-- [ RunTime:0.000386s ]
INFO: Run Behavior\ParseTemplateBehavior [ RunTime:0.020560s ]
INFO: [ view_parse ] --END-- [ RunTime:0.020696s ]
INFO: [ view_filter ] --START--
INFO: Run Behavior\WriteHtmlCacheBehavior [ RunTime:0.000744s ]
INFO: [ view_filter ] --END-- [ RunTime:0.000812s ]
INFO: [ app_end ] --START--
INFO: Run Behavior\ShowPageTraceBehavior [ RunTime:0.001764s ]
INFO: [ app_end ] --END-- [ RunTime:0.001875s ]

[ 2016-05-04T11:08:58+08:00 ] ::1 /index.php/Home3/Index
INFO: [ app_init ] --START--
INFO: Run Behavior\BuildLiteBehavior [ RunTime:0.000019s ]
INFO: [ app_init ] --END-- [ RunTime:0.000787s ]
INFO: [ app_begin ] --START--
INFO: Run Behavior\ReadHtmlCacheBehavior [ RunTime:0.001743s ]
INFO: [ app_begin ] --END-- [ RunTime:0.001932s ]
SQL: SHOW COLUMNS FROM `ast_banner3` [ RunTime:0.0042s ]
SQL: SELECT * FROM `ast_banner3`  [ RunTime:0.0004s ]
SQL: SHOW COLUMNS FROM `ast_link3` [ RunTime:0.0039s ]
SQL: SELECT * FROM `ast_link3`  [ RunTime:0.0003s ]
SQL: SHOW COLUMNS FROM `ast_company3` [ RunTime:0.0058s ]
SQL: SHOW COLUMNS FROM `ast_article3` [ RunTime:0.0074s ]
SQL: SHOW COLUMNS FROM `ast_product3` [ RunTime:0.0047s ]
SQL: SHOW COLUMNS FROM `ast_procate3` [ RunTime:0.0055s ]
SQL: SELECT * FROM `ast_procate3`  [ RunTime:0.0004s ]
SQL: SELECT * FROM `ast_article3` WHERE `art_cateid` = 4 LIMIT 5   [ RunTime:0.0004s ]
SQL: SELECT * FROM `ast_article3` WHERE `art_cateid` = 5 LIMIT 3   [ RunTime:0.0005s ]
SQL: SELECT * FROM `ast_article3` ORDER BY art_addtime desc LIMIT 2,3   [ RunTime:0.0009s ]
SQL: SELECT * FROM `ast_article3` ORDER BY art_addtime desc LIMIT 1   [ RunTime:0.0005s ]
SQL: SELECT * FROM `ast_product3`  [ RunTime:0.0005s ]
SQL: SELECT * FROM `ast_company3`  [ RunTime:0.0003s ]
INFO: [ view_parse ] --START--
INFO: [ template_filter ] --START--
INFO: Run Behavior\ContentReplaceBehavior [ RunTime:0.000151s ]
INFO: [ template_filter ] --END-- [ RunTime:0.000214s ]
INFO: Run Behavior\ParseTemplateBehavior [ RunTime:0.020006s ]
INFO: [ view_parse ] --END-- [ RunTime:0.020109s ]
INFO: [ view_filter ] --START--
INFO: Run Behavior\WriteHtmlCacheBehavior [ RunTime:0.000694s ]
INFO: [ view_filter ] --END-- [ RunTime:0.000745s ]
INFO: [ app_end ] --START--
INFO: Run Behavior\ShowPageTraceBehavior [ RunTime:0.001522s ]
INFO: [ app_end ] --END-- [ RunTime:0.001614s ]

[ 2016-05-04T11:09:06+08:00 ] ::1 /index.php/Home3/Index/index
INFO: [ app_init ] --START--
INFO: Run Behavior\BuildLiteBehavior [ RunTime:0.000016s ]
INFO: [ app_init ] --END-- [ RunTime:0.000467s ]
INFO: [ app_begin ] --START--
INFO: Run Behavior\ReadHtmlCacheBehavior [ RunTime:0.001241s ]
INFO: [ app_begin ] --END-- [ RunTime:0.001364s ]
SQL: SHOW COLUMNS FROM `ast_banner3` [ RunTime:0.0062s ]
SQL: SELECT * FROM `ast_banner3`  [ RunTime:0.0004s ]
SQL: SHOW COLUMNS FROM `ast_link3` [ RunTime:0.0069s ]
SQL: SELECT * FROM `ast_link3`  [ RunTime:0.0007s ]
SQL: SHOW COLUMNS FROM `ast_company3` [ RunTime:0.0079s ]
SQL: SHOW COLUMNS FROM `ast_article3` [ RunTime:0.0085s ]
SQL: SHOW COLUMNS FROM `ast_product3` [ RunTime:0.0066s ]
SQL: SHOW COLUMNS FROM `ast_procate3` [ RunTime:0.0073s ]
SQL: SELECT * FROM `ast_procate3`  [ RunTime:0.0025s ]
SQL: SELECT * FROM `ast_article3` WHERE `art_cateid` = 4 LIMIT 5   [ RunTime:0.0018s ]
SQL: SELECT * FROM `ast_article3` WHERE `art_cateid` = 5 LIMIT 3   [ RunTime:0.0009s ]
SQL: SELECT * FROM `ast_article3` ORDER BY art_addtime desc LIMIT 2,3   [ RunTime:0.0010s ]
SQL: SELECT * FROM `ast_article3` ORDER BY art_addtime desc LIMIT 1   [ RunTime:0.0007s ]
SQL: SELECT * FROM `ast_product3`  [ RunTime:0.0007s ]
SQL: SELECT * FROM `ast_company3`  [ RunTime:0.0005s ]
INFO: [ view_parse ] --START--
INFO: [ template_filter ] --START--
INFO: Run Behavior\ContentReplaceBehavior [ RunTime:0.000155s ]
INFO: [ template_filter ] --END-- [ RunTime:0.000248s ]
INFO: Run Behavior\ParseTemplateBehavior [ RunTime:0.033064s ]
INFO: [ view_parse ] --END-- [ RunTime:0.033204s ]
INFO: [ view_filter ] --START--
INFO: Run Behavior\WriteHtmlCacheBehavior [ RunTime:0.001161s ]
INFO: [ view_filter ] --END-- [ RunTime:0.001298s ]
INFO: [ app_end ] --START--
INFO: Run Behavior\ShowPageTraceBehavior [ RunTime:0.001970s ]
INFO: [ app_end ] --END-- [ RunTime:0.002105s ]

[ 2016-05-04T11:09:13+08:00 ] ::1 /index.php/Home3/Walkto/index
INFO: [ app_init ] --START--
INFO: Run Behavior\BuildLiteBehavior [ RunTime:0.000018s ]
INFO: [ app_init ] --END-- [ RunTime:0.000507s ]
INFO: [ app_begin ] --START--
INFO: Run Behavior\ReadHtmlCacheBehavior [ RunTime:0.000745s ]
INFO: [ app_begin ] --END-- [ RunTime:0.000807s ]
SQL: SHOW COLUMNS FROM `ast_banner3` [ RunTime:0.0045s ]
SQL: SELECT * FROM `ast_banner3`  [ RunTime:0.0004s ]
SQL: SHOW COLUMNS FROM `ast_link3` [ RunTime:0.0040s ]
SQL: SELECT * FROM `ast_link3`  [ RunTime:0.0003s ]
SQL: SHOW COLUMNS FROM `ast_about3` [ RunTime:0.0188s ]
SQL: SELECT * FROM `ast_about3`  [ RunTime:0.0004s ]
SQL: SELECT * FROM `ast_about3` WHERE `ast_aid` = 1  [ RunTime:0.0002s ]
INFO: [ view_parse ] --START--
INFO: [ template_filter ] --START--
INFO: Run Behavior\ContentReplaceBehavior [ RunTime:0.000093s ]
INFO: [ template_filter ] --END-- [ RunTime:0.000159s ]
NOTIC: [8] Undefined index: link_url C:\xampp\htdocs\aiston\Application\Runtime\Cache\Home3\9589e595a8298c37cc30ef46e876ab4d.php 第 63 行.
INFO: Run Behavior\ParseTemplateBehavior [ RunTime:0.010977s ]
INFO: [ view_parse ] --END-- [ RunTime:0.011053s ]
INFO: [ view_filter ] --START--
INFO: Run Behavior\WriteHtmlCacheBehavior [ RunTime:0.000494s ]
INFO: [ view_filter ] --END-- [ RunTime:0.000542s ]
INFO: [ app_end ] --START--
INFO: Run Behavior\ShowPageTraceBehavior [ RunTime:0.000715s ]
INFO: [ app_end ] --END-- [ RunTime:0.000766s ]

[ 2016-05-04T11:09:16+08:00 ] ::1 /index.php/Home3/Index/index
INFO: [ app_init ] --START--
INFO: Run Behavior\BuildLiteBehavior [ RunTime:0.000021s ]
INFO: [ app_init ] --END-- [ RunTime:0.000570s ]
INFO: [ app_begin ] --START--
INFO: Run Behavior\ReadHtmlCacheBehavior [ RunTime:0.000746s ]
INFO: [ app_begin ] --END-- [ RunTime:0.000819s ]
SQL: SHOW COLUMNS FROM `ast_banner3` [ RunTime:0.0046s ]
SQL: SELECT * FROM `ast_banner3`  [ RunTime:0.0004s ]
SQL: SHOW COLUMNS FROM `ast_link3` [ RunTime:0.0037s ]
SQL: SELECT * FROM `ast_link3`  [ RunTime:0.0003s ]
SQL: SHOW COLUMNS FROM `ast_company3` [ RunTime:0.0044s ]
SQL: SHOW COLUMNS FROM `ast_article3` [ RunTime:0.0049s ]
SQL: SHOW COLUMNS FROM `ast_product3` [ RunTime:0.0043s ]
SQL: SHOW COLUMNS FROM `ast_procate3` [ RunTime:0.0054s ]
SQL: SELECT * FROM `ast_procate3`  [ RunTime:0.0004s ]
SQL: SELECT * FROM `ast_article3` WHERE `art_cateid` = 4 LIMIT 5   [ RunTime:0.0004s ]
SQL: SELECT * FROM `ast_article3` WHERE `art_cateid` = 5 LIMIT 3   [ RunTime:0.0003s ]
SQL: SELECT * FROM `ast_article3` ORDER BY art_addtime desc LIMIT 2,3   [ RunTime:0.0005s ]
SQL: SELECT * FROM `ast_article3` ORDER BY art_addtime desc LIMIT 1   [ RunTime:0.0003s ]
SQL: SELECT * FROM `ast_product3`  [ RunTime:0.0003s ]
SQL: SELECT * FROM `ast_company3`  [ RunTime:0.0003s ]
INFO: [ view_parse ] --START--
INFO: [ template_filter ] --START--
INFO: Run Behavior\ContentReplaceBehavior [ RunTime:0.000137s ]
INFO: [ template_filter ] --END-- [ RunTime:0.000202s ]
INFO: Run Behavior\ParseTemplateBehavior [ RunTime:0.015772s ]
INFO: [ view_parse ] --END-- [ RunTime:0.015864s ]
INFO: [ view_filter ] --START--
INFO: Run Behavior\WriteHtmlCacheBehavior [ RunTime:0.000690s ]
INFO: [ view_filter ] --END-- [ RunTime:0.000753s ]
INFO: [ app_end ] --START--
INFO: Run Behavior\ShowPageTraceBehavior [ RunTime:0.001428s ]
INFO: [ app_end ] --END-- [ RunTime:0.001514s ]

[ 2016-05-04T11:09:25+08:00 ] ::1 /index.php/Home3/product/index
INFO: [ app_init ] --START--
INFO: Run Behavior\BuildLiteBehavior [ RunTime:0.000019s ]
INFO: [ app_init ] --END-- [ RunTime:0.000585s ]
INFO: [ app_begin ] --START--
INFO: Run Behavior\ReadHtmlCacheBehavior [ RunTime:0.000765s ]
INFO: [ app_begin ] --END-- [ RunTime:0.000842s ]
SQL: SHOW COLUMNS FROM `ast_banner3` [ RunTime:0.0043s ]
SQL: SELECT * FROM `ast_banner3`  [ RunTime:0.0004s ]
SQL: SHOW COLUMNS FROM `ast_link3` [ RunTime:0.0047s ]
SQL: SELECT * FROM `ast_link3`  [ RunTime:0.0004s ]
SQL: SHOW COLUMNS FROM `ast_procate3` [ RunTime:0.0041s ]
SQL: SELECT * FROM `ast_procate3`  [ RunTime:0.0005s ]
SQL: SHOW COLUMNS FROM `ast_product3` [ RunTime:0.0060s ]
NOTIC: [8] Undefined index: id C:\xampp\htdocs\aiston\Application\Home3\Controller\ProductController.class.php 第 25 行.
SQL: SELECT * FROM `ast_product3`  [ RunTime:0.0009s ]
SQL: SELECT * FROM `ast_product3` LIMIT 0,5   [ RunTime:0.0008s ]
NOTIC: [8] Undefined variable: catename C:\xampp\htdocs\aiston\Application\Home3\Controller\ProductController.class.php 第 45 行.
INFO: [ view_parse ] --START--
INFO: [ template_filter ] --START--
INFO: Run Behavior\ContentReplaceBehavior [ RunTime:0.000105s ]
INFO: [ template_filter ] --END-- [ RunTime:0.000169s ]
NOTIC: [8] Undefined variable: pro C:\xampp\htdocs\aiston\Application\Runtime\Cache\Home3\e1541c9ec7340f6139e81521752a0764.php 第 74 行.
NOTIC: [8] Undefined variable: pro C:\xampp\htdocs\aiston\Application\Runtime\Cache\Home3\e1541c9ec7340f6139e81521752a0764.php 第 74 行.
NOTIC: [8] Undefined variable: pro C:\xampp\htdocs\aiston\Application\Runtime\Cache\Home3\e1541c9ec7340f6139e81521752a0764.php 第 74 行.
NOTIC: [8] Undefined variable: pro C:\xampp\htdocs\aiston\Application\Runtime\Cache\Home3\e1541c9ec7340f6139e81521752a0764.php 第 74 行.
NOTIC: [8] Undefined variable: pro C:\xampp\htdocs\aiston\Application\Runtime\Cache\Home3\e1541c9ec7340f6139e81521752a0764.php 第 74 行.
NOTIC: [8] Undefined index: p C:\xampp\htdocs\aiston\Application\Runtime\Cache\Home3\e1541c9ec7340f6139e81521752a0764.php 第 83 行.
NOTIC: [8] Undefined index: p C:\xampp\htdocs\aiston\Application\Runtime\Cache\Home3\e1541c9ec7340f6139e81521752a0764.php 第 88 行.
NOTIC: [8] Undefined index: p C:\xampp\htdocs\aiston\Application\Runtime\Cache\Home3\e1541c9ec7340f6139e81521752a0764.php 第 88 行.
INFO: Run Behavior\ParseTemplateBehavior [ RunTime:0.012890s ]
INFO: [ view_parse ] --END-- [ RunTime:0.012951s ]
INFO: [ view_filter ] --START--
INFO: Run Behavior\WriteHtmlCacheBehavior [ RunTime:0.000516s ]
INFO: [ view_filter ] --END-- [ RunTime:0.000568s ]
INFO: [ app_end ] --START--
INFO: Run Behavior\ShowPageTraceBehavior [ RunTime:0.000781s ]
INFO: [ app_end ] --END-- [ RunTime:0.000832s ]

[ 2016-05-04T11:09:26+08:00 ] ::1 /index.php/Home3/News/index
INFO: [ app_init ] --START--
INFO: Run Behavior\BuildLiteBehavior [ RunTime:0.000144s ]
INFO: [ app_init ] --END-- [ RunTime:0.000862s ]
INFO: [ app_begin ] --START--
INFO: Run Behavior\ReadHtmlCacheBehavior [ RunTime:0.000787s ]
INFO: [ app_begin ] --END-- [ RunTime:0.000860s ]
SQL: SHOW COLUMNS FROM `ast_banner3` [ RunTime:0.0045s ]
SQL: SELECT * FROM `ast_banner3`  [ RunTime:0.0004s ]
SQL: SHOW COLUMNS FROM `ast_link3` [ RunTime:0.0038s ]
SQL: SELECT * FROM `ast_link3`  [ RunTime:0.0003s ]
SQL: SHOW COLUMNS FROM `ast_article3` [ RunTime:0.0043s ]
SQL: SELECT * FROM `ast_article3`  [ RunTime:0.0005s ]
SQL: SHOW COLUMNS FROM `ast_artcate3` [ RunTime:0.0068s ]
SQL: SELECT * FROM `ast_artcate3`  [ RunTime:0.0004s ]
NOTIC: [8] Undefined index: id C:\xampp\htdocs\aiston\Application\Home3\Controller\NewsController.class.php 第 29 行.
SQL: SELECT * FROM `ast_article3` LIMIT 0,5   [ RunTime:0.0004s ]
NOTIC: [8] Undefined variable: catename C:\xampp\htdocs\aiston\Application\Home3\Controller\NewsController.class.php 第 39 行.
INFO: [ view_parse ] --START--
INFO: [ template_filter ] --START--
INFO: Run Behavior\ContentReplaceBehavior [ RunTime:0.000109s ]
INFO: [ template_filter ] --END-- [ RunTime:0.000175s ]
NOTIC: [8] Undefined index: p C:\xampp\htdocs\aiston\Application\Runtime\Cache\Home3\f351f60c79a7085c1884acf884052b91.php 第 80 行.
NOTIC: [8] Undefined index: p C:\xampp\htdocs\aiston\Application\Runtime\Cache\Home3\f351f60c79a7085c1884acf884052b91.php 第 87 行.
NOTIC: [8] Undefined index: p C:\xampp\htdocs\aiston\Application\Runtime\Cache\Home3\f351f60c79a7085c1884acf884052b91.php 第 87 行.
INFO: Run Behavior\ParseTemplateBehavior [ RunTime:0.014455s ]
INFO: [ view_parse ] --END-- [ RunTime:0.014538s ]
INFO: [ view_filter ] --START--
INFO: Run Behavior\WriteHtmlCacheBehavior [ RunTime:0.000497s ]
INFO: [ view_filter ] --END-- [ RunTime:0.000554s ]
INFO: [ app_end ] --START--
INFO: Run Behavior\ShowPageTraceBehavior [ RunTime:0.000788s ]
INFO: [ app_end ] --END-- [ RunTime:0.000839s ]

[ 2016-05-04T11:09:29+08:00 ] ::1 /index.php/Home3/Work/index
INFO: [ app_init ] --START--
INFO: Run Behavior\BuildLiteBehavior [ RunTime:0.000016s ]
INFO: [ app_init ] --END-- [ RunTime:0.000510s ]
INFO: [ app_begin ] --START--
INFO: Run Behavior\ReadHtmlCacheBehavior [ RunTime:0.000832s ]
INFO: [ app_begin ] --END-- [ RunTime:0.000909s ]
SQL: SHOW COLUMNS FROM `ast_banner3` [ RunTime:0.0043s ]
SQL: SELECT * FROM `ast_banner3`  [ RunTime:0.0004s ]
SQL: SHOW COLUMNS FROM `ast_link3` [ RunTime:0.0037s ]
SQL: SELECT * FROM `ast_link3`  [ RunTime:0.0003s ]
SQL: SHOW COLUMNS FROM `ast_work3` [ RunTime:0.0192s ]
NOTIC: [8] Undefined index: title C:\xampp\htdocs\aiston\Application\Home3\Controller\WorkController.class.php 第 16 行.
SQL: SELECT * FROM `ast_work3` ORDER BY w_cateid asc  [ RunTime:0.0007s ]
SQL: SELECT * FROM `ast_work3` LIMIT 0,6   [ RunTime:0.0004s ]
INFO: [ view_parse ] --START--
INFO: [ template_filter ] --START--
INFO: Run Behavior\ContentReplaceBehavior [ RunTime:0.000104s ]
INFO: [ template_filter ] --END-- [ RunTime:0.000169s ]
NOTIC: [8] Undefined index: title C:\xampp\htdocs\aiston\Application\Runtime\Cache\Home3\b58cb57138716fe542db43f7bde966e8.php 第 53 行.
NOTIC: [8] Undefined index: link_url C:\xampp\htdocs\aiston\Application\Runtime\Cache\Home3\b58cb57138716fe542db43f7bde966e8.php 第 62 行.
NOTIC: [8] Undefined index: title C:\xampp\htdocs\aiston\Application\Runtime\Cache\Home3\b58cb57138716fe542db43f7bde966e8.php 第 67 行.
NOTIC: [8] Undefined index: p C:\xampp\htdocs\aiston\Application\Runtime\Cache\Home3\b58cb57138716fe542db43f7bde966e8.php 第 93 行.
NOTIC: [8] Undefined index: p C:\xampp\htdocs\aiston\Application\Runtime\Cache\Home3\b58cb57138716fe542db43f7bde966e8.php 第 101 行.
NOTIC: [8] Undefined index: p C:\xampp\htdocs\aiston\Application\Runtime\Cache\Home3\b58cb57138716fe542db43f7bde966e8.php 第 101 行.
INFO: Run Behavior\ParseTemplateBehavior [ RunTime:0.011980s ]
INFO: [ view_parse ] --END-- [ RunTime:0.012045s ]
INFO: [ view_filter ] --START--
INFO: Run Behavior\WriteHtmlCacheBehavior [ RunTime:0.000544s ]
INFO: [ view_filter ] --END-- [ RunTime:0.000608s ]
INFO: [ app_end ] --START--
INFO: Run Behavior\ShowPageTraceBehavior [ RunTime:0.000743s ]
INFO: [ app_end ] --END-- [ RunTime:0.000799s ]

[ 2016-05-04T11:09:29+08:00 ] ::1 /index.php/Home3/Contact/index
INFO: [ app_init ] --START--
INFO: Run Behavior\BuildLiteBehavior [ RunTime:0.000017s ]
INFO: [ app_init ] --END-- [ RunTime:0.000525s ]
INFO: [ app_begin ] --START--
INFO: Run Behavior\ReadHtmlCacheBehavior [ RunTime:0.000803s ]
INFO: [ app_begin ] --END-- [ RunTime:0.000885s ]
SQL: SHOW COLUMNS FROM `ast_banner3` [ RunTime:0.0047s ]
SQL: SELECT * FROM `ast_banner3`  [ RunTime:0.0004s ]
SQL: SHOW COLUMNS FROM `ast_link3` [ RunTime:0.0040s ]
SQL: SELECT * FROM `ast_link3`  [ RunTime:0.0003s ]
SQL: SHOW COLUMNS FROM `ast_company3` [ RunTime:0.0041s ]
SQL: SELECT * FROM `ast_company3` WHERE `c_id` = 2  [ RunTime:0.0004s ]
INFO: [ view_parse ] --START--
INFO: [ template_filter ] --START--
INFO: Run Behavior\ContentReplaceBehavior [ RunTime:0.000096s ]
INFO: [ template_filter ] --END-- [ RunTime:0.000168s ]
INFO: Run Behavior\ParseTemplateBehavior [ RunTime:0.010532s ]
INFO: [ view_parse ] --END-- [ RunTime:0.010645s ]
INFO: [ view_filter ] --START--
INFO: Run Behavior\WriteHtmlCacheBehavior [ RunTime:0.000765s ]
INFO: [ view_filter ] --END-- [ RunTime:0.000841s ]
INFO: [ app_end ] --START--
INFO: Run Behavior\ShowPageTraceBehavior [ RunTime:0.001209s ]
INFO: [ app_end ] --END-- [ RunTime:0.001302s ]

[ 2016-05-04T11:09:30+08:00 ] ::1 /index.php/Home3/News/index
INFO: [ app_init ] --START--
INFO: Run Behavior\BuildLiteBehavior [ RunTime:0.000017s ]
INFO: [ app_init ] --END-- [ RunTime:0.000489s ]
INFO: [ app_begin ] --START--
INFO: Run Behavior\ReadHtmlCacheBehavior [ RunTime:0.001348s ]
INFO: [ app_begin ] --END-- [ RunTime:0.001437s ]
SQL: SHOW COLUMNS FROM `ast_banner3` [ RunTime:0.0058s ]
SQL: SELECT * FROM `ast_banner3`  [ RunTime:0.0004s ]
SQL: SHOW COLUMNS FROM `ast_link3` [ RunTime:0.0056s ]
SQL: SELECT * FROM `ast_link3`  [ RunTime:0.0004s ]
SQL: SHOW COLUMNS FROM `ast_article3` [ RunTime:0.0066s ]
SQL: SELECT * FROM `ast_article3`  [ RunTime:0.0008s ]
SQL: SHOW COLUMNS FROM `ast_artcate3` [ RunTime:0.0078s ]
SQL: SELECT * FROM `ast_artcate3`  [ RunTime:0.0004s ]
NOTIC: [8] Undefined index: id C:\xampp\htdocs\aiston\Application\Home3\Controller\NewsController.class.php 第 29 行.
SQL: SELECT * FROM `ast_article3` LIMIT 0,5   [ RunTime:0.0005s ]
NOTIC: [8] Undefined variable: catename C:\xampp\htdocs\aiston\Application\Home3\Controller\NewsController.class.php 第 39 行.
INFO: [ view_parse ] --START--
INFO: [ template_filter ] --START--
INFO: Run Behavior\ContentReplaceBehavior [ RunTime:0.000170s ]
INFO: [ template_filter ] --END-- [ RunTime:0.000280s ]
NOTIC: [8] Undefined index: p C:\xampp\htdocs\aiston\Application\Runtime\Cache\Home3\f351f60c79a7085c1884acf884052b91.php 第 80 行.
NOTIC: [8] Undefined index: p C:\xampp\htdocs\aiston\Application\Runtime\Cache\Home3\f351f60c79a7085c1884acf884052b91.php 第 87 行.
NOTIC: [8] Undefined index: p C:\xampp\htdocs\aiston\Application\Runtime\Cache\Home3\f351f60c79a7085c1884acf884052b91.php 第 87 行.
INFO: Run Behavior\ParseTemplateBehavior [ RunTime:0.021676s ]
INFO: [ view_parse ] --END-- [ RunTime:0.021770s ]
INFO: [ view_filter ] --START--
INFO: Run Behavior\WriteHtmlCacheBehavior [ RunTime:0.000961s ]
INFO: [ view_filter ] --END-- [ RunTime:0.001048s ]
INFO: [ app_end ] --START--
INFO: Run Behavior\ShowPageTraceBehavior [ RunTime:0.001050s ]
INFO: [ app_end ] --END-- [ RunTime:0.001138s ]

[ 2016-05-04T11:09:30+08:00 ] ::1 /index.php/Home3/product/index
INFO: [ app_init ] --START--
INFO: Run Behavior\BuildLiteBehavior [ RunTime:0.000017s ]
INFO: [ app_init ] --END-- [ RunTime:0.000524s ]
INFO: [ app_begin ] --START--
INFO: Run Behavior\ReadHtmlCacheBehavior [ RunTime:0.001010s ]
INFO: [ app_begin ] --END-- [ RunTime:0.001097s ]
SQL: SHOW COLUMNS FROM `ast_banner3` [ RunTime:0.0049s ]
SQL: SELECT * FROM `ast_banner3`  [ RunTime:0.0003s ]
SQL: SHOW COLUMNS FROM `ast_link3` [ RunTime:0.0050s ]
SQL: SELECT * FROM `ast_link3`  [ RunTime:0.0004s ]
SQL: SHOW COLUMNS FROM `ast_procate3` [ RunTime:0.0061s ]
SQL: SELECT * FROM `ast_procate3`  [ RunTime:0.0009s ]
SQL: SHOW COLUMNS FROM `ast_product3` [ RunTime:0.0069s ]
NOTIC: [8] Undefined index: id C:\xampp\htdocs\aiston\Application\Home3\Controller\ProductController.class.php 第 25 行.
SQL: SELECT * FROM `ast_product3`  [ RunTime:0.0007s ]
SQL: SELECT * FROM `ast_product3` LIMIT 0,5   [ RunTime:0.0004s ]
NOTIC: [8] Undefined variable: catename C:\xampp\htdocs\aiston\Application\Home3\Controller\ProductController.class.php 第 45 行.
INFO: [ view_parse ] --START--
INFO: [ template_filter ] --START--
INFO: Run Behavior\ContentReplaceBehavior [ RunTime:0.000169s ]
INFO: [ template_filter ] --END-- [ RunTime:0.000260s ]
NOTIC: [8] Undefined variable: pro C:\xampp\htdocs\aiston\Application\Runtime\Cache\Home3\e1541c9ec7340f6139e81521752a0764.php 第 74 行.
NOTIC: [8] Undefined variable: pro C:\xampp\htdocs\aiston\Application\Runtime\Cache\Home3\e1541c9ec7340f6139e81521752a0764.php 第 74 行.
NOTIC: [8] Undefined variable: pro C:\xampp\htdocs\aiston\Application\Runtime\Cache\Home3\e1541c9ec7340f6139e81521752a0764.php 第 74 行.
NOTIC: [8] Undefined variable: pro C:\xampp\htdocs\aiston\Application\Runtime\Cache\Home3\e1541c9ec7340f6139e81521752a0764.php 第 74 行.
NOTIC: [8] Undefined variable: pro C:\xampp\htdocs\aiston\Application\Runtime\Cache\Home3\e1541c9ec7340f6139e81521752a0764.php 第 74 行.
NOTIC: [8] Undefined index: p C:\xampp\htdocs\aiston\Application\Runtime\Cache\Home3\e1541c9ec7340f6139e81521752a0764.php 第 83 行.
NOTIC: [8] Undefined index: p C:\xampp\htdocs\aiston\Application\Runtime\Cache\Home3\e1541c9ec7340f6139e81521752a0764.php 第 88 行.
NOTIC: [8] Undefined index: p C:\xampp\htdocs\aiston\Application\Runtime\Cache\Home3\e1541c9ec7340f6139e81521752a0764.php 第 88 行.
INFO: Run Behavior\ParseTemplateBehavior [ RunTime:0.014244s ]
INFO: [ view_parse ] --END-- [ RunTime:0.014303s ]
INFO: [ view_filter ] --START--
INFO: Run Behavior\WriteHtmlCacheBehavior [ RunTime:0.000817s ]
INFO: [ view_filter ] --END-- [ RunTime:0.000894s ]
INFO: [ app_end ] --START--
INFO: Run Behavior\ShowPageTraceBehavior [ RunTime:0.001258s ]
INFO: [ app_end ] --END-- [ RunTime:0.001351s ]

[ 2016-05-04T11:09:30+08:00 ] ::1 /index.php/Home3/Walkto/index
INFO: [ app_init ] --START--
INFO: Run Behavior\BuildLiteBehavior [ RunTime:0.000017s ]
INFO: [ app_init ] --END-- [ RunTime:0.000549s ]
INFO: [ app_begin ] --START--
INFO: Run Behavior\ReadHtmlCacheBehavior [ RunTime:0.000896s ]
INFO: [ app_begin ] --END-- [ RunTime:0.000960s ]
SQL: SHOW COLUMNS FROM `ast_banner3` [ RunTime:0.0050s ]
SQL: SELECT * FROM `ast_banner3`  [ RunTime:0.0004s ]
SQL: SHOW COLUMNS FROM `ast_link3` [ RunTime:0.0056s ]
SQL: SELECT * FROM `ast_link3`  [ RunTime:0.0003s ]
SQL: SHOW COLUMNS FROM `ast_about3` [ RunTime:0.0062s ]
SQL: SELECT * FROM `ast_about3`  [ RunTime:0.0004s ]
SQL: SELECT * FROM `ast_about3` WHERE `ast_aid` = 1  [ RunTime:0.0003s ]
INFO: [ view_parse ] --START--
INFO: [ template_filter ] --START--
INFO: Run Behavior\ContentReplaceBehavior [ RunTime:0.000095s ]
INFO: [ template_filter ] --END-- [ RunTime:0.000162s ]
NOTIC: [8] Undefined index: link_url C:\xampp\htdocs\aiston\Application\Runtime\Cache\Home3\9589e595a8298c37cc30ef46e876ab4d.php 第 63 行.
INFO: Run Behavior\ParseTemplateBehavior [ RunTime:0.013111s ]
INFO: [ view_parse ] --END-- [ RunTime:0.013222s ]
INFO: [ view_filter ] --START--
INFO: Run Behavior\WriteHtmlCacheBehavior [ RunTime:0.000852s ]
INFO: [ view_filter ] --END-- [ RunTime:0.000915s ]
INFO: [ app_end ] --START--
INFO: Run Behavior\ShowPageTraceBehavior [ RunTime:0.001240s ]
INFO: [ app_end ] --END-- [ RunTime:0.001301s ]

[ 2016-05-04T11:12:35+08:00 ] ::1 /index.php/Home3/Walkto/index
INFO: [ app_init ] --START--
INFO: Run Behavior\BuildLiteBehavior [ RunTime:0.000019s ]
INFO: [ app_init ] --END-- [ RunTime:0.000741s ]
INFO: [ app_begin ] --START--
INFO: Run Behavior\ReadHtmlCacheBehavior [ RunTime:0.001649s ]
INFO: [ app_begin ] --END-- [ RunTime:0.001747s ]
SQL: SHOW COLUMNS FROM `ast_banner3` [ RunTime:0.0063s ]
SQL: SELECT * FROM `ast_banner3`  [ RunTime:0.0008s ]
SQL: SHOW COLUMNS FROM `ast_link3` [ RunTime:0.0065s ]
SQL: SELECT * FROM `ast_link3`  [ RunTime:0.0005s ]
SQL: SHOW COLUMNS FROM `ast_about3` [ RunTime:0.0050s ]
SQL: SELECT * FROM `ast_about3`  [ RunTime:0.0004s ]
SQL: SELECT * FROM `ast_about3` WHERE `ast_aid` = 1  [ RunTime:0.0003s ]
INFO: [ view_parse ] --START--
INFO: [ template_filter ] --START--
INFO: Run Behavior\ContentReplaceBehavior [ RunTime:0.000140s ]
INFO: [ template_filter ] --END-- [ RunTime:0.000242s ]
NOTIC: [8] Undefined index: link_url C:\xampp\htdocs\aiston\Application\Runtime\Cache\Home3\9589e595a8298c37cc30ef46e876ab4d.php 第 63 行.
INFO: Run Behavior\ParseTemplateBehavior [ RunTime:0.013910s ]
INFO: [ view_parse ] --END-- [ RunTime:0.014015s ]
INFO: [ view_filter ] --START--
INFO: Run Behavior\WriteHtmlCacheBehavior [ RunTime:0.001640s ]
INFO: [ view_filter ] --END-- [ RunTime:0.001757s ]
INFO: [ app_end ] --START--
INFO: Run Behavior\ShowPageTraceBehavior [ RunTime:0.001815s ]
INFO: [ app_end ] --END-- [ RunTime:0.001925s ]

[ 2016-05-04T11:12:47+08:00 ] ::1 /index.php/Home3/Index
INFO: [ app_init ] --START--
INFO: Run Behavior\BuildLiteBehavior [ RunTime:0.000019s ]
INFO: [ app_init ] --END-- [ RunTime:0.000627s ]
INFO: [ app_begin ] --START--
INFO: Run Behavior\ReadHtmlCacheBehavior [ RunTime:0.001297s ]
INFO: [ app_begin ] --END-- [ RunTime:0.001460s ]
SQL: SHOW COLUMNS FROM `ast_banner3` [ RunTime:0.0064s ]
SQL: SELECT * FROM `ast_banner3`  [ RunTime:0.0008s ]
SQL: SHOW COLUMNS FROM `ast_link3` [ RunTime:0.0051s ]
SQL: SELECT * FROM `ast_link3`  [ RunTime:0.0003s ]
SQL: SHOW COLUMNS FROM `ast_company3` [ RunTime:0.0042s ]
SQL: SHOW COLUMNS FROM `ast_article3` [ RunTime:0.0084s ]
SQL: SHOW COLUMNS FROM `ast_product3` [ RunTime:0.0055s ]
SQL: SHOW COLUMNS FROM `ast_procate3` [ RunTime:0.0055s ]
SQL: SELECT * FROM `ast_procate3`  [ RunTime:0.0004s ]
SQL: SELECT * FROM `ast_article3` WHERE `art_cateid` = 4 LIMIT 5   [ RunTime:0.0004s ]
SQL: SELECT * FROM `ast_article3` WHERE `art_cateid` = 5 LIMIT 3   [ RunTime:0.0009s ]
SQL: SELECT * FROM `ast_article3` ORDER BY art_addtime desc LIMIT 2,3   [ RunTime:0.0008s ]
SQL: SELECT * FROM `ast_article3` ORDER BY art_addtime desc LIMIT 1   [ RunTime:0.0006s ]
SQL: SELECT * FROM `ast_product3`  [ RunTime:0.0006s ]
SQL: SELECT * FROM `ast_company3`  [ RunTime:0.0002s ]
INFO: [ view_parse ] --START--
INFO: [ template_filter ] --START--
INFO: Run Behavior\ContentReplaceBehavior [ RunTime:0.000262s ]
INFO: [ template_filter ] --END-- [ RunTime:0.000429s ]
INFO: Run Behavior\ParseTemplateBehavior [ RunTime:0.020942s ]
INFO: [ view_parse ] --END-- [ RunTime:0.021017s ]
INFO: [ view_filter ] --START--
INFO: Run Behavior\WriteHtmlCacheBehavior [ RunTime:0.000529s ]
INFO: [ view_filter ] --END-- [ RunTime:0.000579s ]
INFO: [ app_end ] --START--
INFO: Run Behavior\ShowPageTraceBehavior [ RunTime:0.001139s ]
INFO: [ app_end ] --END-- [ RunTime:0.001221s ]

[ 2016-05-04T11:12:58+08:00 ] ::1 /index.php/Home3/Index
INFO: [ app_init ] --START--
INFO: Run Behavior\BuildLiteBehavior [ RunTime:0.000028s ]
INFO: [ app_init ] --END-- [ RunTime:0.000769s ]
INFO: [ app_begin ] --START--
INFO: Run Behavior\ReadHtmlCacheBehavior [ RunTime:0.001267s ]
INFO: [ app_begin ] --END-- [ RunTime:0.001379s ]
SQL: SHOW COLUMNS FROM `ast_banner3` [ RunTime:0.0052s ]
SQL: SELECT * FROM `ast_banner3`  [ RunTime:0.0008s ]
SQL: SHOW COLUMNS FROM `ast_link3` [ RunTime:0.0040s ]
SQL: SELECT * FROM `ast_link3`  [ RunTime:0.0003s ]
SQL: SHOW COLUMNS FROM `ast_company3` [ RunTime:0.0049s ]
SQL: SHOW COLUMNS FROM `ast_article3` [ RunTime:0.0079s ]
SQL: SHOW COLUMNS FROM `ast_product3` [ RunTime:0.0062s ]
SQL: SHOW COLUMNS FROM `ast_procate3` [ RunTime:0.0059s ]
SQL: SELECT * FROM `ast_procate3`  [ RunTime:0.0006s ]
SQL: SELECT * FROM `ast_article3` WHERE `art_cateid` = 4 LIMIT 5   [ RunTime:0.0008s ]
SQL: SELECT * FROM `ast_article3` WHERE `art_cateid` = 5 LIMIT 3   [ RunTime:0.0004s ]
SQL: SELECT * FROM `ast_article3` ORDER BY art_addtime desc LIMIT 2,3   [ RunTime:0.0005s ]
SQL: SELECT * FROM `ast_article3` ORDER BY art_addtime desc LIMIT 1   [ RunTime:0.0004s ]
SQL: SELECT * FROM `ast_product3`  [ RunTime:0.0004s ]
SQL: SELECT * FROM `ast_company3`  [ RunTime:0.0002s ]
INFO: [ view_parse ] --START--
INFO: [ template_filter ] --START--
INFO: Run Behavior\ContentReplaceBehavior [ RunTime:0.000169s ]
INFO: [ template_filter ] --END-- [ RunTime:0.000289s ]
INFO: Run Behavior\ParseTemplateBehavior [ RunTime:0.018087s ]
INFO: [ view_parse ] --END-- [ RunTime:0.018160s ]
INFO: [ view_filter ] --START--
INFO: Run Behavior\WriteHtmlCacheBehavior [ RunTime:0.000498s ]
INFO: [ view_filter ] --END-- [ RunTime:0.000548s ]
INFO: [ app_end ] --START--
INFO: Run Behavior\ShowPageTraceBehavior [ RunTime:0.001230s ]
INFO: [ app_end ] --END-- [ RunTime:0.001318s ]

[ 2016-05-04T11:13:29+08:00 ] ::1 /index.php/Home3/Walkto/index
INFO: [ app_init ] --START--
INFO: Run Behavior\BuildLiteBehavior [ RunTime:0.000016s ]
INFO: [ app_init ] --END-- [ RunTime:0.000473s ]
INFO: [ app_begin ] --START--
INFO: Run Behavior\ReadHtmlCacheBehavior [ RunTime:0.000745s ]
INFO: [ app_begin ] --END-- [ RunTime:0.000808s ]
SQL: SHOW COLUMNS FROM `ast_banner3` [ RunTime:0.0037s ]
SQL: SELECT * FROM `ast_banner3`  [ RunTime:0.0003s ]
SQL: SHOW COLUMNS FROM `ast_link3` [ RunTime:0.0039s ]
SQL: SELECT * FROM `ast_link3`  [ RunTime:0.0003s ]
SQL: SHOW COLUMNS FROM `ast_about3` [ RunTime:0.0046s ]
SQL: SELECT * FROM `ast_about3`  [ RunTime:0.0003s ]
SQL: SELECT * FROM `ast_about3` WHERE `ast_aid` = 1  [ RunTime:0.0002s ]
INFO: [ view_parse ] --START--
INFO: [ template_filter ] --START--
INFO: Run Behavior\ContentReplaceBehavior [ RunTime:0.000098s ]
INFO: [ template_filter ] --END-- [ RunTime:0.000166s ]
NOTIC: [8] Undefined index: link_url C:\xampp\htdocs\aiston\Application\Runtime\Cache\Home3\9589e595a8298c37cc30ef46e876ab4d.php 第 63 行.
INFO: Run Behavior\ParseTemplateBehavior [ RunTime:0.010991s ]
INFO: [ view_parse ] --END-- [ RunTime:0.011224s ]
INFO: [ view_filter ] --START--
INFO: Run Behavior\WriteHtmlCacheBehavior [ RunTime:0.001088s ]
INFO: [ view_filter ] --END-- [ RunTime:0.001203s ]
INFO: [ app_end ] --START--
INFO: Run Behavior\ShowPageTraceBehavior [ RunTime:0.001070s ]
INFO: [ app_end ] --END-- [ RunTime:0.001200s ]

[ 2016-05-04T14:04:34+08:00 ] ::1 /index.php/Home3/Walkto/index
INFO: [ app_init ] --START--
INFO: Run Behavior\BuildLiteBehavior [ RunTime:0.000017s ]
INFO: [ app_init ] --END-- [ RunTime:0.000568s ]
INFO: [ app_begin ] --START--
INFO: Run Behavior\ReadHtmlCacheBehavior [ RunTime:0.001413s ]
INFO: [ app_begin ] --END-- [ RunTime:0.001525s ]
SQL: SHOW COLUMNS FROM `ast_banner3` [ RunTime:0.0055s ]
SQL: SELECT * FROM `ast_banner3`  [ RunTime:0.0006s ]
SQL: SHOW COLUMNS FROM `ast_link3` [ RunTime:0.0059s ]
SQL: SELECT * FROM `ast_link3`  [ RunTime:0.0006s ]
SQL: SHOW COLUMNS FROM `ast_about3` [ RunTime:0.0074s ]
SQL: SELECT * FROM `ast_about3`  [ RunTime:0.0005s ]
SQL: SELECT * FROM `ast_about3` WHERE `ast_aid` = 1  [ RunTime:0.0003s ]
INFO: [ view_parse ] --START--
INFO: [ template_filter ] --START--
INFO: Run Behavior\ContentReplaceBehavior [ RunTime:0.000157s ]
INFO: [ template_filter ] --END-- [ RunTime:0.000272s ]
NOTIC: [8] Undefined index: link_url C:\xampp\htdocs\aiston\Application\Runtime\Cache\Home3\9589e595a8298c37cc30ef46e876ab4d.php 第 63 行.
INFO: Run Behavior\ParseTemplateBehavior [ RunTime:0.020466s ]
INFO: [ view_parse ] --END-- [ RunTime:0.020587s ]
INFO: [ view_filter ] --START--
INFO: Run Behavior\WriteHtmlCacheBehavior [ RunTime:0.001397s ]
INFO: [ view_filter ] --END-- [ RunTime:0.001488s ]
INFO: [ app_end ] --START--
INFO: Run Behavior\ShowPageTraceBehavior [ RunTime:0.001739s ]
INFO: [ app_end ] --END-- [ RunTime:0.001840s ]

[ 2016-05-04T14:04:34+08:00 ] ::1 /index.php/Home3/Walkto/index
INFO: [ app_init ] --START--
INFO: Run Behavior\BuildLiteBehavior [ RunTime:0.000016s ]
INFO: [ app_init ] --END-- [ RunTime:0.000570s ]
INFO: [ app_begin ] --START--
INFO: Run Behavior\ReadHtmlCacheBehavior [ RunTime:0.000999s ]
INFO: [ app_begin ] --END-- [ RunTime:0.001065s ]
SQL: SHOW COLUMNS FROM `ast_banner3` [ RunTime:0.0043s ]
SQL: SELECT * FROM `ast_banner3`  [ RunTime:0.0004s ]
SQL: SHOW COLUMNS FROM `ast_link3` [ RunTime:0.0043s ]
SQL: SELECT * FROM `ast_link3`  [ RunTime:0.0004s ]
SQL: SHOW COLUMNS FROM `ast_about3` [ RunTime:0.0043s ]
SQL: SELECT * FROM `ast_about3`  [ RunTime:0.0004s ]
SQL: SELECT * FROM `ast_about3` WHERE `ast_aid` = 1  [ RunTime:0.0003s ]
INFO: [ view_parse ] --START--
INFO: [ template_filter ] --START--
INFO: Run Behavior\ContentReplaceBehavior [ RunTime:0.000096s ]
INFO: [ template_filter ] --END-- [ RunTime:0.000160s ]
NOTIC: [8] Undefined index: link_url C:\xampp\htdocs\aiston\Application\Runtime\Cache\Home3\9589e595a8298c37cc30ef46e876ab4d.php 第 63 行.
INFO: Run Behavior\ParseTemplateBehavior [ RunTime:0.013688s ]
INFO: [ view_parse ] --END-- [ RunTime:0.013782s ]
INFO: [ view_filter ] --START--
INFO: Run Behavior\WriteHtmlCacheBehavior [ RunTime:0.000804s ]
INFO: [ view_filter ] --END-- [ RunTime:0.000864s ]
INFO: [ app_end ] --START--
INFO: Run Behavior\ShowPageTraceBehavior [ RunTime:0.001511s ]
INFO: [ app_end ] --END-- [ RunTime:0.001631s ]

[ 2016-05-04T14:04:35+08:00 ] ::1 /index.php/Home3/Walkto/index
INFO: [ app_init ] --START--
INFO: Run Behavior\BuildLiteBehavior [ RunTime:0.000017s ]
INFO: [ app_init ] --END-- [ RunTime:0.000553s ]
INFO: [ app_begin ] --START--
INFO: Run Behavior\ReadHtmlCacheBehavior [ RunTime:0.000978s ]
INFO: [ app_begin ] --END-- [ RunTime:0.001041s ]
SQL: SHOW COLUMNS FROM `ast_banner3` [ RunTime:0.0048s ]
SQL: SELECT * FROM `ast_banner3`  [ RunTime:0.0004s ]
SQL: SHOW COLUMNS FROM `ast_link3` [ RunTime:0.0039s ]
SQL: SELECT * FROM `ast_link3`  [ RunTime:0.0003s ]
SQL: SHOW COLUMNS FROM `ast_about3` [ RunTime:0.0039s ]
SQL: SELECT * FROM `ast_about3`  [ RunTime:0.0003s ]
SQL: SELECT * FROM `ast_about3` WHERE `ast_aid` = 1  [ RunTime:0.0003s ]
INFO: [ view_parse ] --START--
INFO: [ template_filter ] --START--
INFO: Run Behavior\ContentReplaceBehavior [ RunTime:0.000096s ]
INFO: [ template_filter ] --END-- [ RunTime:0.000161s ]
NOTIC: [8] Undefined index: link_url C:\xampp\htdocs\aiston\Application\Runtime\Cache\Home3\9589e595a8298c37cc30ef46e876ab4d.php 第 63 行.
INFO: Run Behavior\ParseTemplateBehavior [ RunTime:0.013865s ]
INFO: [ view_parse ] --END-- [ RunTime:0.013940s ]
INFO: [ view_filter ] --START--
INFO: Run Behavior\WriteHtmlCacheBehavior [ RunTime:0.000682s ]
INFO: [ view_filter ] --END-- [ RunTime:0.000734s ]
INFO: [ app_end ] --START--
INFO: Run Behavior\ShowPageTraceBehavior [ RunTime:0.000901s ]
INFO: [ app_end ] --END-- [ RunTime:0.000954s ]

[ 2016-05-04T14:04:53+08:00 ] ::1 /index.php/Home3/Index
INFO: [ app_init ] --START--
INFO: Run Behavior\BuildLiteBehavior [ RunTime:0.000018s ]
INFO: [ app_init ] --END-- [ RunTime:0.000482s ]
INFO: [ app_begin ] --START--
INFO: Run Behavior\ReadHtmlCacheBehavior [ RunTime:0.000737s ]
INFO: [ app_begin ] --END-- [ RunTime:0.000799s ]
SQL: SHOW COLUMNS FROM `ast_banner3` [ RunTime:0.0042s ]
SQL: SELECT * FROM `ast_banner3`  [ RunTime:0.0004s ]
SQL: SHOW COLUMNS FROM `ast_link3` [ RunTime:0.0038s ]
SQL: SELECT * FROM `ast_link3`  [ RunTime:0.0003s ]
SQL: SHOW COLUMNS FROM `ast_company3` [ RunTime:0.0043s ]
SQL: SHOW COLUMNS FROM `ast_article3` [ RunTime:0.0050s ]
SQL: SHOW COLUMNS FROM `ast_product3` [ RunTime:0.0041s ]
SQL: SHOW COLUMNS FROM `ast_procate3` [ RunTime:0.0042s ]
SQL: SELECT * FROM `ast_procate3`  [ RunTime:0.0006s ]
SQL: SELECT * FROM `ast_article3` WHERE `art_cateid` = 4 LIMIT 5   [ RunTime:0.0005s ]
SQL: SELECT * FROM `ast_article3` WHERE `art_cateid` = 5 LIMIT 3   [ RunTime:0.0004s ]
SQL: SELECT * FROM `ast_article3` ORDER BY art_addtime desc LIMIT 2,3   [ RunTime:0.0006s ]
SQL: SELECT * FROM `ast_article3` ORDER BY art_addtime desc LIMIT 1   [ RunTime:0.0006s ]
SQL: SELECT * FROM `ast_product3`  [ RunTime:0.0005s ]
SQL: SELECT * FROM `ast_company3`  [ RunTime:0.0003s ]
INFO: [ view_parse ] --START--
INFO: [ template_filter ] --START--
INFO: Run Behavior\ContentReplaceBehavior [ RunTime:0.000134s ]
INFO: [ template_filter ] --END-- [ RunTime:0.000194s ]
INFO: Run Behavior\ParseTemplateBehavior [ RunTime:0.014825s ]
INFO: [ view_parse ] --END-- [ RunTime:0.014898s ]
INFO: [ view_filter ] --START--
INFO: Run Behavior\WriteHtmlCacheBehavior [ RunTime:0.000501s ]
INFO: [ view_filter ] --END-- [ RunTime:0.000552s ]
INFO: [ app_end ] --START--
INFO: Run Behavior\ShowPageTraceBehavior [ RunTime:0.001165s ]
INFO: [ app_end ] --END-- [ RunTime:0.001246s ]

[ 2016-05-04T14:07:55+08:00 ] ::1 /index.php/Home3/Index
INFO: [ app_init ] --START--
INFO: Run Behavior\BuildLiteBehavior [ RunTime:0.000036s ]
INFO: [ app_init ] --END-- [ RunTime:0.001615s ]
INFO: [ app_begin ] --START--
INFO: Run Behavior\ReadHtmlCacheBehavior [ RunTime:0.001519s ]
INFO: [ app_begin ] --END-- [ RunTime:0.001633s ]
SQL: SHOW COLUMNS FROM `ast_banner3` [ RunTime:0.0043s ]
SQL: SELECT * FROM `ast_banner3`  [ RunTime:0.0005s ]
SQL: SHOW COLUMNS FROM `ast_link3` [ RunTime:0.0047s ]
SQL: SELECT * FROM `ast_link3`  [ RunTime:0.0004s ]
SQL: SHOW COLUMNS FROM `ast_company3` [ RunTime:0.0050s ]
SQL: SHOW COLUMNS FROM `ast_article3` [ RunTime:0.0046s ]
SQL: SHOW COLUMNS FROM `ast_product3` [ RunTime:0.0044s ]
SQL: SHOW COLUMNS FROM `ast_procate3` [ RunTime:0.0040s ]
SQL: SELECT * FROM `ast_procate3`  [ RunTime:0.0003s ]
SQL: SELECT * FROM `ast_article3` WHERE `art_cateid` = 4 LIMIT 5   [ RunTime:0.0004s ]
SQL: SELECT * FROM `ast_article3` WHERE `art_cateid` = 5 LIMIT 3   [ RunTime:0.0003s ]
SQL: SELECT * FROM `ast_article3` ORDER BY art_addtime desc LIMIT 2,3   [ RunTime:0.0005s ]
SQL: SELECT * FROM `ast_article3` ORDER BY art_addtime desc LIMIT 1   [ RunTime:0.0003s ]
SQL: SELECT * FROM `ast_product3`  [ RunTime:0.0004s ]
SQL: SELECT * FROM `ast_company3`  [ RunTime:0.0002s ]
INFO: [ view_parse ] --START--
INFO: [ template_filter ] --START--
INFO: Run Behavior\ContentReplaceBehavior [ RunTime:0.000128s ]
INFO: [ template_filter ] --END-- [ RunTime:0.000193s ]
INFO: Run Behavior\ParseTemplateBehavior [ RunTime:0.020061s ]
INFO: [ view_parse ] --END-- [ RunTime:0.020142s ]
INFO: [ view_filter ] --START--
INFO: Run Behavior\WriteHtmlCacheBehavior [ RunTime:0.000798s ]
INFO: [ view_filter ] --END-- [ RunTime:0.000857s ]
INFO: [ app_end ] --START--
INFO: Run Behavior\ShowPageTraceBehavior [ RunTime:0.001876s ]
INFO: [ app_end ] --END-- [ RunTime:0.001948s ]

[ 2016-05-04T14:07:57+08:00 ] ::1 /index.php/Home3/Index/index
INFO: [ app_init ] --START--
INFO: Run Behavior\BuildLiteBehavior [ RunTime:0.000018s ]
INFO: [ app_init ] --END-- [ RunTime:0.000577s ]
INFO: [ app_begin ] --START--
INFO: Run Behavior\ReadHtmlCacheBehavior [ RunTime:0.000993s ]
INFO: [ app_begin ] --END-- [ RunTime:0.001054s ]
SQL: SHOW COLUMNS FROM `ast_banner3` [ RunTime:0.0041s ]
SQL: SELECT * FROM `ast_banner3`  [ RunTime:0.0004s ]
SQL: SHOW COLUMNS FROM `ast_link3` [ RunTime:0.0041s ]
SQL: SELECT * FROM `ast_link3`  [ RunTime:0.0003s ]
SQL: SHOW COLUMNS FROM `ast_company3` [ RunTime:0.0040s ]
SQL: SHOW COLUMNS FROM `ast_article3` [ RunTime:0.0057s ]
SQL: SHOW COLUMNS FROM `ast_product3` [ RunTime:0.0050s ]
SQL: SHOW COLUMNS FROM `ast_procate3` [ RunTime:0.0043s ]
SQL: SELECT * FROM `ast_procate3`  [ RunTime:0.0004s ]
SQL: SELECT * FROM `ast_article3` WHERE `art_cateid` = 4 LIMIT 5   [ RunTime:0.0004s ]
SQL: SELECT * FROM `ast_article3` WHERE `art_cateid` = 5 LIMIT 3   [ RunTime:0.0003s ]
SQL: SELECT * FROM `ast_article3` ORDER BY art_addtime desc LIMIT 2,3   [ RunTime:0.0005s ]
SQL: SELECT * FROM `ast_article3` ORDER BY art_addtime desc LIMIT 1   [ RunTime:0.0004s ]
SQL: SELECT * FROM `ast_product3`  [ RunTime:0.0004s ]
SQL: SELECT * FROM `ast_company3`  [ RunTime:0.0003s ]
INFO: [ view_parse ] --START--
INFO: [ template_filter ] --START--
INFO: Run Behavior\ContentReplaceBehavior [ RunTime:0.000135s ]
INFO: [ template_filter ] --END-- [ RunTime:0.000195s ]
INFO: Run Behavior\ParseTemplateBehavior [ RunTime:0.015559s ]
INFO: [ view_parse ] --END-- [ RunTime:0.015633s ]
INFO: [ view_filter ] --START--
INFO: Run Behavior\WriteHtmlCacheBehavior [ RunTime:0.000743s ]
INFO: [ view_filter ] --END-- [ RunTime:0.000796s ]
INFO: [ app_end ] --START--
INFO: Run Behavior\ShowPageTraceBehavior [ RunTime:0.002442s ]
INFO: [ app_end ] --END-- [ RunTime:0.002552s ]

[ 2016-05-04T14:08:03+08:00 ] ::1 /index.php/Home3/News/index
INFO: [ app_init ] --START--
INFO: Run Behavior\BuildLiteBehavior [ RunTime:0.000020s ]
INFO: [ app_init ] --END-- [ RunTime:0.000750s ]
INFO: [ app_begin ] --START--
INFO: Run Behavior\ReadHtmlCacheBehavior [ RunTime:0.000862s ]
INFO: [ app_begin ] --END-- [ RunTime:0.000941s ]
SQL: SHOW COLUMNS FROM `ast_banner3` [ RunTime:0.0057s ]
SQL: SELECT * FROM `ast_banner3`  [ RunTime:0.0007s ]
SQL: SHOW COLUMNS FROM `ast_link3` [ RunTime:0.0053s ]
SQL: SELECT * FROM `ast_link3`  [ RunTime:0.0004s ]
SQL: SHOW COLUMNS FROM `ast_article3` [ RunTime:0.0055s ]
SQL: SELECT * FROM `ast_article3`  [ RunTime:0.0005s ]
SQL: SHOW COLUMNS FROM `ast_artcate3` [ RunTime:0.0048s ]
SQL: SELECT * FROM `ast_artcate3`  [ RunTime:0.0003s ]
NOTIC: [8] Undefined index: id C:\xampp\htdocs\aiston\Application\Home3\Controller\NewsController.class.php 第 29 行.
SQL: SELECT * FROM `ast_article3` LIMIT 0,5   [ RunTime:0.0004s ]
NOTIC: [8] Undefined variable: catename C:\xampp\htdocs\aiston\Application\Home3\Controller\NewsController.class.php 第 39 行.
INFO: [ view_parse ] --START--
INFO: [ template_filter ] --START--
INFO: Run Behavior\ContentReplaceBehavior [ RunTime:0.000111s ]
INFO: [ template_filter ] --END-- [ RunTime:0.000184s ]
NOTIC: [8] Undefined index: p C:\xampp\htdocs\aiston\Application\Runtime\Cache\Home3\f351f60c79a7085c1884acf884052b91.php 第 80 行.
NOTIC: [8] Undefined index: p C:\xampp\htdocs\aiston\Application\Runtime\Cache\Home3\f351f60c79a7085c1884acf884052b91.php 第 87 行.
NOTIC: [8] Undefined index: p C:\xampp\htdocs\aiston\Application\Runtime\Cache\Home3\f351f60c79a7085c1884acf884052b91.php 第 87 行.
INFO: Run Behavior\ParseTemplateBehavior [ RunTime:0.017369s ]
INFO: [ view_parse ] --END-- [ RunTime:0.017432s ]
INFO: [ view_filter ] --START--
INFO: Run Behavior\WriteHtmlCacheBehavior [ RunTime:0.000649s ]
INFO: [ view_filter ] --END-- [ RunTime:0.000711s ]
INFO: [ app_end ] --START--
INFO: Run Behavior\ShowPageTraceBehavior [ RunTime:0.001255s ]
INFO: [ app_end ] --END-- [ RunTime:0.001336s ]

[ 2016-05-04T14:08:08+08:00 ] ::1 /index.php/Home3/News/details/id/52
INFO: [ app_init ] --START--
INFO: Run Behavior\BuildLiteBehavior [ RunTime:0.000017s ]
INFO: [ app_init ] --END-- [ RunTime:0.000494s ]
INFO: [ app_begin ] --START--
INFO: Run Behavior\ReadHtmlCacheBehavior [ RunTime:0.000806s ]
INFO: [ app_begin ] --END-- [ RunTime:0.000870s ]
SQL: SHOW COLUMNS FROM `ast_banner3` [ RunTime:0.0041s ]
SQL: SELECT * FROM `ast_banner3`  [ RunTime:0.0004s ]
SQL: SHOW COLUMNS FROM `ast_link3` [ RunTime:0.0039s ]
SQL: SELECT * FROM `ast_link3`  [ RunTime:0.0003s ]
SQL: SHOW COLUMNS FROM `ast_article3` [ RunTime:0.0045s ]
SQL: SELECT * FROM `ast_article3` WHERE `art_id` = 52  [ RunTime:0.0005s ]
SQL: SELECT * FROM `ast_article3` WHERE `art_id` = 51  [ RunTime:0.0003s ]
SQL: SELECT * FROM `ast_article3` WHERE `art_id` = 53  [ RunTime:0.0004s ]
SQL: SHOW COLUMNS FROM `ast_artcate3` [ RunTime:0.0042s ]
SQL: SELECT * FROM `ast_artcate3`  [ RunTime:0.0004s ]
SQL: SELECT * FROM `ast_artcate3` WHERE `cate_id` = 1  [ RunTime:0.0003s ]
NOTIC: [8] Undefined offset: 0 C:\xampp\htdocs\aiston\Application\Home3\Controller\NewsController.class.php 第 19 行.
INFO: [ view_parse ] --START--
INFO: [ template_filter ] --START--
INFO: Run Behavior\ContentReplaceBehavior [ RunTime:0.000103s ]
INFO: [ template_filter ] --END-- [ RunTime:0.000171s ]
INFO: Run Behavior\ParseTemplateBehavior [ RunTime:0.013644s ]
INFO: [ view_parse ] --END-- [ RunTime:0.013713s ]
INFO: [ view_filter ] --START--
INFO: Run Behavior\WriteHtmlCacheBehavior [ RunTime:0.000490s ]
INFO: [ view_filter ] --END-- [ RunTime:0.000538s ]
INFO: [ app_end ] --START--
INFO: Run Behavior\ShowPageTraceBehavior [ RunTime:0.000727s ]
INFO: [ app_end ] --END-- [ RunTime:0.000777s ]

[ 2016-05-04T14:08:11+08:00 ] ::1 /index.php/Home3/News/index/id/1
INFO: [ app_init ] --START--
INFO: Run Behavior\BuildLiteBehavior [ RunTime:0.000017s ]
INFO: [ app_init ] --END-- [ RunTime:0.000471s ]
INFO: [ app_begin ] --START--
INFO: Run Behavior\ReadHtmlCacheBehavior [ RunTime:0.000819s ]
INFO: [ app_begin ] --END-- [ RunTime:0.000896s ]
SQL: SHOW COLUMNS FROM `ast_banner3` [ RunTime:0.0043s ]
SQL: SELECT * FROM `ast_banner3`  [ RunTime:0.0004s ]
SQL: SHOW COLUMNS FROM `ast_link3` [ RunTime:0.0038s ]
SQL: SELECT * FROM `ast_link3`  [ RunTime:0.0003s ]
SQL: SHOW COLUMNS FROM `ast_article3` [ RunTime:0.0040s ]
SQL: SELECT * FROM `ast_article3`  [ RunTime:0.0005s ]
SQL: SHOW COLUMNS FROM `ast_artcate3` [ RunTime:0.0040s ]
SQL: SELECT * FROM `ast_artcate3`  [ RunTime:0.0003s ]
SQL: SELECT * FROM `ast_article3` WHERE `art_cateid` = 1  [ RunTime:0.0003s ]
SQL: SELECT * FROM `ast_artcate3` WHERE `cate_id` = 1  [ RunTime:0.0002s ]
NOTIC: [8] Undefined variable: Page C:\xampp\htdocs\aiston\Application\Home3\Controller\NewsController.class.php 第 41 行.
NOTIC: [8] Trying to get property of non-object C:\xampp\htdocs\aiston\Application\Home3\Controller\NewsController.class.php 第 41 行.
INFO: [ view_parse ] --START--
INFO: [ template_filter ] --START--
INFO: Run Behavior\ContentReplaceBehavior [ RunTime:0.000107s ]
INFO: [ template_filter ] --END-- [ RunTime:0.000171s ]
NOTIC: [8] Undefined index: p C:\xampp\htdocs\aiston\Application\Runtime\Cache\Home3\f351f60c79a7085c1884acf884052b91.php 第 80 行.
NOTIC: [8] Undefined index: p C:\xampp\htdocs\aiston\Application\Runtime\Cache\Home3\f351f60c79a7085c1884acf884052b91.php 第 87 行.
INFO: Run Behavior\ParseTemplateBehavior [ RunTime:0.013643s ]
INFO: [ view_parse ] --END-- [ RunTime:0.013701s ]
INFO: [ view_filter ] --START--
INFO: Run Behavior\WriteHtmlCacheBehavior [ RunTime:0.000490s ]
INFO: [ view_filter ] --END-- [ RunTime:0.000538s ]
INFO: [ app_end ] --START--
INFO: Run Behavior\ShowPageTraceBehavior [ RunTime:0.000784s ]
INFO: [ app_end ] --END-- [ RunTime:0.000838s ]

[ 2016-05-04T14:08:13+08:00 ] ::1 /index.php/Home3/Walkto/index
INFO: [ app_init ] --START--
INFO: Run Behavior\BuildLiteBehavior [ RunTime:0.000017s ]
INFO: [ app_init ] --END-- [ RunTime:0.000474s ]
INFO: [ app_begin ] --START--
INFO: Run Behavior\ReadHtmlCacheBehavior [ RunTime:0.000733s ]
INFO: [ app_begin ] --END-- [ RunTime:0.000796s ]
SQL: SHOW COLUMNS FROM `ast_banner3` [ RunTime:0.0041s ]
SQL: SELECT * FROM `ast_banner3`  [ RunTime:0.0004s ]
SQL: SHOW COLUMNS FROM `ast_link3` [ RunTime:0.0038s ]
SQL: SELECT * FROM `ast_link3`  [ RunTime:0.0003s ]
SQL: SHOW COLUMNS FROM `ast_about3` [ RunTime:0.0050s ]
SQL: SELECT * FROM `ast_about3`  [ RunTime:0.0004s ]
SQL: SELECT * FROM `ast_about3` WHERE `ast_aid` = 1  [ RunTime:0.0003s ]
INFO: [ view_parse ] --START--
INFO: [ template_filter ] --START--
INFO: Run Behavior\ContentReplaceBehavior [ RunTime:0.000098s ]
INFO: [ template_filter ] --END-- [ RunTime:0.000168s ]
NOTIC: [8] Undefined index: link_url C:\xampp\htdocs\aiston\Application\Runtime\Cache\Home3\9589e595a8298c37cc30ef46e876ab4d.php 第 63 行.
INFO: Run Behavior\ParseTemplateBehavior [ RunTime:0.011733s ]
INFO: [ view_parse ] --END-- [ RunTime:0.011817s ]
INFO: [ view_filter ] --START--
INFO: Run Behavior\WriteHtmlCacheBehavior [ RunTime:0.000593s ]
INFO: [ view_filter ] --END-- [ RunTime:0.000661s ]
INFO: [ app_end ] --START--
INFO: Run Behavior\ShowPageTraceBehavior [ RunTime:0.000787s ]
INFO: [ app_end ] --END-- [ RunTime:0.000849s ]

[ 2016-05-04T14:08:15+08:00 ] ::1 /index.php/Home3/Index/index
INFO: [ app_init ] --START--
INFO: Run Behavior\BuildLiteBehavior [ RunTime:0.000017s ]
INFO: [ app_init ] --END-- [ RunTime:0.000473s ]
INFO: [ app_begin ] --START--
INFO: Run Behavior\ReadHtmlCacheBehavior [ RunTime:0.000825s ]
INFO: [ app_begin ] --END-- [ RunTime:0.000890s ]
SQL: SHOW COLUMNS FROM `ast_banner3` [ RunTime:0.0044s ]
SQL: SELECT * FROM `ast_banner3`  [ RunTime:0.0004s ]
SQL: SHOW COLUMNS FROM `ast_link3` [ RunTime:0.0038s ]
SQL: SELECT * FROM `ast_link3`  [ RunTime:0.0003s ]
SQL: SHOW COLUMNS FROM `ast_company3` [ RunTime:0.0047s ]
SQL: SHOW COLUMNS FROM `ast_article3` [ RunTime:0.0040s ]
SQL: SHOW COLUMNS FROM `ast_product3` [ RunTime:0.0043s ]
SQL: SHOW COLUMNS FROM `ast_procate3` [ RunTime:0.0049s ]
SQL: SELECT * FROM `ast_procate3`  [ RunTime:0.0004s ]
SQL: SELECT * FROM `ast_article3` WHERE `art_cateid` = 4 LIMIT 5   [ RunTime:0.0004s ]
SQL: SELECT * FROM `ast_article3` WHERE `art_cateid` = 5 LIMIT 3   [ RunTime:0.0003s ]
SQL: SELECT * FROM `ast_article3` ORDER BY art_addtime desc LIMIT 2,3   [ RunTime:0.0005s ]
SQL: SELECT * FROM `ast_article3` ORDER BY art_addtime desc LIMIT 1   [ RunTime:0.0003s ]
SQL: SELECT * FROM `ast_product3`  [ RunTime:0.0003s ]
SQL: SELECT * FROM `ast_company3`  [ RunTime:0.0003s ]
INFO: [ view_parse ] --START--
INFO: [ template_filter ] --START--
INFO: Run Behavior\ContentReplaceBehavior [ RunTime:0.000139s ]
INFO: [ template_filter ] --END-- [ RunTime:0.000210s ]
INFO: Run Behavior\ParseTemplateBehavior [ RunTime:0.015366s ]
INFO: [ view_parse ] --END-- [ RunTime:0.015443s ]
INFO: [ view_filter ] --START--
INFO: Run Behavior\WriteHtmlCacheBehavior [ RunTime:0.000501s ]
INFO: [ view_filter ] --END-- [ RunTime:0.000552s ]
INFO: [ app_end ] --START--
INFO: Run Behavior\ShowPageTraceBehavior [ RunTime:0.001169s ]
INFO: [ app_end ] --END-- [ RunTime:0.001252s ]

[ 2016-05-04T14:08:21+08:00 ] ::1 /index.php/Home3/Index/index
INFO: [ app_init ] --START--
INFO: Run Behavior\BuildLiteBehavior [ RunTime:0.000017s ]
INFO: [ app_init ] --END-- [ RunTime:0.000488s ]
INFO: [ app_begin ] --START--
INFO: Run Behavior\ReadHtmlCacheBehavior [ RunTime:0.001155s ]
INFO: [ app_begin ] --END-- [ RunTime:0.001245s ]
SQL: SHOW COLUMNS FROM `ast_banner3` [ RunTime:0.0046s ]
SQL: SELECT * FROM `ast_banner3`  [ RunTime:0.0004s ]
SQL: SHOW COLUMNS FROM `ast_link3` [ RunTime:0.0042s ]
SQL: SELECT * FROM `ast_link3`  [ RunTime:0.0003s ]
SQL: SHOW COLUMNS FROM `ast_company3` [ RunTime:0.0040s ]
SQL: SHOW COLUMNS FROM `ast_article3` [ RunTime:0.0049s ]
SQL: SHOW COLUMNS FROM `ast_product3` [ RunTime:0.0048s ]
SQL: SHOW COLUMNS FROM `ast_procate3` [ RunTime:0.0042s ]
SQL: SELECT * FROM `ast_procate3`  [ RunTime:0.0003s ]
SQL: SELECT * FROM `ast_article3` WHERE `art_cateid` = 4 LIMIT 5   [ RunTime:0.0004s ]
SQL: SELECT * FROM `ast_article3` WHERE `art_cateid` = 5 LIMIT 3   [ RunTime:0.0003s ]
SQL: SELECT * FROM `ast_article3` ORDER BY art_addtime desc LIMIT 2,3   [ RunTime:0.0005s ]
SQL: SELECT * FROM `ast_article3` ORDER BY art_addtime desc LIMIT 1   [ RunTime:0.0003s ]
SQL: SELECT * FROM `ast_product3`  [ RunTime:0.0003s ]
SQL: SELECT * FROM `ast_company3`  [ RunTime:0.0002s ]
INFO: [ view_parse ] --START--
INFO: [ template_filter ] --START--
INFO: Run Behavior\ContentReplaceBehavior [ RunTime:0.000127s ]
INFO: [ template_filter ] --END-- [ RunTime:0.000188s ]
INFO: Run Behavior\ParseTemplateBehavior [ RunTime:0.015598s ]
INFO: [ view_parse ] --END-- [ RunTime:0.015667s ]
INFO: [ view_filter ] --START--
INFO: Run Behavior\WriteHtmlCacheBehavior [ RunTime:0.000492s ]
INFO: [ view_filter ] --END-- [ RunTime:0.000543s ]
INFO: [ app_end ] --START--
INFO: Run Behavior\ShowPageTraceBehavior [ RunTime:0.001368s ]
INFO: [ app_end ] --END-- [ RunTime:0.001468s ]

[ 2016-05-04T14:08:26+08:00 ] ::1 /index.php/Home3/News/index
INFO: [ app_init ] --START--
INFO: Run Behavior\BuildLiteBehavior [ RunTime:0.000016s ]
INFO: [ app_init ] --END-- [ RunTime:0.000467s ]
INFO: [ app_begin ] --START--
INFO: Run Behavior\ReadHtmlCacheBehavior [ RunTime:0.000739s ]
INFO: [ app_begin ] --END-- [ RunTime:0.000800s ]
SQL: SHOW COLUMNS FROM `ast_banner3` [ RunTime:0.0040s ]
SQL: SELECT * FROM `ast_banner3`  [ RunTime:0.0004s ]
SQL: SHOW COLUMNS FROM `ast_link3` [ RunTime:0.0043s ]
SQL: SELECT * FROM `ast_link3`  [ RunTime:0.0003s ]
SQL: SHOW COLUMNS FROM `ast_article3` [ RunTime:0.0045s ]
SQL: SELECT * FROM `ast_article3`  [ RunTime:0.0005s ]
SQL: SHOW COLUMNS FROM `ast_artcate3` [ RunTime:0.0049s ]
SQL: SELECT * FROM `ast_artcate3`  [ RunTime:0.0003s ]
NOTIC: [8] Undefined index: id C:\xampp\htdocs\aiston\Application\Home3\Controller\NewsController.class.php 第 29 行.
SQL: SELECT * FROM `ast_article3` LIMIT 0,5   [ RunTime:0.0004s ]
NOTIC: [8] Undefined variable: catename C:\xampp\htdocs\aiston\Application\Home3\Controller\NewsController.class.php 第 39 行.
INFO: [ view_parse ] --START--
INFO: [ template_filter ] --START--
INFO: Run Behavior\ContentReplaceBehavior [ RunTime:0.000104s ]
INFO: [ template_filter ] --END-- [ RunTime:0.000168s ]
NOTIC: [8] Undefined index: p C:\xampp\htdocs\aiston\Application\Runtime\Cache\Home3\f351f60c79a7085c1884acf884052b91.php 第 80 行.
NOTIC: [8] Undefined index: p C:\xampp\htdocs\aiston\Application\Runtime\Cache\Home3\f351f60c79a7085c1884acf884052b91.php 第 87 行.
NOTIC: [8] Undefined index: p C:\xampp\htdocs\aiston\Application\Runtime\Cache\Home3\f351f60c79a7085c1884acf884052b91.php 第 87 行.
INFO: Run Behavior\ParseTemplateBehavior [ RunTime:0.013946s ]
INFO: [ view_parse ] --END-- [ RunTime:0.014039s ]
INFO: [ view_filter ] --START--
INFO: Run Behavior\WriteHtmlCacheBehavior [ RunTime:0.000529s ]
INFO: [ view_filter ] --END-- [ RunTime:0.000579s ]
INFO: [ app_end ] --START--
INFO: Run Behavior\ShowPageTraceBehavior [ RunTime:0.000754s ]
INFO: [ app_end ] --END-- [ RunTime:0.000805s ]

[ 2016-05-04T14:08:27+08:00 ] ::1 /index.php/Home3/product/index
INFO: [ app_init ] --START--
INFO: Run Behavior\BuildLiteBehavior [ RunTime:0.000026s ]
INFO: [ app_init ] --END-- [ RunTime:0.000608s ]
INFO: [ app_begin ] --START--
INFO: Run Behavior\ReadHtmlCacheBehavior [ RunTime:0.000788s ]
INFO: [ app_begin ] --END-- [ RunTime:0.000861s ]
SQL: SHOW COLUMNS FROM `ast_banner3` [ RunTime:0.0044s ]
SQL: SELECT * FROM `ast_banner3`  [ RunTime:0.0004s ]
SQL: SHOW COLUMNS FROM `ast_link3` [ RunTime:0.0041s ]
SQL: SELECT * FROM `ast_link3`  [ RunTime:0.0003s ]
SQL: SHOW COLUMNS FROM `ast_procate3` [ RunTime:0.0046s ]
SQL: SELECT * FROM `ast_procate3`  [ RunTime:0.0004s ]
SQL: SHOW COLUMNS FROM `ast_product3` [ RunTime:0.0051s ]
NOTIC: [8] Undefined index: id C:\xampp\htdocs\aiston\Application\Home3\Controller\ProductController.class.php 第 25 行.
SQL: SELECT * FROM `ast_product3`  [ RunTime:0.0005s ]
SQL: SELECT * FROM `ast_product3` LIMIT 0,5   [ RunTime:0.0004s ]
NOTIC: [8] Undefined variable: catename C:\xampp\htdocs\aiston\Application\Home3\Controller\ProductController.class.php 第 45 行.
INFO: [ view_parse ] --START--
INFO: [ template_filter ] --START--
INFO: Run Behavior\ContentReplaceBehavior [ RunTime:0.000110s ]
INFO: [ template_filter ] --END-- [ RunTime:0.000175s ]
NOTIC: [8] Undefined variable: pro C:\xampp\htdocs\aiston\Application\Runtime\Cache\Home3\e1541c9ec7340f6139e81521752a0764.php 第 74 行.
NOTIC: [8] Undefined variable: pro C:\xampp\htdocs\aiston\Application\Runtime\Cache\Home3\e1541c9ec7340f6139e81521752a0764.php 第 74 行.
NOTIC: [8] Undefined variable: pro C:\xampp\htdocs\aiston\Application\Runtime\Cache\Home3\e1541c9ec7340f6139e81521752a0764.php 第 74 行.
NOTIC: [8] Undefined variable: pro C:\xampp\htdocs\aiston\Application\Runtime\Cache\Home3\e1541c9ec7340f6139e81521752a0764.php 第 74 行.
NOTIC: [8] Undefined variable: pro C:\xampp\htdocs\aiston\Application\Runtime\Cache\Home3\e1541c9ec7340f6139e81521752a0764.php 第 74 行.
NOTIC: [8] Undefined index: p C:\xampp\htdocs\aiston\Application\Runtime\Cache\Home3\e1541c9ec7340f6139e81521752a0764.php 第 83 行.
NOTIC: [8] Undefined index: p C:\xampp\htdocs\aiston\Application\Runtime\Cache\Home3\e1541c9ec7340f6139e81521752a0764.php 第 88 行.
NOTIC: [8] Undefined index: p C:\xampp\htdocs\aiston\Application\Runtime\Cache\Home3\e1541c9ec7340f6139e81521752a0764.php 第 88 行.
INFO: Run Behavior\ParseTemplateBehavior [ RunTime:0.018179s ]
INFO: [ view_parse ] --END-- [ RunTime:0.018256s ]
INFO: [ view_filter ] --START--
INFO: Run Behavior\WriteHtmlCacheBehavior [ RunTime:0.000508s ]
INFO: [ view_filter ] --END-- [ RunTime:0.000561s ]
INFO: [ app_end ] --START--
INFO: Run Behavior\ShowPageTraceBehavior [ RunTime:0.000866s ]
INFO: [ app_end ] --END-- [ RunTime:0.000924s ]

[ 2016-05-04T14:08:32+08:00 ] ::1 /index.php/Home3/Product/details/id/1
INFO: [ app_init ] --START--
INFO: Run Behavior\BuildLiteBehavior [ RunTime:0.000020s ]
INFO: [ app_init ] --END-- [ RunTime:0.000532s ]
INFO: [ app_begin ] --START--
INFO: Run Behavior\ReadHtmlCacheBehavior [ RunTime:0.000761s ]
INFO: [ app_begin ] --END-- [ RunTime:0.000827s ]
SQL: SHOW COLUMNS FROM `ast_banner3` [ RunTime:0.0049s ]
SQL: SELECT * FROM `ast_banner3`  [ RunTime:0.0004s ]
SQL: SHOW COLUMNS FROM `ast_link3` [ RunTime:0.0039s ]
SQL: SELECT * FROM `ast_link3`  [ RunTime:0.0003s ]
SQL: SHOW COLUMNS FROM `ast_procate3` [ RunTime:0.0041s ]
SQL: SELECT * FROM `ast_procate3`  [ RunTime:0.0004s ]
SQL: SHOW COLUMNS FROM `ast_product3` [ RunTime:0.0041s ]
SQL: SELECT * FROM `ast_product3` WHERE `pro_id` = 1  [ RunTime:0.0004s ]
SQL: SELECT * FROM `ast_procate3` WHERE `cate_id` = 1  [ RunTime:0.0002s ]
INFO: [ view_parse ] --START--
INFO: [ template_filter ] --START--
INFO: Run Behavior\ContentReplaceBehavior [ RunTime:0.000102s ]
INFO: [ template_filter ] --END-- [ RunTime:0.000168s ]
NOTIC: [8] Undefined index: art_author C:\xampp\htdocs\aiston\Application\Runtime\Cache\Home3\028ec2ddb94a605668b64349cb95c2dc.php 第 68 行.
NOTIC: [8] Undefined index: art_addtime C:\xampp\htdocs\aiston\Application\Runtime\Cache\Home3\028ec2ddb94a605668b64349cb95c2dc.php 第 68 行.
NOTIC: [8] Undefined variable: result1 C:\xampp\htdocs\aiston\Application\Runtime\Cache\Home3\028ec2ddb94a605668b64349cb95c2dc.php 第 79 行.
NOTIC: [8] Undefined variable: result1 C:\xampp\htdocs\aiston\Application\Runtime\Cache\Home3\028ec2ddb94a605668b64349cb95c2dc.php 第 79 行.
NOTIC: [8] Undefined variable: result2 C:\xampp\htdocs\aiston\Application\Runtime\Cache\Home3\028ec2ddb94a605668b64349cb95c2dc.php 第 80 行.
NOTIC: [8] Undefined variable: result2 C:\xampp\htdocs\aiston\Application\Runtime\Cache\Home3\028ec2ddb94a605668b64349cb95c2dc.php 第 80 行.
INFO: Run Behavior\ParseTemplateBehavior [ RunTime:0.013012s ]
INFO: [ view_parse ] --END-- [ RunTime:0.013093s ]
INFO: [ view_filter ] --START--
INFO: Run Behavior\WriteHtmlCacheBehavior [ RunTime:0.000568s ]
INFO: [ view_filter ] --END-- [ RunTime:0.000626s ]
INFO: [ app_end ] --START--
INFO: Run Behavior\ShowPageTraceBehavior [ RunTime:0.000827s ]
INFO: [ app_end ] --END-- [ RunTime:0.000880s ]

[ 2016-05-04T14:08:40+08:00 ] ::1 /index.php/Home3/Contact/index
INFO: [ app_init ] --START--
INFO: Run Behavior\BuildLiteBehavior [ RunTime:0.000018s ]
INFO: [ app_init ] --END-- [ RunTime:0.000690s ]
INFO: [ app_begin ] --START--
INFO: Run Behavior\ReadHtmlCacheBehavior [ RunTime:0.000747s ]
INFO: [ app_begin ] --END-- [ RunTime:0.000811s ]
SQL: SHOW COLUMNS FROM `ast_banner3` [ RunTime:0.0043s ]
SQL: SELECT * FROM `ast_banner3`  [ RunTime:0.0004s ]
SQL: SHOW COLUMNS FROM `ast_link3` [ RunTime:0.0038s ]
SQL: SELECT * FROM `ast_link3`  [ RunTime:0.0003s ]
SQL: SHOW COLUMNS FROM `ast_company3` [ RunTime:0.0047s ]
SQL: SELECT * FROM `ast_company3` WHERE `c_id` = 2  [ RunTime:0.0003s ]
INFO: [ view_parse ] --START--
INFO: [ template_filter ] --START--
INFO: Run Behavior\ContentReplaceBehavior [ RunTime:0.000197s ]
INFO: [ template_filter ] --END-- [ RunTime:0.000300s ]
INFO: Run Behavior\ParseTemplateBehavior [ RunTime:0.010909s ]
INFO: [ view_parse ] --END-- [ RunTime:0.011009s ]
INFO: [ view_filter ] --START--
INFO: Run Behavior\WriteHtmlCacheBehavior [ RunTime:0.000553s ]
INFO: [ view_filter ] --END-- [ RunTime:0.000623s ]
INFO: [ app_end ] --START--
INFO: Run Behavior\ShowPageTraceBehavior [ RunTime:0.001511s ]
INFO: [ app_end ] --END-- [ RunTime:0.001636s ]

[ 2016-05-04T14:08:42+08:00 ] ::1 /index.php/Home3/Work/index
INFO: [ app_init ] --START--
INFO: Run Behavior\BuildLiteBehavior [ RunTime:0.000016s ]
INFO: [ app_init ] --END-- [ RunTime:0.000464s ]
INFO: [ app_begin ] --START--
INFO: Run Behavior\ReadHtmlCacheBehavior [ RunTime:0.000723s ]
INFO: [ app_begin ] --END-- [ RunTime:0.000798s ]
SQL: SHOW COLUMNS FROM `ast_banner3` [ RunTime:0.0050s ]
SQL: SELECT * FROM `ast_banner3`  [ RunTime:0.0005s ]
SQL: SHOW COLUMNS FROM `ast_link3` [ RunTime:0.0041s ]
SQL: SELECT * FROM `ast_link3`  [ RunTime:0.0004s ]
SQL: SHOW COLUMNS FROM `ast_work3` [ RunTime:0.0046s ]
NOTIC: [8] Undefined index: title C:\xampp\htdocs\aiston\Application\Home3\Controller\WorkController.class.php 第 16 行.
SQL: SELECT * FROM `ast_work3` ORDER BY w_cateid asc  [ RunTime:0.0006s ]
SQL: SELECT * FROM `ast_work3` LIMIT 0,6   [ RunTime:0.0004s ]
INFO: [ view_parse ] --START--
INFO: [ template_filter ] --START--
INFO: Run Behavior\ContentReplaceBehavior [ RunTime:0.000194s ]
INFO: [ template_filter ] --END-- [ RunTime:0.000326s ]
NOTIC: [8] Undefined index: title C:\xampp\htdocs\aiston\Application\Runtime\Cache\Home3\b58cb57138716fe542db43f7bde966e8.php 第 53 行.
NOTIC: [8] Undefined index: link_url C:\xampp\htdocs\aiston\Application\Runtime\Cache\Home3\b58cb57138716fe542db43f7bde966e8.php 第 62 行.
NOTIC: [8] Undefined index: title C:\xampp\htdocs\aiston\Application\Runtime\Cache\Home3\b58cb57138716fe542db43f7bde966e8.php 第 67 行.
NOTIC: [8] Undefined index: p C:\xampp\htdocs\aiston\Application\Runtime\Cache\Home3\b58cb57138716fe542db43f7bde966e8.php 第 93 行.
NOTIC: [8] Undefined index: p C:\xampp\htdocs\aiston\Application\Runtime\Cache\Home3\b58cb57138716fe542db43f7bde966e8.php 第 101 行.
NOTIC: [8] Undefined index: p C:\xampp\htdocs\aiston\Application\Runtime\Cache\Home3\b58cb57138716fe542db43f7bde966e8.php 第 101 行.
INFO: Run Behavior\ParseTemplateBehavior [ RunTime:0.013844s ]
INFO: [ view_parse ] --END-- [ RunTime:0.013905s ]
INFO: [ view_filter ] --START--
INFO: Run Behavior\WriteHtmlCacheBehavior [ RunTime:0.000503s ]
INFO: [ view_filter ] --END-- [ RunTime:0.000550s ]
INFO: [ app_end ] --START--
INFO: Run Behavior\ShowPageTraceBehavior [ RunTime:0.000794s ]
INFO: [ app_end ] --END-- [ RunTime:0.000847s ]

[ 2016-05-04T14:08:47+08:00 ] ::1 /index.php/Home3/Work/index/title/%E7%A4%BE%E4%BC%9A%E6%8B%9B%E8%81%98
INFO: [ app_init ] --START--
INFO: Run Behavior\BuildLiteBehavior [ RunTime:0.000016s ]
INFO: [ app_init ] --END-- [ RunTime:0.000500s ]
INFO: [ app_begin ] --START--
INFO: Run Behavior\ReadHtmlCacheBehavior [ RunTime:0.000845s ]
INFO: [ app_begin ] --END-- [ RunTime:0.000930s ]
SQL: SHOW COLUMNS FROM `ast_banner3` [ RunTime:0.0048s ]
SQL: SELECT * FROM `ast_banner3`  [ RunTime:0.0005s ]
SQL: SHOW COLUMNS FROM `ast_link3` [ RunTime:0.0045s ]
SQL: SELECT * FROM `ast_link3`  [ RunTime:0.0003s ]
SQL: SHOW COLUMNS FROM `ast_work3` [ RunTime:0.0042s ]
SQL: SELECT * FROM `ast_work3` WHERE `w_cateid` = '社会招聘'  [ RunTime:0.0004s ]
NOTIC: [8] Undefined variable: Page C:\xampp\htdocs\aiston\Application\Home3\Controller\WorkController.class.php 第 24 行.
NOTIC: [8] Trying to get property of non-object C:\xampp\htdocs\aiston\Application\Home3\Controller\WorkController.class.php 第 24 行.
INFO: [ view_parse ] --START--
INFO: [ template_filter ] --START--
INFO: Run Behavior\ContentReplaceBehavior [ RunTime:0.000108s ]
INFO: [ template_filter ] --END-- [ RunTime:0.000197s ]
NOTIC: [8] Undefined index: link_url C:\xampp\htdocs\aiston\Application\Runtime\Cache\Home3\b58cb57138716fe542db43f7bde966e8.php 第 62 行.
NOTIC: [8] Undefined index: p C:\xampp\htdocs\aiston\Application\Runtime\Cache\Home3\b58cb57138716fe542db43f7bde966e8.php 第 93 行.
NOTIC: [8] Undefined index: p C:\xampp\htdocs\aiston\Application\Runtime\Cache\Home3\b58cb57138716fe542db43f7bde966e8.php 第 101 行.
INFO: Run Behavior\ParseTemplateBehavior [ RunTime:0.013083s ]
INFO: [ view_parse ] --END-- [ RunTime:0.013184s ]
INFO: [ view_filter ] --START--
INFO: Run Behavior\WriteHtmlCacheBehavior [ RunTime:0.000498s ]
INFO: [ view_filter ] --END-- [ RunTime:0.000548s ]
INFO: [ app_end ] --START--
INFO: Run Behavior\ShowPageTraceBehavior [ RunTime:0.000746s ]
INFO: [ app_end ] --END-- [ RunTime:0.000795s ]

[ 2016-05-04T14:08:51+08:00 ] ::1 /index.php/Home3/Work/index/title/%E6%A0%A1%E5%9B%AD%E6%8B%9B%E8%81%98
INFO: [ app_init ] --START--
INFO: Run Behavior\BuildLiteBehavior [ RunTime:0.000016s ]
INFO: [ app_init ] --END-- [ RunTime:0.000553s ]
INFO: [ app_begin ] --START--
INFO: Run Behavior\ReadHtmlCacheBehavior [ RunTime:0.000762s ]
INFO: [ app_begin ] --END-- [ RunTime:0.000846s ]
SQL: SHOW COLUMNS FROM `ast_banner3` [ RunTime:0.0040s ]
SQL: SELECT * FROM `ast_banner3`  [ RunTime:0.0004s ]
SQL: SHOW COLUMNS FROM `ast_link3` [ RunTime:0.0044s ]
SQL: SELECT * FROM `ast_link3`  [ RunTime:0.0003s ]
SQL: SHOW COLUMNS FROM `ast_work3` [ RunTime:0.0041s ]
SQL: SELECT * FROM `ast_work3` WHERE `w_cateid` = '校园招聘'  [ RunTime:0.0005s ]
NOTIC: [8] Undefined variable: Page C:\xampp\htdocs\aiston\Application\Home3\Controller\WorkController.class.php 第 24 行.
NOTIC: [8] Trying to get property of non-object C:\xampp\htdocs\aiston\Application\Home3\Controller\WorkController.class.php 第 24 行.
INFO: [ view_parse ] --START--
INFO: [ template_filter ] --START--
INFO: Run Behavior\ContentReplaceBehavior [ RunTime:0.000119s ]
INFO: [ template_filter ] --END-- [ RunTime:0.000205s ]
NOTIC: [8] Undefined index: link_url C:\xampp\htdocs\aiston\Application\Runtime\Cache\Home3\b58cb57138716fe542db43f7bde966e8.php 第 62 行.
NOTIC: [8] Undefined index: p C:\xampp\htdocs\aiston\Application\Runtime\Cache\Home3\b58cb57138716fe542db43f7bde966e8.php 第 93 行.
NOTIC: [8] Undefined index: p C:\xampp\htdocs\aiston\Application\Runtime\Cache\Home3\b58cb57138716fe542db43f7bde966e8.php 第 101 行.
INFO: Run Behavior\ParseTemplateBehavior [ RunTime:0.012664s ]
INFO: [ view_parse ] --END-- [ RunTime:0.012732s ]
INFO: [ view_filter ] --START--
INFO: Run Behavior\WriteHtmlCacheBehavior [ RunTime:0.000608s ]
INFO: [ view_filter ] --END-- [ RunTime:0.000673s ]
INFO: [ app_end ] --START--
INFO: Run Behavior\ShowPageTraceBehavior [ RunTime:0.001110s ]
INFO: [ app_end ] --END-- [ RunTime:0.001213s ]

[ 2016-05-04T14:08:57+08:00 ] ::1 /index.php/Home3/Index/index
INFO: [ app_init ] --START--
INFO: Run Behavior\BuildLiteBehavior [ RunTime:0.000016s ]
INFO: [ app_init ] --END-- [ RunTime:0.000478s ]
INFO: [ app_begin ] --START--
INFO: Run Behavior\ReadHtmlCacheBehavior [ RunTime:0.000732s ]
INFO: [ app_begin ] --END-- [ RunTime:0.000795s ]
SQL: SHOW COLUMNS FROM `ast_banner3` [ RunTime:0.0040s ]
SQL: SELECT * FROM `ast_banner3`  [ RunTime:0.0004s ]
SQL: SHOW COLUMNS FROM `ast_link3` [ RunTime:0.0038s ]
SQL: SELECT * FROM `ast_link3`  [ RunTime:0.0003s ]
SQL: SHOW COLUMNS FROM `ast_company3` [ RunTime:0.0049s ]
SQL: SHOW COLUMNS FROM `ast_article3` [ RunTime:0.0042s ]
SQL: SHOW COLUMNS FROM `ast_product3` [ RunTime:0.0054s ]
SQL: SHOW COLUMNS FROM `ast_procate3` [ RunTime:0.0044s ]
SQL: SELECT * FROM `ast_procate3`  [ RunTime:0.0005s ]
SQL: SELECT * FROM `ast_article3` WHERE `art_cateid` = 4 LIMIT 5   [ RunTime:0.0005s ]
SQL: SELECT * FROM `ast_article3` WHERE `art_cateid` = 5 LIMIT 3   [ RunTime:0.0004s ]
SQL: SELECT * FROM `ast_article3` ORDER BY art_addtime desc LIMIT 2,3   [ RunTime:0.0007s ]
SQL: SELECT * FROM `ast_article3` ORDER BY art_addtime desc LIMIT 1   [ RunTime:0.0006s ]
SQL: SELECT * FROM `ast_product3`  [ RunTime:0.0006s ]
SQL: SELECT * FROM `ast_company3`  [ RunTime:0.0004s ]
INFO: [ view_parse ] --START--
INFO: [ template_filter ] --START--
INFO: Run Behavior\ContentReplaceBehavior [ RunTime:0.000130s ]
INFO: [ template_filter ] --END-- [ RunTime:0.000193s ]
INFO: Run Behavior\ParseTemplateBehavior [ RunTime:0.017806s ]
INFO: [ view_parse ] --END-- [ RunTime:0.017913s ]
INFO: [ view_filter ] --START--
INFO: Run Behavior\WriteHtmlCacheBehavior [ RunTime:0.000813s ]
INFO: [ view_filter ] --END-- [ RunTime:0.000881s ]
INFO: [ app_end ] --START--
INFO: Run Behavior\ShowPageTraceBehavior [ RunTime:0.001250s ]
INFO: [ app_end ] --END-- [ RunTime:0.001351s ]

[ 2016-05-04T14:08:58+08:00 ] ::1 /index.php/Home3/Walkto/index
INFO: [ app_init ] --START--
INFO: Run Behavior\BuildLiteBehavior [ RunTime:0.000026s ]
INFO: [ app_init ] --END-- [ RunTime:0.000712s ]
INFO: [ app_begin ] --START--
INFO: Run Behavior\ReadHtmlCacheBehavior [ RunTime:0.000756s ]
INFO: [ app_begin ] --END-- [ RunTime:0.000825s ]
SQL: SHOW COLUMNS FROM `ast_banner3` [ RunTime:0.0045s ]
SQL: SELECT * FROM `ast_banner3`  [ RunTime:0.0004s ]
SQL: SHOW COLUMNS FROM `ast_link3` [ RunTime:0.0041s ]
SQL: SELECT * FROM `ast_link3`  [ RunTime:0.0004s ]
SQL: SHOW COLUMNS FROM `ast_about3` [ RunTime:0.0041s ]
SQL: SELECT * FROM `ast_about3`  [ RunTime:0.0004s ]
SQL: SELECT * FROM `ast_about3` WHERE `ast_aid` = 1  [ RunTime:0.0003s ]
INFO: [ view_parse ] --START--
INFO: [ template_filter ] --START--
INFO: Run Behavior\ContentReplaceBehavior [ RunTime:0.000098s ]
INFO: [ template_filter ] --END-- [ RunTime:0.000165s ]
NOTIC: [8] Undefined index: link_url C:\xampp\htdocs\aiston\Application\Runtime\Cache\Home3\9589e595a8298c37cc30ef46e876ab4d.php 第 63 行.
INFO: Run Behavior\ParseTemplateBehavior [ RunTime:0.013286s ]
INFO: [ view_parse ] --END-- [ RunTime:0.013360s ]
INFO: [ view_filter ] --START--
INFO: Run Behavior\WriteHtmlCacheBehavior [ RunTime:0.000505s ]
INFO: [ view_filter ] --END-- [ RunTime:0.000554s ]
INFO: [ app_end ] --START--
INFO: Run Behavior\ShowPageTraceBehavior [ RunTime:0.000725s ]
INFO: [ app_end ] --END-- [ RunTime:0.000778s ]

[ 2016-05-04T16:55:41+08:00 ] ::1 /index.php/Home3/Index
INFO: [ app_init ] --START--
INFO: Run Behavior\BuildLiteBehavior [ RunTime:0.000025s ]
INFO: [ app_init ] --END-- [ RunTime:0.000996s ]
INFO: [ app_begin ] --START--
INFO: Run Behavior\ReadHtmlCacheBehavior [ RunTime:0.001553s ]
INFO: [ app_begin ] --END-- [ RunTime:0.001652s ]
SQL: SHOW COLUMNS FROM `ast_banner3` [ RunTime:0.0055s ]
SQL: SELECT * FROM `ast_banner3`  [ RunTime:0.0004s ]
SQL: SHOW COLUMNS FROM `ast_link3` [ RunTime:0.0050s ]
SQL: SELECT * FROM `ast_link3`  [ RunTime:0.0004s ]
SQL: SHOW COLUMNS FROM `ast_company3` [ RunTime:0.0147s ]
SQL: SHOW COLUMNS FROM `ast_article3` [ RunTime:0.0078s ]
SQL: SHOW COLUMNS FROM `ast_product3` [ RunTime:0.0072s ]
SQL: SHOW COLUMNS FROM `ast_procate3` [ RunTime:0.0057s ]
SQL: SELECT * FROM `ast_procate3`  [ RunTime:0.0004s ]
SQL: SELECT * FROM `ast_article3` WHERE `art_cateid` = 4 LIMIT 5   [ RunTime:0.0004s ]
SQL: SELECT * FROM `ast_article3` WHERE `art_cateid` = 5 LIMIT 3   [ RunTime:0.0003s ]
SQL: SELECT * FROM `ast_article3` ORDER BY art_addtime desc LIMIT 2,3   [ RunTime:0.0006s ]
SQL: SELECT * FROM `ast_article3` ORDER BY art_addtime desc LIMIT 1   [ RunTime:0.0004s ]
SQL: SELECT * FROM `ast_product3`  [ RunTime:0.0004s ]
SQL: SELECT * FROM `ast_company3`  [ RunTime:0.0002s ]
INFO: [ view_parse ] --START--
INFO: [ template_filter ] --START--
INFO: Run Behavior\ContentReplaceBehavior [ RunTime:0.000130s ]
INFO: [ template_filter ] --END-- [ RunTime:0.000192s ]
INFO: Run Behavior\ParseTemplateBehavior [ RunTime:0.019801s ]
INFO: [ view_parse ] --END-- [ RunTime:0.019874s ]
INFO: [ view_filter ] --START--
INFO: Run Behavior\WriteHtmlCacheBehavior [ RunTime:0.001034s ]
INFO: [ view_filter ] --END-- [ RunTime:0.001111s ]
INFO: [ app_end ] --START--
INFO: Run Behavior\ShowPageTraceBehavior [ RunTime:0.002021s ]
INFO: [ app_end ] --END-- [ RunTime:0.002117s ]

[ 2016-05-04T16:55:51+08:00 ] ::1 /index.php/Home3/Index
INFO: [ app_init ] --START--
INFO: Run Behavior\BuildLiteBehavior [ RunTime:0.000023s ]
INFO: [ app_init ] --END-- [ RunTime:0.000776s ]
INFO: [ app_begin ] --START--
INFO: Run Behavior\ReadHtmlCacheBehavior [ RunTime:0.001002s ]
INFO: [ app_begin ] --END-- [ RunTime:0.001067s ]
SQL: SHOW COLUMNS FROM `ast_banner3` [ RunTime:0.0040s ]
SQL: SELECT * FROM `ast_banner3`  [ RunTime:0.0004s ]
SQL: SHOW COLUMNS FROM `ast_link3` [ RunTime:0.0047s ]
SQL: SELECT * FROM `ast_link3`  [ RunTime:0.0003s ]
SQL: SHOW COLUMNS FROM `ast_company3` [ RunTime:0.0040s ]
SQL: SHOW COLUMNS FROM `ast_article3` [ RunTime:0.0047s ]
SQL: SHOW COLUMNS FROM `ast_product3` [ RunTime:0.0045s ]
SQL: SHOW COLUMNS FROM `ast_procate3` [ RunTime:0.0037s ]
SQL: SELECT * FROM `ast_procate3`  [ RunTime:0.0003s ]
SQL: SELECT * FROM `ast_article3` WHERE `art_cateid` = 4 LIMIT 5   [ RunTime:0.0004s ]
SQL: SELECT * FROM `ast_article3` WHERE `art_cateid` = 5 LIMIT 3   [ RunTime:0.0003s ]
SQL: SELECT * FROM `ast_article3` ORDER BY art_addtime desc LIMIT 2,3   [ RunTime:0.0005s ]
SQL: SELECT * FROM `ast_article3` ORDER BY art_addtime desc LIMIT 1   [ RunTime:0.0003s ]
SQL: SELECT * FROM `ast_product3`  [ RunTime:0.0004s ]
SQL: SELECT * FROM `ast_company3`  [ RunTime:0.0002s ]
INFO: [ view_parse ] --START--
INFO: [ template_filter ] --START--
INFO: Run Behavior\ContentReplaceBehavior [ RunTime:0.000129s ]
INFO: [ template_filter ] --END-- [ RunTime:0.000193s ]
INFO: Run Behavior\ParseTemplateBehavior [ RunTime:0.017636s ]
INFO: [ view_parse ] --END-- [ RunTime:0.017726s ]
INFO: [ view_filter ] --START--
INFO: Run Behavior\WriteHtmlCacheBehavior [ RunTime:0.000887s ]
INFO: [ view_filter ] --END-- [ RunTime:0.000960s ]
INFO: [ app_end ] --START--
INFO: Run Behavior\ShowPageTraceBehavior [ RunTime:0.001895s ]
INFO: [ app_end ] --END-- [ RunTime:0.001988s ]

[ 2016-05-04T16:55:53+08:00 ] ::1 /index.php/Home3/Index/index
INFO: [ app_init ] --START--
INFO: Run Behavior\BuildLiteBehavior [ RunTime:0.000018s ]
INFO: [ app_init ] --END-- [ RunTime:0.000492s ]
INFO: [ app_begin ] --START--
INFO: Run Behavior\ReadHtmlCacheBehavior [ RunTime:0.000732s ]
INFO: [ app_begin ] --END-- [ RunTime:0.000796s ]
SQL: SHOW COLUMNS FROM `ast_banner3` [ RunTime:0.0043s ]
SQL: SELECT * FROM `ast_banner3`  [ RunTime:0.0004s ]
SQL: SHOW COLUMNS FROM `ast_link3` [ RunTime:0.0047s ]
SQL: SELECT * FROM `ast_link3`  [ RunTime:0.0003s ]
SQL: SHOW COLUMNS FROM `ast_company3` [ RunTime:0.0045s ]
SQL: SHOW COLUMNS FROM `ast_article3` [ RunTime:0.0049s ]
SQL: SHOW COLUMNS FROM `ast_product3` [ RunTime:0.0060s ]
SQL: SHOW COLUMNS FROM `ast_procate3` [ RunTime:0.0052s ]
SQL: SELECT * FROM `ast_procate3`  [ RunTime:0.0004s ]
SQL: SELECT * FROM `ast_article3` WHERE `art_cateid` = 4 LIMIT 5   [ RunTime:0.0005s ]
SQL: SELECT * FROM `ast_article3` WHERE `art_cateid` = 5 LIMIT 3   [ RunTime:0.0004s ]
SQL: SELECT * FROM `ast_article3` ORDER BY art_addtime desc LIMIT 2,3   [ RunTime:0.0005s ]
SQL: SELECT * FROM `ast_article3` ORDER BY art_addtime desc LIMIT 1   [ RunTime:0.0004s ]
SQL: SELECT * FROM `ast_product3`  [ RunTime:0.0006s ]
SQL: SELECT * FROM `ast_company3`  [ RunTime:0.0003s ]
INFO: [ view_parse ] --START--
INFO: [ template_filter ] --START--
INFO: Run Behavior\ContentReplaceBehavior [ RunTime:0.000128s ]
INFO: [ template_filter ] --END-- [ RunTime:0.000188s ]
INFO: Run Behavior\ParseTemplateBehavior [ RunTime:0.016674s ]
INFO: [ view_parse ] --END-- [ RunTime:0.016757s ]
INFO: [ view_filter ] --START--
INFO: Run Behavior\WriteHtmlCacheBehavior [ RunTime:0.000585s ]
INFO: [ view_filter ] --END-- [ RunTime:0.000653s ]
INFO: [ app_end ] --START--
INFO: Run Behavior\ShowPageTraceBehavior [ RunTime:0.001514s ]
INFO: [ app_end ] --END-- [ RunTime:0.001635s ]

[ 2016-05-04T17:04:34+08:00 ] ::1 /index.php/Home3/Index
INFO: [ app_init ] --START--
INFO: Run Behavior\BuildLiteBehavior [ RunTime:0.000016s ]
INFO: [ app_init ] --END-- [ RunTime:0.000497s ]
INFO: [ app_begin ] --START--
INFO: Run Behavior\ReadHtmlCacheBehavior [ RunTime:0.001316s ]
INFO: [ app_begin ] --END-- [ RunTime:0.001450s ]
SQL: SHOW COLUMNS FROM `ast_banner3` [ RunTime:0.0042s ]
SQL: SELECT * FROM `ast_banner3`  [ RunTime:0.0004s ]
SQL: SHOW COLUMNS FROM `ast_link3` [ RunTime:0.0040s ]
SQL: SELECT * FROM `ast_link3`  [ RunTime:0.0005s ]
SQL: SHOW COLUMNS FROM `ast_company3` [ RunTime:0.0042s ]
SQL: SHOW COLUMNS FROM `ast_article3` [ RunTime:0.0042s ]
SQL: SHOW COLUMNS FROM `ast_product3` [ RunTime:0.0043s ]
SQL: SHOW COLUMNS FROM `ast_procate3` [ RunTime:0.0047s ]
SQL: SELECT * FROM `ast_procate3`  [ RunTime:0.0004s ]
SQL: SELECT * FROM `ast_article3` WHERE `art_cateid` = 4 LIMIT 5   [ RunTime:0.0004s ]
SQL: SELECT * FROM `ast_article3` WHERE `art_cateid` = 5 LIMIT 3   [ RunTime:0.0003s ]
SQL: SELECT * FROM `ast_article3` ORDER BY art_addtime desc LIMIT 2,3   [ RunTime:0.0005s ]
SQL: SELECT * FROM `ast_article3` ORDER BY art_addtime desc LIMIT 1   [ RunTime:0.0003s ]
SQL: SELECT * FROM `ast_product3`  [ RunTime:0.0003s ]
SQL: SELECT * FROM `ast_company3`  [ RunTime:0.0002s ]
INFO: [ view_parse ] --START--
INFO: [ template_filter ] --START--
INFO: Run Behavior\ContentReplaceBehavior [ RunTime:0.000145s ]
INFO: [ template_filter ] --END-- [ RunTime:0.000213s ]
INFO: Run Behavior\ParseTemplateBehavior [ RunTime:0.017006s ]
INFO: [ view_parse ] --END-- [ RunTime:0.017077s ]
INFO: [ view_filter ] --START--
INFO: Run Behavior\WriteHtmlCacheBehavior [ RunTime:0.000556s ]
INFO: [ view_filter ] --END-- [ RunTime:0.000607s ]
INFO: [ app_end ] --START--
INFO: Run Behavior\ShowPageTraceBehavior [ RunTime:0.001342s ]
INFO: [ app_end ] --END-- [ RunTime:0.001430s ]

[ 2016-05-04T17:04:40+08:00 ] ::1 /index.php/Home3/Index/index
INFO: [ app_init ] --START--
INFO: Run Behavior\BuildLiteBehavior [ RunTime:0.000017s ]
INFO: [ app_init ] --END-- [ RunTime:0.000534s ]
INFO: [ app_begin ] --START--
INFO: Run Behavior\ReadHtmlCacheBehavior [ RunTime:0.000790s ]
INFO: [ app_begin ] --END-- [ RunTime:0.000898s ]
SQL: SHOW COLUMNS FROM `ast_banner3` [ RunTime:0.0044s ]
SQL: SELECT * FROM `ast_banner3`  [ RunTime:0.0005s ]
SQL: SHOW COLUMNS FROM `ast_link3` [ RunTime:0.0042s ]
SQL: SELECT * FROM `ast_link3`  [ RunTime:0.0004s ]
SQL: SHOW COLUMNS FROM `ast_company3` [ RunTime:0.0049s ]
SQL: SHOW COLUMNS FROM `ast_article3` [ RunTime:0.0042s ]
SQL: SHOW COLUMNS FROM `ast_product3` [ RunTime:0.0048s ]
SQL: SHOW COLUMNS FROM `ast_procate3` [ RunTime:0.0048s ]
SQL: SELECT * FROM `ast_procate3`  [ RunTime:0.0004s ]
SQL: SELECT * FROM `ast_article3` WHERE `art_cateid` = 4 LIMIT 5   [ RunTime:0.0004s ]
SQL: SELECT * FROM `ast_article3` WHERE `art_cateid` = 5 LIMIT 3   [ RunTime:0.0007s ]
SQL: SELECT * FROM `ast_article3` ORDER BY art_addtime desc LIMIT 2,3   [ RunTime:0.0008s ]
SQL: SELECT * FROM `ast_article3` ORDER BY art_addtime desc LIMIT 1   [ RunTime:0.0004s ]
SQL: SELECT * FROM `ast_product3`  [ RunTime:0.0004s ]
SQL: SELECT * FROM `ast_company3`  [ RunTime:0.0002s ]
INFO: [ view_parse ] --START--
INFO: [ template_filter ] --START--
INFO: Run Behavior\ContentReplaceBehavior [ RunTime:0.000153s ]
INFO: [ template_filter ] --END-- [ RunTime:0.000218s ]
INFO: Run Behavior\ParseTemplateBehavior [ RunTime:0.017748s ]
INFO: [ view_parse ] --END-- [ RunTime:0.017844s ]
INFO: [ view_filter ] --START--
INFO: Run Behavior\WriteHtmlCacheBehavior [ RunTime:0.000641s ]
INFO: [ view_filter ] --END-- [ RunTime:0.000701s ]
INFO: [ app_end ] --START--
INFO: Run Behavior\ShowPageTraceBehavior [ RunTime:0.001857s ]
INFO: [ app_end ] --END-- [ RunTime:0.001956s ]

[ 2016-05-04T17:04:41+08:00 ] ::1 /index.php/Home3/Index/index
INFO: [ app_init ] --START--
INFO: Run Behavior\BuildLiteBehavior [ RunTime:0.000018s ]
INFO: [ app_init ] --END-- [ RunTime:0.000497s ]
INFO: [ app_begin ] --START--
INFO: Run Behavior\ReadHtmlCacheBehavior [ RunTime:0.000814s ]
INFO: [ app_begin ] --END-- [ RunTime:0.000886s ]
SQL: SHOW COLUMNS FROM `ast_banner3` [ RunTime:0.0040s ]
SQL: SELECT * FROM `ast_banner3`  [ RunTime:0.0004s ]
SQL: SHOW COLUMNS FROM `ast_link3` [ RunTime:0.0037s ]
SQL: SELECT * FROM `ast_link3`  [ RunTime:0.0003s ]
SQL: SHOW COLUMNS FROM `ast_company3` [ RunTime:0.0044s ]
SQL: SHOW COLUMNS FROM `ast_article3` [ RunTime:0.0040s ]
SQL: SHOW COLUMNS FROM `ast_product3` [ RunTime:0.0040s ]
SQL: SHOW COLUMNS FROM `ast_procate3` [ RunTime:0.0051s ]
SQL: SELECT * FROM `ast_procate3`  [ RunTime:0.0004s ]
SQL: SELECT * FROM `ast_article3` WHERE `art_cateid` = 4 LIMIT 5   [ RunTime:0.0004s ]
SQL: SELECT * FROM `ast_article3` WHERE `art_cateid` = 5 LIMIT 3   [ RunTime:0.0003s ]
SQL: SELECT * FROM `ast_article3` ORDER BY art_addtime desc LIMIT 2,3   [ RunTime:0.0005s ]
SQL: SELECT * FROM `ast_article3` ORDER BY art_addtime desc LIMIT 1   [ RunTime:0.0003s ]
SQL: SELECT * FROM `ast_product3`  [ RunTime:0.0003s ]
SQL: SELECT * FROM `ast_company3`  [ RunTime:0.0002s ]
INFO: [ view_parse ] --START--
INFO: [ template_filter ] --START--
INFO: Run Behavior\ContentReplaceBehavior [ RunTime:0.000184s ]
INFO: [ template_filter ] --END-- [ RunTime:0.000290s ]
INFO: Run Behavior\ParseTemplateBehavior [ RunTime:0.016741s ]
INFO: [ view_parse ] --END-- [ RunTime:0.016816s ]
INFO: [ view_filter ] --START--
INFO: Run Behavior\WriteHtmlCacheBehavior [ RunTime:0.000513s ]
INFO: [ view_filter ] --END-- [ RunTime:0.000563s ]
INFO: [ app_end ] --START--
INFO: Run Behavior\ShowPageTraceBehavior [ RunTime:0.001301s ]
INFO: [ app_end ] --END-- [ RunTime:0.001434s ]

[ 2016-05-04T17:05:41+08:00 ] ::1 /index.php/Home3/Walkto/index
INFO: [ app_init ] --START--
INFO: Run Behavior\BuildLiteBehavior [ RunTime:0.000016s ]
INFO: [ app_init ] --END-- [ RunTime:0.000474s ]
INFO: [ app_begin ] --START--
INFO: Run Behavior\ReadHtmlCacheBehavior [ RunTime:0.000753s ]
INFO: [ app_begin ] --END-- [ RunTime:0.000816s ]
SQL: SHOW COLUMNS FROM `ast_banner3` [ RunTime:0.0041s ]
SQL: SELECT * FROM `ast_banner3`  [ RunTime:0.0004s ]
SQL: SHOW COLUMNS FROM `ast_link3` [ RunTime:0.0049s ]
SQL: SELECT * FROM `ast_link3`  [ RunTime:0.0003s ]
SQL: SHOW COLUMNS FROM `ast_about3` [ RunTime:0.0038s ]
SQL: SELECT * FROM `ast_about3`  [ RunTime:0.0003s ]
SQL: SELECT * FROM `ast_about3` WHERE `ast_aid` = 1  [ RunTime:0.0002s ]
INFO: [ view_parse ] --START--
INFO: [ template_filter ] --START--
INFO: Run Behavior\ContentReplaceBehavior [ RunTime:0.000107s ]
INFO: [ template_filter ] --END-- [ RunTime:0.000194s ]
NOTIC: [8] Undefined index: link_url C:\xampp\htdocs\aiston\Application\Runtime\Cache\Home3\9589e595a8298c37cc30ef46e876ab4d.php 第 63 行.
INFO: Run Behavior\ParseTemplateBehavior [ RunTime:0.013399s ]
INFO: [ view_parse ] --END-- [ RunTime:0.013488s ]
INFO: [ view_filter ] --START--
INFO: Run Behavior\WriteHtmlCacheBehavior [ RunTime:0.000543s ]
INFO: [ view_filter ] --END-- [ RunTime:0.000593s ]
INFO: [ app_end ] --START--
INFO: Run Behavior\ShowPageTraceBehavior [ RunTime:0.000853s ]
INFO: [ app_end ] --END-- [ RunTime:0.000906s ]

[ 2016-05-04T17:05:42+08:00 ] ::1 /index.php/Home3/product/index
INFO: [ app_init ] --START--
INFO: Run Behavior\BuildLiteBehavior [ RunTime:0.000017s ]
INFO: [ app_init ] --END-- [ RunTime:0.000485s ]
INFO: [ app_begin ] --START--
INFO: Run Behavior\ReadHtmlCacheBehavior [ RunTime:0.001065s ]
INFO: [ app_begin ] --END-- [ RunTime:0.001174s ]
SQL: SHOW COLUMNS FROM `ast_banner3` [ RunTime:0.0043s ]
SQL: SELECT * FROM `ast_banner3`  [ RunTime:0.0004s ]
SQL: SHOW COLUMNS FROM `ast_link3` [ RunTime:0.0045s ]
SQL: SELECT * FROM `ast_link3`  [ RunTime:0.0004s ]
SQL: SHOW COLUMNS FROM `ast_procate3` [ RunTime:0.0041s ]
SQL: SELECT * FROM `ast_procate3`  [ RunTime:0.0004s ]
SQL: SHOW COLUMNS FROM `ast_product3` [ RunTime:0.0057s ]
NOTIC: [8] Undefined index: id C:\xampp\htdocs\aiston\Application\Home3\Controller\ProductController.class.php 第 25 行.
SQL: SELECT * FROM `ast_product3`  [ RunTime:0.0006s ]
SQL: SELECT * FROM `ast_product3` LIMIT 0,5   [ RunTime:0.0004s ]
NOTIC: [8] Undefined variable: catename C:\xampp\htdocs\aiston\Application\Home3\Controller\ProductController.class.php 第 45 行.
INFO: [ view_parse ] --START--
INFO: [ template_filter ] --START--
INFO: Run Behavior\ContentReplaceBehavior [ RunTime:0.000110s ]
INFO: [ template_filter ] --END-- [ RunTime:0.000179s ]
NOTIC: [8] Undefined variable: pro C:\xampp\htdocs\aiston\Application\Runtime\Cache\Home3\e1541c9ec7340f6139e81521752a0764.php 第 74 行.
NOTIC: [8] Undefined variable: pro C:\xampp\htdocs\aiston\Application\Runtime\Cache\Home3\e1541c9ec7340f6139e81521752a0764.php 第 74 行.
NOTIC: [8] Undefined variable: pro C:\xampp\htdocs\aiston\Application\Runtime\Cache\Home3\e1541c9ec7340f6139e81521752a0764.php 第 74 行.
NOTIC: [8] Undefined variable: pro C:\xampp\htdocs\aiston\Application\Runtime\Cache\Home3\e1541c9ec7340f6139e81521752a0764.php 第 74 行.
NOTIC: [8] Undefined variable: pro C:\xampp\htdocs\aiston\Application\Runtime\Cache\Home3\e1541c9ec7340f6139e81521752a0764.php 第 74 行.
NOTIC: [8] Undefined index: p C:\xampp\htdocs\aiston\Application\Runtime\Cache\Home3\e1541c9ec7340f6139e81521752a0764.php 第 83 行.
NOTIC: [8] Undefined index: p C:\xampp\htdocs\aiston\Application\Runtime\Cache\Home3\e1541c9ec7340f6139e81521752a0764.php 第 88 行.
NOTIC: [8] Undefined index: p C:\xampp\htdocs\aiston\Application\Runtime\Cache\Home3\e1541c9ec7340f6139e81521752a0764.php 第 88 行.
INFO: Run Behavior\ParseTemplateBehavior [ RunTime:0.014807s ]
INFO: [ view_parse ] --END-- [ RunTime:0.014867s ]
INFO: [ view_filter ] --START--
INFO: Run Behavior\WriteHtmlCacheBehavior [ RunTime:0.000529s ]
INFO: [ view_filter ] --END-- [ RunTime:0.000581s ]
INFO: [ app_end ] --START--
INFO: Run Behavior\ShowPageTraceBehavior [ RunTime:0.000841s ]
INFO: [ app_end ] --END-- [ RunTime:0.000892s ]

[ 2016-05-04T17:05:43+08:00 ] ::1 /index.php/Home3/News/index
INFO: [ app_init ] --START--
INFO: Run Behavior\BuildLiteBehavior [ RunTime:0.000017s ]
INFO: [ app_init ] --END-- [ RunTime:0.000474s ]
INFO: [ app_begin ] --START--
INFO: Run Behavior\ReadHtmlCacheBehavior [ RunTime:0.000745s ]
INFO: [ app_begin ] --END-- [ RunTime:0.000809s ]
SQL: SHOW COLUMNS FROM `ast_banner3` [ RunTime:0.0042s ]
SQL: SELECT * FROM `ast_banner3`  [ RunTime:0.0004s ]
SQL: SHOW COLUMNS FROM `ast_link3` [ RunTime:0.0041s ]
SQL: SELECT * FROM `ast_link3`  [ RunTime:0.0003s ]
SQL: SHOW COLUMNS FROM `ast_article3` [ RunTime:0.0044s ]
SQL: SELECT * FROM `ast_article3`  [ RunTime:0.0005s ]
SQL: SHOW COLUMNS FROM `ast_artcate3` [ RunTime:0.0048s ]
SQL: SELECT * FROM `ast_artcate3`  [ RunTime:0.0003s ]
NOTIC: [8] Undefined index: id C:\xampp\htdocs\aiston\Application\Home3\Controller\NewsController.class.php 第 29 行.
SQL: SELECT * FROM `ast_article3` LIMIT 0,5   [ RunTime:0.0004s ]
NOTIC: [8] Undefined variable: catename C:\xampp\htdocs\aiston\Application\Home3\Controller\NewsController.class.php 第 39 行.
INFO: [ view_parse ] --START--
INFO: [ template_filter ] --START--
INFO: Run Behavior\ContentReplaceBehavior [ RunTime:0.000104s ]
INFO: [ template_filter ] --END-- [ RunTime:0.000170s ]
NOTIC: [8] Undefined index: p C:\xampp\htdocs\aiston\Application\Runtime\Cache\Home3\f351f60c79a7085c1884acf884052b91.php 第 80 行.
NOTIC: [8] Undefined index: p C:\xampp\htdocs\aiston\Application\Runtime\Cache\Home3\f351f60c79a7085c1884acf884052b91.php 第 87 行.
NOTIC: [8] Undefined index: p C:\xampp\htdocs\aiston\Application\Runtime\Cache\Home3\f351f60c79a7085c1884acf884052b91.php 第 87 行.
INFO: Run Behavior\ParseTemplateBehavior [ RunTime:0.014439s ]
INFO: [ view_parse ] --END-- [ RunTime:0.014501s ]
INFO: [ view_filter ] --START--
INFO: Run Behavior\WriteHtmlCacheBehavior [ RunTime:0.000543s ]
INFO: [ view_filter ] --END-- [ RunTime:0.000605s ]
INFO: [ app_end ] --START--
INFO: Run Behavior\ShowPageTraceBehavior [ RunTime:0.000974s ]
INFO: [ app_end ] --END-- [ RunTime:0.001026s ]

[ 2016-05-04T17:05:45+08:00 ] ::1 /index.php/Home3/Walkto/index
INFO: [ app_init ] --START--
INFO: Run Behavior\BuildLiteBehavior [ RunTime:0.000017s ]
INFO: [ app_init ] --END-- [ RunTime:0.000552s ]
INFO: [ app_begin ] --START--
INFO: Run Behavior\ReadHtmlCacheBehavior [ RunTime:0.000860s ]
INFO: [ app_begin ] --END-- [ RunTime:0.000944s ]
SQL: SHOW COLUMNS FROM `ast_banner3` [ RunTime:0.0052s ]
SQL: SELECT * FROM `ast_banner3`  [ RunTime:0.0004s ]
SQL: SHOW COLUMNS FROM `ast_link3` [ RunTime:0.0051s ]
SQL: SELECT * FROM `ast_link3`  [ RunTime:0.0004s ]
SQL: SHOW COLUMNS FROM `ast_about3` [ RunTime:0.0053s ]
SQL: SELECT * FROM `ast_about3`  [ RunTime:0.0004s ]
SQL: SELECT * FROM `ast_about3` WHERE `ast_aid` = 1  [ RunTime:0.0003s ]
INFO: [ view_parse ] --START--
INFO: [ template_filter ] --START--
INFO: Run Behavior\ContentReplaceBehavior [ RunTime:0.000157s ]
INFO: [ template_filter ] --END-- [ RunTime:0.000265s ]
NOTIC: [8] Undefined index: link_url C:\xampp\htdocs\aiston\Application\Runtime\Cache\Home3\9589e595a8298c37cc30ef46e876ab4d.php 第 63 行.
INFO: Run Behavior\ParseTemplateBehavior [ RunTime:0.016468s ]
INFO: [ view_parse ] --END-- [ RunTime:0.016542s ]
INFO: [ view_filter ] --START--
INFO: Run Behavior\WriteHtmlCacheBehavior [ RunTime:0.000631s ]
INFO: [ view_filter ] --END-- [ RunTime:0.000681s ]
INFO: [ app_end ] --START--
INFO: Run Behavior\ShowPageTraceBehavior [ RunTime:0.000955s ]
INFO: [ app_end ] --END-- [ RunTime:0.001009s ]

[ 2016-05-04T18:01:02+08:00 ] ::1 /index.php/Home3/Index
INFO: [ app_init ] --START--
INFO: Run Behavior\BuildLiteBehavior [ RunTime:0.000020s ]
INFO: [ app_init ] --END-- [ RunTime:0.000825s ]
INFO: [ app_begin ] --START--
INFO: Run Behavior\ReadHtmlCacheBehavior [ RunTime:0.001146s ]
INFO: [ app_begin ] --END-- [ RunTime:0.001258s ]
SQL: SHOW COLUMNS FROM `ast_banner3` [ RunTime:0.0041s ]
SQL: SELECT * FROM `ast_banner3`  [ RunTime:0.0004s ]
SQL: SHOW COLUMNS FROM `ast_link3` [ RunTime:0.0044s ]
SQL: SELECT * FROM `ast_link3`  [ RunTime:0.0004s ]
SQL: SHOW COLUMNS FROM `ast_company3` [ RunTime:0.0044s ]
SQL: SHOW COLUMNS FROM `ast_article3` [ RunTime:0.0044s ]
SQL: SHOW COLUMNS FROM `ast_product3` [ RunTime:0.0043s ]
SQL: SHOW COLUMNS FROM `ast_procate3` [ RunTime:0.0041s ]
SQL: SELECT * FROM `ast_procate3`  [ RunTime:0.0004s ]
SQL: SELECT * FROM `ast_article3` WHERE `art_cateid` = 4 LIMIT 5   [ RunTime:0.0004s ]
SQL: SELECT * FROM `ast_article3` WHERE `art_cateid` = 5 LIMIT 3   [ RunTime:0.0003s ]
SQL: SELECT * FROM `ast_article3` ORDER BY art_addtime desc LIMIT 2,3   [ RunTime:0.0005s ]
SQL: SELECT * FROM `ast_article3` ORDER BY art_addtime desc LIMIT 1   [ RunTime:0.0003s ]
SQL: SELECT * FROM `ast_product3`  [ RunTime:0.0003s ]
SQL: SELECT * FROM `ast_company3`  [ RunTime:0.0002s ]
INFO: [ view_parse ] --START--
INFO: [ template_filter ] --START--
INFO: Run Behavior\ContentReplaceBehavior [ RunTime:0.000170s ]
INFO: [ template_filter ] --END-- [ RunTime:0.000236s ]
INFO: Run Behavior\ParseTemplateBehavior [ RunTime:0.020330s ]
INFO: [ view_parse ] --END-- [ RunTime:0.020416s ]
INFO: [ view_filter ] --START--
INFO: Run Behavior\WriteHtmlCacheBehavior [ RunTime:0.000734s ]
INFO: [ view_filter ] --END-- [ RunTime:0.000786s ]
INFO: [ app_end ] --START--
INFO: Run Behavior\ShowPageTraceBehavior [ RunTime:0.001677s ]
INFO: [ app_end ] --END-- [ RunTime:0.001751s ]

