[ 2016-03-26T10:08:12+08:00 ] ::1 /index.php/Home3/Contact/index
INFO: [ app_init ] --START--
INFO: Run Behavior\BuildLiteBehavior [ RunTime:0.000027s ]
INFO: [ app_init ] --END-- [ RunTime:0.000925s ]
INFO: [ app_begin ] --START--
INFO: Run Behavior\ReadHtmlCacheBehavior [ RunTime:0.001462s ]
INFO: [ app_begin ] --END-- [ RunTime:0.001632s ]
SQL: SHOW COLUMNS FROM `ast_banner3` [ RunTime:0.0046s ]
SQL: SELECT * FROM `ast_banner3`  [ RunTime:0.0007s ]
SQL: SHOW COLUMNS FROM `ast_link3` [ RunTime:0.0051s ]
SQL: SELECT * FROM `ast_link3`  [ RunTime:0.0004s ]
SQL: SHOW COLUMNS FROM `ast_company3` [ RunTime:0.0044s ]
SQL: SELECT * FROM `ast_company3` WHERE `c_id` = 2  [ RunTime:0.0004s ]
INFO: [ view_parse ] --START--
INFO: [ template_filter ] --START--
INFO: Run Behavior\ContentReplaceBehavior [ RunTime:0.000096s ]
INFO: [ template_filter ] --END-- [ RunTime:0.000179s ]
INFO: Run Behavior\ParseTemplateBehavior [ RunTime:0.014598s ]
INFO: [ view_parse ] --END-- [ RunTime:0.014695s ]
INFO: [ view_filter ] --START--
INFO: Run Behavior\WriteHtmlCacheBehavior [ RunTime:0.000786s ]
INFO: [ view_filter ] --END-- [ RunTime:0.000836s ]
INFO: [ app_end ] --START--
INFO: Run Behavior\ShowPageTraceBehavior [ RunTime:0.001506s ]
INFO: [ app_end ] --END-- [ RunTime:0.001596s ]

[ 2016-03-26T10:11:48+08:00 ] ::1 /index.php/Home3/Index
INFO: [ app_init ] --START--
INFO: Run Behavior\BuildLiteBehavior [ RunTime:0.000029s ]
INFO: [ app_init ] --END-- [ RunTime:0.000946s ]
INFO: [ app_begin ] --START--
INFO: Run Behavior\ReadHtmlCacheBehavior [ RunTime:0.004803s ]
INFO: [ app_begin ] --END-- [ RunTime:0.004951s ]
SQL: SHOW COLUMNS FROM `ast_banner3` [ RunTime:0.0099s ]
SQL: SELECT * FROM `ast_banner3`  [ RunTime:0.0010s ]
SQL: SHOW COLUMNS FROM `ast_link3` [ RunTime:0.0074s ]
SQL: SELECT * FROM `ast_link3`  [ RunTime:0.0008s ]
SQL: SHOW COLUMNS FROM `ast_company3` [ RunTime:0.0064s ]
SQL: SHOW COLUMNS FROM `ast_article3` [ RunTime:0.0047s ]
SQL: SHOW COLUMNS FROM `ast_product3` [ RunTime:0.0054s ]
SQL: SHOW COLUMNS FROM `ast_procate3` [ RunTime:0.0041s ]
SQL: SELECT * FROM `ast_procate3`  [ RunTime:0.0006s ]
SQL: SELECT * FROM `ast_article3` WHERE `art_cateid` = 4 LIMIT 5   [ RunTime:0.0007s ]
SQL: SELECT * FROM `ast_article3` WHERE `art_cateid` = 5 LIMIT 3   [ RunTime:0.0005s ]
SQL: SELECT * FROM `ast_article3` ORDER BY art_addtime desc LIMIT 2,3   [ RunTime:0.0007s ]
SQL: SELECT * FROM `ast_article3` ORDER BY art_addtime desc LIMIT 1   [ RunTime:0.0007s ]
SQL: SELECT * FROM `ast_product3`  [ RunTime:0.0011s ]
SQL: SELECT * FROM `ast_company3`  [ RunTime:0.0006s ]
INFO: [ view_parse ] --START--
INFO: [ template_filter ] --START--
INFO: Run Behavior\ContentReplaceBehavior [ RunTime:0.000199s ]
INFO: [ template_filter ] --END-- [ RunTime:0.000315s ]
INFO: Run Behavior\ParseTemplateBehavior [ RunTime:0.042404s ]
INFO: [ view_parse ] --END-- [ RunTime:0.042704s ]
INFO: [ view_filter ] --START--
INFO: Run Behavior\WriteHtmlCacheBehavior [ RunTime:0.006880s ]
INFO: [ view_filter ] --END-- [ RunTime:0.007044s ]
INFO: [ app_end ] --START--
INFO: Run Behavior\ShowPageTraceBehavior [ RunTime:0.004525s ]
INFO: [ app_end ] --END-- [ RunTime:0.004709s ]

