[ 2016-05-07T14:27:50+08:00 ] ::1 /index.php/Home3/index
INFO: [ app_init ] --START--
INFO: Run Behavior\BuildLiteBehavior [ RunTime:0.000016s ]
INFO: [ app_init ] --END-- [ RunTime:0.000477s ]
INFO: [ app_begin ] --START--
INFO: Run Behavior\ReadHtmlCacheBehavior [ RunTime:0.000717s ]
INFO: [ app_begin ] --END-- [ RunTime:0.000779s ]
SQL: SHOW COLUMNS FROM `ast_banner3` [ RunTime:0.0061s ]
SQL: SELECT * FROM `ast_banner3`  [ RunTime:0.0005s ]
SQL: SHOW COLUMNS FROM `ast_link3` [ RunTime:0.0061s ]
SQL: SELECT * FROM `ast_link3`  [ RunTime:0.0003s ]
SQL: SHOW COLUMNS FROM `ast_company3` [ RunTime:0.0179s ]
SQL: SHOW COLUMNS FROM `ast_article3` [ RunTime:0.0059s ]
SQL: SHOW COLUMNS FROM `ast_product3` [ RunTime:0.0062s ]
SQL: SHOW COLUMNS FROM `ast_procate3` [ RunTime:0.0057s ]
SQL: SELECT * FROM `ast_procate3`  [ RunTime:0.0004s ]
SQL: SELECT * FROM `ast_article3` WHERE `art_cateid` = 4 LIMIT 5   [ RunTime:0.0006s ]
SQL: SELECT * FROM `ast_article3` WHERE `art_cateid` = 5 LIMIT 3   [ RunTime:0.0003s ]
SQL: SELECT * FROM `ast_article3` ORDER BY art_addtime desc LIMIT 2,3   [ RunTime:0.0005s ]
SQL: SELECT * FROM `ast_article3` ORDER BY art_addtime desc LIMIT 1   [ RunTime:0.0004s ]
SQL: SELECT * FROM `ast_product3`  [ RunTime:0.0006s ]
SQL: SELECT * FROM `ast_company3`  [ RunTime:0.0003s ]
INFO: [ view_parse ] --START--
INFO: [ template_filter ] --START--
INFO: Run Behavior\ContentReplaceBehavior [ RunTime:0.000137s ]
INFO: [ template_filter ] --END-- [ RunTime:0.000201s ]
INFO: Run Behavior\ParseTemplateBehavior [ RunTime:0.017228s ]
INFO: [ view_parse ] --END-- [ RunTime:0.017318s ]
INFO: [ view_filter ] --START--
INFO: Run Behavior\WriteHtmlCacheBehavior [ RunTime:0.000584s ]
INFO: [ view_filter ] --END-- [ RunTime:0.000641s ]
INFO: [ app_end ] --START--
INFO: Run Behavior\ShowPageTraceBehavior [ RunTime:0.001217s ]
INFO: [ app_end ] --END-- [ RunTime:0.001315s ]

