[ 2016-03-22T13:46:01+08:00 ] ::1 /index.php/Home3/Index
INFO: [ app_init ] --START--
INFO: Run Behavior\BuildLiteBehavior [ RunTime:0.000038s ]
INFO: [ app_init ] --END-- [ RunTime:0.001118s ]
INFO: [ app_begin ] --START--
INFO: Run Behavior\ReadHtmlCacheBehavior [ RunTime:0.001358s ]
INFO: [ app_begin ] --END-- [ RunTime:0.001478s ]
SQL: SHOW COLUMNS FROM `ast_banner3` [ RunTime:0.0099s ]
SQL: SELECT * FROM `ast_banner3`  [ RunTime:0.0006s ]
SQL: SHOW COLUMNS FROM `ast_link3` [ RunTime:0.0095s ]
SQL: SELECT * FROM `ast_link3`  [ RunTime:0.0006s ]
SQL: SHOW COLUMNS FROM `ast_company3` [ RunTime:0.0415s ]
SQL: SHOW COLUMNS FROM `ast_article3` [ RunTime:0.0113s ]
SQL: SHOW COLUMNS FROM `ast_product3` [ RunTime:0.0119s ]
SQL: SHOW COLUMNS FROM `ast_procate3` [ RunTime:0.0133s ]
SQL: SELECT * FROM `ast_procate3`  [ RunTime:0.0006s ]
SQL: SELECT * FROM `ast_article3` WHERE `art_cateid` = 4 LIMIT 5   [ RunTime:0.0009s ]
SQL: SELECT * FROM `ast_article3` WHERE `art_cateid` = 5 LIMIT 3   [ RunTime:0.0005s ]
SQL: SELECT * FROM `ast_article3` ORDER BY art_addtime desc LIMIT 2,3   [ RunTime:0.0010s ]
SQL: SELECT * FROM `ast_article3` ORDER BY art_addtime desc LIMIT 1   [ RunTime:0.0008s ]
SQL: SELECT * FROM `ast_product3`  [ RunTime:0.0008s ]
SQL: SELECT * FROM `ast_company3`  [ RunTime:0.0004s ]
INFO: [ view_parse ] --START--
INFO: [ template_filter ] --START--
INFO: Run Behavior\ContentReplaceBehavior [ RunTime:0.000202s ]
INFO: [ template_filter ] --END-- [ RunTime:0.000338s ]
INFO: Run Behavior\ParseTemplateBehavior [ RunTime:0.029427s ]
INFO: [ view_parse ] --END-- [ RunTime:0.029546s ]
INFO: [ view_filter ] --START--
INFO: Run Behavior\WriteHtmlCacheBehavior [ RunTime:0.001088s ]
INFO: [ view_filter ] --END-- [ RunTime:0.001175s ]
INFO: [ app_end ] --START--
INFO: Run Behavior\ShowPageTraceBehavior [ RunTime:0.002492s ]
INFO: [ app_end ] --END-- [ RunTime:0.002696s ]

