[ 2016-04-09T21:32:01+08:00 ] ::1 /index.php/Homeen5/Index/index
INFO: [ app_init ] --START--
INFO: Run Behavior\BuildLiteBehavior [ RunTime:0.000022s ]
INFO: [ app_init ] --END-- [ RunTime:0.000979s ]
INFO: [ app_begin ] --START--
INFO: Run Behavior\ReadHtmlCacheBehavior [ RunTime:0.001180s ]
INFO: [ app_begin ] --END-- [ RunTime:0.001274s ]
SQL: SHOW COLUMNS FROM `ast_banneren5` [ RunTime:0.0078s ]
SQL: SELECT * FROM `ast_banneren5`  [ RunTime:0.0006s ]
SQL: SHOW COLUMNS FROM `ast_linken5` [ RunTime:0.0075s ]
SQL: SELECT * FROM `ast_linken5`  [ RunTime:0.0006s ]
SQL: SHOW COLUMNS FROM `ast_companyen5` [ RunTime:0.0212s ]
SQL: SHOW COLUMNS FROM `ast_articleen5` [ RunTime:0.0087s ]
SQL: SHOW COLUMNS FROM `ast_producten5` [ RunTime:0.0065s ]
SQL: SHOW COLUMNS FROM `ast_procateen5` [ RunTime:0.0052s ]
SQL: SELECT * FROM `ast_procateen5`  [ RunTime:0.0003s ]
SQL: SELECT * FROM `ast_articleen5` WHERE `art_cateid` = 4 LIMIT 5   [ RunTime:0.0005s ]
SQL: SELECT * FROM `ast_articleen5` WHERE `art_cateid` = 5 LIMIT 3   [ RunTime:0.0002s ]
SQL: SELECT * FROM `ast_articleen5` ORDER BY art_addtime desc LIMIT 2,3   [ RunTime:0.0004s ]
SQL: SELECT * FROM `ast_articleen5` ORDER BY art_addtime desc LIMIT 1   [ RunTime:0.0003s ]
SQL: SELECT * FROM `ast_producten5`  [ RunTime:0.0005s ]
SQL: SELECT * FROM `ast_companyen5`  [ RunTime:0.0002s ]
INFO: [ view_parse ] --START--
INFO: [ template_filter ] --START--
INFO: Run Behavior\ContentReplaceBehavior [ RunTime:0.000125s ]
INFO: [ template_filter ] --END-- [ RunTime:0.000190s ]
INFO: Run Behavior\ParseTemplateBehavior [ RunTime:0.016579s ]
INFO: [ view_parse ] --END-- [ RunTime:0.016648s ]
INFO: [ view_filter ] --START--
INFO: Run Behavior\WriteHtmlCacheBehavior [ RunTime:0.000729s ]
INFO: [ view_filter ] --END-- [ RunTime:0.000785s ]
INFO: [ app_end ] --START--
INFO: Run Behavior\ShowPageTraceBehavior [ RunTime:0.001446s ]
INFO: [ app_end ] --END-- [ RunTime:0.001522s ]

[ 2016-04-09T21:32:10+08:00 ] ::1 /index.php/Homeen5/Walkto/index
INFO: [ app_init ] --START--
INFO: Run Behavior\BuildLiteBehavior [ RunTime:0.000016s ]
INFO: [ app_init ] --END-- [ RunTime:0.000504s ]
INFO: [ app_begin ] --START--
INFO: Run Behavior\ReadHtmlCacheBehavior [ RunTime:0.000770s ]
INFO: [ app_begin ] --END-- [ RunTime:0.000853s ]
SQL: SHOW COLUMNS FROM `ast_banneren5` [ RunTime:0.0036s ]
SQL: SELECT * FROM `ast_banneren5`  [ RunTime:0.0004s ]
SQL: SHOW COLUMNS FROM `ast_linken5` [ RunTime:0.0033s ]
SQL: SELECT * FROM `ast_linken5`  [ RunTime:0.0003s ]
SQL: SHOW COLUMNS FROM `ast_abouten5` [ RunTime:0.0164s ]
SQL: SELECT * FROM `ast_abouten5`  [ RunTime:0.0003s ]
SQL: SELECT * FROM `ast_abouten5` WHERE `ast_aid` = 1  [ RunTime:0.0003s ]
INFO: [ view_parse ] --START--
INFO: [ template_filter ] --START--
INFO: Run Behavior\ContentReplaceBehavior [ RunTime:0.000093s ]
INFO: [ template_filter ] --END-- [ RunTime:0.000175s ]
NOTIC: [8] Undefined index: link_url C:\xampp\htdocs\aiston\Application\Runtime\Cache\Homeen5\33051975315a157f5dbac9a860e44935.php 第 58 行.
NOTIC: [8] Undefined index: ast_athumb C:\xampp\htdocs\aiston\Application\Runtime\Cache\Homeen5\33051975315a157f5dbac9a860e44935.php 第 66 行.
NOTIC: [8] Undefined index: ast_athumb C:\xampp\htdocs\aiston\Application\Runtime\Cache\Homeen5\33051975315a157f5dbac9a860e44935.php 第 66 行.
INFO: Run Behavior\ParseTemplateBehavior [ RunTime:0.012792s ]
INFO: [ view_parse ] --END-- [ RunTime:0.012878s ]
INFO: [ view_filter ] --START--
INFO: Run Behavior\WriteHtmlCacheBehavior [ RunTime:0.000474s ]
INFO: [ view_filter ] --END-- [ RunTime:0.000521s ]
INFO: [ app_end ] --START--
INFO: Run Behavior\ShowPageTraceBehavior [ RunTime:0.000704s ]
INFO: [ app_end ] --END-- [ RunTime:0.000763s ]

[ 2016-04-09T21:32:11+08:00 ] ::1 /index.php/Homeen5/Index/index
INFO: [ app_init ] --START--
INFO: Run Behavior\BuildLiteBehavior [ RunTime:0.000018s ]
INFO: [ app_init ] --END-- [ RunTime:0.000736s ]
INFO: [ app_begin ] --START--
INFO: Run Behavior\ReadHtmlCacheBehavior [ RunTime:0.000999s ]
INFO: [ app_begin ] --END-- [ RunTime:0.001080s ]
SQL: SHOW COLUMNS FROM `ast_banneren5` [ RunTime:0.0039s ]
SQL: SELECT * FROM `ast_banneren5`  [ RunTime:0.0004s ]
SQL: SHOW COLUMNS FROM `ast_linken5` [ RunTime:0.0032s ]
SQL: SELECT * FROM `ast_linken5`  [ RunTime:0.0003s ]
SQL: SHOW COLUMNS FROM `ast_companyen5` [ RunTime:0.0034s ]
SQL: SHOW COLUMNS FROM `ast_articleen5` [ RunTime:0.0035s ]
SQL: SHOW COLUMNS FROM `ast_producten5` [ RunTime:0.0038s ]
SQL: SHOW COLUMNS FROM `ast_procateen5` [ RunTime:0.0034s ]
SQL: SELECT * FROM `ast_procateen5`  [ RunTime:0.0003s ]
SQL: SELECT * FROM `ast_articleen5` WHERE `art_cateid` = 4 LIMIT 5   [ RunTime:0.0004s ]
SQL: SELECT * FROM `ast_articleen5` WHERE `art_cateid` = 5 LIMIT 3   [ RunTime:0.0003s ]
SQL: SELECT * FROM `ast_articleen5` ORDER BY art_addtime desc LIMIT 2,3   [ RunTime:0.0005s ]
SQL: SELECT * FROM `ast_articleen5` ORDER BY art_addtime desc LIMIT 1   [ RunTime:0.0004s ]
SQL: SELECT * FROM `ast_producten5`  [ RunTime:0.0004s ]
SQL: SELECT * FROM `ast_companyen5`  [ RunTime:0.0003s ]
INFO: [ view_parse ] --START--
INFO: [ template_filter ] --START--
INFO: Run Behavior\ContentReplaceBehavior [ RunTime:0.000125s ]
INFO: [ template_filter ] --END-- [ RunTime:0.000188s ]
INFO: Run Behavior\ParseTemplateBehavior [ RunTime:0.016147s ]
INFO: [ view_parse ] --END-- [ RunTime:0.016217s ]
INFO: [ view_filter ] --START--
INFO: Run Behavior\WriteHtmlCacheBehavior [ RunTime:0.000475s ]
INFO: [ view_filter ] --END-- [ RunTime:0.000525s ]
INFO: [ app_end ] --START--
INFO: Run Behavior\ShowPageTraceBehavior [ RunTime:0.001232s ]
INFO: [ app_end ] --END-- [ RunTime:0.001304s ]

[ 2016-04-09T21:32:23+08:00 ] ::1 /index.php/Homeen5/News/details/id/56
INFO: [ app_init ] --START--
INFO: Run Behavior\BuildLiteBehavior [ RunTime:0.000019s ]
INFO: [ app_init ] --END-- [ RunTime:0.000673s ]
INFO: [ app_begin ] --START--
INFO: Run Behavior\ReadHtmlCacheBehavior [ RunTime:0.000877s ]
INFO: [ app_begin ] --END-- [ RunTime:0.000976s ]
SQL: SHOW COLUMNS FROM `ast_banneren5` [ RunTime:0.0037s ]
SQL: SELECT * FROM `ast_banneren5`  [ RunTime:0.0003s ]
SQL: SHOW COLUMNS FROM `ast_linken5` [ RunTime:0.0032s ]
SQL: SELECT * FROM `ast_linken5`  [ RunTime:0.0003s ]
SQL: SHOW COLUMNS FROM `ast_articleen5` [ RunTime:0.0034s ]
SQL: SELECT * FROM `ast_articleen5` WHERE `art_id` = 56  [ RunTime:0.0005s ]
SQL: SELECT * FROM `ast_articleen5` WHERE `art_id` = 55  [ RunTime:0.0004s ]
SQL: SELECT * FROM `ast_articleen5` WHERE `art_id` = 57  [ RunTime:0.0003s ]
SQL: SHOW COLUMNS FROM `ast_artcateen5` [ RunTime:0.0054s ]
SQL: SELECT * FROM `ast_artcateen5`  [ RunTime:0.0003s ]
INFO: [ view_parse ] --START--
INFO: [ template_filter ] --START--
INFO: Run Behavior\ContentReplaceBehavior [ RunTime:0.000101s ]
INFO: [ template_filter ] --END-- [ RunTime:0.000220s ]
INFO: Run Behavior\ParseTemplateBehavior [ RunTime:0.014164s ]
INFO: [ view_parse ] --END-- [ RunTime:0.014270s ]
INFO: [ view_filter ] --START--
INFO: Run Behavior\WriteHtmlCacheBehavior [ RunTime:0.000503s ]
INFO: [ view_filter ] --END-- [ RunTime:0.000553s ]
INFO: [ app_end ] --START--
INFO: Run Behavior\ShowPageTraceBehavior [ RunTime:0.000758s ]
INFO: [ app_end ] --END-- [ RunTime:0.000817s ]

[ 2016-04-09T21:32:31+08:00 ] ::1 /index.php/Homeen5/News/index/id/2
INFO: [ app_init ] --START--
INFO: Run Behavior\BuildLiteBehavior [ RunTime:0.000017s ]
INFO: [ app_init ] --END-- [ RunTime:0.000584s ]
INFO: [ app_begin ] --START--
INFO: Run Behavior\ReadHtmlCacheBehavior [ RunTime:0.000824s ]
INFO: [ app_begin ] --END-- [ RunTime:0.000929s ]
SQL: SHOW COLUMNS FROM `ast_banneren5` [ RunTime:0.0039s ]
SQL: SELECT * FROM `ast_banneren5`  [ RunTime:0.0004s ]
SQL: SHOW COLUMNS FROM `ast_linken5` [ RunTime:0.0034s ]
SQL: SELECT * FROM `ast_linken5`  [ RunTime:0.0003s ]
SQL: SHOW COLUMNS FROM `ast_articleen5` [ RunTime:0.0036s ]
SQL: SELECT * FROM `ast_articleen5`  [ RunTime:0.0004s ]
SQL: SHOW COLUMNS FROM `ast_artcateen5` [ RunTime:0.0037s ]
SQL: SELECT * FROM `ast_artcateen5`  [ RunTime:0.0003s ]
SQL: SELECT * FROM `ast_articleen5` WHERE `art_cateid` = 2  [ RunTime:0.0003s ]
NOTIC: [8] Undefined variable: Page C:\xampp\htdocs\aiston\Application\Homeen5\Controller\NewsController.class.php 第 36 行.
NOTIC: [8] Trying to get property of non-object C:\xampp\htdocs\aiston\Application\Homeen5\Controller\NewsController.class.php 第 36 行.
INFO: [ view_parse ] --START--
INFO: [ template_filter ] --START--
INFO: Run Behavior\ContentReplaceBehavior [ RunTime:0.000113s ]
INFO: [ template_filter ] --END-- [ RunTime:0.000188s ]
NOTIC: [8] Undefined index: p C:\xampp\htdocs\aiston\Application\Runtime\Cache\Homeen5\f540430ba43da32f604286eeb7928a41.php 第 76 行.
NOTIC: [8] Undefined index: p C:\xampp\htdocs\aiston\Application\Runtime\Cache\Homeen5\f540430ba43da32f604286eeb7928a41.php 第 83 行.
INFO: Run Behavior\ParseTemplateBehavior [ RunTime:0.014077s ]
INFO: [ view_parse ] --END-- [ RunTime:0.014147s ]
INFO: [ view_filter ] --START--
INFO: Run Behavior\WriteHtmlCacheBehavior [ RunTime:0.000598s ]
INFO: [ view_filter ] --END-- [ RunTime:0.000661s ]
INFO: [ app_end ] --START--
INFO: Run Behavior\ShowPageTraceBehavior [ RunTime:0.000802s ]
INFO: [ app_end ] --END-- [ RunTime:0.000860s ]

[ 2016-04-09T21:32:36+08:00 ] ::1 /index.php/Homeen5/product/index
INFO: [ app_init ] --START--
INFO: Run Behavior\BuildLiteBehavior [ RunTime:0.000015s ]
INFO: [ app_init ] --END-- [ RunTime:0.000557s ]
INFO: [ app_begin ] --START--
INFO: Run Behavior\ReadHtmlCacheBehavior [ RunTime:0.000765s ]
INFO: [ app_begin ] --END-- [ RunTime:0.000835s ]
SQL: SHOW COLUMNS FROM `ast_banneren5` [ RunTime:0.0044s ]
SQL: SELECT * FROM `ast_banneren5`  [ RunTime:0.0005s ]
SQL: SHOW COLUMNS FROM `ast_linken5` [ RunTime:0.0035s ]
SQL: SELECT * FROM `ast_linken5`  [ RunTime:0.0003s ]
SQL: SHOW COLUMNS FROM `ast_procateen5` [ RunTime:0.0035s ]
SQL: SELECT * FROM `ast_procateen5`  [ RunTime:0.0004s ]
SQL: SHOW COLUMNS FROM `ast_producten5` [ RunTime:0.0036s ]
NOTIC: [8] Undefined index: id C:\xampp\htdocs\aiston\Application\Homeen5\Controller\ProductController.class.php 第 26 行.
SQL: SELECT * FROM `ast_producten5`  [ RunTime:0.0004s ]
SQL: SELECT * FROM `ast_producten5` LIMIT 0,5   [ RunTime:0.0003s ]
INFO: [ view_parse ] --START--
INFO: [ template_filter ] --START--
INFO: Run Behavior\ContentReplaceBehavior [ RunTime:0.000102s ]
INFO: [ template_filter ] --END-- [ RunTime:0.000168s ]
NOTIC: [8] Undefined variable: pro C:\xampp\htdocs\aiston\Application\Runtime\Cache\Homeen5\f74cb244ad0e237555cab1aaff5a416f.php 第 70 行.
NOTIC: [8] Undefined variable: pro C:\xampp\htdocs\aiston\Application\Runtime\Cache\Homeen5\f74cb244ad0e237555cab1aaff5a416f.php 第 70 行.
NOTIC: [8] Undefined variable: pro C:\xampp\htdocs\aiston\Application\Runtime\Cache\Homeen5\f74cb244ad0e237555cab1aaff5a416f.php 第 70 行.
NOTIC: [8] Undefined index: p C:\xampp\htdocs\aiston\Application\Runtime\Cache\Homeen5\f74cb244ad0e237555cab1aaff5a416f.php 第 79 行.
NOTIC: [8] Undefined index: p C:\xampp\htdocs\aiston\Application\Runtime\Cache\Homeen5\f74cb244ad0e237555cab1aaff5a416f.php 第 84 行.
INFO: Run Behavior\ParseTemplateBehavior [ RunTime:0.013039s ]
INFO: [ view_parse ] --END-- [ RunTime:0.013107s ]
INFO: [ view_filter ] --START--
INFO: Run Behavior\WriteHtmlCacheBehavior [ RunTime:0.000653s ]
INFO: [ view_filter ] --END-- [ RunTime:0.000712s ]
INFO: [ app_end ] --START--
INFO: Run Behavior\ShowPageTraceBehavior [ RunTime:0.000795s ]
INFO: [ app_end ] --END-- [ RunTime:0.000854s ]

[ 2016-04-09T21:32:41+08:00 ] ::1 /index.php/Homeen5/product/index
INFO: [ app_init ] --START--
INFO: Run Behavior\BuildLiteBehavior [ RunTime:0.000016s ]
INFO: [ app_init ] --END-- [ RunTime:0.000454s ]
INFO: [ app_begin ] --START--
INFO: Run Behavior\ReadHtmlCacheBehavior [ RunTime:0.000704s ]
INFO: [ app_begin ] --END-- [ RunTime:0.000766s ]
SQL: SHOW COLUMNS FROM `ast_banneren5` [ RunTime:0.0040s ]
SQL: SELECT * FROM `ast_banneren5`  [ RunTime:0.0004s ]
SQL: SHOW COLUMNS FROM `ast_linken5` [ RunTime:0.0036s ]
SQL: SELECT * FROM `ast_linken5`  [ RunTime:0.0004s ]
SQL: SHOW COLUMNS FROM `ast_procateen5` [ RunTime:0.0035s ]
SQL: SELECT * FROM `ast_procateen5`  [ RunTime:0.0003s ]
SQL: SHOW COLUMNS FROM `ast_producten5` [ RunTime:0.0036s ]
NOTIC: [8] Undefined index: id C:\xampp\htdocs\aiston\Application\Homeen5\Controller\ProductController.class.php 第 26 行.
SQL: SELECT * FROM `ast_producten5`  [ RunTime:0.0004s ]
SQL: SELECT * FROM `ast_producten5` LIMIT 0,5   [ RunTime:0.0004s ]
INFO: [ view_parse ] --START--
INFO: [ template_filter ] --START--
INFO: Run Behavior\ContentReplaceBehavior [ RunTime:0.000101s ]
INFO: [ template_filter ] --END-- [ RunTime:0.000168s ]
NOTIC: [8] Undefined variable: pro C:\xampp\htdocs\aiston\Application\Runtime\Cache\Homeen5\f74cb244ad0e237555cab1aaff5a416f.php 第 70 行.
NOTIC: [8] Undefined variable: pro C:\xampp\htdocs\aiston\Application\Runtime\Cache\Homeen5\f74cb244ad0e237555cab1aaff5a416f.php 第 70 行.
NOTIC: [8] Undefined variable: pro C:\xampp\htdocs\aiston\Application\Runtime\Cache\Homeen5\f74cb244ad0e237555cab1aaff5a416f.php 第 70 行.
NOTIC: [8] Undefined index: p C:\xampp\htdocs\aiston\Application\Runtime\Cache\Homeen5\f74cb244ad0e237555cab1aaff5a416f.php 第 79 行.
NOTIC: [8] Undefined index: p C:\xampp\htdocs\aiston\Application\Runtime\Cache\Homeen5\f74cb244ad0e237555cab1aaff5a416f.php 第 84 行.
INFO: Run Behavior\ParseTemplateBehavior [ RunTime:0.013188s ]
INFO: [ view_parse ] --END-- [ RunTime:0.013255s ]
INFO: [ view_filter ] --START--
INFO: Run Behavior\WriteHtmlCacheBehavior [ RunTime:0.000588s ]
INFO: [ view_filter ] --END-- [ RunTime:0.000649s ]
INFO: [ app_end ] --START--
INFO: Run Behavior\ShowPageTraceBehavior [ RunTime:0.000749s ]
INFO: [ app_end ] --END-- [ RunTime:0.000807s ]

[ 2016-04-09T21:32:48+08:00 ] ::1 /index.php/Homeen5/Index/index
INFO: [ app_init ] --START--
INFO: Run Behavior\BuildLiteBehavior [ RunTime:0.000016s ]
INFO: [ app_init ] --END-- [ RunTime:0.000453s ]
INFO: [ app_begin ] --START--
INFO: Run Behavior\ReadHtmlCacheBehavior [ RunTime:0.000729s ]
INFO: [ app_begin ] --END-- [ RunTime:0.000794s ]
SQL: SHOW COLUMNS FROM `ast_banneren5` [ RunTime:0.0041s ]
SQL: SELECT * FROM `ast_banneren5`  [ RunTime:0.0005s ]
SQL: SHOW COLUMNS FROM `ast_linken5` [ RunTime:0.0036s ]
SQL: SELECT * FROM `ast_linken5`  [ RunTime:0.0003s ]
SQL: SHOW COLUMNS FROM `ast_companyen5` [ RunTime:0.0035s ]
SQL: SHOW COLUMNS FROM `ast_articleen5` [ RunTime:0.0037s ]
SQL: SHOW COLUMNS FROM `ast_producten5` [ RunTime:0.0038s ]
SQL: SHOW COLUMNS FROM `ast_procateen5` [ RunTime:0.0034s ]
SQL: SELECT * FROM `ast_procateen5`  [ RunTime:0.0003s ]
SQL: SELECT * FROM `ast_articleen5` WHERE `art_cateid` = 4 LIMIT 5   [ RunTime:0.0004s ]
SQL: SELECT * FROM `ast_articleen5` WHERE `art_cateid` = 5 LIMIT 3   [ RunTime:0.0003s ]
SQL: SELECT * FROM `ast_articleen5` ORDER BY art_addtime desc LIMIT 2,3   [ RunTime:0.0006s ]
SQL: SELECT * FROM `ast_articleen5` ORDER BY art_addtime desc LIMIT 1   [ RunTime:0.0005s ]
SQL: SELECT * FROM `ast_producten5`  [ RunTime:0.0004s ]
SQL: SELECT * FROM `ast_companyen5`  [ RunTime:0.0003s ]
INFO: [ view_parse ] --START--
INFO: [ template_filter ] --START--
INFO: Run Behavior\ContentReplaceBehavior [ RunTime:0.000126s ]
INFO: [ template_filter ] --END-- [ RunTime:0.000191s ]
INFO: Run Behavior\ParseTemplateBehavior [ RunTime:0.015898s ]
INFO: [ view_parse ] --END-- [ RunTime:0.015979s ]
INFO: [ view_filter ] --START--
INFO: Run Behavior\WriteHtmlCacheBehavior [ RunTime:0.000473s ]
INFO: [ view_filter ] --END-- [ RunTime:0.000524s ]
INFO: [ app_end ] --START--
INFO: Run Behavior\ShowPageTraceBehavior [ RunTime:0.001371s ]
INFO: [ app_end ] --END-- [ RunTime:0.001464s ]

[ 2016-04-09T21:53:52+08:00 ] ::1 /index.php/Homeen5/Index/index
INFO: [ app_init ] --START--
INFO: Run Behavior\BuildLiteBehavior [ RunTime:0.000017s ]
INFO: [ app_init ] --END-- [ RunTime:0.000646s ]
INFO: [ app_begin ] --START--
INFO: Run Behavior\ReadHtmlCacheBehavior [ RunTime:0.001415s ]
INFO: [ app_begin ] --END-- [ RunTime:0.001553s ]
SQL: SHOW COLUMNS FROM `ast_banneren5` [ RunTime:0.0040s ]
SQL: SELECT * FROM `ast_banneren5`  [ RunTime:0.0004s ]
SQL: SHOW COLUMNS FROM `ast_linken5` [ RunTime:0.0039s ]
SQL: SELECT * FROM `ast_linken5`  [ RunTime:0.0004s ]
SQL: SHOW COLUMNS FROM `ast_companyen5` [ RunTime:0.0052s ]
SQL: SHOW COLUMNS FROM `ast_articleen5` [ RunTime:0.0039s ]
SQL: SHOW COLUMNS FROM `ast_producten5` [ RunTime:0.0039s ]
SQL: SHOW COLUMNS FROM `ast_procateen5` [ RunTime:0.0042s ]
SQL: SELECT * FROM `ast_procateen5`  [ RunTime:0.0004s ]
SQL: SELECT * FROM `ast_articleen5` WHERE `art_cateid` = 4 LIMIT 5   [ RunTime:0.0004s ]
SQL: SELECT * FROM `ast_articleen5` WHERE `art_cateid` = 5 LIMIT 3   [ RunTime:0.0003s ]
SQL: SELECT * FROM `ast_articleen5` ORDER BY art_addtime desc LIMIT 2,3   [ RunTime:0.0005s ]
SQL: SELECT * FROM `ast_articleen5` ORDER BY art_addtime desc LIMIT 1   [ RunTime:0.0003s ]
SQL: SELECT * FROM `ast_producten5`  [ RunTime:0.0003s ]
SQL: SELECT * FROM `ast_companyen5`  [ RunTime:0.0002s ]
INFO: [ view_parse ] --START--
INFO: [ template_filter ] --START--
INFO: Run Behavior\ContentReplaceBehavior [ RunTime:0.000166s ]
INFO: [ template_filter ] --END-- [ RunTime:0.000247s ]
INFO: Run Behavior\ParseTemplateBehavior [ RunTime:0.020259s ]
INFO: [ view_parse ] --END-- [ RunTime:0.020335s ]
INFO: [ view_filter ] --START--
INFO: Run Behavior\WriteHtmlCacheBehavior [ RunTime:0.000858s ]
INFO: [ view_filter ] --END-- [ RunTime:0.000908s ]
INFO: [ app_end ] --START--
INFO: Run Behavior\ShowPageTraceBehavior [ RunTime:0.001831s ]
INFO: [ app_end ] --END-- [ RunTime:0.001924s ]

[ 2016-04-09T21:54:03+08:00 ] ::1 /index.php/Homeen5/Index/index
INFO: [ app_init ] --START--
INFO: Run Behavior\BuildLiteBehavior [ RunTime:0.000016s ]
INFO: [ app_init ] --END-- [ RunTime:0.000690s ]
INFO: [ app_begin ] --START--
INFO: Run Behavior\ReadHtmlCacheBehavior [ RunTime:0.001159s ]
INFO: [ app_begin ] --END-- [ RunTime:0.001256s ]
SQL: SHOW COLUMNS FROM `ast_banneren5` [ RunTime:0.0044s ]
SQL: SELECT * FROM `ast_banneren5`  [ RunTime:0.0003s ]
SQL: SHOW COLUMNS FROM `ast_linken5` [ RunTime:0.0034s ]
SQL: SELECT * FROM `ast_linken5`  [ RunTime:0.0003s ]
SQL: SHOW COLUMNS FROM `ast_companyen5` [ RunTime:0.0037s ]
SQL: SHOW COLUMNS FROM `ast_articleen5` [ RunTime:0.0047s ]
SQL: SHOW COLUMNS FROM `ast_producten5` [ RunTime:0.0038s ]
SQL: SHOW COLUMNS FROM `ast_procateen5` [ RunTime:0.0035s ]
SQL: SELECT * FROM `ast_procateen5`  [ RunTime:0.0003s ]
SQL: SELECT * FROM `ast_articleen5` WHERE `art_cateid` = 4 LIMIT 5   [ RunTime:0.0003s ]
SQL: SELECT * FROM `ast_articleen5` WHERE `art_cateid` = 5 LIMIT 3   [ RunTime:0.0003s ]
SQL: SELECT * FROM `ast_articleen5` ORDER BY art_addtime desc LIMIT 2,3   [ RunTime:0.0005s ]
SQL: SELECT * FROM `ast_articleen5` ORDER BY art_addtime desc LIMIT 1   [ RunTime:0.0004s ]
SQL: SELECT * FROM `ast_producten5`  [ RunTime:0.0003s ]
SQL: SELECT * FROM `ast_companyen5`  [ RunTime:0.0003s ]
INFO: [ view_parse ] --START--
INFO: [ template_filter ] --START--
INFO: Run Behavior\ContentReplaceBehavior [ RunTime:0.000219s ]
INFO: [ template_filter ] --END-- [ RunTime:0.000312s ]
INFO: Run Behavior\ParseTemplateBehavior [ RunTime:0.018726s ]
INFO: [ view_parse ] --END-- [ RunTime:0.018840s ]
INFO: [ view_filter ] --START--
INFO: Run Behavior\WriteHtmlCacheBehavior [ RunTime:0.000607s ]
INFO: [ view_filter ] --END-- [ RunTime:0.000659s ]
INFO: [ app_end ] --START--
INFO: Run Behavior\ShowPageTraceBehavior [ RunTime:0.001947s ]
INFO: [ app_end ] --END-- [ RunTime:0.002051s ]

