[ 2016-03-26T09:48:20+08:00 ] ::1 /index.php/Adminen1/Join/contact
INFO: [ app_init ] --START--
INFO: Run Behavior\BuildLiteBehavior [ RunTime:0.000024s ]
INFO: [ app_init ] --END-- [ RunTime:0.000949s ]
INFO: [ app_begin ] --START--
INFO: Run Behavior\ReadHtmlCacheBehavior [ RunTime:0.001889s ]
INFO: [ app_begin ] --END-- [ RunTime:0.002018s ]
SQL: SHOW COLUMNS FROM `ast_adminen1` [ RunTime:0.0059s ]
SQL: SELECT * FROM `ast_adminen1`  [ RunTime:0.0008s ]
SQL: SELECT * FROM `ast_adminen1` WHERE `admin_id` = 1 LIMIT 1   [ RunTime:0.0005s ]
SQL: SHOW COLUMNS FROM `ast_naven1` [ RunTime:0.0045s ]
SQL: SELECT * FROM `ast_naven1`  [ RunTime:0.0008s ]
SQL: SELECT COUNT(*) AS tp_count FROM `ast_adminen1` LIMIT 1   [ RunTime:0.0002s ]
NOTIC: [2] Missing argument 3 for getAdminPage(), called in C:\xampp\htdocs\aiston\Application\Adminen1\Controller\CommonController.class.php on line 51 and defined C:\xampp\htdocs\aiston\Application\Common\Common\function.php 第 3 行.
NOTIC: [8] Undefined variable: num C:\xampp\htdocs\aiston\Application\Common\Common\function.php 第 4 行.
SQL: SELECT * FROM `ast_adminen1` ORDER BY admin_id LIMIT 0,10   [ RunTime:0.0004s ]
SQL: SHOW COLUMNS FROM `ast_companyen1` [ RunTime:0.0038s ]
SQL: SELECT * FROM `ast_companyen1` WHERE `c_id` = 2  [ RunTime:0.0005s ]
INFO: [ view_parse ] --START--
INFO: [ template_filter ] --START--
INFO: Run Behavior\ContentReplaceBehavior [ RunTime:0.000550s ]
INFO: [ template_filter ] --END-- [ RunTime:0.000652s ]
NOTIC: [8] Array to string conversion C:\xampp\htdocs\aiston\Application\Runtime\Cache\Adminen1\4293c9e69edf444d7251c64ef21d2400.php 第 310 行.
NOTIC: [8] Undefined variable: url C:\xampp\htdocs\aiston\Application\Runtime\Cache\Adminen1\4293c9e69edf444d7251c64ef21d2400.php 第 539 行.
NOTIC: [8] Undefined variable: url C:\xampp\htdocs\aiston\Application\Runtime\Cache\Adminen1\4293c9e69edf444d7251c64ef21d2400.php 第 542 行.
INFO: Run Behavior\ParseTemplateBehavior [ RunTime:0.030047s ]
INFO: [ view_parse ] --END-- [ RunTime:0.030151s ]
INFO: [ view_filter ] --START--
INFO: Run Behavior\WriteHtmlCacheBehavior [ RunTime:0.001111s ]
INFO: [ view_filter ] --END-- [ RunTime:0.001163s ]
INFO: [ app_end ] --START--
INFO: Run Behavior\ShowPageTraceBehavior [ RunTime:0.002563s ]
INFO: [ app_end ] --END-- [ RunTime:0.002651s ]

[ 2016-03-26T09:49:39+08:00 ] ::1 /index.php/Adminen1/Join/contact
INFO: [ app_init ] --START--
INFO: Run Behavior\BuildLiteBehavior [ RunTime:0.000035s ]
INFO: [ app_init ] --END-- [ RunTime:0.000635s ]
INFO: [ app_begin ] --START--
INFO: Run Behavior\ReadHtmlCacheBehavior [ RunTime:0.000860s ]
INFO: [ app_begin ] --END-- [ RunTime:0.000934s ]
SQL: SHOW COLUMNS FROM `ast_adminen1` [ RunTime:0.0057s ]
SQL: SELECT * FROM `ast_adminen1`  [ RunTime:0.0006s ]
SQL: SELECT * FROM `ast_adminen1` WHERE `admin_id` = 1 LIMIT 1   [ RunTime:0.0006s ]
SQL: SHOW COLUMNS FROM `ast_naven1` [ RunTime:0.0039s ]
SQL: SELECT * FROM `ast_naven1`  [ RunTime:0.0004s ]
SQL: SELECT COUNT(*) AS tp_count FROM `ast_adminen1` LIMIT 1   [ RunTime:0.0002s ]
NOTIC: [2] Missing argument 3 for getAdminPage(), called in C:\xampp\htdocs\aiston\Application\Adminen1\Controller\CommonController.class.php on line 51 and defined C:\xampp\htdocs\aiston\Application\Common\Common\function.php 第 3 行.
NOTIC: [8] Undefined variable: num C:\xampp\htdocs\aiston\Application\Common\Common\function.php 第 4 行.
SQL: SELECT * FROM `ast_adminen1` ORDER BY admin_id LIMIT 0,10   [ RunTime:0.0004s ]
SQL: SHOW COLUMNS FROM `ast_companyen1` [ RunTime:0.0045s ]
SQL: SELECT * FROM `ast_companyen1` WHERE `c_id` = 2  [ RunTime:0.0003s ]
INFO: [ view_parse ] --START--
INFO: [ template_filter ] --START--
INFO: Run Behavior\ContentReplaceBehavior [ RunTime:0.000577s ]
INFO: [ template_filter ] --END-- [ RunTime:0.000675s ]
NOTIC: [8] Array to string conversion C:\xampp\htdocs\aiston\Application\Runtime\Cache\Adminen1\4293c9e69edf444d7251c64ef21d2400.php 第 312 行.
NOTIC: [8] Undefined variable: url C:\xampp\htdocs\aiston\Application\Runtime\Cache\Adminen1\4293c9e69edf444d7251c64ef21d2400.php 第 541 行.
NOTIC: [8] Undefined variable: url C:\xampp\htdocs\aiston\Application\Runtime\Cache\Adminen1\4293c9e69edf444d7251c64ef21d2400.php 第 544 行.
INFO: Run Behavior\ParseTemplateBehavior [ RunTime:0.025059s ]
INFO: [ view_parse ] --END-- [ RunTime:0.025140s ]
INFO: [ view_filter ] --START--
INFO: Run Behavior\WriteHtmlCacheBehavior [ RunTime:0.001007s ]
INFO: [ view_filter ] --END-- [ RunTime:0.001107s ]
INFO: [ app_end ] --START--
INFO: Run Behavior\ShowPageTraceBehavior [ RunTime:0.001198s ]
INFO: [ app_end ] --END-- [ RunTime:0.001287s ]

[ 2016-03-26T09:49:42+08:00 ] ::1 /index.php/Adminen1/Join/contact
INFO: [ app_init ] --START--
INFO: Run Behavior\BuildLiteBehavior [ RunTime:0.000028s ]
INFO: [ app_init ] --END-- [ RunTime:0.000910s ]
INFO: [ app_begin ] --START--
INFO: Run Behavior\ReadHtmlCacheBehavior [ RunTime:0.001183s ]
INFO: [ app_begin ] --END-- [ RunTime:0.001253s ]
SQL: SHOW COLUMNS FROM `ast_adminen1` [ RunTime:0.0042s ]
SQL: SELECT * FROM `ast_adminen1`  [ RunTime:0.0005s ]
SQL: SELECT * FROM `ast_adminen1` WHERE `admin_id` = 1 LIMIT 1   [ RunTime:0.0007s ]
SQL: SHOW COLUMNS FROM `ast_naven1` [ RunTime:0.0044s ]
SQL: SELECT * FROM `ast_naven1`  [ RunTime:0.0006s ]
SQL: SELECT COUNT(*) AS tp_count FROM `ast_adminen1` LIMIT 1   [ RunTime:0.0002s ]
NOTIC: [2] Missing argument 3 for getAdminPage(), called in C:\xampp\htdocs\aiston\Application\Adminen1\Controller\CommonController.class.php on line 51 and defined C:\xampp\htdocs\aiston\Application\Common\Common\function.php 第 3 行.
NOTIC: [8] Undefined variable: num C:\xampp\htdocs\aiston\Application\Common\Common\function.php 第 4 行.
SQL: SELECT * FROM `ast_adminen1` ORDER BY admin_id LIMIT 0,10   [ RunTime:0.0007s ]
SQL: SHOW COLUMNS FROM `ast_companyen1` [ RunTime:0.0051s ]
SQL: SELECT * FROM `ast_companyen1` WHERE `c_id` = 2  [ RunTime:0.0005s ]
NOTIC: [2] call_user_func() expects parameter 1 to be a valid callback, no array or string given C:\xampp\htdocs\aiston\ThinkPHP\Library\Think\Upload.class.php 第 170 行.
NOTIC: [8] Undefined variable: error C:\xampp\htdocs\aiston\Application\Common\Common\function.php 第 58 行.
SQL: UPDATE `ast_companyen1` SET `c_content`='/Public/Uploads/2016-03-26/56f5eab660447.gif' WHERE `c_id` = 2 [ RunTime:0.0059s ]
SQL: UPDATE `ast_companyen1` SET `c_name`='重庆市九龙坡区西彭镇白彭路15号',`c_thumb`='023－68123333',`c_thumb1`='http：//www.sendi.cc',`c_thumb2`='cqsd@cps-equipment.com' WHERE `c_id` = 2 [ RunTime:0.0060s ]
INFO: [ view_parse ] --START--
INFO: [ template_filter ] --START--
INFO: Run Behavior\ContentReplaceBehavior [ RunTime:0.000709s ]
INFO: [ template_filter ] --END-- [ RunTime:0.000824s ]
NOTIC: [8] Array to string conversion C:\xampp\htdocs\aiston\Application\Runtime\Cache\Adminen1\4293c9e69edf444d7251c64ef21d2400.php 第 312 行.
NOTIC: [8] Undefined variable: url C:\xampp\htdocs\aiston\Application\Runtime\Cache\Adminen1\4293c9e69edf444d7251c64ef21d2400.php 第 541 行.
NOTIC: [8] Undefined variable: url C:\xampp\htdocs\aiston\Application\Runtime\Cache\Adminen1\4293c9e69edf444d7251c64ef21d2400.php 第 544 行.
INFO: Run Behavior\ParseTemplateBehavior [ RunTime:0.028815s ]
INFO: [ view_parse ] --END-- [ RunTime:0.028893s ]
INFO: [ view_filter ] --START--
INFO: Run Behavior\WriteHtmlCacheBehavior [ RunTime:0.001159s ]
INFO: [ view_filter ] --END-- [ RunTime:0.001214s ]
INFO: [ app_end ] --START--
INFO: Run Behavior\ShowPageTraceBehavior [ RunTime:0.002470s ]
INFO: [ app_end ] --END-- [ RunTime:0.002579s ]

[ 2016-03-26T09:49:42+08:00 ] ::1 /index.php/Adminen1/Join/contact
INFO: [ app_init ] --START--
INFO: Run Behavior\BuildLiteBehavior [ RunTime:0.000032s ]
INFO: [ app_init ] --END-- [ RunTime:0.001078s ]
INFO: [ app_begin ] --START--
INFO: Run Behavior\ReadHtmlCacheBehavior [ RunTime:0.002886s ]
INFO: [ app_begin ] --END-- [ RunTime:0.003022s ]
SQL: SHOW COLUMNS FROM `ast_adminen1` [ RunTime:0.0041s ]
SQL: SELECT * FROM `ast_adminen1`  [ RunTime:0.0004s ]
SQL: SELECT * FROM `ast_adminen1` WHERE `admin_id` = 1 LIMIT 1   [ RunTime:0.0006s ]
SQL: SHOW COLUMNS FROM `ast_naven1` [ RunTime:0.0060s ]
SQL: SELECT * FROM `ast_naven1`  [ RunTime:0.0005s ]
SQL: SELECT COUNT(*) AS tp_count FROM `ast_adminen1` LIMIT 1   [ RunTime:0.0007s ]
NOTIC: [2] Missing argument 3 for getAdminPage(), called in C:\xampp\htdocs\aiston\Application\Adminen1\Controller\CommonController.class.php on line 51 and defined C:\xampp\htdocs\aiston\Application\Common\Common\function.php 第 3 行.
NOTIC: [8] Undefined variable: num C:\xampp\htdocs\aiston\Application\Common\Common\function.php 第 4 行.
SQL: SELECT * FROM `ast_adminen1` ORDER BY admin_id LIMIT 0,10   [ RunTime:0.0006s ]
SQL: SHOW COLUMNS FROM `ast_companyen1` [ RunTime:0.0068s ]
SQL: SELECT * FROM `ast_companyen1` WHERE `c_id` = 2  [ RunTime:0.0008s ]
INFO: [ view_parse ] --START--
INFO: [ template_filter ] --START--
INFO: Run Behavior\ContentReplaceBehavior [ RunTime:0.000649s ]
INFO: [ template_filter ] --END-- [ RunTime:0.000770s ]
NOTIC: [8] Array to string conversion C:\xampp\htdocs\aiston\Application\Runtime\Cache\Adminen1\4293c9e69edf444d7251c64ef21d2400.php 第 312 行.
NOTIC: [8] Undefined variable: url C:\xampp\htdocs\aiston\Application\Runtime\Cache\Adminen1\4293c9e69edf444d7251c64ef21d2400.php 第 541 行.
NOTIC: [8] Undefined variable: url C:\xampp\htdocs\aiston\Application\Runtime\Cache\Adminen1\4293c9e69edf444d7251c64ef21d2400.php 第 544 行.
INFO: Run Behavior\ParseTemplateBehavior [ RunTime:0.042065s ]
INFO: [ view_parse ] --END-- [ RunTime:0.042167s ]
INFO: [ view_filter ] --START--
INFO: Run Behavior\WriteHtmlCacheBehavior [ RunTime:0.005081s ]
INFO: [ view_filter ] --END-- [ RunTime:0.005217s ]
INFO: [ app_end ] --START--
INFO: Run Behavior\ShowPageTraceBehavior [ RunTime:0.002125s ]
INFO: [ app_end ] --END-- [ RunTime:0.002224s ]

