[ 2016-03-09T16:40:06+08:00 ] ::1 /index.php/Admin1
INFO: [ app_init ] --START--
INFO: Run Behavior\BuildLiteBehavior [ RunTime:0.000018s ]
INFO: [ app_init ] --END-- [ RunTime:0.000784s ]
INFO: [ app_begin ] --START--
INFO: Run Behavior\ReadHtmlCacheBehavior [ RunTime:0.001234s ]
INFO: [ app_begin ] --END-- [ RunTime:0.001315s ]
SQL: SHOW COLUMNS FROM `ast_admin1` [ RunTime:0.0043s ]
SQL: SELECT * FROM `ast_admin1`  [ RunTime:0.0004s ]
SQL: SELECT * FROM `ast_admin1` WHERE `admin_id` = 1 LIMIT 1   [ RunTime:0.0003s ]
SQL: SHOW COLUMNS FROM `ast_nav1` [ RunTime:0.0035s ]
SQL: SELECT * FROM `ast_nav1`  [ RunTime:0.0004s ]
SQL: SELECT COUNT(*) AS tp_count FROM `ast_admin1` LIMIT 1   [ RunTime:0.0002s ]
NOTIC: [2] Missing argument 3 for getAdminPage(), called in C:\xampp\htdocs\aiston\Application\Admin1\Controller\CommonController.class.php on line 51 and defined C:\xampp\htdocs\aiston\Application\Common\Common\function.php 第 3 行.
NOTIC: [8] Undefined variable: num C:\xampp\htdocs\aiston\Application\Common\Common\function.php 第 4 行.
SQL: SELECT * FROM `ast_admin1` ORDER BY admin_id LIMIT 0,10   [ RunTime:0.0004s ]
INFO: [ view_parse ] --START--
INFO: [ template_filter ] --START--
INFO: Run Behavior\ContentReplaceBehavior [ RunTime:0.000486s ]
INFO: [ template_filter ] --END-- [ RunTime:0.000554s ]
NOTIC: [8] Array to string conversion C:\xampp\htdocs\aiston\Application\Runtime\Cache\Admin1\9f38e57e4d66d419226e62de907f8d4f.php 第 226 行.
NOTIC: [8] Undefined variable: url C:\xampp\htdocs\aiston\Application\Runtime\Cache\Admin1\9f38e57e4d66d419226e62de907f8d4f.php 第 455 行.
NOTIC: [8] Undefined variable: url C:\xampp\htdocs\aiston\Application\Runtime\Cache\Admin1\9f38e57e4d66d419226e62de907f8d4f.php 第 458 行.
INFO: Run Behavior\ParseTemplateBehavior [ RunTime:0.027200s ]
INFO: [ view_parse ] --END-- [ RunTime:0.027272s ]
INFO: [ view_filter ] --START--
INFO: Run Behavior\WriteHtmlCacheBehavior [ RunTime:0.000963s ]
INFO: [ view_filter ] --END-- [ RunTime:0.001013s ]
INFO: [ app_end ] --START--
INFO: Run Behavior\ShowPageTraceBehavior [ RunTime:0.002485s ]
INFO: [ app_end ] --END-- [ RunTime:0.002583s ]

[ 2016-03-09T16:40:09+08:00 ] ::1 /index.php/Admin1
INFO: [ app_init ] --START--
INFO: Run Behavior\BuildLiteBehavior [ RunTime:0.000017s ]
INFO: [ app_init ] --END-- [ RunTime:0.000574s ]
INFO: [ app_begin ] --START--
INFO: Run Behavior\ReadHtmlCacheBehavior [ RunTime:0.002124s ]
INFO: [ app_begin ] --END-- [ RunTime:0.002256s ]
SQL: SHOW COLUMNS FROM `ast_admin1` [ RunTime:0.0061s ]
SQL: SELECT * FROM `ast_admin1`  [ RunTime:0.0005s ]
SQL: SELECT * FROM `ast_admin1` WHERE `admin_id` = 1 LIMIT 1   [ RunTime:0.0003s ]
SQL: SHOW COLUMNS FROM `ast_nav1` [ RunTime:0.0038s ]
SQL: SELECT * FROM `ast_nav1`  [ RunTime:0.0004s ]
SQL: SELECT COUNT(*) AS tp_count FROM `ast_admin1` LIMIT 1   [ RunTime:0.0002s ]
NOTIC: [2] Missing argument 3 for getAdminPage(), called in C:\xampp\htdocs\aiston\Application\Admin1\Controller\CommonController.class.php on line 51 and defined C:\xampp\htdocs\aiston\Application\Common\Common\function.php 第 3 行.
NOTIC: [8] Undefined variable: num C:\xampp\htdocs\aiston\Application\Common\Common\function.php 第 4 行.
SQL: SELECT * FROM `ast_admin1` ORDER BY admin_id LIMIT 0,10   [ RunTime:0.0004s ]
INFO: [ view_parse ] --START--
INFO: [ template_filter ] --START--
INFO: Run Behavior\ContentReplaceBehavior [ RunTime:0.000411s ]
INFO: [ template_filter ] --END-- [ RunTime:0.000482s ]
NOTIC: [8] Array to string conversion C:\xampp\htdocs\aiston\Application\Runtime\Cache\Admin1\9f38e57e4d66d419226e62de907f8d4f.php 第 226 行.
NOTIC: [8] Undefined variable: url C:\xampp\htdocs\aiston\Application\Runtime\Cache\Admin1\9f38e57e4d66d419226e62de907f8d4f.php 第 455 行.
NOTIC: [8] Undefined variable: url C:\xampp\htdocs\aiston\Application\Runtime\Cache\Admin1\9f38e57e4d66d419226e62de907f8d4f.php 第 458 行.
INFO: Run Behavior\ParseTemplateBehavior [ RunTime:0.025900s ]
INFO: [ view_parse ] --END-- [ RunTime:0.025962s ]
INFO: [ view_filter ] --START--
INFO: Run Behavior\WriteHtmlCacheBehavior [ RunTime:0.000969s ]
INFO: [ view_filter ] --END-- [ RunTime:0.001020s ]
INFO: [ app_end ] --START--
INFO: Run Behavior\ShowPageTraceBehavior [ RunTime:0.002105s ]
INFO: [ app_end ] --END-- [ RunTime:0.002198s ]

[ 2016-03-09T16:40:11+08:00 ] ::1 /index.php/Admin1/Article/index
INFO: [ app_init ] --START--
INFO: Run Behavior\BuildLiteBehavior [ RunTime:0.000017s ]
INFO: [ app_init ] --END-- [ RunTime:0.000561s ]
INFO: [ app_begin ] --START--
INFO: Run Behavior\ReadHtmlCacheBehavior [ RunTime:0.001408s ]
INFO: [ app_begin ] --END-- [ RunTime:0.001510s ]
ERR: 无法加载控制器:Article

[ 2016-03-09T16:42:13+08:00 ] ::1 /index.php/Admin1/Index/index
INFO: [ app_init ] --START--
INFO: Run Behavior\BuildLiteBehavior [ RunTime:0.000021s ]
INFO: [ app_init ] --END-- [ RunTime:0.000617s ]
INFO: [ app_begin ] --START--
INFO: Run Behavior\ReadHtmlCacheBehavior [ RunTime:0.001413s ]
INFO: [ app_begin ] --END-- [ RunTime:0.001538s ]
SQL: SHOW COLUMNS FROM `ast_admin1` [ RunTime:0.0044s ]
SQL: SELECT * FROM `ast_admin1`  [ RunTime:0.0005s ]
SQL: SELECT * FROM `ast_admin1` WHERE `admin_id` = 1 LIMIT 1   [ RunTime:0.0005s ]
SQL: SHOW COLUMNS FROM `ast_nav1` [ RunTime:0.0037s ]
SQL: SELECT * FROM `ast_nav1`  [ RunTime:0.0004s ]
SQL: SELECT COUNT(*) AS tp_count FROM `ast_admin1` LIMIT 1   [ RunTime:0.0002s ]
NOTIC: [2] Missing argument 3 for getAdminPage(), called in C:\xampp\htdocs\aiston\Application\Admin1\Controller\CommonController.class.php on line 51 and defined C:\xampp\htdocs\aiston\Application\Common\Common\function.php 第 3 行.
NOTIC: [8] Undefined variable: num C:\xampp\htdocs\aiston\Application\Common\Common\function.php 第 4 行.
SQL: SELECT * FROM `ast_admin1` ORDER BY admin_id LIMIT 0,10   [ RunTime:0.0007s ]
INFO: [ view_parse ] --START--
INFO: [ template_filter ] --START--
INFO: Run Behavior\ContentReplaceBehavior [ RunTime:0.000501s ]
INFO: [ template_filter ] --END-- [ RunTime:0.000584s ]
NOTIC: [8] Array to string conversion C:\xampp\htdocs\aiston\Application\Runtime\Cache\Admin1\9f38e57e4d66d419226e62de907f8d4f.php 第 226 行.
NOTIC: [8] Undefined variable: url C:\xampp\htdocs\aiston\Application\Runtime\Cache\Admin1\9f38e57e4d66d419226e62de907f8d4f.php 第 455 行.
NOTIC: [8] Undefined variable: url C:\xampp\htdocs\aiston\Application\Runtime\Cache\Admin1\9f38e57e4d66d419226e62de907f8d4f.php 第 458 行.
INFO: Run Behavior\ParseTemplateBehavior [ RunTime:0.027140s ]
INFO: [ view_parse ] --END-- [ RunTime:0.027238s ]
INFO: [ view_filter ] --START--
INFO: Run Behavior\WriteHtmlCacheBehavior [ RunTime:0.000962s ]
INFO: [ view_filter ] --END-- [ RunTime:0.001013s ]
INFO: [ app_end ] --START--
INFO: Run Behavior\ShowPageTraceBehavior [ RunTime:0.001856s ]
INFO: [ app_end ] --END-- [ RunTime:0.001949s ]

[ 2016-03-09T16:48:00+08:00 ] ::1 /index.php/Admin1/Index/index
INFO: [ app_init ] --START--
INFO: Run Behavior\BuildLiteBehavior [ RunTime:0.000030s ]
INFO: [ app_init ] --END-- [ RunTime:0.000936s ]
INFO: [ app_begin ] --START--
INFO: Run Behavior\ReadHtmlCacheBehavior [ RunTime:0.001916s ]
INFO: [ app_begin ] --END-- [ RunTime:0.002009s ]
SQL: SHOW COLUMNS FROM `ast_admin1` [ RunTime:0.0044s ]
SQL: SELECT * FROM `ast_admin1`  [ RunTime:0.0003s ]
SQL: SELECT * FROM `ast_admin1` WHERE `admin_id` = 1 LIMIT 1   [ RunTime:0.0003s ]
SQL: SHOW COLUMNS FROM `ast_nav1` [ RunTime:0.0039s ]
SQL: SELECT * FROM `ast_nav1`  [ RunTime:0.0005s ]
SQL: SELECT COUNT(*) AS tp_count FROM `ast_admin1` LIMIT 1   [ RunTime:0.0002s ]
NOTIC: [2] Missing argument 3 for getAdminPage(), called in C:\xampp\htdocs\aiston\Application\Admin1\Controller\CommonController.class.php on line 51 and defined C:\xampp\htdocs\aiston\Application\Common\Common\function.php 第 3 行.
NOTIC: [8] Undefined variable: num C:\xampp\htdocs\aiston\Application\Common\Common\function.php 第 4 行.
SQL: SELECT * FROM `ast_admin1` ORDER BY admin_id LIMIT 0,10   [ RunTime:0.0004s ]
INFO: [ view_parse ] --START--
INFO: [ template_filter ] --START--
INFO: Run Behavior\ContentReplaceBehavior [ RunTime:0.000465s ]
INFO: [ template_filter ] --END-- [ RunTime:0.000536s ]
NOTIC: [8] Array to string conversion C:\xampp\htdocs\aiston\Application\Runtime\Cache\Admin1\9f38e57e4d66d419226e62de907f8d4f.php 第 226 行.
NOTIC: [8] Undefined variable: url C:\xampp\htdocs\aiston\Application\Runtime\Cache\Admin1\9f38e57e4d66d419226e62de907f8d4f.php 第 455 行.
NOTIC: [8] Undefined variable: url C:\xampp\htdocs\aiston\Application\Runtime\Cache\Admin1\9f38e57e4d66d419226e62de907f8d4f.php 第 458 行.
INFO: Run Behavior\ParseTemplateBehavior [ RunTime:0.027114s ]
INFO: [ view_parse ] --END-- [ RunTime:0.027210s ]
INFO: [ view_filter ] --START--
INFO: Run Behavior\WriteHtmlCacheBehavior [ RunTime:0.002082s ]
INFO: [ view_filter ] --END-- [ RunTime:0.002173s ]
INFO: [ app_end ] --START--
INFO: Run Behavior\ShowPageTraceBehavior [ RunTime:0.004071s ]
INFO: [ app_end ] --END-- [ RunTime:0.004183s ]

[ 2016-03-09T16:48:03+08:00 ] ::1 /index.php/Admin1/Article/index
INFO: [ app_init ] --START--
INFO: Run Behavior\BuildLiteBehavior [ RunTime:0.000018s ]
INFO: [ app_init ] --END-- [ RunTime:0.000575s ]
INFO: [ app_begin ] --START--
INFO: Run Behavior\ReadHtmlCacheBehavior [ RunTime:0.001503s ]
INFO: [ app_begin ] --END-- [ RunTime:0.001587s ]
SQL: SHOW COLUMNS FROM `ast_admin1` [ RunTime:0.0042s ]
SQL: SELECT * FROM `ast_admin1`  [ RunTime:0.0004s ]
SQL: SELECT * FROM `ast_admin1` WHERE `admin_id` = 1 LIMIT 1   [ RunTime:0.0003s ]
SQL: SHOW COLUMNS FROM `ast_nav1` [ RunTime:0.0039s ]
SQL: SELECT * FROM `ast_nav1`  [ RunTime:0.0004s ]
SQL: SELECT COUNT(*) AS tp_count FROM `ast_admin1` LIMIT 1   [ RunTime:0.0002s ]
NOTIC: [2] Missing argument 3 for getAdminPage(), called in C:\xampp\htdocs\aiston\Application\Admin1\Controller\CommonController.class.php on line 51 and defined C:\xampp\htdocs\aiston\Application\Common\Common\function.php 第 3 行.
NOTIC: [8] Undefined variable: num C:\xampp\htdocs\aiston\Application\Common\Common\function.php 第 4 行.
SQL: SELECT * FROM `ast_admin1` ORDER BY admin_id LIMIT 0,10   [ RunTime:0.0006s ]
SQL: SHOW COLUMNS FROM `ast_article1` [ RunTime:0.0042s ]
SQL: SHOW COLUMNS FROM `ast_artcate1` [ RunTime:0.0038s ]
SQL: SELECT * FROM `ast_artcate1` WHERE `cate_id` = 0 LIMIT 1   [ RunTime:0.0003s ]
SQL: SELECT * FROM `ast_artcate1` WHERE `cate_id` = 0 LIMIT 1   [ RunTime:0.0002s ]
SQL: SELECT * FROM `ast_artcate1` WHERE `cate_pid` = 0  [ RunTime:0.0003s ]
SQL: SELECT * FROM `ast_artcate1` WHERE `cate_pid` = 0  [ RunTime:0.0003s ]
SQL: SELECT COUNT(*) AS tp_count FROM `ast_article1` LIMIT 1   [ RunTime:0.0002s ]
SQL: SELECT * FROM `ast_article1` INNER JOIN `ast_artcate1` ON ast_article1.art_cateid = ast_artcate1.cate_id  ORDER BY art_addtime DESC LIMIT 0,10   [ RunTime:0.0045s ]
SQL: SHOW COLUMNS FROM `ast_artcomment1` [ RunTime:0.0035s ]
SQL: SELECT * FROM `ast_artcomment1`  [ RunTime:0.0002s ]
INFO: [ view_parse ] --START--
INFO: [ template_filter ] --START--
INFO: Run Behavior\ContentReplaceBehavior [ RunTime:0.000455s ]
INFO: [ template_filter ] --END-- [ RunTime:0.000523s ]
NOTIC: [8] Undefined index: mentNum C:\xampp\htdocs\aiston\Application\Runtime\Cache\Admin1\4a86dfd92dd0ef69c88f632c824c633e.php 第 162 行.
NOTIC: [8] Undefined index: mentNum C:\xampp\htdocs\aiston\Application\Runtime\Cache\Admin1\4a86dfd92dd0ef69c88f632c824c633e.php 第 162 行.
NOTIC: [8] Undefined index: mentNum C:\xampp\htdocs\aiston\Application\Runtime\Cache\Admin1\4a86dfd92dd0ef69c88f632c824c633e.php 第 162 行.
NOTIC: [8] Undefined index: mentNum C:\xampp\htdocs\aiston\Application\Runtime\Cache\Admin1\4a86dfd92dd0ef69c88f632c824c633e.php 第 162 行.
NOTIC: [8] Undefined index: mentNum C:\xampp\htdocs\aiston\Application\Runtime\Cache\Admin1\4a86dfd92dd0ef69c88f632c824c633e.php 第 162 行.
NOTIC: [8] Undefined index: mentNum C:\xampp\htdocs\aiston\Application\Runtime\Cache\Admin1\4a86dfd92dd0ef69c88f632c824c633e.php 第 162 行.
NOTIC: [8] Undefined index: mentNum C:\xampp\htdocs\aiston\Application\Runtime\Cache\Admin1\4a86dfd92dd0ef69c88f632c824c633e.php 第 162 行.
NOTIC: [8] Array to string conversion C:\xampp\htdocs\aiston\Application\Runtime\Cache\Admin1\4a86dfd92dd0ef69c88f632c824c633e.php 第 382 行.
INFO: Run Behavior\ParseTemplateBehavior [ RunTime:0.031320s ]
INFO: [ view_parse ] --END-- [ RunTime:0.031381s ]
INFO: [ view_filter ] --START--
INFO: Run Behavior\WriteHtmlCacheBehavior [ RunTime:0.001034s ]
INFO: [ view_filter ] --END-- [ RunTime:0.001087s ]
NOTIC: [8] Undefined index: show C:\xampp\htdocs\aiston\Application\Admin1\Controller\ArticleController.class.php 第 82 行.
NOTIC: [8] Undefined index: id C:\xampp\htdocs\aiston\Application\Admin1\Controller\ArticleController.class.php 第 83 行.
SQL: UPDATE `ast_article1` SET `art_isshow`='1' WHERE `art_id` = null [ RunTime:0.0004s ]
INFO: [ app_end ] --START--
INFO: Run Behavior\ShowPageTraceBehavior [ RunTime:0.001795s ]
INFO: [ app_end ] --END-- [ RunTime:0.001879s ]

[ 2016-03-09T16:48:16+08:00 ] ::1 /index.php/Admin1/Product/index
INFO: [ app_init ] --START--
INFO: Run Behavior\BuildLiteBehavior [ RunTime:0.000017s ]
INFO: [ app_init ] --END-- [ RunTime:0.000565s ]
INFO: [ app_begin ] --START--
INFO: Run Behavior\ReadHtmlCacheBehavior [ RunTime:0.001163s ]
INFO: [ app_begin ] --END-- [ RunTime:0.001226s ]
ERR: 无法加载控制器:Product

[ 2016-03-09T17:23:51+08:00 ] ::1 /index.php/Admin1/Article/index
INFO: [ app_init ] --START--
INFO: Run Behavior\BuildLiteBehavior [ RunTime:0.000018s ]
INFO: [ app_init ] --END-- [ RunTime:0.000749s ]
INFO: [ app_begin ] --START--
INFO: Run Behavior\ReadHtmlCacheBehavior [ RunTime:0.001905s ]
INFO: [ app_begin ] --END-- [ RunTime:0.002057s ]
SQL: SHOW COLUMNS FROM `ast_admin1` [ RunTime:0.0042s ]
SQL: SELECT * FROM `ast_admin1`  [ RunTime:0.0004s ]
SQL: SELECT * FROM `ast_admin1` WHERE `admin_id` = 1 LIMIT 1   [ RunTime:0.0006s ]
SQL: SHOW COLUMNS FROM `ast_nav1` [ RunTime:0.0041s ]
SQL: SELECT * FROM `ast_nav1`  [ RunTime:0.0006s ]
SQL: SELECT COUNT(*) AS tp_count FROM `ast_admin1` LIMIT 1   [ RunTime:0.0003s ]
NOTIC: [2] Missing argument 3 for getAdminPage(), called in C:\xampp\htdocs\aiston\Application\Admin1\Controller\CommonController.class.php on line 51 and defined C:\xampp\htdocs\aiston\Application\Common\Common\function.php 第 3 行.
NOTIC: [8] Undefined variable: num C:\xampp\htdocs\aiston\Application\Common\Common\function.php 第 4 行.
SQL: SELECT * FROM `ast_admin1` ORDER BY admin_id LIMIT 0,10   [ RunTime:0.0006s ]
SQL: SHOW COLUMNS FROM `ast_article1` [ RunTime:0.0042s ]
SQL: SHOW COLUMNS FROM `ast_artcate1` [ RunTime:0.0034s ]
SQL: SELECT * FROM `ast_artcate1` WHERE `cate_id` = 0 LIMIT 1   [ RunTime:0.0002s ]
SQL: SELECT * FROM `ast_artcate1` WHERE `cate_id` = 0 LIMIT 1   [ RunTime:0.0002s ]
SQL: SELECT * FROM `ast_artcate1` WHERE `cate_pid` = 0  [ RunTime:0.0003s ]
SQL: SELECT * FROM `ast_artcate1` WHERE `cate_pid` = 0  [ RunTime:0.0003s ]
SQL: SELECT COUNT(*) AS tp_count FROM `ast_article1` LIMIT 1   [ RunTime:0.0002s ]
SQL: SELECT * FROM `ast_article1` INNER JOIN `ast_artcate1` ON ast_article1.art_cateid = ast_artcate1.cate_id  ORDER BY art_addtime DESC LIMIT 0,10   [ RunTime:0.0044s ]
SQL: SHOW COLUMNS FROM `ast_artcomment1` [ RunTime:0.0035s ]
SQL: SELECT * FROM `ast_artcomment1`  [ RunTime:0.0002s ]
INFO: [ view_parse ] --START--
INFO: [ template_filter ] --START--
INFO: Run Behavior\ContentReplaceBehavior [ RunTime:0.000459s ]
INFO: [ template_filter ] --END-- [ RunTime:0.000525s ]
NOTIC: [8] Undefined index: mentNum C:\xampp\htdocs\aiston\Application\Runtime\Cache\Admin1\4a86dfd92dd0ef69c88f632c824c633e.php 第 162 行.
NOTIC: [8] Undefined index: mentNum C:\xampp\htdocs\aiston\Application\Runtime\Cache\Admin1\4a86dfd92dd0ef69c88f632c824c633e.php 第 162 行.
NOTIC: [8] Undefined index: mentNum C:\xampp\htdocs\aiston\Application\Runtime\Cache\Admin1\4a86dfd92dd0ef69c88f632c824c633e.php 第 162 行.
NOTIC: [8] Undefined index: mentNum C:\xampp\htdocs\aiston\Application\Runtime\Cache\Admin1\4a86dfd92dd0ef69c88f632c824c633e.php 第 162 行.
NOTIC: [8] Undefined index: mentNum C:\xampp\htdocs\aiston\Application\Runtime\Cache\Admin1\4a86dfd92dd0ef69c88f632c824c633e.php 第 162 行.
NOTIC: [8] Undefined index: mentNum C:\xampp\htdocs\aiston\Application\Runtime\Cache\Admin1\4a86dfd92dd0ef69c88f632c824c633e.php 第 162 行.
NOTIC: [8] Undefined index: mentNum C:\xampp\htdocs\aiston\Application\Runtime\Cache\Admin1\4a86dfd92dd0ef69c88f632c824c633e.php 第 162 行.
NOTIC: [8] Array to string conversion C:\xampp\htdocs\aiston\Application\Runtime\Cache\Admin1\4a86dfd92dd0ef69c88f632c824c633e.php 第 382 行.
INFO: Run Behavior\ParseTemplateBehavior [ RunTime:0.031986s ]
INFO: [ view_parse ] --END-- [ RunTime:0.032073s ]
INFO: [ view_filter ] --START--
INFO: Run Behavior\WriteHtmlCacheBehavior [ RunTime:0.001241s ]
INFO: [ view_filter ] --END-- [ RunTime:0.001303s ]
NOTIC: [8] Undefined index: show C:\xampp\htdocs\aiston\Application\Admin1\Controller\ArticleController.class.php 第 82 行.
NOTIC: [8] Undefined index: id C:\xampp\htdocs\aiston\Application\Admin1\Controller\ArticleController.class.php 第 83 行.
SQL: UPDATE `ast_article1` SET `art_isshow`='1' WHERE `art_id` = null [ RunTime:0.0004s ]
INFO: [ app_end ] --START--
INFO: Run Behavior\ShowPageTraceBehavior [ RunTime:0.001503s ]
INFO: [ app_end ] --END-- [ RunTime:0.001584s ]

[ 2016-03-09T17:23:58+08:00 ] ::1 /index.php/Admin1/Article/editor/aid/58.html
INFO: [ app_init ] --START--
INFO: Run Behavior\BuildLiteBehavior [ RunTime:0.000017s ]
INFO: [ app_init ] --END-- [ RunTime:0.000589s ]
INFO: [ app_begin ] --START--
INFO: Run Behavior\ReadHtmlCacheBehavior [ RunTime:0.001615s ]
INFO: [ app_begin ] --END-- [ RunTime:0.001721s ]
SQL: SHOW COLUMNS FROM `ast_admin1` [ RunTime:0.0052s ]
SQL: SELECT * FROM `ast_admin1`  [ RunTime:0.0003s ]
SQL: SELECT * FROM `ast_admin1` WHERE `admin_id` = 1 LIMIT 1   [ RunTime:0.0003s ]
SQL: SHOW COLUMNS FROM `ast_nav1` [ RunTime:0.0040s ]
SQL: SELECT * FROM `ast_nav1`  [ RunTime:0.0005s ]
SQL: SELECT COUNT(*) AS tp_count FROM `ast_admin1` LIMIT 1   [ RunTime:0.0003s ]
NOTIC: [2] Missing argument 3 for getAdminPage(), called in C:\xampp\htdocs\aiston\Application\Admin1\Controller\CommonController.class.php on line 51 and defined C:\xampp\htdocs\aiston\Application\Common\Common\function.php 第 3 行.
NOTIC: [8] Undefined variable: num C:\xampp\htdocs\aiston\Application\Common\Common\function.php 第 4 行.
SQL: SELECT * FROM `ast_admin1` ORDER BY admin_id LIMIT 0,10   [ RunTime:0.0007s ]
SQL: SHOW COLUMNS FROM `ast_article1` [ RunTime:0.0042s ]
SQL: SHOW COLUMNS FROM `ast_artcate1` [ RunTime:0.0038s ]
SQL: SELECT * FROM `ast_artcate1` WHERE `cate_pid` = 0  [ RunTime:0.0003s ]
SQL: SELECT * FROM `ast_article1` INNER JOIN `ast_artcate1` ON ast_article1.art_cateid = ast_artcate1.cate_id  WHERE `art_id` = '58' LIMIT 1   [ RunTime:0.0004s ]
SQL: SELECT * FROM `ast_artcate1` WHERE `cate_id` = 1 LIMIT 1   [ RunTime:0.0002s ]
SQL: SELECT * FROM `ast_artcate1` WHERE `cate_pid` = 1  [ RunTime:0.0002s ]
INFO: [ view_parse ] --START--
INFO: [ template_filter ] --START--
INFO: Run Behavior\ContentReplaceBehavior [ RunTime:0.000813s ]
INFO: [ template_filter ] --END-- [ RunTime:0.000909s ]
NOTIC: [8] Undefined index: cate_id C:\xampp\htdocs\aiston\Application\Runtime\Cache\Admin1\ecb1aa8c0509d179de7319f2753b1b66.php 第 129 行.
NOTIC: [8] Undefined variable: htmlData C:\xampp\htdocs\aiston\Application\Runtime\Cache\Admin1\ecb1aa8c0509d179de7319f2753b1b66.php 第 143 行.
NOTIC: [8] Undefined variable: htmlData C:\xampp\htdocs\aiston\Application\Runtime\Cache\Admin1\ecb1aa8c0509d179de7319f2753b1b66.php 第 143 行.
NOTIC: [8] Array to string conversion C:\xampp\htdocs\aiston\Application\Runtime\Cache\Admin1\ecb1aa8c0509d179de7319f2753b1b66.php 第 311 行.
NOTIC: [8] Undefined variable: url C:\xampp\htdocs\aiston\Application\Runtime\Cache\Admin1\ecb1aa8c0509d179de7319f2753b1b66.php 第 540 行.
NOTIC: [8] Undefined variable: url C:\xampp\htdocs\aiston\Application\Runtime\Cache\Admin1\ecb1aa8c0509d179de7319f2753b1b66.php 第 543 行.
INFO: Run Behavior\ParseTemplateBehavior [ RunTime:0.029467s ]
INFO: [ view_parse ] --END-- [ RunTime:0.029532s ]
INFO: [ view_filter ] --START--
INFO: Run Behavior\WriteHtmlCacheBehavior [ RunTime:0.001185s ]
INFO: [ view_filter ] --END-- [ RunTime:0.001242s ]
INFO: [ app_end ] --START--
INFO: Run Behavior\ShowPageTraceBehavior [ RunTime:0.001836s ]
INFO: [ app_end ] --END-- [ RunTime:0.001926s ]

[ 2016-03-09T17:24:02+08:00 ] ::1 /index.php/Admin1/Article/add
INFO: [ app_init ] --START--
INFO: Run Behavior\BuildLiteBehavior [ RunTime:0.000022s ]
INFO: [ app_init ] --END-- [ RunTime:0.001210s ]
INFO: [ app_begin ] --START--
INFO: Run Behavior\ReadHtmlCacheBehavior [ RunTime:0.002096s ]
INFO: [ app_begin ] --END-- [ RunTime:0.002180s ]
SQL: SHOW COLUMNS FROM `ast_admin1` [ RunTime:0.0057s ]
SQL: SELECT * FROM `ast_admin1`  [ RunTime:0.0003s ]
SQL: SELECT * FROM `ast_admin1` WHERE `admin_id` = 1 LIMIT 1   [ RunTime:0.0003s ]
SQL: SHOW COLUMNS FROM `ast_nav1` [ RunTime:0.0061s ]
SQL: SELECT * FROM `ast_nav1`  [ RunTime:0.0005s ]
SQL: SELECT COUNT(*) AS tp_count FROM `ast_admin1` LIMIT 1   [ RunTime:0.0003s ]
NOTIC: [2] Missing argument 3 for getAdminPage(), called in C:\xampp\htdocs\aiston\Application\Admin1\Controller\CommonController.class.php on line 51 and defined C:\xampp\htdocs\aiston\Application\Common\Common\function.php 第 3 行.
NOTIC: [8] Undefined variable: num C:\xampp\htdocs\aiston\Application\Common\Common\function.php 第 4 行.
SQL: SELECT * FROM `ast_admin1` ORDER BY admin_id LIMIT 0,10   [ RunTime:0.0006s ]
SQL: SHOW COLUMNS FROM `ast_artcate1` [ RunTime:0.0062s ]
SQL: SHOW COLUMNS FROM `ast_article1` [ RunTime:0.0063s ]
SQL: SELECT * FROM `ast_artcate1` WHERE `cate_pid` = 0 ORDER BY cate_id ASC  [ RunTime:0.0004s ]
SQL: SELECT `art_order` FROM `ast_article1` ORDER BY art_order DESC LIMIT 1   [ RunTime:0.0003s ]
INFO: [ view_parse ] --START--
INFO: [ template_filter ] --START--
INFO: Run Behavior\ContentReplaceBehavior [ RunTime:0.000482s ]
INFO: [ template_filter ] --END-- [ RunTime:0.000548s ]
NOTIC: [8] Undefined variable: htmlData C:\xampp\htdocs\aiston\Application\Runtime\Cache\Admin1\470463e8a2216b3d461304c62e789d92.php 第 144 行.
NOTIC: [8] Undefined variable: htmlData C:\xampp\htdocs\aiston\Application\Runtime\Cache\Admin1\470463e8a2216b3d461304c62e789d92.php 第 144 行.
NOTIC: [8] Array to string conversion C:\xampp\htdocs\aiston\Application\Runtime\Cache\Admin1\470463e8a2216b3d461304c62e789d92.php 第 319 行.
NOTIC: [8] Undefined variable: url C:\xampp\htdocs\aiston\Application\Runtime\Cache\Admin1\470463e8a2216b3d461304c62e789d92.php 第 548 行.
NOTIC: [8] Undefined variable: url C:\xampp\htdocs\aiston\Application\Runtime\Cache\Admin1\470463e8a2216b3d461304c62e789d92.php 第 551 行.
INFO: Run Behavior\ParseTemplateBehavior [ RunTime:0.035803s ]
INFO: [ view_parse ] --END-- [ RunTime:0.035863s ]
INFO: [ view_filter ] --START--
INFO: Run Behavior\WriteHtmlCacheBehavior [ RunTime:0.001678s ]
INFO: [ view_filter ] --END-- [ RunTime:0.001757s ]
INFO: [ app_end ] --START--
INFO: Run Behavior\ShowPageTraceBehavior [ RunTime:0.005420s ]
INFO: [ app_end ] --END-- [ RunTime:0.005643s ]

[ 2016-03-09T17:24:05+08:00 ] ::1 /index.php/Admin1/Member/index
INFO: [ app_init ] --START--
INFO: Run Behavior\BuildLiteBehavior [ RunTime:0.000019s ]
INFO: [ app_init ] --END-- [ RunTime:0.000717s ]
INFO: [ app_begin ] --START--
INFO: Run Behavior\ReadHtmlCacheBehavior [ RunTime:0.002528s ]
INFO: [ app_begin ] --END-- [ RunTime:0.002630s ]
SQL: SHOW COLUMNS FROM `ast_admin1` [ RunTime:0.0038s ]
SQL: SELECT * FROM `ast_admin1`  [ RunTime:0.0003s ]
SQL: SELECT * FROM `ast_admin1` WHERE `admin_id` = 1 LIMIT 1   [ RunTime:0.0003s ]
SQL: SHOW COLUMNS FROM `ast_nav1` [ RunTime:0.0044s ]
SQL: SELECT * FROM `ast_nav1`  [ RunTime:0.0005s ]
SQL: SELECT COUNT(*) AS tp_count FROM `ast_admin1` LIMIT 1   [ RunTime:0.0002s ]
NOTIC: [2] Missing argument 3 for getAdminPage(), called in C:\xampp\htdocs\aiston\Application\Admin1\Controller\CommonController.class.php on line 51 and defined C:\xampp\htdocs\aiston\Application\Common\Common\function.php 第 3 行.
NOTIC: [8] Undefined variable: num C:\xampp\htdocs\aiston\Application\Common\Common\function.php 第 4 行.
SQL: SELECT * FROM `ast_admin1` ORDER BY admin_id LIMIT 0,10   [ RunTime:0.0005s ]
SQL: SHOW COLUMNS FROM `ast_about1` [ RunTime:0.0040s ]
SQL: SELECT * FROM `ast_about1`  [ RunTime:0.0003s ]
INFO: [ view_parse ] --START--
INFO: [ template_filter ] --START--
INFO: Run Behavior\ContentReplaceBehavior [ RunTime:0.000529s ]
INFO: [ template_filter ] --END-- [ RunTime:0.000625s ]
NOTIC: [8] Undefined index: vip_id C:\xampp\htdocs\aiston\Application\Runtime\Cache\Admin1\9942b356d7ce891d6fbf221291b0fc8e.php 第 228 行.
NOTIC: [8] Undefined index: vip_id C:\xampp\htdocs\aiston\Application\Runtime\Cache\Admin1\9942b356d7ce891d6fbf221291b0fc8e.php 第 228 行.
NOTIC: [8] Undefined index: vip_id C:\xampp\htdocs\aiston\Application\Runtime\Cache\Admin1\9942b356d7ce891d6fbf221291b0fc8e.php 第 228 行.
NOTIC: [8] Undefined index: vip_id C:\xampp\htdocs\aiston\Application\Runtime\Cache\Admin1\9942b356d7ce891d6fbf221291b0fc8e.php 第 228 行.
NOTIC: [8] Undefined variable: show C:\xampp\htdocs\aiston\Application\Runtime\Cache\Admin1\9942b356d7ce891d6fbf221291b0fc8e.php 第 238 行.
NOTIC: [8] Array to string conversion C:\xampp\htdocs\aiston\Application\Runtime\Cache\Admin1\9942b356d7ce891d6fbf221291b0fc8e.php 第 424 行.
NOTIC: [8] Undefined variable: url C:\xampp\htdocs\aiston\Application\Runtime\Cache\Admin1\9942b356d7ce891d6fbf221291b0fc8e.php 第 653 行.
NOTIC: [8] Undefined variable: url C:\xampp\htdocs\aiston\Application\Runtime\Cache\Admin1\9942b356d7ce891d6fbf221291b0fc8e.php 第 656 行.
INFO: Run Behavior\ParseTemplateBehavior [ RunTime:0.026892s ]
INFO: [ view_parse ] --END-- [ RunTime:0.026969s ]
INFO: [ view_filter ] --START--
INFO: Run Behavior\WriteHtmlCacheBehavior [ RunTime:0.001107s ]
INFO: [ view_filter ] --END-- [ RunTime:0.001169s ]
INFO: [ app_end ] --START--
INFO: Run Behavior\ShowPageTraceBehavior [ RunTime:0.002034s ]
INFO: [ app_end ] --END-- [ RunTime:0.002129s ]

[ 2016-03-09T17:24:09+08:00 ] ::1 /index.php/Admin1/Member/add
INFO: [ app_init ] --START--
INFO: Run Behavior\BuildLiteBehavior [ RunTime:0.000017s ]
INFO: [ app_init ] --END-- [ RunTime:0.000590s ]
INFO: [ app_begin ] --START--
INFO: Run Behavior\ReadHtmlCacheBehavior [ RunTime:0.001334s ]
INFO: [ app_begin ] --END-- [ RunTime:0.001418s ]
SQL: SHOW COLUMNS FROM `ast_admin1` [ RunTime:0.0045s ]
SQL: SELECT * FROM `ast_admin1`  [ RunTime:0.0004s ]
SQL: SELECT * FROM `ast_admin1` WHERE `admin_id` = 1 LIMIT 1   [ RunTime:0.0003s ]
SQL: SHOW COLUMNS FROM `ast_nav1` [ RunTime:0.0039s ]
SQL: SELECT * FROM `ast_nav1`  [ RunTime:0.0004s ]
SQL: SELECT COUNT(*) AS tp_count FROM `ast_admin1` LIMIT 1   [ RunTime:0.0002s ]
NOTIC: [2] Missing argument 3 for getAdminPage(), called in C:\xampp\htdocs\aiston\Application\Admin1\Controller\CommonController.class.php on line 51 and defined C:\xampp\htdocs\aiston\Application\Common\Common\function.php 第 3 行.
NOTIC: [8] Undefined variable: num C:\xampp\htdocs\aiston\Application\Common\Common\function.php 第 4 行.
SQL: SELECT * FROM `ast_admin1` ORDER BY admin_id LIMIT 0,10   [ RunTime:0.0005s ]
INFO: [ view_parse ] --START--
INFO: [ template_filter ] --START--
INFO: Run Behavior\ContentReplaceBehavior [ RunTime:0.000880s ]
INFO: [ template_filter ] --END-- [ RunTime:0.000963s ]
NOTIC: [8] Array to string conversion C:\xampp\htdocs\aiston\Application\Runtime\Cache\Admin1\b8761a284f344b94c874d58f53ffc1c0.php 第 329 行.
NOTIC: [8] Undefined variable: url C:\xampp\htdocs\aiston\Application\Runtime\Cache\Admin1\b8761a284f344b94c874d58f53ffc1c0.php 第 558 行.
NOTIC: [8] Undefined variable: url C:\xampp\htdocs\aiston\Application\Runtime\Cache\Admin1\b8761a284f344b94c874d58f53ffc1c0.php 第 561 行.
NOTIC: [8] Array to string conversion C:\xampp\htdocs\aiston\Application\Runtime\Cache\Admin1\b8761a284f344b94c874d58f53ffc1c0.php 第 967 行.
NOTIC: [8] Undefined variable: url C:\xampp\htdocs\aiston\Application\Runtime\Cache\Admin1\b8761a284f344b94c874d58f53ffc1c0.php 第 1196 行.
NOTIC: [8] Undefined variable: url C:\xampp\htdocs\aiston\Application\Runtime\Cache\Admin1\b8761a284f344b94c874d58f53ffc1c0.php 第 1199 行.
INFO: Run Behavior\ParseTemplateBehavior [ RunTime:0.038454s ]
INFO: [ view_parse ] --END-- [ RunTime:0.038570s ]
INFO: [ view_filter ] --START--
INFO: Run Behavior\WriteHtmlCacheBehavior [ RunTime:0.002150s ]
INFO: [ view_filter ] --END-- [ RunTime:0.002233s ]
INFO: [ app_end ] --START--
INFO: Run Behavior\ShowPageTraceBehavior [ RunTime:0.002012s ]
INFO: [ app_end ] --END-- [ RunTime:0.002120s ]

[ 2016-03-09T17:24:11+08:00 ] ::1 /index.php/Admin1/Photo/index
INFO: [ app_init ] --START--
INFO: Run Behavior\BuildLiteBehavior [ RunTime:0.000019s ]
INFO: [ app_init ] --END-- [ RunTime:0.001045s ]
INFO: [ app_begin ] --START--
INFO: Run Behavior\ReadHtmlCacheBehavior [ RunTime:0.001788s ]
INFO: [ app_begin ] --END-- [ RunTime:0.001864s ]
SQL: SHOW COLUMNS FROM `ast_admin1` [ RunTime:0.0057s ]
SQL: SELECT * FROM `ast_admin1`  [ RunTime:0.0003s ]
SQL: SELECT * FROM `ast_admin1` WHERE `admin_id` = 1 LIMIT 1   [ RunTime:0.0003s ]
SQL: SHOW COLUMNS FROM `ast_nav1` [ RunTime:0.0061s ]
SQL: SELECT * FROM `ast_nav1`  [ RunTime:0.0004s ]
SQL: SELECT COUNT(*) AS tp_count FROM `ast_admin1` LIMIT 1   [ RunTime:0.0003s ]
NOTIC: [2] Missing argument 3 for getAdminPage(), called in C:\xampp\htdocs\aiston\Application\Admin1\Controller\CommonController.class.php on line 51 and defined C:\xampp\htdocs\aiston\Application\Common\Common\function.php 第 3 行.
NOTIC: [8] Undefined variable: num C:\xampp\htdocs\aiston\Application\Common\Common\function.php 第 4 行.
SQL: SELECT * FROM `ast_admin1` ORDER BY admin_id LIMIT 0,10   [ RunTime:0.0005s ]
SQL: SHOW COLUMNS FROM `ast_banner1` [ RunTime:0.0066s ]
SQL: SHOW COLUMNS FROM `ast_banner_page1` [ RunTime:0.0063s ]
SQL: SELECT * FROM `ast_banner_page1`  [ RunTime:0.0003s ]
SQL: SELECT * FROM `ast_banner1`  [ RunTime:0.0003s ]
INFO: [ view_parse ] --START--
INFO: [ template_filter ] --START--
INFO: Run Behavior\ContentReplaceBehavior [ RunTime:0.000537s ]
INFO: [ template_filter ] --END-- [ RunTime:0.000611s ]
NOTIC: [8] Undefined variable: banner_page C:\xampp\htdocs\aiston\Application\Runtime\Cache\Admin1\a3849d7591d5459fec708aa4cfbda0a4.php 第 125 行.
NOTIC: [8] Array to string conversion C:\xampp\htdocs\aiston\Application\Runtime\Cache\Admin1\a3849d7591d5459fec708aa4cfbda0a4.php 第 299 行.
NOTIC: [8] Undefined variable: url C:\xampp\htdocs\aiston\Application\Runtime\Cache\Admin1\a3849d7591d5459fec708aa4cfbda0a4.php 第 528 行.
NOTIC: [8] Undefined variable: url C:\xampp\htdocs\aiston\Application\Runtime\Cache\Admin1\a3849d7591d5459fec708aa4cfbda0a4.php 第 531 行.
INFO: Run Behavior\ParseTemplateBehavior [ RunTime:0.035141s ]
INFO: [ view_parse ] --END-- [ RunTime:0.035222s ]
INFO: [ view_filter ] --START--
INFO: Run Behavior\WriteHtmlCacheBehavior [ RunTime:0.001661s ]
INFO: [ view_filter ] --END-- [ RunTime:0.001714s ]
INFO: [ app_end ] --START--
INFO: Run Behavior\ShowPageTraceBehavior [ RunTime:0.002915s ]
INFO: [ app_end ] --END-- [ RunTime:0.003017s ]

[ 2016-03-09T17:24:14+08:00 ] ::1 /index.php/Admin1/Link/intro
INFO: [ app_init ] --START--
INFO: Run Behavior\BuildLiteBehavior [ RunTime:0.000021s ]
INFO: [ app_init ] --END-- [ RunTime:0.000682s ]
INFO: [ app_begin ] --START--
INFO: Run Behavior\ReadHtmlCacheBehavior [ RunTime:0.001245s ]
INFO: [ app_begin ] --END-- [ RunTime:0.001317s ]
SQL: SHOW COLUMNS FROM `ast_admin1` [ RunTime:0.0044s ]
SQL: SELECT * FROM `ast_admin1`  [ RunTime:0.0003s ]
SQL: SELECT * FROM `ast_admin1` WHERE `admin_id` = 1 LIMIT 1   [ RunTime:0.0003s ]
SQL: SHOW COLUMNS FROM `ast_nav1` [ RunTime:0.0035s ]
SQL: SELECT * FROM `ast_nav1`  [ RunTime:0.0003s ]
SQL: SELECT COUNT(*) AS tp_count FROM `ast_admin1` LIMIT 1   [ RunTime:0.0002s ]
NOTIC: [2] Missing argument 3 for getAdminPage(), called in C:\xampp\htdocs\aiston\Application\Admin1\Controller\CommonController.class.php on line 51 and defined C:\xampp\htdocs\aiston\Application\Common\Common\function.php 第 3 行.
NOTIC: [8] Undefined variable: num C:\xampp\htdocs\aiston\Application\Common\Common\function.php 第 4 行.
SQL: SELECT * FROM `ast_admin1` ORDER BY admin_id LIMIT 0,10   [ RunTime:0.0003s ]
SQL: SHOW COLUMNS FROM `ast_company1` [ RunTime:0.0047s ]
SQL: SELECT * FROM `ast_company1`  [ RunTime:0.0004s ]
INFO: [ view_parse ] --START--
INFO: [ template_filter ] --START--
INFO: Run Behavior\ContentReplaceBehavior [ RunTime:0.000486s ]
INFO: [ template_filter ] --END-- [ RunTime:0.000552s ]
NOTIC: [8] Undefined variable: htmlData C:\xampp\htdocs\aiston\Application\Runtime\Cache\Admin1\26998fbefe79832ee98ca4f777a3e6f1.php 第 139 行.
NOTIC: [8] Array to string conversion C:\xampp\htdocs\aiston\Application\Runtime\Cache\Admin1\26998fbefe79832ee98ca4f777a3e6f1.php 第 316 行.
NOTIC: [8] Undefined variable: url C:\xampp\htdocs\aiston\Application\Runtime\Cache\Admin1\26998fbefe79832ee98ca4f777a3e6f1.php 第 545 行.
NOTIC: [8] Undefined variable: url C:\xampp\htdocs\aiston\Application\Runtime\Cache\Admin1\26998fbefe79832ee98ca4f777a3e6f1.php 第 548 行.
INFO: Run Behavior\ParseTemplateBehavior [ RunTime:0.025223s ]
INFO: [ view_parse ] --END-- [ RunTime:0.025289s ]
INFO: [ view_filter ] --START--
INFO: Run Behavior\WriteHtmlCacheBehavior [ RunTime:0.001148s ]
INFO: [ view_filter ] --END-- [ RunTime:0.001221s ]
INFO: [ app_end ] --START--
INFO: Run Behavior\ShowPageTraceBehavior [ RunTime:0.003538s ]
INFO: [ app_end ] --END-- [ RunTime:0.003704s ]

[ 2016-03-09T17:24:16+08:00 ] ::1 /index.php/Admin1/Join/contact
INFO: [ app_init ] --START--
INFO: Run Behavior\BuildLiteBehavior [ RunTime:0.000018s ]
INFO: [ app_init ] --END-- [ RunTime:0.000676s ]
INFO: [ app_begin ] --START--
INFO: Run Behavior\ReadHtmlCacheBehavior [ RunTime:0.001179s ]
INFO: [ app_begin ] --END-- [ RunTime:0.001243s ]
SQL: SHOW COLUMNS FROM `ast_admin1` [ RunTime:0.0041s ]
SQL: SELECT * FROM `ast_admin1`  [ RunTime:0.0003s ]
SQL: SELECT * FROM `ast_admin1` WHERE `admin_id` = 1 LIMIT 1   [ RunTime:0.0003s ]
SQL: SHOW COLUMNS FROM `ast_nav1` [ RunTime:0.0039s ]
SQL: SELECT * FROM `ast_nav1`  [ RunTime:0.0004s ]
SQL: SELECT COUNT(*) AS tp_count FROM `ast_admin1` LIMIT 1   [ RunTime:0.0003s ]
NOTIC: [2] Missing argument 3 for getAdminPage(), called in C:\xampp\htdocs\aiston\Application\Admin1\Controller\CommonController.class.php on line 51 and defined C:\xampp\htdocs\aiston\Application\Common\Common\function.php 第 3 行.
NOTIC: [8] Undefined variable: num C:\xampp\htdocs\aiston\Application\Common\Common\function.php 第 4 行.
SQL: SELECT * FROM `ast_admin1` ORDER BY admin_id LIMIT 0,10   [ RunTime:0.0004s ]
SQL: SHOW COLUMNS FROM `ast_company1` [ RunTime:0.0039s ]
SQL: SELECT * FROM `ast_company1` WHERE `c_id` = 2  [ RunTime:0.0003s ]
INFO: [ view_parse ] --START--
INFO: [ template_filter ] --START--
INFO: Run Behavior\ContentReplaceBehavior [ RunTime:0.000505s ]
INFO: [ template_filter ] --END-- [ RunTime:0.000574s ]
NOTIC: [8] Array to string conversion C:\xampp\htdocs\aiston\Application\Runtime\Cache\Admin1\191397f9586ed49f305920ee17bb63bb.php 第 310 行.
NOTIC: [8] Undefined variable: url C:\xampp\htdocs\aiston\Application\Runtime\Cache\Admin1\191397f9586ed49f305920ee17bb63bb.php 第 539 行.
NOTIC: [8] Undefined variable: url C:\xampp\htdocs\aiston\Application\Runtime\Cache\Admin1\191397f9586ed49f305920ee17bb63bb.php 第 542 行.
INFO: Run Behavior\ParseTemplateBehavior [ RunTime:0.025200s ]
INFO: [ view_parse ] --END-- [ RunTime:0.025267s ]
INFO: [ view_filter ] --START--
INFO: Run Behavior\WriteHtmlCacheBehavior [ RunTime:0.000963s ]
INFO: [ view_filter ] --END-- [ RunTime:0.001016s ]
INFO: [ app_end ] --START--
INFO: Run Behavior\ShowPageTraceBehavior [ RunTime:0.001898s ]
INFO: [ app_end ] --END-- [ RunTime:0.001990s ]

[ 2016-03-09T17:24:18+08:00 ] ::1 /index.php/Admin1/Join/index
INFO: [ app_init ] --START--
INFO: Run Behavior\BuildLiteBehavior [ RunTime:0.000019s ]
INFO: [ app_init ] --END-- [ RunTime:0.000625s ]
INFO: [ app_begin ] --START--
INFO: Run Behavior\ReadHtmlCacheBehavior [ RunTime:0.001404s ]
INFO: [ app_begin ] --END-- [ RunTime:0.001492s ]
SQL: SHOW COLUMNS FROM `ast_admin1` [ RunTime:0.0039s ]
SQL: SELECT * FROM `ast_admin1`  [ RunTime:0.0005s ]
SQL: SELECT * FROM `ast_admin1` WHERE `admin_id` = 1 LIMIT 1   [ RunTime:0.0004s ]
SQL: SHOW COLUMNS FROM `ast_nav1` [ RunTime:0.0046s ]
SQL: SELECT * FROM `ast_nav1`  [ RunTime:0.0004s ]
SQL: SELECT COUNT(*) AS tp_count FROM `ast_admin1` LIMIT 1   [ RunTime:0.0004s ]
NOTIC: [2] Missing argument 3 for getAdminPage(), called in C:\xampp\htdocs\aiston\Application\Admin1\Controller\CommonController.class.php on line 51 and defined C:\xampp\htdocs\aiston\Application\Common\Common\function.php 第 3 行.
NOTIC: [8] Undefined variable: num C:\xampp\htdocs\aiston\Application\Common\Common\function.php 第 4 行.
SQL: SELECT * FROM `ast_admin1` ORDER BY admin_id LIMIT 0,10   [ RunTime:0.0006s ]
SQL: SHOW COLUMNS FROM `ast_work1` [ RunTime:0.0043s ]
SQL: SELECT * FROM `ast_work1` ORDER BY w_cateid asc  [ RunTime:0.0008s ]
INFO: [ view_parse ] --START--
INFO: [ template_filter ] --START--
INFO: Run Behavior\ContentReplaceBehavior [ RunTime:0.000526s ]
INFO: [ template_filter ] --END-- [ RunTime:0.000598s ]
NOTIC: [8] Undefined variable: cid C:\xampp\htdocs\aiston\Application\Runtime\Cache\Admin1\84168b91bb99f46b8a1719914a121d54.php 第 121 行.
NOTIC: [8] Undefined variable: acate C:\xampp\htdocs\aiston\Application\Runtime\Cache\Admin1\84168b91bb99f46b8a1719914a121d54.php 第 124 行.
NOTIC: [8] Undefined variable: cid C:\xampp\htdocs\aiston\Application\Runtime\Cache\Admin1\84168b91bb99f46b8a1719914a121d54.php 第 128 行.
NOTIC: [8] Undefined variable: cid C:\xampp\htdocs\aiston\Application\Runtime\Cache\Admin1\84168b91bb99f46b8a1719914a121d54.php 第 129 行.
NOTIC: [8] Undefined variable: cate C:\xampp\htdocs\aiston\Application\Runtime\Cache\Admin1\84168b91bb99f46b8a1719914a121d54.php 第 135 行.
NOTIC: [8] Undefined variable: show C:\xampp\htdocs\aiston\Application\Runtime\Cache\Admin1\84168b91bb99f46b8a1719914a121d54.php 第 162 行.
NOTIC: [8] Array to string conversion C:\xampp\htdocs\aiston\Application\Runtime\Cache\Admin1\84168b91bb99f46b8a1719914a121d54.php 第 373 行.
NOTIC: [8] Undefined variable: url C:\xampp\htdocs\aiston\Application\Runtime\Cache\Admin1\84168b91bb99f46b8a1719914a121d54.php 第 602 行.
NOTIC: [8] Undefined variable: url C:\xampp\htdocs\aiston\Application\Runtime\Cache\Admin1\84168b91bb99f46b8a1719914a121d54.php 第 605 行.
INFO: Run Behavior\ParseTemplateBehavior [ RunTime:0.030557s ]
INFO: [ view_parse ] --END-- [ RunTime:0.030646s ]
INFO: [ view_filter ] --START--
INFO: Run Behavior\WriteHtmlCacheBehavior [ RunTime:0.001848s ]
INFO: [ view_filter ] --END-- [ RunTime:0.001922s ]
INFO: [ app_end ] --START--
INFO: Run Behavior\ShowPageTraceBehavior [ RunTime:0.003098s ]
INFO: [ app_end ] --END-- [ RunTime:0.003260s ]

[ 2016-03-09T17:24:19+08:00 ] ::1 /index.php/Admin1/Join/add
INFO: [ app_init ] --START--
INFO: Run Behavior\BuildLiteBehavior [ RunTime:0.000025s ]
INFO: [ app_init ] --END-- [ RunTime:0.000907s ]
INFO: [ app_begin ] --START--
INFO: Run Behavior\ReadHtmlCacheBehavior [ RunTime:0.001352s ]
INFO: [ app_begin ] --END-- [ RunTime:0.001434s ]
SQL: SHOW COLUMNS FROM `ast_admin1` [ RunTime:0.0040s ]
SQL: SELECT * FROM `ast_admin1`  [ RunTime:0.0004s ]
SQL: SELECT * FROM `ast_admin1` WHERE `admin_id` = 1 LIMIT 1   [ RunTime:0.0003s ]
SQL: SHOW COLUMNS FROM `ast_nav1` [ RunTime:0.0053s ]
SQL: SELECT * FROM `ast_nav1`  [ RunTime:0.0006s ]
SQL: SELECT COUNT(*) AS tp_count FROM `ast_admin1` LIMIT 1   [ RunTime:0.0002s ]
NOTIC: [2] Missing argument 3 for getAdminPage(), called in C:\xampp\htdocs\aiston\Application\Admin1\Controller\CommonController.class.php on line 51 and defined C:\xampp\htdocs\aiston\Application\Common\Common\function.php 第 3 行.
NOTIC: [8] Undefined variable: num C:\xampp\htdocs\aiston\Application\Common\Common\function.php 第 4 行.
SQL: SELECT * FROM `ast_admin1` ORDER BY admin_id LIMIT 0,10   [ RunTime:0.0003s ]
INFO: [ view_parse ] --START--
INFO: [ template_filter ] --START--
INFO: Run Behavior\ContentReplaceBehavior [ RunTime:0.000824s ]
INFO: [ template_filter ] --END-- [ RunTime:0.000940s ]
NOTIC: [8] Undefined variable: htmlData C:\xampp\htdocs\aiston\Application\Runtime\Cache\Admin1\04263582089c97292717e98f134ff1dd.php 第 157 行.
NOTIC: [8] Undefined variable: htmlData C:\xampp\htdocs\aiston\Application\Runtime\Cache\Admin1\04263582089c97292717e98f134ff1dd.php 第 157 行.
NOTIC: [8] Array to string conversion C:\xampp\htdocs\aiston\Application\Runtime\Cache\Admin1\04263582089c97292717e98f134ff1dd.php 第 332 行.
NOTIC: [8] Undefined variable: url C:\xampp\htdocs\aiston\Application\Runtime\Cache\Admin1\04263582089c97292717e98f134ff1dd.php 第 561 行.
NOTIC: [8] Undefined variable: url C:\xampp\htdocs\aiston\Application\Runtime\Cache\Admin1\04263582089c97292717e98f134ff1dd.php 第 564 行.
INFO: Run Behavior\ParseTemplateBehavior [ RunTime:0.031756s ]
INFO: [ view_parse ] --END-- [ RunTime:0.031815s ]
INFO: [ view_filter ] --START--
INFO: Run Behavior\WriteHtmlCacheBehavior [ RunTime:0.001161s ]
INFO: [ view_filter ] --END-- [ RunTime:0.001299s ]
INFO: [ app_end ] --START--
INFO: Run Behavior\ShowPageTraceBehavior [ RunTime:0.002866s ]
INFO: [ app_end ] --END-- [ RunTime:0.002989s ]

[ 2016-03-09T17:24:21+08:00 ] ::1 /index.php/Admin1/Setup/index
INFO: [ app_init ] --START--
INFO: Run Behavior\BuildLiteBehavior [ RunTime:0.000018s ]
INFO: [ app_init ] --END-- [ RunTime:0.000609s ]
INFO: [ app_begin ] --START--
INFO: Run Behavior\ReadHtmlCacheBehavior [ RunTime:0.002645s ]
INFO: [ app_begin ] --END-- [ RunTime:0.002770s ]
SQL: SHOW COLUMNS FROM `ast_admin1` [ RunTime:0.0047s ]
SQL: SELECT * FROM `ast_admin1`  [ RunTime:0.0004s ]
SQL: SELECT * FROM `ast_admin1` WHERE `admin_id` = 1 LIMIT 1   [ RunTime:0.0003s ]
SQL: SHOW COLUMNS FROM `ast_nav1` [ RunTime:0.0037s ]
SQL: SELECT * FROM `ast_nav1`  [ RunTime:0.0004s ]
SQL: SELECT COUNT(*) AS tp_count FROM `ast_admin1` LIMIT 1   [ RunTime:0.0002s ]
NOTIC: [2] Missing argument 3 for getAdminPage(), called in C:\xampp\htdocs\aiston\Application\Admin1\Controller\CommonController.class.php on line 51 and defined C:\xampp\htdocs\aiston\Application\Common\Common\function.php 第 3 行.
NOTIC: [8] Undefined variable: num C:\xampp\htdocs\aiston\Application\Common\Common\function.php 第 4 行.
SQL: SELECT * FROM `ast_admin1` ORDER BY admin_id LIMIT 0,10   [ RunTime:0.0005s ]
SQL: SHOW COLUMNS FROM `ast_seo1` [ RunTime:0.0048s ]
SQL: SELECT * FROM `ast_seo1` WHERE `seo_id` = 1 LIMIT 1   [ RunTime:0.0003s ]
INFO: [ view_parse ] --START--
INFO: [ template_filter ] --START--
INFO: Run Behavior\ContentReplaceBehavior [ RunTime:0.000390s ]
INFO: [ template_filter ] --END-- [ RunTime:0.000459s ]
NOTIC: [8] Array to string conversion C:\xampp\htdocs\aiston\Application\Runtime\Cache\Admin1\ab2ad532e0ccb5f8d0d58568cb7ea8b6.php 第 230 行.
NOTIC: [8] Undefined variable: url C:\xampp\htdocs\aiston\Application\Runtime\Cache\Admin1\ab2ad532e0ccb5f8d0d58568cb7ea8b6.php 第 459 行.
NOTIC: [8] Undefined variable: url C:\xampp\htdocs\aiston\Application\Runtime\Cache\Admin1\ab2ad532e0ccb5f8d0d58568cb7ea8b6.php 第 462 行.
INFO: Run Behavior\ParseTemplateBehavior [ RunTime:0.027504s ]
INFO: [ view_parse ] --END-- [ RunTime:0.027603s ]
INFO: [ view_filter ] --START--
INFO: Run Behavior\WriteHtmlCacheBehavior [ RunTime:0.001077s ]
INFO: [ view_filter ] --END-- [ RunTime:0.001143s ]
INFO: [ app_end ] --START--
INFO: Run Behavior\ShowPageTraceBehavior [ RunTime:0.002481s ]
INFO: [ app_end ] --END-- [ RunTime:0.002583s ]

[ 2016-03-09T17:24:23+08:00 ] ::1 /index.php/Admin1/Invest/index
INFO: [ app_init ] --START--
INFO: Run Behavior\BuildLiteBehavior [ RunTime:0.000018s ]
INFO: [ app_init ] --END-- [ RunTime:0.000570s ]
INFO: [ app_begin ] --START--
INFO: Run Behavior\ReadHtmlCacheBehavior [ RunTime:0.001946s ]
INFO: [ app_begin ] --END-- [ RunTime:0.002064s ]
SQL: SHOW COLUMNS FROM `ast_admin1` [ RunTime:0.0040s ]
SQL: SELECT * FROM `ast_admin1`  [ RunTime:0.0004s ]
SQL: SELECT * FROM `ast_admin1` WHERE `admin_id` = 1 LIMIT 1   [ RunTime:0.0003s ]
SQL: SHOW COLUMNS FROM `ast_nav1` [ RunTime:0.0040s ]
SQL: SELECT * FROM `ast_nav1`  [ RunTime:0.0004s ]
SQL: SELECT COUNT(*) AS tp_count FROM `ast_admin1` LIMIT 1   [ RunTime:0.0002s ]
NOTIC: [2] Missing argument 3 for getAdminPage(), called in C:\xampp\htdocs\aiston\Application\Admin1\Controller\CommonController.class.php on line 51 and defined C:\xampp\htdocs\aiston\Application\Common\Common\function.php 第 3 行.
NOTIC: [8] Undefined variable: num C:\xampp\htdocs\aiston\Application\Common\Common\function.php 第 4 行.
SQL: SELECT * FROM `ast_admin1` ORDER BY admin_id LIMIT 0,10   [ RunTime:0.0005s ]
SQL: SHOW COLUMNS FROM `ast_invest1` [ RunTime:0.0062s ]
SQL: SELECT * FROM `ast_invest1`  [ RunTime:0.0004s ]
INFO: [ view_parse ] --START--
INFO: [ template_filter ] --START--
INFO: Run Behavior\ContentReplaceBehavior [ RunTime:0.000678s ]
INFO: [ template_filter ] --END-- [ RunTime:0.000770s ]
NOTIC: [8] Undefined variable: cid C:\xampp\htdocs\aiston\Application\Runtime\Cache\Admin1\0248c5dcaf8ad8ea744f4e982205df3f.php 第 121 行.
NOTIC: [8] Undefined variable: acate C:\xampp\htdocs\aiston\Application\Runtime\Cache\Admin1\0248c5dcaf8ad8ea744f4e982205df3f.php 第 124 行.
NOTIC: [8] Undefined variable: cid C:\xampp\htdocs\aiston\Application\Runtime\Cache\Admin1\0248c5dcaf8ad8ea744f4e982205df3f.php 第 128 行.
NOTIC: [8] Undefined index: art_isshow C:\xampp\htdocs\aiston\Application\Runtime\Cache\Admin1\0248c5dcaf8ad8ea744f4e982205df3f.php 第 149 行.
NOTIC: [8] Undefined index: art_order C:\xampp\htdocs\aiston\Application\Runtime\Cache\Admin1\0248c5dcaf8ad8ea744f4e982205df3f.php 第 153 行.
NOTIC: [8] Undefined index: art_id C:\xampp\htdocs\aiston\Application\Runtime\Cache\Admin1\0248c5dcaf8ad8ea744f4e982205df3f.php 第 153 行.
NOTIC: [8] Undefined index: art_isshow C:\xampp\htdocs\aiston\Application\Runtime\Cache\Admin1\0248c5dcaf8ad8ea744f4e982205df3f.php 第 149 行.
NOTIC: [8] Undefined index: art_order C:\xampp\htdocs\aiston\Application\Runtime\Cache\Admin1\0248c5dcaf8ad8ea744f4e982205df3f.php 第 153 行.
NOTIC: [8] Undefined index: art_id C:\xampp\htdocs\aiston\Application\Runtime\Cache\Admin1\0248c5dcaf8ad8ea744f4e982205df3f.php 第 153 行.
NOTIC: [8] Undefined index: art_isshow C:\xampp\htdocs\aiston\Application\Runtime\Cache\Admin1\0248c5dcaf8ad8ea744f4e982205df3f.php 第 149 行.
NOTIC: [8] Undefined index: art_order C:\xampp\htdocs\aiston\Application\Runtime\Cache\Admin1\0248c5dcaf8ad8ea744f4e982205df3f.php 第 153 行.
NOTIC: [8] Undefined index: art_id C:\xampp\htdocs\aiston\Application\Runtime\Cache\Admin1\0248c5dcaf8ad8ea744f4e982205df3f.php 第 153 行.
NOTIC: [8] Undefined index: art_isshow C:\xampp\htdocs\aiston\Application\Runtime\Cache\Admin1\0248c5dcaf8ad8ea744f4e982205df3f.php 第 149 行.
NOTIC: [8] Undefined index: art_order C:\xampp\htdocs\aiston\Application\Runtime\Cache\Admin1\0248c5dcaf8ad8ea744f4e982205df3f.php 第 153 行.
NOTIC: [8] Undefined index: art_id C:\xampp\htdocs\aiston\Application\Runtime\Cache\Admin1\0248c5dcaf8ad8ea744f4e982205df3f.php 第 153 行.
NOTIC: [8] Undefined index: art_isshow C:\xampp\htdocs\aiston\Application\Runtime\Cache\Admin1\0248c5dcaf8ad8ea744f4e982205df3f.php 第 149 行.
NOTIC: [8] Undefined index: art_order C:\xampp\htdocs\aiston\Application\Runtime\Cache\Admin1\0248c5dcaf8ad8ea744f4e982205df3f.php 第 153 行.
NOTIC: [8] Undefined index: art_id C:\xampp\htdocs\aiston\Application\Runtime\Cache\Admin1\0248c5dcaf8ad8ea744f4e982205df3f.php 第 153 行.
NOTIC: [8] Undefined index: art_isshow C:\xampp\htdocs\aiston\Application\Runtime\Cache\Admin1\0248c5dcaf8ad8ea744f4e982205df3f.php 第 149 行.
NOTIC: [8] Undefined index: art_order C:\xampp\htdocs\aiston\Application\Runtime\Cache\Admin1\0248c5dcaf8ad8ea744f4e982205df3f.php 第 153 行.
NOTIC: [8] Undefined index: art_id C:\xampp\htdocs\aiston\Application\Runtime\Cache\Admin1\0248c5dcaf8ad8ea744f4e982205df3f.php 第 153 行.
NOTIC: [8] Undefined index: art_isshow C:\xampp\htdocs\aiston\Application\Runtime\Cache\Admin1\0248c5dcaf8ad8ea744f4e982205df3f.php 第 149 行.
NOTIC: [8] Undefined index: art_order C:\xampp\htdocs\aiston\Application\Runtime\Cache\Admin1\0248c5dcaf8ad8ea744f4e982205df3f.php 第 153 行.
NOTIC: [8] Undefined index: art_id C:\xampp\htdocs\aiston\Application\Runtime\Cache\Admin1\0248c5dcaf8ad8ea744f4e982205df3f.php 第 153 行.
NOTIC: [8] Undefined index: art_isshow C:\xampp\htdocs\aiston\Application\Runtime\Cache\Admin1\0248c5dcaf8ad8ea744f4e982205df3f.php 第 149 行.
NOTIC: [8] Undefined index: art_order C:\xampp\htdocs\aiston\Application\Runtime\Cache\Admin1\0248c5dcaf8ad8ea744f4e982205df3f.php 第 153 行.
NOTIC: [8] Undefined index: art_id C:\xampp\htdocs\aiston\Application\Runtime\Cache\Admin1\0248c5dcaf8ad8ea744f4e982205df3f.php 第 153 行.
NOTIC: [8] Undefined variable: show C:\xampp\htdocs\aiston\Application\Runtime\Cache\Admin1\0248c5dcaf8ad8ea744f4e982205df3f.php 第 160 行.
NOTIC: [8] Array to string conversion C:\xampp\htdocs\aiston\Application\Runtime\Cache\Admin1\0248c5dcaf8ad8ea744f4e982205df3f.php 第 371 行.
NOTIC: [8] Undefined variable: url C:\xampp\htdocs\aiston\Application\Runtime\Cache\Admin1\0248c5dcaf8ad8ea744f4e982205df3f.php 第 600 行.
NOTIC: [8] Undefined variable: url C:\xampp\htdocs\aiston\Application\Runtime\Cache\Admin1\0248c5dcaf8ad8ea744f4e982205df3f.php 第 603 行.
INFO: Run Behavior\ParseTemplateBehavior [ RunTime:0.029399s ]
INFO: [ view_parse ] --END-- [ RunTime:0.029464s ]
INFO: [ view_filter ] --START--
INFO: Run Behavior\WriteHtmlCacheBehavior [ RunTime:0.000943s ]
INFO: [ view_filter ] --END-- [ RunTime:0.000995s ]
INFO: [ app_end ] --START--
INFO: Run Behavior\ShowPageTraceBehavior [ RunTime:0.001574s ]
INFO: [ app_end ] --END-- [ RunTime:0.001651s ]

[ 2016-03-09T17:24:26+08:00 ] ::1 /index.php/Admin1/Photo/index
INFO: [ app_init ] --START--
INFO: Run Behavior\BuildLiteBehavior [ RunTime:0.000017s ]
INFO: [ app_init ] --END-- [ RunTime:0.000560s ]
INFO: [ app_begin ] --START--
INFO: Run Behavior\ReadHtmlCacheBehavior [ RunTime:0.001168s ]
INFO: [ app_begin ] --END-- [ RunTime:0.001245s ]
SQL: SHOW COLUMNS FROM `ast_admin1` [ RunTime:0.0039s ]
SQL: SELECT * FROM `ast_admin1`  [ RunTime:0.0004s ]
SQL: SELECT * FROM `ast_admin1` WHERE `admin_id` = 1 LIMIT 1   [ RunTime:0.0004s ]
SQL: SHOW COLUMNS FROM `ast_nav1` [ RunTime:0.0038s ]
SQL: SELECT * FROM `ast_nav1`  [ RunTime:0.0004s ]
SQL: SELECT COUNT(*) AS tp_count FROM `ast_admin1` LIMIT 1   [ RunTime:0.0002s ]
NOTIC: [2] Missing argument 3 for getAdminPage(), called in C:\xampp\htdocs\aiston\Application\Admin1\Controller\CommonController.class.php on line 51 and defined C:\xampp\htdocs\aiston\Application\Common\Common\function.php 第 3 行.
NOTIC: [8] Undefined variable: num C:\xampp\htdocs\aiston\Application\Common\Common\function.php 第 4 行.
SQL: SELECT * FROM `ast_admin1` ORDER BY admin_id LIMIT 0,10   [ RunTime:0.0004s ]
SQL: SHOW COLUMNS FROM `ast_banner1` [ RunTime:0.0046s ]
SQL: SHOW COLUMNS FROM `ast_banner_page1` [ RunTime:0.0047s ]
SQL: SELECT * FROM `ast_banner_page1`  [ RunTime:0.0003s ]
SQL: SELECT * FROM `ast_banner1`  [ RunTime:0.0003s ]
INFO: [ view_parse ] --START--
INFO: [ template_filter ] --START--
INFO: Run Behavior\ContentReplaceBehavior [ RunTime:0.000546s ]
INFO: [ template_filter ] --END-- [ RunTime:0.000627s ]
NOTIC: [8] Undefined variable: banner_page C:\xampp\htdocs\aiston\Application\Runtime\Cache\Admin1\a3849d7591d5459fec708aa4cfbda0a4.php 第 125 行.
NOTIC: [8] Array to string conversion C:\xampp\htdocs\aiston\Application\Runtime\Cache\Admin1\a3849d7591d5459fec708aa4cfbda0a4.php 第 299 行.
NOTIC: [8] Undefined variable: url C:\xampp\htdocs\aiston\Application\Runtime\Cache\Admin1\a3849d7591d5459fec708aa4cfbda0a4.php 第 528 行.
NOTIC: [8] Undefined variable: url C:\xampp\htdocs\aiston\Application\Runtime\Cache\Admin1\a3849d7591d5459fec708aa4cfbda0a4.php 第 531 行.
INFO: Run Behavior\ParseTemplateBehavior [ RunTime:0.026965s ]
INFO: [ view_parse ] --END-- [ RunTime:0.027027s ]
INFO: [ view_filter ] --START--
INFO: Run Behavior\WriteHtmlCacheBehavior [ RunTime:0.001264s ]
INFO: [ view_filter ] --END-- [ RunTime:0.001325s ]
INFO: [ app_end ] --START--
INFO: Run Behavior\ShowPageTraceBehavior [ RunTime:0.001728s ]
INFO: [ app_end ] --END-- [ RunTime:0.001840s ]

[ 2016-03-09T17:24:27+08:00 ] ::1 /index.php/Admin1/Join/ad
INFO: [ app_init ] --START--
INFO: Run Behavior\BuildLiteBehavior [ RunTime:0.000018s ]
INFO: [ app_init ] --END-- [ RunTime:0.000659s ]
INFO: [ app_begin ] --START--
INFO: Run Behavior\ReadHtmlCacheBehavior [ RunTime:0.001773s ]
INFO: [ app_begin ] --END-- [ RunTime:0.001900s ]
SQL: SHOW COLUMNS FROM `ast_admin1` [ RunTime:0.0041s ]
SQL: SELECT * FROM `ast_admin1`  [ RunTime:0.0004s ]
SQL: SELECT * FROM `ast_admin1` WHERE `admin_id` = 1 LIMIT 1   [ RunTime:0.0004s ]
SQL: SHOW COLUMNS FROM `ast_nav1` [ RunTime:0.0038s ]
SQL: SELECT * FROM `ast_nav1`  [ RunTime:0.0004s ]
SQL: SELECT COUNT(*) AS tp_count FROM `ast_admin1` LIMIT 1   [ RunTime:0.0002s ]
NOTIC: [2] Missing argument 3 for getAdminPage(), called in C:\xampp\htdocs\aiston\Application\Admin1\Controller\CommonController.class.php on line 51 and defined C:\xampp\htdocs\aiston\Application\Common\Common\function.php 第 3 行.
NOTIC: [8] Undefined variable: num C:\xampp\htdocs\aiston\Application\Common\Common\function.php 第 4 行.
SQL: SELECT * FROM `ast_admin1` ORDER BY admin_id LIMIT 0,10   [ RunTime:0.0004s ]
SQL: SHOW COLUMNS FROM `ast_link1` [ RunTime:0.0061s ]
NOTIC: [8] Undefined index: thumb C:\xampp\htdocs\aiston\Application\Admin1\Controller\JoinController.class.php 第 24 行.
SQL: SELECT * FROM `ast_link1`  [ RunTime:0.0004s ]
INFO: [ view_parse ] --START--
INFO: [ template_filter ] --START--
INFO: Run Behavior\ContentReplaceBehavior [ RunTime:0.000473s ]
INFO: [ template_filter ] --END-- [ RunTime:0.000541s ]
NOTIC: [8] Array to string conversion C:\xampp\htdocs\aiston\Application\Runtime\Cache\Admin1\59dc586f51e51165962388562936d5c8.php 第 307 行.
NOTIC: [8] Undefined variable: url C:\xampp\htdocs\aiston\Application\Runtime\Cache\Admin1\59dc586f51e51165962388562936d5c8.php 第 536 行.
NOTIC: [8] Undefined variable: url C:\xampp\htdocs\aiston\Application\Runtime\Cache\Admin1\59dc586f51e51165962388562936d5c8.php 第 539 行.
INFO: Run Behavior\ParseTemplateBehavior [ RunTime:0.024364s ]
INFO: [ view_parse ] --END-- [ RunTime:0.024428s ]
INFO: [ view_filter ] --START--
INFO: Run Behavior\WriteHtmlCacheBehavior [ RunTime:0.001269s ]
INFO: [ view_filter ] --END-- [ RunTime:0.001341s ]
INFO: [ app_end ] --START--
INFO: Run Behavior\ShowPageTraceBehavior [ RunTime:0.003364s ]
INFO: [ app_end ] --END-- [ RunTime:0.003649s ]

[ 2016-03-09T17:54:56+08:00 ] ::1 /index.php/Admin1/Join/contact
INFO: [ app_init ] --START--
INFO: Run Behavior\BuildLiteBehavior [ RunTime:0.000018s ]
INFO: [ app_init ] --END-- [ RunTime:0.000709s ]
INFO: [ app_begin ] --START--
INFO: Run Behavior\ReadHtmlCacheBehavior [ RunTime:0.001298s ]
INFO: [ app_begin ] --END-- [ RunTime:0.001444s ]
SQL: SHOW COLUMNS FROM `ast_admin1` [ RunTime:0.0043s ]
SQL: SELECT * FROM `ast_admin1`  [ RunTime:0.0003s ]
SQL: SELECT * FROM `ast_admin1` WHERE `admin_id` = 1 LIMIT 1   [ RunTime:0.0003s ]
SQL: SHOW COLUMNS FROM `ast_nav1` [ RunTime:0.0039s ]
SQL: SELECT * FROM `ast_nav1`  [ RunTime:0.0004s ]
SQL: SELECT COUNT(*) AS tp_count FROM `ast_admin1` LIMIT 1   [ RunTime:0.0002s ]
NOTIC: [2] Missing argument 3 for getAdminPage(), called in C:\xampp\htdocs\aiston\Application\Admin1\Controller\CommonController.class.php on line 51 and defined C:\xampp\htdocs\aiston\Application\Common\Common\function.php 第 3 行.
NOTIC: [8] Undefined variable: num C:\xampp\htdocs\aiston\Application\Common\Common\function.php 第 4 行.
SQL: SELECT * FROM `ast_admin1` ORDER BY admin_id LIMIT 0,10   [ RunTime:0.0005s ]
SQL: SHOW COLUMNS FROM `ast_company1` [ RunTime:0.0046s ]
SQL: SELECT * FROM `ast_company1` WHERE `c_id` = 2  [ RunTime:0.0003s ]
INFO: [ view_parse ] --START--
INFO: [ template_filter ] --START--
INFO: Run Behavior\ContentReplaceBehavior [ RunTime:0.000883s ]
INFO: [ template_filter ] --END-- [ RunTime:0.000969s ]
NOTIC: [8] Array to string conversion C:\xampp\htdocs\aiston\Application\Runtime\Cache\Admin1\191397f9586ed49f305920ee17bb63bb.php 第 310 行.
NOTIC: [8] Undefined variable: url C:\xampp\htdocs\aiston\Application\Runtime\Cache\Admin1\191397f9586ed49f305920ee17bb63bb.php 第 539 行.
NOTIC: [8] Undefined variable: url C:\xampp\htdocs\aiston\Application\Runtime\Cache\Admin1\191397f9586ed49f305920ee17bb63bb.php 第 542 行.
INFO: Run Behavior\ParseTemplateBehavior [ RunTime:0.024893s ]
INFO: [ view_parse ] --END-- [ RunTime:0.024962s ]
INFO: [ view_filter ] --START--
INFO: Run Behavior\WriteHtmlCacheBehavior [ RunTime:0.001086s ]
INFO: [ view_filter ] --END-- [ RunTime:0.001145s ]
INFO: [ app_end ] --START--
INFO: Run Behavior\ShowPageTraceBehavior [ RunTime:0.002576s ]
INFO: [ app_end ] --END-- [ RunTime:0.002712s ]

[ 2016-03-09T17:54:58+08:00 ] ::1 /index.php/Admin1/Join/index
INFO: [ app_init ] --START--
INFO: Run Behavior\BuildLiteBehavior [ RunTime:0.000016s ]
INFO: [ app_init ] --END-- [ RunTime:0.000580s ]
INFO: [ app_begin ] --START--
INFO: Run Behavior\ReadHtmlCacheBehavior [ RunTime:0.001472s ]
INFO: [ app_begin ] --END-- [ RunTime:0.001570s ]
SQL: SHOW COLUMNS FROM `ast_admin1` [ RunTime:0.0038s ]
SQL: SELECT * FROM `ast_admin1`  [ RunTime:0.0004s ]
SQL: SELECT * FROM `ast_admin1` WHERE `admin_id` = 1 LIMIT 1   [ RunTime:0.0003s ]
SQL: SHOW COLUMNS FROM `ast_nav1` [ RunTime:0.0049s ]
SQL: SELECT * FROM `ast_nav1`  [ RunTime:0.0004s ]
SQL: SELECT COUNT(*) AS tp_count FROM `ast_admin1` LIMIT 1   [ RunTime:0.0002s ]
NOTIC: [2] Missing argument 3 for getAdminPage(), called in C:\xampp\htdocs\aiston\Application\Admin1\Controller\CommonController.class.php on line 51 and defined C:\xampp\htdocs\aiston\Application\Common\Common\function.php 第 3 行.
NOTIC: [8] Undefined variable: num C:\xampp\htdocs\aiston\Application\Common\Common\function.php 第 4 行.
SQL: SELECT * FROM `ast_admin1` ORDER BY admin_id LIMIT 0,10   [ RunTime:0.0004s ]
SQL: SHOW COLUMNS FROM `ast_work1` [ RunTime:0.0039s ]
SQL: SELECT * FROM `ast_work1` ORDER BY w_cateid asc  [ RunTime:0.0005s ]
INFO: [ view_parse ] --START--
INFO: [ template_filter ] --START--
INFO: Run Behavior\ContentReplaceBehavior [ RunTime:0.000508s ]
INFO: [ template_filter ] --END-- [ RunTime:0.000577s ]
NOTIC: [8] Undefined variable: cid C:\xampp\htdocs\aiston\Application\Runtime\Cache\Admin1\84168b91bb99f46b8a1719914a121d54.php 第 121 行.
NOTIC: [8] Undefined variable: acate C:\xampp\htdocs\aiston\Application\Runtime\Cache\Admin1\84168b91bb99f46b8a1719914a121d54.php 第 124 行.
NOTIC: [8] Undefined variable: cid C:\xampp\htdocs\aiston\Application\Runtime\Cache\Admin1\84168b91bb99f46b8a1719914a121d54.php 第 128 行.
NOTIC: [8] Undefined variable: cid C:\xampp\htdocs\aiston\Application\Runtime\Cache\Admin1\84168b91bb99f46b8a1719914a121d54.php 第 129 行.
NOTIC: [8] Undefined variable: cate C:\xampp\htdocs\aiston\Application\Runtime\Cache\Admin1\84168b91bb99f46b8a1719914a121d54.php 第 135 行.
NOTIC: [8] Undefined variable: show C:\xampp\htdocs\aiston\Application\Runtime\Cache\Admin1\84168b91bb99f46b8a1719914a121d54.php 第 162 行.
NOTIC: [8] Array to string conversion C:\xampp\htdocs\aiston\Application\Runtime\Cache\Admin1\84168b91bb99f46b8a1719914a121d54.php 第 373 行.
NOTIC: [8] Undefined variable: url C:\xampp\htdocs\aiston\Application\Runtime\Cache\Admin1\84168b91bb99f46b8a1719914a121d54.php 第 602 行.
NOTIC: [8] Undefined variable: url C:\xampp\htdocs\aiston\Application\Runtime\Cache\Admin1\84168b91bb99f46b8a1719914a121d54.php 第 605 行.
INFO: Run Behavior\ParseTemplateBehavior [ RunTime:0.031764s ]
INFO: [ view_parse ] --END-- [ RunTime:0.031823s ]
INFO: [ view_filter ] --START--
INFO: Run Behavior\WriteHtmlCacheBehavior [ RunTime:0.000934s ]
INFO: [ view_filter ] --END-- [ RunTime:0.001020s ]
INFO: [ app_end ] --START--
INFO: Run Behavior\ShowPageTraceBehavior [ RunTime:0.001637s ]
INFO: [ app_end ] --END-- [ RunTime:0.001726s ]

[ 2016-03-09T17:55:00+08:00 ] ::1 /index.php/Admin1/Join/editor/id/5.html
INFO: [ app_init ] --START--
INFO: Run Behavior\BuildLiteBehavior [ RunTime:0.000017s ]
INFO: [ app_init ] --END-- [ RunTime:0.000592s ]
INFO: [ app_begin ] --START--
INFO: Run Behavior\ReadHtmlCacheBehavior [ RunTime:0.001122s ]
INFO: [ app_begin ] --END-- [ RunTime:0.001191s ]
SQL: SHOW COLUMNS FROM `ast_admin1` [ RunTime:0.0043s ]
SQL: SELECT * FROM `ast_admin1`  [ RunTime:0.0008s ]
SQL: SELECT * FROM `ast_admin1` WHERE `admin_id` = 1 LIMIT 1   [ RunTime:0.0004s ]
SQL: SHOW COLUMNS FROM `ast_nav1` [ RunTime:0.0038s ]
SQL: SELECT * FROM `ast_nav1`  [ RunTime:0.0005s ]
SQL: SELECT COUNT(*) AS tp_count FROM `ast_admin1` LIMIT 1   [ RunTime:0.0003s ]
NOTIC: [2] Missing argument 3 for getAdminPage(), called in C:\xampp\htdocs\aiston\Application\Admin1\Controller\CommonController.class.php on line 51 and defined C:\xampp\htdocs\aiston\Application\Common\Common\function.php 第 3 行.
NOTIC: [8] Undefined variable: num C:\xampp\htdocs\aiston\Application\Common\Common\function.php 第 4 行.
SQL: SELECT * FROM `ast_admin1` ORDER BY admin_id LIMIT 0,10   [ RunTime:0.0007s ]
SQL: SHOW COLUMNS FROM `ast_work1` [ RunTime:0.0051s ]
SQL: SELECT * FROM `ast_work1` WHERE `w_id` = 5  [ RunTime:0.0004s ]
INFO: [ view_parse ] --START--
INFO: [ template_filter ] --START--
INFO: Run Behavior\ContentReplaceBehavior [ RunTime:0.000597s ]
INFO: [ template_filter ] --END-- [ RunTime:0.000718s ]
NOTIC: [8] Undefined variable: htmlData C:\xampp\htdocs\aiston\Application\Runtime\Cache\Admin1\e538a3391b9458f322ab6e81bb9154bc.php 第 157 行.
NOTIC: [8] Array to string conversion C:\xampp\htdocs\aiston\Application\Runtime\Cache\Admin1\e538a3391b9458f322ab6e81bb9154bc.php 第 334 行.
NOTIC: [8] Undefined variable: url C:\xampp\htdocs\aiston\Application\Runtime\Cache\Admin1\e538a3391b9458f322ab6e81bb9154bc.php 第 563 行.
NOTIC: [8] Undefined variable: url C:\xampp\htdocs\aiston\Application\Runtime\Cache\Admin1\e538a3391b9458f322ab6e81bb9154bc.php 第 566 行.
INFO: Run Behavior\ParseTemplateBehavior [ RunTime:0.027640s ]
INFO: [ view_parse ] --END-- [ RunTime:0.027703s ]
INFO: [ view_filter ] --START--
INFO: Run Behavior\WriteHtmlCacheBehavior [ RunTime:0.000920s ]
INFO: [ view_filter ] --END-- [ RunTime:0.000972s ]
INFO: [ app_end ] --START--
INFO: Run Behavior\ShowPageTraceBehavior [ RunTime:0.002405s ]
INFO: [ app_end ] --END-- [ RunTime:0.002601s ]

[ 2016-03-09T17:55:04+08:00 ] ::1 /index.php/Admin1/Setup/index
INFO: [ app_init ] --START--
INFO: Run Behavior\BuildLiteBehavior [ RunTime:0.000018s ]
INFO: [ app_init ] --END-- [ RunTime:0.000710s ]
INFO: [ app_begin ] --START--
INFO: Run Behavior\ReadHtmlCacheBehavior [ RunTime:0.001785s ]
INFO: [ app_begin ] --END-- [ RunTime:0.001919s ]
SQL: SHOW COLUMNS FROM `ast_admin1` [ RunTime:0.0039s ]
SQL: SELECT * FROM `ast_admin1`  [ RunTime:0.0004s ]
SQL: SELECT * FROM `ast_admin1` WHERE `admin_id` = 1 LIMIT 1   [ RunTime:0.0003s ]
SQL: SHOW COLUMNS FROM `ast_nav1` [ RunTime:0.0040s ]
SQL: SELECT * FROM `ast_nav1`  [ RunTime:0.0004s ]
SQL: SELECT COUNT(*) AS tp_count FROM `ast_admin1` LIMIT 1   [ RunTime:0.0002s ]
NOTIC: [2] Missing argument 3 for getAdminPage(), called in C:\xampp\htdocs\aiston\Application\Admin1\Controller\CommonController.class.php on line 51 and defined C:\xampp\htdocs\aiston\Application\Common\Common\function.php 第 3 行.
NOTIC: [8] Undefined variable: num C:\xampp\htdocs\aiston\Application\Common\Common\function.php 第 4 行.
SQL: SELECT * FROM `ast_admin1` ORDER BY admin_id LIMIT 0,10   [ RunTime:0.0005s ]
SQL: SHOW COLUMNS FROM `ast_seo1` [ RunTime:0.0046s ]
SQL: SELECT * FROM `ast_seo1` WHERE `seo_id` = 1 LIMIT 1   [ RunTime:0.0003s ]
INFO: [ view_parse ] --START--
INFO: [ template_filter ] --START--
INFO: Run Behavior\ContentReplaceBehavior [ RunTime:0.000393s ]
INFO: [ template_filter ] --END-- [ RunTime:0.000461s ]
NOTIC: [8] Array to string conversion C:\xampp\htdocs\aiston\Application\Runtime\Cache\Admin1\ab2ad532e0ccb5f8d0d58568cb7ea8b6.php 第 230 行.
NOTIC: [8] Undefined variable: url C:\xampp\htdocs\aiston\Application\Runtime\Cache\Admin1\ab2ad532e0ccb5f8d0d58568cb7ea8b6.php 第 459 行.
NOTIC: [8] Undefined variable: url C:\xampp\htdocs\aiston\Application\Runtime\Cache\Admin1\ab2ad532e0ccb5f8d0d58568cb7ea8b6.php 第 462 行.
INFO: Run Behavior\ParseTemplateBehavior [ RunTime:0.025169s ]
INFO: [ view_parse ] --END-- [ RunTime:0.025283s ]
INFO: [ view_filter ] --START--
INFO: Run Behavior\WriteHtmlCacheBehavior [ RunTime:0.001443s ]
INFO: [ view_filter ] --END-- [ RunTime:0.001524s ]
INFO: [ app_end ] --START--
INFO: Run Behavior\ShowPageTraceBehavior [ RunTime:0.002221s ]
INFO: [ app_end ] --END-- [ RunTime:0.002305s ]

[ 2016-03-09T17:55:07+08:00 ] ::1 /index.php/Admin1/Invest/index
INFO: [ app_init ] --START--
INFO: Run Behavior\BuildLiteBehavior [ RunTime:0.000018s ]
INFO: [ app_init ] --END-- [ RunTime:0.000586s ]
INFO: [ app_begin ] --START--
INFO: Run Behavior\ReadHtmlCacheBehavior [ RunTime:0.001945s ]
INFO: [ app_begin ] --END-- [ RunTime:0.002060s ]
SQL: SHOW COLUMNS FROM `ast_admin1` [ RunTime:0.0045s ]
SQL: SELECT * FROM `ast_admin1`  [ RunTime:0.0004s ]
SQL: SELECT * FROM `ast_admin1` WHERE `admin_id` = 1 LIMIT 1   [ RunTime:0.0003s ]
SQL: SHOW COLUMNS FROM `ast_nav1` [ RunTime:0.0036s ]
SQL: SELECT * FROM `ast_nav1`  [ RunTime:0.0004s ]
SQL: SELECT COUNT(*) AS tp_count FROM `ast_admin1` LIMIT 1   [ RunTime:0.0003s ]
NOTIC: [2] Missing argument 3 for getAdminPage(), called in C:\xampp\htdocs\aiston\Application\Admin1\Controller\CommonController.class.php on line 51 and defined C:\xampp\htdocs\aiston\Application\Common\Common\function.php 第 3 行.
NOTIC: [8] Undefined variable: num C:\xampp\htdocs\aiston\Application\Common\Common\function.php 第 4 行.
SQL: SELECT * FROM `ast_admin1` ORDER BY admin_id LIMIT 0,10   [ RunTime:0.0010s ]
SQL: SHOW COLUMNS FROM `ast_invest1` [ RunTime:0.0048s ]
SQL: SELECT * FROM `ast_invest1`  [ RunTime:0.0004s ]
INFO: [ view_parse ] --START--
INFO: [ template_filter ] --START--
INFO: Run Behavior\ContentReplaceBehavior [ RunTime:0.000573s ]
INFO: [ template_filter ] --END-- [ RunTime:0.000667s ]
NOTIC: [8] Undefined variable: cid C:\xampp\htdocs\aiston\Application\Runtime\Cache\Admin1\0248c5dcaf8ad8ea744f4e982205df3f.php 第 121 行.
NOTIC: [8] Undefined variable: acate C:\xampp\htdocs\aiston\Application\Runtime\Cache\Admin1\0248c5dcaf8ad8ea744f4e982205df3f.php 第 124 行.
NOTIC: [8] Undefined variable: cid C:\xampp\htdocs\aiston\Application\Runtime\Cache\Admin1\0248c5dcaf8ad8ea744f4e982205df3f.php 第 128 行.
NOTIC: [8] Undefined index: art_isshow C:\xampp\htdocs\aiston\Application\Runtime\Cache\Admin1\0248c5dcaf8ad8ea744f4e982205df3f.php 第 149 行.
NOTIC: [8] Undefined index: art_order C:\xampp\htdocs\aiston\Application\Runtime\Cache\Admin1\0248c5dcaf8ad8ea744f4e982205df3f.php 第 153 行.
NOTIC: [8] Undefined index: art_id C:\xampp\htdocs\aiston\Application\Runtime\Cache\Admin1\0248c5dcaf8ad8ea744f4e982205df3f.php 第 153 行.
NOTIC: [8] Undefined index: art_isshow C:\xampp\htdocs\aiston\Application\Runtime\Cache\Admin1\0248c5dcaf8ad8ea744f4e982205df3f.php 第 149 行.
NOTIC: [8] Undefined index: art_order C:\xampp\htdocs\aiston\Application\Runtime\Cache\Admin1\0248c5dcaf8ad8ea744f4e982205df3f.php 第 153 行.
NOTIC: [8] Undefined index: art_id C:\xampp\htdocs\aiston\Application\Runtime\Cache\Admin1\0248c5dcaf8ad8ea744f4e982205df3f.php 第 153 行.
NOTIC: [8] Undefined index: art_isshow C:\xampp\htdocs\aiston\Application\Runtime\Cache\Admin1\0248c5dcaf8ad8ea744f4e982205df3f.php 第 149 行.
NOTIC: [8] Undefined index: art_order C:\xampp\htdocs\aiston\Application\Runtime\Cache\Admin1\0248c5dcaf8ad8ea744f4e982205df3f.php 第 153 行.
NOTIC: [8] Undefined index: art_id C:\xampp\htdocs\aiston\Application\Runtime\Cache\Admin1\0248c5dcaf8ad8ea744f4e982205df3f.php 第 153 行.
NOTIC: [8] Undefined index: art_isshow C:\xampp\htdocs\aiston\Application\Runtime\Cache\Admin1\0248c5dcaf8ad8ea744f4e982205df3f.php 第 149 行.
NOTIC: [8] Undefined index: art_order C:\xampp\htdocs\aiston\Application\Runtime\Cache\Admin1\0248c5dcaf8ad8ea744f4e982205df3f.php 第 153 行.
NOTIC: [8] Undefined index: art_id C:\xampp\htdocs\aiston\Application\Runtime\Cache\Admin1\0248c5dcaf8ad8ea744f4e982205df3f.php 第 153 行.
NOTIC: [8] Undefined index: art_isshow C:\xampp\htdocs\aiston\Application\Runtime\Cache\Admin1\0248c5dcaf8ad8ea744f4e982205df3f.php 第 149 行.
NOTIC: [8] Undefined index: art_order C:\xampp\htdocs\aiston\Application\Runtime\Cache\Admin1\0248c5dcaf8ad8ea744f4e982205df3f.php 第 153 行.
NOTIC: [8] Undefined index: art_id C:\xampp\htdocs\aiston\Application\Runtime\Cache\Admin1\0248c5dcaf8ad8ea744f4e982205df3f.php 第 153 行.
NOTIC: [8] Undefined index: art_isshow C:\xampp\htdocs\aiston\Application\Runtime\Cache\Admin1\0248c5dcaf8ad8ea744f4e982205df3f.php 第 149 行.
NOTIC: [8] Undefined index: art_order C:\xampp\htdocs\aiston\Application\Runtime\Cache\Admin1\0248c5dcaf8ad8ea744f4e982205df3f.php 第 153 行.
NOTIC: [8] Undefined index: art_id C:\xampp\htdocs\aiston\Application\Runtime\Cache\Admin1\0248c5dcaf8ad8ea744f4e982205df3f.php 第 153 行.
NOTIC: [8] Undefined index: art_isshow C:\xampp\htdocs\aiston\Application\Runtime\Cache\Admin1\0248c5dcaf8ad8ea744f4e982205df3f.php 第 149 行.
NOTIC: [8] Undefined index: art_order C:\xampp\htdocs\aiston\Application\Runtime\Cache\Admin1\0248c5dcaf8ad8ea744f4e982205df3f.php 第 153 行.
NOTIC: [8] Undefined index: art_id C:\xampp\htdocs\aiston\Application\Runtime\Cache\Admin1\0248c5dcaf8ad8ea744f4e982205df3f.php 第 153 行.
NOTIC: [8] Undefined index: art_isshow C:\xampp\htdocs\aiston\Application\Runtime\Cache\Admin1\0248c5dcaf8ad8ea744f4e982205df3f.php 第 149 行.
NOTIC: [8] Undefined index: art_order C:\xampp\htdocs\aiston\Application\Runtime\Cache\Admin1\0248c5dcaf8ad8ea744f4e982205df3f.php 第 153 行.
NOTIC: [8] Undefined index: art_id C:\xampp\htdocs\aiston\Application\Runtime\Cache\Admin1\0248c5dcaf8ad8ea744f4e982205df3f.php 第 153 行.
NOTIC: [8] Undefined variable: show C:\xampp\htdocs\aiston\Application\Runtime\Cache\Admin1\0248c5dcaf8ad8ea744f4e982205df3f.php 第 160 行.
NOTIC: [8] Array to string conversion C:\xampp\htdocs\aiston\Application\Runtime\Cache\Admin1\0248c5dcaf8ad8ea744f4e982205df3f.php 第 371 行.
NOTIC: [8] Undefined variable: url C:\xampp\htdocs\aiston\Application\Runtime\Cache\Admin1\0248c5dcaf8ad8ea744f4e982205df3f.php 第 600 行.
NOTIC: [8] Undefined variable: url C:\xampp\htdocs\aiston\Application\Runtime\Cache\Admin1\0248c5dcaf8ad8ea744f4e982205df3f.php 第 603 行.
INFO: Run Behavior\ParseTemplateBehavior [ RunTime:0.035213s ]
INFO: [ view_parse ] --END-- [ RunTime:0.035276s ]
INFO: [ view_filter ] --START--
INFO: Run Behavior\WriteHtmlCacheBehavior [ RunTime:0.001035s ]
INFO: [ view_filter ] --END-- [ RunTime:0.001091s ]
INFO: [ app_end ] --START--
INFO: Run Behavior\ShowPageTraceBehavior [ RunTime:0.001882s ]
INFO: [ app_end ] --END-- [ RunTime:0.001971s ]

[ 2016-03-09T17:55:09+08:00 ] ::1 /index.php/Admin1/Invest/editor/id/1.html
INFO: [ app_init ] --START--
INFO: Run Behavior\BuildLiteBehavior [ RunTime:0.000018s ]
INFO: [ app_init ] --END-- [ RunTime:0.000576s ]
INFO: [ app_begin ] --START--
INFO: Run Behavior\ReadHtmlCacheBehavior [ RunTime:0.001143s ]
INFO: [ app_begin ] --END-- [ RunTime:0.001225s ]
SQL: SHOW COLUMNS FROM `ast_admin1` [ RunTime:0.0046s ]
SQL: SELECT * FROM `ast_admin1`  [ RunTime:0.0004s ]
SQL: SELECT * FROM `ast_admin1` WHERE `admin_id` = 1 LIMIT 1   [ RunTime:0.0003s ]
SQL: SHOW COLUMNS FROM `ast_nav1` [ RunTime:0.0036s ]
SQL: SELECT * FROM `ast_nav1`  [ RunTime:0.0004s ]
SQL: SELECT COUNT(*) AS tp_count FROM `ast_admin1` LIMIT 1   [ RunTime:0.0002s ]
NOTIC: [2] Missing argument 3 for getAdminPage(), called in C:\xampp\htdocs\aiston\Application\Admin1\Controller\CommonController.class.php on line 51 and defined C:\xampp\htdocs\aiston\Application\Common\Common\function.php 第 3 行.
NOTIC: [8] Undefined variable: num C:\xampp\htdocs\aiston\Application\Common\Common\function.php 第 4 行.
SQL: SELECT * FROM `ast_admin1` ORDER BY admin_id LIMIT 0,10   [ RunTime:0.0003s ]
SQL: SHOW COLUMNS FROM `ast_invest1` [ RunTime:0.0047s ]
SQL: SELECT * FROM `ast_invest1` WHERE `i_id` = 1  [ RunTime:0.0005s ]
NOTIC: [8] Undefined index: title C:\xampp\htdocs\aiston\Application\Admin1\Controller\InvestController.class.php 第 64 行.
INFO: [ view_parse ] --START--
INFO: [ template_filter ] --START--
INFO: Run Behavior\ContentReplaceBehavior [ RunTime:0.000468s ]
INFO: [ template_filter ] --END-- [ RunTime:0.000537s ]
NOTIC: [8] Undefined variable: htmlData C:\xampp\htdocs\aiston\Application\Runtime\Cache\Admin1\3d6f7c4b44eba664b59e0eaa3844a844.php 第 146 行.
NOTIC: [8] Array to string conversion C:\xampp\htdocs\aiston\Application\Runtime\Cache\Admin1\3d6f7c4b44eba664b59e0eaa3844a844.php 第 323 行.
NOTIC: [8] Undefined variable: url C:\xampp\htdocs\aiston\Application\Runtime\Cache\Admin1\3d6f7c4b44eba664b59e0eaa3844a844.php 第 552 行.
NOTIC: [8] Undefined variable: url C:\xampp\htdocs\aiston\Application\Runtime\Cache\Admin1\3d6f7c4b44eba664b59e0eaa3844a844.php 第 555 行.
INFO: Run Behavior\ParseTemplateBehavior [ RunTime:0.027640s ]
INFO: [ view_parse ] --END-- [ RunTime:0.027743s ]
INFO: [ view_filter ] --START--
INFO: Run Behavior\WriteHtmlCacheBehavior [ RunTime:0.001264s ]
INFO: [ view_filter ] --END-- [ RunTime:0.001353s ]
INFO: [ app_end ] --START--
INFO: Run Behavior\ShowPageTraceBehavior [ RunTime:0.002129s ]
INFO: [ app_end ] --END-- [ RunTime:0.002281s ]

[ 2016-03-09T17:55:21+08:00 ] ::1 /index.php/Admin1/Link/intro
INFO: [ app_init ] --START--
INFO: Run Behavior\BuildLiteBehavior [ RunTime:0.000028s ]
INFO: [ app_init ] --END-- [ RunTime:0.000735s ]
INFO: [ app_begin ] --START--
INFO: Run Behavior\ReadHtmlCacheBehavior [ RunTime:0.001436s ]
INFO: [ app_begin ] --END-- [ RunTime:0.001592s ]
SQL: SHOW COLUMNS FROM `ast_admin1` [ RunTime:0.0044s ]
SQL: SELECT * FROM `ast_admin1`  [ RunTime:0.0004s ]
SQL: SELECT * FROM `ast_admin1` WHERE `admin_id` = 1 LIMIT 1   [ RunTime:0.0004s ]
SQL: SHOW COLUMNS FROM `ast_nav1` [ RunTime:0.0065s ]
SQL: SELECT * FROM `ast_nav1`  [ RunTime:0.0007s ]
SQL: SELECT COUNT(*) AS tp_count FROM `ast_admin1` LIMIT 1   [ RunTime:0.0004s ]
NOTIC: [2] Missing argument 3 for getAdminPage(), called in C:\xampp\htdocs\aiston\Application\Admin1\Controller\CommonController.class.php on line 51 and defined C:\xampp\htdocs\aiston\Application\Common\Common\function.php 第 3 行.
NOTIC: [8] Undefined variable: num C:\xampp\htdocs\aiston\Application\Common\Common\function.php 第 4 行.
SQL: SELECT * FROM `ast_admin1` ORDER BY admin_id LIMIT 0,10   [ RunTime:0.0005s ]
SQL: SHOW COLUMNS FROM `ast_company1` [ RunTime:0.0043s ]
SQL: SELECT * FROM `ast_company1`  [ RunTime:0.0003s ]
INFO: [ view_parse ] --START--
INFO: [ template_filter ] --START--
INFO: Run Behavior\ContentReplaceBehavior [ RunTime:0.000648s ]
INFO: [ template_filter ] --END-- [ RunTime:0.000718s ]
NOTIC: [8] Undefined variable: htmlData C:\xampp\htdocs\aiston\Application\Runtime\Cache\Admin1\26998fbefe79832ee98ca4f777a3e6f1.php 第 139 行.
NOTIC: [8] Array to string conversion C:\xampp\htdocs\aiston\Application\Runtime\Cache\Admin1\26998fbefe79832ee98ca4f777a3e6f1.php 第 316 行.
NOTIC: [8] Undefined variable: url C:\xampp\htdocs\aiston\Application\Runtime\Cache\Admin1\26998fbefe79832ee98ca4f777a3e6f1.php 第 545 行.
NOTIC: [8] Undefined variable: url C:\xampp\htdocs\aiston\Application\Runtime\Cache\Admin1\26998fbefe79832ee98ca4f777a3e6f1.php 第 548 行.
INFO: Run Behavior\ParseTemplateBehavior [ RunTime:0.024247s ]
INFO: [ view_parse ] --END-- [ RunTime:0.024307s ]
INFO: [ view_filter ] --START--
INFO: Run Behavior\WriteHtmlCacheBehavior [ RunTime:0.000911s ]
INFO: [ view_filter ] --END-- [ RunTime:0.000962s ]
INFO: [ app_end ] --START--
INFO: Run Behavior\ShowPageTraceBehavior [ RunTime:0.004824s ]
INFO: [ app_end ] --END-- [ RunTime:0.004923s ]

[ 2016-03-09T17:55:25+08:00 ] ::1 /index.php/Admin1/Product/index
INFO: [ app_init ] --START--
INFO: Run Behavior\BuildLiteBehavior [ RunTime:0.000017s ]
INFO: [ app_init ] --END-- [ RunTime:0.000586s ]
INFO: [ app_begin ] --START--
INFO: Run Behavior\ReadHtmlCacheBehavior [ RunTime:0.001127s ]
INFO: [ app_begin ] --END-- [ RunTime:0.001190s ]
SQL: SHOW COLUMNS FROM `ast_admin1` [ RunTime:0.0057s ]
SQL: SELECT * FROM `ast_admin1`  [ RunTime:0.0003s ]
SQL: SELECT * FROM `ast_admin1` WHERE `admin_id` = 1 LIMIT 1   [ RunTime:0.0003s ]
SQL: SHOW COLUMNS FROM `ast_nav1` [ RunTime:0.0035s ]
SQL: SELECT * FROM `ast_nav1`  [ RunTime:0.0004s ]
SQL: SELECT COUNT(*) AS tp_count FROM `ast_admin1` LIMIT 1   [ RunTime:0.0002s ]
NOTIC: [2] Missing argument 3 for getAdminPage(), called in C:\xampp\htdocs\aiston\Application\Admin1\Controller\CommonController.class.php on line 51 and defined C:\xampp\htdocs\aiston\Application\Common\Common\function.php 第 3 行.
NOTIC: [8] Undefined variable: num C:\xampp\htdocs\aiston\Application\Common\Common\function.php 第 4 行.
SQL: SELECT * FROM `ast_admin1` ORDER BY admin_id LIMIT 0,10   [ RunTime:0.0003s ]
SQL: SHOW COLUMNS FROM `ast_product1` [ RunTime:0.0048s ]
SQL: SHOW COLUMNS FROM `ast_procate1` [ RunTime:0.0043s ]
SQL: SELECT * FROM `ast_procate1` WHERE `cate_id` = 0 LIMIT 1   [ RunTime:0.0002s ]
SQL: SELECT * FROM `ast_procate1` WHERE `cate_id` = 0 LIMIT 1   [ RunTime:0.0002s ]
SQL: SELECT * FROM `ast_procate1` WHERE `cate_pid` = 0  [ RunTime:0.0003s ]
SQL: SELECT * FROM `ast_procate1` WHERE `cate_pid` = 0  [ RunTime:0.0003s ]
SQL: SELECT COUNT(*) AS tp_count FROM `ast_product1` LIMIT 1   [ RunTime:0.0002s ]
SQL: SELECT * FROM `ast_product1` INNER JOIN `ast_procate1` ON ast_product1.pro_cate_id = ast_procate1.cate_id  ORDER BY pro_addtime DESC LIMIT 0,10   [ RunTime:0.0039s ]
SQL: SHOW COLUMNS FROM `ast_procomment1` [ RunTime:0.0036s ]
SQL: SELECT * FROM `ast_procomment1`  [ RunTime:0.0003s ]
INFO: [ view_parse ] --START--
INFO: [ template_filter ] --START--
INFO: Run Behavior\ContentReplaceBehavior [ RunTime:0.000460s ]
INFO: [ template_filter ] --END-- [ RunTime:0.000527s ]
NOTIC: [8] Undefined index: mentNum C:\xampp\htdocs\aiston\Application\Runtime\Cache\Admin1\e33b28255a5319fdc3ef5dcee8dda476.php 第 159 行.
NOTIC: [8] Undefined index: mentNum C:\xampp\htdocs\aiston\Application\Runtime\Cache\Admin1\e33b28255a5319fdc3ef5dcee8dda476.php 第 159 行.
NOTIC: [8] Undefined index: mentNum C:\xampp\htdocs\aiston\Application\Runtime\Cache\Admin1\e33b28255a5319fdc3ef5dcee8dda476.php 第 159 行.
NOTIC: [8] Undefined index: mentNum C:\xampp\htdocs\aiston\Application\Runtime\Cache\Admin1\e33b28255a5319fdc3ef5dcee8dda476.php 第 159 行.
NOTIC: [8] Array to string conversion C:\xampp\htdocs\aiston\Application\Runtime\Cache\Admin1\e33b28255a5319fdc3ef5dcee8dda476.php 第 382 行.
INFO: Run Behavior\ParseTemplateBehavior [ RunTime:0.030134s ]
INFO: [ view_parse ] --END-- [ RunTime:0.030210s ]
INFO: [ view_filter ] --START--
INFO: Run Behavior\WriteHtmlCacheBehavior [ RunTime:0.000894s ]
INFO: [ view_filter ] --END-- [ RunTime:0.000945s ]
INFO: [ app_end ] --START--
INFO: Run Behavior\ShowPageTraceBehavior [ RunTime:0.002966s ]
INFO: [ app_end ] --END-- [ RunTime:0.003081s ]

[ 2016-03-09T17:55:26+08:00 ] ::1 /index.php/Admin1/Product/add
INFO: [ app_init ] --START--
INFO: Run Behavior\BuildLiteBehavior [ RunTime:0.000018s ]
INFO: [ app_init ] --END-- [ RunTime:0.000596s ]
INFO: [ app_begin ] --START--
INFO: Run Behavior\ReadHtmlCacheBehavior [ RunTime:0.001400s ]
INFO: [ app_begin ] --END-- [ RunTime:0.001487s ]
SQL: SHOW COLUMNS FROM `ast_admin1` [ RunTime:0.0040s ]
SQL: SELECT * FROM `ast_admin1`  [ RunTime:0.0003s ]
SQL: SELECT * FROM `ast_admin1` WHERE `admin_id` = 1 LIMIT 1   [ RunTime:0.0004s ]
SQL: SHOW COLUMNS FROM `ast_nav1` [ RunTime:0.0037s ]
SQL: SELECT * FROM `ast_nav1`  [ RunTime:0.0004s ]
SQL: SELECT COUNT(*) AS tp_count FROM `ast_admin1` LIMIT 1   [ RunTime:0.0002s ]
NOTIC: [2] Missing argument 3 for getAdminPage(), called in C:\xampp\htdocs\aiston\Application\Admin1\Controller\CommonController.class.php on line 51 and defined C:\xampp\htdocs\aiston\Application\Common\Common\function.php 第 3 行.
NOTIC: [8] Undefined variable: num C:\xampp\htdocs\aiston\Application\Common\Common\function.php 第 4 行.
SQL: SELECT * FROM `ast_admin1` ORDER BY admin_id LIMIT 0,10   [ RunTime:0.0004s ]
SQL: SHOW COLUMNS FROM `ast_procate1` [ RunTime:0.0054s ]
SQL: SHOW COLUMNS FROM `ast_product1` [ RunTime:0.0087s ]
SQL: SELECT * FROM `ast_procate1` WHERE `cate_pid` = 0 ORDER BY cate_id ASC  [ RunTime:0.0004s ]
SQL: SELECT `pro_order` FROM `ast_product1` ORDER BY pro_order DESC LIMIT 1   [ RunTime:0.0003s ]
INFO: [ view_parse ] --START--
INFO: [ template_filter ] --START--
INFO: Run Behavior\ContentReplaceBehavior [ RunTime:0.000471s ]
INFO: [ template_filter ] --END-- [ RunTime:0.000537s ]
NOTIC: [8] Undefined variable: htmlData C:\xampp\htdocs\aiston\Application\Runtime\Cache\Admin1\23b5da1dd7e4787e76ad434cbeb6a691.php 第 173 行.
NOTIC: [8] Undefined variable: htmlData C:\xampp\htdocs\aiston\Application\Runtime\Cache\Admin1\23b5da1dd7e4787e76ad434cbeb6a691.php 第 174 行.
NOTIC: [8] Array to string conversion C:\xampp\htdocs\aiston\Application\Runtime\Cache\Admin1\23b5da1dd7e4787e76ad434cbeb6a691.php 第 378 行.
NOTIC: [8] Undefined variable: url C:\xampp\htdocs\aiston\Application\Runtime\Cache\Admin1\23b5da1dd7e4787e76ad434cbeb6a691.php 第 607 行.
NOTIC: [8] Undefined variable: url C:\xampp\htdocs\aiston\Application\Runtime\Cache\Admin1\23b5da1dd7e4787e76ad434cbeb6a691.php 第 610 行.
INFO: Run Behavior\ParseTemplateBehavior [ RunTime:0.029203s ]
INFO: [ view_parse ] --END-- [ RunTime:0.029275s ]
INFO: [ view_filter ] --START--
INFO: Run Behavior\WriteHtmlCacheBehavior [ RunTime:0.001356s ]
INFO: [ view_filter ] --END-- [ RunTime:0.001437s ]
INFO: [ app_end ] --START--
INFO: Run Behavior\ShowPageTraceBehavior [ RunTime:0.002308s ]
INFO: [ app_end ] --END-- [ RunTime:0.002403s ]

[ 2016-03-09T17:55:28+08:00 ] ::1 /index.php/Admin1/Product/sort
INFO: [ app_init ] --START--
INFO: Run Behavior\BuildLiteBehavior [ RunTime:0.000019s ]
INFO: [ app_init ] --END-- [ RunTime:0.000748s ]
INFO: [ app_begin ] --START--
INFO: Run Behavior\ReadHtmlCacheBehavior [ RunTime:0.001562s ]
INFO: [ app_begin ] --END-- [ RunTime:0.001696s ]
SQL: SHOW COLUMNS FROM `ast_admin1` [ RunTime:0.0038s ]
SQL: SELECT * FROM `ast_admin1`  [ RunTime:0.0004s ]
SQL: SELECT * FROM `ast_admin1` WHERE `admin_id` = 1 LIMIT 1   [ RunTime:0.0003s ]
SQL: SHOW COLUMNS FROM `ast_nav1` [ RunTime:0.0039s ]
SQL: SELECT * FROM `ast_nav1`  [ RunTime:0.0006s ]
SQL: SELECT COUNT(*) AS tp_count FROM `ast_admin1` LIMIT 1   [ RunTime:0.0003s ]
NOTIC: [2] Missing argument 3 for getAdminPage(), called in C:\xampp\htdocs\aiston\Application\Admin1\Controller\CommonController.class.php on line 51 and defined C:\xampp\htdocs\aiston\Application\Common\Common\function.php 第 3 行.
NOTIC: [8] Undefined variable: num C:\xampp\htdocs\aiston\Application\Common\Common\function.php 第 4 行.
SQL: SELECT * FROM `ast_admin1` ORDER BY admin_id LIMIT 0,10   [ RunTime:0.0006s ]
SQL: SHOW COLUMNS FROM `ast_procate` [ RunTime:0.0041s ]
SQL: SELECT * FROM `ast_procate` ORDER BY cate_order ASC  [ RunTime:0.0003s ]
INFO: [ view_parse ] --START--
INFO: [ template_filter ] --START--
INFO: Run Behavior\ContentReplaceBehavior [ RunTime:0.000766s ]
INFO: [ template_filter ] --END-- [ RunTime:0.000837s ]
NOTIC: [8] Undefined index: sid C:\xampp\htdocs\aiston\Application\Runtime\Cache\Admin1\7f3710862b4eb0c9007665c796a5c360.php 第 136 行.
NOTIC: [8] Undefined index: sid C:\xampp\htdocs\aiston\Application\Runtime\Cache\Admin1\7f3710862b4eb0c9007665c796a5c360.php 第 136 行.
NOTIC: [8] Undefined index: sid C:\xampp\htdocs\aiston\Application\Runtime\Cache\Admin1\7f3710862b4eb0c9007665c796a5c360.php 第 136 行.
NOTIC: [8] Undefined index: sid C:\xampp\htdocs\aiston\Application\Runtime\Cache\Admin1\7f3710862b4eb0c9007665c796a5c360.php 第 136 行.
NOTIC: [8] Array to string conversion C:\xampp\htdocs\aiston\Application\Runtime\Cache\Admin1\7f3710862b4eb0c9007665c796a5c360.php 第 498 行.
NOTIC: [8] Undefined variable: url C:\xampp\htdocs\aiston\Application\Runtime\Cache\Admin1\7f3710862b4eb0c9007665c796a5c360.php 第 727 行.
NOTIC: [8] Undefined variable: url C:\xampp\htdocs\aiston\Application\Runtime\Cache\Admin1\7f3710862b4eb0c9007665c796a5c360.php 第 730 行.
INFO: Run Behavior\ParseTemplateBehavior [ RunTime:0.035565s ]
INFO: [ view_parse ] --END-- [ RunTime:0.035637s ]
INFO: [ view_filter ] --START--
INFO: Run Behavior\WriteHtmlCacheBehavior [ RunTime:0.000921s ]
INFO: [ view_filter ] --END-- [ RunTime:0.000981s ]
INFO: [ app_end ] --START--
INFO: Run Behavior\ShowPageTraceBehavior [ RunTime:0.002107s ]
INFO: [ app_end ] --END-- [ RunTime:0.002240s ]

[ 2016-03-09T17:55:29+08:00 ] ::1 /index.php/Admin1/Article/index
INFO: [ app_init ] --START--
INFO: Run Behavior\BuildLiteBehavior [ RunTime:0.000022s ]
INFO: [ app_init ] --END-- [ RunTime:0.001099s ]
INFO: [ app_begin ] --START--
INFO: Run Behavior\ReadHtmlCacheBehavior [ RunTime:0.003180s ]
INFO: [ app_begin ] --END-- [ RunTime:0.003283s ]
SQL: SHOW COLUMNS FROM `ast_admin1` [ RunTime:0.0050s ]
SQL: SELECT * FROM `ast_admin1`  [ RunTime:0.0004s ]
SQL: SELECT * FROM `ast_admin1` WHERE `admin_id` = 1 LIMIT 1   [ RunTime:0.0004s ]
SQL: SHOW COLUMNS FROM `ast_nav1` [ RunTime:0.0053s ]
SQL: SELECT * FROM `ast_nav1`  [ RunTime:0.0006s ]
SQL: SELECT COUNT(*) AS tp_count FROM `ast_admin1` LIMIT 1   [ RunTime:0.0005s ]
NOTIC: [2] Missing argument 3 for getAdminPage(), called in C:\xampp\htdocs\aiston\Application\Admin1\Controller\CommonController.class.php on line 51 and defined C:\xampp\htdocs\aiston\Application\Common\Common\function.php 第 3 行.
NOTIC: [8] Undefined variable: num C:\xampp\htdocs\aiston\Application\Common\Common\function.php 第 4 行.
SQL: SELECT * FROM `ast_admin1` ORDER BY admin_id LIMIT 0,10   [ RunTime:0.0008s ]
SQL: SHOW COLUMNS FROM `ast_article1` [ RunTime:0.0051s ]
SQL: SHOW COLUMNS FROM `ast_artcate1` [ RunTime:0.0053s ]
SQL: SELECT * FROM `ast_artcate1` WHERE `cate_id` = 0 LIMIT 1   [ RunTime:0.0003s ]
SQL: SELECT * FROM `ast_artcate1` WHERE `cate_id` = 0 LIMIT 1   [ RunTime:0.0002s ]
SQL: SELECT * FROM `ast_artcate1` WHERE `cate_pid` = 0  [ RunTime:0.0003s ]
SQL: SELECT * FROM `ast_artcate1` WHERE `cate_pid` = 0  [ RunTime:0.0003s ]
SQL: SELECT COUNT(*) AS tp_count FROM `ast_article1` LIMIT 1   [ RunTime:0.0002s ]
SQL: SELECT * FROM `ast_article1` INNER JOIN `ast_artcate1` ON ast_article1.art_cateid = ast_artcate1.cate_id  ORDER BY art_addtime DESC LIMIT 0,10   [ RunTime:0.0049s ]
SQL: SHOW COLUMNS FROM `ast_artcomment1` [ RunTime:0.0044s ]
SQL: SELECT * FROM `ast_artcomment1`  [ RunTime:0.0003s ]
INFO: [ view_parse ] --START--
INFO: [ template_filter ] --START--
INFO: Run Behavior\ContentReplaceBehavior [ RunTime:0.000459s ]
INFO: [ template_filter ] --END-- [ RunTime:0.000527s ]
NOTIC: [8] Undefined index: mentNum C:\xampp\htdocs\aiston\Application\Runtime\Cache\Admin1\4a86dfd92dd0ef69c88f632c824c633e.php 第 162 行.
NOTIC: [8] Undefined index: mentNum C:\xampp\htdocs\aiston\Application\Runtime\Cache\Admin1\4a86dfd92dd0ef69c88f632c824c633e.php 第 162 行.
NOTIC: [8] Undefined index: mentNum C:\xampp\htdocs\aiston\Application\Runtime\Cache\Admin1\4a86dfd92dd0ef69c88f632c824c633e.php 第 162 行.
NOTIC: [8] Undefined index: mentNum C:\xampp\htdocs\aiston\Application\Runtime\Cache\Admin1\4a86dfd92dd0ef69c88f632c824c633e.php 第 162 行.
NOTIC: [8] Undefined index: mentNum C:\xampp\htdocs\aiston\Application\Runtime\Cache\Admin1\4a86dfd92dd0ef69c88f632c824c633e.php 第 162 行.
NOTIC: [8] Undefined index: mentNum C:\xampp\htdocs\aiston\Application\Runtime\Cache\Admin1\4a86dfd92dd0ef69c88f632c824c633e.php 第 162 行.
NOTIC: [8] Undefined index: mentNum C:\xampp\htdocs\aiston\Application\Runtime\Cache\Admin1\4a86dfd92dd0ef69c88f632c824c633e.php 第 162 行.
NOTIC: [8] Array to string conversion C:\xampp\htdocs\aiston\Application\Runtime\Cache\Admin1\4a86dfd92dd0ef69c88f632c824c633e.php 第 382 行.
INFO: Run Behavior\ParseTemplateBehavior [ RunTime:0.036895s ]
INFO: [ view_parse ] --END-- [ RunTime:0.036998s ]
INFO: [ view_filter ] --START--
INFO: Run Behavior\WriteHtmlCacheBehavior [ RunTime:0.001253s ]
INFO: [ view_filter ] --END-- [ RunTime:0.001321s ]
NOTIC: [8] Undefined index: show C:\xampp\htdocs\aiston\Application\Admin1\Controller\ArticleController.class.php 第 82 行.
NOTIC: [8] Undefined index: id C:\xampp\htdocs\aiston\Application\Admin1\Controller\ArticleController.class.php 第 83 行.
SQL: UPDATE `ast_article1` SET `art_isshow`='1' WHERE `art_id` = null [ RunTime:0.0003s ]
INFO: [ app_end ] --START--
INFO: Run Behavior\ShowPageTraceBehavior [ RunTime:0.002127s ]
INFO: [ app_end ] --END-- [ RunTime:0.002226s ]

[ 2016-03-09T17:55:31+08:00 ] ::1 /index.php/Admin1/Article/add
INFO: [ app_init ] --START--
INFO: Run Behavior\BuildLiteBehavior [ RunTime:0.000019s ]
INFO: [ app_init ] --END-- [ RunTime:0.000601s ]
INFO: [ app_begin ] --START--
INFO: Run Behavior\ReadHtmlCacheBehavior [ RunTime:0.001411s ]
INFO: [ app_begin ] --END-- [ RunTime:0.001540s ]
SQL: SHOW COLUMNS FROM `ast_admin1` [ RunTime:0.0046s ]
SQL: SELECT * FROM `ast_admin1`  [ RunTime:0.0004s ]
SQL: SELECT * FROM `ast_admin1` WHERE `admin_id` = 1 LIMIT 1   [ RunTime:0.0003s ]
SQL: SHOW COLUMNS FROM `ast_nav1` [ RunTime:0.0046s ]
SQL: SELECT * FROM `ast_nav1`  [ RunTime:0.0006s ]
SQL: SELECT COUNT(*) AS tp_count FROM `ast_admin1` LIMIT 1   [ RunTime:0.0003s ]
NOTIC: [2] Missing argument 3 for getAdminPage(), called in C:\xampp\htdocs\aiston\Application\Admin1\Controller\CommonController.class.php on line 51 and defined C:\xampp\htdocs\aiston\Application\Common\Common\function.php 第 3 行.
NOTIC: [8] Undefined variable: num C:\xampp\htdocs\aiston\Application\Common\Common\function.php 第 4 行.
SQL: SELECT * FROM `ast_admin1` ORDER BY admin_id LIMIT 0,10   [ RunTime:0.0008s ]
SQL: SHOW COLUMNS FROM `ast_artcate1` [ RunTime:0.0052s ]
SQL: SHOW COLUMNS FROM `ast_article1` [ RunTime:0.0042s ]
SQL: SELECT * FROM `ast_artcate1` WHERE `cate_pid` = 0 ORDER BY cate_id ASC  [ RunTime:0.0004s ]
SQL: SELECT `art_order` FROM `ast_article1` ORDER BY art_order DESC LIMIT 1   [ RunTime:0.0003s ]
INFO: [ view_parse ] --START--
INFO: [ template_filter ] --START--
INFO: Run Behavior\ContentReplaceBehavior [ RunTime:0.000498s ]
INFO: [ template_filter ] --END-- [ RunTime:0.000566s ]
NOTIC: [8] Undefined variable: htmlData C:\xampp\htdocs\aiston\Application\Runtime\Cache\Admin1\470463e8a2216b3d461304c62e789d92.php 第 144 行.
NOTIC: [8] Undefined variable: htmlData C:\xampp\htdocs\aiston\Application\Runtime\Cache\Admin1\470463e8a2216b3d461304c62e789d92.php 第 144 行.
NOTIC: [8] Array to string conversion C:\xampp\htdocs\aiston\Application\Runtime\Cache\Admin1\470463e8a2216b3d461304c62e789d92.php 第 319 行.
NOTIC: [8] Undefined variable: url C:\xampp\htdocs\aiston\Application\Runtime\Cache\Admin1\470463e8a2216b3d461304c62e789d92.php 第 548 行.
NOTIC: [8] Undefined variable: url C:\xampp\htdocs\aiston\Application\Runtime\Cache\Admin1\470463e8a2216b3d461304c62e789d92.php 第 551 行.
INFO: Run Behavior\ParseTemplateBehavior [ RunTime:0.029699s ]
INFO: [ view_parse ] --END-- [ RunTime:0.029779s ]
INFO: [ view_filter ] --START--
INFO: Run Behavior\WriteHtmlCacheBehavior [ RunTime:0.000914s ]
INFO: [ view_filter ] --END-- [ RunTime:0.000964s ]
INFO: [ app_end ] --START--
INFO: Run Behavior\ShowPageTraceBehavior [ RunTime:0.001630s ]
INFO: [ app_end ] --END-- [ RunTime:0.001713s ]

[ 2016-03-09T17:55:32+08:00 ] ::1 /index.php/Admin1/Article/sort
INFO: [ app_init ] --START--
INFO: Run Behavior\BuildLiteBehavior [ RunTime:0.000018s ]
INFO: [ app_init ] --END-- [ RunTime:0.000584s ]
INFO: [ app_begin ] --START--
INFO: Run Behavior\ReadHtmlCacheBehavior [ RunTime:0.001156s ]
INFO: [ app_begin ] --END-- [ RunTime:0.001223s ]
SQL: SHOW COLUMNS FROM `ast_admin1` [ RunTime:0.0043s ]
SQL: SELECT * FROM `ast_admin1`  [ RunTime:0.0004s ]
SQL: SELECT * FROM `ast_admin1` WHERE `admin_id` = 1 LIMIT 1   [ RunTime:0.0003s ]
SQL: SHOW COLUMNS FROM `ast_nav1` [ RunTime:0.0038s ]
SQL: SELECT * FROM `ast_nav1`  [ RunTime:0.0004s ]
SQL: SELECT COUNT(*) AS tp_count FROM `ast_admin1` LIMIT 1   [ RunTime:0.0002s ]
NOTIC: [2] Missing argument 3 for getAdminPage(), called in C:\xampp\htdocs\aiston\Application\Admin1\Controller\CommonController.class.php on line 51 and defined C:\xampp\htdocs\aiston\Application\Common\Common\function.php 第 3 行.
NOTIC: [8] Undefined variable: num C:\xampp\htdocs\aiston\Application\Common\Common\function.php 第 4 行.
SQL: SELECT * FROM `ast_admin1` ORDER BY admin_id LIMIT 0,10   [ RunTime:0.0006s ]
SQL: SHOW COLUMNS FROM `ast_artcate1` [ RunTime:0.0044s ]
SQL: SELECT * FROM `ast_artcate1` ORDER BY cate_order ASC  [ RunTime:0.0003s ]
INFO: [ view_parse ] --START--
INFO: [ template_filter ] --START--
INFO: Run Behavior\ContentReplaceBehavior [ RunTime:0.000804s ]
INFO: [ template_filter ] --END-- [ RunTime:0.000890s ]
NOTIC: [8] Undefined index: sid C:\xampp\htdocs\aiston\Application\Runtime\Cache\Admin1\682f2a75517ed1a724a05d72ec8affd5.php 第 136 行.
NOTIC: [8] Undefined index: sid C:\xampp\htdocs\aiston\Application\Runtime\Cache\Admin1\682f2a75517ed1a724a05d72ec8affd5.php 第 136 行.
NOTIC: [8] Undefined index: sid C:\xampp\htdocs\aiston\Application\Runtime\Cache\Admin1\682f2a75517ed1a724a05d72ec8affd5.php 第 136 行.
NOTIC: [8] Array to string conversion C:\xampp\htdocs\aiston\Application\Runtime\Cache\Admin1\682f2a75517ed1a724a05d72ec8affd5.php 第 499 行.
NOTIC: [8] Undefined variable: url C:\xampp\htdocs\aiston\Application\Runtime\Cache\Admin1\682f2a75517ed1a724a05d72ec8affd5.php 第 728 行.
NOTIC: [8] Undefined variable: url C:\xampp\htdocs\aiston\Application\Runtime\Cache\Admin1\682f2a75517ed1a724a05d72ec8affd5.php 第 731 行.
INFO: Run Behavior\ParseTemplateBehavior [ RunTime:0.030735s ]
INFO: [ view_parse ] --END-- [ RunTime:0.030800s ]
INFO: [ view_filter ] --START--
INFO: Run Behavior\WriteHtmlCacheBehavior [ RunTime:0.000996s ]
INFO: [ view_filter ] --END-- [ RunTime:0.001046s ]
INFO: [ app_end ] --START--
INFO: Run Behavior\ShowPageTraceBehavior [ RunTime:0.001774s ]
INFO: [ app_end ] --END-- [ RunTime:0.001870s ]

