[ 2016-03-12T09:47:29+08:00 ] ::1 /index.php/Admin1/User/admin
INFO: [ app_init ] --START--
INFO: Run Behavior\BuildLiteBehavior [ RunTime:0.000032s ]
INFO: [ app_init ] --END-- [ RunTime:0.001183s ]
INFO: [ app_begin ] --START--
INFO: Run Behavior\ReadHtmlCacheBehavior [ RunTime:0.001952s ]
INFO: [ app_begin ] --END-- [ RunTime:0.002051s ]
INFO: [ app_end ] --START--
INFO: Run Behavior\ShowPageTraceBehavior [ RunTime:0.005031s ]
INFO: [ app_end ] --END-- [ RunTime:0.005181s ]

[ 2016-03-12T09:47:30+08:00 ] ::1 /index.php/Admin1/User/logout.html
INFO: [ app_init ] --START--
INFO: Run Behavior\BuildLiteBehavior [ RunTime:0.000028s ]
INFO: [ app_init ] --END-- [ RunTime:0.001349s ]
INFO: [ app_begin ] --START--
INFO: Run Behavior\ReadHtmlCacheBehavior [ RunTime:0.001590s ]
INFO: [ app_begin ] --END-- [ RunTime:0.001762s ]
INFO: [ app_end ] --START--
INFO: Run Behavior\ShowPageTraceBehavior [ RunTime:0.003285s ]
INFO: [ app_end ] --END-- [ RunTime:0.003585s ]

[ 2016-03-12T09:47:30+08:00 ] ::1 /index.php/Admin1/User/login
INFO: [ app_init ] --START--
INFO: Run Behavior\BuildLiteBehavior [ RunTime:0.000020s ]
INFO: [ app_init ] --END-- [ RunTime:0.000787s ]
INFO: [ app_begin ] --START--
INFO: Run Behavior\ReadHtmlCacheBehavior [ RunTime:0.001410s ]
INFO: [ app_begin ] --END-- [ RunTime:0.001498s ]
INFO: [ view_parse ] --START--
INFO: [ template_filter ] --START--
INFO: Run Behavior\ContentReplaceBehavior [ RunTime:0.000094s ]
INFO: [ template_filter ] --END-- [ RunTime:0.000175s ]
INFO: Run Behavior\ParseTemplateBehavior [ RunTime:0.013146s ]
INFO: [ view_parse ] --END-- [ RunTime:0.013243s ]
INFO: [ view_filter ] --START--
INFO: Run Behavior\WriteHtmlCacheBehavior [ RunTime:0.001831s ]
INFO: [ view_filter ] --END-- [ RunTime:0.001903s ]
INFO: [ app_end ] --START--
INFO: Run Behavior\ShowPageTraceBehavior [ RunTime:0.002176s ]
INFO: [ app_end ] --END-- [ RunTime:0.002260s ]

[ 2016-03-12T09:47:30+08:00 ] ::1 /index.php/Admin1/User/verify.html
INFO: [ app_init ] --START--
INFO: Run Behavior\BuildLiteBehavior [ RunTime:0.000030s ]
INFO: [ app_init ] --END-- [ RunTime:0.001778s ]
INFO: [ app_begin ] --START--
INFO: Run Behavior\ReadHtmlCacheBehavior [ RunTime:0.003464s ]
INFO: [ app_begin ] --END-- [ RunTime:0.003617s ]
INFO: [ app_end ] --START--
INFO: Run Behavior\ShowPageTraceBehavior [ RunTime:0.001750s ]
INFO: [ app_end ] --END-- [ RunTime:0.001851s ]

[ 2016-03-12T09:47:38+08:00 ] ::1 /index.php/Admin1/User/login
INFO: [ app_init ] --START--
INFO: Run Behavior\BuildLiteBehavior [ RunTime:0.000021s ]
INFO: [ app_init ] --END-- [ RunTime:0.000731s ]
INFO: [ app_begin ] --START--
INFO: Run Behavior\ReadHtmlCacheBehavior [ RunTime:0.001554s ]
INFO: [ app_begin ] --END-- [ RunTime:0.001639s ]
SQL: SHOW COLUMNS FROM `ast_admin1` [ RunTime:0.0076s ]
SQL: SELECT * FROM `ast_admin1` WHERE `admin_username` = '123456' LIMIT 1   [ RunTime:0.0005s ]
INFO: [ view_parse ] --START--
INFO: [ template_filter ] --START--
INFO: Run Behavior\ContentReplaceBehavior [ RunTime:0.000085s ]
INFO: [ template_filter ] --END-- [ RunTime:0.000155s ]
INFO: Run Behavior\ParseTemplateBehavior [ RunTime:0.014463s ]
INFO: [ view_parse ] --END-- [ RunTime:0.014563s ]
INFO: [ view_filter ] --START--
INFO: Run Behavior\WriteHtmlCacheBehavior [ RunTime:0.001697s ]
INFO: [ view_filter ] --END-- [ RunTime:0.001748s ]
INFO: [ app_end ] --START--
INFO: Run Behavior\ShowPageTraceBehavior [ RunTime:0.002181s ]
INFO: [ app_end ] --END-- [ RunTime:0.002260s ]

[ 2016-03-12T09:47:38+08:00 ] ::1 /index.php/Admin1/User/verify.html
INFO: [ app_init ] --START--
INFO: Run Behavior\BuildLiteBehavior [ RunTime:0.000026s ]
INFO: [ app_init ] --END-- [ RunTime:0.000984s ]
INFO: [ app_begin ] --START--
INFO: Run Behavior\ReadHtmlCacheBehavior [ RunTime:0.002458s ]
INFO: [ app_begin ] --END-- [ RunTime:0.002569s ]
INFO: [ app_end ] --START--
INFO: Run Behavior\ShowPageTraceBehavior [ RunTime:0.002350s ]
INFO: [ app_end ] --END-- [ RunTime:0.002462s ]

[ 2016-03-12T09:47:38+08:00 ] ::1 /index.php/Admin1/index
INFO: [ app_init ] --START--
INFO: Run Behavior\BuildLiteBehavior [ RunTime:0.000067s ]
INFO: [ app_init ] --END-- [ RunTime:0.002858s ]
INFO: [ app_begin ] --START--
INFO: Run Behavior\ReadHtmlCacheBehavior [ RunTime:0.002098s ]
INFO: [ app_begin ] --END-- [ RunTime:0.002296s ]
SQL: SHOW COLUMNS FROM `ast_admin1` [ RunTime:0.0057s ]
SQL: SELECT * FROM `ast_admin1`  [ RunTime:0.0005s ]
SQL: SELECT * FROM `ast_admin1` WHERE `admin_id` = 2 LIMIT 1   [ RunTime:0.0008s ]
SQL: SHOW COLUMNS FROM `ast_nav1` [ RunTime:0.0064s ]
SQL: SELECT * FROM `ast_nav1`  [ RunTime:0.0007s ]
SQL: SELECT COUNT(*) AS tp_count FROM `ast_admin1` LIMIT 1   [ RunTime:0.0002s ]
NOTIC: [2] Missing argument 3 for getAdminPage(), called in C:\xampp\htdocs\aiston\Application\Admin1\Controller\CommonController.class.php on line 51 and defined C:\xampp\htdocs\aiston\Application\Common\Common\function.php 第 3 行.
NOTIC: [8] Undefined variable: num C:\xampp\htdocs\aiston\Application\Common\Common\function.php 第 4 行.
SQL: SELECT * FROM `ast_admin1` ORDER BY admin_id LIMIT 0,10   [ RunTime:0.0003s ]
INFO: [ view_parse ] --START--
INFO: [ template_filter ] --START--
INFO: Run Behavior\ContentReplaceBehavior [ RunTime:0.001072s ]
INFO: [ template_filter ] --END-- [ RunTime:0.001534s ]
NOTIC: [8] Array to string conversion C:\xampp\htdocs\aiston\Application\Runtime\Cache\Admin1\9f38e57e4d66d419226e62de907f8d4f.php 第 226 行.
NOTIC: [8] Undefined variable: url C:\xampp\htdocs\aiston\Application\Runtime\Cache\Admin1\9f38e57e4d66d419226e62de907f8d4f.php 第 455 行.
NOTIC: [8] Undefined variable: url C:\xampp\htdocs\aiston\Application\Runtime\Cache\Admin1\9f38e57e4d66d419226e62de907f8d4f.php 第 458 行.
INFO: Run Behavior\ParseTemplateBehavior [ RunTime:0.027716s ]
INFO: [ view_parse ] --END-- [ RunTime:0.027799s ]
INFO: [ view_filter ] --START--
INFO: Run Behavior\WriteHtmlCacheBehavior [ RunTime:0.002720s ]
INFO: [ view_filter ] --END-- [ RunTime:0.002934s ]
INFO: [ app_end ] --START--
INFO: Run Behavior\ShowPageTraceBehavior [ RunTime:0.003466s ]
INFO: [ app_end ] --END-- [ RunTime:0.003556s ]

[ 2016-03-12T09:47:41+08:00 ] ::1 /index.php/Admin1/User/login
INFO: [ app_init ] --START--
INFO: Run Behavior\BuildLiteBehavior [ RunTime:0.000027s ]
INFO: [ app_init ] --END-- [ RunTime:0.000749s ]
INFO: [ app_begin ] --START--
INFO: Run Behavior\ReadHtmlCacheBehavior [ RunTime:0.001433s ]
INFO: [ app_begin ] --END-- [ RunTime:0.001515s ]
INFO: [ view_parse ] --START--
INFO: [ template_filter ] --START--
INFO: Run Behavior\ContentReplaceBehavior [ RunTime:0.000086s ]
INFO: [ template_filter ] --END-- [ RunTime:0.000159s ]
INFO: Run Behavior\ParseTemplateBehavior [ RunTime:0.011962s ]
INFO: [ view_parse ] --END-- [ RunTime:0.012056s ]
INFO: [ view_filter ] --START--
INFO: Run Behavior\WriteHtmlCacheBehavior [ RunTime:0.001277s ]
INFO: [ view_filter ] --END-- [ RunTime:0.001453s ]
INFO: [ app_end ] --START--
INFO: Run Behavior\ShowPageTraceBehavior [ RunTime:0.002669s ]
INFO: [ app_end ] --END-- [ RunTime:0.002900s ]

[ 2016-03-12T09:47:55+08:00 ] ::1 /index.php/Admin1/User/login
INFO: [ app_init ] --START--
INFO: Run Behavior\BuildLiteBehavior [ RunTime:0.000031s ]
INFO: [ app_init ] --END-- [ RunTime:0.015769s ]
INFO: [ app_begin ] --START--
INFO: Run Behavior\ReadHtmlCacheBehavior [ RunTime:0.004494s ]
INFO: [ app_begin ] --END-- [ RunTime:0.004930s ]
SQL: SHOW COLUMNS FROM `ast_admin1` [ RunTime:0.0052s ]
SQL: SELECT * FROM `ast_admin1` WHERE `admin_username` = 'admin' LIMIT 1   [ RunTime:0.0006s ]
INFO: [ view_parse ] --START--
INFO: [ template_filter ] --START--
INFO: Run Behavior\ContentReplaceBehavior [ RunTime:0.000136s ]
INFO: [ template_filter ] --END-- [ RunTime:0.000241s ]
INFO: Run Behavior\ParseTemplateBehavior [ RunTime:0.033728s ]
INFO: [ view_parse ] --END-- [ RunTime:0.033861s ]
INFO: [ view_filter ] --START--
INFO: Run Behavior\WriteHtmlCacheBehavior [ RunTime:0.002312s ]
INFO: [ view_filter ] --END-- [ RunTime:0.002409s ]
INFO: [ app_end ] --START--
INFO: Run Behavior\ShowPageTraceBehavior [ RunTime:0.002068s ]
INFO: [ app_end ] --END-- [ RunTime:0.002163s ]

[ 2016-03-12T09:47:55+08:00 ] ::1 /index.php/Admin1/User/verify.html
INFO: [ app_init ] --START--
INFO: Run Behavior\BuildLiteBehavior [ RunTime:0.000027s ]
INFO: [ app_init ] --END-- [ RunTime:0.001260s ]
INFO: [ app_begin ] --START--
INFO: Run Behavior\ReadHtmlCacheBehavior [ RunTime:0.005143s ]
INFO: [ app_begin ] --END-- [ RunTime:0.005405s ]
INFO: [ app_end ] --START--
INFO: Run Behavior\ShowPageTraceBehavior [ RunTime:0.002355s ]
INFO: [ app_end ] --END-- [ RunTime:0.002478s ]

[ 2016-03-12T09:47:56+08:00 ] ::1 /index.php/Admin1/index
INFO: [ app_init ] --START--
INFO: Run Behavior\BuildLiteBehavior [ RunTime:0.000028s ]
INFO: [ app_init ] --END-- [ RunTime:0.001238s ]
INFO: [ app_begin ] --START--
INFO: Run Behavior\ReadHtmlCacheBehavior [ RunTime:0.012088s ]
INFO: [ app_begin ] --END-- [ RunTime:0.012229s ]
SQL: SHOW COLUMNS FROM `ast_admin1` [ RunTime:0.0089s ]
SQL: SELECT * FROM `ast_admin1`  [ RunTime:0.0055s ]
SQL: SELECT * FROM `ast_admin1` WHERE `admin_id` = 1 LIMIT 1   [ RunTime:0.0014s ]
SQL: SHOW COLUMNS FROM `ast_nav1` [ RunTime:0.0090s ]
SQL: SELECT * FROM `ast_nav1`  [ RunTime:0.0005s ]
SQL: SELECT COUNT(*) AS tp_count FROM `ast_admin1` LIMIT 1   [ RunTime:0.0002s ]
NOTIC: [2] Missing argument 3 for getAdminPage(), called in C:\xampp\htdocs\aiston\Application\Admin1\Controller\CommonController.class.php on line 51 and defined C:\xampp\htdocs\aiston\Application\Common\Common\function.php 第 3 行.
NOTIC: [8] Undefined variable: num C:\xampp\htdocs\aiston\Application\Common\Common\function.php 第 4 行.
SQL: SELECT * FROM `ast_admin1` ORDER BY admin_id LIMIT 0,10   [ RunTime:0.0006s ]
INFO: [ view_parse ] --START--
INFO: [ template_filter ] --START--
INFO: Run Behavior\ContentReplaceBehavior [ RunTime:0.000413s ]
INFO: [ template_filter ] --END-- [ RunTime:0.000480s ]
NOTIC: [8] Array to string conversion C:\xampp\htdocs\aiston\Application\Runtime\Cache\Admin1\9f38e57e4d66d419226e62de907f8d4f.php 第 226 行.
NOTIC: [8] Undefined variable: url C:\xampp\htdocs\aiston\Application\Runtime\Cache\Admin1\9f38e57e4d66d419226e62de907f8d4f.php 第 455 行.
NOTIC: [8] Undefined variable: url C:\xampp\htdocs\aiston\Application\Runtime\Cache\Admin1\9f38e57e4d66d419226e62de907f8d4f.php 第 458 行.
INFO: Run Behavior\ParseTemplateBehavior [ RunTime:0.039426s ]
INFO: [ view_parse ] --END-- [ RunTime:0.039514s ]
INFO: [ view_filter ] --START--
INFO: Run Behavior\WriteHtmlCacheBehavior [ RunTime:0.001434s ]
INFO: [ view_filter ] --END-- [ RunTime:0.001495s ]
INFO: [ app_end ] --START--
INFO: Run Behavior\ShowPageTraceBehavior [ RunTime:0.002209s ]
INFO: [ app_end ] --END-- [ RunTime:0.002314s ]

[ 2016-03-12T09:49:34+08:00 ] ::1 /index.php/Admin1/index
INFO: [ app_init ] --START--
INFO: Run Behavior\BuildLiteBehavior [ RunTime:0.000023s ]
INFO: [ app_init ] --END-- [ RunTime:0.000816s ]
INFO: [ app_begin ] --START--
INFO: Run Behavior\ReadHtmlCacheBehavior [ RunTime:0.002587s ]
INFO: [ app_begin ] --END-- [ RunTime:0.002683s ]
SQL: SHOW COLUMNS FROM `ast_admin1` [ RunTime:0.0053s ]
SQL: SELECT * FROM `ast_admin1`  [ RunTime:0.0004s ]
SQL: SELECT * FROM `ast_admin1` WHERE `admin_id` = 1 LIMIT 1   [ RunTime:0.0003s ]
SQL: SHOW COLUMNS FROM `ast_nav1` [ RunTime:0.0052s ]
SQL: SELECT * FROM `ast_nav1`  [ RunTime:0.0004s ]
SQL: SELECT COUNT(*) AS tp_count FROM `ast_admin1` LIMIT 1   [ RunTime:0.0003s ]
NOTIC: [2] Missing argument 3 for getAdminPage(), called in C:\xampp\htdocs\aiston\Application\Admin1\Controller\CommonController.class.php on line 51 and defined C:\xampp\htdocs\aiston\Application\Common\Common\function.php 第 3 行.
NOTIC: [8] Undefined variable: num C:\xampp\htdocs\aiston\Application\Common\Common\function.php 第 4 行.
SQL: SELECT * FROM `ast_admin1` ORDER BY admin_id LIMIT 0,10   [ RunTime:0.0006s ]
INFO: [ view_parse ] --START--
INFO: [ template_filter ] --START--
INFO: Run Behavior\ContentReplaceBehavior [ RunTime:0.000830s ]
INFO: [ template_filter ] --END-- [ RunTime:0.001028s ]
NOTIC: [8] Array to string conversion C:\xampp\htdocs\aiston\Application\Runtime\Cache\Admin1\9f38e57e4d66d419226e62de907f8d4f.php 第 226 行.
NOTIC: [8] Undefined variable: url C:\xampp\htdocs\aiston\Application\Runtime\Cache\Admin1\9f38e57e4d66d419226e62de907f8d4f.php 第 455 行.
NOTIC: [8] Undefined variable: url C:\xampp\htdocs\aiston\Application\Runtime\Cache\Admin1\9f38e57e4d66d419226e62de907f8d4f.php 第 458 行.
INFO: Run Behavior\ParseTemplateBehavior [ RunTime:0.037127s ]
INFO: [ view_parse ] --END-- [ RunTime:0.037261s ]
INFO: [ view_filter ] --START--
INFO: Run Behavior\WriteHtmlCacheBehavior [ RunTime:0.001396s ]
INFO: [ view_filter ] --END-- [ RunTime:0.001447s ]
INFO: [ app_end ] --START--
INFO: Run Behavior\ShowPageTraceBehavior [ RunTime:0.002321s ]
INFO: [ app_end ] --END-- [ RunTime:0.002429s ]

[ 2016-03-12T10:05:14+08:00 ] ::1 /index.php/Admin1/Invest/index
INFO: [ app_init ] --START--
INFO: Run Behavior\BuildLiteBehavior [ RunTime:0.000017s ]
INFO: [ app_init ] --END-- [ RunTime:0.000715s ]
INFO: [ app_begin ] --START--
INFO: Run Behavior\ReadHtmlCacheBehavior [ RunTime:0.001719s ]
INFO: [ app_begin ] --END-- [ RunTime:0.001819s ]
SQL: SHOW COLUMNS FROM `ast_admin1` [ RunTime:0.0056s ]
SQL: SELECT * FROM `ast_admin1`  [ RunTime:0.0004s ]
SQL: SELECT * FROM `ast_admin1` WHERE `admin_id` = 1 LIMIT 1   [ RunTime:0.0003s ]
SQL: SHOW COLUMNS FROM `ast_nav1` [ RunTime:0.0057s ]
SQL: SELECT * FROM `ast_nav1`  [ RunTime:0.0007s ]
SQL: SELECT COUNT(*) AS tp_count FROM `ast_admin1` LIMIT 1   [ RunTime:0.0003s ]
NOTIC: [2] Missing argument 3 for getAdminPage(), called in C:\xampp\htdocs\aiston\Application\Admin1\Controller\CommonController.class.php on line 51 and defined C:\xampp\htdocs\aiston\Application\Common\Common\function.php 第 3 行.
NOTIC: [8] Undefined variable: num C:\xampp\htdocs\aiston\Application\Common\Common\function.php 第 4 行.
SQL: SELECT * FROM `ast_admin1` ORDER BY admin_id LIMIT 0,10   [ RunTime:0.0005s ]
SQL: SHOW COLUMNS FROM `ast_invest1` [ RunTime:0.0186s ]
SQL: SELECT * FROM `ast_invest1`  [ RunTime:0.0004s ]
INFO: [ view_parse ] --START--
INFO: [ template_filter ] --START--
INFO: Run Behavior\ContentReplaceBehavior [ RunTime:0.000556s ]
INFO: [ template_filter ] --END-- [ RunTime:0.000635s ]
NOTIC: [8] Undefined variable: cid C:\xampp\htdocs\aiston\Application\Runtime\Cache\Admin1\0248c5dcaf8ad8ea744f4e982205df3f.php 第 121 行.
NOTIC: [8] Undefined variable: acate C:\xampp\htdocs\aiston\Application\Runtime\Cache\Admin1\0248c5dcaf8ad8ea744f4e982205df3f.php 第 124 行.
NOTIC: [8] Undefined variable: cid C:\xampp\htdocs\aiston\Application\Runtime\Cache\Admin1\0248c5dcaf8ad8ea744f4e982205df3f.php 第 128 行.
NOTIC: [8] Undefined index: art_isshow C:\xampp\htdocs\aiston\Application\Runtime\Cache\Admin1\0248c5dcaf8ad8ea744f4e982205df3f.php 第 149 行.
NOTIC: [8] Undefined index: art_order C:\xampp\htdocs\aiston\Application\Runtime\Cache\Admin1\0248c5dcaf8ad8ea744f4e982205df3f.php 第 153 行.
NOTIC: [8] Undefined index: art_id C:\xampp\htdocs\aiston\Application\Runtime\Cache\Admin1\0248c5dcaf8ad8ea744f4e982205df3f.php 第 153 行.
NOTIC: [8] Undefined index: art_isshow C:\xampp\htdocs\aiston\Application\Runtime\Cache\Admin1\0248c5dcaf8ad8ea744f4e982205df3f.php 第 149 行.
NOTIC: [8] Undefined index: art_order C:\xampp\htdocs\aiston\Application\Runtime\Cache\Admin1\0248c5dcaf8ad8ea744f4e982205df3f.php 第 153 行.
NOTIC: [8] Undefined index: art_id C:\xampp\htdocs\aiston\Application\Runtime\Cache\Admin1\0248c5dcaf8ad8ea744f4e982205df3f.php 第 153 行.
NOTIC: [8] Undefined index: art_isshow C:\xampp\htdocs\aiston\Application\Runtime\Cache\Admin1\0248c5dcaf8ad8ea744f4e982205df3f.php 第 149 行.
NOTIC: [8] Undefined index: art_order C:\xampp\htdocs\aiston\Application\Runtime\Cache\Admin1\0248c5dcaf8ad8ea744f4e982205df3f.php 第 153 行.
NOTIC: [8] Undefined index: art_id C:\xampp\htdocs\aiston\Application\Runtime\Cache\Admin1\0248c5dcaf8ad8ea744f4e982205df3f.php 第 153 行.
NOTIC: [8] Undefined index: art_isshow C:\xampp\htdocs\aiston\Application\Runtime\Cache\Admin1\0248c5dcaf8ad8ea744f4e982205df3f.php 第 149 行.
NOTIC: [8] Undefined index: art_order C:\xampp\htdocs\aiston\Application\Runtime\Cache\Admin1\0248c5dcaf8ad8ea744f4e982205df3f.php 第 153 行.
NOTIC: [8] Undefined index: art_id C:\xampp\htdocs\aiston\Application\Runtime\Cache\Admin1\0248c5dcaf8ad8ea744f4e982205df3f.php 第 153 行.
NOTIC: [8] Undefined index: art_isshow C:\xampp\htdocs\aiston\Application\Runtime\Cache\Admin1\0248c5dcaf8ad8ea744f4e982205df3f.php 第 149 行.
NOTIC: [8] Undefined index: art_order C:\xampp\htdocs\aiston\Application\Runtime\Cache\Admin1\0248c5dcaf8ad8ea744f4e982205df3f.php 第 153 行.
NOTIC: [8] Undefined index: art_id C:\xampp\htdocs\aiston\Application\Runtime\Cache\Admin1\0248c5dcaf8ad8ea744f4e982205df3f.php 第 153 行.
NOTIC: [8] Undefined index: art_isshow C:\xampp\htdocs\aiston\Application\Runtime\Cache\Admin1\0248c5dcaf8ad8ea744f4e982205df3f.php 第 149 行.
NOTIC: [8] Undefined index: art_order C:\xampp\htdocs\aiston\Application\Runtime\Cache\Admin1\0248c5dcaf8ad8ea744f4e982205df3f.php 第 153 行.
NOTIC: [8] Undefined index: art_id C:\xampp\htdocs\aiston\Application\Runtime\Cache\Admin1\0248c5dcaf8ad8ea744f4e982205df3f.php 第 153 行.
NOTIC: [8] Undefined index: art_isshow C:\xampp\htdocs\aiston\Application\Runtime\Cache\Admin1\0248c5dcaf8ad8ea744f4e982205df3f.php 第 149 行.
NOTIC: [8] Undefined index: art_order C:\xampp\htdocs\aiston\Application\Runtime\Cache\Admin1\0248c5dcaf8ad8ea744f4e982205df3f.php 第 153 行.
NOTIC: [8] Undefined index: art_id C:\xampp\htdocs\aiston\Application\Runtime\Cache\Admin1\0248c5dcaf8ad8ea744f4e982205df3f.php 第 153 行.
NOTIC: [8] Undefined index: art_isshow C:\xampp\htdocs\aiston\Application\Runtime\Cache\Admin1\0248c5dcaf8ad8ea744f4e982205df3f.php 第 149 行.
NOTIC: [8] Undefined index: art_order C:\xampp\htdocs\aiston\Application\Runtime\Cache\Admin1\0248c5dcaf8ad8ea744f4e982205df3f.php 第 153 行.
NOTIC: [8] Undefined index: art_id C:\xampp\htdocs\aiston\Application\Runtime\Cache\Admin1\0248c5dcaf8ad8ea744f4e982205df3f.php 第 153 行.
NOTIC: [8] Undefined variable: show C:\xampp\htdocs\aiston\Application\Runtime\Cache\Admin1\0248c5dcaf8ad8ea744f4e982205df3f.php 第 160 行.
NOTIC: [8] Array to string conversion C:\xampp\htdocs\aiston\Application\Runtime\Cache\Admin1\0248c5dcaf8ad8ea744f4e982205df3f.php 第 371 行.
NOTIC: [8] Undefined variable: url C:\xampp\htdocs\aiston\Application\Runtime\Cache\Admin1\0248c5dcaf8ad8ea744f4e982205df3f.php 第 600 行.
NOTIC: [8] Undefined variable: url C:\xampp\htdocs\aiston\Application\Runtime\Cache\Admin1\0248c5dcaf8ad8ea744f4e982205df3f.php 第 603 行.
INFO: Run Behavior\ParseTemplateBehavior [ RunTime:0.031971s ]
INFO: [ view_parse ] --END-- [ RunTime:0.032041s ]
INFO: [ view_filter ] --START--
INFO: Run Behavior\WriteHtmlCacheBehavior [ RunTime:0.001334s ]
INFO: [ view_filter ] --END-- [ RunTime:0.001394s ]
INFO: [ app_end ] --START--
INFO: Run Behavior\ShowPageTraceBehavior [ RunTime:0.002764s ]
INFO: [ app_end ] --END-- [ RunTime:0.002988s ]

[ 2016-03-12T10:05:19+08:00 ] ::1 /index.php/Admin1/Invest/index
INFO: [ app_init ] --START--
INFO: Run Behavior\BuildLiteBehavior [ RunTime:0.000027s ]
INFO: [ app_init ] --END-- [ RunTime:0.001296s ]
INFO: [ app_begin ] --START--
INFO: Run Behavior\ReadHtmlCacheBehavior [ RunTime:0.001422s ]
INFO: [ app_begin ] --END-- [ RunTime:0.001515s ]
SQL: SHOW COLUMNS FROM `ast_admin1` [ RunTime:0.0038s ]
SQL: SELECT * FROM `ast_admin1`  [ RunTime:0.0003s ]
SQL: SELECT * FROM `ast_admin1` WHERE `admin_id` = 1 LIMIT 1   [ RunTime:0.0003s ]
SQL: SHOW COLUMNS FROM `ast_nav1` [ RunTime:0.0035s ]
SQL: SELECT * FROM `ast_nav1`  [ RunTime:0.0004s ]
SQL: SELECT COUNT(*) AS tp_count FROM `ast_admin1` LIMIT 1   [ RunTime:0.0003s ]
NOTIC: [2] Missing argument 3 for getAdminPage(), called in C:\xampp\htdocs\aiston\Application\Admin1\Controller\CommonController.class.php on line 51 and defined C:\xampp\htdocs\aiston\Application\Common\Common\function.php 第 3 行.
NOTIC: [8] Undefined variable: num C:\xampp\htdocs\aiston\Application\Common\Common\function.php 第 4 行.
SQL: SELECT * FROM `ast_admin1` ORDER BY admin_id LIMIT 0,10   [ RunTime:0.0011s ]
SQL: SHOW COLUMNS FROM `ast_invest1` [ RunTime:0.0036s ]
SQL: SELECT * FROM `ast_invest1`  [ RunTime:0.0004s ]
INFO: [ view_parse ] --START--
INFO: [ template_filter ] --START--
INFO: Run Behavior\ContentReplaceBehavior [ RunTime:0.000825s ]
INFO: [ template_filter ] --END-- [ RunTime:0.000989s ]
NOTIC: [8] Undefined variable: cid C:\xampp\htdocs\aiston\Application\Runtime\Cache\Admin1\0248c5dcaf8ad8ea744f4e982205df3f.php 第 121 行.
NOTIC: [8] Undefined variable: acate C:\xampp\htdocs\aiston\Application\Runtime\Cache\Admin1\0248c5dcaf8ad8ea744f4e982205df3f.php 第 124 行.
NOTIC: [8] Undefined variable: cid C:\xampp\htdocs\aiston\Application\Runtime\Cache\Admin1\0248c5dcaf8ad8ea744f4e982205df3f.php 第 128 行.
NOTIC: [8] Undefined index: art_isshow C:\xampp\htdocs\aiston\Application\Runtime\Cache\Admin1\0248c5dcaf8ad8ea744f4e982205df3f.php 第 149 行.
NOTIC: [8] Undefined index: art_order C:\xampp\htdocs\aiston\Application\Runtime\Cache\Admin1\0248c5dcaf8ad8ea744f4e982205df3f.php 第 153 行.
NOTIC: [8] Undefined index: art_id C:\xampp\htdocs\aiston\Application\Runtime\Cache\Admin1\0248c5dcaf8ad8ea744f4e982205df3f.php 第 153 行.
NOTIC: [8] Undefined index: art_isshow C:\xampp\htdocs\aiston\Application\Runtime\Cache\Admin1\0248c5dcaf8ad8ea744f4e982205df3f.php 第 149 行.
NOTIC: [8] Undefined index: art_order C:\xampp\htdocs\aiston\Application\Runtime\Cache\Admin1\0248c5dcaf8ad8ea744f4e982205df3f.php 第 153 行.
NOTIC: [8] Undefined index: art_id C:\xampp\htdocs\aiston\Application\Runtime\Cache\Admin1\0248c5dcaf8ad8ea744f4e982205df3f.php 第 153 行.
NOTIC: [8] Undefined index: art_isshow C:\xampp\htdocs\aiston\Application\Runtime\Cache\Admin1\0248c5dcaf8ad8ea744f4e982205df3f.php 第 149 行.
NOTIC: [8] Undefined index: art_order C:\xampp\htdocs\aiston\Application\Runtime\Cache\Admin1\0248c5dcaf8ad8ea744f4e982205df3f.php 第 153 行.
NOTIC: [8] Undefined index: art_id C:\xampp\htdocs\aiston\Application\Runtime\Cache\Admin1\0248c5dcaf8ad8ea744f4e982205df3f.php 第 153 行.
NOTIC: [8] Undefined index: art_isshow C:\xampp\htdocs\aiston\Application\Runtime\Cache\Admin1\0248c5dcaf8ad8ea744f4e982205df3f.php 第 149 行.
NOTIC: [8] Undefined index: art_order C:\xampp\htdocs\aiston\Application\Runtime\Cache\Admin1\0248c5dcaf8ad8ea744f4e982205df3f.php 第 153 行.
NOTIC: [8] Undefined index: art_id C:\xampp\htdocs\aiston\Application\Runtime\Cache\Admin1\0248c5dcaf8ad8ea744f4e982205df3f.php 第 153 行.
NOTIC: [8] Undefined index: art_isshow C:\xampp\htdocs\aiston\Application\Runtime\Cache\Admin1\0248c5dcaf8ad8ea744f4e982205df3f.php 第 149 行.
NOTIC: [8] Undefined index: art_order C:\xampp\htdocs\aiston\Application\Runtime\Cache\Admin1\0248c5dcaf8ad8ea744f4e982205df3f.php 第 153 行.
NOTIC: [8] Undefined index: art_id C:\xampp\htdocs\aiston\Application\Runtime\Cache\Admin1\0248c5dcaf8ad8ea744f4e982205df3f.php 第 153 行.
NOTIC: [8] Undefined index: art_isshow C:\xampp\htdocs\aiston\Application\Runtime\Cache\Admin1\0248c5dcaf8ad8ea744f4e982205df3f.php 第 149 行.
NOTIC: [8] Undefined index: art_order C:\xampp\htdocs\aiston\Application\Runtime\Cache\Admin1\0248c5dcaf8ad8ea744f4e982205df3f.php 第 153 行.
NOTIC: [8] Undefined index: art_id C:\xampp\htdocs\aiston\Application\Runtime\Cache\Admin1\0248c5dcaf8ad8ea744f4e982205df3f.php 第 153 行.
NOTIC: [8] Undefined index: art_isshow C:\xampp\htdocs\aiston\Application\Runtime\Cache\Admin1\0248c5dcaf8ad8ea744f4e982205df3f.php 第 149 行.
NOTIC: [8] Undefined index: art_order C:\xampp\htdocs\aiston\Application\Runtime\Cache\Admin1\0248c5dcaf8ad8ea744f4e982205df3f.php 第 153 行.
NOTIC: [8] Undefined index: art_id C:\xampp\htdocs\aiston\Application\Runtime\Cache\Admin1\0248c5dcaf8ad8ea744f4e982205df3f.php 第 153 行.
NOTIC: [8] Undefined index: art_isshow C:\xampp\htdocs\aiston\Application\Runtime\Cache\Admin1\0248c5dcaf8ad8ea744f4e982205df3f.php 第 149 行.
NOTIC: [8] Undefined index: art_order C:\xampp\htdocs\aiston\Application\Runtime\Cache\Admin1\0248c5dcaf8ad8ea744f4e982205df3f.php 第 153 行.
NOTIC: [8] Undefined index: art_id C:\xampp\htdocs\aiston\Application\Runtime\Cache\Admin1\0248c5dcaf8ad8ea744f4e982205df3f.php 第 153 行.
NOTIC: [8] Undefined variable: show C:\xampp\htdocs\aiston\Application\Runtime\Cache\Admin1\0248c5dcaf8ad8ea744f4e982205df3f.php 第 160 行.
NOTIC: [8] Array to string conversion C:\xampp\htdocs\aiston\Application\Runtime\Cache\Admin1\0248c5dcaf8ad8ea744f4e982205df3f.php 第 371 行.
NOTIC: [8] Undefined variable: url C:\xampp\htdocs\aiston\Application\Runtime\Cache\Admin1\0248c5dcaf8ad8ea744f4e982205df3f.php 第 600 行.
NOTIC: [8] Undefined variable: url C:\xampp\htdocs\aiston\Application\Runtime\Cache\Admin1\0248c5dcaf8ad8ea744f4e982205df3f.php 第 603 行.
INFO: Run Behavior\ParseTemplateBehavior [ RunTime:0.033354s ]
INFO: [ view_parse ] --END-- [ RunTime:0.033423s ]
INFO: [ view_filter ] --START--
INFO: Run Behavior\WriteHtmlCacheBehavior [ RunTime:0.001205s ]
INFO: [ view_filter ] --END-- [ RunTime:0.001260s ]
INFO: [ app_end ] --START--
INFO: Run Behavior\ShowPageTraceBehavior [ RunTime:0.002261s ]
INFO: [ app_end ] --END-- [ RunTime:0.002352s ]

[ 2016-03-12T10:13:14+08:00 ] ::1 /index.php/Admin1/Invest/editor/id/1.html
INFO: [ app_init ] --START--
INFO: Run Behavior\BuildLiteBehavior [ RunTime:0.000018s ]
INFO: [ app_init ] --END-- [ RunTime:0.000647s ]
INFO: [ app_begin ] --START--
INFO: Run Behavior\ReadHtmlCacheBehavior [ RunTime:0.001799s ]
INFO: [ app_begin ] --END-- [ RunTime:0.001884s ]
SQL: SHOW COLUMNS FROM `ast_admin1` [ RunTime:0.0037s ]
SQL: SELECT * FROM `ast_admin1`  [ RunTime:0.0004s ]
SQL: SELECT * FROM `ast_admin1` WHERE `admin_id` = 1 LIMIT 1   [ RunTime:0.0004s ]
SQL: SHOW COLUMNS FROM `ast_nav1` [ RunTime:0.0042s ]
SQL: SELECT * FROM `ast_nav1`  [ RunTime:0.0005s ]
SQL: SELECT COUNT(*) AS tp_count FROM `ast_admin1` LIMIT 1   [ RunTime:0.0002s ]
NOTIC: [2] Missing argument 3 for getAdminPage(), called in C:\xampp\htdocs\aiston\Application\Admin1\Controller\CommonController.class.php on line 51 and defined C:\xampp\htdocs\aiston\Application\Common\Common\function.php 第 3 行.
NOTIC: [8] Undefined variable: num C:\xampp\htdocs\aiston\Application\Common\Common\function.php 第 4 行.
SQL: SELECT * FROM `ast_admin1` ORDER BY admin_id LIMIT 0,10   [ RunTime:0.0005s ]
SQL: SHOW COLUMNS FROM `ast_invest1` [ RunTime:0.0046s ]
SQL: SELECT * FROM `ast_invest1` WHERE `i_id` = 1  [ RunTime:0.0004s ]
NOTIC: [8] Undefined index: title C:\xampp\htdocs\aiston\Application\Admin1\Controller\InvestController.class.php 第 64 行.
INFO: [ view_parse ] --START--
INFO: [ template_filter ] --START--
INFO: Run Behavior\ContentReplaceBehavior [ RunTime:0.000540s ]
INFO: [ template_filter ] --END-- [ RunTime:0.000632s ]
NOTIC: [8] Undefined variable: htmlData C:\xampp\htdocs\aiston\Application\Runtime\Cache\Admin1\3d6f7c4b44eba664b59e0eaa3844a844.php 第 146 行.
NOTIC: [8] Array to string conversion C:\xampp\htdocs\aiston\Application\Runtime\Cache\Admin1\3d6f7c4b44eba664b59e0eaa3844a844.php 第 323 行.
NOTIC: [8] Undefined variable: url C:\xampp\htdocs\aiston\Application\Runtime\Cache\Admin1\3d6f7c4b44eba664b59e0eaa3844a844.php 第 552 行.
NOTIC: [8] Undefined variable: url C:\xampp\htdocs\aiston\Application\Runtime\Cache\Admin1\3d6f7c4b44eba664b59e0eaa3844a844.php 第 555 行.
INFO: Run Behavior\ParseTemplateBehavior [ RunTime:0.027267s ]
INFO: [ view_parse ] --END-- [ RunTime:0.027341s ]
INFO: [ view_filter ] --START--
INFO: Run Behavior\WriteHtmlCacheBehavior [ RunTime:0.001360s ]
INFO: [ view_filter ] --END-- [ RunTime:0.001435s ]
INFO: [ app_end ] --START--
INFO: Run Behavior\ShowPageTraceBehavior [ RunTime:0.002126s ]
INFO: [ app_end ] --END-- [ RunTime:0.002248s ]

[ 2016-03-12T10:14:12+08:00 ] ::1 /index.php/Admin1/Article/classification
INFO: [ app_init ] --START--
INFO: Run Behavior\BuildLiteBehavior [ RunTime:0.000026s ]
INFO: [ app_init ] --END-- [ RunTime:0.001012s ]
INFO: [ app_begin ] --START--
INFO: Run Behavior\ReadHtmlCacheBehavior [ RunTime:0.002006s ]
INFO: [ app_begin ] --END-- [ RunTime:0.002100s ]
SQL: SHOW COLUMNS FROM `ast_admin1` [ RunTime:0.0034s ]
SQL: SELECT * FROM `ast_admin1`  [ RunTime:0.0003s ]
SQL: SELECT * FROM `ast_admin1` WHERE `admin_id` = 1 LIMIT 1   [ RunTime:0.0002s ]
SQL: SHOW COLUMNS FROM `ast_nav1` [ RunTime:0.0032s ]
SQL: SELECT * FROM `ast_nav1`  [ RunTime:0.0003s ]
SQL: SELECT COUNT(*) AS tp_count FROM `ast_admin1` LIMIT 1   [ RunTime:0.0001s ]
NOTIC: [2] Missing argument 3 for getAdminPage(), called in C:\xampp\htdocs\aiston\Application\Admin1\Controller\CommonController.class.php on line 51 and defined C:\xampp\htdocs\aiston\Application\Common\Common\function.php 第 3 行.
NOTIC: [8] Undefined variable: num C:\xampp\htdocs\aiston\Application\Common\Common\function.php 第 4 行.
SQL: SELECT * FROM `ast_admin1` ORDER BY admin_id LIMIT 0,10   [ RunTime:0.0003s ]
SQL: SHOW COLUMNS FROM `ast_artcate1` [ RunTime:0.0038s ]
SQL: UPDATE `ast_artcate1` SET `cate_name`='ç»¼åˆæ–°é—»' WHERE `cate_id` = 1 [ RunTime:0.0003s ]
INFO: [ app_end ] --START--
INFO: Run Behavior\ShowPageTraceBehavior [ RunTime:0.001456s ]
INFO: [ app_end ] --END-- [ RunTime:0.001511s ]

[ 2016-03-12T10:14:33+08:00 ] ::1 /index.php/Admin1/Article/sort
INFO: [ app_init ] --START--
INFO: Run Behavior\BuildLiteBehavior [ RunTime:0.000019s ]
INFO: [ app_init ] --END-- [ RunTime:0.000863s ]
INFO: [ app_begin ] --START--
INFO: Run Behavior\ReadHtmlCacheBehavior [ RunTime:0.001803s ]
INFO: [ app_begin ] --END-- [ RunTime:0.001969s ]
SQL: SHOW COLUMNS FROM `ast_admin1` [ RunTime:0.0036s ]
SQL: SELECT * FROM `ast_admin1`  [ RunTime:0.0004s ]
SQL: SELECT * FROM `ast_admin1` WHERE `admin_id` = 1 LIMIT 1   [ RunTime:0.0004s ]
SQL: SHOW COLUMNS FROM `ast_nav1` [ RunTime:0.0043s ]
SQL: SELECT * FROM `ast_nav1`  [ RunTime:0.0007s ]
SQL: SELECT COUNT(*) AS tp_count FROM `ast_admin1` LIMIT 1   [ RunTime:0.0005s ]
NOTIC: [2] Missing argument 3 for getAdminPage(), called in C:\xampp\htdocs\aiston\Application\Admin1\Controller\CommonController.class.php on line 51 and defined C:\xampp\htdocs\aiston\Application\Common\Common\function.php 第 3 行.
NOTIC: [8] Undefined variable: num C:\xampp\htdocs\aiston\Application\Common\Common\function.php 第 4 行.
SQL: SELECT * FROM `ast_admin1` ORDER BY admin_id LIMIT 0,10   [ RunTime:0.0004s ]
SQL: SHOW COLUMNS FROM `ast_artcate1` [ RunTime:0.0038s ]
SQL: SELECT * FROM `ast_artcate1` ORDER BY cate_order ASC  [ RunTime:0.0004s ]
INFO: [ view_parse ] --START--
INFO: [ template_filter ] --START--
INFO: Run Behavior\ContentReplaceBehavior [ RunTime:0.000935s ]
INFO: [ template_filter ] --END-- [ RunTime:0.001015s ]
NOTIC: [8] Undefined index: sid C:\xampp\htdocs\aiston\Application\Runtime\Cache\Admin1\682f2a75517ed1a724a05d72ec8affd5.php 第 136 行.
NOTIC: [8] Undefined index: sid C:\xampp\htdocs\aiston\Application\Runtime\Cache\Admin1\682f2a75517ed1a724a05d72ec8affd5.php 第 136 行.
NOTIC: [8] Undefined index: sid C:\xampp\htdocs\aiston\Application\Runtime\Cache\Admin1\682f2a75517ed1a724a05d72ec8affd5.php 第 136 行.
NOTIC: [8] Undefined index: sid C:\xampp\htdocs\aiston\Application\Runtime\Cache\Admin1\682f2a75517ed1a724a05d72ec8affd5.php 第 136 行.
NOTIC: [8] Undefined index: sid C:\xampp\htdocs\aiston\Application\Runtime\Cache\Admin1\682f2a75517ed1a724a05d72ec8affd5.php 第 136 行.
NOTIC: [8] Array to string conversion C:\xampp\htdocs\aiston\Application\Runtime\Cache\Admin1\682f2a75517ed1a724a05d72ec8affd5.php 第 499 行.
NOTIC: [8] Undefined variable: url C:\xampp\htdocs\aiston\Application\Runtime\Cache\Admin1\682f2a75517ed1a724a05d72ec8affd5.php 第 728 行.
NOTIC: [8] Undefined variable: url C:\xampp\htdocs\aiston\Application\Runtime\Cache\Admin1\682f2a75517ed1a724a05d72ec8affd5.php 第 731 行.
INFO: Run Behavior\ParseTemplateBehavior [ RunTime:0.030750s ]
INFO: [ view_parse ] --END-- [ RunTime:0.030849s ]
INFO: [ view_filter ] --START--
INFO: Run Behavior\WriteHtmlCacheBehavior [ RunTime:0.001123s ]
INFO: [ view_filter ] --END-- [ RunTime:0.001176s ]
INFO: [ app_end ] --START--
INFO: Run Behavior\ShowPageTraceBehavior [ RunTime:0.002631s ]
INFO: [ app_end ] --END-- [ RunTime:0.002722s ]

[ 2016-03-12T10:14:52+08:00 ] ::1 /index.php/Admin1/Article/classification
INFO: [ app_init ] --START--
INFO: Run Behavior\BuildLiteBehavior [ RunTime:0.000036s ]
INFO: [ app_init ] --END-- [ RunTime:0.001348s ]
INFO: [ app_begin ] --START--
INFO: Run Behavior\ReadHtmlCacheBehavior [ RunTime:0.007933s ]
INFO: [ app_begin ] --END-- [ RunTime:0.008169s ]
SQL: SHOW COLUMNS FROM `ast_admin1` [ RunTime:0.0049s ]
SQL: SELECT * FROM `ast_admin1`  [ RunTime:0.0004s ]
SQL: SELECT * FROM `ast_admin1` WHERE `admin_id` = 1 LIMIT 1   [ RunTime:0.0003s ]
SQL: SHOW COLUMNS FROM `ast_nav1` [ RunTime:0.0043s ]
SQL: SELECT * FROM `ast_nav1`  [ RunTime:0.0004s ]
SQL: SELECT COUNT(*) AS tp_count FROM `ast_admin1` LIMIT 1   [ RunTime:0.0002s ]
NOTIC: [2] Missing argument 3 for getAdminPage(), called in C:\xampp\htdocs\aiston\Application\Admin1\Controller\CommonController.class.php on line 51 and defined C:\xampp\htdocs\aiston\Application\Common\Common\function.php 第 3 行.
NOTIC: [8] Undefined variable: num C:\xampp\htdocs\aiston\Application\Common\Common\function.php 第 4 行.
SQL: SELECT * FROM `ast_admin1` ORDER BY admin_id LIMIT 0,10   [ RunTime:0.0004s ]
SQL: SHOW COLUMNS FROM `ast_artcate1` [ RunTime:0.0050s ]
SQL: UPDATE `ast_artcate1` SET `cate_name`='ç»¼åˆæ–°é—»' WHERE `cate_id` = 1 [ RunTime:0.0004s ]
INFO: [ app_end ] --START--
INFO: Run Behavior\ShowPageTraceBehavior [ RunTime:0.001947s ]
INFO: [ app_end ] --END-- [ RunTime:0.002033s ]

[ 2016-03-12T10:14:52+08:00 ] ::1 /index.php/Admin1/Article/classification
INFO: [ app_init ] --START--
INFO: Run Behavior\BuildLiteBehavior [ RunTime:0.000018s ]
INFO: [ app_init ] --END-- [ RunTime:0.000572s ]
INFO: [ app_begin ] --START--
INFO: Run Behavior\ReadHtmlCacheBehavior [ RunTime:0.001079s ]
INFO: [ app_begin ] --END-- [ RunTime:0.001146s ]
SQL: SHOW COLUMNS FROM `ast_admin1` [ RunTime:0.0051s ]
SQL: SELECT * FROM `ast_admin1`  [ RunTime:0.0004s ]
SQL: SELECT * FROM `ast_admin1` WHERE `admin_id` = 1 LIMIT 1   [ RunTime:0.0003s ]
SQL: SHOW COLUMNS FROM `ast_nav1` [ RunTime:0.0035s ]
SQL: SELECT * FROM `ast_nav1`  [ RunTime:0.0004s ]
SQL: SELECT COUNT(*) AS tp_count FROM `ast_admin1` LIMIT 1   [ RunTime:0.0002s ]
NOTIC: [2] Missing argument 3 for getAdminPage(), called in C:\xampp\htdocs\aiston\Application\Admin1\Controller\CommonController.class.php on line 51 and defined C:\xampp\htdocs\aiston\Application\Common\Common\function.php 第 3 行.
NOTIC: [8] Undefined variable: num C:\xampp\htdocs\aiston\Application\Common\Common\function.php 第 4 行.
SQL: SELECT * FROM `ast_admin1` ORDER BY admin_id LIMIT 0,10   [ RunTime:0.0007s ]
SQL: SHOW COLUMNS FROM `ast_artcate1` [ RunTime:0.0036s ]
SQL: UPDATE `ast_artcate1` SET `cate_name`='ç»¼åˆæ–°é—»' WHERE `cate_id` = 1 [ RunTime:0.0004s ]
INFO: [ app_end ] --START--
INFO: Run Behavior\ShowPageTraceBehavior [ RunTime:0.001136s ]
INFO: [ app_end ] --END-- [ RunTime:0.001192s ]

[ 2016-03-12T10:15:09+08:00 ] ::1 /index.php/Admin1/Article/classification
INFO: [ app_init ] --START--
INFO: Run Behavior\BuildLiteBehavior [ RunTime:0.000017s ]
INFO: [ app_init ] --END-- [ RunTime:0.000620s ]
INFO: [ app_begin ] --START--
INFO: Run Behavior\ReadHtmlCacheBehavior [ RunTime:0.001110s ]
INFO: [ app_begin ] --END-- [ RunTime:0.001176s ]
SQL: SHOW COLUMNS FROM `ast_admin1` [ RunTime:0.0061s ]
SQL: SELECT * FROM `ast_admin1`  [ RunTime:0.0003s ]
SQL: SELECT * FROM `ast_admin1` WHERE `admin_id` = 1 LIMIT 1   [ RunTime:0.0002s ]
SQL: SHOW COLUMNS FROM `ast_nav1` [ RunTime:0.0033s ]
SQL: SELECT * FROM `ast_nav1`  [ RunTime:0.0003s ]
SQL: SELECT COUNT(*) AS tp_count FROM `ast_admin1` LIMIT 1   [ RunTime:0.0001s ]
NOTIC: [2] Missing argument 3 for getAdminPage(), called in C:\xampp\htdocs\aiston\Application\Admin1\Controller\CommonController.class.php on line 51 and defined C:\xampp\htdocs\aiston\Application\Common\Common\function.php 第 3 行.
NOTIC: [8] Undefined variable: num C:\xampp\htdocs\aiston\Application\Common\Common\function.php 第 4 行.
SQL: SELECT * FROM `ast_admin1` ORDER BY admin_id LIMIT 0,10   [ RunTime:0.0003s ]
SQL: SHOW COLUMNS FROM `ast_artcate1` [ RunTime:0.0033s ]
SQL: UPDATE `ast_artcate1` SET `cate_name`='ç»¼åˆæ–°é—»' WHERE `cate_id` = 1 [ RunTime:0.0003s ]
INFO: [ app_end ] --START--
INFO: Run Behavior\ShowPageTraceBehavior [ RunTime:0.001340s ]
INFO: [ app_end ] --END-- [ RunTime:0.001471s ]

[ 2016-03-12T10:15:18+08:00 ] ::1 /index.php/Admin1/Article/classification
INFO: [ app_init ] --START--
INFO: Run Behavior\BuildLiteBehavior [ RunTime:0.000019s ]
INFO: [ app_init ] --END-- [ RunTime:0.000945s ]
INFO: [ app_begin ] --START--
INFO: Run Behavior\ReadHtmlCacheBehavior [ RunTime:0.001583s ]
INFO: [ app_begin ] --END-- [ RunTime:0.001645s ]
SQL: SHOW COLUMNS FROM `ast_admin1` [ RunTime:0.0056s ]
SQL: SELECT * FROM `ast_admin1`  [ RunTime:0.0004s ]
SQL: SELECT * FROM `ast_admin1` WHERE `admin_id` = 1 LIMIT 1   [ RunTime:0.0003s ]
SQL: SHOW COLUMNS FROM `ast_nav1` [ RunTime:0.0054s ]
SQL: SELECT * FROM `ast_nav1`  [ RunTime:0.0004s ]
SQL: SELECT COUNT(*) AS tp_count FROM `ast_admin1` LIMIT 1   [ RunTime:0.0002s ]
NOTIC: [2] Missing argument 3 for getAdminPage(), called in C:\xampp\htdocs\aiston\Application\Admin1\Controller\CommonController.class.php on line 51 and defined C:\xampp\htdocs\aiston\Application\Common\Common\function.php 第 3 行.
NOTIC: [8] Undefined variable: num C:\xampp\htdocs\aiston\Application\Common\Common\function.php 第 4 行.
SQL: SELECT * FROM `ast_admin1` ORDER BY admin_id LIMIT 0,10   [ RunTime:0.0005s ]
SQL: SHOW COLUMNS FROM `ast_artcate1` [ RunTime:0.0066s ]
SQL: UPDATE `ast_artcate1` SET `cate_name`='ç»¼åˆæ–°é—»' WHERE `cate_id` = 1 [ RunTime:0.0004s ]
INFO: [ app_end ] --START--
INFO: Run Behavior\ShowPageTraceBehavior [ RunTime:0.001631s ]
INFO: [ app_end ] --END-- [ RunTime:0.001705s ]

[ 2016-03-12T10:15:49+08:00 ] ::1 /index.php/Admin1/Article/classification
INFO: [ app_init ] --START--
INFO: Run Behavior\BuildLiteBehavior [ RunTime:0.000020s ]
INFO: [ app_init ] --END-- [ RunTime:0.000660s ]
INFO: [ app_begin ] --START--
INFO: Run Behavior\ReadHtmlCacheBehavior [ RunTime:0.001413s ]
INFO: [ app_begin ] --END-- [ RunTime:0.001501s ]
SQL: SHOW COLUMNS FROM `ast_admin1` [ RunTime:0.0036s ]
SQL: SELECT * FROM `ast_admin1`  [ RunTime:0.0003s ]
SQL: SELECT * FROM `ast_admin1` WHERE `admin_id` = 1 LIMIT 1   [ RunTime:0.0002s ]
SQL: SHOW COLUMNS FROM `ast_nav1` [ RunTime:0.0035s ]
SQL: SELECT * FROM `ast_nav1`  [ RunTime:0.0003s ]
SQL: SELECT COUNT(*) AS tp_count FROM `ast_admin1` LIMIT 1   [ RunTime:0.0001s ]
NOTIC: [2] Missing argument 3 for getAdminPage(), called in C:\xampp\htdocs\aiston\Application\Admin1\Controller\CommonController.class.php on line 51 and defined C:\xampp\htdocs\aiston\Application\Common\Common\function.php 第 3 行.
NOTIC: [8] Undefined variable: num C:\xampp\htdocs\aiston\Application\Common\Common\function.php 第 4 行.
SQL: SELECT * FROM `ast_admin1` ORDER BY admin_id LIMIT 0,10   [ RunTime:0.0003s ]
SQL: SHOW COLUMNS FROM `ast_artcate1` [ RunTime:0.0034s ]
SQL: UPDATE `ast_artcate1` SET `cate_name`='ç»¼åˆæ–°é—»' WHERE `cate_id` = 1 [ RunTime:0.0004s ]
INFO: [ app_end ] --START--
INFO: Run Behavior\ShowPageTraceBehavior [ RunTime:0.001457s ]
INFO: [ app_end ] --END-- [ RunTime:0.001533s ]

[ 2016-03-12T10:15:52+08:00 ] ::1 /index.php/Admin1/Article/sort
INFO: [ app_init ] --START--
INFO: Run Behavior\BuildLiteBehavior [ RunTime:0.000017s ]
INFO: [ app_init ] --END-- [ RunTime:0.000555s ]
INFO: [ app_begin ] --START--
INFO: Run Behavior\ReadHtmlCacheBehavior [ RunTime:0.001049s ]
INFO: [ app_begin ] --END-- [ RunTime:0.001118s ]
SQL: SHOW COLUMNS FROM `ast_admin1` [ RunTime:0.0040s ]
SQL: SELECT * FROM `ast_admin1`  [ RunTime:0.0004s ]
SQL: SELECT * FROM `ast_admin1` WHERE `admin_id` = 1 LIMIT 1   [ RunTime:0.0003s ]
SQL: SHOW COLUMNS FROM `ast_nav1` [ RunTime:0.0035s ]
SQL: SELECT * FROM `ast_nav1`  [ RunTime:0.0004s ]
SQL: SELECT COUNT(*) AS tp_count FROM `ast_admin1` LIMIT 1   [ RunTime:0.0002s ]
NOTIC: [2] Missing argument 3 for getAdminPage(), called in C:\xampp\htdocs\aiston\Application\Admin1\Controller\CommonController.class.php on line 51 and defined C:\xampp\htdocs\aiston\Application\Common\Common\function.php 第 3 行.
NOTIC: [8] Undefined variable: num C:\xampp\htdocs\aiston\Application\Common\Common\function.php 第 4 行.
SQL: SELECT * FROM `ast_admin1` ORDER BY admin_id LIMIT 0,10   [ RunTime:0.0003s ]
SQL: SHOW COLUMNS FROM `ast_artcate1` [ RunTime:0.0034s ]
SQL: SELECT * FROM `ast_artcate1` ORDER BY cate_order ASC  [ RunTime:0.0004s ]
INFO: [ view_parse ] --START--
INFO: [ template_filter ] --START--
INFO: Run Behavior\ContentReplaceBehavior [ RunTime:0.000720s ]
INFO: [ template_filter ] --END-- [ RunTime:0.000789s ]
NOTIC: [8] Undefined index: sid C:\xampp\htdocs\aiston\Application\Runtime\Cache\Admin1\682f2a75517ed1a724a05d72ec8affd5.php 第 136 行.
NOTIC: [8] Undefined index: sid C:\xampp\htdocs\aiston\Application\Runtime\Cache\Admin1\682f2a75517ed1a724a05d72ec8affd5.php 第 136 行.
NOTIC: [8] Undefined index: sid C:\xampp\htdocs\aiston\Application\Runtime\Cache\Admin1\682f2a75517ed1a724a05d72ec8affd5.php 第 136 行.
NOTIC: [8] Undefined index: sid C:\xampp\htdocs\aiston\Application\Runtime\Cache\Admin1\682f2a75517ed1a724a05d72ec8affd5.php 第 136 行.
NOTIC: [8] Undefined index: sid C:\xampp\htdocs\aiston\Application\Runtime\Cache\Admin1\682f2a75517ed1a724a05d72ec8affd5.php 第 136 行.
NOTIC: [8] Array to string conversion C:\xampp\htdocs\aiston\Application\Runtime\Cache\Admin1\682f2a75517ed1a724a05d72ec8affd5.php 第 499 行.
NOTIC: [8] Undefined variable: url C:\xampp\htdocs\aiston\Application\Runtime\Cache\Admin1\682f2a75517ed1a724a05d72ec8affd5.php 第 728 行.
NOTIC: [8] Undefined variable: url C:\xampp\htdocs\aiston\Application\Runtime\Cache\Admin1\682f2a75517ed1a724a05d72ec8affd5.php 第 731 行.
INFO: Run Behavior\ParseTemplateBehavior [ RunTime:0.029349s ]
INFO: [ view_parse ] --END-- [ RunTime:0.029407s ]
INFO: [ view_filter ] --START--
INFO: Run Behavior\WriteHtmlCacheBehavior [ RunTime:0.000870s ]
INFO: [ view_filter ] --END-- [ RunTime:0.000924s ]
INFO: [ app_end ] --START--
INFO: Run Behavior\ShowPageTraceBehavior [ RunTime:0.002089s ]
INFO: [ app_end ] --END-- [ RunTime:0.002198s ]

[ 2016-03-12T10:18:31+08:00 ] ::1 /index.php/Admin1/Article/classification
INFO: [ app_init ] --START--
INFO: Run Behavior\BuildLiteBehavior [ RunTime:0.000022s ]
INFO: [ app_init ] --END-- [ RunTime:0.000792s ]
INFO: [ app_begin ] --START--
INFO: Run Behavior\ReadHtmlCacheBehavior [ RunTime:0.001310s ]
INFO: [ app_begin ] --END-- [ RunTime:0.001395s ]
SQL: SHOW COLUMNS FROM `ast_admin1` [ RunTime:0.0035s ]
SQL: SELECT * FROM `ast_admin1`  [ RunTime:0.0003s ]
SQL: SELECT * FROM `ast_admin1` WHERE `admin_id` = 1 LIMIT 1   [ RunTime:0.0002s ]
SQL: SHOW COLUMNS FROM `ast_nav1` [ RunTime:0.0032s ]
SQL: SELECT * FROM `ast_nav1`  [ RunTime:0.0003s ]
SQL: SELECT COUNT(*) AS tp_count FROM `ast_admin1` LIMIT 1   [ RunTime:0.0001s ]
NOTIC: [2] Missing argument 3 for getAdminPage(), called in C:\xampp\htdocs\aiston\Application\Admin1\Controller\CommonController.class.php on line 51 and defined C:\xampp\htdocs\aiston\Application\Common\Common\function.php 第 3 行.
NOTIC: [8] Undefined variable: num C:\xampp\htdocs\aiston\Application\Common\Common\function.php 第 4 行.
SQL: SELECT * FROM `ast_admin1` ORDER BY admin_id LIMIT 0,10   [ RunTime:0.0004s ]
SQL: SHOW COLUMNS FROM `ast_artcate1` [ RunTime:0.0033s ]
SQL: UPDATE `ast_artcate1` SET `cate_name`='综合新闻' WHERE `cate_id` = 1 [ RunTime:0.0005s ]
INFO: [ app_end ] --START--
INFO: Run Behavior\ShowPageTraceBehavior [ RunTime:0.001398s ]
INFO: [ app_end ] --END-- [ RunTime:0.001451s ]

[ 2016-03-12T10:18:35+08:00 ] ::1 /index.php/Admin1/Article/classification
INFO: [ app_init ] --START--
INFO: Run Behavior\BuildLiteBehavior [ RunTime:0.000017s ]
INFO: [ app_init ] --END-- [ RunTime:0.000656s ]
INFO: [ app_begin ] --START--
INFO: Run Behavior\ReadHtmlCacheBehavior [ RunTime:0.001927s ]
INFO: [ app_begin ] --END-- [ RunTime:0.002031s ]
SQL: SHOW COLUMNS FROM `ast_admin1` [ RunTime:0.0035s ]
SQL: SELECT * FROM `ast_admin1`  [ RunTime:0.0003s ]
SQL: SELECT * FROM `ast_admin1` WHERE `admin_id` = 1 LIMIT 1   [ RunTime:0.0002s ]
SQL: SHOW COLUMNS FROM `ast_nav1` [ RunTime:0.0033s ]
SQL: SELECT * FROM `ast_nav1`  [ RunTime:0.0003s ]
SQL: SELECT COUNT(*) AS tp_count FROM `ast_admin1` LIMIT 1   [ RunTime:0.0001s ]
NOTIC: [2] Missing argument 3 for getAdminPage(), called in C:\xampp\htdocs\aiston\Application\Admin1\Controller\CommonController.class.php on line 51 and defined C:\xampp\htdocs\aiston\Application\Common\Common\function.php 第 3 行.
NOTIC: [8] Undefined variable: num C:\xampp\htdocs\aiston\Application\Common\Common\function.php 第 4 行.
SQL: SELECT * FROM `ast_admin1` ORDER BY admin_id LIMIT 0,10   [ RunTime:0.0004s ]
SQL: SHOW COLUMNS FROM `ast_artcate1` [ RunTime:0.0049s ]
SQL: UPDATE `ast_artcate1` SET `cate_name`='综合新闻' WHERE `cate_id` = 1 [ RunTime:0.0003s ]
INFO: [ app_end ] --START--
INFO: Run Behavior\ShowPageTraceBehavior [ RunTime:0.001415s ]
INFO: [ app_end ] --END-- [ RunTime:0.001477s ]

[ 2016-03-12T10:18:40+08:00 ] ::1 /index.php/Admin1/Article/classification
INFO: [ app_init ] --START--
INFO: Run Behavior\BuildLiteBehavior [ RunTime:0.000037s ]
INFO: [ app_init ] --END-- [ RunTime:0.002418s ]
INFO: [ app_begin ] --START--
INFO: Run Behavior\ReadHtmlCacheBehavior [ RunTime:0.002167s ]
INFO: [ app_begin ] --END-- [ RunTime:0.002303s ]
SQL: SHOW COLUMNS FROM `ast_admin1` [ RunTime:0.0036s ]
SQL: SELECT * FROM `ast_admin1`  [ RunTime:0.0006s ]
SQL: SELECT * FROM `ast_admin1` WHERE `admin_id` = 1 LIMIT 1   [ RunTime:0.0008s ]
SQL: SHOW COLUMNS FROM `ast_nav1` [ RunTime:0.0046s ]
SQL: SELECT * FROM `ast_nav1`  [ RunTime:0.0004s ]
SQL: SELECT COUNT(*) AS tp_count FROM `ast_admin1` LIMIT 1   [ RunTime:0.0001s ]
NOTIC: [2] Missing argument 3 for getAdminPage(), called in C:\xampp\htdocs\aiston\Application\Admin1\Controller\CommonController.class.php on line 51 and defined C:\xampp\htdocs\aiston\Application\Common\Common\function.php 第 3 行.
NOTIC: [8] Undefined variable: num C:\xampp\htdocs\aiston\Application\Common\Common\function.php 第 4 行.
SQL: SELECT * FROM `ast_admin1` ORDER BY admin_id LIMIT 0,10   [ RunTime:0.0003s ]
SQL: SHOW COLUMNS FROM `ast_artcate1` [ RunTime:0.0035s ]
SQL: UPDATE `ast_artcate1` SET `cate_name`='项目动态' WHERE `cate_id` = 2 [ RunTime:0.0003s ]
INFO: [ app_end ] --START--
INFO: Run Behavior\ShowPageTraceBehavior [ RunTime:0.002050s ]
INFO: [ app_end ] --END-- [ RunTime:0.002139s ]

[ 2016-03-12T10:18:42+08:00 ] ::1 /index.php/Admin1/Article/classification
INFO: [ app_init ] --START--
INFO: Run Behavior\BuildLiteBehavior [ RunTime:0.000016s ]
INFO: [ app_init ] --END-- [ RunTime:0.000643s ]
INFO: [ app_begin ] --START--
INFO: Run Behavior\ReadHtmlCacheBehavior [ RunTime:0.001441s ]
INFO: [ app_begin ] --END-- [ RunTime:0.001606s ]
SQL: SHOW COLUMNS FROM `ast_admin1` [ RunTime:0.0037s ]
SQL: SELECT * FROM `ast_admin1`  [ RunTime:0.0003s ]
SQL: SELECT * FROM `ast_admin1` WHERE `admin_id` = 1 LIMIT 1   [ RunTime:0.0002s ]
SQL: SHOW COLUMNS FROM `ast_nav1` [ RunTime:0.0033s ]
SQL: SELECT * FROM `ast_nav1`  [ RunTime:0.0005s ]
SQL: SELECT COUNT(*) AS tp_count FROM `ast_admin1` LIMIT 1   [ RunTime:0.0002s ]
NOTIC: [2] Missing argument 3 for getAdminPage(), called in C:\xampp\htdocs\aiston\Application\Admin1\Controller\CommonController.class.php on line 51 and defined C:\xampp\htdocs\aiston\Application\Common\Common\function.php 第 3 行.
NOTIC: [8] Undefined variable: num C:\xampp\htdocs\aiston\Application\Common\Common\function.php 第 4 行.
SQL: SELECT * FROM `ast_admin1` ORDER BY admin_id LIMIT 0,10   [ RunTime:0.0004s ]
SQL: SHOW COLUMNS FROM `ast_artcate1` [ RunTime:0.0035s ]
SQL: UPDATE `ast_artcate1` SET `cate_name`='项目动态' WHERE `cate_id` = 2 [ RunTime:0.0003s ]
INFO: [ app_end ] --START--
INFO: Run Behavior\ShowPageTraceBehavior [ RunTime:0.001405s ]
INFO: [ app_end ] --END-- [ RunTime:0.001459s ]

[ 2016-03-12T10:18:43+08:00 ] ::1 /index.php/Admin1/Article/classification
INFO: [ app_init ] --START--
INFO: Run Behavior\BuildLiteBehavior [ RunTime:0.000018s ]
INFO: [ app_init ] --END-- [ RunTime:0.000652s ]
INFO: [ app_begin ] --START--
INFO: Run Behavior\ReadHtmlCacheBehavior [ RunTime:0.001263s ]
INFO: [ app_begin ] --END-- [ RunTime:0.001327s ]
SQL: SHOW COLUMNS FROM `ast_admin1` [ RunTime:0.0036s ]
SQL: SELECT * FROM `ast_admin1`  [ RunTime:0.0003s ]
SQL: SELECT * FROM `ast_admin1` WHERE `admin_id` = 1 LIMIT 1   [ RunTime:0.0002s ]
SQL: SHOW COLUMNS FROM `ast_nav1` [ RunTime:0.0037s ]
SQL: SELECT * FROM `ast_nav1`  [ RunTime:0.0003s ]
SQL: SELECT COUNT(*) AS tp_count FROM `ast_admin1` LIMIT 1   [ RunTime:0.0002s ]
NOTIC: [2] Missing argument 3 for getAdminPage(), called in C:\xampp\htdocs\aiston\Application\Admin1\Controller\CommonController.class.php on line 51 and defined C:\xampp\htdocs\aiston\Application\Common\Common\function.php 第 3 行.
NOTIC: [8] Undefined variable: num C:\xampp\htdocs\aiston\Application\Common\Common\function.php 第 4 行.
SQL: SELECT * FROM `ast_admin1` ORDER BY admin_id LIMIT 0,10   [ RunTime:0.0004s ]
SQL: SHOW COLUMNS FROM `ast_artcate1` [ RunTime:0.0034s ]
SQL: UPDATE `ast_artcate1` SET `cate_name`='项目动态' WHERE `cate_id` = 2 [ RunTime:0.0003s ]
INFO: [ app_end ] --START--
INFO: Run Behavior\ShowPageTraceBehavior [ RunTime:0.001382s ]
INFO: [ app_end ] --END-- [ RunTime:0.001435s ]

[ 2016-03-12T10:18:45+08:00 ] ::1 /index.php/Admin1/Article/classification
INFO: [ app_init ] --START--
INFO: Run Behavior\BuildLiteBehavior [ RunTime:0.000061s ]
INFO: [ app_init ] --END-- [ RunTime:0.001877s ]
INFO: [ app_begin ] --START--
INFO: Run Behavior\ReadHtmlCacheBehavior [ RunTime:0.002925s ]
INFO: [ app_begin ] --END-- [ RunTime:0.003384s ]
SQL: SHOW COLUMNS FROM `ast_admin1` [ RunTime:0.0035s ]
SQL: SELECT * FROM `ast_admin1`  [ RunTime:0.0003s ]
SQL: SELECT * FROM `ast_admin1` WHERE `admin_id` = 1 LIMIT 1   [ RunTime:0.0004s ]
SQL: SHOW COLUMNS FROM `ast_nav1` [ RunTime:0.0040s ]
SQL: SELECT * FROM `ast_nav1`  [ RunTime:0.0004s ]
SQL: SELECT COUNT(*) AS tp_count FROM `ast_admin1` LIMIT 1   [ RunTime:0.0002s ]
NOTIC: [2] Missing argument 3 for getAdminPage(), called in C:\xampp\htdocs\aiston\Application\Admin1\Controller\CommonController.class.php on line 51 and defined C:\xampp\htdocs\aiston\Application\Common\Common\function.php 第 3 行.
NOTIC: [8] Undefined variable: num C:\xampp\htdocs\aiston\Application\Common\Common\function.php 第 4 行.
SQL: SELECT * FROM `ast_admin1` ORDER BY admin_id LIMIT 0,10   [ RunTime:0.0008s ]
SQL: SHOW COLUMNS FROM `ast_artcate1` [ RunTime:0.0043s ]
SQL: UPDATE `ast_artcate1` SET `cate_name`='行业动态' WHERE `cate_id` = 3 [ RunTime:0.0003s ]
INFO: [ app_end ] --START--
INFO: Run Behavior\ShowPageTraceBehavior [ RunTime:0.001435s ]
INFO: [ app_end ] --END-- [ RunTime:0.001494s ]

[ 2016-03-12T10:18:47+08:00 ] ::1 /index.php/Admin1/Article/classification
INFO: [ app_init ] --START--
INFO: Run Behavior\BuildLiteBehavior [ RunTime:0.000028s ]
INFO: [ app_init ] --END-- [ RunTime:0.001021s ]
INFO: [ app_begin ] --START--
INFO: Run Behavior\ReadHtmlCacheBehavior [ RunTime:0.001371s ]
INFO: [ app_begin ] --END-- [ RunTime:0.001444s ]
SQL: SHOW COLUMNS FROM `ast_admin1` [ RunTime:0.0036s ]
SQL: SELECT * FROM `ast_admin1`  [ RunTime:0.0003s ]
SQL: SELECT * FROM `ast_admin1` WHERE `admin_id` = 1 LIMIT 1   [ RunTime:0.0002s ]
SQL: SHOW COLUMNS FROM `ast_nav1` [ RunTime:0.0033s ]
SQL: SELECT * FROM `ast_nav1`  [ RunTime:0.0003s ]
SQL: SELECT COUNT(*) AS tp_count FROM `ast_admin1` LIMIT 1   [ RunTime:0.0001s ]
NOTIC: [2] Missing argument 3 for getAdminPage(), called in C:\xampp\htdocs\aiston\Application\Admin1\Controller\CommonController.class.php on line 51 and defined C:\xampp\htdocs\aiston\Application\Common\Common\function.php 第 3 行.
NOTIC: [8] Undefined variable: num C:\xampp\htdocs\aiston\Application\Common\Common\function.php 第 4 行.
SQL: SELECT * FROM `ast_admin1` ORDER BY admin_id LIMIT 0,10   [ RunTime:0.0004s ]
SQL: SHOW COLUMNS FROM `ast_artcate1` [ RunTime:0.0035s ]
SQL: UPDATE `ast_artcate1` SET `cate_name`='行业动态' WHERE `cate_id` = 3 [ RunTime:0.0003s ]
INFO: [ app_end ] --START--
INFO: Run Behavior\ShowPageTraceBehavior [ RunTime:0.001386s ]
INFO: [ app_end ] --END-- [ RunTime:0.001439s ]

[ 2016-03-12T10:18:49+08:00 ] ::1 /index.php/Admin1/Article/classification
INFO: [ app_init ] --START--
INFO: Run Behavior\BuildLiteBehavior [ RunTime:0.000024s ]
INFO: [ app_init ] --END-- [ RunTime:0.000940s ]
INFO: [ app_begin ] --START--
INFO: Run Behavior\ReadHtmlCacheBehavior [ RunTime:0.001621s ]
INFO: [ app_begin ] --END-- [ RunTime:0.001733s ]
SQL: SHOW COLUMNS FROM `ast_admin1` [ RunTime:0.0037s ]
SQL: SELECT * FROM `ast_admin1`  [ RunTime:0.0003s ]
SQL: SELECT * FROM `ast_admin1` WHERE `admin_id` = 1 LIMIT 1   [ RunTime:0.0003s ]
SQL: SHOW COLUMNS FROM `ast_nav1` [ RunTime:0.0034s ]
SQL: SELECT * FROM `ast_nav1`  [ RunTime:0.0004s ]
SQL: SELECT COUNT(*) AS tp_count FROM `ast_admin1` LIMIT 1   [ RunTime:0.0002s ]
NOTIC: [2] Missing argument 3 for getAdminPage(), called in C:\xampp\htdocs\aiston\Application\Admin1\Controller\CommonController.class.php on line 51 and defined C:\xampp\htdocs\aiston\Application\Common\Common\function.php 第 3 行.
NOTIC: [8] Undefined variable: num C:\xampp\htdocs\aiston\Application\Common\Common\function.php 第 4 行.
SQL: SELECT * FROM `ast_admin1` ORDER BY admin_id LIMIT 0,10   [ RunTime:0.0004s ]
SQL: SHOW COLUMNS FROM `ast_artcate1` [ RunTime:0.0035s ]
SQL: UPDATE `ast_artcate1` SET `cate_name`='行业动态' WHERE `cate_id` = 3 [ RunTime:0.0003s ]
INFO: [ app_end ] --START--
INFO: Run Behavior\ShowPageTraceBehavior [ RunTime:0.001444s ]
INFO: [ app_end ] --END-- [ RunTime:0.001499s ]

[ 2016-03-12T10:18:50+08:00 ] ::1 /index.php/Admin1/Article/classification
INFO: [ app_init ] --START--
INFO: Run Behavior\BuildLiteBehavior [ RunTime:0.000028s ]
INFO: [ app_init ] --END-- [ RunTime:0.001095s ]
INFO: [ app_begin ] --START--
INFO: Run Behavior\ReadHtmlCacheBehavior [ RunTime:0.002251s ]
INFO: [ app_begin ] --END-- [ RunTime:0.002361s ]
SQL: SHOW COLUMNS FROM `ast_admin1` [ RunTime:0.0055s ]
SQL: SELECT * FROM `ast_admin1`  [ RunTime:0.0003s ]
SQL: SELECT * FROM `ast_admin1` WHERE `admin_id` = 1 LIMIT 1   [ RunTime:0.0003s ]
SQL: SHOW COLUMNS FROM `ast_nav1` [ RunTime:0.0048s ]
SQL: SELECT * FROM `ast_nav1`  [ RunTime:0.0005s ]
SQL: SELECT COUNT(*) AS tp_count FROM `ast_admin1` LIMIT 1   [ RunTime:0.0003s ]
NOTIC: [2] Missing argument 3 for getAdminPage(), called in C:\xampp\htdocs\aiston\Application\Admin1\Controller\CommonController.class.php on line 51 and defined C:\xampp\htdocs\aiston\Application\Common\Common\function.php 第 3 行.
NOTIC: [8] Undefined variable: num C:\xampp\htdocs\aiston\Application\Common\Common\function.php 第 4 行.
SQL: SELECT * FROM `ast_admin1` ORDER BY admin_id LIMIT 0,10   [ RunTime:0.0010s ]
SQL: SHOW COLUMNS FROM `ast_artcate1` [ RunTime:0.0046s ]
SQL: UPDATE `ast_artcate1` SET `cate_name`='推荐信息' WHERE `cate_id` = 4 [ RunTime:0.0004s ]
INFO: [ app_end ] --START--
INFO: Run Behavior\ShowPageTraceBehavior [ RunTime:0.001695s ]
INFO: [ app_end ] --END-- [ RunTime:0.001751s ]

[ 2016-03-12T10:18:52+08:00 ] ::1 /index.php/Admin1/Article/classification
INFO: [ app_init ] --START--
INFO: Run Behavior\BuildLiteBehavior [ RunTime:0.000019s ]
INFO: [ app_init ] --END-- [ RunTime:0.000715s ]
INFO: [ app_begin ] --START--
INFO: Run Behavior\ReadHtmlCacheBehavior [ RunTime:0.001376s ]
INFO: [ app_begin ] --END-- [ RunTime:0.001441s ]
SQL: SHOW COLUMNS FROM `ast_admin1` [ RunTime:0.0039s ]
SQL: SELECT * FROM `ast_admin1`  [ RunTime:0.0003s ]
SQL: SELECT * FROM `ast_admin1` WHERE `admin_id` = 1 LIMIT 1   [ RunTime:0.0002s ]
SQL: SHOW COLUMNS FROM `ast_nav1` [ RunTime:0.0034s ]
SQL: SELECT * FROM `ast_nav1`  [ RunTime:0.0003s ]
SQL: SELECT COUNT(*) AS tp_count FROM `ast_admin1` LIMIT 1   [ RunTime:0.0001s ]
NOTIC: [2] Missing argument 3 for getAdminPage(), called in C:\xampp\htdocs\aiston\Application\Admin1\Controller\CommonController.class.php on line 51 and defined C:\xampp\htdocs\aiston\Application\Common\Common\function.php 第 3 行.
NOTIC: [8] Undefined variable: num C:\xampp\htdocs\aiston\Application\Common\Common\function.php 第 4 行.
SQL: SELECT * FROM `ast_admin1` ORDER BY admin_id LIMIT 0,10   [ RunTime:0.0003s ]
SQL: SHOW COLUMNS FROM `ast_artcate1` [ RunTime:0.0033s ]
SQL: UPDATE `ast_artcate1` SET `cate_name`='推荐信息' WHERE `cate_id` = 4 [ RunTime:0.0003s ]
INFO: [ app_end ] --START--
INFO: Run Behavior\ShowPageTraceBehavior [ RunTime:0.001381s ]
INFO: [ app_end ] --END-- [ RunTime:0.001435s ]

[ 2016-03-12T10:18:54+08:00 ] ::1 /index.php/Admin1/Article/classification
INFO: [ app_init ] --START--
INFO: Run Behavior\BuildLiteBehavior [ RunTime:0.000017s ]
INFO: [ app_init ] --END-- [ RunTime:0.000634s ]
INFO: [ app_begin ] --START--
INFO: Run Behavior\ReadHtmlCacheBehavior [ RunTime:0.001480s ]
INFO: [ app_begin ] --END-- [ RunTime:0.001550s ]
SQL: SHOW COLUMNS FROM `ast_admin1` [ RunTime:0.0035s ]
SQL: SELECT * FROM `ast_admin1`  [ RunTime:0.0004s ]
SQL: SELECT * FROM `ast_admin1` WHERE `admin_id` = 1 LIMIT 1   [ RunTime:0.0003s ]
SQL: SHOW COLUMNS FROM `ast_nav1` [ RunTime:0.0036s ]
SQL: SELECT * FROM `ast_nav1`  [ RunTime:0.0005s ]
SQL: SELECT COUNT(*) AS tp_count FROM `ast_admin1` LIMIT 1   [ RunTime:0.0002s ]
NOTIC: [2] Missing argument 3 for getAdminPage(), called in C:\xampp\htdocs\aiston\Application\Admin1\Controller\CommonController.class.php on line 51 and defined C:\xampp\htdocs\aiston\Application\Common\Common\function.php 第 3 行.
NOTIC: [8] Undefined variable: num C:\xampp\htdocs\aiston\Application\Common\Common\function.php 第 4 行.
SQL: SELECT * FROM `ast_admin1` ORDER BY admin_id LIMIT 0,10   [ RunTime:0.0004s ]
SQL: SHOW COLUMNS FROM `ast_artcate1` [ RunTime:0.0037s ]
SQL: UPDATE `ast_artcate1` SET `cate_name`='推荐信息' WHERE `cate_id` = 4 [ RunTime:0.0003s ]
INFO: [ app_end ] --START--
INFO: Run Behavior\ShowPageTraceBehavior [ RunTime:0.001422s ]
INFO: [ app_end ] --END-- [ RunTime:0.001484s ]

[ 2016-03-12T10:18:55+08:00 ] ::1 /index.php/Admin1/Article/classification
INFO: [ app_init ] --START--
INFO: Run Behavior\BuildLiteBehavior [ RunTime:0.000019s ]
INFO: [ app_init ] --END-- [ RunTime:0.000784s ]
INFO: [ app_begin ] --START--
INFO: Run Behavior\ReadHtmlCacheBehavior [ RunTime:0.002758s ]
INFO: [ app_begin ] --END-- [ RunTime:0.002906s ]
SQL: SHOW COLUMNS FROM `ast_admin1` [ RunTime:0.0038s ]
SQL: SELECT * FROM `ast_admin1`  [ RunTime:0.0003s ]
SQL: SELECT * FROM `ast_admin1` WHERE `admin_id` = 1 LIMIT 1   [ RunTime:0.0003s ]
SQL: SHOW COLUMNS FROM `ast_nav1` [ RunTime:0.0048s ]
SQL: SELECT * FROM `ast_nav1`  [ RunTime:0.0006s ]
SQL: SELECT COUNT(*) AS tp_count FROM `ast_admin1` LIMIT 1   [ RunTime:0.0003s ]
NOTIC: [2] Missing argument 3 for getAdminPage(), called in C:\xampp\htdocs\aiston\Application\Admin1\Controller\CommonController.class.php on line 51 and defined C:\xampp\htdocs\aiston\Application\Common\Common\function.php 第 3 行.
NOTIC: [8] Undefined variable: num C:\xampp\htdocs\aiston\Application\Common\Common\function.php 第 4 行.
SQL: SELECT * FROM `ast_admin1` ORDER BY admin_id LIMIT 0,10   [ RunTime:0.0004s ]
SQL: SHOW COLUMNS FROM `ast_artcate1` [ RunTime:0.0036s ]
SQL: UPDATE `ast_artcate1` SET `cate_name`='服务介绍' WHERE `cate_id` = 5 [ RunTime:0.0003s ]
INFO: [ app_end ] --START--
INFO: Run Behavior\ShowPageTraceBehavior [ RunTime:0.001429s ]
INFO: [ app_end ] --END-- [ RunTime:0.001483s ]

[ 2016-03-12T10:18:58+08:00 ] ::1 /index.php/Admin1/Article/classification
INFO: [ app_init ] --START--
INFO: Run Behavior\BuildLiteBehavior [ RunTime:0.000023s ]
INFO: [ app_init ] --END-- [ RunTime:0.001177s ]
INFO: [ app_begin ] --START--
INFO: Run Behavior\ReadHtmlCacheBehavior [ RunTime:0.001286s ]
INFO: [ app_begin ] --END-- [ RunTime:0.001349s ]
SQL: SHOW COLUMNS FROM `ast_admin1` [ RunTime:0.0036s ]
SQL: SELECT * FROM `ast_admin1`  [ RunTime:0.0003s ]
SQL: SELECT * FROM `ast_admin1` WHERE `admin_id` = 1 LIMIT 1   [ RunTime:0.0003s ]
SQL: SHOW COLUMNS FROM `ast_nav1` [ RunTime:0.0034s ]
SQL: SELECT * FROM `ast_nav1`  [ RunTime:0.0004s ]
SQL: SELECT COUNT(*) AS tp_count FROM `ast_admin1` LIMIT 1   [ RunTime:0.0002s ]
NOTIC: [2] Missing argument 3 for getAdminPage(), called in C:\xampp\htdocs\aiston\Application\Admin1\Controller\CommonController.class.php on line 51 and defined C:\xampp\htdocs\aiston\Application\Common\Common\function.php 第 3 行.
NOTIC: [8] Undefined variable: num C:\xampp\htdocs\aiston\Application\Common\Common\function.php 第 4 行.
SQL: SELECT * FROM `ast_admin1` ORDER BY admin_id LIMIT 0,10   [ RunTime:0.0004s ]
SQL: SHOW COLUMNS FROM `ast_artcate1` [ RunTime:0.0037s ]
SQL: UPDATE `ast_artcate1` SET `cate_name`='服务介绍' WHERE `cate_id` = 5 [ RunTime:0.0003s ]
INFO: [ app_end ] --START--
INFO: Run Behavior\ShowPageTraceBehavior [ RunTime:0.001418s ]
INFO: [ app_end ] --END-- [ RunTime:0.001482s ]

[ 2016-03-12T10:19:06+08:00 ] ::1 /index.php/Admin1/Article/classification
INFO: [ app_init ] --START--
INFO: Run Behavior\BuildLiteBehavior [ RunTime:0.000024s ]
INFO: [ app_init ] --END-- [ RunTime:0.000884s ]
INFO: [ app_begin ] --START--
INFO: Run Behavior\ReadHtmlCacheBehavior [ RunTime:0.001422s ]
INFO: [ app_begin ] --END-- [ RunTime:0.001509s ]
SQL: SHOW COLUMNS FROM `ast_admin1` [ RunTime:0.0036s ]
SQL: SELECT * FROM `ast_admin1`  [ RunTime:0.0003s ]
SQL: SELECT * FROM `ast_admin1` WHERE `admin_id` = 1 LIMIT 1   [ RunTime:0.0003s ]
SQL: SHOW COLUMNS FROM `ast_nav1` [ RunTime:0.0036s ]
SQL: SELECT * FROM `ast_nav1`  [ RunTime:0.0004s ]
SQL: SELECT COUNT(*) AS tp_count FROM `ast_admin1` LIMIT 1   [ RunTime:0.0002s ]
NOTIC: [2] Missing argument 3 for getAdminPage(), called in C:\xampp\htdocs\aiston\Application\Admin1\Controller\CommonController.class.php on line 51 and defined C:\xampp\htdocs\aiston\Application\Common\Common\function.php 第 3 行.
NOTIC: [8] Undefined variable: num C:\xampp\htdocs\aiston\Application\Common\Common\function.php 第 4 行.
SQL: SELECT * FROM `ast_admin1` ORDER BY admin_id LIMIT 0,10   [ RunTime:0.0003s ]
SQL: SHOW COLUMNS FROM `ast_artcate1` [ RunTime:0.0034s ]
SQL: UPDATE `ast_artcate1` SET `cate_name`='ç»¼åˆæ–°é—»' WHERE `cate_id` = 1 [ RunTime:0.0004s ]
INFO: [ app_end ] --START--
INFO: Run Behavior\ShowPageTraceBehavior [ RunTime:0.001684s ]
INFO: [ app_end ] --END-- [ RunTime:0.001758s ]

[ 2016-03-12T10:19:32+08:00 ] ::1 /index.php/Admin1/Article/classification
INFO: [ app_init ] --START--
INFO: Run Behavior\BuildLiteBehavior [ RunTime:0.000019s ]
INFO: [ app_init ] --END-- [ RunTime:0.000660s ]
INFO: [ app_begin ] --START--
INFO: Run Behavior\ReadHtmlCacheBehavior [ RunTime:0.001988s ]
INFO: [ app_begin ] --END-- [ RunTime:0.002083s ]
SQL: SHOW COLUMNS FROM `ast_admin1` [ RunTime:0.0035s ]
SQL: SELECT * FROM `ast_admin1`  [ RunTime:0.0003s ]
SQL: SELECT * FROM `ast_admin1` WHERE `admin_id` = 1 LIMIT 1   [ RunTime:0.0002s ]
SQL: SHOW COLUMNS FROM `ast_nav1` [ RunTime:0.0038s ]
SQL: SELECT * FROM `ast_nav1`  [ RunTime:0.0011s ]
SQL: SELECT COUNT(*) AS tp_count FROM `ast_admin1` LIMIT 1   [ RunTime:0.0003s ]
NOTIC: [2] Missing argument 3 for getAdminPage(), called in C:\xampp\htdocs\aiston\Application\Admin1\Controller\CommonController.class.php on line 51 and defined C:\xampp\htdocs\aiston\Application\Common\Common\function.php 第 3 行.
NOTIC: [8] Undefined variable: num C:\xampp\htdocs\aiston\Application\Common\Common\function.php 第 4 行.
SQL: SELECT * FROM `ast_admin1` ORDER BY admin_id LIMIT 0,10   [ RunTime:0.0004s ]
SQL: SHOW COLUMNS FROM `ast_artcate1` [ RunTime:0.0052s ]
SQL: UPDATE `ast_artcate1` SET `cate_name`='服务介绍' WHERE `cate_id` = 5 [ RunTime:0.0003s ]
INFO: [ app_end ] --START--
INFO: Run Behavior\ShowPageTraceBehavior [ RunTime:0.001462s ]
INFO: [ app_end ] --END-- [ RunTime:0.001516s ]

[ 2016-03-12T10:19:45+08:00 ] ::1 /index.php/Admin1/Article/classification
INFO: [ app_init ] --START--
INFO: Run Behavior\BuildLiteBehavior [ RunTime:0.000017s ]
INFO: [ app_init ] --END-- [ RunTime:0.000675s ]
INFO: [ app_begin ] --START--
INFO: Run Behavior\ReadHtmlCacheBehavior [ RunTime:0.002109s ]
INFO: [ app_begin ] --END-- [ RunTime:0.002225s ]
SQL: SHOW COLUMNS FROM `ast_admin1` [ RunTime:0.0036s ]
SQL: SELECT * FROM `ast_admin1`  [ RunTime:0.0003s ]
SQL: SELECT * FROM `ast_admin1` WHERE `admin_id` = 1 LIMIT 1   [ RunTime:0.0002s ]
SQL: SHOW COLUMNS FROM `ast_nav1` [ RunTime:0.0035s ]
SQL: SELECT * FROM `ast_nav1`  [ RunTime:0.0003s ]
SQL: SELECT COUNT(*) AS tp_count FROM `ast_admin1` LIMIT 1   [ RunTime:0.0001s ]
NOTIC: [2] Missing argument 3 for getAdminPage(), called in C:\xampp\htdocs\aiston\Application\Admin1\Controller\CommonController.class.php on line 51 and defined C:\xampp\htdocs\aiston\Application\Common\Common\function.php 第 3 行.
NOTIC: [8] Undefined variable: num C:\xampp\htdocs\aiston\Application\Common\Common\function.php 第 4 行.
SQL: SELECT * FROM `ast_admin1` ORDER BY admin_id LIMIT 0,10   [ RunTime:0.0003s ]
SQL: SHOW COLUMNS FROM `ast_artcate1` [ RunTime:0.0033s ]
SQL: UPDATE `ast_artcate1` SET `cate_name`='服务介绍' WHERE `cate_id` = 5 [ RunTime:0.0003s ]
INFO: [ app_end ] --START--
INFO: Run Behavior\ShowPageTraceBehavior [ RunTime:0.001488s ]
INFO: [ app_end ] --END-- [ RunTime:0.001544s ]

[ 2016-03-12T10:19:47+08:00 ] ::1 /index.php/Admin1/Article/classification
INFO: [ app_init ] --START--
INFO: Run Behavior\BuildLiteBehavior [ RunTime:0.000038s ]
INFO: [ app_init ] --END-- [ RunTime:0.002145s ]
INFO: [ app_begin ] --START--
INFO: Run Behavior\ReadHtmlCacheBehavior [ RunTime:0.002417s ]
INFO: [ app_begin ] --END-- [ RunTime:0.002546s ]
SQL: SHOW COLUMNS FROM `ast_admin1` [ RunTime:0.0052s ]
SQL: SELECT * FROM `ast_admin1`  [ RunTime:0.0003s ]
SQL: SELECT * FROM `ast_admin1` WHERE `admin_id` = 1 LIMIT 1   [ RunTime:0.0003s ]
SQL: SHOW COLUMNS FROM `ast_nav1` [ RunTime:0.0043s ]
SQL: SELECT * FROM `ast_nav1`  [ RunTime:0.0004s ]
SQL: SELECT COUNT(*) AS tp_count FROM `ast_admin1` LIMIT 1   [ RunTime:0.0002s ]
NOTIC: [2] Missing argument 3 for getAdminPage(), called in C:\xampp\htdocs\aiston\Application\Admin1\Controller\CommonController.class.php on line 51 and defined C:\xampp\htdocs\aiston\Application\Common\Common\function.php 第 3 行.
NOTIC: [8] Undefined variable: num C:\xampp\htdocs\aiston\Application\Common\Common\function.php 第 4 行.
SQL: SELECT * FROM `ast_admin1` ORDER BY admin_id LIMIT 0,10   [ RunTime:0.0004s ]
SQL: SHOW COLUMNS FROM `ast_artcate1` [ RunTime:0.0034s ]
SQL: UPDATE `ast_artcate1` SET `cate_name`='综合新闻' WHERE `cate_id` = 1 [ RunTime:0.0004s ]
INFO: [ app_end ] --START--
INFO: Run Behavior\ShowPageTraceBehavior [ RunTime:0.001462s ]
INFO: [ app_end ] --END-- [ RunTime:0.001518s ]

[ 2016-03-12T10:32:40+08:00 ] ::1 /index.php/Admin1/Article/classification
INFO: [ app_init ] --START--
INFO: Run Behavior\BuildLiteBehavior [ RunTime:0.000018s ]
INFO: [ app_init ] --END-- [ RunTime:0.000692s ]
INFO: [ app_begin ] --START--
INFO: Run Behavior\ReadHtmlCacheBehavior [ RunTime:0.001720s ]
INFO: [ app_begin ] --END-- [ RunTime:0.001875s ]
SQL: SHOW COLUMNS FROM `ast_admin1` [ RunTime:0.0044s ]
SQL: SELECT * FROM `ast_admin1`  [ RunTime:0.0005s ]
SQL: SELECT * FROM `ast_admin1` WHERE `admin_id` = 1 LIMIT 1   [ RunTime:0.0006s ]
SQL: SHOW COLUMNS FROM `ast_nav1` [ RunTime:0.0047s ]
SQL: SELECT * FROM `ast_nav1`  [ RunTime:0.0003s ]
SQL: SELECT COUNT(*) AS tp_count FROM `ast_admin1` LIMIT 1   [ RunTime:0.0001s ]
NOTIC: [2] Missing argument 3 for getAdminPage(), called in C:\xampp\htdocs\aiston\Application\Admin1\Controller\CommonController.class.php on line 51 and defined C:\xampp\htdocs\aiston\Application\Common\Common\function.php 第 3 行.
NOTIC: [8] Undefined variable: num C:\xampp\htdocs\aiston\Application\Common\Common\function.php 第 4 行.
SQL: SELECT * FROM `ast_admin1` ORDER BY admin_id LIMIT 0,10   [ RunTime:0.0003s ]
SQL: SHOW COLUMNS FROM `ast_artcate1` [ RunTime:0.0034s ]
SQL: UPDATE `ast_artcate1` SET `cate_name`='综合新闻' WHERE `cate_id` = 1 [ RunTime:0.0003s ]
INFO: [ app_end ] --START--
INFO: Run Behavior\ShowPageTraceBehavior [ RunTime:0.001494s ]
INFO: [ app_end ] --END-- [ RunTime:0.001548s ]

[ 2016-03-12T10:34:08+08:00 ] ::1 /index.php/Admin1/Article/classification
INFO: [ app_init ] --START--
INFO: Run Behavior\BuildLiteBehavior [ RunTime:0.000018s ]
INFO: [ app_init ] --END-- [ RunTime:0.000622s ]
INFO: [ app_begin ] --START--
INFO: Run Behavior\ReadHtmlCacheBehavior [ RunTime:0.001689s ]
INFO: [ app_begin ] --END-- [ RunTime:0.001833s ]
SQL: SHOW COLUMNS FROM `ast_admin1` [ RunTime:0.0043s ]
SQL: SELECT * FROM `ast_admin1`  [ RunTime:0.0003s ]
SQL: SELECT * FROM `ast_admin1` WHERE `admin_id` = 1 LIMIT 1   [ RunTime:0.0002s ]
SQL: SHOW COLUMNS FROM `ast_nav1` [ RunTime:0.0034s ]
SQL: SELECT * FROM `ast_nav1`  [ RunTime:0.0004s ]
SQL: SELECT COUNT(*) AS tp_count FROM `ast_admin1` LIMIT 1   [ RunTime:0.0006s ]
NOTIC: [2] Missing argument 3 for getAdminPage(), called in C:\xampp\htdocs\aiston\Application\Admin1\Controller\CommonController.class.php on line 51 and defined C:\xampp\htdocs\aiston\Application\Common\Common\function.php 第 3 行.
NOTIC: [8] Undefined variable: num C:\xampp\htdocs\aiston\Application\Common\Common\function.php 第 4 行.
SQL: SELECT * FROM `ast_admin1` ORDER BY admin_id LIMIT 0,10   [ RunTime:0.0005s ]
SQL: SHOW COLUMNS FROM `ast_artcate1` [ RunTime:0.0051s ]
SQL: UPDATE `ast_artcate1` SET `cate_name`='综合新闻' WHERE `cate_id` = 1 [ RunTime:0.0003s ]
INFO: [ app_end ] --START--
INFO: Run Behavior\ShowPageTraceBehavior [ RunTime:0.001314s ]
INFO: [ app_end ] --END-- [ RunTime:0.001373s ]

[ 2016-03-12T10:34:11+08:00 ] ::1 /index.php/Admin1/Article/classification
INFO: [ app_init ] --START--
INFO: Run Behavior\BuildLiteBehavior [ RunTime:0.000019s ]
INFO: [ app_init ] --END-- [ RunTime:0.000983s ]
INFO: [ app_begin ] --START--
INFO: Run Behavior\ReadHtmlCacheBehavior [ RunTime:0.002396s ]
INFO: [ app_begin ] --END-- [ RunTime:0.002515s ]
SQL: SHOW COLUMNS FROM `ast_admin1` [ RunTime:0.0069s ]
SQL: SELECT * FROM `ast_admin1`  [ RunTime:0.0005s ]
SQL: SELECT * FROM `ast_admin1` WHERE `admin_id` = 1 LIMIT 1   [ RunTime:0.0005s ]
SQL: SHOW COLUMNS FROM `ast_nav1` [ RunTime:0.0063s ]
SQL: SELECT * FROM `ast_nav1`  [ RunTime:0.0005s ]
SQL: SELECT COUNT(*) AS tp_count FROM `ast_admin1` LIMIT 1   [ RunTime:0.0002s ]
NOTIC: [2] Missing argument 3 for getAdminPage(), called in C:\xampp\htdocs\aiston\Application\Admin1\Controller\CommonController.class.php on line 51 and defined C:\xampp\htdocs\aiston\Application\Common\Common\function.php 第 3 行.
NOTIC: [8] Undefined variable: num C:\xampp\htdocs\aiston\Application\Common\Common\function.php 第 4 行.
SQL: SELECT * FROM `ast_admin1` ORDER BY admin_id LIMIT 0,10   [ RunTime:0.0007s ]
SQL: SHOW COLUMNS FROM `ast_artcate1` [ RunTime:0.0098s ]
SQL: UPDATE `ast_artcate1` SET `cate_name`='综合新闻' WHERE `cate_id` = 1 [ RunTime:0.0004s ]
INFO: [ app_end ] --START--
INFO: Run Behavior\ShowPageTraceBehavior [ RunTime:0.001792s ]
INFO: [ app_end ] --END-- [ RunTime:0.001861s ]

[ 2016-03-12T10:34:12+08:00 ] ::1 /index.php/Admin1/Article/classification
INFO: [ app_init ] --START--
INFO: Run Behavior\BuildLiteBehavior [ RunTime:0.000031s ]
INFO: [ app_init ] --END-- [ RunTime:0.000952s ]
INFO: [ app_begin ] --START--
INFO: Run Behavior\ReadHtmlCacheBehavior [ RunTime:0.001807s ]
INFO: [ app_begin ] --END-- [ RunTime:0.001911s ]
SQL: SHOW COLUMNS FROM `ast_admin1` [ RunTime:0.0039s ]
SQL: SELECT * FROM `ast_admin1`  [ RunTime:0.0003s ]
SQL: SELECT * FROM `ast_admin1` WHERE `admin_id` = 1 LIMIT 1   [ RunTime:0.0003s ]
SQL: SHOW COLUMNS FROM `ast_nav1` [ RunTime:0.0046s ]
SQL: SELECT * FROM `ast_nav1`  [ RunTime:0.0004s ]
SQL: SELECT COUNT(*) AS tp_count FROM `ast_admin1` LIMIT 1   [ RunTime:0.0002s ]
NOTIC: [2] Missing argument 3 for getAdminPage(), called in C:\xampp\htdocs\aiston\Application\Admin1\Controller\CommonController.class.php on line 51 and defined C:\xampp\htdocs\aiston\Application\Common\Common\function.php 第 3 行.
NOTIC: [8] Undefined variable: num C:\xampp\htdocs\aiston\Application\Common\Common\function.php 第 4 行.
SQL: SELECT * FROM `ast_admin1` ORDER BY admin_id LIMIT 0,10   [ RunTime:0.0004s ]
SQL: SHOW COLUMNS FROM `ast_artcate1` [ RunTime:0.0036s ]
SQL: UPDATE `ast_artcate1` SET `cate_name`='综合新闻' WHERE `cate_id` = 1 [ RunTime:0.0003s ]
INFO: [ app_end ] --START--
INFO: Run Behavior\ShowPageTraceBehavior [ RunTime:0.001527s ]
INFO: [ app_end ] --END-- [ RunTime:0.001608s ]

[ 2016-03-12T10:34:15+08:00 ] ::1 /index.php/Admin1/Article/classification
INFO: [ app_init ] --START--
INFO: Run Behavior\BuildLiteBehavior [ RunTime:0.000027s ]
INFO: [ app_init ] --END-- [ RunTime:0.001054s ]
INFO: [ app_begin ] --START--
INFO: Run Behavior\ReadHtmlCacheBehavior [ RunTime:0.002603s ]
INFO: [ app_begin ] --END-- [ RunTime:0.002947s ]
SQL: SHOW COLUMNS FROM `ast_admin1` [ RunTime:0.0036s ]
SQL: SELECT * FROM `ast_admin1`  [ RunTime:0.0003s ]
SQL: SELECT * FROM `ast_admin1` WHERE `admin_id` = 1 LIMIT 1   [ RunTime:0.0002s ]
SQL: SHOW COLUMNS FROM `ast_nav1` [ RunTime:0.0035s ]
SQL: SELECT * FROM `ast_nav1`  [ RunTime:0.0004s ]
SQL: SELECT COUNT(*) AS tp_count FROM `ast_admin1` LIMIT 1   [ RunTime:0.0002s ]
NOTIC: [2] Missing argument 3 for getAdminPage(), called in C:\xampp\htdocs\aiston\Application\Admin1\Controller\CommonController.class.php on line 51 and defined C:\xampp\htdocs\aiston\Application\Common\Common\function.php 第 3 行.
NOTIC: [8] Undefined variable: num C:\xampp\htdocs\aiston\Application\Common\Common\function.php 第 4 行.
SQL: SELECT * FROM `ast_admin1` ORDER BY admin_id LIMIT 0,10   [ RunTime:0.0016s ]
SQL: SHOW COLUMNS FROM `ast_artcate1` [ RunTime:0.0058s ]
SQL: UPDATE `ast_artcate1` SET `cate_name`='综合新闻' WHERE `cate_id` = 1 [ RunTime:0.0004s ]
INFO: [ app_end ] --START--
INFO: Run Behavior\ShowPageTraceBehavior [ RunTime:0.001350s ]
INFO: [ app_end ] --END-- [ RunTime:0.001411s ]

[ 2016-03-12T10:37:07+08:00 ] ::1 /index.php/Admin1/Article/classification
INFO: [ app_init ] --START--
INFO: Run Behavior\BuildLiteBehavior [ RunTime:0.000018s ]
INFO: [ app_init ] --END-- [ RunTime:0.000586s ]
INFO: [ app_begin ] --START--
INFO: Run Behavior\ReadHtmlCacheBehavior [ RunTime:0.001376s ]
INFO: [ app_begin ] --END-- [ RunTime:0.001442s ]
SQL: SHOW COLUMNS FROM `ast_admin1` [ RunTime:0.0037s ]
SQL: SELECT * FROM `ast_admin1`  [ RunTime:0.0004s ]
SQL: SELECT * FROM `ast_admin1` WHERE `admin_id` = 1 LIMIT 1   [ RunTime:0.0003s ]
SQL: SHOW COLUMNS FROM `ast_nav1` [ RunTime:0.0034s ]
SQL: SELECT * FROM `ast_nav1`  [ RunTime:0.0004s ]
SQL: SELECT COUNT(*) AS tp_count FROM `ast_admin1` LIMIT 1   [ RunTime:0.0002s ]
NOTIC: [2] Missing argument 3 for getAdminPage(), called in C:\xampp\htdocs\aiston\Application\Admin1\Controller\CommonController.class.php on line 51 and defined C:\xampp\htdocs\aiston\Application\Common\Common\function.php 第 3 行.
NOTIC: [8] Undefined variable: num C:\xampp\htdocs\aiston\Application\Common\Common\function.php 第 4 行.
SQL: SELECT * FROM `ast_admin1` ORDER BY admin_id LIMIT 0,10   [ RunTime:0.0004s ]
SQL: SHOW COLUMNS FROM `ast_artcate1` [ RunTime:0.0038s ]
SQL: UPDATE `ast_artcate1` SET `cate_name`='综合新闻' WHERE `cate_id` = 1 [ RunTime:0.0003s ]
INFO: [ app_end ] --START--
INFO: Run Behavior\ShowPageTraceBehavior [ RunTime:0.001533s ]
INFO: [ app_end ] --END-- [ RunTime:0.001616s ]

[ 2016-03-12T11:18:17+08:00 ] ::1 /index.php/Admin1/Article/sort
INFO: [ app_init ] --START--
INFO: Run Behavior\BuildLiteBehavior [ RunTime:0.000025s ]
INFO: [ app_init ] --END-- [ RunTime:0.000986s ]
INFO: [ app_begin ] --START--
INFO: Run Behavior\ReadHtmlCacheBehavior [ RunTime:0.002446s ]
INFO: [ app_begin ] --END-- [ RunTime:0.002540s ]
SQL: SHOW COLUMNS FROM `ast_admin1` [ RunTime:0.0058s ]
SQL: SELECT * FROM `ast_admin1`  [ RunTime:0.0004s ]
SQL: SELECT * FROM `ast_admin1` WHERE `admin_id` = 1 LIMIT 1   [ RunTime:0.0003s ]
SQL: SHOW COLUMNS FROM `ast_nav1` [ RunTime:0.0054s ]
SQL: SELECT * FROM `ast_nav1`  [ RunTime:0.0004s ]
SQL: SELECT COUNT(*) AS tp_count FROM `ast_admin1` LIMIT 1   [ RunTime:0.0002s ]
NOTIC: [2] Missing argument 3 for getAdminPage(), called in C:\xampp\htdocs\aiston\Application\Admin1\Controller\CommonController.class.php on line 51 and defined C:\xampp\htdocs\aiston\Application\Common\Common\function.php 第 3 行.
NOTIC: [8] Undefined variable: num C:\xampp\htdocs\aiston\Application\Common\Common\function.php 第 4 行.
SQL: SELECT * FROM `ast_admin1` ORDER BY admin_id LIMIT 0,10   [ RunTime:0.0004s ]
SQL: SHOW COLUMNS FROM `ast_artcate1` [ RunTime:0.0083s ]
SQL: SELECT * FROM `ast_artcate1` ORDER BY cate_order ASC  [ RunTime:0.0004s ]
INFO: [ view_parse ] --START--
INFO: [ template_filter ] --START--
INFO: Run Behavior\ContentReplaceBehavior [ RunTime:0.001144s ]
INFO: [ template_filter ] --END-- [ RunTime:0.001413s ]
NOTIC: [8] Undefined index: sid C:\xampp\htdocs\aiston\Application\Runtime\Cache\Admin1\682f2a75517ed1a724a05d72ec8affd5.php 第 136 行.
NOTIC: [8] Undefined index: sid C:\xampp\htdocs\aiston\Application\Runtime\Cache\Admin1\682f2a75517ed1a724a05d72ec8affd5.php 第 136 行.
NOTIC: [8] Undefined index: sid C:\xampp\htdocs\aiston\Application\Runtime\Cache\Admin1\682f2a75517ed1a724a05d72ec8affd5.php 第 136 行.
NOTIC: [8] Undefined index: sid C:\xampp\htdocs\aiston\Application\Runtime\Cache\Admin1\682f2a75517ed1a724a05d72ec8affd5.php 第 136 行.
NOTIC: [8] Undefined index: sid C:\xampp\htdocs\aiston\Application\Runtime\Cache\Admin1\682f2a75517ed1a724a05d72ec8affd5.php 第 136 行.
NOTIC: [8] Array to string conversion C:\xampp\htdocs\aiston\Application\Runtime\Cache\Admin1\682f2a75517ed1a724a05d72ec8affd5.php 第 499 行.
NOTIC: [8] Undefined variable: url C:\xampp\htdocs\aiston\Application\Runtime\Cache\Admin1\682f2a75517ed1a724a05d72ec8affd5.php 第 728 行.
NOTIC: [8] Undefined variable: url C:\xampp\htdocs\aiston\Application\Runtime\Cache\Admin1\682f2a75517ed1a724a05d72ec8affd5.php 第 731 行.
INFO: Run Behavior\ParseTemplateBehavior [ RunTime:0.034764s ]
INFO: [ view_parse ] --END-- [ RunTime:0.034865s ]
INFO: [ view_filter ] --START--
INFO: Run Behavior\WriteHtmlCacheBehavior [ RunTime:0.002194s ]
INFO: [ view_filter ] --END-- [ RunTime:0.002299s ]
INFO: [ app_end ] --START--
INFO: Run Behavior\ShowPageTraceBehavior [ RunTime:0.003319s ]
INFO: [ app_end ] --END-- [ RunTime:0.003432s ]

[ 2016-03-12T15:05:37+08:00 ] ::1 /index.php/Admin1/Invest/index
INFO: [ app_init ] --START--
INFO: Run Behavior\BuildLiteBehavior [ RunTime:0.000017s ]
INFO: [ app_init ] --END-- [ RunTime:0.000630s ]
INFO: [ app_begin ] --START--
INFO: Run Behavior\ReadHtmlCacheBehavior [ RunTime:0.001079s ]
INFO: [ app_begin ] --END-- [ RunTime:0.001171s ]
SQL: SHOW COLUMNS FROM `ast_admin1` [ RunTime:0.0042s ]
SQL: SELECT * FROM `ast_admin1`  [ RunTime:0.0004s ]
SQL: SELECT * FROM `ast_admin1` WHERE `admin_id` = 1 LIMIT 1   [ RunTime:0.0003s ]
SQL: SHOW COLUMNS FROM `ast_nav1` [ RunTime:0.0035s ]
SQL: SELECT * FROM `ast_nav1`  [ RunTime:0.0004s ]
SQL: SELECT COUNT(*) AS tp_count FROM `ast_admin1` LIMIT 1   [ RunTime:0.0002s ]
NOTIC: [2] Missing argument 3 for getAdminPage(), called in C:\xampp\htdocs\aiston\Application\Admin1\Controller\CommonController.class.php on line 51 and defined C:\xampp\htdocs\aiston\Application\Common\Common\function.php 第 3 行.
NOTIC: [8] Undefined variable: num C:\xampp\htdocs\aiston\Application\Common\Common\function.php 第 4 行.
SQL: SELECT * FROM `ast_admin1` ORDER BY admin_id LIMIT 0,10   [ RunTime:0.0003s ]
SQL: SHOW COLUMNS FROM `ast_invest1` [ RunTime:0.0041s ]
SQL: SELECT * FROM `ast_invest1`  [ RunTime:0.0004s ]
INFO: [ view_parse ] --START--
INFO: [ template_filter ] --START--
INFO: Run Behavior\ContentReplaceBehavior [ RunTime:0.000519s ]
INFO: [ template_filter ] --END-- [ RunTime:0.000588s ]
NOTIC: [8] Undefined variable: cid C:\xampp\htdocs\aiston\Application\Runtime\Cache\Admin1\0248c5dcaf8ad8ea744f4e982205df3f.php 第 121 行.
NOTIC: [8] Undefined variable: acate C:\xampp\htdocs\aiston\Application\Runtime\Cache\Admin1\0248c5dcaf8ad8ea744f4e982205df3f.php 第 124 行.
NOTIC: [8] Undefined variable: cid C:\xampp\htdocs\aiston\Application\Runtime\Cache\Admin1\0248c5dcaf8ad8ea744f4e982205df3f.php 第 128 行.
NOTIC: [8] Undefined index: art_isshow C:\xampp\htdocs\aiston\Application\Runtime\Cache\Admin1\0248c5dcaf8ad8ea744f4e982205df3f.php 第 149 行.
NOTIC: [8] Undefined index: art_order C:\xampp\htdocs\aiston\Application\Runtime\Cache\Admin1\0248c5dcaf8ad8ea744f4e982205df3f.php 第 153 行.
NOTIC: [8] Undefined index: art_id C:\xampp\htdocs\aiston\Application\Runtime\Cache\Admin1\0248c5dcaf8ad8ea744f4e982205df3f.php 第 153 行.
NOTIC: [8] Undefined index: art_isshow C:\xampp\htdocs\aiston\Application\Runtime\Cache\Admin1\0248c5dcaf8ad8ea744f4e982205df3f.php 第 149 行.
NOTIC: [8] Undefined index: art_order C:\xampp\htdocs\aiston\Application\Runtime\Cache\Admin1\0248c5dcaf8ad8ea744f4e982205df3f.php 第 153 行.
NOTIC: [8] Undefined index: art_id C:\xampp\htdocs\aiston\Application\Runtime\Cache\Admin1\0248c5dcaf8ad8ea744f4e982205df3f.php 第 153 行.
NOTIC: [8] Undefined index: art_isshow C:\xampp\htdocs\aiston\Application\Runtime\Cache\Admin1\0248c5dcaf8ad8ea744f4e982205df3f.php 第 149 行.
NOTIC: [8] Undefined index: art_order C:\xampp\htdocs\aiston\Application\Runtime\Cache\Admin1\0248c5dcaf8ad8ea744f4e982205df3f.php 第 153 行.
NOTIC: [8] Undefined index: art_id C:\xampp\htdocs\aiston\Application\Runtime\Cache\Admin1\0248c5dcaf8ad8ea744f4e982205df3f.php 第 153 行.
NOTIC: [8] Undefined index: art_isshow C:\xampp\htdocs\aiston\Application\Runtime\Cache\Admin1\0248c5dcaf8ad8ea744f4e982205df3f.php 第 149 行.
NOTIC: [8] Undefined index: art_order C:\xampp\htdocs\aiston\Application\Runtime\Cache\Admin1\0248c5dcaf8ad8ea744f4e982205df3f.php 第 153 行.
NOTIC: [8] Undefined index: art_id C:\xampp\htdocs\aiston\Application\Runtime\Cache\Admin1\0248c5dcaf8ad8ea744f4e982205df3f.php 第 153 行.
NOTIC: [8] Undefined index: art_isshow C:\xampp\htdocs\aiston\Application\Runtime\Cache\Admin1\0248c5dcaf8ad8ea744f4e982205df3f.php 第 149 行.
NOTIC: [8] Undefined index: art_order C:\xampp\htdocs\aiston\Application\Runtime\Cache\Admin1\0248c5dcaf8ad8ea744f4e982205df3f.php 第 153 行.
NOTIC: [8] Undefined index: art_id C:\xampp\htdocs\aiston\Application\Runtime\Cache\Admin1\0248c5dcaf8ad8ea744f4e982205df3f.php 第 153 行.
NOTIC: [8] Undefined index: art_isshow C:\xampp\htdocs\aiston\Application\Runtime\Cache\Admin1\0248c5dcaf8ad8ea744f4e982205df3f.php 第 149 行.
NOTIC: [8] Undefined index: art_order C:\xampp\htdocs\aiston\Application\Runtime\Cache\Admin1\0248c5dcaf8ad8ea744f4e982205df3f.php 第 153 行.
NOTIC: [8] Undefined index: art_id C:\xampp\htdocs\aiston\Application\Runtime\Cache\Admin1\0248c5dcaf8ad8ea744f4e982205df3f.php 第 153 行.
NOTIC: [8] Undefined index: art_isshow C:\xampp\htdocs\aiston\Application\Runtime\Cache\Admin1\0248c5dcaf8ad8ea744f4e982205df3f.php 第 149 行.
NOTIC: [8] Undefined index: art_order C:\xampp\htdocs\aiston\Application\Runtime\Cache\Admin1\0248c5dcaf8ad8ea744f4e982205df3f.php 第 153 行.
NOTIC: [8] Undefined index: art_id C:\xampp\htdocs\aiston\Application\Runtime\Cache\Admin1\0248c5dcaf8ad8ea744f4e982205df3f.php 第 153 行.
NOTIC: [8] Undefined index: art_isshow C:\xampp\htdocs\aiston\Application\Runtime\Cache\Admin1\0248c5dcaf8ad8ea744f4e982205df3f.php 第 149 行.
NOTIC: [8] Undefined index: art_order C:\xampp\htdocs\aiston\Application\Runtime\Cache\Admin1\0248c5dcaf8ad8ea744f4e982205df3f.php 第 153 行.
NOTIC: [8] Undefined index: art_id C:\xampp\htdocs\aiston\Application\Runtime\Cache\Admin1\0248c5dcaf8ad8ea744f4e982205df3f.php 第 153 行.
NOTIC: [8] Undefined variable: show C:\xampp\htdocs\aiston\Application\Runtime\Cache\Admin1\0248c5dcaf8ad8ea744f4e982205df3f.php 第 160 行.
NOTIC: [8] Array to string conversion C:\xampp\htdocs\aiston\Application\Runtime\Cache\Admin1\0248c5dcaf8ad8ea744f4e982205df3f.php 第 371 行.
NOTIC: [8] Undefined variable: url C:\xampp\htdocs\aiston\Application\Runtime\Cache\Admin1\0248c5dcaf8ad8ea744f4e982205df3f.php 第 600 行.
NOTIC: [8] Undefined variable: url C:\xampp\htdocs\aiston\Application\Runtime\Cache\Admin1\0248c5dcaf8ad8ea744f4e982205df3f.php 第 603 行.
INFO: Run Behavior\ParseTemplateBehavior [ RunTime:0.029406s ]
INFO: [ view_parse ] --END-- [ RunTime:0.029469s ]
INFO: [ view_filter ] --START--
INFO: Run Behavior\WriteHtmlCacheBehavior [ RunTime:0.001000s ]
INFO: [ view_filter ] --END-- [ RunTime:0.001079s ]
INFO: [ app_end ] --START--
INFO: Run Behavior\ShowPageTraceBehavior [ RunTime:0.002044s ]
INFO: [ app_end ] --END-- [ RunTime:0.002176s ]

