[ 2016-04-09T21:52:56+08:00 ] ::1 /index.php/Homeen2/Index/index
INFO: [ app_init ] --START--
INFO: Run Behavior\BuildLiteBehavior [ RunTime:0.000017s ]
INFO: [ app_init ] --END-- [ RunTime:0.000608s ]
INFO: [ app_begin ] --START--
INFO: Run Behavior\ReadHtmlCacheBehavior [ RunTime:0.001113s ]
INFO: [ app_begin ] --END-- [ RunTime:0.001181s ]
SQL: SHOW COLUMNS FROM `ast_banneren2` [ RunTime:0.0039s ]
SQL: SELECT * FROM `ast_banneren2`  [ RunTime:0.0004s ]
SQL: SHOW COLUMNS FROM `ast_linken2` [ RunTime:0.0038s ]
SQL: SELECT * FROM `ast_linken2`  [ RunTime:0.0004s ]
SQL: SHOW COLUMNS FROM `ast_companyen2` [ RunTime:0.0040s ]
SQL: SHOW COLUMNS FROM `ast_articleen2` [ RunTime:0.0043s ]
SQL: SHOW COLUMNS FROM `ast_producten2` [ RunTime:0.0049s ]
SQL: SHOW COLUMNS FROM `ast_procateen2` [ RunTime:0.0038s ]
SQL: SELECT * FROM `ast_procateen2`  [ RunTime:0.0004s ]
SQL: SELECT * FROM `ast_articleen2` WHERE `art_cateid` = 4 LIMIT 5   [ RunTime:0.0008s ]
SQL: SELECT * FROM `ast_articleen2` WHERE `art_cateid` = 5 LIMIT 3   [ RunTime:0.0003s ]
SQL: SELECT * FROM `ast_articleen2` ORDER BY art_addtime desc LIMIT 2,3   [ RunTime:0.0005s ]
SQL: SELECT * FROM `ast_articleen2` ORDER BY art_addtime desc LIMIT 1   [ RunTime:0.0003s ]
SQL: SELECT * FROM `ast_producten2`  [ RunTime:0.0006s ]
SQL: SELECT * FROM `ast_companyen2`  [ RunTime:0.0003s ]
INFO: [ view_parse ] --START--
INFO: [ template_filter ] --START--
INFO: Run Behavior\ContentReplaceBehavior [ RunTime:0.000146s ]
INFO: [ template_filter ] --END-- [ RunTime:0.000226s ]
INFO: Run Behavior\ParseTemplateBehavior [ RunTime:0.018582s ]
INFO: [ view_parse ] --END-- [ RunTime:0.018667s ]
INFO: [ view_filter ] --START--
INFO: Run Behavior\WriteHtmlCacheBehavior [ RunTime:0.000983s ]
INFO: [ view_filter ] --END-- [ RunTime:0.001053s ]
INFO: [ app_end ] --START--
INFO: Run Behavior\ShowPageTraceBehavior [ RunTime:0.001700s ]
INFO: [ app_end ] --END-- [ RunTime:0.001794s ]

