[ 2016-03-23T21:04:19+08:00 ] ::1 /index.php/Homeen2/Index/index
INFO: [ app_init ] --START--
INFO: Run Behavior\BuildLiteBehavior [ RunTime:0.000030s ]
INFO: [ app_init ] --END-- [ RunTime:0.001310s ]
INFO: [ app_begin ] --START--
INFO: Run Behavior\ReadHtmlCacheBehavior [ RunTime:0.001255s ]
INFO: [ app_begin ] --END-- [ RunTime:0.001342s ]
SQL: SHOW COLUMNS FROM `ast_banneren2` [ RunTime:0.0040s ]
SQL: SELECT * FROM `ast_banneren2`  [ RunTime:0.0007s ]
SQL: SHOW COLUMNS FROM `ast_linken2` [ RunTime:0.0058s ]
SQL: SELECT * FROM `ast_linken2`  [ RunTime:0.0005s ]
SQL: SHOW COLUMNS FROM `ast_companyen2` [ RunTime:0.0039s ]
SQL: SHOW COLUMNS FROM `ast_articleen2` [ RunTime:0.0040s ]
SQL: SHOW COLUMNS FROM `ast_producten2` [ RunTime:0.0036s ]
SQL: SHOW COLUMNS FROM `ast_procateen2` [ RunTime:0.0043s ]
SQL: SELECT * FROM `ast_procateen2`  [ RunTime:0.0004s ]
SQL: SELECT * FROM `ast_articleen2` WHERE `art_cateid` = 4 LIMIT 5   [ RunTime:0.0007s ]
SQL: SELECT * FROM `ast_articleen2` WHERE `art_cateid` = 5 LIMIT 3   [ RunTime:0.0003s ]
SQL: SELECT * FROM `ast_articleen2` ORDER BY art_addtime desc LIMIT 2,3   [ RunTime:0.0005s ]
SQL: SELECT * FROM `ast_articleen2` ORDER BY art_addtime desc LIMIT 1   [ RunTime:0.0003s ]
SQL: SELECT * FROM `ast_producten2`  [ RunTime:0.0006s ]
SQL: SELECT * FROM `ast_companyen2`  [ RunTime:0.0003s ]
INFO: [ view_parse ] --START--
INFO: [ template_filter ] --START--
INFO: Run Behavior\ContentReplaceBehavior [ RunTime:0.000133s ]
INFO: [ template_filter ] --END-- [ RunTime:0.000204s ]
INFO: Run Behavior\ParseTemplateBehavior [ RunTime:0.024078s ]
INFO: [ view_parse ] --END-- [ RunTime:0.024158s ]
INFO: [ view_filter ] --START--
INFO: Run Behavior\WriteHtmlCacheBehavior [ RunTime:0.000923s ]
INFO: [ view_filter ] --END-- [ RunTime:0.000981s ]
INFO: [ app_end ] --START--
INFO: Run Behavior\ShowPageTraceBehavior [ RunTime:0.001876s ]
INFO: [ app_end ] --END-- [ RunTime:0.001965s ]

[ 2016-03-23T21:09:31+08:00 ] ::1 /index.php/Homeen2/Index/index
INFO: [ app_init ] --START--
INFO: Run Behavior\BuildLiteBehavior [ RunTime:0.000019s ]
INFO: [ app_init ] --END-- [ RunTime:0.000722s ]
INFO: [ app_begin ] --START--
INFO: Run Behavior\ReadHtmlCacheBehavior [ RunTime:0.001299s ]
INFO: [ app_begin ] --END-- [ RunTime:0.001389s ]
SQL: SHOW COLUMNS FROM `ast_banneren2` [ RunTime:0.0048s ]
SQL: SELECT * FROM `ast_banneren2`  [ RunTime:0.0004s ]
SQL: SHOW COLUMNS FROM `ast_linken2` [ RunTime:0.0048s ]
SQL: SELECT * FROM `ast_linken2`  [ RunTime:0.0004s ]
SQL: SHOW COLUMNS FROM `ast_companyen2` [ RunTime:0.0041s ]
SQL: SHOW COLUMNS FROM `ast_articleen2` [ RunTime:0.0039s ]
SQL: SHOW COLUMNS FROM `ast_producten2` [ RunTime:0.0045s ]
SQL: SHOW COLUMNS FROM `ast_procateen2` [ RunTime:0.0048s ]
SQL: SELECT * FROM `ast_procateen2`  [ RunTime:0.0004s ]
SQL: SELECT * FROM `ast_articleen2` WHERE `art_cateid` = 4 LIMIT 5   [ RunTime:0.0010s ]
SQL: SELECT * FROM `ast_articleen2` WHERE `art_cateid` = 5 LIMIT 3   [ RunTime:0.0011s ]
SQL: SELECT * FROM `ast_articleen2` ORDER BY art_addtime desc LIMIT 2,3   [ RunTime:0.0019s ]
SQL: SELECT * FROM `ast_articleen2` ORDER BY art_addtime desc LIMIT 1   [ RunTime:0.0006s ]
SQL: SELECT * FROM `ast_producten2`  [ RunTime:0.0005s ]
SQL: SELECT * FROM `ast_companyen2`  [ RunTime:0.0003s ]
INFO: [ view_parse ] --START--
INFO: [ template_filter ] --START--
INFO: Run Behavior\ContentReplaceBehavior [ RunTime:0.000128s ]
INFO: [ template_filter ] --END-- [ RunTime:0.000197s ]
INFO: Run Behavior\ParseTemplateBehavior [ RunTime:0.020319s ]
INFO: [ view_parse ] --END-- [ RunTime:0.020399s ]
INFO: [ view_filter ] --START--
INFO: Run Behavior\WriteHtmlCacheBehavior [ RunTime:0.000708s ]
INFO: [ view_filter ] --END-- [ RunTime:0.000774s ]
INFO: [ app_end ] --START--
INFO: Run Behavior\ShowPageTraceBehavior [ RunTime:0.002769s ]
INFO: [ app_end ] --END-- [ RunTime:0.002925s ]

