[ 2016-04-25T22:14:27+08:00 ] ::1 /
INFO: [ app_init ] --START--
INFO: Run Behavior\BuildLiteBehavior [ RunTime:0.000023s ]
INFO: [ app_init ] --END-- [ RunTime:0.003798s ]
INFO: [ app_begin ] --START--
INFO: Run Behavior\ReadHtmlCacheBehavior [ RunTime:0.001755s ]
INFO: [ app_begin ] --END-- [ RunTime:0.001824s ]
SQL: SHOW COLUMNS FROM `ast_banner` [ RunTime:0.0113s ]
SQL: SELECT * FROM `ast_banner`  [ RunTime:0.0004s ]
SQL: SHOW COLUMNS FROM `ast_link` [ RunTime:0.0057s ]
SQL: SELECT * FROM `ast_link`  [ RunTime:0.0003s ]
SQL: SHOW COLUMNS FROM `ast_company` [ RunTime:0.0180s ]
SQL: SHOW COLUMNS FROM `ast_article` [ RunTime:0.0063s ]
SQL: SHOW COLUMNS FROM `ast_product` [ RunTime:0.0060s ]
SQL: SHOW COLUMNS FROM `ast_procate` [ RunTime:0.0058s ]
SQL: SELECT * FROM `ast_procate` LIMIT 3   [ RunTime:0.0004s ]
SQL: SELECT * FROM `ast_article`  [ RunTime:0.0007s ]
SQL: SELECT * FROM `ast_company`  [ RunTime:0.0003s ]
SQL: SELECT * FROM `ast_article` LIMIT 0,4   [ RunTime:0.0004s ]
INFO: [ view_parse ] --START--
INFO: [ template_filter ] --START--
INFO: Run Behavior\ContentReplaceBehavior [ RunTime:0.000179s ]
INFO: [ template_filter ] --END-- [ RunTime:0.000248s ]
NOTIC: [8] Undefined index: p C:\xampp\htdocs\aiston\Application\Runtime\Cache\Home\2a94b8bda04ff446dcedd42276fc99ee.php 第 154 行.
NOTIC: [8] Undefined index: p C:\xampp\htdocs\aiston\Application\Runtime\Cache\Home\2a94b8bda04ff446dcedd42276fc99ee.php 第 161 行.
NOTIC: [8] Undefined index: p C:\xampp\htdocs\aiston\Application\Runtime\Cache\Home\2a94b8bda04ff446dcedd42276fc99ee.php 第 161 行.
INFO: Run Behavior\ParseTemplateBehavior [ RunTime:0.025219s ]
INFO: [ view_parse ] --END-- [ RunTime:0.025283s ]
INFO: [ view_filter ] --START--
INFO: Run Behavior\WriteHtmlCacheBehavior [ RunTime:0.001311s ]
INFO: [ view_filter ] --END-- [ RunTime:0.001366s ]
INFO: [ app_end ] --START--
INFO: Run Behavior\ShowPageTraceBehavior [ RunTime:0.001551s ]
INFO: [ app_end ] --END-- [ RunTime:0.001636s ]

[ 2016-04-25T22:14:28+08:00 ] ::1 /
INFO: [ app_init ] --START--
INFO: Run Behavior\BuildLiteBehavior [ RunTime:0.000016s ]
INFO: [ app_init ] --END-- [ RunTime:0.000487s ]
INFO: [ app_begin ] --START--
INFO: Run Behavior\ReadHtmlCacheBehavior [ RunTime:0.001083s ]
INFO: [ app_begin ] --END-- [ RunTime:0.001160s ]
SQL: SHOW COLUMNS FROM `ast_banner` [ RunTime:0.0050s ]
SQL: SELECT * FROM `ast_banner`  [ RunTime:0.0004s ]
SQL: SHOW COLUMNS FROM `ast_link` [ RunTime:0.0039s ]
SQL: SELECT * FROM `ast_link`  [ RunTime:0.0003s ]
SQL: SHOW COLUMNS FROM `ast_company` [ RunTime:0.0039s ]
SQL: SHOW COLUMNS FROM `ast_article` [ RunTime:0.0045s ]
SQL: SHOW COLUMNS FROM `ast_product` [ RunTime:0.0039s ]
SQL: SHOW COLUMNS FROM `ast_procate` [ RunTime:0.0040s ]
SQL: SELECT * FROM `ast_procate` LIMIT 3   [ RunTime:0.0004s ]
SQL: SELECT * FROM `ast_article`  [ RunTime:0.0004s ]
SQL: SELECT * FROM `ast_company`  [ RunTime:0.0003s ]
SQL: SELECT * FROM `ast_article` LIMIT 0,4   [ RunTime:0.0005s ]
INFO: [ view_parse ] --START--
INFO: [ template_filter ] --START--
INFO: Run Behavior\ContentReplaceBehavior [ RunTime:0.000157s ]
INFO: [ template_filter ] --END-- [ RunTime:0.000220s ]
NOTIC: [8] Undefined index: p C:\xampp\htdocs\aiston\Application\Runtime\Cache\Home\2a94b8bda04ff446dcedd42276fc99ee.php 第 154 行.
NOTIC: [8] Undefined index: p C:\xampp\htdocs\aiston\Application\Runtime\Cache\Home\2a94b8bda04ff446dcedd42276fc99ee.php 第 161 行.
NOTIC: [8] Undefined index: p C:\xampp\htdocs\aiston\Application\Runtime\Cache\Home\2a94b8bda04ff446dcedd42276fc99ee.php 第 161 行.
INFO: Run Behavior\ParseTemplateBehavior [ RunTime:0.015113s ]
INFO: [ view_parse ] --END-- [ RunTime:0.015176s ]
INFO: [ view_filter ] --START--
INFO: Run Behavior\WriteHtmlCacheBehavior [ RunTime:0.000665s ]
INFO: [ view_filter ] --END-- [ RunTime:0.000716s ]
INFO: [ app_end ] --START--
INFO: Run Behavior\ShowPageTraceBehavior [ RunTime:0.001447s ]
INFO: [ app_end ] --END-- [ RunTime:0.001543s ]

[ 2016-04-25T22:14:31+08:00 ] ::1 /index.php/Home/Walkto/index
INFO: [ app_init ] --START--
INFO: Run Behavior\BuildLiteBehavior [ RunTime:0.000016s ]
INFO: [ app_init ] --END-- [ RunTime:0.000463s ]
INFO: [ app_begin ] --START--
INFO: Run Behavior\ReadHtmlCacheBehavior [ RunTime:0.000740s ]
INFO: [ app_begin ] --END-- [ RunTime:0.000806s ]
SQL: SHOW COLUMNS FROM `ast_banner` [ RunTime:0.0043s ]
SQL: SELECT * FROM `ast_banner`  [ RunTime:0.0006s ]
SQL: SHOW COLUMNS FROM `ast_link` [ RunTime:0.0040s ]
SQL: SELECT * FROM `ast_link`  [ RunTime:0.0004s ]
SQL: SHOW COLUMNS FROM `ast_about` [ RunTime:0.0188s ]
SQL: SELECT * FROM `ast_about`  [ RunTime:0.0004s ]
SQL: SELECT * FROM `ast_about` WHERE `ast_aid` = 1  [ RunTime:0.0021s ]
INFO: [ view_parse ] --START--
INFO: [ template_filter ] --START--
INFO: Run Behavior\ContentReplaceBehavior [ RunTime:0.000524s ]
INFO: [ template_filter ] --END-- [ RunTime:0.000592s ]
INFO: Run Behavior\ParseTemplateBehavior [ RunTime:0.012975s ]
INFO: [ view_parse ] --END-- [ RunTime:0.013067s ]
INFO: [ view_filter ] --START--
INFO: Run Behavior\WriteHtmlCacheBehavior [ RunTime:0.000493s ]
INFO: [ view_filter ] --END-- [ RunTime:0.000544s ]
INFO: [ app_end ] --START--
INFO: Run Behavior\ShowPageTraceBehavior [ RunTime:0.001064s ]
INFO: [ app_end ] --END-- [ RunTime:0.001151s ]

[ 2016-04-25T22:28:52+08:00 ] ::1 /
INFO: [ app_init ] --START--
INFO: Run Behavior\BuildLiteBehavior [ RunTime:0.000017s ]
INFO: [ app_init ] --END-- [ RunTime:0.000554s ]
INFO: [ app_begin ] --START--
INFO: Run Behavior\ReadHtmlCacheBehavior [ RunTime:0.000951s ]
INFO: [ app_begin ] --END-- [ RunTime:0.001014s ]
SQL: SHOW COLUMNS FROM `ast_banner` [ RunTime:0.0045s ]
SQL: SELECT * FROM `ast_banner`  [ RunTime:0.0003s ]
SQL: SHOW COLUMNS FROM `ast_link` [ RunTime:0.0035s ]
SQL: SELECT * FROM `ast_link`  [ RunTime:0.0003s ]
SQL: SHOW COLUMNS FROM `ast_company` [ RunTime:0.0034s ]
SQL: SHOW COLUMNS FROM `ast_article` [ RunTime:0.0035s ]
SQL: SHOW COLUMNS FROM `ast_product` [ RunTime:0.0036s ]
SQL: SHOW COLUMNS FROM `ast_procate` [ RunTime:0.0034s ]
SQL: SELECT * FROM `ast_procate` LIMIT 3   [ RunTime:0.0004s ]
SQL: SELECT * FROM `ast_article`  [ RunTime:0.0004s ]
SQL: SELECT * FROM `ast_company`  [ RunTime:0.0003s ]
SQL: SELECT * FROM `ast_article` LIMIT 0,4   [ RunTime:0.0003s ]
INFO: [ view_parse ] --START--
INFO: [ template_filter ] --START--
INFO: Run Behavior\ContentReplaceBehavior [ RunTime:0.000157s ]
INFO: [ template_filter ] --END-- [ RunTime:0.000220s ]
NOTIC: [8] Undefined index: p C:\xampp\htdocs\aiston\Application\Runtime\Cache\Home\2a94b8bda04ff446dcedd42276fc99ee.php 第 154 行.
NOTIC: [8] Undefined index: p C:\xampp\htdocs\aiston\Application\Runtime\Cache\Home\2a94b8bda04ff446dcedd42276fc99ee.php 第 161 行.
NOTIC: [8] Undefined index: p C:\xampp\htdocs\aiston\Application\Runtime\Cache\Home\2a94b8bda04ff446dcedd42276fc99ee.php 第 161 行.
INFO: Run Behavior\ParseTemplateBehavior [ RunTime:0.014622s ]
INFO: [ view_parse ] --END-- [ RunTime:0.014682s ]
INFO: [ view_filter ] --START--
INFO: Run Behavior\WriteHtmlCacheBehavior [ RunTime:0.000666s ]
INFO: [ view_filter ] --END-- [ RunTime:0.000718s ]
INFO: [ app_end ] --START--
INFO: Run Behavior\ShowPageTraceBehavior [ RunTime:0.001196s ]
INFO: [ app_end ] --END-- [ RunTime:0.001276s ]

[ 2016-04-25T22:28:52+08:00 ] ::1 /
INFO: [ app_init ] --START--
INFO: Run Behavior\BuildLiteBehavior [ RunTime:0.000016s ]
INFO: [ app_init ] --END-- [ RunTime:0.000510s ]
INFO: [ app_begin ] --START--
INFO: Run Behavior\ReadHtmlCacheBehavior [ RunTime:0.000773s ]
INFO: [ app_begin ] --END-- [ RunTime:0.000853s ]
SQL: SHOW COLUMNS FROM `ast_banner` [ RunTime:0.0039s ]
SQL: SELECT * FROM `ast_banner`  [ RunTime:0.0006s ]
SQL: SHOW COLUMNS FROM `ast_link` [ RunTime:0.0054s ]
SQL: SELECT * FROM `ast_link`  [ RunTime:0.0006s ]
SQL: SHOW COLUMNS FROM `ast_company` [ RunTime:0.0036s ]
SQL: SHOW COLUMNS FROM `ast_article` [ RunTime:0.0036s ]
SQL: SHOW COLUMNS FROM `ast_product` [ RunTime:0.0043s ]
SQL: SHOW COLUMNS FROM `ast_procate` [ RunTime:0.0034s ]
SQL: SELECT * FROM `ast_procate` LIMIT 3   [ RunTime:0.0003s ]
SQL: SELECT * FROM `ast_article`  [ RunTime:0.0003s ]
SQL: SELECT * FROM `ast_company`  [ RunTime:0.0002s ]
SQL: SELECT * FROM `ast_article` LIMIT 0,4   [ RunTime:0.0003s ]
INFO: [ view_parse ] --START--
INFO: [ template_filter ] --START--
INFO: Run Behavior\ContentReplaceBehavior [ RunTime:0.000173s ]
INFO: [ template_filter ] --END-- [ RunTime:0.000248s ]
NOTIC: [8] Undefined index: p C:\xampp\htdocs\aiston\Application\Runtime\Cache\Home\2a94b8bda04ff446dcedd42276fc99ee.php 第 154 行.
NOTIC: [8] Undefined index: p C:\xampp\htdocs\aiston\Application\Runtime\Cache\Home\2a94b8bda04ff446dcedd42276fc99ee.php 第 161 行.
NOTIC: [8] Undefined index: p C:\xampp\htdocs\aiston\Application\Runtime\Cache\Home\2a94b8bda04ff446dcedd42276fc99ee.php 第 161 行.
INFO: Run Behavior\ParseTemplateBehavior [ RunTime:0.013752s ]
INFO: [ view_parse ] --END-- [ RunTime:0.013815s ]
INFO: [ view_filter ] --START--
INFO: Run Behavior\WriteHtmlCacheBehavior [ RunTime:0.000556s ]
INFO: [ view_filter ] --END-- [ RunTime:0.000607s ]
INFO: [ app_end ] --START--
INFO: Run Behavior\ShowPageTraceBehavior [ RunTime:0.001051s ]
INFO: [ app_end ] --END-- [ RunTime:0.001142s ]

[ 2016-04-25T22:28:56+08:00 ] ::1 /index.php/Home/Branch/index
INFO: [ app_init ] --START--
INFO: Run Behavior\BuildLiteBehavior [ RunTime:0.000017s ]
INFO: [ app_init ] --END-- [ RunTime:0.000463s ]
INFO: [ app_begin ] --START--
INFO: Run Behavior\ReadHtmlCacheBehavior [ RunTime:0.000741s ]
INFO: [ app_begin ] --END-- [ RunTime:0.000817s ]
SQL: SHOW COLUMNS FROM `ast_banner` [ RunTime:0.0042s ]
SQL: SELECT * FROM `ast_banner`  [ RunTime:0.0005s ]
SQL: SHOW COLUMNS FROM `ast_link` [ RunTime:0.0037s ]
SQL: SELECT * FROM `ast_link`  [ RunTime:0.0003s ]
SQL: SHOW COLUMNS FROM `ast_words_link` [ RunTime:0.0066s ]
SQL: SELECT * FROM `ast_words_link`  [ RunTime:0.0007s ]
INFO: [ view_parse ] --START--
INFO: [ template_filter ] --START--
INFO: Run Behavior\ContentReplaceBehavior [ RunTime:0.000175s ]
INFO: [ template_filter ] --END-- [ RunTime:0.000292s ]
INFO: Run Behavior\ParseTemplateBehavior [ RunTime:0.013760s ]
INFO: [ view_parse ] --END-- [ RunTime:0.013853s ]
INFO: [ view_filter ] --START--
INFO: Run Behavior\WriteHtmlCacheBehavior [ RunTime:0.000519s ]
INFO: [ view_filter ] --END-- [ RunTime:0.000572s ]
INFO: [ app_end ] --START--
INFO: Run Behavior\ShowPageTraceBehavior [ RunTime:0.001081s ]
INFO: [ app_end ] --END-- [ RunTime:0.001163s ]

[ 2016-04-25T22:29:07+08:00 ] ::1 /index.php/Home/Branch/detail/id/2
INFO: [ app_init ] --START--
INFO: Run Behavior\BuildLiteBehavior [ RunTime:0.000016s ]
INFO: [ app_init ] --END-- [ RunTime:0.000552s ]
INFO: [ app_begin ] --START--
INFO: Run Behavior\ReadHtmlCacheBehavior [ RunTime:0.001008s ]
INFO: [ app_begin ] --END-- [ RunTime:0.001075s ]
SQL: SHOW COLUMNS FROM `ast_banner` [ RunTime:0.0038s ]
SQL: SELECT * FROM `ast_banner`  [ RunTime:0.0004s ]
SQL: SHOW COLUMNS FROM `ast_link` [ RunTime:0.0037s ]
SQL: SELECT * FROM `ast_link`  [ RunTime:0.0003s ]
SQL: SHOW COLUMNS FROM `ast_words_link` [ RunTime:0.0037s ]
SQL: SELECT * FROM `ast_words_link` WHERE `w_id` = 2  [ RunTime:0.0006s ]
SQL: SELECT * FROM `ast_words_link`  [ RunTime:0.0004s ]
INFO: [ view_parse ] --START--
INFO: [ template_filter ] --START--
INFO: Run Behavior\ContentReplaceBehavior [ RunTime:0.000110s ]
INFO: [ template_filter ] --END-- [ RunTime:0.000175s ]
INFO: Run Behavior\ParseTemplateBehavior [ RunTime:0.013787s ]
INFO: [ view_parse ] --END-- [ RunTime:0.013867s ]
INFO: [ view_filter ] --START--
INFO: Run Behavior\WriteHtmlCacheBehavior [ RunTime:0.000673s ]
INFO: [ view_filter ] --END-- [ RunTime:0.000724s ]
INFO: [ app_end ] --START--
INFO: Run Behavior\ShowPageTraceBehavior [ RunTime:0.000885s ]
INFO: [ app_end ] --END-- [ RunTime:0.000937s ]

[ 2016-04-25T22:29:10+08:00 ] ::1 /index.php/Home/Branch/detail/id/1
INFO: [ app_init ] --START--
INFO: Run Behavior\BuildLiteBehavior [ RunTime:0.000016s ]
INFO: [ app_init ] --END-- [ RunTime:0.000466s ]
INFO: [ app_begin ] --START--
INFO: Run Behavior\ReadHtmlCacheBehavior [ RunTime:0.000720s ]
INFO: [ app_begin ] --END-- [ RunTime:0.000785s ]
SQL: SHOW COLUMNS FROM `ast_banner` [ RunTime:0.0040s ]
SQL: SELECT * FROM `ast_banner`  [ RunTime:0.0004s ]
SQL: SHOW COLUMNS FROM `ast_link` [ RunTime:0.0034s ]
SQL: SELECT * FROM `ast_link`  [ RunTime:0.0003s ]
SQL: SHOW COLUMNS FROM `ast_words_link` [ RunTime:0.0038s ]
SQL: SELECT * FROM `ast_words_link` WHERE `w_id` = 1  [ RunTime:0.0006s ]
SQL: SELECT * FROM `ast_words_link`  [ RunTime:0.0004s ]
INFO: [ view_parse ] --START--
INFO: [ template_filter ] --START--
INFO: Run Behavior\ContentReplaceBehavior [ RunTime:0.000111s ]
INFO: [ template_filter ] --END-- [ RunTime:0.000171s ]
INFO: Run Behavior\ParseTemplateBehavior [ RunTime:0.010424s ]
INFO: [ view_parse ] --END-- [ RunTime:0.010506s ]
INFO: [ view_filter ] --START--
INFO: Run Behavior\WriteHtmlCacheBehavior [ RunTime:0.000527s ]
INFO: [ view_filter ] --END-- [ RunTime:0.000583s ]
INFO: [ app_end ] --START--
INFO: Run Behavior\ShowPageTraceBehavior [ RunTime:0.001211s ]
INFO: [ app_end ] --END-- [ RunTime:0.001320s ]

[ 2016-04-25T22:29:45+08:00 ] ::1 /index.php/Home/Branch/detail/id/1
INFO: [ app_init ] --START--
INFO: Run Behavior\BuildLiteBehavior [ RunTime:0.000018s ]
INFO: [ app_init ] --END-- [ RunTime:0.000525s ]
INFO: [ app_begin ] --START--
INFO: Run Behavior\ReadHtmlCacheBehavior [ RunTime:0.003035s ]
INFO: [ app_begin ] --END-- [ RunTime:0.003267s ]
SQL: SHOW COLUMNS FROM `ast_banner` [ RunTime:0.0066s ]
SQL: SELECT * FROM `ast_banner`  [ RunTime:0.0019s ]
SQL: SHOW COLUMNS FROM `ast_link` [ RunTime:0.0071s ]
SQL: SELECT * FROM `ast_link`  [ RunTime:0.0005s ]
SQL: SHOW COLUMNS FROM `ast_words_link` [ RunTime:0.0071s ]
SQL: SELECT * FROM `ast_words_link` WHERE `w_id` = 1  [ RunTime:0.0009s ]
SQL: SELECT * FROM `ast_words_link`  [ RunTime:0.0013s ]
INFO: [ view_parse ] --START--
INFO: [ template_filter ] --START--
INFO: Run Behavior\ContentReplaceBehavior [ RunTime:0.000120s ]
INFO: [ template_filter ] --END-- [ RunTime:0.000193s ]
INFO: Run Behavior\ParseTemplateBehavior [ RunTime:0.019808s ]
INFO: [ view_parse ] --END-- [ RunTime:0.019942s ]
INFO: [ view_filter ] --START--
INFO: Run Behavior\WriteHtmlCacheBehavior [ RunTime:0.000913s ]
INFO: [ view_filter ] --END-- [ RunTime:0.001006s ]
INFO: [ app_end ] --START--
INFO: Run Behavior\ShowPageTraceBehavior [ RunTime:0.002295s ]
INFO: [ app_end ] --END-- [ RunTime:0.002493s ]

[ 2016-04-25T22:33:46+08:00 ] ::1 /index.php/Home/Walkto/index
INFO: [ app_init ] --START--
INFO: Run Behavior\BuildLiteBehavior [ RunTime:0.000019s ]
INFO: [ app_init ] --END-- [ RunTime:0.000581s ]
INFO: [ app_begin ] --START--
INFO: Run Behavior\ReadHtmlCacheBehavior [ RunTime:0.001445s ]
INFO: [ app_begin ] --END-- [ RunTime:0.001531s ]
SQL: SHOW COLUMNS FROM `ast_banner` [ RunTime:0.0037s ]
SQL: SELECT * FROM `ast_banner`  [ RunTime:0.0004s ]
SQL: SHOW COLUMNS FROM `ast_link` [ RunTime:0.0035s ]
SQL: SELECT * FROM `ast_link`  [ RunTime:0.0003s ]
SQL: SHOW COLUMNS FROM `ast_about` [ RunTime:0.0051s ]
SQL: SELECT * FROM `ast_about`  [ RunTime:0.0004s ]
SQL: SELECT * FROM `ast_about` WHERE `ast_aid` = 1  [ RunTime:0.0003s ]
INFO: [ view_parse ] --START--
INFO: [ template_filter ] --START--
INFO: Run Behavior\ContentReplaceBehavior [ RunTime:0.000125s ]
INFO: [ template_filter ] --END-- [ RunTime:0.000194s ]
INFO: Run Behavior\ParseTemplateBehavior [ RunTime:0.013934s ]
INFO: [ view_parse ] --END-- [ RunTime:0.014019s ]
INFO: [ view_filter ] --START--
INFO: Run Behavior\WriteHtmlCacheBehavior [ RunTime:0.000679s ]
INFO: [ view_filter ] --END-- [ RunTime:0.000730s ]
INFO: [ app_end ] --START--
INFO: Run Behavior\ShowPageTraceBehavior [ RunTime:0.000947s ]
INFO: [ app_end ] --END-- [ RunTime:0.001012s ]

[ 2016-04-25T22:34:58+08:00 ] ::1 /index.php/Home/Walkto/index
INFO: [ app_init ] --START--
INFO: Run Behavior\BuildLiteBehavior [ RunTime:0.000018s ]
INFO: [ app_init ] --END-- [ RunTime:0.000469s ]
INFO: [ app_begin ] --START--
INFO: Run Behavior\ReadHtmlCacheBehavior [ RunTime:0.000730s ]
INFO: [ app_begin ] --END-- [ RunTime:0.000794s ]
SQL: SHOW COLUMNS FROM `ast_banner` [ RunTime:0.0040s ]
SQL: SELECT * FROM `ast_banner`  [ RunTime:0.0004s ]
SQL: SHOW COLUMNS FROM `ast_link` [ RunTime:0.0035s ]
SQL: SELECT * FROM `ast_link`  [ RunTime:0.0003s ]
SQL: SHOW COLUMNS FROM `ast_about` [ RunTime:0.0037s ]
SQL: SELECT * FROM `ast_about`  [ RunTime:0.0004s ]
SQL: SELECT * FROM `ast_about` WHERE `ast_aid` = 1  [ RunTime:0.0003s ]
INFO: [ view_parse ] --START--
INFO: [ template_filter ] --START--
INFO: Run Behavior\ContentReplaceBehavior [ RunTime:0.000124s ]
INFO: [ template_filter ] --END-- [ RunTime:0.000204s ]
INFO: Run Behavior\ParseTemplateBehavior [ RunTime:0.012310s ]
INFO: [ view_parse ] --END-- [ RunTime:0.012469s ]
INFO: [ view_filter ] --START--
INFO: Run Behavior\WriteHtmlCacheBehavior [ RunTime:0.000581s ]
INFO: [ view_filter ] --END-- [ RunTime:0.000641s ]
INFO: [ app_end ] --START--
INFO: Run Behavior\ShowPageTraceBehavior [ RunTime:0.001315s ]
INFO: [ app_end ] --END-- [ RunTime:0.001428s ]

[ 2016-04-25T22:36:32+08:00 ] ::1 /index.php/Home/Walkto/index
INFO: [ app_init ] --START--
INFO: Run Behavior\BuildLiteBehavior [ RunTime:0.000016s ]
INFO: [ app_init ] --END-- [ RunTime:0.000579s ]
INFO: [ app_begin ] --START--
INFO: Run Behavior\ReadHtmlCacheBehavior [ RunTime:0.001380s ]
INFO: [ app_begin ] --END-- [ RunTime:0.001487s ]
SQL: SHOW COLUMNS FROM `ast_banner` [ RunTime:0.0037s ]
SQL: SELECT * FROM `ast_banner`  [ RunTime:0.0004s ]
SQL: SHOW COLUMNS FROM `ast_link` [ RunTime:0.0033s ]
SQL: SELECT * FROM `ast_link`  [ RunTime:0.0003s ]
SQL: SHOW COLUMNS FROM `ast_about` [ RunTime:0.0036s ]
SQL: SELECT * FROM `ast_about`  [ RunTime:0.0004s ]
SQL: SELECT * FROM `ast_about` WHERE `ast_aid` = 1  [ RunTime:0.0002s ]
INFO: [ view_parse ] --START--
INFO: [ template_filter ] --START--
INFO: Run Behavior\ContentReplaceBehavior [ RunTime:0.000109s ]
INFO: [ template_filter ] --END-- [ RunTime:0.000171s ]
INFO: Run Behavior\ParseTemplateBehavior [ RunTime:0.014202s ]
INFO: [ view_parse ] --END-- [ RunTime:0.014379s ]
INFO: [ view_filter ] --START--
INFO: Run Behavior\WriteHtmlCacheBehavior [ RunTime:0.000687s ]
INFO: [ view_filter ] --END-- [ RunTime:0.000738s ]
INFO: [ app_end ] --START--
INFO: Run Behavior\ShowPageTraceBehavior [ RunTime:0.001302s ]
INFO: [ app_end ] --END-- [ RunTime:0.001409s ]

[ 2016-04-25T22:37:58+08:00 ] ::1 /index.php/Home/Walkto/index
INFO: [ app_init ] --START--
INFO: Run Behavior\BuildLiteBehavior [ RunTime:0.000032s ]
INFO: [ app_init ] --END-- [ RunTime:0.001190s ]
INFO: [ app_begin ] --START--
INFO: Run Behavior\ReadHtmlCacheBehavior [ RunTime:0.001234s ]
INFO: [ app_begin ] --END-- [ RunTime:0.001347s ]
SQL: SHOW COLUMNS FROM `ast_banner` [ RunTime:0.0049s ]
SQL: SELECT * FROM `ast_banner`  [ RunTime:0.0005s ]
SQL: SHOW COLUMNS FROM `ast_link` [ RunTime:0.0069s ]
SQL: SELECT * FROM `ast_link`  [ RunTime:0.0016s ]
SQL: SHOW COLUMNS FROM `ast_about` [ RunTime:0.0047s ]
SQL: SELECT * FROM `ast_about`  [ RunTime:0.0004s ]
SQL: SELECT * FROM `ast_about` WHERE `ast_aid` = 1  [ RunTime:0.0008s ]
INFO: [ view_parse ] --START--
INFO: [ template_filter ] --START--
INFO: Run Behavior\ContentReplaceBehavior [ RunTime:0.000190s ]
INFO: [ template_filter ] --END-- [ RunTime:0.000321s ]
INFO: Run Behavior\ParseTemplateBehavior [ RunTime:0.022094s ]
INFO: [ view_parse ] --END-- [ RunTime:0.022321s ]
INFO: [ view_filter ] --START--
INFO: Run Behavior\WriteHtmlCacheBehavior [ RunTime:0.001928s ]
INFO: [ view_filter ] --END-- [ RunTime:0.002145s ]
INFO: [ app_end ] --START--
INFO: Run Behavior\ShowPageTraceBehavior [ RunTime:0.002551s ]
INFO: [ app_end ] --END-- [ RunTime:0.002680s ]

[ 2016-04-25T22:44:10+08:00 ] ::1 /index.php/Home/Index
INFO: [ app_init ] --START--
INFO: Run Behavior\BuildLiteBehavior [ RunTime:0.000035s ]
INFO: [ app_init ] --END-- [ RunTime:0.000725s ]
INFO: [ app_begin ] --START--
INFO: Run Behavior\ReadHtmlCacheBehavior [ RunTime:0.001079s ]
INFO: [ app_begin ] --END-- [ RunTime:0.001161s ]
SQL: SHOW COLUMNS FROM `ast_banner` [ RunTime:0.0057s ]
SQL: SELECT * FROM `ast_banner`  [ RunTime:0.0007s ]
SQL: SHOW COLUMNS FROM `ast_link` [ RunTime:0.0046s ]
SQL: SELECT * FROM `ast_link`  [ RunTime:0.0004s ]
SQL: SHOW COLUMNS FROM `ast_company` [ RunTime:0.0050s ]
SQL: SHOW COLUMNS FROM `ast_article` [ RunTime:0.0044s ]
SQL: SHOW COLUMNS FROM `ast_product` [ RunTime:0.0037s ]
SQL: SHOW COLUMNS FROM `ast_procate` [ RunTime:0.0034s ]
SQL: SELECT * FROM `ast_procate` LIMIT 3   [ RunTime:0.0003s ]
SQL: SELECT * FROM `ast_article`  [ RunTime:0.0004s ]
SQL: SELECT * FROM `ast_company`  [ RunTime:0.0002s ]
SQL: SELECT * FROM `ast_article` LIMIT 0,4   [ RunTime:0.0005s ]
INFO: [ view_parse ] --START--
INFO: [ template_filter ] --START--
INFO: Run Behavior\ContentReplaceBehavior [ RunTime:0.000157s ]
INFO: [ template_filter ] --END-- [ RunTime:0.000222s ]
NOTIC: [8] Undefined index: p C:\xampp\htdocs\aiston\Application\Runtime\Cache\Home\2a94b8bda04ff446dcedd42276fc99ee.php 第 154 行.
NOTIC: [8] Undefined index: p C:\xampp\htdocs\aiston\Application\Runtime\Cache\Home\2a94b8bda04ff446dcedd42276fc99ee.php 第 161 行.
NOTIC: [8] Undefined index: p C:\xampp\htdocs\aiston\Application\Runtime\Cache\Home\2a94b8bda04ff446dcedd42276fc99ee.php 第 161 行.
INFO: Run Behavior\ParseTemplateBehavior [ RunTime:0.017164s ]
INFO: [ view_parse ] --END-- [ RunTime:0.017251s ]
INFO: [ view_filter ] --START--
INFO: Run Behavior\WriteHtmlCacheBehavior [ RunTime:0.000872s ]
INFO: [ view_filter ] --END-- [ RunTime:0.000947s ]
INFO: [ app_end ] --START--
INFO: Run Behavior\ShowPageTraceBehavior [ RunTime:0.001435s ]
INFO: [ app_end ] --END-- [ RunTime:0.001529s ]

[ 2016-04-25T22:44:24+08:00 ] ::1 /index.php/Home/Branch/index
INFO: [ app_init ] --START--
INFO: Run Behavior\BuildLiteBehavior [ RunTime:0.000017s ]
INFO: [ app_init ] --END-- [ RunTime:0.000473s ]
INFO: [ app_begin ] --START--
INFO: Run Behavior\ReadHtmlCacheBehavior [ RunTime:0.000722s ]
INFO: [ app_begin ] --END-- [ RunTime:0.000785s ]
SQL: SHOW COLUMNS FROM `ast_banner` [ RunTime:0.0048s ]
SQL: SELECT * FROM `ast_banner`  [ RunTime:0.0005s ]
SQL: SHOW COLUMNS FROM `ast_link` [ RunTime:0.0037s ]
SQL: SELECT * FROM `ast_link`  [ RunTime:0.0003s ]
SQL: SHOW COLUMNS FROM `ast_words_link` [ RunTime:0.0035s ]
SQL: SELECT * FROM `ast_words_link`  [ RunTime:0.0004s ]
INFO: [ view_parse ] --START--
INFO: [ template_filter ] --START--
INFO: Run Behavior\ContentReplaceBehavior [ RunTime:0.000156s ]
INFO: [ template_filter ] --END-- [ RunTime:0.000250s ]
INFO: Run Behavior\ParseTemplateBehavior [ RunTime:0.014063s ]
INFO: [ view_parse ] --END-- [ RunTime:0.014151s ]
INFO: [ view_filter ] --START--
INFO: Run Behavior\WriteHtmlCacheBehavior [ RunTime:0.000497s ]
INFO: [ view_filter ] --END-- [ RunTime:0.000556s ]
INFO: [ app_end ] --START--
INFO: Run Behavior\ShowPageTraceBehavior [ RunTime:0.001274s ]
INFO: [ app_end ] --END-- [ RunTime:0.001360s ]

[ 2016-04-25T22:44:26+08:00 ] ::1 /index.php/Home/News/index
INFO: [ app_init ] --START--
INFO: Run Behavior\BuildLiteBehavior [ RunTime:0.000017s ]
INFO: [ app_init ] --END-- [ RunTime:0.000492s ]
INFO: [ app_begin ] --START--
INFO: Run Behavior\ReadHtmlCacheBehavior [ RunTime:0.000737s ]
INFO: [ app_begin ] --END-- [ RunTime:0.000799s ]
SQL: SHOW COLUMNS FROM `ast_banner` [ RunTime:0.0039s ]
SQL: SELECT * FROM `ast_banner`  [ RunTime:0.0005s ]
SQL: SHOW COLUMNS FROM `ast_link` [ RunTime:0.0035s ]
SQL: SELECT * FROM `ast_link`  [ RunTime:0.0003s ]
SQL: SHOW COLUMNS FROM `ast_article` [ RunTime:0.0040s ]
SQL: SELECT * FROM `ast_article`  [ RunTime:0.0006s ]
SQL: SHOW COLUMNS FROM `ast_artcate` [ RunTime:0.0074s ]
SQL: SELECT * FROM `ast_artcate`  [ RunTime:0.0004s ]
NOTIC: [8] Undefined index: id C:\xampp\htdocs\aiston\Application\Home\Controller\NewsController.class.php 第 27 行.
SQL: SELECT * FROM `ast_article` LIMIT 0,5   [ RunTime:0.0004s ]
INFO: [ view_parse ] --START--
INFO: [ template_filter ] --START--
INFO: Run Behavior\ContentReplaceBehavior [ RunTime:0.000138s ]
INFO: [ template_filter ] --END-- [ RunTime:0.000205s ]
NOTIC: [8] Undefined index: p C:\xampp\htdocs\aiston\Application\Runtime\Cache\Home\3e24b471de08a8366f7660bb176a5e74.php 第 129 行.
NOTIC: [8] Undefined index: p C:\xampp\htdocs\aiston\Application\Runtime\Cache\Home\3e24b471de08a8366f7660bb176a5e74.php 第 136 行.
NOTIC: [8] Undefined index: p C:\xampp\htdocs\aiston\Application\Runtime\Cache\Home\3e24b471de08a8366f7660bb176a5e74.php 第 136 行.
INFO: Run Behavior\ParseTemplateBehavior [ RunTime:0.014219s ]
INFO: [ view_parse ] --END-- [ RunTime:0.014287s ]
INFO: [ view_filter ] --START--
INFO: Run Behavior\WriteHtmlCacheBehavior [ RunTime:0.000516s ]
INFO: [ view_filter ] --END-- [ RunTime:0.000567s ]
INFO: [ app_end ] --START--
INFO: Run Behavior\ShowPageTraceBehavior [ RunTime:0.000957s ]
INFO: [ app_end ] --END-- [ RunTime:0.001036s ]

[ 2016-04-25T22:44:28+08:00 ] ::1 /index.php/Home/Invest/index
INFO: [ app_init ] --START--
INFO: Run Behavior\BuildLiteBehavior [ RunTime:0.000019s ]
INFO: [ app_init ] --END-- [ RunTime:0.000620s ]
INFO: [ app_begin ] --START--
INFO: Run Behavior\ReadHtmlCacheBehavior [ RunTime:0.001613s ]
INFO: [ app_begin ] --END-- [ RunTime:0.001719s ]
SQL: SHOW COLUMNS FROM `ast_banner` [ RunTime:0.0056s ]
SQL: SELECT * FROM `ast_banner`  [ RunTime:0.0004s ]
SQL: SHOW COLUMNS FROM `ast_link` [ RunTime:0.0058s ]
SQL: SELECT * FROM `ast_link`  [ RunTime:0.0006s ]
SQL: SHOW COLUMNS FROM `ast_invest` [ RunTime:0.0180s ]
SQL: SELECT * FROM `ast_invest` WHERE `i_id` > 2 ORDER BY i_class asc  [ RunTime:0.0015s ]
NOTIC: [8] Undefined index: de C:\xampp\htdocs\aiston\Application\Home\Controller\InvestController.class.php 第 38 行.
SQL: SELECT * FROM `ast_invest` LIMIT 0,5   [ RunTime:0.0004s ]
INFO: [ view_parse ] --START--
INFO: [ template_filter ] --START--
INFO: Run Behavior\ContentReplaceBehavior [ RunTime:0.000136s ]
INFO: [ template_filter ] --END-- [ RunTime:0.000203s ]
NOTIC: [8] Undefined index: p C:\xampp\htdocs\aiston\Application\Runtime\Cache\Home\9c7990c213bd240e3718ab347f5379d0.php 第 134 行.
NOTIC: [8] Undefined index: p C:\xampp\htdocs\aiston\Application\Runtime\Cache\Home\9c7990c213bd240e3718ab347f5379d0.php 第 141 行.
NOTIC: [8] Undefined index: p C:\xampp\htdocs\aiston\Application\Runtime\Cache\Home\9c7990c213bd240e3718ab347f5379d0.php 第 141 行.
INFO: Run Behavior\ParseTemplateBehavior [ RunTime:0.015582s ]
INFO: [ view_parse ] --END-- [ RunTime:0.015666s ]
INFO: [ view_filter ] --START--
INFO: Run Behavior\WriteHtmlCacheBehavior [ RunTime:0.001253s ]
INFO: [ view_filter ] --END-- [ RunTime:0.001341s ]
INFO: [ app_end ] --START--
INFO: Run Behavior\ShowPageTraceBehavior [ RunTime:0.001481s ]
INFO: [ app_end ] --END-- [ RunTime:0.001575s ]

[ 2016-04-25T22:44:30+08:00 ] ::1 /index.php/Home/Contact/index
INFO: [ app_init ] --START--
INFO: Run Behavior\BuildLiteBehavior [ RunTime:0.000017s ]
INFO: [ app_init ] --END-- [ RunTime:0.000486s ]
INFO: [ app_begin ] --START--
INFO: Run Behavior\ReadHtmlCacheBehavior [ RunTime:0.000759s ]
INFO: [ app_begin ] --END-- [ RunTime:0.000826s ]
SQL: SHOW COLUMNS FROM `ast_banner` [ RunTime:0.0045s ]
SQL: SELECT * FROM `ast_banner`  [ RunTime:0.0006s ]
SQL: SHOW COLUMNS FROM `ast_link` [ RunTime:0.0047s ]
SQL: SELECT * FROM `ast_link`  [ RunTime:0.0005s ]
SQL: SHOW COLUMNS FROM `ast_company` [ RunTime:0.0053s ]
SQL: SELECT * FROM `ast_company` WHERE `c_id` = 2  [ RunTime:0.0004s ]
INFO: [ view_parse ] --START--
INFO: [ template_filter ] --START--
INFO: Run Behavior\ContentReplaceBehavior [ RunTime:0.000112s ]
INFO: [ template_filter ] --END-- [ RunTime:0.000184s ]
INFO: Run Behavior\ParseTemplateBehavior [ RunTime:0.012828s ]
INFO: [ view_parse ] --END-- [ RunTime:0.012912s ]
INFO: [ view_filter ] --START--
INFO: Run Behavior\WriteHtmlCacheBehavior [ RunTime:0.000493s ]
INFO: [ view_filter ] --END-- [ RunTime:0.000541s ]
INFO: [ app_end ] --START--
INFO: Run Behavior\ShowPageTraceBehavior [ RunTime:0.000747s ]
INFO: [ app_end ] --END-- [ RunTime:0.000800s ]

[ 2016-04-25T22:44:32+08:00 ] ::1 /index.php/Home/Work/index
INFO: [ app_init ] --START--
INFO: Run Behavior\BuildLiteBehavior [ RunTime:0.000017s ]
INFO: [ app_init ] --END-- [ RunTime:0.000494s ]
INFO: [ app_begin ] --START--
INFO: Run Behavior\ReadHtmlCacheBehavior [ RunTime:0.000741s ]
INFO: [ app_begin ] --END-- [ RunTime:0.000805s ]
SQL: SHOW COLUMNS FROM `ast_banner` [ RunTime:0.0040s ]
SQL: SELECT * FROM `ast_banner`  [ RunTime:0.0004s ]
SQL: SHOW COLUMNS FROM `ast_link` [ RunTime:0.0037s ]
SQL: SELECT * FROM `ast_link`  [ RunTime:0.0004s ]
SQL: SHOW COLUMNS FROM `ast_work` [ RunTime:0.0206s ]
NOTIC: [8] Undefined index: title C:\xampp\htdocs\aiston\Application\Home\Controller\WorkController.class.php 第 15 行.
SQL: SELECT * FROM `ast_work` ORDER BY w_cateid asc  [ RunTime:0.0008s ]
SQL: SELECT * FROM `ast_work` LIMIT 0,6   [ RunTime:0.0005s ]
INFO: [ view_parse ] --START--
INFO: [ template_filter ] --START--
INFO: Run Behavior\ContentReplaceBehavior [ RunTime:0.000137s ]
INFO: [ template_filter ] --END-- [ RunTime:0.000205s ]
NOTIC: [8] Undefined index: title C:\xampp\htdocs\aiston\Application\Runtime\Cache\Home\cd94870f4e169b7378dd46d85635f0f4.php 第 114 行.
NOTIC: [8] Undefined index: p C:\xampp\htdocs\aiston\Application\Runtime\Cache\Home\cd94870f4e169b7378dd46d85635f0f4.php 第 140 行.
NOTIC: [8] Undefined index: p C:\xampp\htdocs\aiston\Application\Runtime\Cache\Home\cd94870f4e169b7378dd46d85635f0f4.php 第 148 行.
NOTIC: [8] Undefined index: p C:\xampp\htdocs\aiston\Application\Runtime\Cache\Home\cd94870f4e169b7378dd46d85635f0f4.php 第 148 行.
INFO: Run Behavior\ParseTemplateBehavior [ RunTime:0.012201s ]
INFO: [ view_parse ] --END-- [ RunTime:0.012265s ]
INFO: [ view_filter ] --START--
INFO: Run Behavior\WriteHtmlCacheBehavior [ RunTime:0.000514s ]
INFO: [ view_filter ] --END-- [ RunTime:0.000563s ]
INFO: [ app_end ] --START--
INFO: Run Behavior\ShowPageTraceBehavior [ RunTime:0.000993s ]
INFO: [ app_end ] --END-- [ RunTime:0.001079s ]

[ 2016-04-25T22:44:35+08:00 ] ::1 /index.php/Home/News/index
INFO: [ app_init ] --START--
INFO: Run Behavior\BuildLiteBehavior [ RunTime:0.000019s ]
INFO: [ app_init ] --END-- [ RunTime:0.000502s ]
INFO: [ app_begin ] --START--
INFO: Run Behavior\ReadHtmlCacheBehavior [ RunTime:0.000733s ]
INFO: [ app_begin ] --END-- [ RunTime:0.000796s ]
SQL: SHOW COLUMNS FROM `ast_banner` [ RunTime:0.0041s ]
SQL: SELECT * FROM `ast_banner`  [ RunTime:0.0004s ]
SQL: SHOW COLUMNS FROM `ast_link` [ RunTime:0.0033s ]
SQL: SELECT * FROM `ast_link`  [ RunTime:0.0003s ]
SQL: SHOW COLUMNS FROM `ast_article` [ RunTime:0.0038s ]
SQL: SELECT * FROM `ast_article`  [ RunTime:0.0004s ]
SQL: SHOW COLUMNS FROM `ast_artcate` [ RunTime:0.0038s ]
SQL: SELECT * FROM `ast_artcate`  [ RunTime:0.0003s ]
NOTIC: [8] Undefined index: id C:\xampp\htdocs\aiston\Application\Home\Controller\NewsController.class.php 第 27 行.
SQL: SELECT * FROM `ast_article` LIMIT 0,5   [ RunTime:0.0004s ]
INFO: [ view_parse ] --START--
INFO: [ template_filter ] --START--
INFO: Run Behavior\ContentReplaceBehavior [ RunTime:0.000124s ]
INFO: [ template_filter ] --END-- [ RunTime:0.000194s ]
NOTIC: [8] Undefined index: p C:\xampp\htdocs\aiston\Application\Runtime\Cache\Home\3e24b471de08a8366f7660bb176a5e74.php 第 129 行.
NOTIC: [8] Undefined index: p C:\xampp\htdocs\aiston\Application\Runtime\Cache\Home\3e24b471de08a8366f7660bb176a5e74.php 第 136 行.
NOTIC: [8] Undefined index: p C:\xampp\htdocs\aiston\Application\Runtime\Cache\Home\3e24b471de08a8366f7660bb176a5e74.php 第 136 行.
INFO: Run Behavior\ParseTemplateBehavior [ RunTime:0.015137s ]
INFO: [ view_parse ] --END-- [ RunTime:0.015199s ]
INFO: [ view_filter ] --START--
INFO: Run Behavior\WriteHtmlCacheBehavior [ RunTime:0.000511s ]
INFO: [ view_filter ] --END-- [ RunTime:0.000560s ]
INFO: [ app_end ] --START--
INFO: Run Behavior\ShowPageTraceBehavior [ RunTime:0.001605s ]
INFO: [ app_end ] --END-- [ RunTime:0.001691s ]

[ 2016-04-25T22:44:36+08:00 ] ::1 /index.php/Home/Branch/index
INFO: [ app_init ] --START--
INFO: Run Behavior\BuildLiteBehavior [ RunTime:0.000018s ]
INFO: [ app_init ] --END-- [ RunTime:0.000494s ]
INFO: [ app_begin ] --START--
INFO: Run Behavior\ReadHtmlCacheBehavior [ RunTime:0.000744s ]
INFO: [ app_begin ] --END-- [ RunTime:0.000808s ]
SQL: SHOW COLUMNS FROM `ast_banner` [ RunTime:0.0041s ]
SQL: SELECT * FROM `ast_banner`  [ RunTime:0.0004s ]
SQL: SHOW COLUMNS FROM `ast_link` [ RunTime:0.0039s ]
SQL: SELECT * FROM `ast_link`  [ RunTime:0.0004s ]
SQL: SHOW COLUMNS FROM `ast_words_link` [ RunTime:0.0042s ]
SQL: SELECT * FROM `ast_words_link`  [ RunTime:0.0004s ]
INFO: [ view_parse ] --START--
INFO: [ template_filter ] --START--
INFO: Run Behavior\ContentReplaceBehavior [ RunTime:0.000170s ]
INFO: [ template_filter ] --END-- [ RunTime:0.000266s ]
INFO: Run Behavior\ParseTemplateBehavior [ RunTime:0.013569s ]
INFO: [ view_parse ] --END-- [ RunTime:0.013660s ]
INFO: [ view_filter ] --START--
INFO: Run Behavior\WriteHtmlCacheBehavior [ RunTime:0.000535s ]
INFO: [ view_filter ] --END-- [ RunTime:0.000589s ]
INFO: [ app_end ] --START--
INFO: Run Behavior\ShowPageTraceBehavior [ RunTime:0.001199s ]
INFO: [ app_end ] --END-- [ RunTime:0.001286s ]

[ 2016-04-25T22:44:37+08:00 ] ::1 /index.php/Home/Walkto/index
INFO: [ app_init ] --START--
INFO: Run Behavior\BuildLiteBehavior [ RunTime:0.000020s ]
INFO: [ app_init ] --END-- [ RunTime:0.000556s ]
INFO: [ app_begin ] --START--
INFO: Run Behavior\ReadHtmlCacheBehavior [ RunTime:0.000758s ]
INFO: [ app_begin ] --END-- [ RunTime:0.000827s ]
SQL: SHOW COLUMNS FROM `ast_banner` [ RunTime:0.0038s ]
SQL: SELECT * FROM `ast_banner`  [ RunTime:0.0003s ]
SQL: SHOW COLUMNS FROM `ast_link` [ RunTime:0.0035s ]
SQL: SELECT * FROM `ast_link`  [ RunTime:0.0003s ]
SQL: SHOW COLUMNS FROM `ast_about` [ RunTime:0.0036s ]
SQL: SELECT * FROM `ast_about`  [ RunTime:0.0003s ]
SQL: SELECT * FROM `ast_about` WHERE `ast_aid` = 1  [ RunTime:0.0002s ]
INFO: [ view_parse ] --START--
INFO: [ template_filter ] --START--
INFO: Run Behavior\ContentReplaceBehavior [ RunTime:0.000112s ]
INFO: [ template_filter ] --END-- [ RunTime:0.000177s ]
INFO: Run Behavior\ParseTemplateBehavior [ RunTime:0.011702s ]
INFO: [ view_parse ] --END-- [ RunTime:0.011795s ]
INFO: [ view_filter ] --START--
INFO: Run Behavior\WriteHtmlCacheBehavior [ RunTime:0.000528s ]
INFO: [ view_filter ] --END-- [ RunTime:0.000592s ]
INFO: [ app_end ] --START--
INFO: Run Behavior\ShowPageTraceBehavior [ RunTime:0.001630s ]
INFO: [ app_end ] --END-- [ RunTime:0.001745s ]

[ 2016-04-25T22:44:46+08:00 ] ::1 /index.php/Home/Branch/index
INFO: [ app_init ] --START--
INFO: Run Behavior\BuildLiteBehavior [ RunTime:0.000019s ]
INFO: [ app_init ] --END-- [ RunTime:0.000591s ]
INFO: [ app_begin ] --START--
INFO: Run Behavior\ReadHtmlCacheBehavior [ RunTime:0.000755s ]
INFO: [ app_begin ] --END-- [ RunTime:0.000819s ]
SQL: SHOW COLUMNS FROM `ast_banner` [ RunTime:0.0039s ]
SQL: SELECT * FROM `ast_banner`  [ RunTime:0.0004s ]
SQL: SHOW COLUMNS FROM `ast_link` [ RunTime:0.0036s ]
SQL: SELECT * FROM `ast_link`  [ RunTime:0.0003s ]
SQL: SHOW COLUMNS FROM `ast_words_link` [ RunTime:0.0036s ]
SQL: SELECT * FROM `ast_words_link`  [ RunTime:0.0003s ]
INFO: [ view_parse ] --START--
INFO: [ template_filter ] --START--
INFO: Run Behavior\ContentReplaceBehavior [ RunTime:0.000150s ]
INFO: [ template_filter ] --END-- [ RunTime:0.000243s ]
INFO: Run Behavior\ParseTemplateBehavior [ RunTime:0.013516s ]
INFO: [ view_parse ] --END-- [ RunTime:0.013603s ]
INFO: [ view_filter ] --START--
INFO: Run Behavior\WriteHtmlCacheBehavior [ RunTime:0.000522s ]
INFO: [ view_filter ] --END-- [ RunTime:0.000573s ]
INFO: [ app_end ] --START--
INFO: Run Behavior\ShowPageTraceBehavior [ RunTime:0.001062s ]
INFO: [ app_end ] --END-- [ RunTime:0.001151s ]

[ 2016-04-25T22:44:48+08:00 ] ::1 /index.php/Home/News/index
INFO: [ app_init ] --START--
INFO: Run Behavior\BuildLiteBehavior [ RunTime:0.000017s ]
INFO: [ app_init ] --END-- [ RunTime:0.000466s ]
INFO: [ app_begin ] --START--
INFO: Run Behavior\ReadHtmlCacheBehavior [ RunTime:0.000720s ]
INFO: [ app_begin ] --END-- [ RunTime:0.000786s ]
SQL: SHOW COLUMNS FROM `ast_banner` [ RunTime:0.0038s ]
SQL: SELECT * FROM `ast_banner`  [ RunTime:0.0004s ]
SQL: SHOW COLUMNS FROM `ast_link` [ RunTime:0.0037s ]
SQL: SELECT * FROM `ast_link`  [ RunTime:0.0004s ]
SQL: SHOW COLUMNS FROM `ast_article` [ RunTime:0.0039s ]
SQL: SELECT * FROM `ast_article`  [ RunTime:0.0004s ]
SQL: SHOW COLUMNS FROM `ast_artcate` [ RunTime:0.0035s ]
SQL: SELECT * FROM `ast_artcate`  [ RunTime:0.0003s ]
NOTIC: [8] Undefined index: id C:\xampp\htdocs\aiston\Application\Home\Controller\NewsController.class.php 第 27 行.
SQL: SELECT * FROM `ast_article` LIMIT 0,5   [ RunTime:0.0004s ]
INFO: [ view_parse ] --START--
INFO: [ template_filter ] --START--
INFO: Run Behavior\ContentReplaceBehavior [ RunTime:0.000123s ]
INFO: [ template_filter ] --END-- [ RunTime:0.000188s ]
NOTIC: [8] Undefined index: p C:\xampp\htdocs\aiston\Application\Runtime\Cache\Home\3e24b471de08a8366f7660bb176a5e74.php 第 129 行.
NOTIC: [8] Undefined index: p C:\xampp\htdocs\aiston\Application\Runtime\Cache\Home\3e24b471de08a8366f7660bb176a5e74.php 第 136 行.
NOTIC: [8] Undefined index: p C:\xampp\htdocs\aiston\Application\Runtime\Cache\Home\3e24b471de08a8366f7660bb176a5e74.php 第 136 行.
INFO: Run Behavior\ParseTemplateBehavior [ RunTime:0.014452s ]
INFO: [ view_parse ] --END-- [ RunTime:0.014513s ]
INFO: [ view_filter ] --START--
INFO: Run Behavior\WriteHtmlCacheBehavior [ RunTime:0.000503s ]
INFO: [ view_filter ] --END-- [ RunTime:0.000554s ]
INFO: [ app_end ] --START--
INFO: Run Behavior\ShowPageTraceBehavior [ RunTime:0.001089s ]
INFO: [ app_end ] --END-- [ RunTime:0.001177s ]

[ 2016-04-25T22:44:50+08:00 ] ::1 /index.php/Home/Invest/index
INFO: [ app_init ] --START--
INFO: Run Behavior\BuildLiteBehavior [ RunTime:0.000018s ]
INFO: [ app_init ] --END-- [ RunTime:0.000479s ]
INFO: [ app_begin ] --START--
INFO: Run Behavior\ReadHtmlCacheBehavior [ RunTime:0.000753s ]
INFO: [ app_begin ] --END-- [ RunTime:0.000818s ]
SQL: SHOW COLUMNS FROM `ast_banner` [ RunTime:0.0039s ]
SQL: SELECT * FROM `ast_banner`  [ RunTime:0.0004s ]
SQL: SHOW COLUMNS FROM `ast_link` [ RunTime:0.0034s ]
SQL: SELECT * FROM `ast_link`  [ RunTime:0.0003s ]
SQL: SHOW COLUMNS FROM `ast_invest` [ RunTime:0.0042s ]
SQL: SELECT * FROM `ast_invest` WHERE `i_id` > 2 ORDER BY i_class asc  [ RunTime:0.0006s ]
NOTIC: [8] Undefined index: de C:\xampp\htdocs\aiston\Application\Home\Controller\InvestController.class.php 第 38 行.
SQL: SELECT * FROM `ast_invest` LIMIT 0,5   [ RunTime:0.0004s ]
INFO: [ view_parse ] --START--
INFO: [ template_filter ] --START--
INFO: Run Behavior\ContentReplaceBehavior [ RunTime:0.000131s ]
INFO: [ template_filter ] --END-- [ RunTime:0.000200s ]
NOTIC: [8] Undefined index: p C:\xampp\htdocs\aiston\Application\Runtime\Cache\Home\9c7990c213bd240e3718ab347f5379d0.php 第 134 行.
NOTIC: [8] Undefined index: p C:\xampp\htdocs\aiston\Application\Runtime\Cache\Home\9c7990c213bd240e3718ab347f5379d0.php 第 141 行.
NOTIC: [8] Undefined index: p C:\xampp\htdocs\aiston\Application\Runtime\Cache\Home\9c7990c213bd240e3718ab347f5379d0.php 第 141 行.
INFO: Run Behavior\ParseTemplateBehavior [ RunTime:0.012579s ]
INFO: [ view_parse ] --END-- [ RunTime:0.012681s ]
INFO: [ view_filter ] --START--
INFO: Run Behavior\WriteHtmlCacheBehavior [ RunTime:0.001030s ]
INFO: [ view_filter ] --END-- [ RunTime:0.001121s ]
INFO: [ app_end ] --START--
INFO: Run Behavior\ShowPageTraceBehavior [ RunTime:0.002202s ]
INFO: [ app_end ] --END-- [ RunTime:0.002349s ]

[ 2016-04-25T22:44:51+08:00 ] ::1 /index.php/Home/Contact/index
INFO: [ app_init ] --START--
INFO: Run Behavior\BuildLiteBehavior [ RunTime:0.000018s ]
INFO: [ app_init ] --END-- [ RunTime:0.000490s ]
INFO: [ app_begin ] --START--
INFO: Run Behavior\ReadHtmlCacheBehavior [ RunTime:0.000742s ]
INFO: [ app_begin ] --END-- [ RunTime:0.000826s ]
SQL: SHOW COLUMNS FROM `ast_banner` [ RunTime:0.0038s ]
SQL: SELECT * FROM `ast_banner`  [ RunTime:0.0004s ]
SQL: SHOW COLUMNS FROM `ast_link` [ RunTime:0.0040s ]
SQL: SELECT * FROM `ast_link`  [ RunTime:0.0004s ]
SQL: SHOW COLUMNS FROM `ast_company` [ RunTime:0.0038s ]
SQL: SELECT * FROM `ast_company` WHERE `c_id` = 2  [ RunTime:0.0004s ]
INFO: [ view_parse ] --START--
INFO: [ template_filter ] --START--
INFO: Run Behavior\ContentReplaceBehavior [ RunTime:0.000193s ]
INFO: [ template_filter ] --END-- [ RunTime:0.000351s ]
INFO: Run Behavior\ParseTemplateBehavior [ RunTime:0.011524s ]
INFO: [ view_parse ] --END-- [ RunTime:0.011660s ]
INFO: [ view_filter ] --START--
INFO: Run Behavior\WriteHtmlCacheBehavior [ RunTime:0.001031s ]
INFO: [ view_filter ] --END-- [ RunTime:0.001124s ]
INFO: [ app_end ] --START--
INFO: Run Behavior\ShowPageTraceBehavior [ RunTime:0.001160s ]
INFO: [ app_end ] --END-- [ RunTime:0.001236s ]

[ 2016-04-25T22:44:54+08:00 ] ::1 /index.php/Home/Work/index
INFO: [ app_init ] --START--
INFO: Run Behavior\BuildLiteBehavior [ RunTime:0.000017s ]
INFO: [ app_init ] --END-- [ RunTime:0.000484s ]
INFO: [ app_begin ] --START--
INFO: Run Behavior\ReadHtmlCacheBehavior [ RunTime:0.000740s ]
INFO: [ app_begin ] --END-- [ RunTime:0.000805s ]
SQL: SHOW COLUMNS FROM `ast_banner` [ RunTime:0.0044s ]
SQL: SELECT * FROM `ast_banner`  [ RunTime:0.0006s ]
SQL: SHOW COLUMNS FROM `ast_link` [ RunTime:0.0037s ]
SQL: SELECT * FROM `ast_link`  [ RunTime:0.0003s ]
SQL: SHOW COLUMNS FROM `ast_work` [ RunTime:0.0039s ]
NOTIC: [8] Undefined index: title C:\xampp\htdocs\aiston\Application\Home\Controller\WorkController.class.php 第 15 行.
SQL: SELECT * FROM `ast_work` ORDER BY w_cateid asc  [ RunTime:0.0006s ]
SQL: SELECT * FROM `ast_work` LIMIT 0,6   [ RunTime:0.0004s ]
INFO: [ view_parse ] --START--
INFO: [ template_filter ] --START--
INFO: Run Behavior\ContentReplaceBehavior [ RunTime:0.000138s ]
INFO: [ template_filter ] --END-- [ RunTime:0.000209s ]
NOTIC: [8] Undefined index: title C:\xampp\htdocs\aiston\Application\Runtime\Cache\Home\cd94870f4e169b7378dd46d85635f0f4.php 第 114 行.
NOTIC: [8] Undefined index: p C:\xampp\htdocs\aiston\Application\Runtime\Cache\Home\cd94870f4e169b7378dd46d85635f0f4.php 第 140 行.
NOTIC: [8] Undefined index: p C:\xampp\htdocs\aiston\Application\Runtime\Cache\Home\cd94870f4e169b7378dd46d85635f0f4.php 第 148 行.
NOTIC: [8] Undefined index: p C:\xampp\htdocs\aiston\Application\Runtime\Cache\Home\cd94870f4e169b7378dd46d85635f0f4.php 第 148 行.
INFO: Run Behavior\ParseTemplateBehavior [ RunTime:0.014808s ]
INFO: [ view_parse ] --END-- [ RunTime:0.014864s ]
INFO: [ view_filter ] --START--
INFO: Run Behavior\WriteHtmlCacheBehavior [ RunTime:0.000505s ]
INFO: [ view_filter ] --END-- [ RunTime:0.000555s ]
INFO: [ app_end ] --START--
INFO: Run Behavior\ShowPageTraceBehavior [ RunTime:0.001231s ]
INFO: [ app_end ] --END-- [ RunTime:0.001324s ]

[ 2016-04-25T22:45:44+08:00 ] 127.0.0.1 /
INFO: [ app_init ] --START--
INFO: Run Behavior\BuildLiteBehavior [ RunTime:0.000030s ]
INFO: [ app_init ] --END-- [ RunTime:0.000899s ]
INFO: [ app_begin ] --START--
INFO: Run Behavior\ReadHtmlCacheBehavior [ RunTime:0.001431s ]
INFO: [ app_begin ] --END-- [ RunTime:0.001591s ]
SQL: SHOW COLUMNS FROM `ast_banner` [ RunTime:0.0046s ]
SQL: SELECT * FROM `ast_banner`  [ RunTime:0.0004s ]
SQL: SHOW COLUMNS FROM `ast_link` [ RunTime:0.0040s ]
SQL: SELECT * FROM `ast_link`  [ RunTime:0.0003s ]
SQL: SHOW COLUMNS FROM `ast_company` [ RunTime:0.0041s ]
SQL: SHOW COLUMNS FROM `ast_article` [ RunTime:0.0047s ]
SQL: SHOW COLUMNS FROM `ast_product` [ RunTime:0.0040s ]
SQL: SHOW COLUMNS FROM `ast_procate` [ RunTime:0.0035s ]
SQL: SELECT * FROM `ast_procate` LIMIT 3   [ RunTime:0.0004s ]
SQL: SELECT * FROM `ast_article`  [ RunTime:0.0004s ]
SQL: SELECT * FROM `ast_company`  [ RunTime:0.0002s ]
SQL: SELECT * FROM `ast_article` LIMIT 0,4   [ RunTime:0.0004s ]
INFO: [ view_parse ] --START--
INFO: [ template_filter ] --START--
INFO: Run Behavior\ContentReplaceBehavior [ RunTime:0.000162s ]
INFO: [ template_filter ] --END-- [ RunTime:0.000242s ]
NOTIC: [8] Undefined index: p C:\xampp\htdocs\aiston\Application\Runtime\Cache\Home\2a94b8bda04ff446dcedd42276fc99ee.php 第 154 行.
NOTIC: [8] Undefined index: p C:\xampp\htdocs\aiston\Application\Runtime\Cache\Home\2a94b8bda04ff446dcedd42276fc99ee.php 第 161 行.
NOTIC: [8] Undefined index: p C:\xampp\htdocs\aiston\Application\Runtime\Cache\Home\2a94b8bda04ff446dcedd42276fc99ee.php 第 161 行.
INFO: Run Behavior\ParseTemplateBehavior [ RunTime:0.018579s ]
INFO: [ view_parse ] --END-- [ RunTime:0.018662s ]
INFO: [ view_filter ] --START--
INFO: Run Behavior\WriteHtmlCacheBehavior [ RunTime:0.001130s ]
INFO: [ view_filter ] --END-- [ RunTime:0.001235s ]
INFO: [ app_end ] --START--
INFO: Run Behavior\ShowPageTraceBehavior [ RunTime:0.001317s ]
INFO: [ app_end ] --END-- [ RunTime:0.001435s ]

[ 2016-04-25T22:46:27+08:00 ] ::1 /index.php/Home/Work/index
INFO: [ app_init ] --START--
INFO: Run Behavior\BuildLiteBehavior [ RunTime:0.000020s ]
INFO: [ app_init ] --END-- [ RunTime:0.000586s ]
INFO: [ app_begin ] --START--
INFO: Run Behavior\ReadHtmlCacheBehavior [ RunTime:0.000900s ]
INFO: [ app_begin ] --END-- [ RunTime:0.000981s ]
SQL: SHOW COLUMNS FROM `ast_banner` [ RunTime:0.0040s ]
SQL: SELECT * FROM `ast_banner`  [ RunTime:0.0004s ]
SQL: SHOW COLUMNS FROM `ast_link` [ RunTime:0.0034s ]
SQL: SELECT * FROM `ast_link`  [ RunTime:0.0004s ]
SQL: SHOW COLUMNS FROM `ast_work` [ RunTime:0.0039s ]
NOTIC: [8] Undefined index: title C:\xampp\htdocs\aiston\Application\Home\Controller\WorkController.class.php 第 15 行.
SQL: SELECT * FROM `ast_work` ORDER BY w_cateid asc  [ RunTime:0.0006s ]
SQL: SELECT * FROM `ast_work` LIMIT 0,6   [ RunTime:0.0004s ]
INFO: [ view_parse ] --START--
INFO: [ template_filter ] --START--
INFO: Run Behavior\ContentReplaceBehavior [ RunTime:0.000188s ]
INFO: [ template_filter ] --END-- [ RunTime:0.000298s ]
NOTIC: [8] Undefined index: title C:\xampp\htdocs\aiston\Application\Runtime\Cache\Home\cd94870f4e169b7378dd46d85635f0f4.php 第 114 行.
NOTIC: [8] Undefined index: p C:\xampp\htdocs\aiston\Application\Runtime\Cache\Home\cd94870f4e169b7378dd46d85635f0f4.php 第 140 行.
NOTIC: [8] Undefined index: p C:\xampp\htdocs\aiston\Application\Runtime\Cache\Home\cd94870f4e169b7378dd46d85635f0f4.php 第 148 行.
NOTIC: [8] Undefined index: p C:\xampp\htdocs\aiston\Application\Runtime\Cache\Home\cd94870f4e169b7378dd46d85635f0f4.php 第 148 行.
INFO: Run Behavior\ParseTemplateBehavior [ RunTime:0.013724s ]
INFO: [ view_parse ] --END-- [ RunTime:0.013798s ]
INFO: [ view_filter ] --START--
INFO: Run Behavior\WriteHtmlCacheBehavior [ RunTime:0.000519s ]
INFO: [ view_filter ] --END-- [ RunTime:0.000570s ]
INFO: [ app_end ] --START--
INFO: Run Behavior\ShowPageTraceBehavior [ RunTime:0.001269s ]
INFO: [ app_end ] --END-- [ RunTime:0.001343s ]

[ 2016-04-25T22:47:05+08:00 ] ::1 /index.php/Home/Work/index
INFO: [ app_init ] --START--
INFO: Run Behavior\BuildLiteBehavior [ RunTime:0.000019s ]
INFO: [ app_init ] --END-- [ RunTime:0.000654s ]
INFO: [ app_begin ] --START--
INFO: Run Behavior\ReadHtmlCacheBehavior [ RunTime:0.001129s ]
INFO: [ app_begin ] --END-- [ RunTime:0.001228s ]
SQL: SHOW COLUMNS FROM `ast_banner` [ RunTime:0.0038s ]
SQL: SELECT * FROM `ast_banner`  [ RunTime:0.0003s ]
SQL: SHOW COLUMNS FROM `ast_link` [ RunTime:0.0035s ]
SQL: SELECT * FROM `ast_link`  [ RunTime:0.0004s ]
SQL: SHOW COLUMNS FROM `ast_work` [ RunTime:0.0039s ]
NOTIC: [8] Undefined index: title C:\xampp\htdocs\aiston\Application\Home\Controller\WorkController.class.php 第 15 行.
SQL: SELECT * FROM `ast_work` ORDER BY w_cateid asc  [ RunTime:0.0006s ]
SQL: SELECT * FROM `ast_work` LIMIT 0,6   [ RunTime:0.0004s ]
INFO: [ view_parse ] --START--
INFO: [ template_filter ] --START--
INFO: Run Behavior\ContentReplaceBehavior [ RunTime:0.000164s ]
INFO: [ template_filter ] --END-- [ RunTime:0.000240s ]
NOTIC: [8] Undefined index: title C:\xampp\htdocs\aiston\Application\Runtime\Cache\Home\cd94870f4e169b7378dd46d85635f0f4.php 第 114 行.
NOTIC: [8] Undefined index: p C:\xampp\htdocs\aiston\Application\Runtime\Cache\Home\cd94870f4e169b7378dd46d85635f0f4.php 第 140 行.
NOTIC: [8] Undefined index: p C:\xampp\htdocs\aiston\Application\Runtime\Cache\Home\cd94870f4e169b7378dd46d85635f0f4.php 第 148 行.
NOTIC: [8] Undefined index: p C:\xampp\htdocs\aiston\Application\Runtime\Cache\Home\cd94870f4e169b7378dd46d85635f0f4.php 第 148 行.
INFO: Run Behavior\ParseTemplateBehavior [ RunTime:0.014889s ]
INFO: [ view_parse ] --END-- [ RunTime:0.014959s ]
INFO: [ view_filter ] --START--
INFO: Run Behavior\WriteHtmlCacheBehavior [ RunTime:0.000689s ]
INFO: [ view_filter ] --END-- [ RunTime:0.000740s ]
INFO: [ app_end ] --START--
INFO: Run Behavior\ShowPageTraceBehavior [ RunTime:0.001500s ]
INFO: [ app_end ] --END-- [ RunTime:0.001621s ]

