[ 2016-05-05T13:28:15+08:00 ] ::1 /
INFO: [ app_init ] --START--
INFO: Run Behavior\BuildLiteBehavior [ RunTime:0.000034s ]
INFO: [ app_init ] --END-- [ RunTime:0.003765s ]
INFO: [ app_begin ] --START--
INFO: Run Behavior\ReadHtmlCacheBehavior [ RunTime:0.002099s ]
INFO: [ app_begin ] --END-- [ RunTime:0.002230s ]
SQL: SHOW COLUMNS FROM `ast_banner` [ RunTime:0.0218s ]
SQL: SELECT * FROM `ast_banner`  [ RunTime:0.0007s ]
SQL: SHOW COLUMNS FROM `ast_link` [ RunTime:0.0109s ]
SQL: SELECT * FROM `ast_link`  [ RunTime:0.0005s ]
SQL: SHOW COLUMNS FROM `ast_company` [ RunTime:0.0435s ]
SQL: SHOW COLUMNS FROM `ast_article` [ RunTime:0.0107s ]
SQL: SHOW COLUMNS FROM `ast_product` [ RunTime:0.0113s ]
SQL: SHOW COLUMNS FROM `ast_procate` [ RunTime:0.0104s ]
SQL: SELECT * FROM `ast_procate` LIMIT 3   [ RunTime:0.0009s ]
SQL: SELECT * FROM `ast_article`  [ RunTime:0.0008s ]
SQL: SELECT * FROM `ast_company`  [ RunTime:0.0013s ]
SQL: SELECT * FROM `ast_article` LIMIT 0,4   [ RunTime:0.0008s ]
INFO: [ view_parse ] --START--
INFO: [ template_filter ] --START--
INFO: Run Behavior\ContentReplaceBehavior [ RunTime:0.000292s ]
INFO: [ template_filter ] --END-- [ RunTime:0.000430s ]
NOTIC: [8] Undefined index: p C:\xampp\htdocs\aiston\Application\Runtime\Cache\Home\2a94b8bda04ff446dcedd42276fc99ee.php 第 156 行.
NOTIC: [8] Undefined index: p C:\xampp\htdocs\aiston\Application\Runtime\Cache\Home\2a94b8bda04ff446dcedd42276fc99ee.php 第 163 行.
NOTIC: [8] Undefined index: p C:\xampp\htdocs\aiston\Application\Runtime\Cache\Home\2a94b8bda04ff446dcedd42276fc99ee.php 第 163 行.
INFO: Run Behavior\ParseTemplateBehavior [ RunTime:0.035773s ]
INFO: [ view_parse ] --END-- [ RunTime:0.035887s ]
INFO: [ view_filter ] --START--
INFO: Run Behavior\WriteHtmlCacheBehavior [ RunTime:0.001373s ]
INFO: [ view_filter ] --END-- [ RunTime:0.001464s ]
INFO: [ app_end ] --START--
INFO: Run Behavior\ShowPageTraceBehavior [ RunTime:0.001816s ]
INFO: [ app_end ] --END-- [ RunTime:0.001925s ]

[ 2016-05-05T13:28:16+08:00 ] ::1 /
INFO: [ app_init ] --START--
INFO: Run Behavior\BuildLiteBehavior [ RunTime:0.000017s ]
INFO: [ app_init ] --END-- [ RunTime:0.000792s ]
INFO: [ app_begin ] --START--
INFO: Run Behavior\ReadHtmlCacheBehavior [ RunTime:0.002024s ]
INFO: [ app_begin ] --END-- [ RunTime:0.002144s ]
SQL: SHOW COLUMNS FROM `ast_banner` [ RunTime:0.0061s ]
SQL: SELECT * FROM `ast_banner`  [ RunTime:0.0005s ]
SQL: SHOW COLUMNS FROM `ast_link` [ RunTime:0.0073s ]
SQL: SELECT * FROM `ast_link`  [ RunTime:0.0005s ]
SQL: SHOW COLUMNS FROM `ast_company` [ RunTime:0.0064s ]
SQL: SHOW COLUMNS FROM `ast_article` [ RunTime:0.0066s ]
SQL: SHOW COLUMNS FROM `ast_product` [ RunTime:0.0066s ]
SQL: SHOW COLUMNS FROM `ast_procate` [ RunTime:0.0064s ]
SQL: SELECT * FROM `ast_procate` LIMIT 3   [ RunTime:0.0005s ]
SQL: SELECT * FROM `ast_article`  [ RunTime:0.0007s ]
SQL: SELECT * FROM `ast_company`  [ RunTime:0.0004s ]
SQL: SELECT * FROM `ast_article` LIMIT 0,4   [ RunTime:0.0005s ]
INFO: [ view_parse ] --START--
INFO: [ template_filter ] --START--
INFO: Run Behavior\ContentReplaceBehavior [ RunTime:0.000233s ]
INFO: [ template_filter ] --END-- [ RunTime:0.000314s ]
NOTIC: [8] Undefined index: p C:\xampp\htdocs\aiston\Application\Runtime\Cache\Home\2a94b8bda04ff446dcedd42276fc99ee.php 第 156 行.
NOTIC: [8] Undefined index: p C:\xampp\htdocs\aiston\Application\Runtime\Cache\Home\2a94b8bda04ff446dcedd42276fc99ee.php 第 163 行.
NOTIC: [8] Undefined index: p C:\xampp\htdocs\aiston\Application\Runtime\Cache\Home\2a94b8bda04ff446dcedd42276fc99ee.php 第 163 行.
INFO: Run Behavior\ParseTemplateBehavior [ RunTime:0.020834s ]
INFO: [ view_parse ] --END-- [ RunTime:0.020920s ]
INFO: [ view_filter ] --START--
INFO: Run Behavior\WriteHtmlCacheBehavior [ RunTime:0.001600s ]
INFO: [ view_filter ] --END-- [ RunTime:0.001701s ]
INFO: [ app_end ] --START--
INFO: Run Behavior\ShowPageTraceBehavior [ RunTime:0.002606s ]
INFO: [ app_end ] --END-- [ RunTime:0.002748s ]

[ 2016-05-05T13:28:30+08:00 ] ::1 /index.php/Home/Product/index/id/3
INFO: [ app_init ] --START--
INFO: Run Behavior\BuildLiteBehavior [ RunTime:0.000029s ]
INFO: [ app_init ] --END-- [ RunTime:0.000797s ]
INFO: [ app_begin ] --START--
INFO: Run Behavior\ReadHtmlCacheBehavior [ RunTime:0.001386s ]
INFO: [ app_begin ] --END-- [ RunTime:0.001493s ]
SQL: SHOW COLUMNS FROM `ast_banner` [ RunTime:0.0062s ]
SQL: SELECT * FROM `ast_banner`  [ RunTime:0.0008s ]
SQL: SHOW COLUMNS FROM `ast_link` [ RunTime:0.0063s ]
SQL: SELECT * FROM `ast_link`  [ RunTime:0.0006s ]
SQL: SHOW COLUMNS FROM `ast_procate` [ RunTime:0.0063s ]
SQL: SELECT * FROM `ast_procate`  [ RunTime:0.0006s ]
SQL: SHOW COLUMNS FROM `ast_product` [ RunTime:0.0049s ]
SQL: SELECT * FROM `ast_product` WHERE `pro_cate_id` = 3  [ RunTime:0.0022s ]
SQL: SELECT * FROM `ast_product` WHERE `pro_cate_id` = 3 LIMIT 0,9   [ RunTime:0.0005s ]
INFO: [ view_parse ] --START--
INFO: [ template_filter ] --START--
INFO: Run Behavior\ContentReplaceBehavior [ RunTime:0.000606s ]
INFO: [ template_filter ] --END-- [ RunTime:0.000706s ]
NOTIC: [8] Undefined index: p C:\xampp\htdocs\aiston\Application\Runtime\Cache\Home\3458861da0342b1f9413030055ee3fb6.php 第 135 行.
NOTIC: [8] Undefined index: p C:\xampp\htdocs\aiston\Application\Runtime\Cache\Home\3458861da0342b1f9413030055ee3fb6.php 第 140 行.
INFO: Run Behavior\ParseTemplateBehavior [ RunTime:0.021386s ]
INFO: [ view_parse ] --END-- [ RunTime:0.021451s ]
INFO: [ view_filter ] --START--
INFO: Run Behavior\WriteHtmlCacheBehavior [ RunTime:0.000934s ]
INFO: [ view_filter ] --END-- [ RunTime:0.001011s ]
INFO: [ app_end ] --START--
INFO: Run Behavior\ShowPageTraceBehavior [ RunTime:0.001728s ]
INFO: [ app_end ] --END-- [ RunTime:0.001867s ]

[ 2016-05-05T13:29:00+08:00 ] ::1 /
INFO: [ app_init ] --START--
INFO: Run Behavior\BuildLiteBehavior [ RunTime:0.000018s ]
INFO: [ app_init ] --END-- [ RunTime:0.000657s ]
INFO: [ app_begin ] --START--
INFO: Run Behavior\ReadHtmlCacheBehavior [ RunTime:0.001794s ]
INFO: [ app_begin ] --END-- [ RunTime:0.001911s ]
SQL: SHOW COLUMNS FROM `ast_banner` [ RunTime:0.0065s ]
SQL: SELECT * FROM `ast_banner`  [ RunTime:0.0004s ]
SQL: SHOW COLUMNS FROM `ast_link` [ RunTime:0.0041s ]
SQL: SELECT * FROM `ast_link`  [ RunTime:0.0004s ]
SQL: SHOW COLUMNS FROM `ast_company` [ RunTime:0.0053s ]
SQL: SHOW COLUMNS FROM `ast_article` [ RunTime:0.0059s ]
SQL: SHOW COLUMNS FROM `ast_product` [ RunTime:0.0057s ]
SQL: SHOW COLUMNS FROM `ast_procate` [ RunTime:0.0058s ]
SQL: SELECT * FROM `ast_procate` LIMIT 3   [ RunTime:0.0005s ]
SQL: SELECT * FROM `ast_article`  [ RunTime:0.0006s ]
SQL: SELECT * FROM `ast_company`  [ RunTime:0.0003s ]
SQL: SELECT * FROM `ast_article` LIMIT 0,4   [ RunTime:0.0004s ]
INFO: [ view_parse ] --START--
INFO: [ template_filter ] --START--
INFO: Run Behavior\ContentReplaceBehavior [ RunTime:0.000156s ]
INFO: [ template_filter ] --END-- [ RunTime:0.000219s ]
NOTIC: [8] Undefined index: p C:\xampp\htdocs\aiston\Application\Runtime\Cache\Home\2a94b8bda04ff446dcedd42276fc99ee.php 第 156 行.
NOTIC: [8] Undefined index: p C:\xampp\htdocs\aiston\Application\Runtime\Cache\Home\2a94b8bda04ff446dcedd42276fc99ee.php 第 163 行.
NOTIC: [8] Undefined index: p C:\xampp\htdocs\aiston\Application\Runtime\Cache\Home\2a94b8bda04ff446dcedd42276fc99ee.php 第 163 行.
INFO: Run Behavior\ParseTemplateBehavior [ RunTime:0.020991s ]
INFO: [ view_parse ] --END-- [ RunTime:0.021063s ]
INFO: [ view_filter ] --START--
INFO: Run Behavior\WriteHtmlCacheBehavior [ RunTime:0.001059s ]
INFO: [ view_filter ] --END-- [ RunTime:0.001122s ]
INFO: [ app_end ] --START--
INFO: Run Behavior\ShowPageTraceBehavior [ RunTime:0.002254s ]
INFO: [ app_end ] --END-- [ RunTime:0.002360s ]

[ 2016-05-05T13:29:38+08:00 ] ::1 /
INFO: [ app_init ] --START--
INFO: Run Behavior\BuildLiteBehavior [ RunTime:0.000034s ]
INFO: [ app_init ] --END-- [ RunTime:0.001024s ]
INFO: [ app_begin ] --START--
INFO: Run Behavior\ReadHtmlCacheBehavior [ RunTime:0.001054s ]
INFO: [ app_begin ] --END-- [ RunTime:0.001146s ]
SQL: SHOW COLUMNS FROM `ast_banner` [ RunTime:0.0056s ]
SQL: SELECT * FROM `ast_banner`  [ RunTime:0.0004s ]
SQL: SHOW COLUMNS FROM `ast_link` [ RunTime:0.0053s ]
SQL: SELECT * FROM `ast_link`  [ RunTime:0.0006s ]
SQL: SHOW COLUMNS FROM `ast_company` [ RunTime:0.0062s ]
SQL: SHOW COLUMNS FROM `ast_article` [ RunTime:0.0056s ]
SQL: SHOW COLUMNS FROM `ast_product` [ RunTime:0.0067s ]
SQL: SHOW COLUMNS FROM `ast_procate` [ RunTime:0.0043s ]
SQL: SELECT * FROM `ast_procate` LIMIT 3   [ RunTime:0.0003s ]
SQL: SELECT * FROM `ast_article`  [ RunTime:0.0004s ]
SQL: SELECT * FROM `ast_company`  [ RunTime:0.0003s ]
SQL: SELECT * FROM `ast_article` LIMIT 0,4   [ RunTime:0.0004s ]
INFO: [ view_parse ] --START--
INFO: [ template_filter ] --START--
INFO: Run Behavior\ContentReplaceBehavior [ RunTime:0.000171s ]
INFO: [ template_filter ] --END-- [ RunTime:0.000239s ]
NOTIC: [8] Undefined index: p C:\xampp\htdocs\aiston\Application\Runtime\Cache\Home\2a94b8bda04ff446dcedd42276fc99ee.php 第 156 行.
NOTIC: [8] Undefined index: p C:\xampp\htdocs\aiston\Application\Runtime\Cache\Home\2a94b8bda04ff446dcedd42276fc99ee.php 第 163 行.
NOTIC: [8] Undefined index: p C:\xampp\htdocs\aiston\Application\Runtime\Cache\Home\2a94b8bda04ff446dcedd42276fc99ee.php 第 163 行.
INFO: Run Behavior\ParseTemplateBehavior [ RunTime:0.015831s ]
INFO: [ view_parse ] --END-- [ RunTime:0.015892s ]
INFO: [ view_filter ] --START--
INFO: Run Behavior\WriteHtmlCacheBehavior [ RunTime:0.000605s ]
INFO: [ view_filter ] --END-- [ RunTime:0.000663s ]
INFO: [ app_end ] --START--
INFO: Run Behavior\ShowPageTraceBehavior [ RunTime:0.001422s ]
INFO: [ app_end ] --END-- [ RunTime:0.001510s ]

[ 2016-05-05T13:30:34+08:00 ] ::1 /
INFO: [ app_init ] --START--
INFO: Run Behavior\BuildLiteBehavior [ RunTime:0.000027s ]
INFO: [ app_init ] --END-- [ RunTime:0.000655s ]
INFO: [ app_begin ] --START--
INFO: Run Behavior\ReadHtmlCacheBehavior [ RunTime:0.000903s ]
INFO: [ app_begin ] --END-- [ RunTime:0.000985s ]
SQL: SHOW COLUMNS FROM `ast_banner` [ RunTime:0.0048s ]
SQL: SELECT * FROM `ast_banner`  [ RunTime:0.0005s ]
SQL: SHOW COLUMNS FROM `ast_link` [ RunTime:0.0062s ]
SQL: SELECT * FROM `ast_link`  [ RunTime:0.0004s ]
SQL: SHOW COLUMNS FROM `ast_company` [ RunTime:0.0047s ]
SQL: SHOW COLUMNS FROM `ast_article` [ RunTime:0.0051s ]
SQL: SHOW COLUMNS FROM `ast_product` [ RunTime:0.0067s ]
SQL: SHOW COLUMNS FROM `ast_procate` [ RunTime:0.0044s ]
SQL: SELECT * FROM `ast_procate` LIMIT 3   [ RunTime:0.0004s ]
SQL: SELECT * FROM `ast_article`  [ RunTime:0.0004s ]
SQL: SELECT * FROM `ast_company`  [ RunTime:0.0002s ]
SQL: SELECT * FROM `ast_article` LIMIT 0,4   [ RunTime:0.0004s ]
INFO: [ view_parse ] --START--
INFO: [ template_filter ] --START--
INFO: Run Behavior\ContentReplaceBehavior [ RunTime:0.000262s ]
INFO: [ template_filter ] --END-- [ RunTime:0.000364s ]
NOTIC: [8] Undefined index: p C:\xampp\htdocs\aiston\Application\Runtime\Cache\Home\2a94b8bda04ff446dcedd42276fc99ee.php 第 156 行.
NOTIC: [8] Undefined index: p C:\xampp\htdocs\aiston\Application\Runtime\Cache\Home\2a94b8bda04ff446dcedd42276fc99ee.php 第 163 行.
NOTIC: [8] Undefined index: p C:\xampp\htdocs\aiston\Application\Runtime\Cache\Home\2a94b8bda04ff446dcedd42276fc99ee.php 第 163 行.
INFO: Run Behavior\ParseTemplateBehavior [ RunTime:0.017515s ]
INFO: [ view_parse ] --END-- [ RunTime:0.017573s ]
INFO: [ view_filter ] --START--
INFO: Run Behavior\WriteHtmlCacheBehavior [ RunTime:0.000871s ]
INFO: [ view_filter ] --END-- [ RunTime:0.000944s ]
INFO: [ app_end ] --START--
INFO: Run Behavior\ShowPageTraceBehavior [ RunTime:0.004422s ]
INFO: [ app_end ] --END-- [ RunTime:0.004605s ]

[ 2016-05-05T13:30:47+08:00 ] ::1 /
INFO: [ app_init ] --START--
INFO: Run Behavior\BuildLiteBehavior [ RunTime:0.000018s ]
INFO: [ app_init ] --END-- [ RunTime:0.000583s ]
INFO: [ app_begin ] --START--
INFO: Run Behavior\ReadHtmlCacheBehavior [ RunTime:0.001726s ]
INFO: [ app_begin ] --END-- [ RunTime:0.001826s ]
SQL: SHOW COLUMNS FROM `ast_banner` [ RunTime:0.0053s ]
SQL: SELECT * FROM `ast_banner`  [ RunTime:0.0005s ]
SQL: SHOW COLUMNS FROM `ast_link` [ RunTime:0.0071s ]
SQL: SELECT * FROM `ast_link`  [ RunTime:0.0007s ]
SQL: SHOW COLUMNS FROM `ast_company` [ RunTime:0.0057s ]
SQL: SHOW COLUMNS FROM `ast_article` [ RunTime:0.0064s ]
SQL: SHOW COLUMNS FROM `ast_product` [ RunTime:0.0066s ]
SQL: SHOW COLUMNS FROM `ast_procate` [ RunTime:0.0049s ]
SQL: SELECT * FROM `ast_procate` LIMIT 3   [ RunTime:0.0004s ]
SQL: SELECT * FROM `ast_article`  [ RunTime:0.0006s ]
SQL: SELECT * FROM `ast_company`  [ RunTime:0.0004s ]
SQL: SELECT * FROM `ast_article` LIMIT 0,4   [ RunTime:0.0009s ]
INFO: [ view_parse ] --START--
INFO: [ template_filter ] --START--
INFO: Run Behavior\ContentReplaceBehavior [ RunTime:0.000259s ]
INFO: [ template_filter ] --END-- [ RunTime:0.000363s ]
NOTIC: [8] Undefined index: p C:\xampp\htdocs\aiston\Application\Runtime\Cache\Home\2a94b8bda04ff446dcedd42276fc99ee.php 第 156 行.
NOTIC: [8] Undefined index: p C:\xampp\htdocs\aiston\Application\Runtime\Cache\Home\2a94b8bda04ff446dcedd42276fc99ee.php 第 163 行.
NOTIC: [8] Undefined index: p C:\xampp\htdocs\aiston\Application\Runtime\Cache\Home\2a94b8bda04ff446dcedd42276fc99ee.php 第 163 行.
INFO: Run Behavior\ParseTemplateBehavior [ RunTime:0.026369s ]
INFO: [ view_parse ] --END-- [ RunTime:0.026473s ]
INFO: [ view_filter ] --START--
INFO: Run Behavior\WriteHtmlCacheBehavior [ RunTime:0.001164s ]
INFO: [ view_filter ] --END-- [ RunTime:0.001239s ]
INFO: [ app_end ] --START--
INFO: Run Behavior\ShowPageTraceBehavior [ RunTime:0.005351s ]
INFO: [ app_end ] --END-- [ RunTime:0.005502s ]

[ 2016-05-05T13:34:35+08:00 ] ::1 /
INFO: [ app_init ] --START--
INFO: Run Behavior\BuildLiteBehavior [ RunTime:0.000027s ]
INFO: [ app_init ] --END-- [ RunTime:0.000913s ]
INFO: [ app_begin ] --START--
INFO: Run Behavior\ReadHtmlCacheBehavior [ RunTime:0.002082s ]
INFO: [ app_begin ] --END-- [ RunTime:0.002200s ]
SQL: SHOW COLUMNS FROM `ast_banner` [ RunTime:0.0054s ]
SQL: SELECT * FROM `ast_banner`  [ RunTime:0.0005s ]
SQL: SHOW COLUMNS FROM `ast_link` [ RunTime:0.0053s ]
SQL: SELECT * FROM `ast_link`  [ RunTime:0.0006s ]
SQL: SHOW COLUMNS FROM `ast_company` [ RunTime:0.0048s ]
SQL: SHOW COLUMNS FROM `ast_article` [ RunTime:0.0045s ]
SQL: SHOW COLUMNS FROM `ast_product` [ RunTime:0.0060s ]
SQL: SHOW COLUMNS FROM `ast_procate` [ RunTime:0.0081s ]
SQL: SELECT * FROM `ast_procate` LIMIT 3   [ RunTime:0.0003s ]
SQL: SELECT * FROM `ast_article`  [ RunTime:0.0004s ]
SQL: SELECT * FROM `ast_company`  [ RunTime:0.0002s ]
SQL: SELECT * FROM `ast_article` LIMIT 0,4   [ RunTime:0.0003s ]
INFO: [ view_parse ] --START--
INFO: [ template_filter ] --START--
INFO: Run Behavior\ContentReplaceBehavior [ RunTime:0.000169s ]
INFO: [ template_filter ] --END-- [ RunTime:0.000235s ]
NOTIC: [8] Undefined index: p C:\xampp\htdocs\aiston\Application\Runtime\Cache\Home\2a94b8bda04ff446dcedd42276fc99ee.php 第 156 行.
NOTIC: [8] Undefined index: p C:\xampp\htdocs\aiston\Application\Runtime\Cache\Home\2a94b8bda04ff446dcedd42276fc99ee.php 第 163 行.
NOTIC: [8] Undefined index: p C:\xampp\htdocs\aiston\Application\Runtime\Cache\Home\2a94b8bda04ff446dcedd42276fc99ee.php 第 163 行.
INFO: Run Behavior\ParseTemplateBehavior [ RunTime:0.019921s ]
INFO: [ view_parse ] --END-- [ RunTime:0.020017s ]
INFO: [ view_filter ] --START--
INFO: Run Behavior\WriteHtmlCacheBehavior [ RunTime:0.001429s ]
INFO: [ view_filter ] --END-- [ RunTime:0.001519s ]
INFO: [ app_end ] --START--
INFO: Run Behavior\ShowPageTraceBehavior [ RunTime:0.002010s ]
INFO: [ app_end ] --END-- [ RunTime:0.002174s ]

[ 2016-05-05T13:36:47+08:00 ] ::1 /
INFO: [ app_init ] --START--
INFO: Run Behavior\BuildLiteBehavior [ RunTime:0.000018s ]
INFO: [ app_init ] --END-- [ RunTime:0.000656s ]
INFO: [ app_begin ] --START--
INFO: Run Behavior\ReadHtmlCacheBehavior [ RunTime:0.001577s ]
INFO: [ app_begin ] --END-- [ RunTime:0.001689s ]
SQL: SHOW COLUMNS FROM `ast_banner` [ RunTime:0.0058s ]
SQL: SELECT * FROM `ast_banner`  [ RunTime:0.0004s ]
SQL: SHOW COLUMNS FROM `ast_link` [ RunTime:0.0043s ]
SQL: SELECT * FROM `ast_link`  [ RunTime:0.0003s ]
SQL: SHOW COLUMNS FROM `ast_company` [ RunTime:0.0048s ]
SQL: SHOW COLUMNS FROM `ast_article` [ RunTime:0.0060s ]
SQL: SHOW COLUMNS FROM `ast_product` [ RunTime:0.0045s ]
SQL: SHOW COLUMNS FROM `ast_procate` [ RunTime:0.0055s ]
SQL: SELECT * FROM `ast_procate` LIMIT 3   [ RunTime:0.0005s ]
SQL: SELECT * FROM `ast_article`  [ RunTime:0.0008s ]
SQL: SELECT * FROM `ast_company`  [ RunTime:0.0005s ]
SQL: SELECT * FROM `ast_article` LIMIT 0,4   [ RunTime:0.0005s ]
INFO: [ view_parse ] --START--
INFO: [ template_filter ] --START--
INFO: Run Behavior\ContentReplaceBehavior [ RunTime:0.000262s ]
INFO: [ template_filter ] --END-- [ RunTime:0.000370s ]
NOTIC: [8] Undefined index: p C:\xampp\htdocs\aiston\Application\Runtime\Cache\Home\2a94b8bda04ff446dcedd42276fc99ee.php 第 156 行.
NOTIC: [8] Undefined index: p C:\xampp\htdocs\aiston\Application\Runtime\Cache\Home\2a94b8bda04ff446dcedd42276fc99ee.php 第 163 行.
NOTIC: [8] Undefined index: p C:\xampp\htdocs\aiston\Application\Runtime\Cache\Home\2a94b8bda04ff446dcedd42276fc99ee.php 第 163 行.
INFO: Run Behavior\ParseTemplateBehavior [ RunTime:0.018926s ]
INFO: [ view_parse ] --END-- [ RunTime:0.018985s ]
INFO: [ view_filter ] --START--
INFO: Run Behavior\WriteHtmlCacheBehavior [ RunTime:0.000952s ]
INFO: [ view_filter ] --END-- [ RunTime:0.001004s ]
INFO: [ app_end ] --START--
INFO: Run Behavior\ShowPageTraceBehavior [ RunTime:0.001816s ]
INFO: [ app_end ] --END-- [ RunTime:0.002974s ]

[ 2016-05-05T13:38:10+08:00 ] ::1 /
INFO: [ app_init ] --START--
INFO: Run Behavior\BuildLiteBehavior [ RunTime:0.000021s ]
INFO: [ app_init ] --END-- [ RunTime:0.000729s ]
INFO: [ app_begin ] --START--
INFO: Run Behavior\ReadHtmlCacheBehavior [ RunTime:0.001023s ]
INFO: [ app_begin ] --END-- [ RunTime:0.001093s ]
SQL: SHOW COLUMNS FROM `ast_banner` [ RunTime:0.0044s ]
SQL: SELECT * FROM `ast_banner`  [ RunTime:0.0007s ]
SQL: SHOW COLUMNS FROM `ast_link` [ RunTime:0.0050s ]
SQL: SELECT * FROM `ast_link`  [ RunTime:0.0005s ]
SQL: SHOW COLUMNS FROM `ast_company` [ RunTime:0.0042s ]
SQL: SHOW COLUMNS FROM `ast_article` [ RunTime:0.0045s ]
SQL: SHOW COLUMNS FROM `ast_product` [ RunTime:0.0046s ]
SQL: SHOW COLUMNS FROM `ast_procate` [ RunTime:0.0036s ]
SQL: SELECT * FROM `ast_procate` LIMIT 3   [ RunTime:0.0004s ]
SQL: SELECT * FROM `ast_article`  [ RunTime:0.0005s ]
SQL: SELECT * FROM `ast_company`  [ RunTime:0.0003s ]
SQL: SELECT * FROM `ast_article` LIMIT 0,4   [ RunTime:0.0003s ]
INFO: [ view_parse ] --START--
INFO: [ template_filter ] --START--
INFO: Run Behavior\ContentReplaceBehavior [ RunTime:0.000204s ]
INFO: [ template_filter ] --END-- [ RunTime:0.000271s ]
NOTIC: [8] Undefined index: p C:\xampp\htdocs\aiston\Application\Runtime\Cache\Home\2a94b8bda04ff446dcedd42276fc99ee.php 第 156 行.
NOTIC: [8] Undefined index: p C:\xampp\htdocs\aiston\Application\Runtime\Cache\Home\2a94b8bda04ff446dcedd42276fc99ee.php 第 163 行.
NOTIC: [8] Undefined index: p C:\xampp\htdocs\aiston\Application\Runtime\Cache\Home\2a94b8bda04ff446dcedd42276fc99ee.php 第 163 行.
INFO: Run Behavior\ParseTemplateBehavior [ RunTime:0.018933s ]
INFO: [ view_parse ] --END-- [ RunTime:0.019016s ]
INFO: [ view_filter ] --START--
INFO: Run Behavior\WriteHtmlCacheBehavior [ RunTime:0.001329s ]
INFO: [ view_filter ] --END-- [ RunTime:0.001446s ]
INFO: [ app_end ] --START--
INFO: Run Behavior\ShowPageTraceBehavior [ RunTime:0.002059s ]
INFO: [ app_end ] --END-- [ RunTime:0.002186s ]

[ 2016-05-05T13:38:32+08:00 ] ::1 /
INFO: [ app_init ] --START--
INFO: Run Behavior\BuildLiteBehavior [ RunTime:0.000018s ]
INFO: [ app_init ] --END-- [ RunTime:0.000542s ]
INFO: [ app_begin ] --START--
INFO: Run Behavior\ReadHtmlCacheBehavior [ RunTime:0.001283s ]
INFO: [ app_begin ] --END-- [ RunTime:0.001376s ]
SQL: SHOW COLUMNS FROM `ast_banner` [ RunTime:0.0047s ]
SQL: SELECT * FROM `ast_banner`  [ RunTime:0.0004s ]
SQL: SHOW COLUMNS FROM `ast_link` [ RunTime:0.0040s ]
SQL: SELECT * FROM `ast_link`  [ RunTime:0.0004s ]
SQL: SHOW COLUMNS FROM `ast_company` [ RunTime:0.0040s ]
SQL: SHOW COLUMNS FROM `ast_article` [ RunTime:0.0052s ]
SQL: SHOW COLUMNS FROM `ast_product` [ RunTime:0.0047s ]
SQL: SHOW COLUMNS FROM `ast_procate` [ RunTime:0.0047s ]
SQL: SELECT * FROM `ast_procate` LIMIT 3   [ RunTime:0.0005s ]
SQL: SELECT * FROM `ast_article`  [ RunTime:0.0005s ]
SQL: SELECT * FROM `ast_company`  [ RunTime:0.0004s ]
SQL: SELECT * FROM `ast_article` LIMIT 0,4   [ RunTime:0.0009s ]
INFO: [ view_parse ] --START--
INFO: [ template_filter ] --START--
INFO: Run Behavior\ContentReplaceBehavior [ RunTime:0.000189s ]
INFO: [ template_filter ] --END-- [ RunTime:0.000275s ]
NOTIC: [8] Undefined index: p C:\xampp\htdocs\aiston\Application\Runtime\Cache\Home\2a94b8bda04ff446dcedd42276fc99ee.php 第 156 行.
NOTIC: [8] Undefined index: p C:\xampp\htdocs\aiston\Application\Runtime\Cache\Home\2a94b8bda04ff446dcedd42276fc99ee.php 第 163 行.
NOTIC: [8] Undefined index: p C:\xampp\htdocs\aiston\Application\Runtime\Cache\Home\2a94b8bda04ff446dcedd42276fc99ee.php 第 163 行.
INFO: Run Behavior\ParseTemplateBehavior [ RunTime:0.018873s ]
INFO: [ view_parse ] --END-- [ RunTime:0.018941s ]
INFO: [ view_filter ] --START--
INFO: Run Behavior\WriteHtmlCacheBehavior [ RunTime:0.000757s ]
INFO: [ view_filter ] --END-- [ RunTime:0.000811s ]
INFO: [ app_end ] --START--
INFO: Run Behavior\ShowPageTraceBehavior [ RunTime:0.001519s ]
INFO: [ app_end ] --END-- [ RunTime:0.001625s ]

[ 2016-05-05T13:38:40+08:00 ] ::1 /
INFO: [ app_init ] --START--
INFO: Run Behavior\BuildLiteBehavior [ RunTime:0.000032s ]
INFO: [ app_init ] --END-- [ RunTime:0.000928s ]
INFO: [ app_begin ] --START--
INFO: Run Behavior\ReadHtmlCacheBehavior [ RunTime:0.001153s ]
INFO: [ app_begin ] --END-- [ RunTime:0.001239s ]
SQL: SHOW COLUMNS FROM `ast_banner` [ RunTime:0.0043s ]
SQL: SELECT * FROM `ast_banner`  [ RunTime:0.0004s ]
SQL: SHOW COLUMNS FROM `ast_link` [ RunTime:0.0036s ]
SQL: SELECT * FROM `ast_link`  [ RunTime:0.0004s ]
SQL: SHOW COLUMNS FROM `ast_company` [ RunTime:0.0040s ]
SQL: SHOW COLUMNS FROM `ast_article` [ RunTime:0.0057s ]
SQL: SHOW COLUMNS FROM `ast_product` [ RunTime:0.0055s ]
SQL: SHOW COLUMNS FROM `ast_procate` [ RunTime:0.0036s ]
SQL: SELECT * FROM `ast_procate` LIMIT 3   [ RunTime:0.0005s ]
SQL: SELECT * FROM `ast_article`  [ RunTime:0.0007s ]
SQL: SELECT * FROM `ast_company`  [ RunTime:0.0004s ]
SQL: SELECT * FROM `ast_article` LIMIT 0,4   [ RunTime:0.0007s ]
INFO: [ view_parse ] --START--
INFO: [ template_filter ] --START--
INFO: Run Behavior\ContentReplaceBehavior [ RunTime:0.000213s ]
INFO: [ template_filter ] --END-- [ RunTime:0.000304s ]
NOTIC: [8] Undefined index: p C:\xampp\htdocs\aiston\Application\Runtime\Cache\Home\2a94b8bda04ff446dcedd42276fc99ee.php 第 156 行.
NOTIC: [8] Undefined index: p C:\xampp\htdocs\aiston\Application\Runtime\Cache\Home\2a94b8bda04ff446dcedd42276fc99ee.php 第 163 行.
NOTIC: [8] Undefined index: p C:\xampp\htdocs\aiston\Application\Runtime\Cache\Home\2a94b8bda04ff446dcedd42276fc99ee.php 第 163 行.
INFO: Run Behavior\ParseTemplateBehavior [ RunTime:0.016615s ]
INFO: [ view_parse ] --END-- [ RunTime:0.016705s ]
INFO: [ view_filter ] --START--
INFO: Run Behavior\WriteHtmlCacheBehavior [ RunTime:0.001119s ]
INFO: [ view_filter ] --END-- [ RunTime:0.001209s ]
INFO: [ app_end ] --START--
INFO: Run Behavior\ShowPageTraceBehavior [ RunTime:0.001871s ]
INFO: [ app_end ] --END-- [ RunTime:0.001990s ]

[ 2016-05-05T13:39:12+08:00 ] ::1 /
INFO: [ app_init ] --START--
INFO: Run Behavior\BuildLiteBehavior [ RunTime:0.000031s ]
INFO: [ app_init ] --END-- [ RunTime:0.000913s ]
INFO: [ app_begin ] --START--
INFO: Run Behavior\ReadHtmlCacheBehavior [ RunTime:0.001241s ]
INFO: [ app_begin ] --END-- [ RunTime:0.001342s ]
SQL: SHOW COLUMNS FROM `ast_banner` [ RunTime:0.0038s ]
SQL: SELECT * FROM `ast_banner`  [ RunTime:0.0005s ]
SQL: SHOW COLUMNS FROM `ast_link` [ RunTime:0.0051s ]
SQL: SELECT * FROM `ast_link`  [ RunTime:0.0008s ]
SQL: SHOW COLUMNS FROM `ast_company` [ RunTime:0.0057s ]
SQL: SHOW COLUMNS FROM `ast_article` [ RunTime:0.0045s ]
SQL: SHOW COLUMNS FROM `ast_product` [ RunTime:0.0045s ]
SQL: SHOW COLUMNS FROM `ast_procate` [ RunTime:0.0055s ]
SQL: SELECT * FROM `ast_procate` LIMIT 3   [ RunTime:0.0003s ]
SQL: SELECT * FROM `ast_article`  [ RunTime:0.0004s ]
SQL: SELECT * FROM `ast_company`  [ RunTime:0.0004s ]
SQL: SELECT * FROM `ast_article` LIMIT 0,4   [ RunTime:0.0006s ]
INFO: [ view_parse ] --START--
INFO: [ template_filter ] --START--
INFO: Run Behavior\ContentReplaceBehavior [ RunTime:0.000163s ]
INFO: [ template_filter ] --END-- [ RunTime:0.000231s ]
NOTIC: [8] Undefined index: p C:\xampp\htdocs\aiston\Application\Runtime\Cache\Home\2a94b8bda04ff446dcedd42276fc99ee.php 第 156 行.
NOTIC: [8] Undefined index: p C:\xampp\htdocs\aiston\Application\Runtime\Cache\Home\2a94b8bda04ff446dcedd42276fc99ee.php 第 163 行.
NOTIC: [8] Undefined index: p C:\xampp\htdocs\aiston\Application\Runtime\Cache\Home\2a94b8bda04ff446dcedd42276fc99ee.php 第 163 行.
INFO: Run Behavior\ParseTemplateBehavior [ RunTime:0.020563s ]
INFO: [ view_parse ] --END-- [ RunTime:0.020655s ]
INFO: [ view_filter ] --START--
INFO: Run Behavior\WriteHtmlCacheBehavior [ RunTime:0.001206s ]
INFO: [ view_filter ] --END-- [ RunTime:0.001330s ]
INFO: [ app_end ] --START--
INFO: Run Behavior\ShowPageTraceBehavior [ RunTime:0.002817s ]
INFO: [ app_end ] --END-- [ RunTime:0.002986s ]

[ 2016-05-05T13:40:03+08:00 ] ::1 /
INFO: [ app_init ] --START--
INFO: Run Behavior\BuildLiteBehavior [ RunTime:0.000019s ]
INFO: [ app_init ] --END-- [ RunTime:0.000649s ]
INFO: [ app_begin ] --START--
INFO: Run Behavior\ReadHtmlCacheBehavior [ RunTime:0.000930s ]
INFO: [ app_begin ] --END-- [ RunTime:0.001044s ]
SQL: SHOW COLUMNS FROM `ast_banner` [ RunTime:0.0036s ]
SQL: SELECT * FROM `ast_banner`  [ RunTime:0.0004s ]
SQL: SHOW COLUMNS FROM `ast_link` [ RunTime:0.0037s ]
SQL: SELECT * FROM `ast_link`  [ RunTime:0.0005s ]
SQL: SHOW COLUMNS FROM `ast_company` [ RunTime:0.0043s ]
SQL: SHOW COLUMNS FROM `ast_article` [ RunTime:0.0057s ]
SQL: SHOW COLUMNS FROM `ast_product` [ RunTime:0.0042s ]
SQL: SHOW COLUMNS FROM `ast_procate` [ RunTime:0.0053s ]
SQL: SELECT * FROM `ast_procate` LIMIT 3   [ RunTime:0.0005s ]
SQL: SELECT * FROM `ast_article`  [ RunTime:0.0005s ]
SQL: SELECT * FROM `ast_company`  [ RunTime:0.0003s ]
SQL: SELECT * FROM `ast_article` LIMIT 0,4   [ RunTime:0.0004s ]
INFO: [ view_parse ] --START--
INFO: [ template_filter ] --START--
INFO: Run Behavior\ContentReplaceBehavior [ RunTime:0.000198s ]
INFO: [ template_filter ] --END-- [ RunTime:0.000302s ]
NOTIC: [8] Undefined index: p C:\xampp\htdocs\aiston\Application\Runtime\Cache\Home\2a94b8bda04ff446dcedd42276fc99ee.php 第 156 行.
NOTIC: [8] Undefined index: p C:\xampp\htdocs\aiston\Application\Runtime\Cache\Home\2a94b8bda04ff446dcedd42276fc99ee.php 第 163 行.
NOTIC: [8] Undefined index: p C:\xampp\htdocs\aiston\Application\Runtime\Cache\Home\2a94b8bda04ff446dcedd42276fc99ee.php 第 163 行.
INFO: Run Behavior\ParseTemplateBehavior [ RunTime:0.014609s ]
INFO: [ view_parse ] --END-- [ RunTime:0.014684s ]
INFO: [ view_filter ] --START--
INFO: Run Behavior\WriteHtmlCacheBehavior [ RunTime:0.000840s ]
INFO: [ view_filter ] --END-- [ RunTime:0.000910s ]
INFO: [ app_end ] --START--
INFO: Run Behavior\ShowPageTraceBehavior [ RunTime:0.001280s ]
INFO: [ app_end ] --END-- [ RunTime:0.001385s ]

[ 2016-05-05T13:40:20+08:00 ] ::1 /
INFO: [ app_init ] --START--
INFO: Run Behavior\BuildLiteBehavior [ RunTime:0.000017s ]
INFO: [ app_init ] --END-- [ RunTime:0.000525s ]
INFO: [ app_begin ] --START--
INFO: Run Behavior\ReadHtmlCacheBehavior [ RunTime:0.000854s ]
INFO: [ app_begin ] --END-- [ RunTime:0.000935s ]
SQL: SHOW COLUMNS FROM `ast_banner` [ RunTime:0.0036s ]
SQL: SELECT * FROM `ast_banner`  [ RunTime:0.0004s ]
SQL: SHOW COLUMNS FROM `ast_link` [ RunTime:0.0034s ]
SQL: SELECT * FROM `ast_link`  [ RunTime:0.0003s ]
SQL: SHOW COLUMNS FROM `ast_company` [ RunTime:0.0048s ]
SQL: SHOW COLUMNS FROM `ast_article` [ RunTime:0.0041s ]
SQL: SHOW COLUMNS FROM `ast_product` [ RunTime:0.0037s ]
SQL: SHOW COLUMNS FROM `ast_procate` [ RunTime:0.0032s ]
SQL: SELECT * FROM `ast_procate` LIMIT 3   [ RunTime:0.0003s ]
SQL: SELECT * FROM `ast_article`  [ RunTime:0.0004s ]
SQL: SELECT * FROM `ast_company`  [ RunTime:0.0004s ]
SQL: SELECT * FROM `ast_article` LIMIT 0,4   [ RunTime:0.0007s ]
INFO: [ view_parse ] --START--
INFO: [ template_filter ] --START--
INFO: Run Behavior\ContentReplaceBehavior [ RunTime:0.000206s ]
INFO: [ template_filter ] --END-- [ RunTime:0.000289s ]
NOTIC: [8] Undefined index: p C:\xampp\htdocs\aiston\Application\Runtime\Cache\Home\2a94b8bda04ff446dcedd42276fc99ee.php 第 156 行.
NOTIC: [8] Undefined index: p C:\xampp\htdocs\aiston\Application\Runtime\Cache\Home\2a94b8bda04ff446dcedd42276fc99ee.php 第 163 行.
NOTIC: [8] Undefined index: p C:\xampp\htdocs\aiston\Application\Runtime\Cache\Home\2a94b8bda04ff446dcedd42276fc99ee.php 第 163 行.
INFO: Run Behavior\ParseTemplateBehavior [ RunTime:0.016929s ]
INFO: [ view_parse ] --END-- [ RunTime:0.017009s ]
INFO: [ view_filter ] --START--
INFO: Run Behavior\WriteHtmlCacheBehavior [ RunTime:0.000771s ]
INFO: [ view_filter ] --END-- [ RunTime:0.000838s ]
INFO: [ app_end ] --START--
INFO: Run Behavior\ShowPageTraceBehavior [ RunTime:0.001972s ]
INFO: [ app_end ] --END-- [ RunTime:0.002101s ]

[ 2016-05-05T13:40:21+08:00 ] ::1 /
INFO: [ app_init ] --START--
INFO: Run Behavior\BuildLiteBehavior [ RunTime:0.000026s ]
INFO: [ app_init ] --END-- [ RunTime:0.000668s ]
INFO: [ app_begin ] --START--
INFO: Run Behavior\ReadHtmlCacheBehavior [ RunTime:0.001029s ]
INFO: [ app_begin ] --END-- [ RunTime:0.001131s ]
SQL: SHOW COLUMNS FROM `ast_banner` [ RunTime:0.0044s ]
SQL: SELECT * FROM `ast_banner`  [ RunTime:0.0004s ]
SQL: SHOW COLUMNS FROM `ast_link` [ RunTime:0.0034s ]
SQL: SELECT * FROM `ast_link`  [ RunTime:0.0003s ]
SQL: SHOW COLUMNS FROM `ast_company` [ RunTime:0.0036s ]
SQL: SHOW COLUMNS FROM `ast_article` [ RunTime:0.0058s ]
SQL: SHOW COLUMNS FROM `ast_product` [ RunTime:0.0042s ]
SQL: SHOW COLUMNS FROM `ast_procate` [ RunTime:0.0036s ]
SQL: SELECT * FROM `ast_procate` LIMIT 3   [ RunTime:0.0004s ]
SQL: SELECT * FROM `ast_article`  [ RunTime:0.0005s ]
SQL: SELECT * FROM `ast_company`  [ RunTime:0.0004s ]
SQL: SELECT * FROM `ast_article` LIMIT 0,4   [ RunTime:0.0004s ]
INFO: [ view_parse ] --START--
INFO: [ template_filter ] --START--
INFO: Run Behavior\ContentReplaceBehavior [ RunTime:0.000179s ]
INFO: [ template_filter ] --END-- [ RunTime:0.000261s ]
NOTIC: [8] Undefined index: p C:\xampp\htdocs\aiston\Application\Runtime\Cache\Home\2a94b8bda04ff446dcedd42276fc99ee.php 第 156 行.
NOTIC: [8] Undefined index: p C:\xampp\htdocs\aiston\Application\Runtime\Cache\Home\2a94b8bda04ff446dcedd42276fc99ee.php 第 163 行.
NOTIC: [8] Undefined index: p C:\xampp\htdocs\aiston\Application\Runtime\Cache\Home\2a94b8bda04ff446dcedd42276fc99ee.php 第 163 行.
INFO: Run Behavior\ParseTemplateBehavior [ RunTime:0.016307s ]
INFO: [ view_parse ] --END-- [ RunTime:0.016380s ]
INFO: [ view_filter ] --START--
INFO: Run Behavior\WriteHtmlCacheBehavior [ RunTime:0.000638s ]
INFO: [ view_filter ] --END-- [ RunTime:0.000706s ]
INFO: [ app_end ] --START--
INFO: Run Behavior\ShowPageTraceBehavior [ RunTime:0.001379s ]
INFO: [ app_end ] --END-- [ RunTime:0.001481s ]

[ 2016-05-05T13:40:45+08:00 ] ::1 /
INFO: [ app_init ] --START--
INFO: Run Behavior\BuildLiteBehavior [ RunTime:0.000017s ]
INFO: [ app_init ] --END-- [ RunTime:0.000460s ]
INFO: [ app_begin ] --START--
INFO: Run Behavior\ReadHtmlCacheBehavior [ RunTime:0.001624s ]
INFO: [ app_begin ] --END-- [ RunTime:0.001738s ]
SQL: SHOW COLUMNS FROM `ast_banner` [ RunTime:0.0059s ]
SQL: SELECT * FROM `ast_banner`  [ RunTime:0.0004s ]
SQL: SHOW COLUMNS FROM `ast_link` [ RunTime:0.0035s ]
SQL: SELECT * FROM `ast_link`  [ RunTime:0.0004s ]
SQL: SHOW COLUMNS FROM `ast_company` [ RunTime:0.0042s ]
SQL: SHOW COLUMNS FROM `ast_article` [ RunTime:0.0057s ]
SQL: SHOW COLUMNS FROM `ast_product` [ RunTime:0.0054s ]
SQL: SHOW COLUMNS FROM `ast_procate` [ RunTime:0.0046s ]
SQL: SELECT * FROM `ast_procate` LIMIT 3   [ RunTime:0.0005s ]
SQL: SELECT * FROM `ast_article`  [ RunTime:0.0006s ]
SQL: SELECT * FROM `ast_company`  [ RunTime:0.0004s ]
SQL: SELECT * FROM `ast_article` LIMIT 0,4   [ RunTime:0.0006s ]
INFO: [ view_parse ] --START--
INFO: [ template_filter ] --START--
INFO: Run Behavior\ContentReplaceBehavior [ RunTime:0.000272s ]
INFO: [ template_filter ] --END-- [ RunTime:0.000395s ]
NOTIC: [8] Undefined index: p C:\xampp\htdocs\aiston\Application\Runtime\Cache\Home\2a94b8bda04ff446dcedd42276fc99ee.php 第 156 行.
NOTIC: [8] Undefined index: p C:\xampp\htdocs\aiston\Application\Runtime\Cache\Home\2a94b8bda04ff446dcedd42276fc99ee.php 第 163 行.
NOTIC: [8] Undefined index: p C:\xampp\htdocs\aiston\Application\Runtime\Cache\Home\2a94b8bda04ff446dcedd42276fc99ee.php 第 163 行.
INFO: Run Behavior\ParseTemplateBehavior [ RunTime:0.017879s ]
INFO: [ view_parse ] --END-- [ RunTime:0.017971s ]
INFO: [ view_filter ] --START--
INFO: Run Behavior\WriteHtmlCacheBehavior [ RunTime:0.000819s ]
INFO: [ view_filter ] --END-- [ RunTime:0.000891s ]
INFO: [ app_end ] --START--
INFO: Run Behavior\ShowPageTraceBehavior [ RunTime:0.001804s ]
INFO: [ app_end ] --END-- [ RunTime:0.001912s ]

[ 2016-05-05T13:41:35+08:00 ] ::1 /
INFO: [ app_init ] --START--
INFO: Run Behavior\BuildLiteBehavior [ RunTime:0.000028s ]
INFO: [ app_init ] --END-- [ RunTime:0.000690s ]
INFO: [ app_begin ] --START--
INFO: Run Behavior\ReadHtmlCacheBehavior [ RunTime:0.001475s ]
INFO: [ app_begin ] --END-- [ RunTime:0.001586s ]
SQL: SHOW COLUMNS FROM `ast_banner` [ RunTime:0.0043s ]
SQL: SELECT * FROM `ast_banner`  [ RunTime:0.0004s ]
SQL: SHOW COLUMNS FROM `ast_link` [ RunTime:0.0034s ]
SQL: SELECT * FROM `ast_link`  [ RunTime:0.0003s ]
SQL: SHOW COLUMNS FROM `ast_company` [ RunTime:0.0036s ]
SQL: SHOW COLUMNS FROM `ast_article` [ RunTime:0.0056s ]
SQL: SHOW COLUMNS FROM `ast_product` [ RunTime:0.0039s ]
SQL: SHOW COLUMNS FROM `ast_procate` [ RunTime:0.0036s ]
SQL: SELECT * FROM `ast_procate` LIMIT 3   [ RunTime:0.0004s ]
SQL: SELECT * FROM `ast_article`  [ RunTime:0.0004s ]
SQL: SELECT * FROM `ast_company`  [ RunTime:0.0002s ]
SQL: SELECT * FROM `ast_article` LIMIT 0,4   [ RunTime:0.0004s ]
INFO: [ view_parse ] --START--
INFO: [ template_filter ] --START--
INFO: Run Behavior\ContentReplaceBehavior [ RunTime:0.000159s ]
INFO: [ template_filter ] --END-- [ RunTime:0.000226s ]
NOTIC: [8] Undefined index: p C:\xampp\htdocs\aiston\Application\Runtime\Cache\Home\2a94b8bda04ff446dcedd42276fc99ee.php 第 156 行.
NOTIC: [8] Undefined index: p C:\xampp\htdocs\aiston\Application\Runtime\Cache\Home\2a94b8bda04ff446dcedd42276fc99ee.php 第 163 行.
NOTIC: [8] Undefined index: p C:\xampp\htdocs\aiston\Application\Runtime\Cache\Home\2a94b8bda04ff446dcedd42276fc99ee.php 第 163 行.
INFO: Run Behavior\ParseTemplateBehavior [ RunTime:0.017013s ]
INFO: [ view_parse ] --END-- [ RunTime:0.017114s ]
INFO: [ view_filter ] --START--
INFO: Run Behavior\WriteHtmlCacheBehavior [ RunTime:0.001066s ]
INFO: [ view_filter ] --END-- [ RunTime:0.001157s ]
INFO: [ app_end ] --START--
INFO: Run Behavior\ShowPageTraceBehavior [ RunTime:0.002520s ]
INFO: [ app_end ] --END-- [ RunTime:0.002805s ]

[ 2016-05-05T13:41:47+08:00 ] ::1 /
INFO: [ app_init ] --START--
INFO: Run Behavior\BuildLiteBehavior [ RunTime:0.000028s ]
INFO: [ app_init ] --END-- [ RunTime:0.000486s ]
INFO: [ app_begin ] --START--
INFO: Run Behavior\ReadHtmlCacheBehavior [ RunTime:0.000976s ]
INFO: [ app_begin ] --END-- [ RunTime:0.001041s ]
SQL: SHOW COLUMNS FROM `ast_banner` [ RunTime:0.0045s ]
SQL: SELECT * FROM `ast_banner`  [ RunTime:0.0005s ]
SQL: SHOW COLUMNS FROM `ast_link` [ RunTime:0.0040s ]
SQL: SELECT * FROM `ast_link`  [ RunTime:0.0004s ]
SQL: SHOW COLUMNS FROM `ast_company` [ RunTime:0.0037s ]
SQL: SHOW COLUMNS FROM `ast_article` [ RunTime:0.0037s ]
SQL: SHOW COLUMNS FROM `ast_product` [ RunTime:0.0054s ]
SQL: SHOW COLUMNS FROM `ast_procate` [ RunTime:0.0037s ]
SQL: SELECT * FROM `ast_procate` LIMIT 3   [ RunTime:0.0004s ]
SQL: SELECT * FROM `ast_article`  [ RunTime:0.0005s ]
SQL: SELECT * FROM `ast_company`  [ RunTime:0.0003s ]
SQL: SELECT * FROM `ast_article` LIMIT 0,4   [ RunTime:0.0004s ]
INFO: [ view_parse ] --START--
INFO: [ template_filter ] --START--
INFO: Run Behavior\ContentReplaceBehavior [ RunTime:0.000180s ]
INFO: [ template_filter ] --END-- [ RunTime:0.000259s ]
NOTIC: [8] Undefined index: p C:\xampp\htdocs\aiston\Application\Runtime\Cache\Home\2a94b8bda04ff446dcedd42276fc99ee.php 第 156 行.
NOTIC: [8] Undefined index: p C:\xampp\htdocs\aiston\Application\Runtime\Cache\Home\2a94b8bda04ff446dcedd42276fc99ee.php 第 163 行.
NOTIC: [8] Undefined index: p C:\xampp\htdocs\aiston\Application\Runtime\Cache\Home\2a94b8bda04ff446dcedd42276fc99ee.php 第 163 行.
INFO: Run Behavior\ParseTemplateBehavior [ RunTime:0.018621s ]
INFO: [ view_parse ] --END-- [ RunTime:0.018680s ]
INFO: [ view_filter ] --START--
INFO: Run Behavior\WriteHtmlCacheBehavior [ RunTime:0.000721s ]
INFO: [ view_filter ] --END-- [ RunTime:0.000776s ]
INFO: [ app_end ] --START--
INFO: Run Behavior\ShowPageTraceBehavior [ RunTime:0.001720s ]
INFO: [ app_end ] --END-- [ RunTime:0.001817s ]

[ 2016-05-05T13:42:02+08:00 ] ::1 /
INFO: [ app_init ] --START--
INFO: Run Behavior\BuildLiteBehavior [ RunTime:0.000017s ]
INFO: [ app_init ] --END-- [ RunTime:0.000560s ]
INFO: [ app_begin ] --START--
INFO: Run Behavior\ReadHtmlCacheBehavior [ RunTime:0.001191s ]
INFO: [ app_begin ] --END-- [ RunTime:0.001305s ]
SQL: SHOW COLUMNS FROM `ast_banner` [ RunTime:0.0052s ]
SQL: SELECT * FROM `ast_banner`  [ RunTime:0.0005s ]
SQL: SHOW COLUMNS FROM `ast_link` [ RunTime:0.0051s ]
SQL: SELECT * FROM `ast_link`  [ RunTime:0.0003s ]
SQL: SHOW COLUMNS FROM `ast_company` [ RunTime:0.0039s ]
SQL: SHOW COLUMNS FROM `ast_article` [ RunTime:0.0039s ]
SQL: SHOW COLUMNS FROM `ast_product` [ RunTime:0.0058s ]
SQL: SHOW COLUMNS FROM `ast_procate` [ RunTime:0.0042s ]
SQL: SELECT * FROM `ast_procate` LIMIT 3   [ RunTime:0.0003s ]
SQL: SELECT * FROM `ast_article`  [ RunTime:0.0003s ]
SQL: SELECT * FROM `ast_company`  [ RunTime:0.0002s ]
SQL: SELECT * FROM `ast_article` LIMIT 0,4   [ RunTime:0.0005s ]
INFO: [ view_parse ] --START--
INFO: [ template_filter ] --START--
INFO: Run Behavior\ContentReplaceBehavior [ RunTime:0.000164s ]
INFO: [ template_filter ] --END-- [ RunTime:0.000231s ]
NOTIC: [8] Undefined index: p C:\xampp\htdocs\aiston\Application\Runtime\Cache\Home\2a94b8bda04ff446dcedd42276fc99ee.php 第 156 行.
NOTIC: [8] Undefined index: p C:\xampp\htdocs\aiston\Application\Runtime\Cache\Home\2a94b8bda04ff446dcedd42276fc99ee.php 第 163 行.
NOTIC: [8] Undefined index: p C:\xampp\htdocs\aiston\Application\Runtime\Cache\Home\2a94b8bda04ff446dcedd42276fc99ee.php 第 163 行.
INFO: Run Behavior\ParseTemplateBehavior [ RunTime:0.017430s ]
INFO: [ view_parse ] --END-- [ RunTime:0.017492s ]
INFO: [ view_filter ] --START--
INFO: Run Behavior\WriteHtmlCacheBehavior [ RunTime:0.000519s ]
INFO: [ view_filter ] --END-- [ RunTime:0.000571s ]
INFO: [ app_end ] --START--
INFO: Run Behavior\ShowPageTraceBehavior [ RunTime:0.001305s ]
INFO: [ app_end ] --END-- [ RunTime:0.001394s ]

[ 2016-05-05T13:42:14+08:00 ] ::1 /
INFO: [ app_init ] --START--
INFO: Run Behavior\BuildLiteBehavior [ RunTime:0.000017s ]
INFO: [ app_init ] --END-- [ RunTime:0.000505s ]
INFO: [ app_begin ] --START--
INFO: Run Behavior\ReadHtmlCacheBehavior [ RunTime:0.001137s ]
INFO: [ app_begin ] --END-- [ RunTime:0.001246s ]
SQL: SHOW COLUMNS FROM `ast_banner` [ RunTime:0.0048s ]
SQL: SELECT * FROM `ast_banner`  [ RunTime:0.0005s ]
SQL: SHOW COLUMNS FROM `ast_link` [ RunTime:0.0044s ]
SQL: SELECT * FROM `ast_link`  [ RunTime:0.0004s ]
SQL: SHOW COLUMNS FROM `ast_company` [ RunTime:0.0042s ]
SQL: SHOW COLUMNS FROM `ast_article` [ RunTime:0.0040s ]
SQL: SHOW COLUMNS FROM `ast_product` [ RunTime:0.0058s ]
SQL: SHOW COLUMNS FROM `ast_procate` [ RunTime:0.0042s ]
SQL: SELECT * FROM `ast_procate` LIMIT 3   [ RunTime:0.0003s ]
SQL: SELECT * FROM `ast_article`  [ RunTime:0.0004s ]
SQL: SELECT * FROM `ast_company`  [ RunTime:0.0003s ]
SQL: SELECT * FROM `ast_article` LIMIT 0,4   [ RunTime:0.0004s ]
INFO: [ view_parse ] --START--
INFO: [ template_filter ] --START--
INFO: Run Behavior\ContentReplaceBehavior [ RunTime:0.000159s ]
INFO: [ template_filter ] --END-- [ RunTime:0.000226s ]
NOTIC: [8] Undefined index: p C:\xampp\htdocs\aiston\Application\Runtime\Cache\Home\2a94b8bda04ff446dcedd42276fc99ee.php 第 156 行.
NOTIC: [8] Undefined index: p C:\xampp\htdocs\aiston\Application\Runtime\Cache\Home\2a94b8bda04ff446dcedd42276fc99ee.php 第 163 行.
NOTIC: [8] Undefined index: p C:\xampp\htdocs\aiston\Application\Runtime\Cache\Home\2a94b8bda04ff446dcedd42276fc99ee.php 第 163 行.
INFO: Run Behavior\ParseTemplateBehavior [ RunTime:0.015866s ]
INFO: [ view_parse ] --END-- [ RunTime:0.015938s ]
INFO: [ view_filter ] --START--
INFO: Run Behavior\WriteHtmlCacheBehavior [ RunTime:0.000522s ]
INFO: [ view_filter ] --END-- [ RunTime:0.000570s ]
INFO: [ app_end ] --START--
INFO: Run Behavior\ShowPageTraceBehavior [ RunTime:0.001173s ]
INFO: [ app_end ] --END-- [ RunTime:0.001268s ]

[ 2016-05-05T13:42:17+08:00 ] ::1 /
INFO: [ app_init ] --START--
INFO: Run Behavior\BuildLiteBehavior [ RunTime:0.000016s ]
INFO: [ app_init ] --END-- [ RunTime:0.000481s ]
INFO: [ app_begin ] --START--
INFO: Run Behavior\ReadHtmlCacheBehavior [ RunTime:0.000706s ]
INFO: [ app_begin ] --END-- [ RunTime:0.000767s ]
SQL: SHOW COLUMNS FROM `ast_banner` [ RunTime:0.0038s ]
SQL: SELECT * FROM `ast_banner`  [ RunTime:0.0004s ]
SQL: SHOW COLUMNS FROM `ast_link` [ RunTime:0.0043s ]
SQL: SELECT * FROM `ast_link`  [ RunTime:0.0004s ]
SQL: SHOW COLUMNS FROM `ast_company` [ RunTime:0.0045s ]
SQL: SHOW COLUMNS FROM `ast_article` [ RunTime:0.0037s ]
SQL: SHOW COLUMNS FROM `ast_product` [ RunTime:0.0038s ]
SQL: SHOW COLUMNS FROM `ast_procate` [ RunTime:0.0049s ]
SQL: SELECT * FROM `ast_procate` LIMIT 3   [ RunTime:0.0005s ]
SQL: SELECT * FROM `ast_article`  [ RunTime:0.0008s ]
SQL: SELECT * FROM `ast_company`  [ RunTime:0.0003s ]
SQL: SELECT * FROM `ast_article` LIMIT 0,4   [ RunTime:0.0005s ]
INFO: [ view_parse ] --START--
INFO: [ template_filter ] --START--
INFO: Run Behavior\ContentReplaceBehavior [ RunTime:0.000161s ]
INFO: [ template_filter ] --END-- [ RunTime:0.000228s ]
NOTIC: [8] Undefined index: p C:\xampp\htdocs\aiston\Application\Runtime\Cache\Home\2a94b8bda04ff446dcedd42276fc99ee.php 第 156 行.
NOTIC: [8] Undefined index: p C:\xampp\htdocs\aiston\Application\Runtime\Cache\Home\2a94b8bda04ff446dcedd42276fc99ee.php 第 163 行.
NOTIC: [8] Undefined index: p C:\xampp\htdocs\aiston\Application\Runtime\Cache\Home\2a94b8bda04ff446dcedd42276fc99ee.php 第 163 行.
INFO: Run Behavior\ParseTemplateBehavior [ RunTime:0.016790s ]
INFO: [ view_parse ] --END-- [ RunTime:0.016889s ]
INFO: [ view_filter ] --START--
INFO: Run Behavior\WriteHtmlCacheBehavior [ RunTime:0.000558s ]
INFO: [ view_filter ] --END-- [ RunTime:0.000610s ]
INFO: [ app_end ] --START--
INFO: Run Behavior\ShowPageTraceBehavior [ RunTime:0.001080s ]
INFO: [ app_end ] --END-- [ RunTime:0.001172s ]

[ 2016-05-05T13:42:19+08:00 ] ::1 /
INFO: [ app_init ] --START--
INFO: Run Behavior\BuildLiteBehavior [ RunTime:0.000017s ]
INFO: [ app_init ] --END-- [ RunTime:0.000515s ]
INFO: [ app_begin ] --START--
INFO: Run Behavior\ReadHtmlCacheBehavior [ RunTime:0.000744s ]
INFO: [ app_begin ] --END-- [ RunTime:0.000806s ]
SQL: SHOW COLUMNS FROM `ast_banner` [ RunTime:0.0038s ]
SQL: SELECT * FROM `ast_banner`  [ RunTime:0.0004s ]
SQL: SHOW COLUMNS FROM `ast_link` [ RunTime:0.0041s ]
SQL: SELECT * FROM `ast_link`  [ RunTime:0.0004s ]
SQL: SHOW COLUMNS FROM `ast_company` [ RunTime:0.0042s ]
SQL: SHOW COLUMNS FROM `ast_article` [ RunTime:0.0038s ]
SQL: SHOW COLUMNS FROM `ast_product` [ RunTime:0.0037s ]
SQL: SHOW COLUMNS FROM `ast_procate` [ RunTime:0.0046s ]
SQL: SELECT * FROM `ast_procate` LIMIT 3   [ RunTime:0.0005s ]
SQL: SELECT * FROM `ast_article`  [ RunTime:0.0006s ]
SQL: SELECT * FROM `ast_company`  [ RunTime:0.0005s ]
SQL: SELECT * FROM `ast_article` LIMIT 0,4   [ RunTime:0.0006s ]
INFO: [ view_parse ] --START--
INFO: [ template_filter ] --START--
INFO: Run Behavior\ContentReplaceBehavior [ RunTime:0.000183s ]
INFO: [ template_filter ] --END-- [ RunTime:0.000280s ]
NOTIC: [8] Undefined index: p C:\xampp\htdocs\aiston\Application\Runtime\Cache\Home\2a94b8bda04ff446dcedd42276fc99ee.php 第 156 行.
NOTIC: [8] Undefined index: p C:\xampp\htdocs\aiston\Application\Runtime\Cache\Home\2a94b8bda04ff446dcedd42276fc99ee.php 第 163 行.
NOTIC: [8] Undefined index: p C:\xampp\htdocs\aiston\Application\Runtime\Cache\Home\2a94b8bda04ff446dcedd42276fc99ee.php 第 163 行.
INFO: Run Behavior\ParseTemplateBehavior [ RunTime:0.014747s ]
INFO: [ view_parse ] --END-- [ RunTime:0.014812s ]
INFO: [ view_filter ] --START--
INFO: Run Behavior\WriteHtmlCacheBehavior [ RunTime:0.000501s ]
INFO: [ view_filter ] --END-- [ RunTime:0.000553s ]
INFO: [ app_end ] --START--
INFO: Run Behavior\ShowPageTraceBehavior [ RunTime:0.001022s ]
INFO: [ app_end ] --END-- [ RunTime:0.001092s ]

[ 2016-05-05T13:52:37+08:00 ] 127.0.0.1 /
INFO: [ app_init ] --START--
INFO: Run Behavior\BuildLiteBehavior [ RunTime:0.000016s ]
INFO: [ app_init ] --END-- [ RunTime:0.000548s ]
INFO: [ app_begin ] --START--
INFO: Run Behavior\ReadHtmlCacheBehavior [ RunTime:0.001005s ]
INFO: [ app_begin ] --END-- [ RunTime:0.001068s ]
SQL: SHOW COLUMNS FROM `ast_banner` [ RunTime:0.0038s ]
SQL: SELECT * FROM `ast_banner`  [ RunTime:0.0003s ]
SQL: SHOW COLUMNS FROM `ast_link` [ RunTime:0.0037s ]
SQL: SELECT * FROM `ast_link`  [ RunTime:0.0003s ]
SQL: SHOW COLUMNS FROM `ast_company` [ RunTime:0.0036s ]
SQL: SHOW COLUMNS FROM `ast_article` [ RunTime:0.0036s ]
SQL: SHOW COLUMNS FROM `ast_product` [ RunTime:0.0036s ]
SQL: SHOW COLUMNS FROM `ast_procate` [ RunTime:0.0039s ]
SQL: SELECT * FROM `ast_procate` LIMIT 3   [ RunTime:0.0003s ]
SQL: SELECT * FROM `ast_article`  [ RunTime:0.0003s ]
SQL: SELECT * FROM `ast_company`  [ RunTime:0.0002s ]
SQL: SELECT * FROM `ast_article` LIMIT 0,4   [ RunTime:0.0003s ]
INFO: [ view_parse ] --START--
INFO: [ template_filter ] --START--
INFO: Run Behavior\ContentReplaceBehavior [ RunTime:0.000206s ]
INFO: [ template_filter ] --END-- [ RunTime:0.000272s ]
NOTIC: [8] Undefined index: p C:\xampp\htdocs\aiston\Application\Runtime\Cache\Home\2a94b8bda04ff446dcedd42276fc99ee.php 第 156 行.
NOTIC: [8] Undefined index: p C:\xampp\htdocs\aiston\Application\Runtime\Cache\Home\2a94b8bda04ff446dcedd42276fc99ee.php 第 163 行.
NOTIC: [8] Undefined index: p C:\xampp\htdocs\aiston\Application\Runtime\Cache\Home\2a94b8bda04ff446dcedd42276fc99ee.php 第 163 行.
INFO: Run Behavior\ParseTemplateBehavior [ RunTime:0.015038s ]
INFO: [ view_parse ] --END-- [ RunTime:0.015096s ]
INFO: [ view_filter ] --START--
INFO: Run Behavior\WriteHtmlCacheBehavior [ RunTime:0.000654s ]
INFO: [ view_filter ] --END-- [ RunTime:0.000704s ]
INFO: [ app_end ] --START--
INFO: Run Behavior\ShowPageTraceBehavior [ RunTime:0.001286s ]
INFO: [ app_end ] --END-- [ RunTime:0.001364s ]

[ 2016-05-05T14:04:03+08:00 ] ::1 /
INFO: [ app_init ] --START--
INFO: Run Behavior\BuildLiteBehavior [ RunTime:0.000021s ]
INFO: [ app_init ] --END-- [ RunTime:0.000613s ]
INFO: [ app_begin ] --START--
INFO: Run Behavior\ReadHtmlCacheBehavior [ RunTime:0.001140s ]
INFO: [ app_begin ] --END-- [ RunTime:0.001242s ]
SQL: SHOW COLUMNS FROM `ast_banner` [ RunTime:0.0057s ]
SQL: SELECT * FROM `ast_banner`  [ RunTime:0.0008s ]
SQL: SHOW COLUMNS FROM `ast_link` [ RunTime:0.0073s ]
SQL: SELECT * FROM `ast_link`  [ RunTime:0.0005s ]
SQL: SHOW COLUMNS FROM `ast_company` [ RunTime:0.0223s ]
SQL: SHOW COLUMNS FROM `ast_article` [ RunTime:0.0089s ]
SQL: SHOW COLUMNS FROM `ast_product` [ RunTime:0.0058s ]
SQL: SHOW COLUMNS FROM `ast_procate` [ RunTime:0.0081s ]
SQL: SELECT * FROM `ast_procate` LIMIT 3   [ RunTime:0.0005s ]
SQL: SELECT * FROM `ast_article`  [ RunTime:0.0005s ]
SQL: SELECT * FROM `ast_company`  [ RunTime:0.0003s ]
SQL: SELECT * FROM `ast_article` LIMIT 0,4   [ RunTime:0.0004s ]
INFO: [ view_parse ] --START--
INFO: [ template_filter ] --START--
INFO: Run Behavior\ContentReplaceBehavior [ RunTime:0.000264s ]
INFO: [ template_filter ] --END-- [ RunTime:0.000359s ]
NOTIC: [8] Undefined index: p C:\xampp\htdocs\aiston\Application\Runtime\Cache\Home\2a94b8bda04ff446dcedd42276fc99ee.php 第 156 行.
NOTIC: [8] Undefined index: p C:\xampp\htdocs\aiston\Application\Runtime\Cache\Home\2a94b8bda04ff446dcedd42276fc99ee.php 第 163 行.
NOTIC: [8] Undefined index: p C:\xampp\htdocs\aiston\Application\Runtime\Cache\Home\2a94b8bda04ff446dcedd42276fc99ee.php 第 163 行.
INFO: Run Behavior\ParseTemplateBehavior [ RunTime:0.031492s ]
INFO: [ view_parse ] --END-- [ RunTime:0.031559s ]
INFO: [ view_filter ] --START--
INFO: Run Behavior\WriteHtmlCacheBehavior [ RunTime:0.000700s ]
INFO: [ view_filter ] --END-- [ RunTime:0.000760s ]
INFO: [ app_end ] --START--
INFO: Run Behavior\ShowPageTraceBehavior [ RunTime:0.001275s ]
INFO: [ app_end ] --END-- [ RunTime:0.001369s ]

[ 2016-05-05T14:07:52+08:00 ] ::1 /
INFO: [ app_init ] --START--
INFO: Run Behavior\BuildLiteBehavior [ RunTime:0.000025s ]
INFO: [ app_init ] --END-- [ RunTime:0.000831s ]
INFO: [ app_begin ] --START--
INFO: Run Behavior\ReadHtmlCacheBehavior [ RunTime:0.001104s ]
INFO: [ app_begin ] --END-- [ RunTime:0.001178s ]
SQL: SHOW COLUMNS FROM `ast_banner` [ RunTime:0.0052s ]
SQL: SELECT * FROM `ast_banner`  [ RunTime:0.0004s ]
SQL: SHOW COLUMNS FROM `ast_link` [ RunTime:0.0061s ]
SQL: SELECT * FROM `ast_link`  [ RunTime:0.0004s ]
SQL: SHOW COLUMNS FROM `ast_company` [ RunTime:0.0172s ]
SQL: SHOW COLUMNS FROM `ast_article` [ RunTime:0.0055s ]
SQL: SHOW COLUMNS FROM `ast_product` [ RunTime:0.0064s ]
SQL: SHOW COLUMNS FROM `ast_procate` [ RunTime:0.0049s ]
SQL: SELECT * FROM `ast_procate` LIMIT 3   [ RunTime:0.0004s ]
SQL: SELECT * FROM `ast_article`  [ RunTime:0.0004s ]
SQL: SELECT * FROM `ast_company`  [ RunTime:0.0002s ]
SQL: SELECT * FROM `ast_article` LIMIT 0,4   [ RunTime:0.0004s ]
INFO: [ view_parse ] --START--
INFO: [ template_filter ] --START--
INFO: Run Behavior\ContentReplaceBehavior [ RunTime:0.000186s ]
INFO: [ template_filter ] --END-- [ RunTime:0.000251s ]
NOTIC: [8] Undefined index: p C:\xampp\htdocs\aiston\Application\Runtime\Cache\Home\2a94b8bda04ff446dcedd42276fc99ee.php 第 156 行.
NOTIC: [8] Undefined index: p C:\xampp\htdocs\aiston\Application\Runtime\Cache\Home\2a94b8bda04ff446dcedd42276fc99ee.php 第 163 行.
NOTIC: [8] Undefined index: p C:\xampp\htdocs\aiston\Application\Runtime\Cache\Home\2a94b8bda04ff446dcedd42276fc99ee.php 第 163 行.
INFO: Run Behavior\ParseTemplateBehavior [ RunTime:0.017430s ]
INFO: [ view_parse ] --END-- [ RunTime:0.017510s ]
INFO: [ view_filter ] --START--
INFO: Run Behavior\WriteHtmlCacheBehavior [ RunTime:0.001414s ]
INFO: [ view_filter ] --END-- [ RunTime:0.001514s ]
INFO: [ app_end ] --START--
INFO: Run Behavior\ShowPageTraceBehavior [ RunTime:0.002351s ]
INFO: [ app_end ] --END-- [ RunTime:0.002461s ]

[ 2016-05-05T16:00:54+08:00 ] ::1 /
INFO: [ app_init ] --START--
INFO: Run Behavior\BuildLiteBehavior [ RunTime:0.000019s ]
INFO: [ app_init ] --END-- [ RunTime:0.000617s ]
INFO: [ app_begin ] --START--
INFO: Run Behavior\ReadHtmlCacheBehavior [ RunTime:0.001350s ]
INFO: [ app_begin ] --END-- [ RunTime:0.001521s ]
SQL: SHOW COLUMNS FROM `ast_banner` [ RunTime:0.0060s ]
SQL: SELECT * FROM `ast_banner`  [ RunTime:0.0004s ]
SQL: SHOW COLUMNS FROM `ast_link` [ RunTime:0.0054s ]
SQL: SELECT * FROM `ast_link`  [ RunTime:0.0004s ]
SQL: SHOW COLUMNS FROM `ast_company` [ RunTime:0.0082s ]
SQL: SHOW COLUMNS FROM `ast_article` [ RunTime:0.0057s ]
SQL: SHOW COLUMNS FROM `ast_product` [ RunTime:0.0079s ]
SQL: SHOW COLUMNS FROM `ast_procate` [ RunTime:0.0056s ]
SQL: SELECT * FROM `ast_procate` LIMIT 3   [ RunTime:0.0004s ]
SQL: SELECT * FROM `ast_article`  [ RunTime:0.0004s ]
SQL: SELECT * FROM `ast_company`  [ RunTime:0.0003s ]
SQL: SELECT * FROM `ast_article` LIMIT 0,4   [ RunTime:0.0003s ]
INFO: [ view_parse ] --START--
INFO: [ template_filter ] --START--
INFO: Run Behavior\ContentReplaceBehavior [ RunTime:0.000191s ]
INFO: [ template_filter ] --END-- [ RunTime:0.000263s ]
NOTIC: [8] Undefined index: p C:\xampp\htdocs\aiston\Application\Runtime\Cache\Home\2a94b8bda04ff446dcedd42276fc99ee.php 第 156 行.
NOTIC: [8] Undefined index: p C:\xampp\htdocs\aiston\Application\Runtime\Cache\Home\2a94b8bda04ff446dcedd42276fc99ee.php 第 163 行.
NOTIC: [8] Undefined index: p C:\xampp\htdocs\aiston\Application\Runtime\Cache\Home\2a94b8bda04ff446dcedd42276fc99ee.php 第 163 行.
INFO: Run Behavior\ParseTemplateBehavior [ RunTime:0.016907s ]
INFO: [ view_parse ] --END-- [ RunTime:0.016967s ]
INFO: [ view_filter ] --START--
INFO: Run Behavior\WriteHtmlCacheBehavior [ RunTime:0.000718s ]
INFO: [ view_filter ] --END-- [ RunTime:0.000767s ]
INFO: [ app_end ] --START--
INFO: Run Behavior\ShowPageTraceBehavior [ RunTime:0.002236s ]
INFO: [ app_end ] --END-- [ RunTime:0.002353s ]

[ 2016-05-05T16:01:11+08:00 ] ::1 /
INFO: [ app_init ] --START--
INFO: Run Behavior\BuildLiteBehavior [ RunTime:0.000021s ]
INFO: [ app_init ] --END-- [ RunTime:0.000680s ]
INFO: [ app_begin ] --START--
INFO: Run Behavior\ReadHtmlCacheBehavior [ RunTime:0.001421s ]
INFO: [ app_begin ] --END-- [ RunTime:0.001539s ]
SQL: SHOW COLUMNS FROM `ast_banner` [ RunTime:0.0056s ]
SQL: SELECT * FROM `ast_banner`  [ RunTime:0.0004s ]
SQL: SHOW COLUMNS FROM `ast_link` [ RunTime:0.0044s ]
SQL: SELECT * FROM `ast_link`  [ RunTime:0.0004s ]
SQL: SHOW COLUMNS FROM `ast_company` [ RunTime:0.0056s ]
SQL: SHOW COLUMNS FROM `ast_article` [ RunTime:0.0052s ]
SQL: SHOW COLUMNS FROM `ast_product` [ RunTime:0.0044s ]
SQL: SHOW COLUMNS FROM `ast_procate` [ RunTime:0.0060s ]
SQL: SELECT * FROM `ast_procate` LIMIT 3   [ RunTime:0.0006s ]
SQL: SELECT * FROM `ast_article`  [ RunTime:0.0006s ]
SQL: SELECT * FROM `ast_company`  [ RunTime:0.0003s ]
SQL: SELECT * FROM `ast_article` LIMIT 0,4   [ RunTime:0.0004s ]
INFO: [ view_parse ] --START--
INFO: [ template_filter ] --START--
INFO: Run Behavior\ContentReplaceBehavior [ RunTime:0.000159s ]
INFO: [ template_filter ] --END-- [ RunTime:0.000224s ]
NOTIC: [8] Undefined index: p C:\xampp\htdocs\aiston\Application\Runtime\Cache\Home\2a94b8bda04ff446dcedd42276fc99ee.php 第 156 行.
NOTIC: [8] Undefined index: p C:\xampp\htdocs\aiston\Application\Runtime\Cache\Home\2a94b8bda04ff446dcedd42276fc99ee.php 第 163 行.
NOTIC: [8] Undefined index: p C:\xampp\htdocs\aiston\Application\Runtime\Cache\Home\2a94b8bda04ff446dcedd42276fc99ee.php 第 163 行.
INFO: Run Behavior\ParseTemplateBehavior [ RunTime:0.019915s ]
INFO: [ view_parse ] --END-- [ RunTime:0.019991s ]
INFO: [ view_filter ] --START--
INFO: Run Behavior\WriteHtmlCacheBehavior [ RunTime:0.000696s ]
INFO: [ view_filter ] --END-- [ RunTime:0.000746s ]
INFO: [ app_end ] --START--
INFO: Run Behavior\ShowPageTraceBehavior [ RunTime:0.001844s ]
INFO: [ app_end ] --END-- [ RunTime:0.001957s ]

[ 2016-05-05T16:01:38+08:00 ] ::1 /
INFO: [ app_init ] --START--
INFO: Run Behavior\BuildLiteBehavior [ RunTime:0.000021s ]
INFO: [ app_init ] --END-- [ RunTime:0.000952s ]
INFO: [ app_begin ] --START--
INFO: Run Behavior\ReadHtmlCacheBehavior [ RunTime:0.001889s ]
INFO: [ app_begin ] --END-- [ RunTime:0.002001s ]
SQL: SHOW COLUMNS FROM `ast_banner` [ RunTime:0.0057s ]
SQL: SELECT * FROM `ast_banner`  [ RunTime:0.0009s ]
SQL: SHOW COLUMNS FROM `ast_link` [ RunTime:0.0059s ]
SQL: SELECT * FROM `ast_link`  [ RunTime:0.0003s ]
SQL: SHOW COLUMNS FROM `ast_company` [ RunTime:0.0049s ]
SQL: SHOW COLUMNS FROM `ast_article` [ RunTime:0.0072s ]
SQL: SHOW COLUMNS FROM `ast_product` [ RunTime:0.0057s ]
SQL: SHOW COLUMNS FROM `ast_procate` [ RunTime:0.0053s ]
SQL: SELECT * FROM `ast_procate` LIMIT 3   [ RunTime:0.0005s ]
SQL: SELECT * FROM `ast_article`  [ RunTime:0.0010s ]
SQL: SELECT * FROM `ast_company`  [ RunTime:0.0005s ]
SQL: SELECT * FROM `ast_article` LIMIT 0,4   [ RunTime:0.0005s ]
INFO: [ view_parse ] --START--
INFO: [ template_filter ] --START--
INFO: Run Behavior\ContentReplaceBehavior [ RunTime:0.000162s ]
INFO: [ template_filter ] --END-- [ RunTime:0.000228s ]
NOTIC: [8] Undefined index: p C:\xampp\htdocs\aiston\Application\Runtime\Cache\Home\2a94b8bda04ff446dcedd42276fc99ee.php 第 156 行.
NOTIC: [8] Undefined index: p C:\xampp\htdocs\aiston\Application\Runtime\Cache\Home\2a94b8bda04ff446dcedd42276fc99ee.php 第 163 行.
NOTIC: [8] Undefined index: p C:\xampp\htdocs\aiston\Application\Runtime\Cache\Home\2a94b8bda04ff446dcedd42276fc99ee.php 第 163 行.
INFO: Run Behavior\ParseTemplateBehavior [ RunTime:0.020283s ]
INFO: [ view_parse ] --END-- [ RunTime:0.020359s ]
INFO: [ view_filter ] --START--
INFO: Run Behavior\WriteHtmlCacheBehavior [ RunTime:0.000834s ]
INFO: [ view_filter ] --END-- [ RunTime:0.000884s ]
INFO: [ app_end ] --START--
INFO: Run Behavior\ShowPageTraceBehavior [ RunTime:0.002081s ]
INFO: [ app_end ] --END-- [ RunTime:0.002173s ]

[ 2016-05-05T16:34:21+08:00 ] ::1 /
INFO: [ app_init ] --START--
INFO: Run Behavior\BuildLiteBehavior [ RunTime:0.000025s ]
INFO: [ app_init ] --END-- [ RunTime:0.001071s ]
INFO: [ app_begin ] --START--
INFO: Run Behavior\ReadHtmlCacheBehavior [ RunTime:0.002485s ]
INFO: [ app_begin ] --END-- [ RunTime:0.002563s ]
SQL: SHOW COLUMNS FROM `ast_banner` [ RunTime:0.0058s ]
SQL: SELECT * FROM `ast_banner`  [ RunTime:0.0004s ]
SQL: SHOW COLUMNS FROM `ast_link` [ RunTime:0.0065s ]
SQL: SELECT * FROM `ast_link`  [ RunTime:0.0005s ]
SQL: SHOW COLUMNS FROM `ast_company` [ RunTime:0.0188s ]
SQL: SHOW COLUMNS FROM `ast_article` [ RunTime:0.0069s ]
SQL: SHOW COLUMNS FROM `ast_product` [ RunTime:0.0069s ]
SQL: SHOW COLUMNS FROM `ast_procate` [ RunTime:0.0067s ]
SQL: SELECT * FROM `ast_procate` LIMIT 3   [ RunTime:0.0004s ]
SQL: SELECT * FROM `ast_article`  [ RunTime:0.0004s ]
SQL: SELECT * FROM `ast_company`  [ RunTime:0.0002s ]
SQL: SELECT * FROM `ast_article` LIMIT 0,4   [ RunTime:0.0004s ]
INFO: [ view_parse ] --START--
INFO: [ template_filter ] --START--
INFO: Run Behavior\ContentReplaceBehavior [ RunTime:0.000251s ]
INFO: [ template_filter ] --END-- [ RunTime:0.000356s ]
NOTIC: [8] Undefined index: p C:\xampp\htdocs\aiston\Application\Runtime\Cache\Home\2a94b8bda04ff446dcedd42276fc99ee.php 第 156 行.
NOTIC: [8] Undefined index: p C:\xampp\htdocs\aiston\Application\Runtime\Cache\Home\2a94b8bda04ff446dcedd42276fc99ee.php 第 163 行.
NOTIC: [8] Undefined index: p C:\xampp\htdocs\aiston\Application\Runtime\Cache\Home\2a94b8bda04ff446dcedd42276fc99ee.php 第 163 行.
INFO: Run Behavior\ParseTemplateBehavior [ RunTime:0.025403s ]
INFO: [ view_parse ] --END-- [ RunTime:0.025502s ]
INFO: [ view_filter ] --START--
INFO: Run Behavior\WriteHtmlCacheBehavior [ RunTime:0.002622s ]
INFO: [ view_filter ] --END-- [ RunTime:0.002684s ]
INFO: [ app_end ] --START--
INFO: Run Behavior\ShowPageTraceBehavior [ RunTime:0.004441s ]
INFO: [ app_end ] --END-- [ RunTime:0.004539s ]

[ 2016-05-05T16:34:23+08:00 ] ::1 /index.php/Home/Branch/index
INFO: [ app_init ] --START--
INFO: Run Behavior\BuildLiteBehavior [ RunTime:0.000029s ]
INFO: [ app_init ] --END-- [ RunTime:0.001484s ]
INFO: [ app_begin ] --START--
INFO: Run Behavior\ReadHtmlCacheBehavior [ RunTime:0.006138s ]
INFO: [ app_begin ] --END-- [ RunTime:0.006287s ]
SQL: SHOW COLUMNS FROM `ast_banner` [ RunTime:0.0050s ]
SQL: SELECT * FROM `ast_banner`  [ RunTime:0.0004s ]
SQL: SHOW COLUMNS FROM `ast_link` [ RunTime:0.0062s ]
SQL: SELECT * FROM `ast_link`  [ RunTime:0.0004s ]
SQL: SHOW COLUMNS FROM `ast_words_link` [ RunTime:0.0078s ]
SQL: SELECT * FROM `ast_words_link`  [ RunTime:0.0009s ]
INFO: [ view_parse ] --START--
INFO: [ template_filter ] --START--
INFO: Run Behavior\ContentReplaceBehavior [ RunTime:0.000116s ]
INFO: [ template_filter ] --END-- [ RunTime:0.000184s ]
INFO: Run Behavior\ParseTemplateBehavior [ RunTime:0.024813s ]
INFO: [ view_parse ] --END-- [ RunTime:0.024933s ]
INFO: [ view_filter ] --START--
INFO: Run Behavior\WriteHtmlCacheBehavior [ RunTime:0.004158s ]
INFO: [ view_filter ] --END-- [ RunTime:0.004253s ]
INFO: [ app_end ] --START--
INFO: Run Behavior\ShowPageTraceBehavior [ RunTime:0.005663s ]
INFO: [ app_end ] --END-- [ RunTime:0.005772s ]

[ 2016-05-05T16:51:27+08:00 ] ::1 /index.php/Home/Index
INFO: [ app_init ] --START--
INFO: Run Behavior\BuildLiteBehavior [ RunTime:0.000028s ]
INFO: [ app_init ] --END-- [ RunTime:0.000877s ]
INFO: [ app_begin ] --START--
INFO: Run Behavior\ReadHtmlCacheBehavior [ RunTime:0.001302s ]
INFO: [ app_begin ] --END-- [ RunTime:0.001438s ]
SQL: SHOW COLUMNS FROM `ast_banner` [ RunTime:0.0067s ]
SQL: SELECT * FROM `ast_banner`  [ RunTime:0.0007s ]
SQL: SHOW COLUMNS FROM `ast_link` [ RunTime:0.0057s ]
SQL: SELECT * FROM `ast_link`  [ RunTime:0.0004s ]
SQL: SHOW COLUMNS FROM `ast_company` [ RunTime:0.0054s ]
SQL: SHOW COLUMNS FROM `ast_article` [ RunTime:0.0065s ]
SQL: SHOW COLUMNS FROM `ast_product` [ RunTime:0.0057s ]
SQL: SHOW COLUMNS FROM `ast_procate` [ RunTime:0.0080s ]
SQL: SELECT * FROM `ast_procate` LIMIT 3   [ RunTime:0.0008s ]
SQL: SELECT * FROM `ast_article`  [ RunTime:0.0006s ]
SQL: SELECT * FROM `ast_company`  [ RunTime:0.0003s ]
SQL: SELECT * FROM `ast_article` LIMIT 0,4   [ RunTime:0.0004s ]
INFO: [ view_parse ] --START--
INFO: [ template_filter ] --START--
INFO: Run Behavior\ContentReplaceBehavior [ RunTime:0.000196s ]
INFO: [ template_filter ] --END-- [ RunTime:0.000264s ]
NOTIC: [8] Undefined index: p C:\xampp\htdocs\aiston\Application\Runtime\Cache\Home\2a94b8bda04ff446dcedd42276fc99ee.php 第 156 行.
NOTIC: [8] Undefined index: p C:\xampp\htdocs\aiston\Application\Runtime\Cache\Home\2a94b8bda04ff446dcedd42276fc99ee.php 第 163 行.
NOTIC: [8] Undefined index: p C:\xampp\htdocs\aiston\Application\Runtime\Cache\Home\2a94b8bda04ff446dcedd42276fc99ee.php 第 163 行.
INFO: Run Behavior\ParseTemplateBehavior [ RunTime:0.018295s ]
INFO: [ view_parse ] --END-- [ RunTime:0.018359s ]
INFO: [ view_filter ] --START--
INFO: Run Behavior\WriteHtmlCacheBehavior [ RunTime:0.000680s ]
INFO: [ view_filter ] --END-- [ RunTime:0.000731s ]
INFO: [ app_end ] --START--
INFO: Run Behavior\ShowPageTraceBehavior [ RunTime:0.001521s ]
INFO: [ app_end ] --END-- [ RunTime:0.001620s ]

[ 2016-05-05T16:51:29+08:00 ] ::1 /index.php/Home/News/details/aid/52
INFO: [ app_init ] --START--
INFO: Run Behavior\BuildLiteBehavior [ RunTime:0.000018s ]
INFO: [ app_init ] --END-- [ RunTime:0.000632s ]
INFO: [ app_begin ] --START--
INFO: Run Behavior\ReadHtmlCacheBehavior [ RunTime:0.000856s ]
INFO: [ app_begin ] --END-- [ RunTime:0.000946s ]
SQL: SHOW COLUMNS FROM `ast_banner` [ RunTime:0.0050s ]
SQL: SELECT * FROM `ast_banner`  [ RunTime:0.0004s ]
SQL: SHOW COLUMNS FROM `ast_link` [ RunTime:0.0043s ]
SQL: SELECT * FROM `ast_link`  [ RunTime:0.0003s ]
SQL: SHOW COLUMNS FROM `ast_article` [ RunTime:0.0054s ]
SQL: SELECT * FROM `ast_article` WHERE `art_id` = 52  [ RunTime:0.0008s ]
SQL: SELECT * FROM `ast_article` WHERE `art_id` = 51  [ RunTime:0.0004s ]
SQL: SELECT * FROM `ast_article` WHERE `art_id` = 53  [ RunTime:0.0005s ]
SQL: SHOW COLUMNS FROM `ast_artcate` [ RunTime:0.0076s ]
SQL: SELECT * FROM `ast_artcate`  [ RunTime:0.0006s ]
NOTIC: [8] Undefined offset: 0 C:\xampp\htdocs\aiston\Application\Home\Controller\NewsController.class.php 第 17 行.
INFO: [ view_parse ] --START--
INFO: [ template_filter ] --START--
INFO: Run Behavior\ContentReplaceBehavior [ RunTime:0.000129s ]
INFO: [ template_filter ] --END-- [ RunTime:0.000193s ]
INFO: Run Behavior\ParseTemplateBehavior [ RunTime:0.014871s ]
INFO: [ view_parse ] --END-- [ RunTime:0.014967s ]
INFO: [ view_filter ] --START--
INFO: Run Behavior\WriteHtmlCacheBehavior [ RunTime:0.000503s ]
INFO: [ view_filter ] --END-- [ RunTime:0.000553s ]
INFO: [ app_end ] --START--
INFO: Run Behavior\ShowPageTraceBehavior [ RunTime:0.001195s ]
INFO: [ app_end ] --END-- [ RunTime:0.001277s ]

[ 2016-05-05T16:52:03+08:00 ] ::1 /
INFO: [ app_init ] --START--
INFO: Run Behavior\BuildLiteBehavior [ RunTime:0.000016s ]
INFO: [ app_init ] --END-- [ RunTime:0.000477s ]
INFO: [ app_begin ] --START--
INFO: Run Behavior\ReadHtmlCacheBehavior [ RunTime:0.000787s ]
INFO: [ app_begin ] --END-- [ RunTime:0.000883s ]
SQL: SHOW COLUMNS FROM `ast_banner` [ RunTime:0.0049s ]
SQL: SELECT * FROM `ast_banner`  [ RunTime:0.0005s ]
SQL: SHOW COLUMNS FROM `ast_link` [ RunTime:0.0056s ]
SQL: SELECT * FROM `ast_link`  [ RunTime:0.0004s ]
SQL: SHOW COLUMNS FROM `ast_company` [ RunTime:0.0044s ]
SQL: SHOW COLUMNS FROM `ast_article` [ RunTime:0.0048s ]
SQL: SHOW COLUMNS FROM `ast_product` [ RunTime:0.0049s ]
SQL: SHOW COLUMNS FROM `ast_procate` [ RunTime:0.0043s ]
SQL: SELECT * FROM `ast_procate` LIMIT 3   [ RunTime:0.0004s ]
SQL: SELECT * FROM `ast_article`  [ RunTime:0.0004s ]
SQL: SELECT * FROM `ast_company`  [ RunTime:0.0003s ]
SQL: SELECT * FROM `ast_article` LIMIT 0,4   [ RunTime:0.0004s ]
INFO: [ view_parse ] --START--
INFO: [ template_filter ] --START--
INFO: Run Behavior\ContentReplaceBehavior [ RunTime:0.000163s ]
INFO: [ template_filter ] --END-- [ RunTime:0.000227s ]
NOTIC: [8] Undefined index: p C:\xampp\htdocs\aiston\Application\Runtime\Cache\Home\2a94b8bda04ff446dcedd42276fc99ee.php 第 156 行.
NOTIC: [8] Undefined index: p C:\xampp\htdocs\aiston\Application\Runtime\Cache\Home\2a94b8bda04ff446dcedd42276fc99ee.php 第 163 行.
NOTIC: [8] Undefined index: p C:\xampp\htdocs\aiston\Application\Runtime\Cache\Home\2a94b8bda04ff446dcedd42276fc99ee.php 第 163 行.
INFO: Run Behavior\ParseTemplateBehavior [ RunTime:0.016293s ]
INFO: [ view_parse ] --END-- [ RunTime:0.016406s ]
INFO: [ view_filter ] --START--
INFO: Run Behavior\WriteHtmlCacheBehavior [ RunTime:0.000811s ]
INFO: [ view_filter ] --END-- [ RunTime:0.000899s ]
INFO: [ app_end ] --START--
INFO: Run Behavior\ShowPageTraceBehavior [ RunTime:0.001426s ]
INFO: [ app_end ] --END-- [ RunTime:0.001536s ]

[ 2016-05-05T16:52:07+08:00 ] ::1 /index.php/Home/Index
INFO: [ app_init ] --START--
INFO: Run Behavior\BuildLiteBehavior [ RunTime:0.000016s ]
INFO: [ app_init ] --END-- [ RunTime:0.000464s ]
INFO: [ app_begin ] --START--
INFO: Run Behavior\ReadHtmlCacheBehavior [ RunTime:0.000947s ]
INFO: [ app_begin ] --END-- [ RunTime:0.001017s ]
SQL: SHOW COLUMNS FROM `ast_banner` [ RunTime:0.0056s ]
SQL: SELECT * FROM `ast_banner`  [ RunTime:0.0007s ]
SQL: SHOW COLUMNS FROM `ast_link` [ RunTime:0.0048s ]
SQL: SELECT * FROM `ast_link`  [ RunTime:0.0003s ]
SQL: SHOW COLUMNS FROM `ast_company` [ RunTime:0.0049s ]
SQL: SHOW COLUMNS FROM `ast_article` [ RunTime:0.0058s ]
SQL: SHOW COLUMNS FROM `ast_product` [ RunTime:0.0045s ]
SQL: SHOW COLUMNS FROM `ast_procate` [ RunTime:0.0045s ]
SQL: SELECT * FROM `ast_procate` LIMIT 3   [ RunTime:0.0004s ]
SQL: SELECT * FROM `ast_article`  [ RunTime:0.0005s ]
SQL: SELECT * FROM `ast_company`  [ RunTime:0.0005s ]
SQL: SELECT * FROM `ast_article` LIMIT 0,4   [ RunTime:0.0006s ]
INFO: [ view_parse ] --START--
INFO: [ template_filter ] --START--
INFO: Run Behavior\ContentReplaceBehavior [ RunTime:0.000180s ]
INFO: [ template_filter ] --END-- [ RunTime:0.000246s ]
NOTIC: [8] Undefined index: p C:\xampp\htdocs\aiston\Application\Runtime\Cache\Home\2a94b8bda04ff446dcedd42276fc99ee.php 第 156 行.
NOTIC: [8] Undefined index: p C:\xampp\htdocs\aiston\Application\Runtime\Cache\Home\2a94b8bda04ff446dcedd42276fc99ee.php 第 163 行.
NOTIC: [8] Undefined index: p C:\xampp\htdocs\aiston\Application\Runtime\Cache\Home\2a94b8bda04ff446dcedd42276fc99ee.php 第 163 行.
INFO: Run Behavior\ParseTemplateBehavior [ RunTime:0.015594s ]
INFO: [ view_parse ] --END-- [ RunTime:0.015694s ]
INFO: [ view_filter ] --START--
INFO: Run Behavior\WriteHtmlCacheBehavior [ RunTime:0.000533s ]
INFO: [ view_filter ] --END-- [ RunTime:0.000580s ]
INFO: [ app_end ] --START--
INFO: Run Behavior\ShowPageTraceBehavior [ RunTime:0.001152s ]
INFO: [ app_end ] --END-- [ RunTime:0.001233s ]

[ 2016-05-05T16:52:12+08:00 ] ::1 /index.php/Home/News/details/aid/52
INFO: [ app_init ] --START--
INFO: Run Behavior\BuildLiteBehavior [ RunTime:0.000016s ]
INFO: [ app_init ] --END-- [ RunTime:0.000461s ]
INFO: [ app_begin ] --START--
INFO: Run Behavior\ReadHtmlCacheBehavior [ RunTime:0.000713s ]
INFO: [ app_begin ] --END-- [ RunTime:0.000773s ]
SQL: SHOW COLUMNS FROM `ast_banner` [ RunTime:0.0043s ]
SQL: SELECT * FROM `ast_banner`  [ RunTime:0.0004s ]
SQL: SHOW COLUMNS FROM `ast_link` [ RunTime:0.0041s ]
SQL: SELECT * FROM `ast_link`  [ RunTime:0.0004s ]
SQL: SHOW COLUMNS FROM `ast_article` [ RunTime:0.0059s ]
SQL: SELECT * FROM `ast_article` WHERE `art_id` = 52  [ RunTime:0.0004s ]
SQL: SELECT * FROM `ast_article` WHERE `art_id` = 51  [ RunTime:0.0002s ]
SQL: SELECT * FROM `ast_article` WHERE `art_id` = 53  [ RunTime:0.0003s ]
SQL: SHOW COLUMNS FROM `ast_artcate` [ RunTime:0.0040s ]
SQL: SELECT * FROM `ast_artcate`  [ RunTime:0.0003s ]
NOTIC: [8] Undefined offset: 0 C:\xampp\htdocs\aiston\Application\Home\Controller\NewsController.class.php 第 17 行.
INFO: [ view_parse ] --START--
INFO: [ template_filter ] --START--
INFO: Run Behavior\ContentReplaceBehavior [ RunTime:0.000131s ]
INFO: [ template_filter ] --END-- [ RunTime:0.000197s ]
INFO: Run Behavior\ParseTemplateBehavior [ RunTime:0.018252s ]
INFO: [ view_parse ] --END-- [ RunTime:0.018351s ]
INFO: [ view_filter ] --START--
INFO: Run Behavior\WriteHtmlCacheBehavior [ RunTime:0.000817s ]
INFO: [ view_filter ] --END-- [ RunTime:0.000910s ]
INFO: [ app_end ] --START--
INFO: Run Behavior\ShowPageTraceBehavior [ RunTime:0.001661s ]
INFO: [ app_end ] --END-- [ RunTime:0.001793s ]

[ 2016-05-05T16:52:21+08:00 ] ::1 /index.php/Home/News/details/aid/55
INFO: [ app_init ] --START--
INFO: Run Behavior\BuildLiteBehavior [ RunTime:0.000017s ]
INFO: [ app_init ] --END-- [ RunTime:0.000766s ]
INFO: [ app_begin ] --START--
INFO: Run Behavior\ReadHtmlCacheBehavior [ RunTime:0.001426s ]
INFO: [ app_begin ] --END-- [ RunTime:0.001512s ]
SQL: SHOW COLUMNS FROM `ast_banner` [ RunTime:0.0060s ]
SQL: SELECT * FROM `ast_banner`  [ RunTime:0.0010s ]
SQL: SHOW COLUMNS FROM `ast_link` [ RunTime:0.0064s ]
SQL: SELECT * FROM `ast_link`  [ RunTime:0.0005s ]
SQL: SHOW COLUMNS FROM `ast_article` [ RunTime:0.0081s ]
SQL: SELECT * FROM `ast_article` WHERE `art_id` = 55  [ RunTime:0.0008s ]
SQL: SELECT * FROM `ast_article` WHERE `art_id` = 54  [ RunTime:0.0009s ]
SQL: SELECT * FROM `ast_article` WHERE `art_id` = 56  [ RunTime:0.0008s ]
SQL: SHOW COLUMNS FROM `ast_artcate` [ RunTime:0.0057s ]
SQL: SELECT * FROM `ast_artcate`  [ RunTime:0.0004s ]
INFO: [ view_parse ] --START--
INFO: [ template_filter ] --START--
INFO: Run Behavior\ContentReplaceBehavior [ RunTime:0.000210s ]
INFO: [ template_filter ] --END-- [ RunTime:0.000322s ]
INFO: Run Behavior\ParseTemplateBehavior [ RunTime:0.023673s ]
INFO: [ view_parse ] --END-- [ RunTime:0.023795s ]
INFO: [ view_filter ] --START--
INFO: Run Behavior\WriteHtmlCacheBehavior [ RunTime:0.005588s ]
INFO: [ view_filter ] --END-- [ RunTime:0.005693s ]
INFO: [ app_end ] --START--
INFO: Run Behavior\ShowPageTraceBehavior [ RunTime:0.002481s ]
INFO: [ app_end ] --END-- [ RunTime:0.002652s ]

[ 2016-05-05T16:52:24+08:00 ] ::1 /index.php/Home/Index/index/p/1
INFO: [ app_init ] --START--
INFO: Run Behavior\BuildLiteBehavior [ RunTime:0.000019s ]
INFO: [ app_init ] --END-- [ RunTime:0.001136s ]
INFO: [ app_begin ] --START--
INFO: Run Behavior\ReadHtmlCacheBehavior [ RunTime:0.001683s ]
INFO: [ app_begin ] --END-- [ RunTime:0.001763s ]
SQL: SHOW COLUMNS FROM `ast_banner` [ RunTime:0.0066s ]
SQL: SELECT * FROM `ast_banner`  [ RunTime:0.0005s ]
SQL: SHOW COLUMNS FROM `ast_link` [ RunTime:0.0051s ]
SQL: SELECT * FROM `ast_link`  [ RunTime:0.0004s ]
SQL: SHOW COLUMNS FROM `ast_company` [ RunTime:0.0071s ]
SQL: SHOW COLUMNS FROM `ast_article` [ RunTime:0.0071s ]
SQL: SHOW COLUMNS FROM `ast_product` [ RunTime:0.0071s ]
SQL: SHOW COLUMNS FROM `ast_procate` [ RunTime:0.0060s ]
SQL: SELECT * FROM `ast_procate` LIMIT 3   [ RunTime:0.0004s ]
SQL: SELECT * FROM `ast_article`  [ RunTime:0.0004s ]
SQL: SELECT * FROM `ast_company`  [ RunTime:0.0003s ]
SQL: SELECT * FROM `ast_article` LIMIT 0,4   [ RunTime:0.0004s ]
INFO: [ view_parse ] --START--
INFO: [ template_filter ] --START--
INFO: Run Behavior\ContentReplaceBehavior [ RunTime:0.000277s ]
INFO: [ template_filter ] --END-- [ RunTime:0.000398s ]
INFO: Run Behavior\ParseTemplateBehavior [ RunTime:0.027148s ]
INFO: [ view_parse ] --END-- [ RunTime:0.027230s ]
INFO: [ view_filter ] --START--
INFO: Run Behavior\WriteHtmlCacheBehavior [ RunTime:0.001433s ]
INFO: [ view_filter ] --END-- [ RunTime:0.001487s ]
INFO: [ app_end ] --START--
INFO: Run Behavior\ShowPageTraceBehavior [ RunTime:0.003333s ]
INFO: [ app_end ] --END-- [ RunTime:0.003445s ]

[ 2016-05-05T16:52:27+08:00 ] ::1 /index.php/Home/Index/index/p/2
INFO: [ app_init ] --START--
INFO: Run Behavior\BuildLiteBehavior [ RunTime:0.000028s ]
INFO: [ app_init ] --END-- [ RunTime:0.001191s ]
INFO: [ app_begin ] --START--
INFO: Run Behavior\ReadHtmlCacheBehavior [ RunTime:0.002297s ]
INFO: [ app_begin ] --END-- [ RunTime:0.002390s ]
SQL: SHOW COLUMNS FROM `ast_banner` [ RunTime:0.0049s ]
SQL: SELECT * FROM `ast_banner`  [ RunTime:0.0004s ]
SQL: SHOW COLUMNS FROM `ast_link` [ RunTime:0.0055s ]
SQL: SELECT * FROM `ast_link`  [ RunTime:0.0005s ]
SQL: SHOW COLUMNS FROM `ast_company` [ RunTime:0.0054s ]
SQL: SHOW COLUMNS FROM `ast_article` [ RunTime:0.0048s ]
SQL: SHOW COLUMNS FROM `ast_product` [ RunTime:0.0047s ]
SQL: SHOW COLUMNS FROM `ast_procate` [ RunTime:0.0053s ]
SQL: SELECT * FROM `ast_procate` LIMIT 3   [ RunTime:0.0005s ]
SQL: SELECT * FROM `ast_article`  [ RunTime:0.0006s ]
SQL: SELECT * FROM `ast_company`  [ RunTime:0.0004s ]
SQL: SELECT * FROM `ast_article` LIMIT 4,4   [ RunTime:0.0005s ]
INFO: [ view_parse ] --START--
INFO: [ template_filter ] --START--
INFO: Run Behavior\ContentReplaceBehavior [ RunTime:0.000171s ]
INFO: [ template_filter ] --END-- [ RunTime:0.000236s ]
INFO: Run Behavior\ParseTemplateBehavior [ RunTime:0.019660s ]
INFO: [ view_parse ] --END-- [ RunTime:0.019762s ]
INFO: [ view_filter ] --START--
INFO: Run Behavior\WriteHtmlCacheBehavior [ RunTime:0.001182s ]
INFO: [ view_filter ] --END-- [ RunTime:0.001234s ]
INFO: [ app_end ] --START--
INFO: Run Behavior\ShowPageTraceBehavior [ RunTime:0.001833s ]
INFO: [ app_end ] --END-- [ RunTime:0.001915s ]

[ 2016-05-05T16:52:30+08:00 ] ::1 /index.php/Home/Index/index/p/1
INFO: [ app_init ] --START--
INFO: Run Behavior\BuildLiteBehavior [ RunTime:0.000016s ]
INFO: [ app_init ] --END-- [ RunTime:0.000720s ]
INFO: [ app_begin ] --START--
INFO: Run Behavior\ReadHtmlCacheBehavior [ RunTime:0.001559s ]
INFO: [ app_begin ] --END-- [ RunTime:0.001684s ]
SQL: SHOW COLUMNS FROM `ast_banner` [ RunTime:0.0045s ]
SQL: SELECT * FROM `ast_banner`  [ RunTime:0.0004s ]
SQL: SHOW COLUMNS FROM `ast_link` [ RunTime:0.0043s ]
SQL: SELECT * FROM `ast_link`  [ RunTime:0.0004s ]
SQL: SHOW COLUMNS FROM `ast_company` [ RunTime:0.0051s ]
SQL: SHOW COLUMNS FROM `ast_article` [ RunTime:0.0051s ]
SQL: SHOW COLUMNS FROM `ast_product` [ RunTime:0.0050s ]
SQL: SHOW COLUMNS FROM `ast_procate` [ RunTime:0.0044s ]
SQL: SELECT * FROM `ast_procate` LIMIT 3   [ RunTime:0.0004s ]
SQL: SELECT * FROM `ast_article`  [ RunTime:0.0005s ]
SQL: SELECT * FROM `ast_company`  [ RunTime:0.0003s ]
SQL: SELECT * FROM `ast_article` LIMIT 0,4   [ RunTime:0.0004s ]
INFO: [ view_parse ] --START--
INFO: [ template_filter ] --START--
INFO: Run Behavior\ContentReplaceBehavior [ RunTime:0.000200s ]
INFO: [ template_filter ] --END-- [ RunTime:0.000271s ]
INFO: Run Behavior\ParseTemplateBehavior [ RunTime:0.019346s ]
INFO: [ view_parse ] --END-- [ RunTime:0.019452s ]
INFO: [ view_filter ] --START--
INFO: Run Behavior\WriteHtmlCacheBehavior [ RunTime:0.001584s ]
INFO: [ view_filter ] --END-- [ RunTime:0.001649s ]
INFO: [ app_end ] --START--
INFO: Run Behavior\ShowPageTraceBehavior [ RunTime:0.002910s ]
INFO: [ app_end ] --END-- [ RunTime:0.003017s ]

[ 2016-05-05T16:52:32+08:00 ] ::1 /index.php/Home/Index/index/p/1
INFO: [ app_init ] --START--
INFO: Run Behavior\BuildLiteBehavior [ RunTime:0.000028s ]
INFO: [ app_init ] --END-- [ RunTime:0.001305s ]
INFO: [ app_begin ] --START--
INFO: Run Behavior\ReadHtmlCacheBehavior [ RunTime:0.001379s ]
INFO: [ app_begin ] --END-- [ RunTime:0.001488s ]
SQL: SHOW COLUMNS FROM `ast_banner` [ RunTime:0.0049s ]
SQL: SELECT * FROM `ast_banner`  [ RunTime:0.0011s ]
SQL: SHOW COLUMNS FROM `ast_link` [ RunTime:0.0073s ]
SQL: SELECT * FROM `ast_link`  [ RunTime:0.0004s ]
SQL: SHOW COLUMNS FROM `ast_company` [ RunTime:0.0044s ]
SQL: SHOW COLUMNS FROM `ast_article` [ RunTime:0.0067s ]
SQL: SHOW COLUMNS FROM `ast_product` [ RunTime:0.0048s ]
SQL: SHOW COLUMNS FROM `ast_procate` [ RunTime:0.0046s ]
SQL: SELECT * FROM `ast_procate` LIMIT 3   [ RunTime:0.0005s ]
SQL: SELECT * FROM `ast_article`  [ RunTime:0.0007s ]
SQL: SELECT * FROM `ast_company`  [ RunTime:0.0005s ]
SQL: SELECT * FROM `ast_article` LIMIT 0,4   [ RunTime:0.0009s ]
INFO: [ view_parse ] --START--
INFO: [ template_filter ] --START--
INFO: Run Behavior\ContentReplaceBehavior [ RunTime:0.000190s ]
INFO: [ template_filter ] --END-- [ RunTime:0.000257s ]
INFO: Run Behavior\ParseTemplateBehavior [ RunTime:0.020507s ]
INFO: [ view_parse ] --END-- [ RunTime:0.020629s ]
INFO: [ view_filter ] --START--
INFO: Run Behavior\WriteHtmlCacheBehavior [ RunTime:0.001073s ]
INFO: [ view_filter ] --END-- [ RunTime:0.001126s ]
INFO: [ app_end ] --START--
INFO: Run Behavior\ShowPageTraceBehavior [ RunTime:0.002450s ]
INFO: [ app_end ] --END-- [ RunTime:0.002548s ]

[ 2016-05-05T16:52:36+08:00 ] ::1 /index.php/Home/Index/index/p/2
INFO: [ app_init ] --START--
INFO: Run Behavior\BuildLiteBehavior [ RunTime:0.000018s ]
INFO: [ app_init ] --END-- [ RunTime:0.000672s ]
INFO: [ app_begin ] --START--
INFO: Run Behavior\ReadHtmlCacheBehavior [ RunTime:0.001306s ]
INFO: [ app_begin ] --END-- [ RunTime:0.001371s ]
SQL: SHOW COLUMNS FROM `ast_banner` [ RunTime:0.0059s ]
SQL: SELECT * FROM `ast_banner`  [ RunTime:0.0005s ]
SQL: SHOW COLUMNS FROM `ast_link` [ RunTime:0.0044s ]
SQL: SELECT * FROM `ast_link`  [ RunTime:0.0005s ]
SQL: SHOW COLUMNS FROM `ast_company` [ RunTime:0.0046s ]
SQL: SHOW COLUMNS FROM `ast_article` [ RunTime:0.0066s ]
SQL: SHOW COLUMNS FROM `ast_product` [ RunTime:0.0046s ]
SQL: SHOW COLUMNS FROM `ast_procate` [ RunTime:0.0042s ]
SQL: SELECT * FROM `ast_procate` LIMIT 3   [ RunTime:0.0004s ]
SQL: SELECT * FROM `ast_article`  [ RunTime:0.0005s ]
SQL: SELECT * FROM `ast_company`  [ RunTime:0.0004s ]
SQL: SELECT * FROM `ast_article` LIMIT 4,4   [ RunTime:0.0006s ]
INFO: [ view_parse ] --START--
INFO: [ template_filter ] --START--
INFO: Run Behavior\ContentReplaceBehavior [ RunTime:0.000231s ]
INFO: [ template_filter ] --END-- [ RunTime:0.000324s ]
INFO: Run Behavior\ParseTemplateBehavior [ RunTime:0.022208s ]
INFO: [ view_parse ] --END-- [ RunTime:0.022297s ]
INFO: [ view_filter ] --START--
INFO: Run Behavior\WriteHtmlCacheBehavior [ RunTime:0.001056s ]
INFO: [ view_filter ] --END-- [ RunTime:0.001108s ]
INFO: [ app_end ] --START--
INFO: Run Behavior\ShowPageTraceBehavior [ RunTime:0.002293s ]
INFO: [ app_end ] --END-- [ RunTime:0.002396s ]

[ 2016-05-05T16:52:38+08:00 ] ::1 /index.php/Home/Index/index/p/1
INFO: [ app_init ] --START--
INFO: Run Behavior\BuildLiteBehavior [ RunTime:0.000019s ]
INFO: [ app_init ] --END-- [ RunTime:0.000780s ]
INFO: [ app_begin ] --START--
INFO: Run Behavior\ReadHtmlCacheBehavior [ RunTime:0.001397s ]
INFO: [ app_begin ] --END-- [ RunTime:0.001486s ]
SQL: SHOW COLUMNS FROM `ast_banner` [ RunTime:0.0052s ]
SQL: SELECT * FROM `ast_banner`  [ RunTime:0.0005s ]
SQL: SHOW COLUMNS FROM `ast_link` [ RunTime:0.0070s ]
SQL: SELECT * FROM `ast_link`  [ RunTime:0.0007s ]
SQL: SHOW COLUMNS FROM `ast_company` [ RunTime:0.0052s ]
SQL: SHOW COLUMNS FROM `ast_article` [ RunTime:0.0058s ]
SQL: SHOW COLUMNS FROM `ast_product` [ RunTime:0.0047s ]
SQL: SHOW COLUMNS FROM `ast_procate` [ RunTime:0.0043s ]
SQL: SELECT * FROM `ast_procate` LIMIT 3   [ RunTime:0.0003s ]
SQL: SELECT * FROM `ast_article`  [ RunTime:0.0006s ]
SQL: SELECT * FROM `ast_company`  [ RunTime:0.0005s ]
SQL: SELECT * FROM `ast_article` LIMIT 0,4   [ RunTime:0.0005s ]
INFO: [ view_parse ] --START--
INFO: [ template_filter ] --START--
INFO: Run Behavior\ContentReplaceBehavior [ RunTime:0.000244s ]
INFO: [ template_filter ] --END-- [ RunTime:0.000352s ]
INFO: Run Behavior\ParseTemplateBehavior [ RunTime:0.020734s ]
INFO: [ view_parse ] --END-- [ RunTime:0.020817s ]
INFO: [ view_filter ] --START--
INFO: Run Behavior\WriteHtmlCacheBehavior [ RunTime:0.001119s ]
INFO: [ view_filter ] --END-- [ RunTime:0.001172s ]
INFO: [ app_end ] --START--
INFO: Run Behavior\ShowPageTraceBehavior [ RunTime:0.002497s ]
INFO: [ app_end ] --END-- [ RunTime:0.002600s ]

[ 2016-05-05T16:52:40+08:00 ] ::1 /index.php/Home/Index/index/p/1
INFO: [ app_init ] --START--
INFO: Run Behavior\BuildLiteBehavior [ RunTime:0.000020s ]
INFO: [ app_init ] --END-- [ RunTime:0.000714s ]
INFO: [ app_begin ] --START--
INFO: Run Behavior\ReadHtmlCacheBehavior [ RunTime:0.002841s ]
INFO: [ app_begin ] --END-- [ RunTime:0.002970s ]
SQL: SHOW COLUMNS FROM `ast_banner` [ RunTime:0.0044s ]
SQL: SELECT * FROM `ast_banner`  [ RunTime:0.0004s ]
SQL: SHOW COLUMNS FROM `ast_link` [ RunTime:0.0056s ]
SQL: SELECT * FROM `ast_link`  [ RunTime:0.0005s ]
SQL: SHOW COLUMNS FROM `ast_company` [ RunTime:0.0057s ]
SQL: SHOW COLUMNS FROM `ast_article` [ RunTime:0.0043s ]
SQL: SHOW COLUMNS FROM `ast_product` [ RunTime:0.0045s ]
SQL: SHOW COLUMNS FROM `ast_procate` [ RunTime:0.0066s ]
SQL: SELECT * FROM `ast_procate` LIMIT 3   [ RunTime:0.0004s ]
SQL: SELECT * FROM `ast_article`  [ RunTime:0.0004s ]
SQL: SELECT * FROM `ast_company`  [ RunTime:0.0002s ]
SQL: SELECT * FROM `ast_article` LIMIT 0,4   [ RunTime:0.0005s ]
INFO: [ view_parse ] --START--
INFO: [ template_filter ] --START--
INFO: Run Behavior\ContentReplaceBehavior [ RunTime:0.000178s ]
INFO: [ template_filter ] --END-- [ RunTime:0.000248s ]
INFO: Run Behavior\ParseTemplateBehavior [ RunTime:0.019707s ]
INFO: [ view_parse ] --END-- [ RunTime:0.019794s ]
INFO: [ view_filter ] --START--
INFO: Run Behavior\WriteHtmlCacheBehavior [ RunTime:0.001835s ]
INFO: [ view_filter ] --END-- [ RunTime:0.001910s ]
INFO: [ app_end ] --START--
INFO: Run Behavior\ShowPageTraceBehavior [ RunTime:0.003144s ]
INFO: [ app_end ] --END-- [ RunTime:0.003258s ]

[ 2016-05-05T16:53:08+08:00 ] ::1 /index.php/Home/Index/index/p/1
INFO: [ app_init ] --START--
INFO: Run Behavior\BuildLiteBehavior [ RunTime:0.000019s ]
INFO: [ app_init ] --END-- [ RunTime:0.000741s ]
INFO: [ app_begin ] --START--
INFO: Run Behavior\ReadHtmlCacheBehavior [ RunTime:0.001450s ]
INFO: [ app_begin ] --END-- [ RunTime:0.001580s ]
SQL: SHOW COLUMNS FROM `ast_banner` [ RunTime:0.0064s ]
SQL: SELECT * FROM `ast_banner`  [ RunTime:0.0006s ]
SQL: SHOW COLUMNS FROM `ast_link` [ RunTime:0.0040s ]
SQL: SELECT * FROM `ast_link`  [ RunTime:0.0003s ]
SQL: SHOW COLUMNS FROM `ast_company` [ RunTime:0.0057s ]
SQL: SHOW COLUMNS FROM `ast_article` [ RunTime:0.0065s ]
SQL: SHOW COLUMNS FROM `ast_product` [ RunTime:0.0055s ]
SQL: SHOW COLUMNS FROM `ast_procate` [ RunTime:0.0067s ]
SQL: SELECT * FROM `ast_procate` LIMIT 3   [ RunTime:0.0004s ]
SQL: SELECT * FROM `ast_article`  [ RunTime:0.0005s ]
SQL: SELECT * FROM `ast_company`  [ RunTime:0.0003s ]
SQL: SELECT * FROM `ast_article` LIMIT 0,4   [ RunTime:0.0004s ]
INFO: [ view_parse ] --START--
INFO: [ template_filter ] --START--
INFO: Run Behavior\ContentReplaceBehavior [ RunTime:0.000192s ]
INFO: [ template_filter ] --END-- [ RunTime:0.000268s ]
INFO: Run Behavior\ParseTemplateBehavior [ RunTime:0.019792s ]
INFO: [ view_parse ] --END-- [ RunTime:0.019918s ]
INFO: [ view_filter ] --START--
INFO: Run Behavior\WriteHtmlCacheBehavior [ RunTime:0.001597s ]
INFO: [ view_filter ] --END-- [ RunTime:0.001730s ]
INFO: [ app_end ] --START--
INFO: Run Behavior\ShowPageTraceBehavior [ RunTime:0.003090s ]
INFO: [ app_end ] --END-- [ RunTime:0.003220s ]

[ 2016-05-05T16:53:09+08:00 ] ::1 /index.php/Home/Index/index/p/2
INFO: [ app_init ] --START--
INFO: Run Behavior\BuildLiteBehavior [ RunTime:0.000021s ]
INFO: [ app_init ] --END-- [ RunTime:0.000752s ]
INFO: [ app_begin ] --START--
INFO: Run Behavior\ReadHtmlCacheBehavior [ RunTime:0.001668s ]
INFO: [ app_begin ] --END-- [ RunTime:0.001772s ]
SQL: SHOW COLUMNS FROM `ast_banner` [ RunTime:0.0045s ]
SQL: SELECT * FROM `ast_banner`  [ RunTime:0.0004s ]
SQL: SHOW COLUMNS FROM `ast_link` [ RunTime:0.0065s ]
SQL: SELECT * FROM `ast_link`  [ RunTime:0.0006s ]
SQL: SHOW COLUMNS FROM `ast_company` [ RunTime:0.0052s ]
SQL: SHOW COLUMNS FROM `ast_article` [ RunTime:0.0050s ]
SQL: SHOW COLUMNS FROM `ast_product` [ RunTime:0.0052s ]
SQL: SHOW COLUMNS FROM `ast_procate` [ RunTime:0.0053s ]
SQL: SELECT * FROM `ast_procate` LIMIT 3   [ RunTime:0.0004s ]
SQL: SELECT * FROM `ast_article`  [ RunTime:0.0004s ]
SQL: SELECT * FROM `ast_company`  [ RunTime:0.0002s ]
SQL: SELECT * FROM `ast_article` LIMIT 4,4   [ RunTime:0.0006s ]
INFO: [ view_parse ] --START--
INFO: [ template_filter ] --START--
INFO: Run Behavior\ContentReplaceBehavior [ RunTime:0.000697s ]
INFO: [ template_filter ] --END-- [ RunTime:0.000811s ]
INFO: Run Behavior\ParseTemplateBehavior [ RunTime:0.022237s ]
INFO: [ view_parse ] --END-- [ RunTime:0.022351s ]
INFO: [ view_filter ] --START--
INFO: Run Behavior\WriteHtmlCacheBehavior [ RunTime:0.001120s ]
INFO: [ view_filter ] --END-- [ RunTime:0.001177s ]
INFO: [ app_end ] --START--
INFO: Run Behavior\ShowPageTraceBehavior [ RunTime:0.001974s ]
INFO: [ app_end ] --END-- [ RunTime:0.002047s ]

[ 2016-05-05T16:53:11+08:00 ] ::1 /index.php/Home/Index/index/p/1
INFO: [ app_init ] --START--
INFO: Run Behavior\BuildLiteBehavior [ RunTime:0.000020s ]
INFO: [ app_init ] --END-- [ RunTime:0.000918s ]
INFO: [ app_begin ] --START--
INFO: Run Behavior\ReadHtmlCacheBehavior [ RunTime:0.001488s ]
INFO: [ app_begin ] --END-- [ RunTime:0.001572s ]
SQL: SHOW COLUMNS FROM `ast_banner` [ RunTime:0.0056s ]
SQL: SELECT * FROM `ast_banner`  [ RunTime:0.0006s ]
SQL: SHOW COLUMNS FROM `ast_link` [ RunTime:0.0046s ]
SQL: SELECT * FROM `ast_link`  [ RunTime:0.0004s ]
SQL: SHOW COLUMNS FROM `ast_company` [ RunTime:0.0060s ]
SQL: SHOW COLUMNS FROM `ast_article` [ RunTime:0.0048s ]
SQL: SHOW COLUMNS FROM `ast_product` [ RunTime:0.0048s ]
SQL: SHOW COLUMNS FROM `ast_procate` [ RunTime:0.0065s ]
SQL: SELECT * FROM `ast_procate` LIMIT 3   [ RunTime:0.0008s ]
SQL: SELECT * FROM `ast_article`  [ RunTime:0.0005s ]
SQL: SELECT * FROM `ast_company`  [ RunTime:0.0003s ]
SQL: SELECT * FROM `ast_article` LIMIT 0,4   [ RunTime:0.0005s ]
INFO: [ view_parse ] --START--
INFO: [ template_filter ] --START--
INFO: Run Behavior\ContentReplaceBehavior [ RunTime:0.000171s ]
INFO: [ template_filter ] --END-- [ RunTime:0.000254s ]
INFO: Run Behavior\ParseTemplateBehavior [ RunTime:0.020315s ]
INFO: [ view_parse ] --END-- [ RunTime:0.020402s ]
INFO: [ view_filter ] --START--
INFO: Run Behavior\WriteHtmlCacheBehavior [ RunTime:0.001232s ]
INFO: [ view_filter ] --END-- [ RunTime:0.001291s ]
INFO: [ app_end ] --START--
INFO: Run Behavior\ShowPageTraceBehavior [ RunTime:0.003284s ]
INFO: [ app_end ] --END-- [ RunTime:0.003398s ]

[ 2016-05-05T16:53:15+08:00 ] ::1 /index.php/Home/Product/index/id/2
INFO: [ app_init ] --START--
INFO: Run Behavior\BuildLiteBehavior [ RunTime:0.000031s ]
INFO: [ app_init ] --END-- [ RunTime:0.000990s ]
INFO: [ app_begin ] --START--
INFO: Run Behavior\ReadHtmlCacheBehavior [ RunTime:0.001653s ]
INFO: [ app_begin ] --END-- [ RunTime:0.001765s ]
SQL: SHOW COLUMNS FROM `ast_banner` [ RunTime:0.0044s ]
SQL: SELECT * FROM `ast_banner`  [ RunTime:0.0004s ]
SQL: SHOW COLUMNS FROM `ast_link` [ RunTime:0.0042s ]
SQL: SELECT * FROM `ast_link`  [ RunTime:0.0004s ]
SQL: SHOW COLUMNS FROM `ast_procate` [ RunTime:0.0057s ]
SQL: SELECT * FROM `ast_procate`  [ RunTime:0.0003s ]
SQL: SHOW COLUMNS FROM `ast_product` [ RunTime:0.0047s ]
SQL: SELECT * FROM `ast_product` WHERE `pro_cate_id` = 2  [ RunTime:0.0004s ]
SQL: SELECT * FROM `ast_product` WHERE `pro_cate_id` = 2 LIMIT 0,9   [ RunTime:0.0003s ]
INFO: [ view_parse ] --START--
INFO: [ template_filter ] --START--
INFO: Run Behavior\ContentReplaceBehavior [ RunTime:0.000131s ]
INFO: [ template_filter ] --END-- [ RunTime:0.000198s ]
NOTIC: [8] Undefined index: p C:\xampp\htdocs\aiston\Application\Runtime\Cache\Home\3458861da0342b1f9413030055ee3fb6.php 第 135 行.
NOTIC: [8] Undefined index: p C:\xampp\htdocs\aiston\Application\Runtime\Cache\Home\3458861da0342b1f9413030055ee3fb6.php 第 140 行.
INFO: Run Behavior\ParseTemplateBehavior [ RunTime:0.022399s ]
INFO: [ view_parse ] --END-- [ RunTime:0.022491s ]
INFO: [ view_filter ] --START--
INFO: Run Behavior\WriteHtmlCacheBehavior [ RunTime:0.001399s ]
INFO: [ view_filter ] --END-- [ RunTime:0.001461s ]
INFO: [ app_end ] --START--
INFO: Run Behavior\ShowPageTraceBehavior [ RunTime:0.001919s ]
INFO: [ app_end ] --END-- [ RunTime:0.001991s ]

[ 2016-05-05T16:53:24+08:00 ] ::1 /index.php/Home/Product/index
INFO: [ app_init ] --START--
INFO: Run Behavior\BuildLiteBehavior [ RunTime:0.000016s ]
INFO: [ app_init ] --END-- [ RunTime:0.000469s ]
INFO: [ app_begin ] --START--
INFO: Run Behavior\ReadHtmlCacheBehavior [ RunTime:0.001373s ]
INFO: [ app_begin ] --END-- [ RunTime:0.001545s ]
SQL: SHOW COLUMNS FROM `ast_banner` [ RunTime:0.0073s ]
SQL: SELECT * FROM `ast_banner`  [ RunTime:0.0007s ]
SQL: SHOW COLUMNS FROM `ast_link` [ RunTime:0.0047s ]
SQL: SELECT * FROM `ast_link`  [ RunTime:0.0003s ]
SQL: SHOW COLUMNS FROM `ast_procate` [ RunTime:0.0069s ]
SQL: SELECT * FROM `ast_procate`  [ RunTime:0.0006s ]
SQL: SHOW COLUMNS FROM `ast_product` [ RunTime:0.0070s ]
NOTIC: [8] Undefined index: id C:\xampp\htdocs\aiston\Application\Home\Controller\ProductController.class.php 第 16 行.
SQL: SELECT * FROM `ast_product`  [ RunTime:0.0004s ]
SQL: SELECT * FROM `ast_product` LIMIT 0,9   [ RunTime:0.0006s ]
INFO: [ view_parse ] --START--
INFO: [ template_filter ] --START--
INFO: Run Behavior\ContentReplaceBehavior [ RunTime:0.000132s ]
INFO: [ template_filter ] --END-- [ RunTime:0.000195s ]
NOTIC: [8] Undefined index: p C:\xampp\htdocs\aiston\Application\Runtime\Cache\Home\3458861da0342b1f9413030055ee3fb6.php 第 135 行.
NOTIC: [8] Undefined index: p C:\xampp\htdocs\aiston\Application\Runtime\Cache\Home\3458861da0342b1f9413030055ee3fb6.php 第 140 行.
INFO: Run Behavior\ParseTemplateBehavior [ RunTime:0.015787s ]
INFO: [ view_parse ] --END-- [ RunTime:0.015944s ]
INFO: [ view_filter ] --START--
INFO: Run Behavior\WriteHtmlCacheBehavior [ RunTime:0.001242s ]
INFO: [ view_filter ] --END-- [ RunTime:0.001380s ]
INFO: [ app_end ] --START--
INFO: Run Behavior\ShowPageTraceBehavior [ RunTime:0.001871s ]
INFO: [ app_end ] --END-- [ RunTime:0.002060s ]

[ 2016-05-05T16:53:30+08:00 ] ::1 /index.php/Home/Work/index
INFO: [ app_init ] --START--
INFO: Run Behavior\BuildLiteBehavior [ RunTime:0.000020s ]
INFO: [ app_init ] --END-- [ RunTime:0.000975s ]
INFO: [ app_begin ] --START--
INFO: Run Behavior\ReadHtmlCacheBehavior [ RunTime:0.001614s ]
INFO: [ app_begin ] --END-- [ RunTime:0.001708s ]
SQL: SHOW COLUMNS FROM `ast_banner` [ RunTime:0.0041s ]
SQL: SELECT * FROM `ast_banner`  [ RunTime:0.0004s ]
SQL: SHOW COLUMNS FROM `ast_link` [ RunTime:0.0042s ]
SQL: SELECT * FROM `ast_link`  [ RunTime:0.0004s ]
SQL: SHOW COLUMNS FROM `ast_work` [ RunTime:0.0174s ]
NOTIC: [8] Undefined index: title C:\xampp\htdocs\aiston\Application\Home\Controller\WorkController.class.php 第 15 行.
SQL: SELECT * FROM `ast_work` ORDER BY w_cateid asc  [ RunTime:0.0012s ]
SQL: SELECT * FROM `ast_work` LIMIT 0,6   [ RunTime:0.0005s ]
INFO: [ view_parse ] --START--
INFO: [ template_filter ] --START--
INFO: Run Behavior\ContentReplaceBehavior [ RunTime:0.000125s ]
INFO: [ template_filter ] --END-- [ RunTime:0.000190s ]
NOTIC: [8] Undefined index: title C:\xampp\htdocs\aiston\Application\Runtime\Cache\Home\cd94870f4e169b7378dd46d85635f0f4.php 第 116 行.
NOTIC: [8] Undefined index: p C:\xampp\htdocs\aiston\Application\Runtime\Cache\Home\cd94870f4e169b7378dd46d85635f0f4.php 第 142 行.
NOTIC: [8] Undefined index: p C:\xampp\htdocs\aiston\Application\Runtime\Cache\Home\cd94870f4e169b7378dd46d85635f0f4.php 第 150 行.
NOTIC: [8] Undefined index: p C:\xampp\htdocs\aiston\Application\Runtime\Cache\Home\cd94870f4e169b7378dd46d85635f0f4.php 第 150 行.
INFO: Run Behavior\ParseTemplateBehavior [ RunTime:0.017836s ]
INFO: [ view_parse ] --END-- [ RunTime:0.017904s ]
INFO: [ view_filter ] --START--
INFO: Run Behavior\WriteHtmlCacheBehavior [ RunTime:0.001247s ]
INFO: [ view_filter ] --END-- [ RunTime:0.001300s ]
INFO: [ app_end ] --START--
INFO: Run Behavior\ShowPageTraceBehavior [ RunTime:0.002200s ]
INFO: [ app_end ] --END-- [ RunTime:0.002292s ]

