[ 2016-05-04T10:27:55+08:00 ] ::1 /
INFO: [ app_init ] --START--
INFO: Run Behavior\BuildLiteBehavior [ RunTime:0.000022s ]
INFO: [ app_init ] --END-- [ RunTime:0.003721s ]
INFO: [ app_begin ] --START--
INFO: Run Behavior\ReadHtmlCacheBehavior [ RunTime:0.001073s ]
INFO: [ app_begin ] --END-- [ RunTime:0.001176s ]
SQL: SHOW COLUMNS FROM `ast_banner` [ RunTime:0.0119s ]
SQL: SELECT * FROM `ast_banner`  [ RunTime:0.0004s ]
SQL: SHOW COLUMNS FROM `ast_link` [ RunTime:0.0055s ]
SQL: SELECT * FROM `ast_link`  [ RunTime:0.0003s ]
SQL: SHOW COLUMNS FROM `ast_company` [ RunTime:0.0187s ]
SQL: SHOW COLUMNS FROM `ast_article` [ RunTime:0.0067s ]
SQL: SHOW COLUMNS FROM `ast_product` [ RunTime:0.0064s ]
SQL: SHOW COLUMNS FROM `ast_procate` [ RunTime:0.0072s ]
SQL: SELECT * FROM `ast_procate` LIMIT 3   [ RunTime:0.0004s ]
SQL: SELECT * FROM `ast_article`  [ RunTime:0.0006s ]
SQL: SELECT * FROM `ast_company`  [ RunTime:0.0003s ]
SQL: SELECT * FROM `ast_article` LIMIT 0,4   [ RunTime:0.0005s ]
INFO: [ view_parse ] --START--
INFO: [ template_filter ] --START--
INFO: Run Behavior\ContentReplaceBehavior [ RunTime:0.000159s ]
INFO: [ template_filter ] --END-- [ RunTime:0.000223s ]
NOTIC: [8] Undefined index: p C:\xampp\htdocs\aiston\Application\Runtime\Cache\Home\2a94b8bda04ff446dcedd42276fc99ee.php 第 156 行.
NOTIC: [8] Undefined index: p C:\xampp\htdocs\aiston\Application\Runtime\Cache\Home\2a94b8bda04ff446dcedd42276fc99ee.php 第 163 行.
NOTIC: [8] Undefined index: p C:\xampp\htdocs\aiston\Application\Runtime\Cache\Home\2a94b8bda04ff446dcedd42276fc99ee.php 第 163 行.
INFO: Run Behavior\ParseTemplateBehavior [ RunTime:0.019227s ]
INFO: [ view_parse ] --END-- [ RunTime:0.019290s ]
INFO: [ view_filter ] --START--
INFO: Run Behavior\WriteHtmlCacheBehavior [ RunTime:0.000709s ]
INFO: [ view_filter ] --END-- [ RunTime:0.000759s ]
INFO: [ app_end ] --START--
INFO: Run Behavior\ShowPageTraceBehavior [ RunTime:0.001437s ]
INFO: [ app_end ] --END-- [ RunTime:0.001525s ]

[ 2016-05-04T10:27:57+08:00 ] ::1 /index.php/Home/Walkto/index
INFO: [ app_init ] --START--
INFO: Run Behavior\BuildLiteBehavior [ RunTime:0.000015s ]
INFO: [ app_init ] --END-- [ RunTime:0.000469s ]
INFO: [ app_begin ] --START--
INFO: Run Behavior\ReadHtmlCacheBehavior [ RunTime:0.000735s ]
INFO: [ app_begin ] --END-- [ RunTime:0.000798s ]
SQL: SHOW COLUMNS FROM `ast_banner` [ RunTime:0.0046s ]
SQL: SELECT * FROM `ast_banner`  [ RunTime:0.0004s ]
SQL: SHOW COLUMNS FROM `ast_link` [ RunTime:0.0054s ]
SQL: SELECT * FROM `ast_link`  [ RunTime:0.0005s ]
SQL: SHOW COLUMNS FROM `ast_about` [ RunTime:0.0192s ]
SQL: SELECT * FROM `ast_about`  [ RunTime:0.0006s ]
SQL: SELECT * FROM `ast_about` WHERE `ast_aid` = 1  [ RunTime:0.0026s ]
INFO: [ view_parse ] --START--
INFO: [ template_filter ] --START--
INFO: Run Behavior\ContentReplaceBehavior [ RunTime:0.000698s ]
INFO: [ template_filter ] --END-- [ RunTime:0.000805s ]
INFO: Run Behavior\ParseTemplateBehavior [ RunTime:0.012262s ]
INFO: [ view_parse ] --END-- [ RunTime:0.012351s ]
INFO: [ view_filter ] --START--
INFO: Run Behavior\WriteHtmlCacheBehavior [ RunTime:0.000502s ]
INFO: [ view_filter ] --END-- [ RunTime:0.000553s ]
INFO: [ app_end ] --START--
INFO: Run Behavior\ShowPageTraceBehavior [ RunTime:0.001227s ]
INFO: [ app_end ] --END-- [ RunTime:0.001312s ]

[ 2016-05-04T10:27:59+08:00 ] ::1 /index.php/Home/Branch/index
INFO: [ app_init ] --START--
INFO: Run Behavior\BuildLiteBehavior [ RunTime:0.000028s ]
INFO: [ app_init ] --END-- [ RunTime:0.000750s ]
INFO: [ app_begin ] --START--
INFO: Run Behavior\ReadHtmlCacheBehavior [ RunTime:0.001787s ]
INFO: [ app_begin ] --END-- [ RunTime:0.001910s ]
SQL: SHOW COLUMNS FROM `ast_banner` [ RunTime:0.0079s ]
SQL: SELECT * FROM `ast_banner`  [ RunTime:0.0009s ]
SQL: SHOW COLUMNS FROM `ast_link` [ RunTime:0.0073s ]
SQL: SELECT * FROM `ast_link`  [ RunTime:0.0005s ]
SQL: SHOW COLUMNS FROM `ast_words_link` [ RunTime:0.0105s ]
SQL: SELECT * FROM `ast_words_link`  [ RunTime:0.0009s ]
INFO: [ view_parse ] --START--
INFO: [ template_filter ] --START--
INFO: Run Behavior\ContentReplaceBehavior [ RunTime:0.000251s ]
INFO: [ template_filter ] --END-- [ RunTime:0.000523s ]
INFO: Run Behavior\ParseTemplateBehavior [ RunTime:0.027568s ]
INFO: [ view_parse ] --END-- [ RunTime:0.027715s ]
INFO: [ view_filter ] --START--
INFO: Run Behavior\WriteHtmlCacheBehavior [ RunTime:0.001256s ]
INFO: [ view_filter ] --END-- [ RunTime:0.001376s ]
INFO: [ app_end ] --START--
INFO: Run Behavior\ShowPageTraceBehavior [ RunTime:0.001645s ]
INFO: [ app_end ] --END-- [ RunTime:0.001758s ]

[ 2016-05-04T10:28:00+08:00 ] ::1 /index.php/Home/Branch/detail/id/1
INFO: [ app_init ] --START--
INFO: Run Behavior\BuildLiteBehavior [ RunTime:0.000017s ]
INFO: [ app_init ] --END-- [ RunTime:0.000493s ]
INFO: [ app_begin ] --START--
INFO: Run Behavior\ReadHtmlCacheBehavior [ RunTime:0.000766s ]
INFO: [ app_begin ] --END-- [ RunTime:0.000829s ]
SQL: SHOW COLUMNS FROM `ast_banner` [ RunTime:0.0049s ]
SQL: SELECT * FROM `ast_banner`  [ RunTime:0.0004s ]
SQL: SHOW COLUMNS FROM `ast_link` [ RunTime:0.0045s ]
SQL: SELECT * FROM `ast_link`  [ RunTime:0.0004s ]
SQL: SHOW COLUMNS FROM `ast_words_link` [ RunTime:0.0055s ]
SQL: SELECT * FROM `ast_words_link` WHERE `w_id` = 1  [ RunTime:0.0005s ]
SQL: SELECT * FROM `ast_words_link`  [ RunTime:0.0003s ]
INFO: [ view_parse ] --START--
INFO: [ template_filter ] --START--
INFO: Run Behavior\ContentReplaceBehavior [ RunTime:0.000165s ]
INFO: [ template_filter ] --END-- [ RunTime:0.000264s ]
INFO: Run Behavior\ParseTemplateBehavior [ RunTime:0.014275s ]
INFO: [ view_parse ] --END-- [ RunTime:0.014370s ]
INFO: [ view_filter ] --START--
INFO: Run Behavior\WriteHtmlCacheBehavior [ RunTime:0.000518s ]
INFO: [ view_filter ] --END-- [ RunTime:0.000569s ]
INFO: [ app_end ] --START--
INFO: Run Behavior\ShowPageTraceBehavior [ RunTime:0.001160s ]
INFO: [ app_end ] --END-- [ RunTime:0.001247s ]

[ 2016-05-04T10:28:02+08:00 ] ::1 /index.php/Home/Branch/index
INFO: [ app_init ] --START--
INFO: Run Behavior\BuildLiteBehavior [ RunTime:0.000026s ]
INFO: [ app_init ] --END-- [ RunTime:0.000722s ]
INFO: [ app_begin ] --START--
INFO: Run Behavior\ReadHtmlCacheBehavior [ RunTime:0.001177s ]
INFO: [ app_begin ] --END-- [ RunTime:0.001268s ]
SQL: SHOW COLUMNS FROM `ast_banner` [ RunTime:0.0057s ]
SQL: SELECT * FROM `ast_banner`  [ RunTime:0.0005s ]
SQL: SHOW COLUMNS FROM `ast_link` [ RunTime:0.0047s ]
SQL: SELECT * FROM `ast_link`  [ RunTime:0.0003s ]
SQL: SHOW COLUMNS FROM `ast_words_link` [ RunTime:0.0050s ]
SQL: SELECT * FROM `ast_words_link`  [ RunTime:0.0009s ]
INFO: [ view_parse ] --START--
INFO: [ template_filter ] --START--
INFO: Run Behavior\ContentReplaceBehavior [ RunTime:0.000132s ]
INFO: [ template_filter ] --END-- [ RunTime:0.000204s ]
INFO: Run Behavior\ParseTemplateBehavior [ RunTime:0.015424s ]
INFO: [ view_parse ] --END-- [ RunTime:0.015539s ]
INFO: [ view_filter ] --START--
INFO: Run Behavior\WriteHtmlCacheBehavior [ RunTime:0.000604s ]
INFO: [ view_filter ] --END-- [ RunTime:0.000657s ]
INFO: [ app_end ] --START--
INFO: Run Behavior\ShowPageTraceBehavior [ RunTime:0.001237s ]
INFO: [ app_end ] --END-- [ RunTime:0.001311s ]

[ 2016-05-04T10:28:44+08:00 ] ::1 /index.php/Home/Branch/index
INFO: [ app_init ] --START--
INFO: Run Behavior\BuildLiteBehavior [ RunTime:0.000026s ]
INFO: [ app_init ] --END-- [ RunTime:0.000894s ]
INFO: [ app_begin ] --START--
INFO: Run Behavior\ReadHtmlCacheBehavior [ RunTime:0.001002s ]
INFO: [ app_begin ] --END-- [ RunTime:0.001070s ]
SQL: SHOW COLUMNS FROM `ast_banner` [ RunTime:0.0039s ]
SQL: SELECT * FROM `ast_banner`  [ RunTime:0.0004s ]
SQL: SHOW COLUMNS FROM `ast_link` [ RunTime:0.0039s ]
SQL: SELECT * FROM `ast_link`  [ RunTime:0.0003s ]
SQL: SHOW COLUMNS FROM `ast_words_link` [ RunTime:0.0038s ]
SQL: SELECT * FROM `ast_words_link`  [ RunTime:0.0003s ]
INFO: [ view_parse ] --START--
INFO: [ template_filter ] --START--
INFO: Run Behavior\ContentReplaceBehavior [ RunTime:0.000128s ]
INFO: [ template_filter ] --END-- [ RunTime:0.000195s ]
INFO: Run Behavior\ParseTemplateBehavior [ RunTime:0.014473s ]
INFO: [ view_parse ] --END-- [ RunTime:0.014579s ]
INFO: [ view_filter ] --START--
INFO: Run Behavior\WriteHtmlCacheBehavior [ RunTime:0.000796s ]
INFO: [ view_filter ] --END-- [ RunTime:0.000857s ]
INFO: [ app_end ] --START--
INFO: Run Behavior\ShowPageTraceBehavior [ RunTime:0.001434s ]
INFO: [ app_end ] --END-- [ RunTime:0.001525s ]

[ 2016-05-04T10:29:05+08:00 ] ::1 /
INFO: [ app_init ] --START--
INFO: Run Behavior\BuildLiteBehavior [ RunTime:0.000017s ]
INFO: [ app_init ] --END-- [ RunTime:0.000581s ]
INFO: [ app_begin ] --START--
INFO: Run Behavior\ReadHtmlCacheBehavior [ RunTime:0.000854s ]
INFO: [ app_begin ] --END-- [ RunTime:0.000961s ]
SQL: SHOW COLUMNS FROM `ast_banner` [ RunTime:0.0040s ]
SQL: SELECT * FROM `ast_banner`  [ RunTime:0.0004s ]
SQL: SHOW COLUMNS FROM `ast_link` [ RunTime:0.0037s ]
SQL: SELECT * FROM `ast_link`  [ RunTime:0.0003s ]
SQL: SHOW COLUMNS FROM `ast_company` [ RunTime:0.0038s ]
SQL: SHOW COLUMNS FROM `ast_article` [ RunTime:0.0042s ]
SQL: SHOW COLUMNS FROM `ast_product` [ RunTime:0.0040s ]
SQL: SHOW COLUMNS FROM `ast_procate` [ RunTime:0.0038s ]
SQL: SELECT * FROM `ast_procate` LIMIT 3   [ RunTime:0.0003s ]
SQL: SELECT * FROM `ast_article`  [ RunTime:0.0004s ]
SQL: SELECT * FROM `ast_company`  [ RunTime:0.0003s ]
SQL: SELECT * FROM `ast_article` LIMIT 0,4   [ RunTime:0.0004s ]
INFO: [ view_parse ] --START--
INFO: [ template_filter ] --START--
INFO: Run Behavior\ContentReplaceBehavior [ RunTime:0.000154s ]
INFO: [ template_filter ] --END-- [ RunTime:0.000213s ]
NOTIC: [8] Undefined index: p C:\xampp\htdocs\aiston\Application\Runtime\Cache\Home\2a94b8bda04ff446dcedd42276fc99ee.php 第 156 行.
NOTIC: [8] Undefined index: p C:\xampp\htdocs\aiston\Application\Runtime\Cache\Home\2a94b8bda04ff446dcedd42276fc99ee.php 第 163 行.
NOTIC: [8] Undefined index: p C:\xampp\htdocs\aiston\Application\Runtime\Cache\Home\2a94b8bda04ff446dcedd42276fc99ee.php 第 163 行.
INFO: Run Behavior\ParseTemplateBehavior [ RunTime:0.012914s ]
INFO: [ view_parse ] --END-- [ RunTime:0.012975s ]
INFO: [ view_filter ] --START--
INFO: Run Behavior\WriteHtmlCacheBehavior [ RunTime:0.000492s ]
INFO: [ view_filter ] --END-- [ RunTime:0.000541s ]
INFO: [ app_end ] --START--
INFO: Run Behavior\ShowPageTraceBehavior [ RunTime:0.001469s ]
INFO: [ app_end ] --END-- [ RunTime:0.001551s ]

[ 2016-05-04T10:29:10+08:00 ] ::1 /index.php/Home/Branch/index
INFO: [ app_init ] --START--
INFO: Run Behavior\BuildLiteBehavior [ RunTime:0.000019s ]
INFO: [ app_init ] --END-- [ RunTime:0.000705s ]
INFO: [ app_begin ] --START--
INFO: Run Behavior\ReadHtmlCacheBehavior [ RunTime:0.000825s ]
INFO: [ app_begin ] --END-- [ RunTime:0.000913s ]
SQL: SHOW COLUMNS FROM `ast_banner` [ RunTime:0.0044s ]
SQL: SELECT * FROM `ast_banner`  [ RunTime:0.0004s ]
SQL: SHOW COLUMNS FROM `ast_link` [ RunTime:0.0044s ]
SQL: SELECT * FROM `ast_link`  [ RunTime:0.0003s ]
SQL: SHOW COLUMNS FROM `ast_words_link` [ RunTime:0.0039s ]
SQL: SELECT * FROM `ast_words_link`  [ RunTime:0.0004s ]
INFO: [ view_parse ] --START--
INFO: [ template_filter ] --START--
INFO: Run Behavior\ContentReplaceBehavior [ RunTime:0.000153s ]
INFO: [ template_filter ] --END-- [ RunTime:0.000235s ]
INFO: Run Behavior\ParseTemplateBehavior [ RunTime:0.013671s ]
INFO: [ view_parse ] --END-- [ RunTime:0.013833s ]
INFO: [ view_filter ] --START--
INFO: Run Behavior\WriteHtmlCacheBehavior [ RunTime:0.001118s ]
INFO: [ view_filter ] --END-- [ RunTime:0.001270s ]
INFO: [ app_end ] --START--
INFO: Run Behavior\ShowPageTraceBehavior [ RunTime:0.001153s ]
INFO: [ app_end ] --END-- [ RunTime:0.001241s ]

[ 2016-05-04T10:29:18+08:00 ] ::1 /index.php/Home/Index
INFO: [ app_init ] --START--
INFO: Run Behavior\BuildLiteBehavior [ RunTime:0.000016s ]
INFO: [ app_init ] --END-- [ RunTime:0.000586s ]
INFO: [ app_begin ] --START--
INFO: Run Behavior\ReadHtmlCacheBehavior [ RunTime:0.000858s ]
INFO: [ app_begin ] --END-- [ RunTime:0.000962s ]
SQL: SHOW COLUMNS FROM `ast_banner` [ RunTime:0.0039s ]
SQL: SELECT * FROM `ast_banner`  [ RunTime:0.0004s ]
SQL: SHOW COLUMNS FROM `ast_link` [ RunTime:0.0038s ]
SQL: SELECT * FROM `ast_link`  [ RunTime:0.0004s ]
SQL: SHOW COLUMNS FROM `ast_company` [ RunTime:0.0039s ]
SQL: SHOW COLUMNS FROM `ast_article` [ RunTime:0.0047s ]
SQL: SHOW COLUMNS FROM `ast_product` [ RunTime:0.0041s ]
SQL: SHOW COLUMNS FROM `ast_procate` [ RunTime:0.0045s ]
SQL: SELECT * FROM `ast_procate` LIMIT 3   [ RunTime:0.0005s ]
SQL: SELECT * FROM `ast_article`  [ RunTime:0.0005s ]
SQL: SELECT * FROM `ast_company`  [ RunTime:0.0004s ]
SQL: SELECT * FROM `ast_article` LIMIT 0,4   [ RunTime:0.0004s ]
INFO: [ view_parse ] --START--
INFO: [ template_filter ] --START--
INFO: Run Behavior\ContentReplaceBehavior [ RunTime:0.000175s ]
INFO: [ template_filter ] --END-- [ RunTime:0.000237s ]
NOTIC: [8] Undefined index: p C:\xampp\htdocs\aiston\Application\Runtime\Cache\Home\2a94b8bda04ff446dcedd42276fc99ee.php 第 156 行.
NOTIC: [8] Undefined index: p C:\xampp\htdocs\aiston\Application\Runtime\Cache\Home\2a94b8bda04ff446dcedd42276fc99ee.php 第 163 行.
NOTIC: [8] Undefined index: p C:\xampp\htdocs\aiston\Application\Runtime\Cache\Home\2a94b8bda04ff446dcedd42276fc99ee.php 第 163 行.
INFO: Run Behavior\ParseTemplateBehavior [ RunTime:0.013967s ]
INFO: [ view_parse ] --END-- [ RunTime:0.014043s ]
INFO: [ view_filter ] --START--
INFO: Run Behavior\WriteHtmlCacheBehavior [ RunTime:0.000496s ]
INFO: [ view_filter ] --END-- [ RunTime:0.000546s ]
INFO: [ app_end ] --START--
INFO: Run Behavior\ShowPageTraceBehavior [ RunTime:0.001126s ]
INFO: [ app_end ] --END-- [ RunTime:0.001218s ]

[ 2016-05-04T10:29:20+08:00 ] ::1 /index.php/Home/Walkto/index
INFO: [ app_init ] --START--
INFO: Run Behavior\BuildLiteBehavior [ RunTime:0.000023s ]
INFO: [ app_init ] --END-- [ RunTime:0.000483s ]
INFO: [ app_begin ] --START--
INFO: Run Behavior\ReadHtmlCacheBehavior [ RunTime:0.000726s ]
INFO: [ app_begin ] --END-- [ RunTime:0.000790s ]
SQL: SHOW COLUMNS FROM `ast_banner` [ RunTime:0.0043s ]
SQL: SELECT * FROM `ast_banner`  [ RunTime:0.0003s ]
SQL: SHOW COLUMNS FROM `ast_link` [ RunTime:0.0036s ]
SQL: SELECT * FROM `ast_link`  [ RunTime:0.0003s ]
SQL: SHOW COLUMNS FROM `ast_about` [ RunTime:0.0039s ]
SQL: SELECT * FROM `ast_about`  [ RunTime:0.0004s ]
SQL: SELECT * FROM `ast_about` WHERE `ast_aid` = 1  [ RunTime:0.0003s ]
INFO: [ view_parse ] --START--
INFO: [ template_filter ] --START--
INFO: Run Behavior\ContentReplaceBehavior [ RunTime:0.000191s ]
INFO: [ template_filter ] --END-- [ RunTime:0.000292s ]
INFO: Run Behavior\ParseTemplateBehavior [ RunTime:0.012846s ]
INFO: [ view_parse ] --END-- [ RunTime:0.012950s ]
INFO: [ view_filter ] --START--
INFO: Run Behavior\WriteHtmlCacheBehavior [ RunTime:0.000803s ]
INFO: [ view_filter ] --END-- [ RunTime:0.000874s ]
INFO: [ app_end ] --START--
INFO: Run Behavior\ShowPageTraceBehavior [ RunTime:0.001572s ]
INFO: [ app_end ] --END-- [ RunTime:0.001675s ]

[ 2016-05-04T10:47:18+08:00 ] 127.0.0.1 /
INFO: [ app_init ] --START--
INFO: Run Behavior\BuildLiteBehavior [ RunTime:0.000020s ]
INFO: [ app_init ] --END-- [ RunTime:0.000631s ]
INFO: [ app_begin ] --START--
INFO: Run Behavior\ReadHtmlCacheBehavior [ RunTime:0.002125s ]
INFO: [ app_begin ] --END-- [ RunTime:0.002212s ]
SQL: SHOW COLUMNS FROM `ast_banner` [ RunTime:0.0041s ]
SQL: SELECT * FROM `ast_banner`  [ RunTime:0.0004s ]
SQL: SHOW COLUMNS FROM `ast_link` [ RunTime:0.0053s ]
SQL: SELECT * FROM `ast_link`  [ RunTime:0.0004s ]
SQL: SHOW COLUMNS FROM `ast_company` [ RunTime:0.0049s ]
SQL: SHOW COLUMNS FROM `ast_article` [ RunTime:0.0049s ]
SQL: SHOW COLUMNS FROM `ast_product` [ RunTime:0.0063s ]
SQL: SHOW COLUMNS FROM `ast_procate` [ RunTime:0.0048s ]
SQL: SELECT * FROM `ast_procate` LIMIT 3   [ RunTime:0.0004s ]
SQL: SELECT * FROM `ast_article`  [ RunTime:0.0004s ]
SQL: SELECT * FROM `ast_company`  [ RunTime:0.0002s ]
SQL: SELECT * FROM `ast_article` LIMIT 0,4   [ RunTime:0.0003s ]
INFO: [ view_parse ] --START--
INFO: [ template_filter ] --START--
INFO: Run Behavior\ContentReplaceBehavior [ RunTime:0.000156s ]
INFO: [ template_filter ] --END-- [ RunTime:0.000221s ]
NOTIC: [8] Undefined index: p C:\xampp\htdocs\aiston\Application\Runtime\Cache\Home\2a94b8bda04ff446dcedd42276fc99ee.php 第 156 行.
NOTIC: [8] Undefined index: p C:\xampp\htdocs\aiston\Application\Runtime\Cache\Home\2a94b8bda04ff446dcedd42276fc99ee.php 第 163 行.
NOTIC: [8] Undefined index: p C:\xampp\htdocs\aiston\Application\Runtime\Cache\Home\2a94b8bda04ff446dcedd42276fc99ee.php 第 163 行.
INFO: Run Behavior\ParseTemplateBehavior [ RunTime:0.018311s ]
INFO: [ view_parse ] --END-- [ RunTime:0.018394s ]
INFO: [ view_filter ] --START--
INFO: Run Behavior\WriteHtmlCacheBehavior [ RunTime:0.002371s ]
INFO: [ view_filter ] --END-- [ RunTime:0.002474s ]
INFO: [ app_end ] --START--
INFO: Run Behavior\ShowPageTraceBehavior [ RunTime:0.001720s ]
INFO: [ app_end ] --END-- [ RunTime:0.001837s ]

[ 2016-05-04T10:54:16+08:00 ] ::1 /index.php/Home/Index
INFO: [ app_init ] --START--
INFO: Run Behavior\BuildLiteBehavior [ RunTime:0.000023s ]
INFO: [ app_init ] --END-- [ RunTime:0.000795s ]
INFO: [ app_begin ] --START--
INFO: Run Behavior\ReadHtmlCacheBehavior [ RunTime:0.001117s ]
INFO: [ app_begin ] --END-- [ RunTime:0.001194s ]
SQL: SHOW COLUMNS FROM `ast_banner` [ RunTime:0.0041s ]
SQL: SELECT * FROM `ast_banner`  [ RunTime:0.0004s ]
SQL: SHOW COLUMNS FROM `ast_link` [ RunTime:0.0041s ]
SQL: SELECT * FROM `ast_link`  [ RunTime:0.0003s ]
SQL: SHOW COLUMNS FROM `ast_company` [ RunTime:0.0040s ]
SQL: SHOW COLUMNS FROM `ast_article` [ RunTime:0.0045s ]
SQL: SHOW COLUMNS FROM `ast_product` [ RunTime:0.0058s ]
SQL: SHOW COLUMNS FROM `ast_procate` [ RunTime:0.0042s ]
SQL: SELECT * FROM `ast_procate` LIMIT 3   [ RunTime:0.0004s ]
SQL: SELECT * FROM `ast_article`  [ RunTime:0.0004s ]
SQL: SELECT * FROM `ast_company`  [ RunTime:0.0002s ]
SQL: SELECT * FROM `ast_article` LIMIT 0,4   [ RunTime:0.0003s ]
INFO: [ view_parse ] --START--
INFO: [ template_filter ] --START--
INFO: Run Behavior\ContentReplaceBehavior [ RunTime:0.000161s ]
INFO: [ template_filter ] --END-- [ RunTime:0.000225s ]
NOTIC: [8] Undefined index: p C:\xampp\htdocs\aiston\Application\Runtime\Cache\Home\2a94b8bda04ff446dcedd42276fc99ee.php 第 156 行.
NOTIC: [8] Undefined index: p C:\xampp\htdocs\aiston\Application\Runtime\Cache\Home\2a94b8bda04ff446dcedd42276fc99ee.php 第 163 行.
NOTIC: [8] Undefined index: p C:\xampp\htdocs\aiston\Application\Runtime\Cache\Home\2a94b8bda04ff446dcedd42276fc99ee.php 第 163 行.
INFO: Run Behavior\ParseTemplateBehavior [ RunTime:0.016040s ]
INFO: [ view_parse ] --END-- [ RunTime:0.016179s ]
INFO: [ view_filter ] --START--
INFO: Run Behavior\WriteHtmlCacheBehavior [ RunTime:0.001282s ]
INFO: [ view_filter ] --END-- [ RunTime:0.001377s ]
INFO: [ app_end ] --START--
INFO: Run Behavior\ShowPageTraceBehavior [ RunTime:0.002246s ]
INFO: [ app_end ] --END-- [ RunTime:0.002367s ]

[ 2016-05-04T10:54:17+08:00 ] ::1 /index.php/Home/Branch/index
INFO: [ app_init ] --START--
INFO: Run Behavior\BuildLiteBehavior [ RunTime:0.000022s ]
INFO: [ app_init ] --END-- [ RunTime:0.000547s ]
INFO: [ app_begin ] --START--
INFO: Run Behavior\ReadHtmlCacheBehavior [ RunTime:0.000779s ]
INFO: [ app_begin ] --END-- [ RunTime:0.000856s ]
SQL: SHOW COLUMNS FROM `ast_banner` [ RunTime:0.0046s ]
SQL: SELECT * FROM `ast_banner`  [ RunTime:0.0004s ]
SQL: SHOW COLUMNS FROM `ast_link` [ RunTime:0.0039s ]
SQL: SELECT * FROM `ast_link`  [ RunTime:0.0003s ]
SQL: SHOW COLUMNS FROM `ast_words_link` [ RunTime:0.0039s ]
SQL: SELECT * FROM `ast_words_link`  [ RunTime:0.0004s ]
INFO: [ view_parse ] --START--
INFO: [ template_filter ] --START--
INFO: Run Behavior\ContentReplaceBehavior [ RunTime:0.000270s ]
INFO: [ template_filter ] --END-- [ RunTime:0.000412s ]
INFO: Run Behavior\ParseTemplateBehavior [ RunTime:0.013010s ]
INFO: [ view_parse ] --END-- [ RunTime:0.013099s ]
INFO: [ view_filter ] --START--
INFO: Run Behavior\WriteHtmlCacheBehavior [ RunTime:0.000497s ]
INFO: [ view_filter ] --END-- [ RunTime:0.000548s ]
INFO: [ app_end ] --START--
INFO: Run Behavior\ShowPageTraceBehavior [ RunTime:0.001030s ]
INFO: [ app_end ] --END-- [ RunTime:0.001114s ]

[ 2016-05-04T10:54:50+08:00 ] ::1 /index.php/Home/Branch/detail/id/3
INFO: [ app_init ] --START--
INFO: Run Behavior\BuildLiteBehavior [ RunTime:0.000029s ]
INFO: [ app_init ] --END-- [ RunTime:0.000892s ]
INFO: [ app_begin ] --START--
INFO: Run Behavior\ReadHtmlCacheBehavior [ RunTime:0.001048s ]
INFO: [ app_begin ] --END-- [ RunTime:0.001121s ]
SQL: SHOW COLUMNS FROM `ast_banner` [ RunTime:0.0043s ]
SQL: SELECT * FROM `ast_banner`  [ RunTime:0.0004s ]
SQL: SHOW COLUMNS FROM `ast_link` [ RunTime:0.0045s ]
SQL: SELECT * FROM `ast_link`  [ RunTime:0.0004s ]
SQL: SHOW COLUMNS FROM `ast_words_link` [ RunTime:0.0038s ]
SQL: SELECT * FROM `ast_words_link` WHERE `w_id` = 3  [ RunTime:0.0006s ]
SQL: SELECT * FROM `ast_words_link`  [ RunTime:0.0003s ]
INFO: [ view_parse ] --START--
INFO: [ template_filter ] --START--
INFO: Run Behavior\ContentReplaceBehavior [ RunTime:0.000115s ]
INFO: [ template_filter ] --END-- [ RunTime:0.000183s ]
INFO: Run Behavior\ParseTemplateBehavior [ RunTime:0.013511s ]
INFO: [ view_parse ] --END-- [ RunTime:0.013592s ]
INFO: [ view_filter ] --START--
INFO: Run Behavior\WriteHtmlCacheBehavior [ RunTime:0.000672s ]
INFO: [ view_filter ] --END-- [ RunTime:0.000722s ]
INFO: [ app_end ] --START--
INFO: Run Behavior\ShowPageTraceBehavior [ RunTime:0.001317s ]
INFO: [ app_end ] --END-- [ RunTime:0.001403s ]

[ 2016-05-04T10:54:52+08:00 ] ::1 /index.php/Home/Branch/detail/id/2
INFO: [ app_init ] --START--
INFO: Run Behavior\BuildLiteBehavior [ RunTime:0.000022s ]
INFO: [ app_init ] --END-- [ RunTime:0.000628s ]
INFO: [ app_begin ] --START--
INFO: Run Behavior\ReadHtmlCacheBehavior [ RunTime:0.000752s ]
INFO: [ app_begin ] --END-- [ RunTime:0.000818s ]
SQL: SHOW COLUMNS FROM `ast_banner` [ RunTime:0.0050s ]
SQL: SELECT * FROM `ast_banner`  [ RunTime:0.0004s ]
SQL: SHOW COLUMNS FROM `ast_link` [ RunTime:0.0037s ]
SQL: SELECT * FROM `ast_link`  [ RunTime:0.0003s ]
SQL: SHOW COLUMNS FROM `ast_words_link` [ RunTime:0.0037s ]
SQL: SELECT * FROM `ast_words_link` WHERE `w_id` = 2  [ RunTime:0.0004s ]
SQL: SELECT * FROM `ast_words_link`  [ RunTime:0.0003s ]
INFO: [ view_parse ] --START--
INFO: [ template_filter ] --START--
INFO: Run Behavior\ContentReplaceBehavior [ RunTime:0.000111s ]
INFO: [ template_filter ] --END-- [ RunTime:0.000175s ]
INFO: Run Behavior\ParseTemplateBehavior [ RunTime:0.011181s ]
INFO: [ view_parse ] --END-- [ RunTime:0.011307s ]
INFO: [ view_filter ] --START--
INFO: Run Behavior\WriteHtmlCacheBehavior [ RunTime:0.000826s ]
INFO: [ view_filter ] --END-- [ RunTime:0.000915s ]
INFO: [ app_end ] --START--
INFO: Run Behavior\ShowPageTraceBehavior [ RunTime:0.000996s ]
INFO: [ app_end ] --END-- [ RunTime:0.001071s ]

[ 2016-05-04T11:01:24+08:00 ] ::1 /index.php/Home/Index
INFO: [ app_init ] --START--
INFO: Run Behavior\BuildLiteBehavior [ RunTime:0.000018s ]
INFO: [ app_init ] --END-- [ RunTime:0.000602s ]
INFO: [ app_begin ] --START--
INFO: Run Behavior\ReadHtmlCacheBehavior [ RunTime:0.002768s ]
INFO: [ app_begin ] --END-- [ RunTime:0.002897s ]
SQL: SHOW COLUMNS FROM `ast_banner` [ RunTime:0.0052s ]
SQL: SELECT * FROM `ast_banner`  [ RunTime:0.0006s ]
SQL: SHOW COLUMNS FROM `ast_link` [ RunTime:0.0047s ]
SQL: SELECT * FROM `ast_link`  [ RunTime:0.0004s ]
SQL: SHOW COLUMNS FROM `ast_company` [ RunTime:0.0040s ]
SQL: SHOW COLUMNS FROM `ast_article` [ RunTime:0.0041s ]
SQL: SHOW COLUMNS FROM `ast_product` [ RunTime:0.0050s ]
SQL: SHOW COLUMNS FROM `ast_procate` [ RunTime:0.0040s ]
SQL: SELECT * FROM `ast_procate` LIMIT 3   [ RunTime:0.0004s ]
SQL: SELECT * FROM `ast_article`  [ RunTime:0.0004s ]
SQL: SELECT * FROM `ast_company`  [ RunTime:0.0003s ]
SQL: SELECT * FROM `ast_article` LIMIT 0,4   [ RunTime:0.0004s ]
INFO: [ view_parse ] --START--
INFO: [ template_filter ] --START--
INFO: Run Behavior\ContentReplaceBehavior [ RunTime:0.000176s ]
INFO: [ template_filter ] --END-- [ RunTime:0.000243s ]
NOTIC: [8] Undefined index: p C:\xampp\htdocs\aiston\Application\Runtime\Cache\Home\2a94b8bda04ff446dcedd42276fc99ee.php 第 156 行.
NOTIC: [8] Undefined index: p C:\xampp\htdocs\aiston\Application\Runtime\Cache\Home\2a94b8bda04ff446dcedd42276fc99ee.php 第 163 行.
NOTIC: [8] Undefined index: p C:\xampp\htdocs\aiston\Application\Runtime\Cache\Home\2a94b8bda04ff446dcedd42276fc99ee.php 第 163 行.
INFO: Run Behavior\ParseTemplateBehavior [ RunTime:0.018341s ]
INFO: [ view_parse ] --END-- [ RunTime:0.018433s ]
INFO: [ view_filter ] --START--
INFO: Run Behavior\WriteHtmlCacheBehavior [ RunTime:0.000675s ]
INFO: [ view_filter ] --END-- [ RunTime:0.000726s ]
INFO: [ app_end ] --START--
INFO: Run Behavior\ShowPageTraceBehavior [ RunTime:0.001864s ]
INFO: [ app_end ] --END-- [ RunTime:0.001982s ]

[ 2016-05-04T11:01:25+08:00 ] ::1 /index.php/Home/Branch/index
INFO: [ app_init ] --START--
INFO: Run Behavior\BuildLiteBehavior [ RunTime:0.000020s ]
INFO: [ app_init ] --END-- [ RunTime:0.000549s ]
INFO: [ app_begin ] --START--
INFO: Run Behavior\ReadHtmlCacheBehavior [ RunTime:0.000735s ]
INFO: [ app_begin ] --END-- [ RunTime:0.000814s ]
SQL: SHOW COLUMNS FROM `ast_banner` [ RunTime:0.0047s ]
SQL: SELECT * FROM `ast_banner`  [ RunTime:0.0005s ]
SQL: SHOW COLUMNS FROM `ast_link` [ RunTime:0.0050s ]
SQL: SELECT * FROM `ast_link`  [ RunTime:0.0004s ]
SQL: SHOW COLUMNS FROM `ast_words_link` [ RunTime:0.0040s ]
SQL: SELECT * FROM `ast_words_link`  [ RunTime:0.0004s ]
INFO: [ view_parse ] --START--
INFO: [ template_filter ] --START--
INFO: Run Behavior\ContentReplaceBehavior [ RunTime:0.000126s ]
INFO: [ template_filter ] --END-- [ RunTime:0.000191s ]
INFO: Run Behavior\ParseTemplateBehavior [ RunTime:0.013787s ]
INFO: [ view_parse ] --END-- [ RunTime:0.013869s ]
INFO: [ view_filter ] --START--
INFO: Run Behavior\WriteHtmlCacheBehavior [ RunTime:0.000500s ]
INFO: [ view_filter ] --END-- [ RunTime:0.000550s ]
INFO: [ app_end ] --START--
INFO: Run Behavior\ShowPageTraceBehavior [ RunTime:0.001348s ]
INFO: [ app_end ] --END-- [ RunTime:0.001421s ]

[ 2016-05-04T11:01:59+08:00 ] ::1 /index.php/Home/Index
INFO: [ app_init ] --START--
INFO: Run Behavior\BuildLiteBehavior [ RunTime:0.000017s ]
INFO: [ app_init ] --END-- [ RunTime:0.000490s ]
INFO: [ app_begin ] --START--
INFO: Run Behavior\ReadHtmlCacheBehavior [ RunTime:0.000810s ]
INFO: [ app_begin ] --END-- [ RunTime:0.000892s ]
SQL: SHOW COLUMNS FROM `ast_banner` [ RunTime:0.0041s ]
SQL: SELECT * FROM `ast_banner`  [ RunTime:0.0004s ]
SQL: SHOW COLUMNS FROM `ast_link` [ RunTime:0.0042s ]
SQL: SELECT * FROM `ast_link`  [ RunTime:0.0004s ]
SQL: SHOW COLUMNS FROM `ast_company` [ RunTime:0.0040s ]
SQL: SHOW COLUMNS FROM `ast_article` [ RunTime:0.0040s ]
SQL: SHOW COLUMNS FROM `ast_product` [ RunTime:0.0039s ]
SQL: SHOW COLUMNS FROM `ast_procate` [ RunTime:0.0048s ]
SQL: SELECT * FROM `ast_procate` LIMIT 3   [ RunTime:0.0008s ]
SQL: SELECT * FROM `ast_article`  [ RunTime:0.0004s ]
SQL: SELECT * FROM `ast_company`  [ RunTime:0.0002s ]
SQL: SELECT * FROM `ast_article` LIMIT 0,4   [ RunTime:0.0004s ]
INFO: [ view_parse ] --START--
INFO: [ template_filter ] --START--
INFO: Run Behavior\ContentReplaceBehavior [ RunTime:0.000158s ]
INFO: [ template_filter ] --END-- [ RunTime:0.000222s ]
NOTIC: [8] Undefined index: p C:\xampp\htdocs\aiston\Application\Runtime\Cache\Home\2a94b8bda04ff446dcedd42276fc99ee.php 第 156 行.
NOTIC: [8] Undefined index: p C:\xampp\htdocs\aiston\Application\Runtime\Cache\Home\2a94b8bda04ff446dcedd42276fc99ee.php 第 163 行.
NOTIC: [8] Undefined index: p C:\xampp\htdocs\aiston\Application\Runtime\Cache\Home\2a94b8bda04ff446dcedd42276fc99ee.php 第 163 行.
INFO: Run Behavior\ParseTemplateBehavior [ RunTime:0.016015s ]
INFO: [ view_parse ] --END-- [ RunTime:0.016097s ]
INFO: [ view_filter ] --START--
INFO: Run Behavior\WriteHtmlCacheBehavior [ RunTime:0.000513s ]
INFO: [ view_filter ] --END-- [ RunTime:0.000563s ]
INFO: [ app_end ] --START--
INFO: Run Behavior\ShowPageTraceBehavior [ RunTime:0.001167s ]
INFO: [ app_end ] --END-- [ RunTime:0.001258s ]

[ 2016-05-04T11:02:00+08:00 ] ::1 /index.php/Home/Branch/index
INFO: [ app_init ] --START--
INFO: Run Behavior\BuildLiteBehavior [ RunTime:0.000016s ]
INFO: [ app_init ] --END-- [ RunTime:0.000467s ]
INFO: [ app_begin ] --START--
INFO: Run Behavior\ReadHtmlCacheBehavior [ RunTime:0.000729s ]
INFO: [ app_begin ] --END-- [ RunTime:0.000790s ]
SQL: SHOW COLUMNS FROM `ast_banner` [ RunTime:0.0040s ]
SQL: SELECT * FROM `ast_banner`  [ RunTime:0.0004s ]
SQL: SHOW COLUMNS FROM `ast_link` [ RunTime:0.0044s ]
SQL: SELECT * FROM `ast_link`  [ RunTime:0.0003s ]
SQL: SHOW COLUMNS FROM `ast_words_link` [ RunTime:0.0039s ]
SQL: SELECT * FROM `ast_words_link`  [ RunTime:0.0004s ]
INFO: [ view_parse ] --START--
INFO: [ template_filter ] --START--
INFO: Run Behavior\ContentReplaceBehavior [ RunTime:0.000131s ]
INFO: [ template_filter ] --END-- [ RunTime:0.000197s ]
INFO: Run Behavior\ParseTemplateBehavior [ RunTime:0.014734s ]
INFO: [ view_parse ] --END-- [ RunTime:0.014826s ]
INFO: [ view_filter ] --START--
INFO: Run Behavior\WriteHtmlCacheBehavior [ RunTime:0.000496s ]
INFO: [ view_filter ] --END-- [ RunTime:0.000546s ]
INFO: [ app_end ] --START--
INFO: Run Behavior\ShowPageTraceBehavior [ RunTime:0.001306s ]
INFO: [ app_end ] --END-- [ RunTime:0.001394s ]

[ 2016-05-04T11:12:44+08:00 ] ::1 /index.php/Home/Index
INFO: [ app_init ] --START--
INFO: Run Behavior\BuildLiteBehavior [ RunTime:0.000018s ]
INFO: [ app_init ] --END-- [ RunTime:0.000496s ]
INFO: [ app_begin ] --START--
INFO: Run Behavior\ReadHtmlCacheBehavior [ RunTime:0.000778s ]
INFO: [ app_begin ] --END-- [ RunTime:0.000841s ]
SQL: SHOW COLUMNS FROM `ast_banner` [ RunTime:0.0044s ]
SQL: SELECT * FROM `ast_banner`  [ RunTime:0.0004s ]
SQL: SHOW COLUMNS FROM `ast_link` [ RunTime:0.0057s ]
SQL: SELECT * FROM `ast_link`  [ RunTime:0.0004s ]
SQL: SHOW COLUMNS FROM `ast_company` [ RunTime:0.0042s ]
SQL: SHOW COLUMNS FROM `ast_article` [ RunTime:0.0043s ]
SQL: SHOW COLUMNS FROM `ast_product` [ RunTime:0.0049s ]
SQL: SHOW COLUMNS FROM `ast_procate` [ RunTime:0.0048s ]
SQL: SELECT * FROM `ast_procate` LIMIT 3   [ RunTime:0.0004s ]
SQL: SELECT * FROM `ast_article`  [ RunTime:0.0004s ]
SQL: SELECT * FROM `ast_company`  [ RunTime:0.0003s ]
SQL: SELECT * FROM `ast_article` LIMIT 0,4   [ RunTime:0.0004s ]
INFO: [ view_parse ] --START--
INFO: [ template_filter ] --START--
INFO: Run Behavior\ContentReplaceBehavior [ RunTime:0.000161s ]
INFO: [ template_filter ] --END-- [ RunTime:0.000225s ]
NOTIC: [8] Undefined index: p C:\xampp\htdocs\aiston\Application\Runtime\Cache\Home\2a94b8bda04ff446dcedd42276fc99ee.php 第 156 行.
NOTIC: [8] Undefined index: p C:\xampp\htdocs\aiston\Application\Runtime\Cache\Home\2a94b8bda04ff446dcedd42276fc99ee.php 第 163 行.
NOTIC: [8] Undefined index: p C:\xampp\htdocs\aiston\Application\Runtime\Cache\Home\2a94b8bda04ff446dcedd42276fc99ee.php 第 163 行.
INFO: Run Behavior\ParseTemplateBehavior [ RunTime:0.015895s ]
INFO: [ view_parse ] --END-- [ RunTime:0.015955s ]
INFO: [ view_filter ] --START--
INFO: Run Behavior\WriteHtmlCacheBehavior [ RunTime:0.000497s ]
INFO: [ view_filter ] --END-- [ RunTime:0.000548s ]
INFO: [ app_end ] --START--
INFO: Run Behavior\ShowPageTraceBehavior [ RunTime:0.001143s ]
INFO: [ app_end ] --END-- [ RunTime:0.001241s ]

[ 2016-05-04T11:12:45+08:00 ] ::1 /index.php/Home/Branch/index
INFO: [ app_init ] --START--
INFO: Run Behavior\BuildLiteBehavior [ RunTime:0.000027s ]
INFO: [ app_init ] --END-- [ RunTime:0.000870s ]
INFO: [ app_begin ] --START--
INFO: Run Behavior\ReadHtmlCacheBehavior [ RunTime:0.000765s ]
INFO: [ app_begin ] --END-- [ RunTime:0.000838s ]
SQL: SHOW COLUMNS FROM `ast_banner` [ RunTime:0.0040s ]
SQL: SELECT * FROM `ast_banner`  [ RunTime:0.0004s ]
SQL: SHOW COLUMNS FROM `ast_link` [ RunTime:0.0040s ]
SQL: SELECT * FROM `ast_link`  [ RunTime:0.0004s ]
SQL: SHOW COLUMNS FROM `ast_words_link` [ RunTime:0.0059s ]
SQL: SELECT * FROM `ast_words_link`  [ RunTime:0.0005s ]
INFO: [ view_parse ] --START--
INFO: [ template_filter ] --START--
INFO: Run Behavior\ContentReplaceBehavior [ RunTime:0.000214s ]
INFO: [ template_filter ] --END-- [ RunTime:0.000316s ]
INFO: Run Behavior\ParseTemplateBehavior [ RunTime:0.018601s ]
INFO: [ view_parse ] --END-- [ RunTime:0.018689s ]
INFO: [ view_filter ] --START--
INFO: Run Behavior\WriteHtmlCacheBehavior [ RunTime:0.000493s ]
INFO: [ view_filter ] --END-- [ RunTime:0.000543s ]
INFO: [ app_end ] --START--
INFO: Run Behavior\ShowPageTraceBehavior [ RunTime:0.001646s ]
INFO: [ app_end ] --END-- [ RunTime:0.001736s ]

[ 2016-05-04T14:04:38+08:00 ] ::1 /index.php/Home/Index
INFO: [ app_init ] --START--
INFO: Run Behavior\BuildLiteBehavior [ RunTime:0.000018s ]
INFO: [ app_init ] --END-- [ RunTime:0.000488s ]
INFO: [ app_begin ] --START--
INFO: Run Behavior\ReadHtmlCacheBehavior [ RunTime:0.000893s ]
INFO: [ app_begin ] --END-- [ RunTime:0.000959s ]
SQL: SHOW COLUMNS FROM `ast_banner` [ RunTime:0.0041s ]
SQL: SELECT * FROM `ast_banner`  [ RunTime:0.0004s ]
SQL: SHOW COLUMNS FROM `ast_link` [ RunTime:0.0049s ]
SQL: SELECT * FROM `ast_link`  [ RunTime:0.0003s ]
SQL: SHOW COLUMNS FROM `ast_company` [ RunTime:0.0048s ]
SQL: SHOW COLUMNS FROM `ast_article` [ RunTime:0.0042s ]
SQL: SHOW COLUMNS FROM `ast_product` [ RunTime:0.0042s ]
SQL: SHOW COLUMNS FROM `ast_procate` [ RunTime:0.0049s ]
SQL: SELECT * FROM `ast_procate` LIMIT 3   [ RunTime:0.0006s ]
SQL: SELECT * FROM `ast_article`  [ RunTime:0.0005s ]
SQL: SELECT * FROM `ast_company`  [ RunTime:0.0003s ]
SQL: SELECT * FROM `ast_article` LIMIT 0,4   [ RunTime:0.0004s ]
INFO: [ view_parse ] --START--
INFO: [ template_filter ] --START--
INFO: Run Behavior\ContentReplaceBehavior [ RunTime:0.000162s ]
INFO: [ template_filter ] --END-- [ RunTime:0.000230s ]
NOTIC: [8] Undefined index: p C:\xampp\htdocs\aiston\Application\Runtime\Cache\Home\2a94b8bda04ff446dcedd42276fc99ee.php 第 156 行.
NOTIC: [8] Undefined index: p C:\xampp\htdocs\aiston\Application\Runtime\Cache\Home\2a94b8bda04ff446dcedd42276fc99ee.php 第 163 行.
NOTIC: [8] Undefined index: p C:\xampp\htdocs\aiston\Application\Runtime\Cache\Home\2a94b8bda04ff446dcedd42276fc99ee.php 第 163 行.
INFO: Run Behavior\ParseTemplateBehavior [ RunTime:0.014730s ]
INFO: [ view_parse ] --END-- [ RunTime:0.014799s ]
INFO: [ view_filter ] --START--
INFO: Run Behavior\WriteHtmlCacheBehavior [ RunTime:0.000498s ]
INFO: [ view_filter ] --END-- [ RunTime:0.000547s ]
INFO: [ app_end ] --START--
INFO: Run Behavior\ShowPageTraceBehavior [ RunTime:0.001250s ]
INFO: [ app_end ] --END-- [ RunTime:0.001325s ]

[ 2016-05-04T14:04:48+08:00 ] ::1 /index.php/Home/Branch/index
INFO: [ app_init ] --START--
INFO: Run Behavior\BuildLiteBehavior [ RunTime:0.000018s ]
INFO: [ app_init ] --END-- [ RunTime:0.000524s ]
INFO: [ app_begin ] --START--
INFO: Run Behavior\ReadHtmlCacheBehavior [ RunTime:0.001036s ]
INFO: [ app_begin ] --END-- [ RunTime:0.001112s ]
SQL: SHOW COLUMNS FROM `ast_banner` [ RunTime:0.0042s ]
SQL: SELECT * FROM `ast_banner`  [ RunTime:0.0004s ]
SQL: SHOW COLUMNS FROM `ast_link` [ RunTime:0.0037s ]
SQL: SELECT * FROM `ast_link`  [ RunTime:0.0003s ]
SQL: SHOW COLUMNS FROM `ast_words_link` [ RunTime:0.0043s ]
SQL: SELECT * FROM `ast_words_link`  [ RunTime:0.0004s ]
INFO: [ view_parse ] --START--
INFO: [ template_filter ] --START--
INFO: Run Behavior\ContentReplaceBehavior [ RunTime:0.000129s ]
INFO: [ template_filter ] --END-- [ RunTime:0.000195s ]
INFO: Run Behavior\ParseTemplateBehavior [ RunTime:0.013145s ]
INFO: [ view_parse ] --END-- [ RunTime:0.013248s ]
INFO: [ view_filter ] --START--
INFO: Run Behavior\WriteHtmlCacheBehavior [ RunTime:0.000596s ]
INFO: [ view_filter ] --END-- [ RunTime:0.000658s ]
INFO: [ app_end ] --START--
INFO: Run Behavior\ShowPageTraceBehavior [ RunTime:0.001525s ]
INFO: [ app_end ] --END-- [ RunTime:0.001620s ]

[ 2016-05-04T14:30:29+08:00 ] ::1 /index.php/Home/Index
INFO: [ app_init ] --START--
INFO: Run Behavior\BuildLiteBehavior [ RunTime:0.000019s ]
INFO: [ app_init ] --END-- [ RunTime:0.000575s ]
INFO: [ app_begin ] --START--
INFO: Run Behavior\ReadHtmlCacheBehavior [ RunTime:0.001007s ]
INFO: [ app_begin ] --END-- [ RunTime:0.001078s ]
SQL: SHOW COLUMNS FROM `ast_banner` [ RunTime:0.0041s ]
SQL: SELECT * FROM `ast_banner`  [ RunTime:0.0004s ]
SQL: SHOW COLUMNS FROM `ast_link` [ RunTime:0.0040s ]
SQL: SELECT * FROM `ast_link`  [ RunTime:0.0004s ]
SQL: SHOW COLUMNS FROM `ast_company` [ RunTime:0.0038s ]
SQL: SHOW COLUMNS FROM `ast_article` [ RunTime:0.0048s ]
SQL: SHOW COLUMNS FROM `ast_product` [ RunTime:0.0045s ]
SQL: SHOW COLUMNS FROM `ast_procate` [ RunTime:0.0035s ]
SQL: SELECT * FROM `ast_procate` LIMIT 3   [ RunTime:0.0003s ]
SQL: SELECT * FROM `ast_article`  [ RunTime:0.0004s ]
SQL: SELECT * FROM `ast_company`  [ RunTime:0.0003s ]
SQL: SELECT * FROM `ast_article` LIMIT 0,4   [ RunTime:0.0004s ]
INFO: [ view_parse ] --START--
INFO: [ template_filter ] --START--
INFO: Run Behavior\ContentReplaceBehavior [ RunTime:0.000197s ]
INFO: [ template_filter ] --END-- [ RunTime:0.000261s ]
NOTIC: [8] Undefined index: p C:\xampp\htdocs\aiston\Application\Runtime\Cache\Home\2a94b8bda04ff446dcedd42276fc99ee.php 第 156 行.
NOTIC: [8] Undefined index: p C:\xampp\htdocs\aiston\Application\Runtime\Cache\Home\2a94b8bda04ff446dcedd42276fc99ee.php 第 163 行.
NOTIC: [8] Undefined index: p C:\xampp\htdocs\aiston\Application\Runtime\Cache\Home\2a94b8bda04ff446dcedd42276fc99ee.php 第 163 行.
INFO: Run Behavior\ParseTemplateBehavior [ RunTime:0.015796s ]
INFO: [ view_parse ] --END-- [ RunTime:0.015858s ]
INFO: [ view_filter ] --START--
INFO: Run Behavior\WriteHtmlCacheBehavior [ RunTime:0.000785s ]
INFO: [ view_filter ] --END-- [ RunTime:0.000839s ]
INFO: [ app_end ] --START--
INFO: Run Behavior\ShowPageTraceBehavior [ RunTime:0.001822s ]
INFO: [ app_end ] --END-- [ RunTime:0.001961s ]

[ 2016-05-04T14:30:32+08:00 ] ::1 /index.php/Home/Branch/index
INFO: [ app_init ] --START--
INFO: Run Behavior\BuildLiteBehavior [ RunTime:0.000017s ]
INFO: [ app_init ] --END-- [ RunTime:0.000552s ]
INFO: [ app_begin ] --START--
INFO: Run Behavior\ReadHtmlCacheBehavior [ RunTime:0.001013s ]
INFO: [ app_begin ] --END-- [ RunTime:0.001087s ]
SQL: SHOW COLUMNS FROM `ast_banner` [ RunTime:0.0050s ]
SQL: SELECT * FROM `ast_banner`  [ RunTime:0.0005s ]
SQL: SHOW COLUMNS FROM `ast_link` [ RunTime:0.0055s ]
SQL: SELECT * FROM `ast_link`  [ RunTime:0.0003s ]
SQL: SHOW COLUMNS FROM `ast_words_link` [ RunTime:0.0049s ]
SQL: SELECT * FROM `ast_words_link`  [ RunTime:0.0006s ]
INFO: [ view_parse ] --START--
INFO: [ template_filter ] --START--
INFO: Run Behavior\ContentReplaceBehavior [ RunTime:0.000141s ]
INFO: [ template_filter ] --END-- [ RunTime:0.000213s ]
INFO: Run Behavior\ParseTemplateBehavior [ RunTime:0.018380s ]
INFO: [ view_parse ] --END-- [ RunTime:0.018491s ]
INFO: [ view_filter ] --START--
INFO: Run Behavior\WriteHtmlCacheBehavior [ RunTime:0.000604s ]
INFO: [ view_filter ] --END-- [ RunTime:0.000656s ]
INFO: [ app_end ] --START--
INFO: Run Behavior\ShowPageTraceBehavior [ RunTime:0.001532s ]
INFO: [ app_end ] --END-- [ RunTime:0.001623s ]

[ 2016-05-04T14:33:23+08:00 ] ::1 /index.php/Home/Branch/index
INFO: [ app_init ] --START--
INFO: Run Behavior\BuildLiteBehavior [ RunTime:0.000020s ]
INFO: [ app_init ] --END-- [ RunTime:0.000683s ]
INFO: [ app_begin ] --START--
INFO: Run Behavior\ReadHtmlCacheBehavior [ RunTime:0.001268s ]
INFO: [ app_begin ] --END-- [ RunTime:0.001366s ]
SQL: SHOW COLUMNS FROM `ast_banner` [ RunTime:0.0038s ]
SQL: SELECT * FROM `ast_banner`  [ RunTime:0.0004s ]
SQL: SHOW COLUMNS FROM `ast_link` [ RunTime:0.0043s ]
SQL: SELECT * FROM `ast_link`  [ RunTime:0.0003s ]
SQL: SHOW COLUMNS FROM `ast_words_link` [ RunTime:0.0038s ]
SQL: SELECT * FROM `ast_words_link`  [ RunTime:0.0004s ]
INFO: [ view_parse ] --START--
INFO: [ template_filter ] --START--
INFO: Run Behavior\ContentReplaceBehavior [ RunTime:0.000207s ]
INFO: [ template_filter ] --END-- [ RunTime:0.000290s ]
INFO: Run Behavior\ParseTemplateBehavior [ RunTime:0.015287s ]
INFO: [ view_parse ] --END-- [ RunTime:0.015409s ]
INFO: [ view_filter ] --START--
INFO: Run Behavior\WriteHtmlCacheBehavior [ RunTime:0.000673s ]
INFO: [ view_filter ] --END-- [ RunTime:0.000723s ]
INFO: [ app_end ] --START--
INFO: Run Behavior\ShowPageTraceBehavior [ RunTime:0.001523s ]
INFO: [ app_end ] --END-- [ RunTime:0.001624s ]

[ 2016-05-04T14:33:24+08:00 ] ::1 /index.php/Home/Branch/index
INFO: [ app_init ] --START--
INFO: Run Behavior\BuildLiteBehavior [ RunTime:0.000019s ]
INFO: [ app_init ] --END-- [ RunTime:0.000633s ]
INFO: [ app_begin ] --START--
INFO: Run Behavior\ReadHtmlCacheBehavior [ RunTime:0.000999s ]
INFO: [ app_begin ] --END-- [ RunTime:0.001064s ]
SQL: SHOW COLUMNS FROM `ast_banner` [ RunTime:0.0044s ]
SQL: SELECT * FROM `ast_banner`  [ RunTime:0.0005s ]
SQL: SHOW COLUMNS FROM `ast_link` [ RunTime:0.0044s ]
SQL: SELECT * FROM `ast_link`  [ RunTime:0.0003s ]
SQL: SHOW COLUMNS FROM `ast_words_link` [ RunTime:0.0039s ]
SQL: SELECT * FROM `ast_words_link`  [ RunTime:0.0004s ]
INFO: [ view_parse ] --START--
INFO: [ template_filter ] --START--
INFO: Run Behavior\ContentReplaceBehavior [ RunTime:0.000128s ]
INFO: [ template_filter ] --END-- [ RunTime:0.000192s ]
INFO: Run Behavior\ParseTemplateBehavior [ RunTime:0.014424s ]
INFO: [ view_parse ] --END-- [ RunTime:0.014512s ]
INFO: [ view_filter ] --START--
INFO: Run Behavior\WriteHtmlCacheBehavior [ RunTime:0.000679s ]
INFO: [ view_filter ] --END-- [ RunTime:0.000729s ]
INFO: [ app_end ] --START--
INFO: Run Behavior\ShowPageTraceBehavior [ RunTime:0.001337s ]
INFO: [ app_end ] --END-- [ RunTime:0.001424s ]

[ 2016-05-04T14:33:28+08:00 ] ::1 /index.php/Home/Index
INFO: [ app_init ] --START--
INFO: Run Behavior\BuildLiteBehavior [ RunTime:0.000015s ]
INFO: [ app_init ] --END-- [ RunTime:0.000567s ]
INFO: [ app_begin ] --START--
INFO: Run Behavior\ReadHtmlCacheBehavior [ RunTime:0.001043s ]
INFO: [ app_begin ] --END-- [ RunTime:0.001119s ]
SQL: SHOW COLUMNS FROM `ast_banner` [ RunTime:0.0039s ]
SQL: SELECT * FROM `ast_banner`  [ RunTime:0.0004s ]
SQL: SHOW COLUMNS FROM `ast_link` [ RunTime:0.0039s ]
SQL: SELECT * FROM `ast_link`  [ RunTime:0.0003s ]
SQL: SHOW COLUMNS FROM `ast_company` [ RunTime:0.0046s ]
SQL: SHOW COLUMNS FROM `ast_article` [ RunTime:0.0064s ]
SQL: SHOW COLUMNS FROM `ast_product` [ RunTime:0.0048s ]
SQL: SHOW COLUMNS FROM `ast_procate` [ RunTime:0.0039s ]
SQL: SELECT * FROM `ast_procate` LIMIT 3   [ RunTime:0.0004s ]
SQL: SELECT * FROM `ast_article`  [ RunTime:0.0005s ]
SQL: SELECT * FROM `ast_company`  [ RunTime:0.0003s ]
SQL: SELECT * FROM `ast_article` LIMIT 0,4   [ RunTime:0.0003s ]
INFO: [ view_parse ] --START--
INFO: [ template_filter ] --START--
INFO: Run Behavior\ContentReplaceBehavior [ RunTime:0.000241s ]
INFO: [ template_filter ] --END-- [ RunTime:0.000339s ]
NOTIC: [8] Undefined index: p C:\xampp\htdocs\aiston\Application\Runtime\Cache\Home\2a94b8bda04ff446dcedd42276fc99ee.php 第 156 行.
NOTIC: [8] Undefined index: p C:\xampp\htdocs\aiston\Application\Runtime\Cache\Home\2a94b8bda04ff446dcedd42276fc99ee.php 第 163 行.
NOTIC: [8] Undefined index: p C:\xampp\htdocs\aiston\Application\Runtime\Cache\Home\2a94b8bda04ff446dcedd42276fc99ee.php 第 163 行.
INFO: Run Behavior\ParseTemplateBehavior [ RunTime:0.017089s ]
INFO: [ view_parse ] --END-- [ RunTime:0.017163s ]
INFO: [ view_filter ] --START--
INFO: Run Behavior\WriteHtmlCacheBehavior [ RunTime:0.000987s ]
INFO: [ view_filter ] --END-- [ RunTime:0.001052s ]
INFO: [ app_end ] --START--
INFO: Run Behavior\ShowPageTraceBehavior [ RunTime:0.001808s ]
INFO: [ app_end ] --END-- [ RunTime:0.001934s ]

[ 2016-05-04T14:33:30+08:00 ] ::1 /index.php/Home/Branch/index
INFO: [ app_init ] --START--
INFO: Run Behavior\BuildLiteBehavior [ RunTime:0.000016s ]
INFO: [ app_init ] --END-- [ RunTime:0.000511s ]
INFO: [ app_begin ] --START--
INFO: Run Behavior\ReadHtmlCacheBehavior [ RunTime:0.000742s ]
INFO: [ app_begin ] --END-- [ RunTime:0.000806s ]
SQL: SHOW COLUMNS FROM `ast_banner` [ RunTime:0.0041s ]
SQL: SELECT * FROM `ast_banner`  [ RunTime:0.0005s ]
SQL: SHOW COLUMNS FROM `ast_link` [ RunTime:0.0044s ]
SQL: SELECT * FROM `ast_link`  [ RunTime:0.0004s ]
SQL: SHOW COLUMNS FROM `ast_words_link` [ RunTime:0.0037s ]
SQL: SELECT * FROM `ast_words_link`  [ RunTime:0.0004s ]
INFO: [ view_parse ] --START--
INFO: [ template_filter ] --START--
INFO: Run Behavior\ContentReplaceBehavior [ RunTime:0.000141s ]
INFO: [ template_filter ] --END-- [ RunTime:0.000209s ]
INFO: Run Behavior\ParseTemplateBehavior [ RunTime:0.013439s ]
INFO: [ view_parse ] --END-- [ RunTime:0.013613s ]
INFO: [ view_filter ] --START--
INFO: Run Behavior\WriteHtmlCacheBehavior [ RunTime:0.000758s ]
INFO: [ view_filter ] --END-- [ RunTime:0.000839s ]
INFO: [ app_end ] --START--
INFO: Run Behavior\ShowPageTraceBehavior [ RunTime:0.001794s ]
INFO: [ app_end ] --END-- [ RunTime:0.001939s ]

[ 2016-05-04T14:35:02+08:00 ] ::1 /index.php/Home/Index
INFO: [ app_init ] --START--
INFO: Run Behavior\BuildLiteBehavior [ RunTime:0.000020s ]
INFO: [ app_init ] --END-- [ RunTime:0.000671s ]
INFO: [ app_begin ] --START--
INFO: Run Behavior\ReadHtmlCacheBehavior [ RunTime:0.000788s ]
INFO: [ app_begin ] --END-- [ RunTime:0.000884s ]
SQL: SHOW COLUMNS FROM `ast_banner` [ RunTime:0.0041s ]
SQL: SELECT * FROM `ast_banner`  [ RunTime:0.0004s ]
SQL: SHOW COLUMNS FROM `ast_link` [ RunTime:0.0035s ]
SQL: SELECT * FROM `ast_link`  [ RunTime:0.0003s ]
SQL: SHOW COLUMNS FROM `ast_company` [ RunTime:0.0037s ]
SQL: SHOW COLUMNS FROM `ast_article` [ RunTime:0.0044s ]
SQL: SHOW COLUMNS FROM `ast_product` [ RunTime:0.0041s ]
SQL: SHOW COLUMNS FROM `ast_procate` [ RunTime:0.0041s ]
SQL: SELECT * FROM `ast_procate` LIMIT 3   [ RunTime:0.0007s ]
SQL: SELECT * FROM `ast_article`  [ RunTime:0.0005s ]
SQL: SELECT * FROM `ast_company`  [ RunTime:0.0003s ]
SQL: SELECT * FROM `ast_article` LIMIT 0,4   [ RunTime:0.0005s ]
INFO: [ view_parse ] --START--
INFO: [ template_filter ] --START--
INFO: Run Behavior\ContentReplaceBehavior [ RunTime:0.000157s ]
INFO: [ template_filter ] --END-- [ RunTime:0.000221s ]
NOTIC: [8] Undefined index: p C:\xampp\htdocs\aiston\Application\Runtime\Cache\Home\2a94b8bda04ff446dcedd42276fc99ee.php 第 156 行.
NOTIC: [8] Undefined index: p C:\xampp\htdocs\aiston\Application\Runtime\Cache\Home\2a94b8bda04ff446dcedd42276fc99ee.php 第 163 行.
NOTIC: [8] Undefined index: p C:\xampp\htdocs\aiston\Application\Runtime\Cache\Home\2a94b8bda04ff446dcedd42276fc99ee.php 第 163 行.
INFO: Run Behavior\ParseTemplateBehavior [ RunTime:0.013795s ]
INFO: [ view_parse ] --END-- [ RunTime:0.013853s ]
INFO: [ view_filter ] --START--
INFO: Run Behavior\WriteHtmlCacheBehavior [ RunTime:0.000502s ]
INFO: [ view_filter ] --END-- [ RunTime:0.000550s ]
INFO: [ app_end ] --START--
INFO: Run Behavior\ShowPageTraceBehavior [ RunTime:0.001572s ]
INFO: [ app_end ] --END-- [ RunTime:0.001668s ]

[ 2016-05-04T14:36:41+08:00 ] ::1 /index.php/Home/Branch/index
INFO: [ app_init ] --START--
INFO: Run Behavior\BuildLiteBehavior [ RunTime:0.000018s ]
INFO: [ app_init ] --END-- [ RunTime:0.000572s ]
INFO: [ app_begin ] --START--
INFO: Run Behavior\ReadHtmlCacheBehavior [ RunTime:0.000984s ]
INFO: [ app_begin ] --END-- [ RunTime:0.001049s ]
SQL: SHOW COLUMNS FROM `ast_banner` [ RunTime:0.0038s ]
SQL: SELECT * FROM `ast_banner`  [ RunTime:0.0004s ]
SQL: SHOW COLUMNS FROM `ast_link` [ RunTime:0.0036s ]
SQL: SELECT * FROM `ast_link`  [ RunTime:0.0003s ]
SQL: SHOW COLUMNS FROM `ast_words_link` [ RunTime:0.0040s ]
SQL: SELECT * FROM `ast_words_link`  [ RunTime:0.0004s ]
INFO: [ view_parse ] --START--
INFO: [ template_filter ] --START--
INFO: Run Behavior\ContentReplaceBehavior [ RunTime:0.000131s ]
INFO: [ template_filter ] --END-- [ RunTime:0.000198s ]
INFO: Run Behavior\ParseTemplateBehavior [ RunTime:0.015216s ]
INFO: [ view_parse ] --END-- [ RunTime:0.015301s ]
INFO: [ view_filter ] --START--
INFO: Run Behavior\WriteHtmlCacheBehavior [ RunTime:0.000671s ]
INFO: [ view_filter ] --END-- [ RunTime:0.000722s ]
INFO: [ app_end ] --START--
INFO: Run Behavior\ShowPageTraceBehavior [ RunTime:0.001773s ]
INFO: [ app_end ] --END-- [ RunTime:0.001867s ]

[ 2016-05-04T14:36:47+08:00 ] ::1 /index.php/Home/Branch/index
INFO: [ app_init ] --START--
INFO: Run Behavior\BuildLiteBehavior [ RunTime:0.000026s ]
INFO: [ app_init ] --END-- [ RunTime:0.000640s ]
INFO: [ app_begin ] --START--
INFO: Run Behavior\ReadHtmlCacheBehavior [ RunTime:0.001135s ]
INFO: [ app_begin ] --END-- [ RunTime:0.001242s ]
SQL: SHOW COLUMNS FROM `ast_banner` [ RunTime:0.0058s ]
SQL: SELECT * FROM `ast_banner`  [ RunTime:0.0007s ]
SQL: SHOW COLUMNS FROM `ast_link` [ RunTime:0.0059s ]
SQL: SELECT * FROM `ast_link`  [ RunTime:0.0006s ]
SQL: SHOW COLUMNS FROM `ast_words_link` [ RunTime:0.0074s ]
SQL: SELECT * FROM `ast_words_link`  [ RunTime:0.0008s ]
INFO: [ view_parse ] --START--
INFO: [ template_filter ] --START--
INFO: Run Behavior\ContentReplaceBehavior [ RunTime:0.000151s ]
INFO: [ template_filter ] --END-- [ RunTime:0.000229s ]
INFO: Run Behavior\ParseTemplateBehavior [ RunTime:0.019669s ]
INFO: [ view_parse ] --END-- [ RunTime:0.019810s ]
INFO: [ view_filter ] --START--
INFO: Run Behavior\WriteHtmlCacheBehavior [ RunTime:0.001003s ]
INFO: [ view_filter ] --END-- [ RunTime:0.001130s ]
INFO: [ app_end ] --START--
INFO: Run Behavior\ShowPageTraceBehavior [ RunTime:0.001550s ]
INFO: [ app_end ] --END-- [ RunTime:0.001714s ]

[ 2016-05-04T14:41:18+08:00 ] ::1 /index.php/Home/Branch/index
INFO: [ app_init ] --START--
INFO: Run Behavior\BuildLiteBehavior [ RunTime:0.000018s ]
INFO: [ app_init ] --END-- [ RunTime:0.000607s ]
INFO: [ app_begin ] --START--
INFO: Run Behavior\ReadHtmlCacheBehavior [ RunTime:0.000999s ]
INFO: [ app_begin ] --END-- [ RunTime:0.001067s ]
SQL: SHOW COLUMNS FROM `ast_banner` [ RunTime:0.0039s ]
SQL: SELECT * FROM `ast_banner`  [ RunTime:0.0004s ]
SQL: SHOW COLUMNS FROM `ast_link` [ RunTime:0.0036s ]
SQL: SELECT * FROM `ast_link`  [ RunTime:0.0003s ]
SQL: SHOW COLUMNS FROM `ast_words_link` [ RunTime:0.0038s ]
SQL: SELECT * FROM `ast_words_link`  [ RunTime:0.0004s ]
INFO: [ view_parse ] --START--
INFO: [ template_filter ] --START--
INFO: Run Behavior\ContentReplaceBehavior [ RunTime:0.000128s ]
INFO: [ template_filter ] --END-- [ RunTime:0.000192s ]
INFO: Run Behavior\ParseTemplateBehavior [ RunTime:0.014916s ]
INFO: [ view_parse ] --END-- [ RunTime:0.014998s ]
INFO: [ view_filter ] --START--
INFO: Run Behavior\WriteHtmlCacheBehavior [ RunTime:0.000665s ]
INFO: [ view_filter ] --END-- [ RunTime:0.000715s ]
INFO: [ app_end ] --START--
INFO: Run Behavior\ShowPageTraceBehavior [ RunTime:0.001682s ]
INFO: [ app_end ] --END-- [ RunTime:0.001787s ]

[ 2016-05-04T14:41:20+08:00 ] ::1 /index.php/Home/Branch/index
INFO: [ app_init ] --START--
INFO: Run Behavior\BuildLiteBehavior [ RunTime:0.000016s ]
INFO: [ app_init ] --END-- [ RunTime:0.000493s ]
INFO: [ app_begin ] --START--
INFO: Run Behavior\ReadHtmlCacheBehavior [ RunTime:0.000916s ]
INFO: [ app_begin ] --END-- [ RunTime:0.001007s ]
SQL: SHOW COLUMNS FROM `ast_banner` [ RunTime:0.0041s ]
SQL: SELECT * FROM `ast_banner`  [ RunTime:0.0009s ]
SQL: SHOW COLUMNS FROM `ast_link` [ RunTime:0.0048s ]
SQL: SELECT * FROM `ast_link`  [ RunTime:0.0004s ]
SQL: SHOW COLUMNS FROM `ast_words_link` [ RunTime:0.0036s ]
SQL: SELECT * FROM `ast_words_link`  [ RunTime:0.0004s ]
INFO: [ view_parse ] --START--
INFO: [ template_filter ] --START--
INFO: Run Behavior\ContentReplaceBehavior [ RunTime:0.000141s ]
INFO: [ template_filter ] --END-- [ RunTime:0.000208s ]
INFO: Run Behavior\ParseTemplateBehavior [ RunTime:0.014777s ]
INFO: [ view_parse ] --END-- [ RunTime:0.014858s ]
INFO: [ view_filter ] --START--
INFO: Run Behavior\WriteHtmlCacheBehavior [ RunTime:0.000497s ]
INFO: [ view_filter ] --END-- [ RunTime:0.000547s ]
INFO: [ app_end ] --START--
INFO: Run Behavior\ShowPageTraceBehavior [ RunTime:0.001117s ]
INFO: [ app_end ] --END-- [ RunTime:0.001201s ]

[ 2016-05-04T15:19:32+08:00 ] ::1 /index.php/Home/Branch/index
INFO: [ app_init ] --START--
INFO: Run Behavior\BuildLiteBehavior [ RunTime:0.000019s ]
INFO: [ app_init ] --END-- [ RunTime:0.000721s ]
INFO: [ app_begin ] --START--
INFO: Run Behavior\ReadHtmlCacheBehavior [ RunTime:0.001714s ]
INFO: [ app_begin ] --END-- [ RunTime:0.001926s ]
SQL: SHOW COLUMNS FROM `ast_banner` [ RunTime:0.0041s ]
SQL: SELECT * FROM `ast_banner`  [ RunTime:0.0004s ]
SQL: SHOW COLUMNS FROM `ast_link` [ RunTime:0.0042s ]
SQL: SELECT * FROM `ast_link`  [ RunTime:0.0004s ]
SQL: SHOW COLUMNS FROM `ast_words_link` [ RunTime:0.0056s ]
SQL: SELECT * FROM `ast_words_link`  [ RunTime:0.0004s ]
INFO: [ view_parse ] --START--
INFO: [ template_filter ] --START--
INFO: Run Behavior\ContentReplaceBehavior [ RunTime:0.000196s ]
INFO: [ template_filter ] --END-- [ RunTime:0.000261s ]
INFO: Run Behavior\ParseTemplateBehavior [ RunTime:0.014824s ]
INFO: [ view_parse ] --END-- [ RunTime:0.014923s ]
INFO: [ view_filter ] --START--
INFO: Run Behavior\WriteHtmlCacheBehavior [ RunTime:0.000810s ]
INFO: [ view_filter ] --END-- [ RunTime:0.000869s ]
INFO: [ app_end ] --START--
INFO: Run Behavior\ShowPageTraceBehavior [ RunTime:0.001539s ]
INFO: [ app_end ] --END-- [ RunTime:0.001635s ]

[ 2016-05-04T15:55:50+08:00 ] ::1 /index.php/Home/Index
INFO: [ app_init ] --START--
INFO: Run Behavior\BuildLiteBehavior [ RunTime:0.000018s ]
INFO: [ app_init ] --END-- [ RunTime:0.000583s ]
INFO: [ app_begin ] --START--
INFO: Run Behavior\ReadHtmlCacheBehavior [ RunTime:0.001401s ]
INFO: [ app_begin ] --END-- [ RunTime:0.001478s ]
SQL: SHOW COLUMNS FROM `ast_banner` [ RunTime:0.0046s ]
SQL: SELECT * FROM `ast_banner`  [ RunTime:0.0003s ]
SQL: SHOW COLUMNS FROM `ast_link` [ RunTime:0.0036s ]
SQL: SELECT * FROM `ast_link`  [ RunTime:0.0003s ]
SQL: SHOW COLUMNS FROM `ast_company` [ RunTime:0.0037s ]
SQL: SHOW COLUMNS FROM `ast_article` [ RunTime:0.0044s ]
SQL: SHOW COLUMNS FROM `ast_product` [ RunTime:0.0048s ]
SQL: SHOW COLUMNS FROM `ast_procate` [ RunTime:0.0039s ]
SQL: SELECT * FROM `ast_procate` LIMIT 3   [ RunTime:0.0003s ]
SQL: SELECT * FROM `ast_article`  [ RunTime:0.0003s ]
SQL: SELECT * FROM `ast_company`  [ RunTime:0.0002s ]
SQL: SELECT * FROM `ast_article` LIMIT 0,4   [ RunTime:0.0003s ]
INFO: [ view_parse ] --START--
INFO: [ template_filter ] --START--
INFO: Run Behavior\ContentReplaceBehavior [ RunTime:0.000158s ]
INFO: [ template_filter ] --END-- [ RunTime:0.000220s ]
NOTIC: [8] Undefined index: p C:\xampp\htdocs\aiston\Application\Runtime\Cache\Home\2a94b8bda04ff446dcedd42276fc99ee.php 第 156 行.
NOTIC: [8] Undefined index: p C:\xampp\htdocs\aiston\Application\Runtime\Cache\Home\2a94b8bda04ff446dcedd42276fc99ee.php 第 163 行.
NOTIC: [8] Undefined index: p C:\xampp\htdocs\aiston\Application\Runtime\Cache\Home\2a94b8bda04ff446dcedd42276fc99ee.php 第 163 行.
INFO: Run Behavior\ParseTemplateBehavior [ RunTime:0.014866s ]
INFO: [ view_parse ] --END-- [ RunTime:0.014931s ]
INFO: [ view_filter ] --START--
INFO: Run Behavior\WriteHtmlCacheBehavior [ RunTime:0.000673s ]
INFO: [ view_filter ] --END-- [ RunTime:0.000723s ]
INFO: [ app_end ] --START--
INFO: Run Behavior\ShowPageTraceBehavior [ RunTime:0.002046s ]
INFO: [ app_end ] --END-- [ RunTime:0.002160s ]

[ 2016-05-04T15:55:51+08:00 ] ::1 /index.php/Home/Branch/index
INFO: [ app_init ] --START--
INFO: Run Behavior\BuildLiteBehavior [ RunTime:0.000016s ]
INFO: [ app_init ] --END-- [ RunTime:0.000461s ]
INFO: [ app_begin ] --START--
INFO: Run Behavior\ReadHtmlCacheBehavior [ RunTime:0.000738s ]
INFO: [ app_begin ] --END-- [ RunTime:0.000799s ]
SQL: SHOW COLUMNS FROM `ast_banner` [ RunTime:0.0038s ]
SQL: SELECT * FROM `ast_banner`  [ RunTime:0.0003s ]
SQL: SHOW COLUMNS FROM `ast_link` [ RunTime:0.0035s ]
SQL: SELECT * FROM `ast_link`  [ RunTime:0.0004s ]
SQL: SHOW COLUMNS FROM `ast_words_link` [ RunTime:0.0041s ]
SQL: SELECT * FROM `ast_words_link`  [ RunTime:0.0005s ]
INFO: [ view_parse ] --START--
INFO: [ template_filter ] --START--
INFO: Run Behavior\ContentReplaceBehavior [ RunTime:0.000146s ]
INFO: [ template_filter ] --END-- [ RunTime:0.000225s ]
INFO: Run Behavior\ParseTemplateBehavior [ RunTime:0.013597s ]
INFO: [ view_parse ] --END-- [ RunTime:0.013689s ]
INFO: [ view_filter ] --START--
INFO: Run Behavior\WriteHtmlCacheBehavior [ RunTime:0.000503s ]
INFO: [ view_filter ] --END-- [ RunTime:0.000553s ]
INFO: [ app_end ] --START--
INFO: Run Behavior\ShowPageTraceBehavior [ RunTime:0.001462s ]
INFO: [ app_end ] --END-- [ RunTime:0.001575s ]

[ 2016-05-04T15:58:01+08:00 ] ::1 /index.php/Home/Branch/index
INFO: [ app_init ] --START--
INFO: Run Behavior\BuildLiteBehavior [ RunTime:0.000016s ]
INFO: [ app_init ] --END-- [ RunTime:0.000571s ]
INFO: [ app_begin ] --START--
INFO: Run Behavior\ReadHtmlCacheBehavior [ RunTime:0.000997s ]
INFO: [ app_begin ] --END-- [ RunTime:0.001063s ]
SQL: SHOW COLUMNS FROM `ast_banner` [ RunTime:0.0040s ]
SQL: SELECT * FROM `ast_banner`  [ RunTime:0.0004s ]
SQL: SHOW COLUMNS FROM `ast_link` [ RunTime:0.0039s ]
SQL: SELECT * FROM `ast_link`  [ RunTime:0.0004s ]
SQL: SHOW COLUMNS FROM `ast_words_link` [ RunTime:0.0048s ]
SQL: SELECT * FROM `ast_words_link`  [ RunTime:0.0005s ]
INFO: [ view_parse ] --START--
INFO: [ template_filter ] --START--
INFO: Run Behavior\ContentReplaceBehavior [ RunTime:0.000127s ]
INFO: [ template_filter ] --END-- [ RunTime:0.000190s ]
INFO: Run Behavior\ParseTemplateBehavior [ RunTime:0.014996s ]
INFO: [ view_parse ] --END-- [ RunTime:0.015125s ]
INFO: [ view_filter ] --START--
INFO: Run Behavior\WriteHtmlCacheBehavior [ RunTime:0.000801s ]
INFO: [ view_filter ] --END-- [ RunTime:0.000858s ]
INFO: [ app_end ] --START--
INFO: Run Behavior\ShowPageTraceBehavior [ RunTime:0.001684s ]
INFO: [ app_end ] --END-- [ RunTime:0.001777s ]

[ 2016-05-04T15:58:08+08:00 ] ::1 /index.php/Home/Branch/index
INFO: [ app_init ] --START--
INFO: Run Behavior\BuildLiteBehavior [ RunTime:0.000022s ]
INFO: [ app_init ] --END-- [ RunTime:0.000730s ]
INFO: [ app_begin ] --START--
INFO: Run Behavior\ReadHtmlCacheBehavior [ RunTime:0.002500s ]
INFO: [ app_begin ] --END-- [ RunTime:0.002637s ]
SQL: SHOW COLUMNS FROM `ast_banner` [ RunTime:0.0056s ]
SQL: SELECT * FROM `ast_banner`  [ RunTime:0.0004s ]
SQL: SHOW COLUMNS FROM `ast_link` [ RunTime:0.0068s ]
SQL: SELECT * FROM `ast_link`  [ RunTime:0.0004s ]
SQL: SHOW COLUMNS FROM `ast_words_link` [ RunTime:0.0056s ]
SQL: SELECT * FROM `ast_words_link`  [ RunTime:0.0006s ]
INFO: [ view_parse ] --START--
INFO: [ template_filter ] --START--
INFO: Run Behavior\ContentReplaceBehavior [ RunTime:0.000208s ]
INFO: [ template_filter ] --END-- [ RunTime:0.000315s ]
INFO: Run Behavior\ParseTemplateBehavior [ RunTime:0.024845s ]
INFO: [ view_parse ] --END-- [ RunTime:0.024988s ]
INFO: [ view_filter ] --START--
INFO: Run Behavior\WriteHtmlCacheBehavior [ RunTime:0.001291s ]
INFO: [ view_filter ] --END-- [ RunTime:0.001491s ]
INFO: [ app_end ] --START--
INFO: Run Behavior\ShowPageTraceBehavior [ RunTime:0.003779s ]
INFO: [ app_end ] --END-- [ RunTime:0.003907s ]

[ 2016-05-04T15:58:34+08:00 ] ::1 /index.php/Home/Branch/index
INFO: [ app_init ] --START--
INFO: Run Behavior\BuildLiteBehavior [ RunTime:0.000019s ]
INFO: [ app_init ] --END-- [ RunTime:0.000675s ]
INFO: [ app_begin ] --START--
INFO: Run Behavior\ReadHtmlCacheBehavior [ RunTime:0.001151s ]
INFO: [ app_begin ] --END-- [ RunTime:0.001232s ]
SQL: SHOW COLUMNS FROM `ast_banner` [ RunTime:0.0042s ]
SQL: SELECT * FROM `ast_banner`  [ RunTime:0.0004s ]
SQL: SHOW COLUMNS FROM `ast_link` [ RunTime:0.0041s ]
SQL: SELECT * FROM `ast_link`  [ RunTime:0.0004s ]
SQL: SHOW COLUMNS FROM `ast_words_link` [ RunTime:0.0041s ]
SQL: SELECT * FROM `ast_words_link`  [ RunTime:0.0004s ]
INFO: [ view_parse ] --START--
INFO: [ template_filter ] --START--
INFO: Run Behavior\ContentReplaceBehavior [ RunTime:0.000191s ]
INFO: [ template_filter ] --END-- [ RunTime:0.000258s ]
INFO: Run Behavior\ParseTemplateBehavior [ RunTime:0.015172s ]
INFO: [ view_parse ] --END-- [ RunTime:0.015320s ]
INFO: [ view_filter ] --START--
INFO: Run Behavior\WriteHtmlCacheBehavior [ RunTime:0.000701s ]
INFO: [ view_filter ] --END-- [ RunTime:0.000764s ]
INFO: [ app_end ] --START--
INFO: Run Behavior\ShowPageTraceBehavior [ RunTime:0.001570s ]
INFO: [ app_end ] --END-- [ RunTime:0.001669s ]

[ 2016-05-04T16:43:12+08:00 ] ::1 /index.php/Home/Walkto/index
INFO: [ app_init ] --START--
INFO: Run Behavior\BuildLiteBehavior [ RunTime:0.000019s ]
INFO: [ app_init ] --END-- [ RunTime:0.000572s ]
INFO: [ app_begin ] --START--
INFO: Run Behavior\ReadHtmlCacheBehavior [ RunTime:0.001591s ]
INFO: [ app_begin ] --END-- [ RunTime:0.001763s ]
SQL: SHOW COLUMNS FROM `ast_banner` [ RunTime:0.0047s ]
SQL: SELECT * FROM `ast_banner`  [ RunTime:0.0004s ]
SQL: SHOW COLUMNS FROM `ast_link` [ RunTime:0.0037s ]
SQL: SELECT * FROM `ast_link`  [ RunTime:0.0003s ]
SQL: SHOW COLUMNS FROM `ast_about` [ RunTime:0.0042s ]
SQL: SELECT * FROM `ast_about`  [ RunTime:0.0005s ]
SQL: SELECT * FROM `ast_about` WHERE `ast_aid` = 1  [ RunTime:0.0003s ]
INFO: [ view_parse ] --START--
INFO: [ template_filter ] --START--
INFO: Run Behavior\ContentReplaceBehavior [ RunTime:0.000114s ]
INFO: [ template_filter ] --END-- [ RunTime:0.000177s ]
INFO: Run Behavior\ParseTemplateBehavior [ RunTime:0.013224s ]
INFO: [ view_parse ] --END-- [ RunTime:0.013334s ]
INFO: [ view_filter ] --START--
INFO: Run Behavior\WriteHtmlCacheBehavior [ RunTime:0.000716s ]
INFO: [ view_filter ] --END-- [ RunTime:0.000769s ]
INFO: [ app_end ] --START--
INFO: Run Behavior\ShowPageTraceBehavior [ RunTime:0.001314s ]
INFO: [ app_end ] --END-- [ RunTime:0.001419s ]

[ 2016-05-04T16:43:14+08:00 ] ::1 /index.php/Home/Branch/index
INFO: [ app_init ] --START--
INFO: Run Behavior\BuildLiteBehavior [ RunTime:0.000018s ]
INFO: [ app_init ] --END-- [ RunTime:0.000501s ]
INFO: [ app_begin ] --START--
INFO: Run Behavior\ReadHtmlCacheBehavior [ RunTime:0.001532s ]
INFO: [ app_begin ] --END-- [ RunTime:0.001626s ]
SQL: SHOW COLUMNS FROM `ast_banner` [ RunTime:0.0047s ]
SQL: SELECT * FROM `ast_banner`  [ RunTime:0.0004s ]
SQL: SHOW COLUMNS FROM `ast_link` [ RunTime:0.0037s ]
SQL: SELECT * FROM `ast_link`  [ RunTime:0.0003s ]
SQL: SHOW COLUMNS FROM `ast_words_link` [ RunTime:0.0045s ]
SQL: SELECT * FROM `ast_words_link`  [ RunTime:0.0004s ]
INFO: [ view_parse ] --START--
INFO: [ template_filter ] --START--
INFO: Run Behavior\ContentReplaceBehavior [ RunTime:0.000113s ]
INFO: [ template_filter ] --END-- [ RunTime:0.000177s ]
INFO: Run Behavior\ParseTemplateBehavior [ RunTime:0.013420s ]
INFO: [ view_parse ] --END-- [ RunTime:0.013606s ]
INFO: [ view_filter ] --START--
INFO: Run Behavior\WriteHtmlCacheBehavior [ RunTime:0.000649s ]
INFO: [ view_filter ] --END-- [ RunTime:0.000726s ]
INFO: [ app_end ] --START--
INFO: Run Behavior\ShowPageTraceBehavior [ RunTime:0.001565s ]
INFO: [ app_end ] --END-- [ RunTime:0.001698s ]

[ 2016-05-04T16:43:20+08:00 ] ::1 /index.php/Home/Branch/index
INFO: [ app_init ] --START--
INFO: Run Behavior\BuildLiteBehavior [ RunTime:0.000020s ]
INFO: [ app_init ] --END-- [ RunTime:0.000569s ]
INFO: [ app_begin ] --START--
INFO: Run Behavior\ReadHtmlCacheBehavior [ RunTime:0.001037s ]
INFO: [ app_begin ] --END-- [ RunTime:0.001106s ]
SQL: SHOW COLUMNS FROM `ast_banner` [ RunTime:0.0066s ]
SQL: SELECT * FROM `ast_banner`  [ RunTime:0.0007s ]
SQL: SHOW COLUMNS FROM `ast_link` [ RunTime:0.0059s ]
SQL: SELECT * FROM `ast_link`  [ RunTime:0.0004s ]
SQL: SHOW COLUMNS FROM `ast_words_link` [ RunTime:0.0076s ]
SQL: SELECT * FROM `ast_words_link`  [ RunTime:0.0004s ]
INFO: [ view_parse ] --START--
INFO: [ template_filter ] --START--
INFO: Run Behavior\ContentReplaceBehavior [ RunTime:0.000210s ]
INFO: [ template_filter ] --END-- [ RunTime:0.000326s ]
INFO: Run Behavior\ParseTemplateBehavior [ RunTime:0.015104s ]
INFO: [ view_parse ] --END-- [ RunTime:0.015199s ]
INFO: [ view_filter ] --START--
INFO: Run Behavior\WriteHtmlCacheBehavior [ RunTime:0.000646s ]
INFO: [ view_filter ] --END-- [ RunTime:0.000700s ]
INFO: [ app_end ] --START--
INFO: Run Behavior\ShowPageTraceBehavior [ RunTime:0.001273s ]
INFO: [ app_end ] --END-- [ RunTime:0.001346s ]

[ 2016-05-04T16:46:03+08:00 ] ::1 /index.php/Home/Branch/index
INFO: [ app_init ] --START--
INFO: Run Behavior\BuildLiteBehavior [ RunTime:0.000018s ]
INFO: [ app_init ] --END-- [ RunTime:0.000559s ]
INFO: [ app_begin ] --START--
INFO: Run Behavior\ReadHtmlCacheBehavior [ RunTime:0.001060s ]
INFO: [ app_begin ] --END-- [ RunTime:0.001147s ]
SQL: SHOW COLUMNS FROM `ast_banner` [ RunTime:0.0039s ]
SQL: SELECT * FROM `ast_banner`  [ RunTime:0.0004s ]
SQL: SHOW COLUMNS FROM `ast_link` [ RunTime:0.0037s ]
SQL: SELECT * FROM `ast_link`  [ RunTime:0.0004s ]
SQL: SHOW COLUMNS FROM `ast_words_link` [ RunTime:0.0051s ]
SQL: SELECT * FROM `ast_words_link`  [ RunTime:0.0004s ]
INFO: [ view_parse ] --START--
INFO: [ template_filter ] --START--
INFO: Run Behavior\ContentReplaceBehavior [ RunTime:0.000128s ]
INFO: [ template_filter ] --END-- [ RunTime:0.000198s ]
INFO: Run Behavior\ParseTemplateBehavior [ RunTime:0.013878s ]
INFO: [ view_parse ] --END-- [ RunTime:0.013980s ]
INFO: [ view_filter ] --START--
INFO: Run Behavior\WriteHtmlCacheBehavior [ RunTime:0.000948s ]
INFO: [ view_filter ] --END-- [ RunTime:0.001027s ]
INFO: [ app_end ] --START--
INFO: Run Behavior\ShowPageTraceBehavior [ RunTime:0.001481s ]
INFO: [ app_end ] --END-- [ RunTime:0.001583s ]

[ 2016-05-04T16:46:03+08:00 ] ::1 /index.php/Home/Branch/index
INFO: [ app_init ] --START--
INFO: Run Behavior\BuildLiteBehavior [ RunTime:0.000016s ]
INFO: [ app_init ] --END-- [ RunTime:0.000562s ]
INFO: [ app_begin ] --START--
INFO: Run Behavior\ReadHtmlCacheBehavior [ RunTime:0.001243s ]
INFO: [ app_begin ] --END-- [ RunTime:0.001334s ]
SQL: SHOW COLUMNS FROM `ast_banner` [ RunTime:0.0042s ]
SQL: SELECT * FROM `ast_banner`  [ RunTime:0.0004s ]
SQL: SHOW COLUMNS FROM `ast_link` [ RunTime:0.0040s ]
SQL: SELECT * FROM `ast_link`  [ RunTime:0.0004s ]
SQL: SHOW COLUMNS FROM `ast_words_link` [ RunTime:0.0042s ]
SQL: SELECT * FROM `ast_words_link`  [ RunTime:0.0004s ]
INFO: [ view_parse ] --START--
INFO: [ template_filter ] --START--
INFO: Run Behavior\ContentReplaceBehavior [ RunTime:0.000116s ]
INFO: [ template_filter ] --END-- [ RunTime:0.000182s ]
INFO: Run Behavior\ParseTemplateBehavior [ RunTime:0.015070s ]
INFO: [ view_parse ] --END-- [ RunTime:0.015154s ]
INFO: [ view_filter ] --START--
INFO: Run Behavior\WriteHtmlCacheBehavior [ RunTime:0.000688s ]
INFO: [ view_filter ] --END-- [ RunTime:0.000740s ]
INFO: [ app_end ] --START--
INFO: Run Behavior\ShowPageTraceBehavior [ RunTime:0.001339s ]
INFO: [ app_end ] --END-- [ RunTime:0.001423s ]

[ 2016-05-04T16:50:43+08:00 ] ::1 /index.php/Home/Branch/index
INFO: [ app_init ] --START--
INFO: Run Behavior\BuildLiteBehavior [ RunTime:0.000017s ]
INFO: [ app_init ] --END-- [ RunTime:0.000557s ]
INFO: [ app_begin ] --START--
INFO: Run Behavior\ReadHtmlCacheBehavior [ RunTime:0.000991s ]
INFO: [ app_begin ] --END-- [ RunTime:0.001054s ]
SQL: SHOW COLUMNS FROM `ast_banner` [ RunTime:0.0040s ]
SQL: SELECT * FROM `ast_banner`  [ RunTime:0.0005s ]
SQL: SHOW COLUMNS FROM `ast_link` [ RunTime:0.0050s ]
SQL: SELECT * FROM `ast_link`  [ RunTime:0.0005s ]
SQL: SHOW COLUMNS FROM `ast_words_link` [ RunTime:0.0042s ]
SQL: SELECT * FROM `ast_words_link`  [ RunTime:0.0004s ]
INFO: [ view_parse ] --START--
INFO: [ template_filter ] --START--
INFO: Run Behavior\ContentReplaceBehavior [ RunTime:0.000136s ]
INFO: [ template_filter ] --END-- [ RunTime:0.000225s ]
INFO: Run Behavior\ParseTemplateBehavior [ RunTime:0.015003s ]
INFO: [ view_parse ] --END-- [ RunTime:0.015138s ]
INFO: [ view_filter ] --START--
INFO: Run Behavior\WriteHtmlCacheBehavior [ RunTime:0.000684s ]
INFO: [ view_filter ] --END-- [ RunTime:0.000736s ]
INFO: [ app_end ] --START--
INFO: Run Behavior\ShowPageTraceBehavior [ RunTime:0.001718s ]
INFO: [ app_end ] --END-- [ RunTime:0.001822s ]

[ 2016-05-04T17:04:27+08:00 ] ::1 /index.php/Home/Index
INFO: [ app_init ] --START--
INFO: Run Behavior\BuildLiteBehavior [ RunTime:0.000016s ]
INFO: [ app_init ] --END-- [ RunTime:0.000576s ]
INFO: [ app_begin ] --START--
INFO: Run Behavior\ReadHtmlCacheBehavior [ RunTime:0.001006s ]
INFO: [ app_begin ] --END-- [ RunTime:0.001077s ]
SQL: SHOW COLUMNS FROM `ast_banner` [ RunTime:0.0042s ]
SQL: SELECT * FROM `ast_banner`  [ RunTime:0.0005s ]
SQL: SHOW COLUMNS FROM `ast_link` [ RunTime:0.0039s ]
SQL: SELECT * FROM `ast_link`  [ RunTime:0.0004s ]
SQL: SHOW COLUMNS FROM `ast_company` [ RunTime:0.0040s ]
SQL: SHOW COLUMNS FROM `ast_article` [ RunTime:0.0048s ]
SQL: SHOW COLUMNS FROM `ast_product` [ RunTime:0.0048s ]
SQL: SHOW COLUMNS FROM `ast_procate` [ RunTime:0.0040s ]
SQL: SELECT * FROM `ast_procate` LIMIT 3   [ RunTime:0.0003s ]
SQL: SELECT * FROM `ast_article`  [ RunTime:0.0004s ]
SQL: SELECT * FROM `ast_company`  [ RunTime:0.0002s ]
SQL: SELECT * FROM `ast_article` LIMIT 0,4   [ RunTime:0.0004s ]
INFO: [ view_parse ] --START--
INFO: [ template_filter ] --START--
INFO: Run Behavior\ContentReplaceBehavior [ RunTime:0.000160s ]
INFO: [ template_filter ] --END-- [ RunTime:0.000224s ]
NOTIC: [8] Undefined index: p C:\xampp\htdocs\aiston\Application\Runtime\Cache\Home\2a94b8bda04ff446dcedd42276fc99ee.php 第 156 行.
NOTIC: [8] Undefined index: p C:\xampp\htdocs\aiston\Application\Runtime\Cache\Home\2a94b8bda04ff446dcedd42276fc99ee.php 第 163 行.
NOTIC: [8] Undefined index: p C:\xampp\htdocs\aiston\Application\Runtime\Cache\Home\2a94b8bda04ff446dcedd42276fc99ee.php 第 163 行.
INFO: Run Behavior\ParseTemplateBehavior [ RunTime:0.016364s ]
INFO: [ view_parse ] --END-- [ RunTime:0.016429s ]
INFO: [ view_filter ] --START--
INFO: Run Behavior\WriteHtmlCacheBehavior [ RunTime:0.000776s ]
INFO: [ view_filter ] --END-- [ RunTime:0.000833s ]
INFO: [ app_end ] --START--
INFO: Run Behavior\ShowPageTraceBehavior [ RunTime:0.002064s ]
INFO: [ app_end ] --END-- [ RunTime:0.002179s ]

[ 2016-05-04T17:04:29+08:00 ] ::1 /index.php/Home/Branch/index
INFO: [ app_init ] --START--
INFO: Run Behavior\BuildLiteBehavior [ RunTime:0.000021s ]
INFO: [ app_init ] --END-- [ RunTime:0.000592s ]
INFO: [ app_begin ] --START--
INFO: Run Behavior\ReadHtmlCacheBehavior [ RunTime:0.001189s ]
INFO: [ app_begin ] --END-- [ RunTime:0.001274s ]
SQL: SHOW COLUMNS FROM `ast_banner` [ RunTime:0.0040s ]
SQL: SELECT * FROM `ast_banner`  [ RunTime:0.0004s ]
SQL: SHOW COLUMNS FROM `ast_link` [ RunTime:0.0037s ]
SQL: SELECT * FROM `ast_link`  [ RunTime:0.0003s ]
SQL: SHOW COLUMNS FROM `ast_words_link` [ RunTime:0.0057s ]
SQL: SELECT * FROM `ast_words_link`  [ RunTime:0.0008s ]
INFO: [ view_parse ] --START--
INFO: [ template_filter ] --START--
INFO: Run Behavior\ContentReplaceBehavior [ RunTime:0.000133s ]
INFO: [ template_filter ] --END-- [ RunTime:0.000210s ]
INFO: Run Behavior\ParseTemplateBehavior [ RunTime:0.013687s ]
INFO: [ view_parse ] --END-- [ RunTime:0.013833s ]
INFO: [ view_filter ] --START--
INFO: Run Behavior\WriteHtmlCacheBehavior [ RunTime:0.000508s ]
INFO: [ view_filter ] --END-- [ RunTime:0.000558s ]
INFO: [ app_end ] --START--
INFO: Run Behavior\ShowPageTraceBehavior [ RunTime:0.001314s ]
INFO: [ app_end ] --END-- [ RunTime:0.001432s ]

[ 2016-05-04T17:07:58+08:00 ] ::1 /index.php/Home/Index
INFO: [ app_init ] --START--
INFO: Run Behavior\BuildLiteBehavior [ RunTime:0.000018s ]
INFO: [ app_init ] --END-- [ RunTime:0.000612s ]
INFO: [ app_begin ] --START--
INFO: Run Behavior\ReadHtmlCacheBehavior [ RunTime:0.001161s ]
INFO: [ app_begin ] --END-- [ RunTime:0.001229s ]
SQL: SHOW COLUMNS FROM `ast_banner` [ RunTime:0.0040s ]
SQL: SELECT * FROM `ast_banner`  [ RunTime:0.0004s ]
SQL: SHOW COLUMNS FROM `ast_link` [ RunTime:0.0038s ]
SQL: SELECT * FROM `ast_link`  [ RunTime:0.0003s ]
SQL: SHOW COLUMNS FROM `ast_company` [ RunTime:0.0042s ]
SQL: SHOW COLUMNS FROM `ast_article` [ RunTime:0.0057s ]
SQL: SHOW COLUMNS FROM `ast_product` [ RunTime:0.0048s ]
SQL: SHOW COLUMNS FROM `ast_procate` [ RunTime:0.0039s ]
SQL: SELECT * FROM `ast_procate` LIMIT 3   [ RunTime:0.0003s ]
SQL: SELECT * FROM `ast_article`  [ RunTime:0.0004s ]
SQL: SELECT * FROM `ast_company`  [ RunTime:0.0002s ]
SQL: SELECT * FROM `ast_article` LIMIT 0,4   [ RunTime:0.0003s ]
INFO: [ view_parse ] --START--
INFO: [ template_filter ] --START--
INFO: Run Behavior\ContentReplaceBehavior [ RunTime:0.000170s ]
INFO: [ template_filter ] --END-- [ RunTime:0.000233s ]
NOTIC: [8] Undefined index: p C:\xampp\htdocs\aiston\Application\Runtime\Cache\Home\2a94b8bda04ff446dcedd42276fc99ee.php 第 156 行.
NOTIC: [8] Undefined index: p C:\xampp\htdocs\aiston\Application\Runtime\Cache\Home\2a94b8bda04ff446dcedd42276fc99ee.php 第 163 行.
NOTIC: [8] Undefined index: p C:\xampp\htdocs\aiston\Application\Runtime\Cache\Home\2a94b8bda04ff446dcedd42276fc99ee.php 第 163 行.
INFO: Run Behavior\ParseTemplateBehavior [ RunTime:0.016700s ]
INFO: [ view_parse ] --END-- [ RunTime:0.016785s ]
INFO: [ view_filter ] --START--
INFO: Run Behavior\WriteHtmlCacheBehavior [ RunTime:0.000802s ]
INFO: [ view_filter ] --END-- [ RunTime:0.000857s ]
INFO: [ app_end ] --START--
INFO: Run Behavior\ShowPageTraceBehavior [ RunTime:0.002002s ]
INFO: [ app_end ] --END-- [ RunTime:0.002129s ]

[ 2016-05-04T17:08:03+08:00 ] ::1 /index.php/Home/Branch/index
INFO: [ app_init ] --START--
INFO: Run Behavior\BuildLiteBehavior [ RunTime:0.000016s ]
INFO: [ app_init ] --END-- [ RunTime:0.000461s ]
INFO: [ app_begin ] --START--
INFO: Run Behavior\ReadHtmlCacheBehavior [ RunTime:0.000959s ]
INFO: [ app_begin ] --END-- [ RunTime:0.001060s ]
SQL: SHOW COLUMNS FROM `ast_banner` [ RunTime:0.0047s ]
SQL: SELECT * FROM `ast_banner`  [ RunTime:0.0004s ]
SQL: SHOW COLUMNS FROM `ast_link` [ RunTime:0.0038s ]
SQL: SELECT * FROM `ast_link`  [ RunTime:0.0003s ]
SQL: SHOW COLUMNS FROM `ast_words_link` [ RunTime:0.0037s ]
SQL: SELECT * FROM `ast_words_link`  [ RunTime:0.0004s ]
INFO: [ view_parse ] --START--
INFO: [ template_filter ] --START--
INFO: Run Behavior\ContentReplaceBehavior [ RunTime:0.000162s ]
INFO: [ template_filter ] --END-- [ RunTime:0.000257s ]
INFO: Run Behavior\ParseTemplateBehavior [ RunTime:0.015899s ]
INFO: [ view_parse ] --END-- [ RunTime:0.015986s ]
INFO: [ view_filter ] --START--
INFO: Run Behavior\WriteHtmlCacheBehavior [ RunTime:0.000496s ]
INFO: [ view_filter ] --END-- [ RunTime:0.000546s ]
INFO: [ app_end ] --START--
INFO: Run Behavior\ShowPageTraceBehavior [ RunTime:0.001503s ]
INFO: [ app_end ] --END-- [ RunTime:0.001610s ]

[ 2016-05-04T17:08:03+08:00 ] ::1 /index.php/Home/Branch/index
INFO: [ app_init ] --START--
INFO: Run Behavior\BuildLiteBehavior [ RunTime:0.000017s ]
INFO: [ app_init ] --END-- [ RunTime:0.000531s ]
INFO: [ app_begin ] --START--
INFO: Run Behavior\ReadHtmlCacheBehavior [ RunTime:0.000785s ]
INFO: [ app_begin ] --END-- [ RunTime:0.000865s ]
SQL: SHOW COLUMNS FROM `ast_banner` [ RunTime:0.0042s ]
SQL: SELECT * FROM `ast_banner`  [ RunTime:0.0004s ]
SQL: SHOW COLUMNS FROM `ast_link` [ RunTime:0.0037s ]
SQL: SELECT * FROM `ast_link`  [ RunTime:0.0003s ]
SQL: SHOW COLUMNS FROM `ast_words_link` [ RunTime:0.0045s ]
SQL: SELECT * FROM `ast_words_link`  [ RunTime:0.0004s ]
INFO: [ view_parse ] --START--
INFO: [ template_filter ] --START--
INFO: Run Behavior\ContentReplaceBehavior [ RunTime:0.000140s ]
INFO: [ template_filter ] --END-- [ RunTime:0.000232s ]
INFO: Run Behavior\ParseTemplateBehavior [ RunTime:0.016262s ]
INFO: [ view_parse ] --END-- [ RunTime:0.016408s ]
INFO: [ view_filter ] --START--
INFO: Run Behavior\WriteHtmlCacheBehavior [ RunTime:0.000505s ]
INFO: [ view_filter ] --END-- [ RunTime:0.000556s ]
INFO: [ app_end ] --START--
INFO: Run Behavior\ShowPageTraceBehavior [ RunTime:0.001505s ]
INFO: [ app_end ] --END-- [ RunTime:0.001607s ]

[ 2016-05-04T17:08:16+08:00 ] ::1 /index.php/Home/Branch/index
INFO: [ app_init ] --START--
INFO: Run Behavior\BuildLiteBehavior [ RunTime:0.000017s ]
INFO: [ app_init ] --END-- [ RunTime:0.000621s ]
INFO: [ app_begin ] --START--
INFO: Run Behavior\ReadHtmlCacheBehavior [ RunTime:0.001040s ]
INFO: [ app_begin ] --END-- [ RunTime:0.001118s ]
SQL: SHOW COLUMNS FROM `ast_banner` [ RunTime:0.0038s ]
SQL: SELECT * FROM `ast_banner`  [ RunTime:0.0004s ]
SQL: SHOW COLUMNS FROM `ast_link` [ RunTime:0.0038s ]
SQL: SELECT * FROM `ast_link`  [ RunTime:0.0004s ]
SQL: SHOW COLUMNS FROM `ast_words_link` [ RunTime:0.0042s ]
SQL: SELECT * FROM `ast_words_link`  [ RunTime:0.0004s ]
INFO: [ view_parse ] --START--
INFO: [ template_filter ] --START--
INFO: Run Behavior\ContentReplaceBehavior [ RunTime:0.000128s ]
INFO: [ template_filter ] --END-- [ RunTime:0.000198s ]
INFO: Run Behavior\ParseTemplateBehavior [ RunTime:0.015814s ]
INFO: [ view_parse ] --END-- [ RunTime:0.015929s ]
INFO: [ view_filter ] --START--
INFO: Run Behavior\WriteHtmlCacheBehavior [ RunTime:0.000707s ]
INFO: [ view_filter ] --END-- [ RunTime:0.000758s ]
INFO: [ app_end ] --START--
INFO: Run Behavior\ShowPageTraceBehavior [ RunTime:0.001237s ]
INFO: [ app_end ] --END-- [ RunTime:0.001322s ]

