[ 2016-03-11T09:11:43+08:00 ] ::1 /
INFO: [ app_init ] --START--
INFO: Run Behavior\BuildLiteBehavior [ RunTime:0.000017s ]
INFO: [ app_init ] --END-- [ RunTime:0.000666s ]
INFO: [ app_begin ] --START--
INFO: Run Behavior\ReadHtmlCacheBehavior [ RunTime:0.001379s ]
INFO: [ app_begin ] --END-- [ RunTime:0.001447s ]
SQL: SHOW COLUMNS FROM `ast_banner` [ RunTime:0.0137s ]
SQL: SELECT * FROM `ast_banner`  [ RunTime:0.0009s ]
SQL: SHOW COLUMNS FROM `ast_link` [ RunTime:0.0076s ]
SQL: SELECT * FROM `ast_link`  [ RunTime:0.0004s ]
SQL: SHOW COLUMNS FROM `ast_company` [ RunTime:0.0250s ]
SQL: SHOW COLUMNS FROM `ast_article` [ RunTime:0.0063s ]
SQL: SHOW COLUMNS FROM `ast_product` [ RunTime:0.0063s ]
SQL: SHOW COLUMNS FROM `ast_procate` [ RunTime:0.0067s ]
SQL: SELECT * FROM `ast_procate` LIMIT 3   [ RunTime:0.0003s ]
SQL: SELECT * FROM `ast_article`  [ RunTime:0.0006s ]
SQL: SELECT * FROM `ast_company`  [ RunTime:0.0005s ]
SQL: SELECT * FROM `ast_article` LIMIT 0,4   [ RunTime:0.0007s ]
INFO: [ view_parse ] --START--
INFO: [ template_filter ] --START--
INFO: Run Behavior\ContentReplaceBehavior [ RunTime:0.000166s ]
INFO: [ template_filter ] --END-- [ RunTime:0.000232s ]
NOTIC: [8] Undefined index: p C:\xampp\htdocs\aiston\Application\Runtime\Cache\Home\2a94b8bda04ff446dcedd42276fc99ee.php 第 154 行.
NOTIC: [8] Undefined index: p C:\xampp\htdocs\aiston\Application\Runtime\Cache\Home\2a94b8bda04ff446dcedd42276fc99ee.php 第 161 行.
NOTIC: [8] Undefined index: p C:\xampp\htdocs\aiston\Application\Runtime\Cache\Home\2a94b8bda04ff446dcedd42276fc99ee.php 第 161 行.
INFO: Run Behavior\ParseTemplateBehavior [ RunTime:0.020167s ]
INFO: [ view_parse ] --END-- [ RunTime:0.020260s ]
INFO: [ view_filter ] --START--
INFO: Run Behavior\WriteHtmlCacheBehavior [ RunTime:0.000690s ]
INFO: [ view_filter ] --END-- [ RunTime:0.000741s ]
INFO: [ app_end ] --START--
INFO: Run Behavior\ShowPageTraceBehavior [ RunTime:0.002109s ]
INFO: [ app_end ] --END-- [ RunTime:0.002250s ]

[ 2016-03-11T09:15:01+08:00 ] ::1 /index.php/Home/Index/index
INFO: [ app_init ] --START--
INFO: Run Behavior\BuildLiteBehavior [ RunTime:0.000019s ]
INFO: [ app_init ] --END-- [ RunTime:0.000919s ]
INFO: [ app_begin ] --START--
INFO: Run Behavior\ReadHtmlCacheBehavior [ RunTime:0.001200s ]
INFO: [ app_begin ] --END-- [ RunTime:0.001329s ]
SQL: SHOW COLUMNS FROM `ast_banner` [ RunTime:0.0040s ]
SQL: SELECT * FROM `ast_banner`  [ RunTime:0.0003s ]
SQL: SHOW COLUMNS FROM `ast_link` [ RunTime:0.0044s ]
SQL: SELECT * FROM `ast_link`  [ RunTime:0.0004s ]
SQL: SHOW COLUMNS FROM `ast_company` [ RunTime:0.0040s ]
SQL: SHOW COLUMNS FROM `ast_article` [ RunTime:0.0040s ]
SQL: SHOW COLUMNS FROM `ast_product` [ RunTime:0.0037s ]
SQL: SHOW COLUMNS FROM `ast_procate` [ RunTime:0.0037s ]
SQL: SELECT * FROM `ast_procate` LIMIT 3   [ RunTime:0.0003s ]
SQL: SELECT * FROM `ast_article`  [ RunTime:0.0004s ]
SQL: SELECT * FROM `ast_company`  [ RunTime:0.0002s ]
SQL: SELECT * FROM `ast_article` LIMIT 0,4   [ RunTime:0.0004s ]
INFO: [ view_parse ] --START--
INFO: [ template_filter ] --START--
INFO: Run Behavior\ContentReplaceBehavior [ RunTime:0.000171s ]
INFO: [ template_filter ] --END-- [ RunTime:0.000239s ]
NOTIC: [8] Undefined index: p C:\xampp\htdocs\aiston\Application\Runtime\Cache\Home\2a94b8bda04ff446dcedd42276fc99ee.php 第 154 行.
NOTIC: [8] Undefined index: p C:\xampp\htdocs\aiston\Application\Runtime\Cache\Home\2a94b8bda04ff446dcedd42276fc99ee.php 第 161 行.
NOTIC: [8] Undefined index: p C:\xampp\htdocs\aiston\Application\Runtime\Cache\Home\2a94b8bda04ff446dcedd42276fc99ee.php 第 161 行.
INFO: Run Behavior\ParseTemplateBehavior [ RunTime:0.015460s ]
INFO: [ view_parse ] --END-- [ RunTime:0.015520s ]
INFO: [ view_filter ] --START--
INFO: Run Behavior\WriteHtmlCacheBehavior [ RunTime:0.000691s ]
INFO: [ view_filter ] --END-- [ RunTime:0.000740s ]
INFO: [ app_end ] --START--
INFO: Run Behavior\ShowPageTraceBehavior [ RunTime:0.004221s ]
INFO: [ app_end ] --END-- [ RunTime:0.004319s ]

[ 2016-03-11T09:23:16+08:00 ] ::1 /index.php/Home/product/index
INFO: [ app_init ] --START--
INFO: Run Behavior\BuildLiteBehavior [ RunTime:0.000034s ]
INFO: [ app_init ] --END-- [ RunTime:0.000868s ]
INFO: [ app_begin ] --START--
INFO: Run Behavior\ReadHtmlCacheBehavior [ RunTime:0.001822s ]
INFO: [ app_begin ] --END-- [ RunTime:0.001902s ]
SQL: SHOW COLUMNS FROM `ast_banner` [ RunTime:0.0037s ]
SQL: SELECT * FROM `ast_banner`  [ RunTime:0.0004s ]
SQL: SHOW COLUMNS FROM `ast_link` [ RunTime:0.0045s ]
SQL: SELECT * FROM `ast_link`  [ RunTime:0.0003s ]
SQL: SHOW COLUMNS FROM `ast_procate` [ RunTime:0.0037s ]
SQL: SELECT * FROM `ast_procate`  [ RunTime:0.0004s ]
SQL: SHOW COLUMNS FROM `ast_product` [ RunTime:0.0044s ]
NOTIC: [8] Undefined index: id C:\xampp\htdocs\aiston\Application\Home\Controller\ProductController.class.php 第 16 行.
SQL: SELECT * FROM `ast_product`  [ RunTime:0.0008s ]
SQL: SELECT * FROM `ast_product` LIMIT 0,9   [ RunTime:0.0004s ]
INFO: [ view_parse ] --START--
INFO: [ template_filter ] --START--
INFO: Run Behavior\ContentReplaceBehavior [ RunTime:0.000196s ]
INFO: [ template_filter ] --END-- [ RunTime:0.000305s ]
NOTIC: [8] Undefined index: p C:\xampp\htdocs\aiston\Application\Runtime\Cache\Home\3458861da0342b1f9413030055ee3fb6.php 第 133 行.
NOTIC: [8] Undefined index: p C:\xampp\htdocs\aiston\Application\Runtime\Cache\Home\3458861da0342b1f9413030055ee3fb6.php 第 138 行.
INFO: Run Behavior\ParseTemplateBehavior [ RunTime:0.018115s ]
INFO: [ view_parse ] --END-- [ RunTime:0.018179s ]
INFO: [ view_filter ] --START--
INFO: Run Behavior\WriteHtmlCacheBehavior [ RunTime:0.001132s ]
INFO: [ view_filter ] --END-- [ RunTime:0.001184s ]
INFO: [ app_end ] --START--
INFO: Run Behavior\ShowPageTraceBehavior [ RunTime:0.002346s ]
INFO: [ app_end ] --END-- [ RunTime:0.002509s ]

[ 2016-03-11T09:23:18+08:00 ] ::1 /index.php/Home/Contact/index
INFO: [ app_init ] --START--
INFO: Run Behavior\BuildLiteBehavior [ RunTime:0.000030s ]
INFO: [ app_init ] --END-- [ RunTime:0.001014s ]
INFO: [ app_begin ] --START--
INFO: Run Behavior\ReadHtmlCacheBehavior [ RunTime:0.001224s ]
INFO: [ app_begin ] --END-- [ RunTime:0.001325s ]
SQL: SHOW COLUMNS FROM `ast_banner` [ RunTime:0.0083s ]
SQL: SELECT * FROM `ast_banner`  [ RunTime:0.0004s ]
SQL: SHOW COLUMNS FROM `ast_link` [ RunTime:0.0053s ]
SQL: SELECT * FROM `ast_link`  [ RunTime:0.0005s ]
SQL: SHOW COLUMNS FROM `ast_company` [ RunTime:0.0066s ]
SQL: SELECT * FROM `ast_company` WHERE `c_id` = 2  [ RunTime:0.0004s ]
INFO: [ view_parse ] --START--
INFO: [ template_filter ] --START--
INFO: Run Behavior\ContentReplaceBehavior [ RunTime:0.000111s ]
INFO: [ template_filter ] --END-- [ RunTime:0.000184s ]
INFO: Run Behavior\ParseTemplateBehavior [ RunTime:0.024007s ]
INFO: [ view_parse ] --END-- [ RunTime:0.024100s ]
INFO: [ view_filter ] --START--
INFO: Run Behavior\WriteHtmlCacheBehavior [ RunTime:0.001485s ]
INFO: [ view_filter ] --END-- [ RunTime:0.001540s ]
INFO: [ app_end ] --START--
INFO: Run Behavior\ShowPageTraceBehavior [ RunTime:0.001888s ]
INFO: [ app_end ] --END-- [ RunTime:0.001948s ]

[ 2016-03-11T09:24:06+08:00 ] ::1 /index.php/Home/Contact/index
INFO: [ app_init ] --START--
INFO: Run Behavior\BuildLiteBehavior [ RunTime:0.000018s ]
INFO: [ app_init ] --END-- [ RunTime:0.000601s ]
INFO: [ app_begin ] --START--
INFO: Run Behavior\ReadHtmlCacheBehavior [ RunTime:0.001782s ]
INFO: [ app_begin ] --END-- [ RunTime:0.001984s ]
SQL: SHOW COLUMNS FROM `ast_banner` [ RunTime:0.0048s ]
SQL: SELECT * FROM `ast_banner`  [ RunTime:0.0005s ]
SQL: SHOW COLUMNS FROM `ast_link` [ RunTime:0.0054s ]
SQL: SELECT * FROM `ast_link`  [ RunTime:0.0003s ]
SQL: SHOW COLUMNS FROM `ast_company` [ RunTime:0.0040s ]
SQL: SELECT * FROM `ast_company` WHERE `c_id` = 2  [ RunTime:0.0004s ]
INFO: [ view_parse ] --START--
INFO: [ template_filter ] --START--
INFO: Run Behavior\ContentReplaceBehavior [ RunTime:0.000109s ]
INFO: [ template_filter ] --END-- [ RunTime:0.000176s ]
INFO: Run Behavior\ParseTemplateBehavior [ RunTime:0.013950s ]
INFO: [ view_parse ] --END-- [ RunTime:0.014070s ]
INFO: [ view_filter ] --START--
INFO: Run Behavior\WriteHtmlCacheBehavior [ RunTime:0.001732s ]
INFO: [ view_filter ] --END-- [ RunTime:0.001826s ]
INFO: [ app_end ] --START--
INFO: Run Behavior\ShowPageTraceBehavior [ RunTime:0.001826s ]
INFO: [ app_end ] --END-- [ RunTime:0.001939s ]

[ 2016-03-11T09:26:44+08:00 ] ::1 /index.php/Home/Contact/index
INFO: [ app_init ] --START--
INFO: Run Behavior\BuildLiteBehavior [ RunTime:0.000029s ]
INFO: [ app_init ] --END-- [ RunTime:0.000889s ]
INFO: [ app_begin ] --START--
INFO: Run Behavior\ReadHtmlCacheBehavior [ RunTime:0.001458s ]
INFO: [ app_begin ] --END-- [ RunTime:0.001564s ]
SQL: SHOW COLUMNS FROM `ast_banner` [ RunTime:0.0054s ]
SQL: SELECT * FROM `ast_banner`  [ RunTime:0.0006s ]
SQL: SHOW COLUMNS FROM `ast_link` [ RunTime:0.0064s ]
SQL: SELECT * FROM `ast_link`  [ RunTime:0.0005s ]
SQL: SHOW COLUMNS FROM `ast_company` [ RunTime:0.0053s ]
SQL: SELECT * FROM `ast_company` WHERE `c_id` = 2  [ RunTime:0.0004s ]
INFO: [ view_parse ] --START--
INFO: [ template_filter ] --START--
INFO: Run Behavior\ContentReplaceBehavior [ RunTime:0.000172s ]
INFO: [ template_filter ] --END-- [ RunTime:0.000271s ]
INFO: Run Behavior\ParseTemplateBehavior [ RunTime:0.015686s ]
INFO: [ view_parse ] --END-- [ RunTime:0.015795s ]
INFO: [ view_filter ] --START--
INFO: Run Behavior\WriteHtmlCacheBehavior [ RunTime:0.002086s ]
INFO: [ view_filter ] --END-- [ RunTime:0.002176s ]
INFO: [ app_end ] --START--
INFO: Run Behavior\ShowPageTraceBehavior [ RunTime:0.001539s ]
INFO: [ app_end ] --END-- [ RunTime:0.001609s ]

[ 2016-03-11T09:31:09+08:00 ] 127.0.0.1 /index.php/Home/Index
INFO: [ app_init ] --START--
INFO: Run Behavior\BuildLiteBehavior [ RunTime:0.000025s ]
INFO: [ app_init ] --END-- [ RunTime:0.000948s ]
INFO: [ app_begin ] --START--
INFO: Run Behavior\ReadHtmlCacheBehavior [ RunTime:0.001623s ]
INFO: [ app_begin ] --END-- [ RunTime:0.001720s ]
SQL: SHOW COLUMNS FROM `ast_banner` [ RunTime:0.0054s ]
SQL: SELECT * FROM `ast_banner`  [ RunTime:0.0004s ]
SQL: SHOW COLUMNS FROM `ast_link` [ RunTime:0.0048s ]
SQL: SELECT * FROM `ast_link`  [ RunTime:0.0003s ]
SQL: SHOW COLUMNS FROM `ast_company` [ RunTime:0.0036s ]
SQL: SHOW COLUMNS FROM `ast_article` [ RunTime:0.0051s ]
SQL: SHOW COLUMNS FROM `ast_product` [ RunTime:0.0044s ]
SQL: SHOW COLUMNS FROM `ast_procate` [ RunTime:0.0046s ]
SQL: SELECT * FROM `ast_procate` LIMIT 3   [ RunTime:0.0003s ]
SQL: SELECT * FROM `ast_article`  [ RunTime:0.0004s ]
SQL: SELECT * FROM `ast_company`  [ RunTime:0.0002s ]
SQL: SELECT * FROM `ast_article` LIMIT 0,4   [ RunTime:0.0004s ]
INFO: [ view_parse ] --START--
INFO: [ template_filter ] --START--
INFO: Run Behavior\ContentReplaceBehavior [ RunTime:0.000251s ]
INFO: [ template_filter ] --END-- [ RunTime:0.000344s ]
NOTIC: [8] Undefined index: p C:\xampp\htdocs\aiston\Application\Runtime\Cache\Home\2a94b8bda04ff446dcedd42276fc99ee.php 第 154 行.
NOTIC: [8] Undefined index: p C:\xampp\htdocs\aiston\Application\Runtime\Cache\Home\2a94b8bda04ff446dcedd42276fc99ee.php 第 161 行.
NOTIC: [8] Undefined index: p C:\xampp\htdocs\aiston\Application\Runtime\Cache\Home\2a94b8bda04ff446dcedd42276fc99ee.php 第 161 行.
INFO: Run Behavior\ParseTemplateBehavior [ RunTime:0.020804s ]
INFO: [ view_parse ] --END-- [ RunTime:0.020868s ]
INFO: [ view_filter ] --START--
INFO: Run Behavior\WriteHtmlCacheBehavior [ RunTime:0.000892s ]
INFO: [ view_filter ] --END-- [ RunTime:0.000944s ]
INFO: [ app_end ] --START--
INFO: Run Behavior\ShowPageTraceBehavior [ RunTime:0.001266s ]
INFO: [ app_end ] --END-- [ RunTime:0.001346s ]

[ 2016-03-11T09:31:09+08:00 ] 127.0.0.1 /index.php/Home/Index
INFO: [ app_init ] --START--
INFO: Run Behavior\BuildLiteBehavior [ RunTime:0.000042s ]
INFO: [ app_init ] --END-- [ RunTime:0.000924s ]
INFO: [ app_begin ] --START--
INFO: Run Behavior\ReadHtmlCacheBehavior [ RunTime:0.001456s ]
INFO: [ app_begin ] --END-- [ RunTime:0.001556s ]
SQL: SHOW COLUMNS FROM `ast_banner` [ RunTime:0.0050s ]
SQL: SELECT * FROM `ast_banner`  [ RunTime:0.0005s ]
SQL: SHOW COLUMNS FROM `ast_link` [ RunTime:0.0039s ]
SQL: SELECT * FROM `ast_link`  [ RunTime:0.0003s ]
SQL: SHOW COLUMNS FROM `ast_company` [ RunTime:0.0054s ]
SQL: SHOW COLUMNS FROM `ast_article` [ RunTime:0.0050s ]
SQL: SHOW COLUMNS FROM `ast_product` [ RunTime:0.0037s ]
SQL: SHOW COLUMNS FROM `ast_procate` [ RunTime:0.0037s ]
SQL: SELECT * FROM `ast_procate` LIMIT 3   [ RunTime:0.0004s ]
SQL: SELECT * FROM `ast_article`  [ RunTime:0.0005s ]
SQL: SELECT * FROM `ast_company`  [ RunTime:0.0003s ]
SQL: SELECT * FROM `ast_article` LIMIT 0,4   [ RunTime:0.0005s ]
INFO: [ view_parse ] --START--
INFO: [ template_filter ] --START--
INFO: Run Behavior\ContentReplaceBehavior [ RunTime:0.000172s ]
INFO: [ template_filter ] --END-- [ RunTime:0.000237s ]
NOTIC: [8] Undefined index: p C:\xampp\htdocs\aiston\Application\Runtime\Cache\Home\2a94b8bda04ff446dcedd42276fc99ee.php 第 154 行.
NOTIC: [8] Undefined index: p C:\xampp\htdocs\aiston\Application\Runtime\Cache\Home\2a94b8bda04ff446dcedd42276fc99ee.php 第 161 行.
NOTIC: [8] Undefined index: p C:\xampp\htdocs\aiston\Application\Runtime\Cache\Home\2a94b8bda04ff446dcedd42276fc99ee.php 第 161 行.
INFO: Run Behavior\ParseTemplateBehavior [ RunTime:0.015771s ]
INFO: [ view_parse ] --END-- [ RunTime:0.015828s ]
INFO: [ view_filter ] --START--
INFO: Run Behavior\WriteHtmlCacheBehavior [ RunTime:0.000755s ]
INFO: [ view_filter ] --END-- [ RunTime:0.000813s ]
INFO: [ app_end ] --START--
INFO: Run Behavior\ShowPageTraceBehavior [ RunTime:0.001027s ]
INFO: [ app_end ] --END-- [ RunTime:0.001091s ]

[ 2016-03-11T09:31:32+08:00 ] 127.0.0.1 /index.php/Home/Index
INFO: [ app_init ] --START--
INFO: Run Behavior\BuildLiteBehavior [ RunTime:0.000018s ]
INFO: [ app_init ] --END-- [ RunTime:0.000579s ]
INFO: [ app_begin ] --START--
INFO: Run Behavior\ReadHtmlCacheBehavior [ RunTime:0.001371s ]
INFO: [ app_begin ] --END-- [ RunTime:0.001444s ]
SQL: SHOW COLUMNS FROM `ast_banner` [ RunTime:0.0039s ]
SQL: SELECT * FROM `ast_banner`  [ RunTime:0.0004s ]
SQL: SHOW COLUMNS FROM `ast_link` [ RunTime:0.0035s ]
SQL: SELECT * FROM `ast_link`  [ RunTime:0.0003s ]
SQL: SHOW COLUMNS FROM `ast_company` [ RunTime:0.0037s ]
SQL: SHOW COLUMNS FROM `ast_article` [ RunTime:0.0040s ]
SQL: SHOW COLUMNS FROM `ast_product` [ RunTime:0.0036s ]
SQL: SHOW COLUMNS FROM `ast_procate` [ RunTime:0.0045s ]
SQL: SELECT * FROM `ast_procate` LIMIT 3   [ RunTime:0.0004s ]
SQL: SELECT * FROM `ast_article`  [ RunTime:0.0004s ]
SQL: SELECT * FROM `ast_company`  [ RunTime:0.0003s ]
SQL: SELECT * FROM `ast_article` LIMIT 0,4   [ RunTime:0.0004s ]
INFO: [ view_parse ] --START--
INFO: [ template_filter ] --START--
INFO: Run Behavior\ContentReplaceBehavior [ RunTime:0.000157s ]
INFO: [ template_filter ] --END-- [ RunTime:0.000218s ]
NOTIC: [8] Undefined index: p C:\xampp\htdocs\aiston\Application\Runtime\Cache\Home\2a94b8bda04ff446dcedd42276fc99ee.php 第 154 行.
NOTIC: [8] Undefined index: p C:\xampp\htdocs\aiston\Application\Runtime\Cache\Home\2a94b8bda04ff446dcedd42276fc99ee.php 第 161 行.
NOTIC: [8] Undefined index: p C:\xampp\htdocs\aiston\Application\Runtime\Cache\Home\2a94b8bda04ff446dcedd42276fc99ee.php 第 161 行.
INFO: Run Behavior\ParseTemplateBehavior [ RunTime:0.017257s ]
INFO: [ view_parse ] --END-- [ RunTime:0.017320s ]
INFO: [ view_filter ] --START--
INFO: Run Behavior\WriteHtmlCacheBehavior [ RunTime:0.001172s ]
INFO: [ view_filter ] --END-- [ RunTime:0.001227s ]
INFO: [ app_end ] --START--
INFO: Run Behavior\ShowPageTraceBehavior [ RunTime:0.001456s ]
INFO: [ app_end ] --END-- [ RunTime:0.001524s ]

[ 2016-03-11T09:32:23+08:00 ] ::1 /index.php/Home/Contact/message
INFO: [ app_init ] --START--
INFO: Run Behavior\BuildLiteBehavior [ RunTime:0.000017s ]
INFO: [ app_init ] --END-- [ RunTime:0.000595s ]
INFO: [ app_begin ] --START--
INFO: Run Behavior\ReadHtmlCacheBehavior [ RunTime:0.002175s ]
INFO: [ app_begin ] --END-- [ RunTime:0.002299s ]
SQL: SHOW COLUMNS FROM `ast_banner` [ RunTime:0.0039s ]
SQL: SELECT * FROM `ast_banner`  [ RunTime:0.0004s ]
SQL: SHOW COLUMNS FROM `ast_link` [ RunTime:0.0035s ]
SQL: SELECT * FROM `ast_link`  [ RunTime:0.0004s ]
NOTIC: [8] Undefined index: content C:\xampp\htdocs\aiston\Application\Home\Controller\ContactController.class.php 第 12 行.
INFO: [ view_parse ] --START--
INFO: [ template_filter ] --START--
INFO: Run Behavior\ContentReplaceBehavior [ RunTime:0.000110s ]
INFO: [ template_filter ] --END-- [ RunTime:0.000176s ]
INFO: Run Behavior\ParseTemplateBehavior [ RunTime:0.015251s ]
INFO: [ view_parse ] --END-- [ RunTime:0.015344s ]
INFO: [ view_filter ] --START--
INFO: Run Behavior\WriteHtmlCacheBehavior [ RunTime:0.000857s ]
INFO: [ view_filter ] --END-- [ RunTime:0.000910s ]
INFO: [ app_end ] --START--
INFO: Run Behavior\ShowPageTraceBehavior [ RunTime:0.001097s ]
INFO: [ app_end ] --END-- [ RunTime:0.001153s ]

[ 2016-03-11T09:34:06+08:00 ] ::1 /index.php/Home/product/index
INFO: [ app_init ] --START--
INFO: Run Behavior\BuildLiteBehavior [ RunTime:0.000018s ]
INFO: [ app_init ] --END-- [ RunTime:0.000694s ]
INFO: [ app_begin ] --START--
INFO: Run Behavior\ReadHtmlCacheBehavior [ RunTime:0.001761s ]
INFO: [ app_begin ] --END-- [ RunTime:0.001878s ]
SQL: SHOW COLUMNS FROM `ast_banner` [ RunTime:0.0038s ]
SQL: SELECT * FROM `ast_banner`  [ RunTime:0.0004s ]
SQL: SHOW COLUMNS FROM `ast_link` [ RunTime:0.0050s ]
SQL: SELECT * FROM `ast_link`  [ RunTime:0.0004s ]
SQL: SHOW COLUMNS FROM `ast_procate` [ RunTime:0.0037s ]
SQL: SELECT * FROM `ast_procate`  [ RunTime:0.0004s ]
SQL: SHOW COLUMNS FROM `ast_product` [ RunTime:0.0042s ]
NOTIC: [8] Undefined index: id C:\xampp\htdocs\aiston\Application\Home\Controller\ProductController.class.php 第 16 行.
SQL: SELECT * FROM `ast_product`  [ RunTime:0.0004s ]
SQL: SELECT * FROM `ast_product` LIMIT 0,9   [ RunTime:0.0003s ]
INFO: [ view_parse ] --START--
INFO: [ template_filter ] --START--
INFO: Run Behavior\ContentReplaceBehavior [ RunTime:0.000238s ]
INFO: [ template_filter ] --END-- [ RunTime:0.000340s ]
NOTIC: [8] Undefined index: p C:\xampp\htdocs\aiston\Application\Runtime\Cache\Home\3458861da0342b1f9413030055ee3fb6.php 第 133 行.
NOTIC: [8] Undefined index: p C:\xampp\htdocs\aiston\Application\Runtime\Cache\Home\3458861da0342b1f9413030055ee3fb6.php 第 138 行.
INFO: Run Behavior\ParseTemplateBehavior [ RunTime:0.018199s ]
INFO: [ view_parse ] --END-- [ RunTime:0.018284s ]
INFO: [ view_filter ] --START--
INFO: Run Behavior\WriteHtmlCacheBehavior [ RunTime:0.000933s ]
INFO: [ view_filter ] --END-- [ RunTime:0.000985s ]
INFO: [ app_end ] --START--
INFO: Run Behavior\ShowPageTraceBehavior [ RunTime:0.001794s ]
INFO: [ app_end ] --END-- [ RunTime:0.001869s ]

[ 2016-03-11T09:34:08+08:00 ] ::1 /index.php/Home/Work/index
INFO: [ app_init ] --START--
INFO: Run Behavior\BuildLiteBehavior [ RunTime:0.000017s ]
INFO: [ app_init ] --END-- [ RunTime:0.000571s ]
INFO: [ app_begin ] --START--
INFO: Run Behavior\ReadHtmlCacheBehavior [ RunTime:0.001092s ]
INFO: [ app_begin ] --END-- [ RunTime:0.001159s ]
SQL: SHOW COLUMNS FROM `ast_banner` [ RunTime:0.0038s ]
SQL: SELECT * FROM `ast_banner`  [ RunTime:0.0004s ]
SQL: SHOW COLUMNS FROM `ast_link` [ RunTime:0.0037s ]
SQL: SELECT * FROM `ast_link`  [ RunTime:0.0003s ]
SQL: SHOW COLUMNS FROM `ast_work` [ RunTime:0.0037s ]
NOTIC: [8] Undefined index: title C:\xampp\htdocs\aiston\Application\Home\Controller\WorkController.class.php 第 15 行.
SQL: SELECT * FROM `ast_work` ORDER BY w_cateid asc  [ RunTime:0.0012s ]
SQL: SELECT * FROM `ast_work` LIMIT 0,6   [ RunTime:0.0006s ]
INFO: [ view_parse ] --START--
INFO: [ template_filter ] --START--
INFO: Run Behavior\ContentReplaceBehavior [ RunTime:0.000127s ]
INFO: [ template_filter ] --END-- [ RunTime:0.000220s ]
NOTIC: [8] Undefined index: title C:\xampp\htdocs\aiston\Application\Runtime\Cache\Home\cd94870f4e169b7378dd46d85635f0f4.php 第 114 行.
NOTIC: [8] Undefined index: p C:\xampp\htdocs\aiston\Application\Runtime\Cache\Home\cd94870f4e169b7378dd46d85635f0f4.php 第 140 行.
NOTIC: [8] Undefined index: p C:\xampp\htdocs\aiston\Application\Runtime\Cache\Home\cd94870f4e169b7378dd46d85635f0f4.php 第 148 行.
NOTIC: [8] Undefined index: p C:\xampp\htdocs\aiston\Application\Runtime\Cache\Home\cd94870f4e169b7378dd46d85635f0f4.php 第 148 行.
INFO: Run Behavior\ParseTemplateBehavior [ RunTime:0.015731s ]
INFO: [ view_parse ] --END-- [ RunTime:0.015816s ]
INFO: [ view_filter ] --START--
INFO: Run Behavior\WriteHtmlCacheBehavior [ RunTime:0.000871s ]
INFO: [ view_filter ] --END-- [ RunTime:0.000921s ]
INFO: [ app_end ] --START--
INFO: Run Behavior\ShowPageTraceBehavior [ RunTime:0.001682s ]
INFO: [ app_end ] --END-- [ RunTime:0.001779s ]

[ 2016-03-11T09:34:34+08:00 ] ::1 /index.php/Home/Index
INFO: [ app_init ] --START--
INFO: Run Behavior\BuildLiteBehavior [ RunTime:0.000016s ]
INFO: [ app_init ] --END-- [ RunTime:0.000553s ]
INFO: [ app_begin ] --START--
INFO: Run Behavior\ReadHtmlCacheBehavior [ RunTime:0.001825s ]
INFO: [ app_begin ] --END-- [ RunTime:0.001992s ]
SQL: SHOW COLUMNS FROM `ast_banner` [ RunTime:0.0039s ]
SQL: SELECT * FROM `ast_banner`  [ RunTime:0.0004s ]
SQL: SHOW COLUMNS FROM `ast_link` [ RunTime:0.0035s ]
SQL: SELECT * FROM `ast_link`  [ RunTime:0.0003s ]
SQL: SHOW COLUMNS FROM `ast_company` [ RunTime:0.0043s ]
SQL: SHOW COLUMNS FROM `ast_article` [ RunTime:0.0043s ]
SQL: SHOW COLUMNS FROM `ast_product` [ RunTime:0.0047s ]
SQL: SHOW COLUMNS FROM `ast_procate` [ RunTime:0.0037s ]
SQL: SELECT * FROM `ast_procate` LIMIT 3   [ RunTime:0.0003s ]
SQL: SELECT * FROM `ast_article`  [ RunTime:0.0004s ]
SQL: SELECT * FROM `ast_company`  [ RunTime:0.0002s ]
SQL: SELECT * FROM `ast_article` LIMIT 0,4   [ RunTime:0.0003s ]
INFO: [ view_parse ] --START--
INFO: [ template_filter ] --START--
INFO: Run Behavior\ContentReplaceBehavior [ RunTime:0.000159s ]
INFO: [ template_filter ] --END-- [ RunTime:0.000225s ]
NOTIC: [8] Undefined index: p C:\xampp\htdocs\aiston\Application\Runtime\Cache\Home\2a94b8bda04ff446dcedd42276fc99ee.php 第 154 行.
NOTIC: [8] Undefined index: p C:\xampp\htdocs\aiston\Application\Runtime\Cache\Home\2a94b8bda04ff446dcedd42276fc99ee.php 第 161 行.
NOTIC: [8] Undefined index: p C:\xampp\htdocs\aiston\Application\Runtime\Cache\Home\2a94b8bda04ff446dcedd42276fc99ee.php 第 161 行.
INFO: Run Behavior\ParseTemplateBehavior [ RunTime:0.020148s ]
INFO: [ view_parse ] --END-- [ RunTime:0.020208s ]
INFO: [ view_filter ] --START--
INFO: Run Behavior\WriteHtmlCacheBehavior [ RunTime:0.001579s ]
INFO: [ view_filter ] --END-- [ RunTime:0.001663s ]
INFO: [ app_end ] --START--
INFO: Run Behavior\ShowPageTraceBehavior [ RunTime:0.002288s ]
INFO: [ app_end ] --END-- [ RunTime:0.002434s ]

[ 2016-03-11T09:34:45+08:00 ] ::1 /index.php/Home/Work/index
INFO: [ app_init ] --START--
INFO: Run Behavior\BuildLiteBehavior [ RunTime:0.000016s ]
INFO: [ app_init ] --END-- [ RunTime:0.000572s ]
INFO: [ app_begin ] --START--
INFO: Run Behavior\ReadHtmlCacheBehavior [ RunTime:0.002172s ]
INFO: [ app_begin ] --END-- [ RunTime:0.002313s ]
SQL: SHOW COLUMNS FROM `ast_banner` [ RunTime:0.0040s ]
SQL: SELECT * FROM `ast_banner`  [ RunTime:0.0004s ]
SQL: SHOW COLUMNS FROM `ast_link` [ RunTime:0.0038s ]
SQL: SELECT * FROM `ast_link`  [ RunTime:0.0003s ]
SQL: SHOW COLUMNS FROM `ast_work` [ RunTime:0.0040s ]
NOTIC: [8] Undefined index: title C:\xampp\htdocs\aiston\Application\Home\Controller\WorkController.class.php 第 15 行.
SQL: SELECT * FROM `ast_work` ORDER BY w_cateid asc  [ RunTime:0.0007s ]
SQL: SELECT * FROM `ast_work` LIMIT 0,6   [ RunTime:0.0008s ]
INFO: [ view_parse ] --START--
INFO: [ template_filter ] --START--
INFO: Run Behavior\ContentReplaceBehavior [ RunTime:0.000201s ]
INFO: [ template_filter ] --END-- [ RunTime:0.000291s ]
NOTIC: [8] Undefined index: title C:\xampp\htdocs\aiston\Application\Runtime\Cache\Home\cd94870f4e169b7378dd46d85635f0f4.php 第 114 行.
NOTIC: [8] Undefined index: p C:\xampp\htdocs\aiston\Application\Runtime\Cache\Home\cd94870f4e169b7378dd46d85635f0f4.php 第 140 行.
NOTIC: [8] Undefined index: p C:\xampp\htdocs\aiston\Application\Runtime\Cache\Home\cd94870f4e169b7378dd46d85635f0f4.php 第 148 行.
NOTIC: [8] Undefined index: p C:\xampp\htdocs\aiston\Application\Runtime\Cache\Home\cd94870f4e169b7378dd46d85635f0f4.php 第 148 行.
INFO: Run Behavior\ParseTemplateBehavior [ RunTime:0.016526s ]
INFO: [ view_parse ] --END-- [ RunTime:0.016596s ]
INFO: [ view_filter ] --START--
INFO: Run Behavior\WriteHtmlCacheBehavior [ RunTime:0.001078s ]
INFO: [ view_filter ] --END-- [ RunTime:0.001130s ]
INFO: [ app_end ] --START--
INFO: Run Behavior\ShowPageTraceBehavior [ RunTime:0.001993s ]
INFO: [ app_end ] --END-- [ RunTime:0.002074s ]

[ 2016-03-11T09:51:21+08:00 ] ::1 /index.php/Home/Walkto/index
INFO: [ app_init ] --START--
INFO: Run Behavior\BuildLiteBehavior [ RunTime:0.000019s ]
INFO: [ app_init ] --END-- [ RunTime:0.000485s ]
INFO: [ app_begin ] --START--
INFO: Run Behavior\ReadHtmlCacheBehavior [ RunTime:0.000742s ]
INFO: [ app_begin ] --END-- [ RunTime:0.000805s ]
SQL: SHOW COLUMNS FROM `ast_banner` [ RunTime:0.0038s ]
SQL: SELECT * FROM `ast_banner`  [ RunTime:0.0004s ]
SQL: SHOW COLUMNS FROM `ast_link` [ RunTime:0.0042s ]
SQL: SELECT * FROM `ast_link`  [ RunTime:0.0004s ]
SQL: SHOW COLUMNS FROM `ast_about` [ RunTime:0.0039s ]
SQL: SELECT * FROM `ast_about`  [ RunTime:0.0004s ]
SQL: SELECT * FROM `ast_about` WHERE `ast_aid` = 1  [ RunTime:0.0002s ]
INFO: [ view_parse ] --START--
INFO: [ template_filter ] --START--
INFO: Run Behavior\ContentReplaceBehavior [ RunTime:0.000117s ]
INFO: [ template_filter ] --END-- [ RunTime:0.000187s ]
INFO: Run Behavior\ParseTemplateBehavior [ RunTime:0.016587s ]
INFO: [ view_parse ] --END-- [ RunTime:0.016700s ]
INFO: [ view_filter ] --START--
INFO: Run Behavior\WriteHtmlCacheBehavior [ RunTime:0.000738s ]
INFO: [ view_filter ] --END-- [ RunTime:0.000821s ]
INFO: [ app_end ] --START--
INFO: Run Behavior\ShowPageTraceBehavior [ RunTime:0.000968s ]
INFO: [ app_end ] --END-- [ RunTime:0.001041s ]

[ 2016-03-11T11:52:58+08:00 ] ::1 /index.php/Home/Walkto/index/id/2
INFO: [ app_init ] --START--
INFO: Run Behavior\BuildLiteBehavior [ RunTime:0.000017s ]
INFO: [ app_init ] --END-- [ RunTime:0.000573s ]
INFO: [ app_begin ] --START--
INFO: Run Behavior\ReadHtmlCacheBehavior [ RunTime:0.001224s ]
INFO: [ app_begin ] --END-- [ RunTime:0.001297s ]
SQL: SHOW COLUMNS FROM `ast_banner` [ RunTime:0.0038s ]
SQL: SELECT * FROM `ast_banner`  [ RunTime:0.0004s ]
SQL: SHOW COLUMNS FROM `ast_link` [ RunTime:0.0042s ]
SQL: SELECT * FROM `ast_link`  [ RunTime:0.0005s ]
SQL: SHOW COLUMNS FROM `ast_about` [ RunTime:0.0040s ]
SQL: SELECT * FROM `ast_about`  [ RunTime:0.0003s ]
SQL: SELECT * FROM `ast_about` WHERE `ast_aid` = 2  [ RunTime:0.0003s ]
INFO: [ view_parse ] --START--
INFO: [ template_filter ] --START--
INFO: Run Behavior\ContentReplaceBehavior [ RunTime:0.000180s ]
INFO: [ template_filter ] --END-- [ RunTime:0.000286s ]
INFO: Run Behavior\ParseTemplateBehavior [ RunTime:0.021119s ]
INFO: [ view_parse ] --END-- [ RunTime:0.021251s ]
INFO: [ view_filter ] --START--
INFO: Run Behavior\WriteHtmlCacheBehavior [ RunTime:0.001932s ]
INFO: [ view_filter ] --END-- [ RunTime:0.002052s ]
INFO: [ app_end ] --START--
INFO: Run Behavior\ShowPageTraceBehavior [ RunTime:0.002028s ]
INFO: [ app_end ] --END-- [ RunTime:0.002142s ]

[ 2016-03-11T11:53:11+08:00 ] ::1 /index.php/Home/Walkto/index/id/2
INFO: [ app_init ] --START--
INFO: Run Behavior\BuildLiteBehavior [ RunTime:0.000027s ]
INFO: [ app_init ] --END-- [ RunTime:0.000969s ]
INFO: [ app_begin ] --START--
INFO: Run Behavior\ReadHtmlCacheBehavior [ RunTime:0.001175s ]
INFO: [ app_begin ] --END-- [ RunTime:0.001255s ]
SQL: SHOW COLUMNS FROM `ast_banner` [ RunTime:0.0044s ]
SQL: SELECT * FROM `ast_banner`  [ RunTime:0.0005s ]
SQL: SHOW COLUMNS FROM `ast_link` [ RunTime:0.0062s ]
SQL: SELECT * FROM `ast_link`  [ RunTime:0.0006s ]
SQL: SHOW COLUMNS FROM `ast_about` [ RunTime:0.0077s ]
SQL: SELECT * FROM `ast_about`  [ RunTime:0.0005s ]
SQL: SELECT * FROM `ast_about` WHERE `ast_aid` = 2  [ RunTime:0.0004s ]
INFO: [ view_parse ] --START--
INFO: [ template_filter ] --START--
INFO: Run Behavior\ContentReplaceBehavior [ RunTime:0.000167s ]
INFO: [ template_filter ] --END-- [ RunTime:0.000278s ]
INFO: Run Behavior\ParseTemplateBehavior [ RunTime:0.031094s ]
INFO: [ view_parse ] --END-- [ RunTime:0.031248s ]
INFO: [ view_filter ] --START--
INFO: Run Behavior\WriteHtmlCacheBehavior [ RunTime:0.001956s ]
INFO: [ view_filter ] --END-- [ RunTime:0.002065s ]
INFO: [ app_end ] --START--
INFO: Run Behavior\ShowPageTraceBehavior [ RunTime:0.002295s ]
INFO: [ app_end ] --END-- [ RunTime:0.002403s ]

[ 2016-03-11T11:53:12+08:00 ] ::1 /index.php/Home/Walkto/index/id/3
INFO: [ app_init ] --START--
INFO: Run Behavior\BuildLiteBehavior [ RunTime:0.000017s ]
INFO: [ app_init ] --END-- [ RunTime:0.000572s ]
INFO: [ app_begin ] --START--
INFO: Run Behavior\ReadHtmlCacheBehavior [ RunTime:0.001514s ]
INFO: [ app_begin ] --END-- [ RunTime:0.001625s ]
SQL: SHOW COLUMNS FROM `ast_banner` [ RunTime:0.0042s ]
SQL: SELECT * FROM `ast_banner`  [ RunTime:0.0004s ]
SQL: SHOW COLUMNS FROM `ast_link` [ RunTime:0.0036s ]
SQL: SELECT * FROM `ast_link`  [ RunTime:0.0004s ]
SQL: SHOW COLUMNS FROM `ast_about` [ RunTime:0.0051s ]
SQL: SELECT * FROM `ast_about`  [ RunTime:0.0005s ]
SQL: SELECT * FROM `ast_about` WHERE `ast_aid` = 3  [ RunTime:0.0003s ]
INFO: [ view_parse ] --START--
INFO: [ template_filter ] --START--
INFO: Run Behavior\ContentReplaceBehavior [ RunTime:0.000116s ]
INFO: [ template_filter ] --END-- [ RunTime:0.000183s ]
INFO: Run Behavior\ParseTemplateBehavior [ RunTime:0.015008s ]
INFO: [ view_parse ] --END-- [ RunTime:0.015115s ]
INFO: [ view_filter ] --START--
INFO: Run Behavior\WriteHtmlCacheBehavior [ RunTime:0.000878s ]
INFO: [ view_filter ] --END-- [ RunTime:0.000929s ]
INFO: [ app_end ] --START--
INFO: Run Behavior\ShowPageTraceBehavior [ RunTime:0.001765s ]
INFO: [ app_end ] --END-- [ RunTime:0.001859s ]

[ 2016-03-11T11:53:23+08:00 ] ::1 /index.php/Home/Index
INFO: [ app_init ] --START--
INFO: Run Behavior\BuildLiteBehavior [ RunTime:0.000017s ]
INFO: [ app_init ] --END-- [ RunTime:0.000601s ]
INFO: [ app_begin ] --START--
INFO: Run Behavior\ReadHtmlCacheBehavior [ RunTime:0.001147s ]
INFO: [ app_begin ] --END-- [ RunTime:0.001254s ]
SQL: SHOW COLUMNS FROM `ast_banner` [ RunTime:0.0046s ]
SQL: SELECT * FROM `ast_banner`  [ RunTime:0.0004s ]
SQL: SHOW COLUMNS FROM `ast_link` [ RunTime:0.0036s ]
SQL: SELECT * FROM `ast_link`  [ RunTime:0.0003s ]
SQL: SHOW COLUMNS FROM `ast_company` [ RunTime:0.0039s ]
SQL: SHOW COLUMNS FROM `ast_article` [ RunTime:0.0058s ]
SQL: SHOW COLUMNS FROM `ast_product` [ RunTime:0.0062s ]
SQL: SHOW COLUMNS FROM `ast_procate` [ RunTime:0.0075s ]
SQL: SELECT * FROM `ast_procate` LIMIT 3   [ RunTime:0.0003s ]
SQL: SELECT * FROM `ast_article`  [ RunTime:0.0004s ]
SQL: SELECT * FROM `ast_company`  [ RunTime:0.0002s ]
SQL: SELECT * FROM `ast_article` LIMIT 0,4   [ RunTime:0.0004s ]
INFO: [ view_parse ] --START--
INFO: [ template_filter ] --START--
INFO: Run Behavior\ContentReplaceBehavior [ RunTime:0.000158s ]
INFO: [ template_filter ] --END-- [ RunTime:0.000223s ]
NOTIC: [8] Undefined index: p C:\xampp\htdocs\aiston\Application\Runtime\Cache\Home\2a94b8bda04ff446dcedd42276fc99ee.php 第 154 行.
NOTIC: [8] Undefined index: p C:\xampp\htdocs\aiston\Application\Runtime\Cache\Home\2a94b8bda04ff446dcedd42276fc99ee.php 第 161 行.
NOTIC: [8] Undefined index: p C:\xampp\htdocs\aiston\Application\Runtime\Cache\Home\2a94b8bda04ff446dcedd42276fc99ee.php 第 161 行.
INFO: Run Behavior\ParseTemplateBehavior [ RunTime:0.020061s ]
INFO: [ view_parse ] --END-- [ RunTime:0.020129s ]
INFO: [ view_filter ] --START--
INFO: Run Behavior\WriteHtmlCacheBehavior [ RunTime:0.000906s ]
INFO: [ view_filter ] --END-- [ RunTime:0.000957s ]
INFO: [ app_end ] --START--
INFO: Run Behavior\ShowPageTraceBehavior [ RunTime:0.001493s ]
INFO: [ app_end ] --END-- [ RunTime:0.001566s ]

[ 2016-03-11T15:19:51+08:00 ] ::1 /index.php/Home/Index/index
INFO: [ app_init ] --START--
INFO: Run Behavior\BuildLiteBehavior [ RunTime:0.000020s ]
INFO: [ app_init ] --END-- [ RunTime:0.000960s ]
INFO: [ app_begin ] --START--
INFO: Run Behavior\ReadHtmlCacheBehavior [ RunTime:0.001511s ]
INFO: [ app_begin ] --END-- [ RunTime:0.001622s ]
SQL: SHOW COLUMNS FROM `ast_banner` [ RunTime:0.0037s ]
SQL: SELECT * FROM `ast_banner`  [ RunTime:0.0004s ]
SQL: SHOW COLUMNS FROM `ast_link` [ RunTime:0.0050s ]
SQL: SELECT * FROM `ast_link`  [ RunTime:0.0004s ]
SQL: SHOW COLUMNS FROM `ast_company` [ RunTime:0.0041s ]
SQL: SHOW COLUMNS FROM `ast_article` [ RunTime:0.0043s ]
SQL: SHOW COLUMNS FROM `ast_product` [ RunTime:0.0042s ]
SQL: SHOW COLUMNS FROM `ast_procate` [ RunTime:0.0034s ]
SQL: SELECT * FROM `ast_procate` LIMIT 3   [ RunTime:0.0004s ]
SQL: SELECT * FROM `ast_article`  [ RunTime:0.0004s ]
SQL: SELECT * FROM `ast_company`  [ RunTime:0.0003s ]
SQL: SELECT * FROM `ast_article` LIMIT 0,4   [ RunTime:0.0003s ]
INFO: [ view_parse ] --START--
INFO: [ template_filter ] --START--
INFO: Run Behavior\ContentReplaceBehavior [ RunTime:0.000176s ]
INFO: [ template_filter ] --END-- [ RunTime:0.000259s ]
NOTIC: [8] Undefined index: p C:\xampp\htdocs\aiston\Application\Runtime\Cache\Home\2a94b8bda04ff446dcedd42276fc99ee.php 第 154 行.
NOTIC: [8] Undefined index: p C:\xampp\htdocs\aiston\Application\Runtime\Cache\Home\2a94b8bda04ff446dcedd42276fc99ee.php 第 161 行.
NOTIC: [8] Undefined index: p C:\xampp\htdocs\aiston\Application\Runtime\Cache\Home\2a94b8bda04ff446dcedd42276fc99ee.php 第 161 行.
INFO: Run Behavior\ParseTemplateBehavior [ RunTime:0.018331s ]
INFO: [ view_parse ] --END-- [ RunTime:0.018388s ]
INFO: [ view_filter ] --START--
INFO: Run Behavior\WriteHtmlCacheBehavior [ RunTime:0.001167s ]
INFO: [ view_filter ] --END-- [ RunTime:0.001218s ]
INFO: [ app_end ] --START--
INFO: Run Behavior\ShowPageTraceBehavior [ RunTime:0.002988s ]
INFO: [ app_end ] --END-- [ RunTime:0.003080s ]

[ 2016-03-11T15:42:36+08:00 ] ::1 /
INFO: [ app_init ] --START--
INFO: Run Behavior\BuildLiteBehavior [ RunTime:0.000022s ]
INFO: [ app_init ] --END-- [ RunTime:0.003005s ]
INFO: [ app_begin ] --START--
INFO: Run Behavior\ReadHtmlCacheBehavior [ RunTime:0.001066s ]
INFO: [ app_begin ] --END-- [ RunTime:0.001141s ]
SQL: SHOW COLUMNS FROM `ast_banner` [ RunTime:0.0118s ]
SQL: SELECT * FROM `ast_banner`  [ RunTime:0.0004s ]
SQL: SHOW COLUMNS FROM `ast_link` [ RunTime:0.0055s ]
SQL: SELECT * FROM `ast_link`  [ RunTime:0.0003s ]
SQL: SHOW COLUMNS FROM `ast_company` [ RunTime:0.0202s ]
SQL: SHOW COLUMNS FROM `ast_article` [ RunTime:0.0060s ]
SQL: SHOW COLUMNS FROM `ast_product` [ RunTime:0.0059s ]
SQL: SHOW COLUMNS FROM `ast_procate` [ RunTime:0.0061s ]
SQL: SELECT * FROM `ast_procate` LIMIT 3   [ RunTime:0.0004s ]
SQL: SELECT * FROM `ast_article`  [ RunTime:0.0005s ]
SQL: SELECT * FROM `ast_company`  [ RunTime:0.0002s ]
SQL: SELECT * FROM `ast_article` LIMIT 0,4   [ RunTime:0.0004s ]
INFO: [ view_parse ] --START--
INFO: [ template_filter ] --START--
INFO: Run Behavior\ContentReplaceBehavior [ RunTime:0.000166s ]
INFO: [ template_filter ] --END-- [ RunTime:0.000235s ]
NOTIC: [8] Undefined index: p C:\xampp\htdocs\aiston\Application\Runtime\Cache\Home\2a94b8bda04ff446dcedd42276fc99ee.php 第 154 行.
NOTIC: [8] Undefined index: p C:\xampp\htdocs\aiston\Application\Runtime\Cache\Home\2a94b8bda04ff446dcedd42276fc99ee.php 第 161 行.
NOTIC: [8] Undefined index: p C:\xampp\htdocs\aiston\Application\Runtime\Cache\Home\2a94b8bda04ff446dcedd42276fc99ee.php 第 161 行.
INFO: Run Behavior\ParseTemplateBehavior [ RunTime:0.022011s ]
INFO: [ view_parse ] --END-- [ RunTime:0.022091s ]
INFO: [ view_filter ] --START--
INFO: Run Behavior\WriteHtmlCacheBehavior [ RunTime:0.000799s ]
INFO: [ view_filter ] --END-- [ RunTime:0.000860s ]
INFO: [ app_end ] --START--
INFO: Run Behavior\ShowPageTraceBehavior [ RunTime:0.001487s ]
INFO: [ app_end ] --END-- [ RunTime:0.001576s ]

[ 2016-03-11T15:42:50+08:00 ] 127.0.0.1 /
INFO: [ app_init ] --START--
INFO: Run Behavior\BuildLiteBehavior [ RunTime:0.000300s ]
INFO: [ app_init ] --END-- [ RunTime:0.010320s ]
INFO: [ app_begin ] --START--
INFO: Run Behavior\ReadHtmlCacheBehavior [ RunTime:0.003039s ]
INFO: [ app_begin ] --END-- [ RunTime:0.003159s ]
SQL: SHOW COLUMNS FROM `ast_banner` [ RunTime:0.0463s ]
SQL: SELECT * FROM `ast_banner`  [ RunTime:0.0005s ]
SQL: SHOW COLUMNS FROM `ast_link` [ RunTime:0.0502s ]
SQL: SELECT * FROM `ast_link`  [ RunTime:0.0005s ]
SQL: SHOW COLUMNS FROM `ast_company` [ RunTime:0.0294s ]
SQL: SHOW COLUMNS FROM `ast_article` [ RunTime:0.0132s ]
SQL: SHOW COLUMNS FROM `ast_product` [ RunTime:0.0120s ]
SQL: SHOW COLUMNS FROM `ast_procate` [ RunTime:0.0540s ]
SQL: SELECT * FROM `ast_procate` LIMIT 3   [ RunTime:0.0005s ]
SQL: SELECT * FROM `ast_article`  [ RunTime:0.0007s ]
SQL: SELECT * FROM `ast_company`  [ RunTime:0.0004s ]
SQL: SELECT * FROM `ast_article` LIMIT 0,4   [ RunTime:0.0006s ]
INFO: [ view_parse ] --START--
INFO: [ template_filter ] --START--
INFO: Run Behavior\ContentReplaceBehavior [ RunTime:0.000259s ]
INFO: [ template_filter ] --END-- [ RunTime:0.000394s ]
NOTIC: [8] Undefined index: p C:\xampp\htdocs\aiston\Application\Runtime\Cache\Home\2a94b8bda04ff446dcedd42276fc99ee.php 第 154 行.
NOTIC: [8] Undefined index: p C:\xampp\htdocs\aiston\Application\Runtime\Cache\Home\2a94b8bda04ff446dcedd42276fc99ee.php 第 161 行.
NOTIC: [8] Undefined index: p C:\xampp\htdocs\aiston\Application\Runtime\Cache\Home\2a94b8bda04ff446dcedd42276fc99ee.php 第 161 行.
INFO: Run Behavior\ParseTemplateBehavior [ RunTime:0.093391s ]
INFO: [ view_parse ] --END-- [ RunTime:0.093500s ]
INFO: [ view_filter ] --START--
INFO: Run Behavior\WriteHtmlCacheBehavior [ RunTime:0.002033s ]
INFO: [ view_filter ] --END-- [ RunTime:0.002133s ]
INFO: [ app_end ] --START--
INFO: Run Behavior\ShowPageTraceBehavior [ RunTime:0.002265s ]
INFO: [ app_end ] --END-- [ RunTime:0.002375s ]

[ 2016-03-11T15:43:12+08:00 ] ::1 /index.php/Home/Index
INFO: [ app_init ] --START--
INFO: Run Behavior\BuildLiteBehavior [ RunTime:0.000018s ]
INFO: [ app_init ] --END-- [ RunTime:0.000616s ]
INFO: [ app_begin ] --START--
INFO: Run Behavior\ReadHtmlCacheBehavior [ RunTime:0.001372s ]
INFO: [ app_begin ] --END-- [ RunTime:0.001474s ]
SQL: SHOW COLUMNS FROM `ast_banner` [ RunTime:0.0055s ]
SQL: SELECT * FROM `ast_banner`  [ RunTime:0.0004s ]
SQL: SHOW COLUMNS FROM `ast_link` [ RunTime:0.0063s ]
SQL: SELECT * FROM `ast_link`  [ RunTime:0.0006s ]
SQL: SHOW COLUMNS FROM `ast_company` [ RunTime:0.0049s ]
SQL: SHOW COLUMNS FROM `ast_article` [ RunTime:0.0053s ]
SQL: SHOW COLUMNS FROM `ast_product` [ RunTime:0.0057s ]
SQL: SHOW COLUMNS FROM `ast_procate` [ RunTime:0.0043s ]
SQL: SELECT * FROM `ast_procate` LIMIT 3   [ RunTime:0.0003s ]
SQL: SELECT * FROM `ast_article`  [ RunTime:0.0004s ]
SQL: SELECT * FROM `ast_company`  [ RunTime:0.0002s ]
SQL: SELECT * FROM `ast_article` LIMIT 0,4   [ RunTime:0.0005s ]
INFO: [ view_parse ] --START--
INFO: [ template_filter ] --START--
INFO: Run Behavior\ContentReplaceBehavior [ RunTime:0.000719s ]
INFO: [ template_filter ] --END-- [ RunTime:0.000816s ]
NOTIC: [8] Undefined index: p C:\xampp\htdocs\aiston\Application\Runtime\Cache\Home\2a94b8bda04ff446dcedd42276fc99ee.php 第 154 行.
NOTIC: [8] Undefined index: p C:\xampp\htdocs\aiston\Application\Runtime\Cache\Home\2a94b8bda04ff446dcedd42276fc99ee.php 第 161 行.
NOTIC: [8] Undefined index: p C:\xampp\htdocs\aiston\Application\Runtime\Cache\Home\2a94b8bda04ff446dcedd42276fc99ee.php 第 161 行.
INFO: Run Behavior\ParseTemplateBehavior [ RunTime:0.019466s ]
INFO: [ view_parse ] --END-- [ RunTime:0.019546s ]
INFO: [ view_filter ] --START--
INFO: Run Behavior\WriteHtmlCacheBehavior [ RunTime:0.000867s ]
INFO: [ view_filter ] --END-- [ RunTime:0.000924s ]
INFO: [ app_end ] --START--
INFO: Run Behavior\ShowPageTraceBehavior [ RunTime:0.001434s ]
INFO: [ app_end ] --END-- [ RunTime:0.001539s ]

[ 2016-03-11T16:52:24+08:00 ] ::1 /index.php/Home/product/index
INFO: [ app_init ] --START--
INFO: Run Behavior\BuildLiteBehavior [ RunTime:0.000024s ]
INFO: [ app_init ] --END-- [ RunTime:0.000934s ]
INFO: [ app_begin ] --START--
INFO: Run Behavior\ReadHtmlCacheBehavior [ RunTime:0.001730s ]
INFO: [ app_begin ] --END-- [ RunTime:0.001865s ]
SQL: SHOW COLUMNS FROM `ast_banner` [ RunTime:0.0039s ]
SQL: SELECT * FROM `ast_banner`  [ RunTime:0.0004s ]
SQL: SHOW COLUMNS FROM `ast_link` [ RunTime:0.0046s ]
SQL: SELECT * FROM `ast_link`  [ RunTime:0.0006s ]
SQL: SHOW COLUMNS FROM `ast_procate` [ RunTime:0.0047s ]
SQL: SELECT * FROM `ast_procate`  [ RunTime:0.0003s ]
SQL: SHOW COLUMNS FROM `ast_product` [ RunTime:0.0037s ]
NOTIC: [8] Undefined index: id C:\xampp\htdocs\aiston\Application\Home\Controller\ProductController.class.php 第 16 行.
SQL: SELECT * FROM `ast_product`  [ RunTime:0.0008s ]
SQL: SELECT * FROM `ast_product` LIMIT 0,9   [ RunTime:0.0005s ]
INFO: [ view_parse ] --START--
INFO: [ template_filter ] --START--
INFO: Run Behavior\ContentReplaceBehavior [ RunTime:0.000235s ]
INFO: [ template_filter ] --END-- [ RunTime:0.000368s ]
NOTIC: [8] Undefined index: p C:\xampp\htdocs\aiston\Application\Runtime\Cache\Home\3458861da0342b1f9413030055ee3fb6.php 第 133 行.
NOTIC: [8] Undefined index: p C:\xampp\htdocs\aiston\Application\Runtime\Cache\Home\3458861da0342b1f9413030055ee3fb6.php 第 138 行.
INFO: Run Behavior\ParseTemplateBehavior [ RunTime:0.019184s ]
INFO: [ view_parse ] --END-- [ RunTime:0.019252s ]
INFO: [ view_filter ] --START--
INFO: Run Behavior\WriteHtmlCacheBehavior [ RunTime:0.000803s ]
INFO: [ view_filter ] --END-- [ RunTime:0.000853s ]
INFO: [ app_end ] --START--
INFO: Run Behavior\ShowPageTraceBehavior [ RunTime:0.001693s ]
INFO: [ app_end ] --END-- [ RunTime:0.001780s ]

[ 2016-03-11T16:52:28+08:00 ] ::1 /index.php/Home/product/index
INFO: [ app_init ] --START--
INFO: Run Behavior\BuildLiteBehavior [ RunTime:0.000018s ]
INFO: [ app_init ] --END-- [ RunTime:0.000566s ]
INFO: [ app_begin ] --START--
INFO: Run Behavior\ReadHtmlCacheBehavior [ RunTime:0.002390s ]
INFO: [ app_begin ] --END-- [ RunTime:0.002505s ]
SQL: SHOW COLUMNS FROM `ast_banner` [ RunTime:0.0044s ]
SQL: SELECT * FROM `ast_banner`  [ RunTime:0.0005s ]
SQL: SHOW COLUMNS FROM `ast_link` [ RunTime:0.0039s ]
SQL: SELECT * FROM `ast_link`  [ RunTime:0.0005s ]
SQL: SHOW COLUMNS FROM `ast_procate` [ RunTime:0.0065s ]
SQL: SELECT * FROM `ast_procate`  [ RunTime:0.0004s ]
SQL: SHOW COLUMNS FROM `ast_product` [ RunTime:0.0040s ]
NOTIC: [8] Undefined index: id C:\xampp\htdocs\aiston\Application\Home\Controller\ProductController.class.php 第 16 行.
SQL: SELECT * FROM `ast_product`  [ RunTime:0.0004s ]
SQL: SELECT * FROM `ast_product` LIMIT 0,9   [ RunTime:0.0003s ]
INFO: [ view_parse ] --START--
INFO: [ template_filter ] --START--
INFO: Run Behavior\ContentReplaceBehavior [ RunTime:0.000138s ]
INFO: [ template_filter ] --END-- [ RunTime:0.000208s ]
NOTIC: [8] Undefined index: p C:\xampp\htdocs\aiston\Application\Runtime\Cache\Home\3458861da0342b1f9413030055ee3fb6.php 第 133 行.
NOTIC: [8] Undefined index: p C:\xampp\htdocs\aiston\Application\Runtime\Cache\Home\3458861da0342b1f9413030055ee3fb6.php 第 138 行.
INFO: Run Behavior\ParseTemplateBehavior [ RunTime:0.015887s ]
INFO: [ view_parse ] --END-- [ RunTime:0.015948s ]
INFO: [ view_filter ] --START--
INFO: Run Behavior\WriteHtmlCacheBehavior [ RunTime:0.001129s ]
INFO: [ view_filter ] --END-- [ RunTime:0.001212s ]
INFO: [ app_end ] --START--
INFO: Run Behavior\ShowPageTraceBehavior [ RunTime:0.002873s ]
INFO: [ app_end ] --END-- [ RunTime:0.003001s ]

