[ 2016-03-10T09:16:38+08:00 ] ::1 /Public/Home/css/font/vjs.woff
INFO: [ app_init ] --START--
INFO: Run Behavior\BuildLiteBehavior [ RunTime:0.000020s ]
INFO: [ app_init ] --END-- [ RunTime:0.000798s ]
ERR: 无法加载模块:Public

[ 2016-03-10T09:16:38+08:00 ] ::1 /Public/Home/css/font/vjs.ttf
INFO: [ app_init ] --START--
INFO: Run Behavior\BuildLiteBehavior [ RunTime:0.000024s ]
INFO: [ app_init ] --END-- [ RunTime:0.000687s ]
ERR: 无法加载模块:Public

[ 2016-03-10T09:16:45+08:00 ] ::1 /Public/Home/css/font/vjs.woff
INFO: [ app_init ] --START--
INFO: Run Behavior\BuildLiteBehavior [ RunTime:0.000048s ]
INFO: [ app_init ] --END-- [ RunTime:0.001019s ]
ERR: 无法加载模块:Public

[ 2016-03-10T09:16:45+08:00 ] ::1 /Public/Home/css/font/vjs.ttf
INFO: [ app_init ] --START--
INFO: Run Behavior\BuildLiteBehavior [ RunTime:0.000046s ]
INFO: [ app_init ] --END-- [ RunTime:0.000682s ]
ERR: 无法加载模块:Public

[ 2016-03-10T10:50:48+08:00 ] ::1 /Public/Home/css/font/vjs.woff
INFO: [ app_init ] --START--
INFO: Run Behavior\BuildLiteBehavior [ RunTime:0.000028s ]
INFO: [ app_init ] --END-- [ RunTime:0.001258s ]
ERR: 无法加载模块:Public

[ 2016-03-10T10:50:49+08:00 ] ::1 /Public/Home/css/font/vjs.ttf
INFO: [ app_init ] --START--
INFO: Run Behavior\BuildLiteBehavior [ RunTime:0.001809s ]
INFO: [ app_init ] --END-- [ RunTime:0.004058s ]
ERR: 无法加载模块:Public

[ 2016-03-10T10:57:11+08:00 ] ::1 /Public/Home/css/font/vjs.woff
INFO: [ app_init ] --START--
INFO: Run Behavior\BuildLiteBehavior [ RunTime:0.000032s ]
INFO: [ app_init ] --END-- [ RunTime:0.001122s ]
ERR: 无法加载模块:Public

[ 2016-03-10T10:57:12+08:00 ] ::1 /Public/Home/css/font/vjs.ttf
INFO: [ app_init ] --START--
INFO: Run Behavior\BuildLiteBehavior [ RunTime:0.000030s ]
INFO: [ app_init ] --END-- [ RunTime:0.001142s ]
ERR: 无法加载模块:Public

[ 2016-03-10T10:57:18+08:00 ] ::1 /Public/Home/css/font/vjs.woff
INFO: [ app_init ] --START--
INFO: Run Behavior\BuildLiteBehavior [ RunTime:0.000047s ]
INFO: [ app_init ] --END-- [ RunTime:0.001373s ]
ERR: 无法加载模块:Public

[ 2016-03-10T10:57:18+08:00 ] ::1 /Public/Home/css/font/vjs.ttf
INFO: [ app_init ] --START--
INFO: Run Behavior\BuildLiteBehavior [ RunTime:0.000028s ]
INFO: [ app_init ] --END-- [ RunTime:0.000916s ]
ERR: 无法加载模块:Public

[ 2016-03-10T11:00:26+08:00 ] ::1 /Public/Home/css/font/vjs.woff
INFO: [ app_init ] --START--
INFO: Run Behavior\BuildLiteBehavior [ RunTime:0.000027s ]
INFO: [ app_init ] --END-- [ RunTime:0.000922s ]
ERR: 无法加载模块:Public

[ 2016-03-10T11:00:26+08:00 ] ::1 /Public/Home/css/font/vjs.ttf
INFO: [ app_init ] --START--
INFO: Run Behavior\BuildLiteBehavior [ RunTime:0.000026s ]
INFO: [ app_init ] --END-- [ RunTime:0.000960s ]
ERR: 无法加载模块:Public

[ 2016-03-10T11:01:29+08:00 ] ::1 /Public/Home/css/font/vjs.woff
INFO: [ app_init ] --START--
INFO: Run Behavior\BuildLiteBehavior [ RunTime:0.000038s ]
INFO: [ app_init ] --END-- [ RunTime:0.001552s ]
ERR: 无法加载模块:Public

[ 2016-03-10T11:01:29+08:00 ] ::1 /Public/Home/css/font/vjs.ttf
INFO: [ app_init ] --START--
INFO: Run Behavior\BuildLiteBehavior [ RunTime:0.000029s ]
INFO: [ app_init ] --END-- [ RunTime:0.001690s ]
ERR: 无法加载模块:Public

[ 2016-03-10T11:01:56+08:00 ] ::1 /Public/Home/css/font/vjs.woff
INFO: [ app_init ] --START--
INFO: Run Behavior\BuildLiteBehavior [ RunTime:0.000054s ]
INFO: [ app_init ] --END-- [ RunTime:0.002085s ]
ERR: 无法加载模块:Public

[ 2016-03-10T11:01:56+08:00 ] ::1 /Public/Home/css/font/vjs.ttf
INFO: [ app_init ] --START--
INFO: Run Behavior\BuildLiteBehavior [ RunTime:0.000027s ]
INFO: [ app_init ] --END-- [ RunTime:0.001171s ]
ERR: 无法加载模块:Public

[ 2016-03-10T11:02:09+08:00 ] ::1 /Public/Home/css/font/vjs.woff
INFO: [ app_init ] --START--
INFO: Run Behavior\BuildLiteBehavior [ RunTime:0.000049s ]
INFO: [ app_init ] --END-- [ RunTime:0.001622s ]
ERR: 无法加载模块:Public

[ 2016-03-10T11:02:09+08:00 ] ::1 /Public/Home/css/font/vjs.ttf
INFO: [ app_init ] --START--
INFO: Run Behavior\BuildLiteBehavior [ RunTime:0.000026s ]
INFO: [ app_init ] --END-- [ RunTime:0.000915s ]
ERR: 无法加载模块:Public

[ 2016-03-10T12:01:39+08:00 ] ::1 /Public/Home/css/font/vjs.woff
INFO: [ app_init ] --START--
INFO: Run Behavior\BuildLiteBehavior [ RunTime:0.000029s ]
INFO: [ app_init ] --END-- [ RunTime:0.000934s ]
ERR: 无法加载模块:Public

[ 2016-03-10T12:01:39+08:00 ] ::1 /Public/Home/css/font/vjs.ttf
INFO: [ app_init ] --START--
INFO: Run Behavior\BuildLiteBehavior [ RunTime:0.000025s ]
INFO: [ app_init ] --END-- [ RunTime:0.000845s ]
ERR: 无法加载模块:Public

[ 2016-03-10T13:42:12+08:00 ] ::1 /Public/Home/css/font/vjs.woff
INFO: [ app_init ] --START--
INFO: Run Behavior\BuildLiteBehavior [ RunTime:0.000029s ]
INFO: [ app_init ] --END-- [ RunTime:0.000991s ]
ERR: 无法加载模块:Public

[ 2016-03-10T13:42:12+08:00 ] ::1 /Public/Home/css/font/vjs.ttf
INFO: [ app_init ] --START--
INFO: Run Behavior\BuildLiteBehavior [ RunTime:0.000027s ]
INFO: [ app_init ] --END-- [ RunTime:0.000858s ]
ERR: 无法加载模块:Public

[ 2016-03-10T13:42:15+08:00 ] ::1 /Public/Home/css/font/vjs.woff
INFO: [ app_init ] --START--
INFO: Run Behavior\BuildLiteBehavior [ RunTime:0.000050s ]
INFO: [ app_init ] --END-- [ RunTime:0.001224s ]
ERR: 无法加载模块:Public

[ 2016-03-10T13:42:15+08:00 ] ::1 /Public/Home/css/font/vjs.ttf
INFO: [ app_init ] --START--
INFO: Run Behavior\BuildLiteBehavior [ RunTime:0.000028s ]
INFO: [ app_init ] --END-- [ RunTime:0.001515s ]
ERR: 无法加载模块:Public

[ 2016-03-10T13:42:17+08:00 ] ::1 /Public/Home/css/font/vjs.woff
INFO: [ app_init ] --START--
INFO: Run Behavior\BuildLiteBehavior [ RunTime:0.000029s ]
INFO: [ app_init ] --END-- [ RunTime:0.002176s ]
ERR: 无法加载模块:Public

[ 2016-03-10T13:42:17+08:00 ] ::1 /Public/Home/css/font/vjs.ttf
INFO: [ app_init ] --START--
INFO: Run Behavior\BuildLiteBehavior [ RunTime:0.000042s ]
INFO: [ app_init ] --END-- [ RunTime:0.001726s ]
ERR: 无法加载模块:Public

[ 2016-03-10T13:42:18+08:00 ] ::1 /Public/Home/css/font/vjs.woff
INFO: [ app_init ] --START--
INFO: Run Behavior\BuildLiteBehavior [ RunTime:0.000031s ]
INFO: [ app_init ] --END-- [ RunTime:0.001050s ]
ERR: 无法加载模块:Public

[ 2016-03-10T13:42:19+08:00 ] ::1 /Public/Home/css/font/vjs.ttf
INFO: [ app_init ] --START--
INFO: Run Behavior\BuildLiteBehavior [ RunTime:0.000031s ]
INFO: [ app_init ] --END-- [ RunTime:0.001534s ]
ERR: 无法加载模块:Public

[ 2016-03-10T13:42:21+08:00 ] ::1 /Public/Home/css/font/vjs.woff
INFO: [ app_init ] --START--
INFO: Run Behavior\BuildLiteBehavior [ RunTime:0.000040s ]
INFO: [ app_init ] --END-- [ RunTime:0.001314s ]
ERR: 无法加载模块:Public

[ 2016-03-10T13:42:21+08:00 ] ::1 /Public/Home/css/font/vjs.ttf
INFO: [ app_init ] --START--
INFO: Run Behavior\BuildLiteBehavior [ RunTime:0.000025s ]
INFO: [ app_init ] --END-- [ RunTime:0.001009s ]
ERR: 无法加载模块:Public

[ 2016-03-10T13:42:23+08:00 ] ::1 /Public/Home/css/font/vjs.woff
INFO: [ app_init ] --START--
INFO: Run Behavior\BuildLiteBehavior [ RunTime:0.000026s ]
INFO: [ app_init ] --END-- [ RunTime:0.001048s ]
ERR: 无法加载模块:Public

[ 2016-03-10T13:42:23+08:00 ] ::1 /Public/Home/css/font/vjs.ttf
INFO: [ app_init ] --START--
INFO: Run Behavior\BuildLiteBehavior [ RunTime:0.000029s ]
INFO: [ app_init ] --END-- [ RunTime:0.001143s ]
ERR: 无法加载模块:Public

[ 2016-03-10T13:42:41+08:00 ] ::1 /Public/Home/css/font/vjs.woff
INFO: [ app_init ] --START--
INFO: Run Behavior\BuildLiteBehavior [ RunTime:0.000028s ]
INFO: [ app_init ] --END-- [ RunTime:0.000962s ]
ERR: 无法加载模块:Public

[ 2016-03-10T13:42:41+08:00 ] ::1 /Public/Home/css/font/vjs.ttf
INFO: [ app_init ] --START--
INFO: Run Behavior\BuildLiteBehavior [ RunTime:0.000026s ]
INFO: [ app_init ] --END-- [ RunTime:0.000858s ]
ERR: 无法加载模块:Public

