[ 2016-03-09T10:46:50+08:00 ] ::1 /favicon.ico
INFO: [ app_init ] --START--
INFO: Run Behavior\BuildLiteBehavior [ RunTime:0.000028s ]
INFO: [ app_init ] --END-- [ RunTime:0.000798s ]
ERR: 无法加载模块:Favicon

[ 2016-03-09T10:47:05+08:00 ] ::1 /favicon.ico
INFO: [ app_init ] --START--
INFO: Run Behavior\BuildLiteBehavior [ RunTime:0.000030s ]
INFO: [ app_init ] --END-- [ RunTime:0.000887s ]
ERR: 无法加载模块:Favicon

[ 2016-03-09T10:47:25+08:00 ] ::1 /Public/Home/css/font/vjs.woff
INFO: [ app_init ] --START--
INFO: Run Behavior\BuildLiteBehavior [ RunTime:0.000027s ]
INFO: [ app_init ] --END-- [ RunTime:0.000773s ]
ERR: 无法加载模块:Public

[ 2016-03-09T10:47:25+08:00 ] ::1 /Public/Home/css/font/vjs.ttf
INFO: [ app_init ] --START--
INFO: Run Behavior\BuildLiteBehavior [ RunTime:0.000030s ]
INFO: [ app_init ] --END-- [ RunTime:0.000761s ]
ERR: 无法加载模块:Public

[ 2016-03-09T10:47:28+08:00 ] ::1 /Public/Home/css/font/vjs.woff
INFO: [ app_init ] --START--
INFO: Run Behavior\BuildLiteBehavior [ RunTime:0.000025s ]
INFO: [ app_init ] --END-- [ RunTime:0.000751s ]
ERR: 无法加载模块:Public

[ 2016-03-09T10:47:28+08:00 ] ::1 /Public/Home/css/font/vjs.ttf
INFO: [ app_init ] --START--
INFO: Run Behavior\BuildLiteBehavior [ RunTime:0.000028s ]
INFO: [ app_init ] --END-- [ RunTime:0.000926s ]
ERR: 无法加载模块:Public

[ 2016-03-09T10:47:30+08:00 ] ::1 /favicon.ico
INFO: [ app_init ] --START--
INFO: Run Behavior\BuildLiteBehavior [ RunTime:0.000018s ]
INFO: [ app_init ] --END-- [ RunTime:0.000532s ]
ERR: 无法加载模块:Favicon

[ 2016-03-09T10:47:30+08:00 ] ::1 /Public/Home/css/font/vjs.woff
INFO: [ app_init ] --START--
INFO: Run Behavior\BuildLiteBehavior [ RunTime:0.000027s ]
INFO: [ app_init ] --END-- [ RunTime:0.000974s ]
ERR: 无法加载模块:Public

[ 2016-03-09T10:47:30+08:00 ] ::1 /Public/Home/css/font/vjs.ttf
INFO: [ app_init ] --START--
INFO: Run Behavior\BuildLiteBehavior [ RunTime:0.000023s ]
INFO: [ app_init ] --END-- [ RunTime:0.000598s ]
ERR: 无法加载模块:Public

[ 2016-03-09T10:47:32+08:00 ] ::1 /favicon.ico
INFO: [ app_init ] --START--
INFO: Run Behavior\BuildLiteBehavior [ RunTime:0.000017s ]
INFO: [ app_init ] --END-- [ RunTime:0.000459s ]
ERR: 无法加载模块:Favicon

[ 2016-03-09T11:06:54+08:00 ] ::1 /favicon.ico
INFO: [ app_init ] --START--
INFO: Run Behavior\BuildLiteBehavior [ RunTime:0.000029s ]
INFO: [ app_init ] --END-- [ RunTime:0.001183s ]
ERR: 无法加载模块:Favicon

[ 2016-03-09T11:52:35+08:00 ] ::1 /favicon.ico
INFO: [ app_init ] --START--
INFO: Run Behavior\BuildLiteBehavior [ RunTime:0.000031s ]
INFO: [ app_init ] --END-- [ RunTime:0.000786s ]
ERR: 无法加载模块:Favicon

[ 2016-03-09T11:52:40+08:00 ] ::1 /favicon.ico
INFO: [ app_init ] --START--
INFO: Run Behavior\BuildLiteBehavior [ RunTime:0.000029s ]
INFO: [ app_init ] --END-- [ RunTime:0.001054s ]
ERR: 无法加载模块:Favicon

[ 2016-03-09T11:53:15+08:00 ] ::1 /Public/Home/css/font/vjs.woff
INFO: [ app_init ] --START--
INFO: Run Behavior\BuildLiteBehavior [ RunTime:0.000027s ]
INFO: [ app_init ] --END-- [ RunTime:0.000941s ]
ERR: 无法加载模块:Public

[ 2016-03-09T11:53:15+08:00 ] ::1 /Public/Home/css/font/vjs.ttf
INFO: [ app_init ] --START--
INFO: Run Behavior\BuildLiteBehavior [ RunTime:0.000028s ]
INFO: [ app_init ] --END-- [ RunTime:0.000967s ]
ERR: 无法加载模块:Public

[ 2016-03-09T14:09:25+08:00 ] ::1 /Public/Home/css/font/vjs.woff
INFO: [ app_init ] --START--
INFO: Run Behavior\BuildLiteBehavior [ RunTime:0.000033s ]
INFO: [ app_init ] --END-- [ RunTime:0.001385s ]
ERR: 无法加载模块:Public

[ 2016-03-09T14:09:25+08:00 ] ::1 /Public/Home/css/font/vjs.ttf
INFO: [ app_init ] --START--
INFO: Run Behavior\BuildLiteBehavior [ RunTime:0.000025s ]
INFO: [ app_init ] --END-- [ RunTime:0.000895s ]
ERR: 无法加载模块:Public

[ 2016-03-09T14:09:28+08:00 ] ::1 /Public/Home/css/font/vjs.woff
INFO: [ app_init ] --START--
INFO: Run Behavior\BuildLiteBehavior [ RunTime:0.000031s ]
INFO: [ app_init ] --END-- [ RunTime:0.000982s ]
ERR: 无法加载模块:Public

[ 2016-03-09T14:09:28+08:00 ] ::1 /Public/Home/css/font/vjs.ttf
INFO: [ app_init ] --START--
INFO: Run Behavior\BuildLiteBehavior [ RunTime:0.000039s ]
INFO: [ app_init ] --END-- [ RunTime:0.001423s ]
ERR: 无法加载模块:Public

[ 2016-03-09T14:09:33+08:00 ] ::1 /Public/Home/css/font/vjs.woff
INFO: [ app_init ] --START--
INFO: Run Behavior\BuildLiteBehavior [ RunTime:0.000040s ]
INFO: [ app_init ] --END-- [ RunTime:0.001365s ]
ERR: 无法加载模块:Public

[ 2016-03-09T14:09:33+08:00 ] ::1 /Public/Home/css/font/vjs.ttf
INFO: [ app_init ] --START--
INFO: Run Behavior\BuildLiteBehavior [ RunTime:0.000042s ]
INFO: [ app_init ] --END-- [ RunTime:0.003694s ]
ERR: 无法加载模块:Public

[ 2016-03-09T16:25:58+08:00 ] ::1 /Public/Home/css/font/vjs.woff
INFO: [ app_init ] --START--
INFO: Run Behavior\BuildLiteBehavior [ RunTime:0.000028s ]
INFO: [ app_init ] --END-- [ RunTime:0.000939s ]
ERR: 无法加载模块:Public

[ 2016-03-09T16:25:58+08:00 ] ::1 /Public/Home/css/font/vjs.ttf
INFO: [ app_init ] --START--
INFO: Run Behavior\BuildLiteBehavior [ RunTime:0.000028s ]
INFO: [ app_init ] --END-- [ RunTime:0.000914s ]
ERR: 无法加载模块:Public

[ 2016-03-09T17:49:30+08:00 ] 127.0.0.1 /messenger-front/get?c=nN640gDS6JsX0M9N3yIyZAEBPpBGNAjwJvj3Xz4i2QnP4GZtQa087eSNRIGvydeDRTbG4ehwL5RHwi%2BtmX%2BRPcMeLkLHol7PeSCJJzD5WKtNXKjWfU2h6xLbwQFTdcbkDtjoaPmMgtDJX4iUFY2%2F%2BE7xwPGYScEShcgj41t3eIzl1aHW5%2B7VVTg6ocXHzKesShSLck8R4zox8VEMc8524o4yhjkYACwSZupN799jT0aKkXaolzLrj6VTLmTj43SwXPsUVDjMPm9kJ0T07G6WeTOTCPPA8wHTmp7vNH6qpFpKBV7GCTI%2BhRQQuGvp1B%2Bsdj0YdCLWrmnvMu2QdoA2f2KVyIh0GZF6PQRDlnqdTsQm5pbdqHgvDOyMgVuBlczetfp9R3C8scWtLBDRw%2Fa%2Fz2LRaB2PzqMQCi%2Fekr2BNJR1XKR0lQfEprgyggX9w8mtcmYsV%2BxRMCSxHVyt1c7kDNhwNprbeGIrMvr7zSRILmz%2BDNKPeKufw7D56PiDHmpkh2VEhHK7t%2BWsOYAU7uYlHCr0SymFPqTPNynUcfLooRjlkKMYdwZ3n1gyPg08q67Aj2WnRSIAsWfCP4cSjl0oELmHDFORGm2OrDDbWqwVGMFuxOEoZH1ni6S5iLgWCfJIuoSYXdl%2B1yKiT%2FzjeBTTPY4%2FlgsavBpKLWHdz6zG1ZqBmm1gVMZyTZwxp4Ooi0bQi9yKMHmnA1livdRegUzv4MXZXyNiaEypax3DvlZvF%2BEO79WsNSAS1NlNHwhcdMClym69VspKMhO19M%2FP34MFsRaBhteceeIMZJOv3oC9DOMfvQPGpqr%2B%2FMLXlcTCkxM4zE7S4kSmWKWoidYydBX7UYuGCMvOiHnMH1S0l5gippC7fzyPNt6ih1xSWXePEoFdCZmM9mQ7exRgDg4rer6a0vjHvphePlDdM%2BHSwHErEIXLclShv%2FRIrD62fzKn1Pd6XrbdiBnrFLDjxL1877x1ZaWPdhQb0u0ozp6hiI4mPxHy9vEHXPiRPwsARbzrpNYBIdL98K%2FWmb2mcAlyilhFkeKiTEYNUNB4asJy%2F2FWCGii%2BzcoWreT%2FAfxFhSpJ6yVRx4ZBbwG2QkWyI23o%2Bjm7THLbUMKktsYMe1QC3HxoiBXij5pYA2kW%2B8QemktxL%2B%2BtxUs0NTjkHP3v2%2BhvdvBEsTJkm%2FIrFdPYvYUg4mVVaXvWud%2F0frH5A%3D%3D&v=1
INFO: [ app_init ] --START--
INFO: Run Behavior\BuildLiteBehavior [ RunTime:0.000018s ]
INFO: [ app_init ] --END-- [ RunTime:0.000633s ]
ERR: 无法加载模块:Messenger-front

[ 2016-03-09T17:54:49+08:00 ] ::1 /index.php/Adminen1/Invest/index
INFO: [ app_init ] --START--
INFO: Run Behavior\BuildLiteBehavior [ RunTime:0.000019s ]
INFO: [ app_init ] --END-- [ RunTime:0.000741s ]
ERR: 无法加载模块:Adminen1

[ 2016-03-09T17:55:37+08:00 ] ::1 /index.php/Adminen1/Invest/index
INFO: [ app_init ] --START--
INFO: Run Behavior\BuildLiteBehavior [ RunTime:0.000016s ]
INFO: [ app_init ] --END-- [ RunTime:0.000567s ]
ERR: 无法加载模块:Adminen1

