[ 2016-04-07T22:03:10+08:00 ] ::1 /Public/Home/css/font/vjs.woff
INFO: [ app_init ] --START--
INFO: Run Behavior\BuildLiteBehavior [ RunTime:0.000029s ]
INFO: [ app_init ] --END-- [ RunTime:0.000957s ]
ERR: 无法加载模块:Public

[ 2016-04-07T22:03:10+08:00 ] ::1 /Public/Home/css/font/vjs.ttf
INFO: [ app_init ] --START--
INFO: Run Behavior\BuildLiteBehavior [ RunTime:0.000022s ]
INFO: [ app_init ] --END-- [ RunTime:0.000632s ]
ERR: 无法加载模块:Public

[ 2016-04-07T22:03:11+08:00 ] ::1 /Public/Home/css/font/vjs.woff
INFO: [ app_init ] --START--
INFO: Run Behavior\BuildLiteBehavior [ RunTime:0.000030s ]
INFO: [ app_init ] --END-- [ RunTime:0.000893s ]
ERR: 无法加载模块:Public

[ 2016-04-07T22:03:11+08:00 ] ::1 /Public/Home/css/font/vjs.ttf
INFO: [ app_init ] --START--
INFO: Run Behavior\BuildLiteBehavior [ RunTime:0.000022s ]
INFO: [ app_init ] --END-- [ RunTime:0.000744s ]
ERR: 无法加载模块:Public

[ 2016-04-07T22:03:21+08:00 ] ::1 /index.php/Home5/Index
INFO: [ app_init ] --START--
INFO: Run Behavior\BuildLiteBehavior [ RunTime:0.000028s ]
INFO: [ app_init ] --END-- [ RunTime:0.000833s ]
ERR: 无法加载模块:Home5

[ 2016-04-07T22:05:44+08:00 ] 127.0.0.1 /messenger-front/get?c=nN640gDS6JvhLGVcrlwz0bCRKXVHrYH%2FaQAyyzd3n2Hevhvin8KayUKXbnAZAiH%2F7eYrbmsVik1GvhzTEBTW%2FAVRrcChaLMgxg%2Bz%2BT0eGurmXXgkeSuKFFBb8Pw02iJROCsyslY8O0ZtSPd7tJAF%2BKRrf0MNoDG0PLLnQQjbUpXZSQ7xOaA2ZPSZVp36BaWo5w4YpFTlOZO6%2FRZdyb3fyJJ45hr03%2Fruuyhs6HSV809tBpjmN9tvWE9QU%2F9zxnUk557Cdlr5yitHLnr9tjaHAMt1hRjHTSA4VmOSBqaPh1SCs9PUqLkpI0MFsHm5sEmpT6D8iOVGNfLKkWysgxGkQ7XNxRrdBScG%2FMEIBmN58BM2ljrMJFNJp2RpywkynAScJ1cuDQLFDujaunoKNjbaRRHO0kbkiPPkX7KdBXXHLMhiuTCv92aeYnHXX2KKip3rKkI4esCBXPm4dm%2F3%2BVD67si0YO63vWTdx1pwhtcTISy9%2FoTf3DSMr3I7kzHGpaleCKbpse1TllslkI79JVWiDC5eVNUvXKx5JlXPGai1lSYdGWqxqSd3zPNm5bqnJ4s2eQotas6ku%2FHz2wOqQR40yq%2FOF%2FRmYKszC%2FLLXJ%2BatAkROmw3IwqCXPla8qNh8srhmUvqbuKKz%2BSDB4dnU17vbX7B%2BgrkrNxoOsBkvix9dLFWYUZkVjg7yF97G%2FtdLG54Hu9NVgUlnzmVJlLnFgl1TOZGkwQ9kfByJHk0UbopMNjUWbyYe99uGdiyvVghvSlD%2FH2Bny4ANYL8DB1xhqiCjVq40L3jF7I4rW7FOwZrojljzjekIImmAtkxQ6ASliBL7qk9SkF32gJbUB793CdOInjLPLcHph0a8wyrljay4hontbO81XZsG47kBi2ySNSCem0kXsAf5qHztvjjTyT0dbBZdG8W7bEg0GaYY6BsQ%2Bk4wTbP8ef58PmjgVI2jdCru%2BZqKP7bsSVhFZBqTyhs4nugF1SS1wk%2F7xqEjQrj%2F18imvbP0W7ZN5rwU2qNF2e2cY9glVnbQpZeB6qCEwe6X5bUGSmKKcy7cWajAMI8xt%2BDErrkIpfUbmirSog8yPNMCT5td7nGa1UAp38sHA90U2OiivaDOxY6NAyR8sDja8cOZAb%2FAgz2k628xG6r3MPLjtj5QePkbYvQbIczX%2FtBnz1RHVJReGxJ%2BZxW08i2jTr%2BTGKx0rWEieXGX2MjgozC52mOY2KkUGXN6eKRPjRPztvLNr0HoEoo&v=1
INFO: [ app_init ] --START--
INFO: Run Behavior\BuildLiteBehavior [ RunTime:0.000015s ]
INFO: [ app_init ] --END-- [ RunTime:0.000547s ]
ERR: 无法加载模块:Messenger-front

