[ 2016-05-02T15:01:35+08:00 ] ::1 /Public/Home/css/font/vjs.woff
INFO: [ app_init ] --START--
INFO: Run Behavior\BuildLiteBehavior [ RunTime:0.000042s ]
INFO: [ app_init ] --END-- [ RunTime:0.001159s ]
ERR: 无法加载模块:Public

[ 2016-05-02T15:01:36+08:00 ] ::1 /Public/Home/css/font/vjs.ttf
INFO: [ app_init ] --START--
INFO: Run Behavior\BuildLiteBehavior [ RunTime:0.000036s ]
INFO: [ app_init ] --END-- [ RunTime:0.002412s ]
ERR: 无法加载模块:Public

[ 2016-05-02T15:02:07+08:00 ] ::1 /Public/Home/css/font/vjs.woff
INFO: [ app_init ] --START--
INFO: Run Behavior\BuildLiteBehavior [ RunTime:0.000024s ]
INFO: [ app_init ] --END-- [ RunTime:0.000646s ]
ERR: 无法加载模块:Public

[ 2016-05-02T15:02:07+08:00 ] ::1 /Public/Home/css/font/vjs.ttf
INFO: [ app_init ] --START--
INFO: Run Behavior\BuildLiteBehavior [ RunTime:0.000022s ]
INFO: [ app_init ] --END-- [ RunTime:0.000923s ]
ERR: 无法加载模块:Public

[ 2016-05-02T15:06:35+08:00 ] ::1 /Public/Home/css/font/vjs.woff
INFO: [ app_init ] --START--
INFO: Run Behavior\BuildLiteBehavior [ RunTime:0.000021s ]
INFO: [ app_init ] --END-- [ RunTime:0.000574s ]
ERR: 无法加载模块:Public

[ 2016-05-02T15:06:35+08:00 ] ::1 /Public/Home/css/font/vjs.ttf
INFO: [ app_init ] --START--
INFO: Run Behavior\BuildLiteBehavior [ RunTime:0.000018s ]
INFO: [ app_init ] --END-- [ RunTime:0.000528s ]
ERR: 无法加载模块:Public

