[ 2016-04-16T09:46:11+08:00 ] ::1 /Public/Home/css/font/vjs.woff
INFO: [ app_init ] --START--
INFO: Run Behavior\BuildLiteBehavior [ RunTime:0.000039s ]
INFO: [ app_init ] --END-- [ RunTime:0.001139s ]
ERR: 无法加载模块:Public

[ 2016-04-16T09:46:12+08:00 ] ::1 /Public/Home/css/font/vjs.ttf
INFO: [ app_init ] --START--
INFO: Run Behavior\BuildLiteBehavior [ RunTime:0.000023s ]
INFO: [ app_init ] --END-- [ RunTime:0.000675s ]
ERR: 无法加载模块:Public

[ 2016-04-16T12:56:16+08:00 ] ::1 /Public/Home/css/font/vjs.woff
INFO: [ app_init ] --START--
INFO: Run Behavior\BuildLiteBehavior [ RunTime:0.000018s ]
INFO: [ app_init ] --END-- [ RunTime:0.000550s ]
ERR: 无法加载模块:Public

[ 2016-04-16T12:56:16+08:00 ] ::1 /Public/Home/css/font/vjs.ttf
INFO: [ app_init ] --START--
INFO: Run Behavior\BuildLiteBehavior [ RunTime:0.000022s ]
INFO: [ app_init ] --END-- [ RunTime:0.000660s ]
ERR: 无法加载模块:Public

[ 2016-04-16T12:56:29+08:00 ] ::1 /Public/Home/css/font/vjs.woff
INFO: [ app_init ] --START--
INFO: Run Behavior\BuildLiteBehavior [ RunTime:0.000025s ]
INFO: [ app_init ] --END-- [ RunTime:0.000630s ]
ERR: 无法加载模块:Public

[ 2016-04-16T12:56:29+08:00 ] ::1 /Public/Home/css/font/vjs.ttf
INFO: [ app_init ] --START--
INFO: Run Behavior\BuildLiteBehavior [ RunTime:0.000018s ]
INFO: [ app_init ] --END-- [ RunTime:0.000516s ]
ERR: 无法加载模块:Public

[ 2016-04-16T13:01:29+08:00 ] ::1 /Public/Home/css/font/vjs.woff
INFO: [ app_init ] --START--
INFO: Run Behavior\BuildLiteBehavior [ RunTime:0.000042s ]
INFO: [ app_init ] --END-- [ RunTime:0.001093s ]
ERR: 无法加载模块:Public

[ 2016-04-16T13:01:29+08:00 ] ::1 /Public/Home/css/font/vjs.ttf
INFO: [ app_init ] --START--
INFO: Run Behavior\BuildLiteBehavior [ RunTime:0.000023s ]
INFO: [ app_init ] --END-- [ RunTime:0.000690s ]
ERR: 无法加载模块:Public

[ 2016-04-16T13:01:45+08:00 ] ::1 /Public/Home/css/font/vjs.woff
INFO: [ app_init ] --START--
INFO: Run Behavior\BuildLiteBehavior [ RunTime:0.000018s ]
INFO: [ app_init ] --END-- [ RunTime:0.000518s ]
ERR: 无法加载模块:Public

[ 2016-04-16T13:01:45+08:00 ] ::1 /Public/Home/css/font/vjs.ttf
INFO: [ app_init ] --START--
INFO: Run Behavior\BuildLiteBehavior [ RunTime:0.000029s ]
INFO: [ app_init ] --END-- [ RunTime:0.000892s ]
ERR: 无法加载模块:Public

[ 2016-04-16T13:04:13+08:00 ] ::1 /Public/Home/css/font/vjs.woff
INFO: [ app_init ] --START--
INFO: Run Behavior\BuildLiteBehavior [ RunTime:0.000021s ]
INFO: [ app_init ] --END-- [ RunTime:0.000627s ]
ERR: 无法加载模块:Public

[ 2016-04-16T13:04:13+08:00 ] ::1 /Public/Home/css/font/vjs.ttf
INFO: [ app_init ] --START--
INFO: Run Behavior\BuildLiteBehavior [ RunTime:0.000021s ]
INFO: [ app_init ] --END-- [ RunTime:0.000558s ]
ERR: 无法加载模块:Public

[ 2016-04-16T13:04:36+08:00 ] ::1 /Public/Home/css/font/vjs.woff
INFO: [ app_init ] --START--
INFO: Run Behavior\BuildLiteBehavior [ RunTime:0.000034s ]
INFO: [ app_init ] --END-- [ RunTime:0.001074s ]
ERR: 无法加载模块:Public

[ 2016-04-16T13:04:36+08:00 ] ::1 /Public/Home/css/font/vjs.ttf
INFO: [ app_init ] --START--
INFO: Run Behavior\BuildLiteBehavior [ RunTime:0.000030s ]
INFO: [ app_init ] --END-- [ RunTime:0.001031s ]
ERR: 无法加载模块:Public

[ 2016-04-16T13:32:47+08:00 ] ::1 /Public/Home/css/font/vjs.woff
INFO: [ app_init ] --START--
INFO: Run Behavior\BuildLiteBehavior [ RunTime:0.000029s ]
INFO: [ app_init ] --END-- [ RunTime:0.000809s ]
ERR: 无法加载模块:Public

[ 2016-04-16T13:32:47+08:00 ] ::1 /Public/Home/css/font/vjs.ttf
INFO: [ app_init ] --START--
INFO: Run Behavior\BuildLiteBehavior [ RunTime:0.000024s ]
INFO: [ app_init ] --END-- [ RunTime:0.000687s ]
ERR: 无法加载模块:Public

[ 2016-04-16T13:33:59+08:00 ] ::1 /Public/Home/css/font/vjs.woff
INFO: [ app_init ] --START--
INFO: Run Behavior\BuildLiteBehavior [ RunTime:0.000020s ]
INFO: [ app_init ] --END-- [ RunTime:0.000590s ]
ERR: 无法加载模块:Public

[ 2016-04-16T13:33:59+08:00 ] ::1 /Public/Home/css/font/vjs.ttf
INFO: [ app_init ] --START--
INFO: Run Behavior\BuildLiteBehavior [ RunTime:0.000022s ]
INFO: [ app_init ] --END-- [ RunTime:0.000665s ]
ERR: 无法加载模块:Public

[ 2016-04-16T13:34:12+08:00 ] ::1 /Public/Home/css/font/vjs.woff
INFO: [ app_init ] --START--
INFO: Run Behavior\BuildLiteBehavior [ RunTime:0.000027s ]
INFO: [ app_init ] --END-- [ RunTime:0.000883s ]
ERR: 无法加载模块:Public

[ 2016-04-16T13:34:12+08:00 ] ::1 /Public/Home/css/font/vjs.ttf
INFO: [ app_init ] --START--
INFO: Run Behavior\BuildLiteBehavior [ RunTime:0.000032s ]
INFO: [ app_init ] --END-- [ RunTime:0.001670s ]
ERR: 无法加载模块:Public

[ 2016-04-16T13:34:14+08:00 ] ::1 /Public/Home/css/font/vjs.woff
INFO: [ app_init ] --START--
INFO: Run Behavior\BuildLiteBehavior [ RunTime:0.000028s ]
INFO: [ app_init ] --END-- [ RunTime:0.000785s ]
ERR: 无法加载模块:Public

[ 2016-04-16T13:34:14+08:00 ] ::1 /Public/Home/css/font/vjs.ttf
INFO: [ app_init ] --START--
INFO: Run Behavior\BuildLiteBehavior [ RunTime:0.000024s ]
INFO: [ app_init ] --END-- [ RunTime:0.000674s ]
ERR: 无法加载模块:Public

[ 2016-04-16T13:34:19+08:00 ] ::1 /Public/Home/css/font/vjs.woff
INFO: [ app_init ] --START--
INFO: Run Behavior\BuildLiteBehavior [ RunTime:0.000029s ]
INFO: [ app_init ] --END-- [ RunTime:0.000824s ]
ERR: 无法加载模块:Public

[ 2016-04-16T13:34:19+08:00 ] ::1 /Public/Home/css/font/vjs.ttf
INFO: [ app_init ] --START--
INFO: Run Behavior\BuildLiteBehavior [ RunTime:0.000024s ]
INFO: [ app_init ] --END-- [ RunTime:0.000669s ]
ERR: 无法加载模块:Public

[ 2016-04-16T13:34:25+08:00 ] ::1 /Public/Home/css/font/vjs.woff
INFO: [ app_init ] --START--
INFO: Run Behavior\BuildLiteBehavior [ RunTime:0.000033s ]
INFO: [ app_init ] --END-- [ RunTime:0.000955s ]
ERR: 无法加载模块:Public

[ 2016-04-16T13:34:25+08:00 ] ::1 /Public/Home/css/font/vjs.ttf
INFO: [ app_init ] --START--
INFO: Run Behavior\BuildLiteBehavior [ RunTime:0.000023s ]
INFO: [ app_init ] --END-- [ RunTime:0.000700s ]
ERR: 无法加载模块:Public

[ 2016-04-16T13:34:35+08:00 ] ::1 /Public/Home/css/font/vjs.woff
INFO: [ app_init ] --START--
INFO: Run Behavior\BuildLiteBehavior [ RunTime:0.000018s ]
INFO: [ app_init ] --END-- [ RunTime:0.000571s ]
ERR: 无法加载模块:Public

[ 2016-04-16T13:34:35+08:00 ] ::1 /Public/Home/css/font/vjs.ttf
INFO: [ app_init ] --START--
INFO: Run Behavior\BuildLiteBehavior [ RunTime:0.000039s ]
INFO: [ app_init ] --END-- [ RunTime:0.000664s ]
ERR: 无法加载模块:Public

[ 2016-04-16T13:34:40+08:00 ] ::1 /Public/Home/css/font/vjs.woff
INFO: [ app_init ] --START--
INFO: Run Behavior\BuildLiteBehavior [ RunTime:0.000019s ]
INFO: [ app_init ] --END-- [ RunTime:0.000611s ]
ERR: 无法加载模块:Public

[ 2016-04-16T13:34:40+08:00 ] ::1 /Public/Home/css/font/vjs.ttf
INFO: [ app_init ] --START--
INFO: Run Behavior\BuildLiteBehavior [ RunTime:0.000030s ]
INFO: [ app_init ] --END-- [ RunTime:0.000674s ]
ERR: 无法加载模块:Public

[ 2016-04-16T13:34:43+08:00 ] ::1 /index.php/Home6/Index
INFO: [ app_init ] --START--
INFO: Run Behavior\BuildLiteBehavior [ RunTime:0.000028s ]
INFO: [ app_init ] --END-- [ RunTime:0.000904s ]
ERR: 无法加载模块:Home6

[ 2016-04-16T13:35:44+08:00 ] 23.251.40.103 http://www.mesregies.com/azz.php
INFO: [ app_init ] --START--
INFO: Run Behavior\BuildLiteBehavior [ RunTime:0.000019s ]
INFO: [ app_init ] --END-- [ RunTime:0.000730s ]
ERR: 无法加载模块:Azz

[ 2016-04-16T13:54:57+08:00 ] 107.151.226.203 http://www.proxy-listen.de/azenv.php
INFO: [ app_init ] --START--
INFO: Run Behavior\BuildLiteBehavior [ RunTime:0.000024s ]
INFO: [ app_init ] --END-- [ RunTime:0.001038s ]
ERR: 无法加载模块:Azenv

[ 2016-04-16T14:08:20+08:00 ] 107.151.226.203 http://www.proxyjudge.info/azenv.php
INFO: [ app_init ] --START--
INFO: Run Behavior\BuildLiteBehavior [ RunTime:0.000018s ]
INFO: [ app_init ] --END-- [ RunTime:0.000669s ]
ERR: 无法加载模块:Azenv

[ 2016-04-16T14:27:05+08:00 ] 127.0.0.1 /messenger-front/get?c=nN640gDS6JuLBAY8UNpHHDiRWcBskMtb5QXRotQ11HCp37fAUT0SJjrY9avLWdr%2BCwZfiCijIlhF1JO6QV0XNIrbOtpBtErzmHMrn2FrTAq2IUkxmPnqphPm1H4Mt1%2FV0U0o65c828fnd5L9%2BlUABc1OTCdr3JMK43vFxtSF%2BRLlxjDlb5WqhDn%2FltkrUbV4vz2Go0GztCoyuBnSiElyD9V%2BN9xRA3as5RFgSYylYdDEweOxnE5ebjSdspX1xVv7JxWia6STh79fGHAvjhVsHrs0ImFjiiHTQTeb2vp2yS7d4xl%2B2jez0Oh7xT7GpK4BleqfvKh1oJYe0NfdJdb%2Fc6NF2QajywE%2FnZb%2FFw4jBKpscYimODPawXxWMJFvrcenuBt61bhB4IV0Y94KUogGCcAUBUrl7LFhLJeMpc4Dgmwy0n7vn%2FR1HJKaxdvxmz4Jn%2Bs0XPVLIo02cyb%2FT0AZpwR2elKtOLB6So5R0Z4%2Bn7scUxLty%2Bo2YYFjP%2BJFJkkaegf6Tk4tGwtABdSJu5qmmWbHpocNxSAGC9hKNRD01UtxJDRH6T9Z8AnpIHx9s3hvR9CUG4JoryqxSbhmiyJ59nqsJh3bL4skXuQwIj%2FojvtMkizvJ%2BCqQJOuOkJVlramFJB7svOBQYICwkZU4rY%2FuWm%2BW7BETThcnYfvxkZhmZuP3JRZjKzAb1vREhdJvbqODawdecEfrhFm4c8JqlKeuAzKCJPHcPR7qkkoP6ImY1q2HBBz3L1xdw8NayVOTQLFPDJeVcSq5svFwC64jFrRrdbmJzxhgEyqS6Xp6RFx8iFzqfpSVd%2FVMceaSUSZIV7F3xhMoD32ZgpxoXmKahIwLYOmLWnxdUuT9%2FP%2Bt7atN4txVreVp5YruLjosu4J5LPLWroNg3At9cDlzNHstLlhL3DxVexM05UCyfazmsqj40Q3%2FImxiEcZoRwqBauv2Mb9moUG9efHp9dmLYZWpdhFmU87rJPW4VkrYLOeglTcOxpjzAgL8CkwUV9uQjL5Mj5i63Qjixu%2FLzF8ioXmLaQP8ZPhDW96liYaT5twm8Pdvnre%2BaE8HVRrYwqgdrCkBDA2KodS5rXzaHx7vZV%2BbzRWN4YKry84s5nqqGAKRby%2FMQm1JefenuLqiSlcYLFD49wxVSPxqOP8HrX%2BHRV7PaATXlw9M5xbWZPMtdrnTVUeJtzYotDbVzlpnWNNAb%2Bc4txHkktsDoxKtI3W7KKTkHcZKFIcgORccAyFZdDXyBiNufqSkqfrV3Uaev1gFz9Tpqi6&v=1
INFO: [ app_init ] --START--
INFO: Run Behavior\BuildLiteBehavior [ RunTime:0.000017s ]
INFO: [ app_init ] --END-- [ RunTime:0.000691s ]
ERR: 无法加载模块:Messenger-front

