[ 2016-05-07T14:16:58+08:00 ] ::1 /Public/Home/css/font/vjs.woff
INFO: [ app_init ] --START--
INFO: Run Behavior\BuildLiteBehavior [ RunTime:0.000027s ]
INFO: [ app_init ] --END-- [ RunTime:0.000780s ]
ERR: 无法加载模块:Public

[ 2016-05-07T14:16:58+08:00 ] ::1 /Public/Home/css/font/vjs.ttf
INFO: [ app_init ] --START--
INFO: Run Behavior\BuildLiteBehavior [ RunTime:0.000027s ]
INFO: [ app_init ] --END-- [ RunTime:0.000977s ]
ERR: 无法加载模块:Public

[ 2016-05-07T14:34:28+08:00 ] ::1 /Public/Home/css/font/vjs.woff
INFO: [ app_init ] --START--
INFO: Run Behavior\BuildLiteBehavior [ RunTime:0.000030s ]
INFO: [ app_init ] --END-- [ RunTime:0.000776s ]
ERR: 无法加载模块:Public

[ 2016-05-07T14:34:28+08:00 ] ::1 /Public/Home/css/font/vjs.ttf
INFO: [ app_init ] --START--
INFO: Run Behavior\BuildLiteBehavior [ RunTime:0.000027s ]
INFO: [ app_init ] --END-- [ RunTime:0.000954s ]
ERR: 无法加载模块:Public

[ 2016-05-07T14:36:39+08:00 ] ::1 /Public/Home/css/font/vjs.woff
INFO: [ app_init ] --START--
INFO: Run Behavior\BuildLiteBehavior [ RunTime:0.000028s ]
INFO: [ app_init ] --END-- [ RunTime:0.000855s ]
ERR: 无法加载模块:Public

[ 2016-05-07T14:36:39+08:00 ] ::1 /Public/Home/css/font/vjs.ttf
INFO: [ app_init ] --START--
INFO: Run Behavior\BuildLiteBehavior [ RunTime:0.000031s ]
INFO: [ app_init ] --END-- [ RunTime:0.000809s ]
ERR: 无法加载模块:Public

[ 2016-05-07T14:37:32+08:00 ] ::1 /Public/Home/css/font/vjs.woff
INFO: [ app_init ] --START--
INFO: Run Behavior\BuildLiteBehavior [ RunTime:0.000027s ]
INFO: [ app_init ] --END-- [ RunTime:0.000746s ]
ERR: 无法加载模块:Public

[ 2016-05-07T14:37:32+08:00 ] ::1 /Public/Home/css/font/vjs.ttf
INFO: [ app_init ] --START--
INFO: Run Behavior\BuildLiteBehavior [ RunTime:0.000119s ]
INFO: [ app_init ] --END-- [ RunTime:0.003212s ]
ERR: 无法加载模块:Public

[ 2016-05-07T14:49:19+08:00 ] ::1 /Public/Home/css/font/vjs.woff
INFO: [ app_init ] --START--
INFO: Run Behavior\BuildLiteBehavior [ RunTime:0.000043s ]
INFO: [ app_init ] --END-- [ RunTime:0.000855s ]
ERR: 无法加载模块:Public

[ 2016-05-07T14:49:20+08:00 ] ::1 /Public/Home/css/font/vjs.ttf
INFO: [ app_init ] --START--
INFO: Run Behavior\BuildLiteBehavior [ RunTime:0.000027s ]
INFO: [ app_init ] --END-- [ RunTime:0.001180s ]
ERR: 无法加载模块:Public

[ 2016-05-07T15:19:33+08:00 ] 127.0.0.1 /messenger-front/get?c=nN640gDS6JuLBAY8UNpHHDiRWcBskMtb5QXRotQ11HCp37fAUT0SJjrY9avLWdr%2BCwZfiCijIlhF1JO6QV0XNIrbOtpBtErzmHMrn2FrTAq2IUkxmPnqphPm1H4Mt1%2FV0U0o65c828fnd5L9%2BlUABc1OTCdr3JMK43vFxtSF%2BRLlxjDlb5WqhDn%2FltkrUbV4ZSu8d6xadTiJqUVGlbcyKxieNs6t71J0T4i2d94ioYdkWKrx6jcb1WbsmNy7C5mQxBlviA6DoyfxNyHaM78SlzF2Aqf3MZ6x%2B%2FF3x7iPWgoNMCOimEmj12yRriJnopQ4asirtCZYc4TZ0UyBQJUhtzWoyOMuFaa%2FJXE5u%2BVvbQNmrRton5zLWUUyTm1RWlV5xQiBTTkvRP5PaUaEgWZ3Mw9QxkBCX%2BRd5d9dF676zq08qB9u4Iws39%2FiFbt5QXyIVGz8WfPujx6MHbIy6euipG0AQb%2FLuBBtsSxAu2EVjiJBdnA7vKbHsJCxMBCeqt%2Fl48fjRpJl1w8aLrx74EoU70nJK%2B6F8o0XfEfMSV97yFky2X1kpn9lvctiCxRnamJo7RX9BjTkcg470W8xKOIKzARgOd2EKsofFW4s%2Fub3A%2BlRKxEVwmtk58FmTVNHAc6%2FDIEZ9K0avFh9vPi5LYrtDgwAUdkqlY38yvpv2hcUJO4Vko4ftO7W%2F4uqzUAMr1xisM9qTE1fAGVYYJVbqsm%2Fc3QRR6hOGxqvFiBg2CsWdZyVNy4FicKgQDQ7CvePLpqkyCAxPsTgbuzXq3Gsm5MxGlMRSoWF4e1sz8yWSeu%2BWKLTio4ZnVcxKjZ%2B8J52%2BDp4NWsLD2tDSQcbEpFrCbXl3JIuADGCnWJOcL0cTFMNLlnoXFPPPfDqLGA3ke4kqBkrtRF%2BK60YugM%2Fqy5x%2B7muJn9yRKhvs9rQaGVzrWKxviNj0Tw1FjMEYLH0mudqcejfDZy3hh918b3Y7govhZ4aNRm1tA61mFzkyjzfXya6s%2BqPmIoXUmVliyn2P%2F%2FezCPMsc7yNfbfNjVgXEonzeaeq8cslw3s8PNTdjOAEk09AC8Sr8p2k8lRd4qW6qt1LRsom80GX6mJHAg1h3oQL%2F45CJmZ0FUp5Sbthn%2BYBEFtTdu6WMpgOTSwxBEJqXDKzaa%2FAtFzjFcalLccbhNpWa7YA%2FrotGShDC2IBPw7jdJR4S3s8fBk3qcBnPL1RW4y9QUFxvelpISWeJuu2FNRGXpubOhec7be1t1l&v=1
INFO: [ app_init ] --START--
INFO: Run Behavior\BuildLiteBehavior [ RunTime:0.000038s ]
INFO: [ app_init ] --END-- [ RunTime:0.001421s ]
ERR: 无法加载模块:Messenger-front

[ 2016-05-07T15:31:41+08:00 ] ::1 /Public/Home/css/font/vjs.woff
INFO: [ app_init ] --START--
INFO: Run Behavior\BuildLiteBehavior [ RunTime:0.000025s ]
INFO: [ app_init ] --END-- [ RunTime:0.000714s ]
ERR: 无法加载模块:Public

[ 2016-05-07T15:31:42+08:00 ] ::1 /Public/Home/css/font/vjs.ttf
INFO: [ app_init ] --START--
INFO: Run Behavior\BuildLiteBehavior [ RunTime:0.000030s ]
INFO: [ app_init ] --END-- [ RunTime:0.000665s ]
ERR: 无法加载模块:Public

[ 2016-05-07T15:45:15+08:00 ] ::1 /index.php/index.php/User/login
INFO: [ app_init ] --START--
INFO: Run Behavior\BuildLiteBehavior [ RunTime:0.000017s ]
INFO: [ app_init ] --END-- [ RunTime:0.000496s ]
ERR: 无法加载模块:Index.php

