[ 2016-05-03T16:36:00+08:00 ] ::1 /index.php/Homeen1/Index/index
INFO: [ app_init ] --START--
INFO: Run Behavior\BuildLiteBehavior [ RunTime:0.000027s ]
INFO: [ app_init ] --END-- [ RunTime:0.000631s ]
INFO: [ app_begin ] --START--
INFO: Run Behavior\ReadHtmlCacheBehavior [ RunTime:0.001504s ]
INFO: [ app_begin ] --END-- [ RunTime:0.001586s ]
SQL: SHOW COLUMNS FROM `ast_banneren1` [ RunTime:0.0049s ]
SQL: SELECT * FROM `ast_banneren1`  [ RunTime:0.0006s ]
SQL: SHOW COLUMNS FROM `ast_linken1` [ RunTime:0.0046s ]
SQL: SELECT * FROM `ast_linken1`  [ RunTime:0.0005s ]
SQL: SHOW COLUMNS FROM `ast_companyen1` [ RunTime:0.0047s ]
SQL: SHOW COLUMNS FROM `ast_articleen1` [ RunTime:0.0045s ]
SQL: SHOW COLUMNS FROM `ast_producten1` [ RunTime:0.0043s ]
SQL: SHOW COLUMNS FROM `ast_procateen1` [ RunTime:0.0040s ]
SQL: SELECT * FROM `ast_procateen1`  [ RunTime:0.0004s ]
SQL: SELECT * FROM `ast_articleen1` WHERE `art_cateid` = 4 LIMIT 5   [ RunTime:0.0008s ]
SQL: SELECT * FROM `ast_articleen1` WHERE `art_cateid` = 5 LIMIT 3   [ RunTime:0.0004s ]
SQL: SELECT * FROM `ast_articleen1` ORDER BY art_addtime desc LIMIT 2,3   [ RunTime:0.0006s ]
SQL: SELECT * FROM `ast_articleen1` ORDER BY art_addtime desc LIMIT 1   [ RunTime:0.0004s ]
SQL: SELECT * FROM `ast_producten1`  [ RunTime:0.0007s ]
SQL: SELECT * FROM `ast_companyen1`  [ RunTime:0.0003s ]
INFO: [ view_parse ] --START--
INFO: [ template_filter ] --START--
INFO: Run Behavior\ContentReplaceBehavior [ RunTime:0.000133s ]
INFO: [ template_filter ] --END-- [ RunTime:0.000197s ]
INFO: Run Behavior\ParseTemplateBehavior [ RunTime:0.019265s ]
INFO: [ view_parse ] --END-- [ RunTime:0.019335s ]
INFO: [ view_filter ] --START--
INFO: Run Behavior\WriteHtmlCacheBehavior [ RunTime:0.001095s ]
INFO: [ view_filter ] --END-- [ RunTime:0.001147s ]
INFO: [ app_end ] --START--
INFO: Run Behavior\ShowPageTraceBehavior [ RunTime:0.001993s ]
INFO: [ app_end ] --END-- [ RunTime:0.002079s ]

