[ 2016-03-26T10:09:15+08:00 ] ::1 /index.php/Homeen1/Contact/index
INFO: [ app_init ] --START--
INFO: Run Behavior\BuildLiteBehavior [ RunTime:0.000020s ]
INFO: [ app_init ] --END-- [ RunTime:0.001237s ]
INFO: [ app_begin ] --START--
INFO: Run Behavior\ReadHtmlCacheBehavior [ RunTime:0.001352s ]
INFO: [ app_begin ] --END-- [ RunTime:0.001445s ]
SQL: SHOW COLUMNS FROM `ast_banneren1` [ RunTime:0.0037s ]
SQL: SELECT * FROM `ast_banneren1`  [ RunTime:0.0004s ]
SQL: SHOW COLUMNS FROM `ast_linken1` [ RunTime:0.0035s ]
SQL: SELECT * FROM `ast_linken1`  [ RunTime:0.0003s ]
SQL: SHOW COLUMNS FROM `ast_companyen1` [ RunTime:0.0037s ]
SQL: SELECT * FROM `ast_companyen1` WHERE `c_id` = 2  [ RunTime:0.0005s ]
INFO: [ view_parse ] --START--
INFO: [ template_filter ] --START--
INFO: Run Behavior\ContentReplaceBehavior [ RunTime:0.000115s ]
INFO: [ template_filter ] --END-- [ RunTime:0.000188s ]
INFO: Run Behavior\ParseTemplateBehavior [ RunTime:0.020268s ]
INFO: [ view_parse ] --END-- [ RunTime:0.020369s ]
INFO: [ view_filter ] --START--
INFO: Run Behavior\WriteHtmlCacheBehavior [ RunTime:0.000934s ]
INFO: [ view_filter ] --END-- [ RunTime:0.000996s ]
INFO: [ app_end ] --START--
INFO: Run Behavior\ShowPageTraceBehavior [ RunTime:0.001111s ]
INFO: [ app_end ] --END-- [ RunTime:0.001167s ]

