[ 2016-04-09T22:22:03+08:00 ] ::1 /index.php/Homeen1/Index/index
INFO: [ app_init ] --START--
INFO: Run Behavior\BuildLiteBehavior [ RunTime:0.000025s ]
INFO: [ app_init ] --END-- [ RunTime:0.001138s ]
INFO: [ app_begin ] --START--
INFO: Run Behavior\ReadHtmlCacheBehavior [ RunTime:0.001457s ]
INFO: [ app_begin ] --END-- [ RunTime:0.001536s ]
SQL: SHOW COLUMNS FROM `ast_banneren1` [ RunTime:0.0057s ]
SQL: SELECT * FROM `ast_banneren1`  [ RunTime:0.0005s ]
SQL: SHOW COLUMNS FROM `ast_linken1` [ RunTime:0.0047s ]
SQL: SELECT * FROM `ast_linken1`  [ RunTime:0.0003s ]
SQL: SHOW COLUMNS FROM `ast_companyen1` [ RunTime:0.0048s ]
SQL: SHOW COLUMNS FROM `ast_articleen1` [ RunTime:0.0052s ]
SQL: SHOW COLUMNS FROM `ast_producten1` [ RunTime:0.0064s ]
SQL: SHOW COLUMNS FROM `ast_procateen1` [ RunTime:0.0051s ]
SQL: SELECT * FROM `ast_procateen1`  [ RunTime:0.0004s ]
SQL: SELECT * FROM `ast_articleen1` WHERE `art_cateid` = 4 LIMIT 5   [ RunTime:0.0007s ]
SQL: SELECT * FROM `ast_articleen1` WHERE `art_cateid` = 5 LIMIT 3   [ RunTime:0.0004s ]
SQL: SELECT * FROM `ast_articleen1` ORDER BY art_addtime desc LIMIT 2,3   [ RunTime:0.0010s ]
SQL: SELECT * FROM `ast_articleen1` ORDER BY art_addtime desc LIMIT 1   [ RunTime:0.0005s ]
SQL: SELECT * FROM `ast_producten1`  [ RunTime:0.0006s ]
SQL: SELECT * FROM `ast_companyen1`  [ RunTime:0.0003s ]
INFO: [ view_parse ] --START--
INFO: [ template_filter ] --START--
INFO: Run Behavior\ContentReplaceBehavior [ RunTime:0.000232s ]
INFO: [ template_filter ] --END-- [ RunTime:0.000333s ]
INFO: Run Behavior\ParseTemplateBehavior [ RunTime:0.029560s ]
INFO: [ view_parse ] --END-- [ RunTime:0.029642s ]
INFO: [ view_filter ] --START--
INFO: Run Behavior\WriteHtmlCacheBehavior [ RunTime:0.001146s ]
INFO: [ view_filter ] --END-- [ RunTime:0.001218s ]
INFO: [ app_end ] --START--
INFO: Run Behavior\ShowPageTraceBehavior [ RunTime:0.002263s ]
INFO: [ app_end ] --END-- [ RunTime:0.002364s ]

[ 2016-04-09T22:22:08+08:00 ] ::1 /index.php/Homeen1/Index/index
INFO: [ app_init ] --START--
INFO: Run Behavior\BuildLiteBehavior [ RunTime:0.000017s ]
INFO: [ app_init ] --END-- [ RunTime:0.000638s ]
INFO: [ app_begin ] --START--
INFO: Run Behavior\ReadHtmlCacheBehavior [ RunTime:0.001382s ]
INFO: [ app_begin ] --END-- [ RunTime:0.001466s ]
SQL: SHOW COLUMNS FROM `ast_banneren1` [ RunTime:0.0039s ]
SQL: SELECT * FROM `ast_banneren1`  [ RunTime:0.0004s ]
SQL: SHOW COLUMNS FROM `ast_linken1` [ RunTime:0.0040s ]
SQL: SELECT * FROM `ast_linken1`  [ RunTime:0.0003s ]
SQL: SHOW COLUMNS FROM `ast_companyen1` [ RunTime:0.0039s ]
SQL: SHOW COLUMNS FROM `ast_articleen1` [ RunTime:0.0052s ]
SQL: SHOW COLUMNS FROM `ast_producten1` [ RunTime:0.0041s ]
SQL: SHOW COLUMNS FROM `ast_procateen1` [ RunTime:0.0037s ]
SQL: SELECT * FROM `ast_procateen1`  [ RunTime:0.0003s ]
SQL: SELECT * FROM `ast_articleen1` WHERE `art_cateid` = 4 LIMIT 5   [ RunTime:0.0004s ]
SQL: SELECT * FROM `ast_articleen1` WHERE `art_cateid` = 5 LIMIT 3   [ RunTime:0.0003s ]
SQL: SELECT * FROM `ast_articleen1` ORDER BY art_addtime desc LIMIT 2,3   [ RunTime:0.0005s ]
SQL: SELECT * FROM `ast_articleen1` ORDER BY art_addtime desc LIMIT 1   [ RunTime:0.0004s ]
SQL: SELECT * FROM `ast_producten1`  [ RunTime:0.0004s ]
SQL: SELECT * FROM `ast_companyen1`  [ RunTime:0.0003s ]
INFO: [ view_parse ] --START--
INFO: [ template_filter ] --START--
INFO: Run Behavior\ContentReplaceBehavior [ RunTime:0.000173s ]
INFO: [ template_filter ] --END-- [ RunTime:0.000264s ]
INFO: Run Behavior\ParseTemplateBehavior [ RunTime:0.019039s ]
INFO: [ view_parse ] --END-- [ RunTime:0.019116s ]
INFO: [ view_filter ] --START--
INFO: Run Behavior\WriteHtmlCacheBehavior [ RunTime:0.000613s ]
INFO: [ view_filter ] --END-- [ RunTime:0.000664s ]
INFO: [ app_end ] --START--
INFO: Run Behavior\ShowPageTraceBehavior [ RunTime:0.002086s ]
INFO: [ app_end ] --END-- [ RunTime:0.002163s ]

[ 2016-04-09T22:22:18+08:00 ] ::1 /index.php/Homeen1/Index/index
INFO: [ app_init ] --START--
INFO: Run Behavior\BuildLiteBehavior [ RunTime:0.000016s ]
INFO: [ app_init ] --END-- [ RunTime:0.000626s ]
INFO: [ app_begin ] --START--
INFO: Run Behavior\ReadHtmlCacheBehavior [ RunTime:0.001070s ]
INFO: [ app_begin ] --END-- [ RunTime:0.001137s ]
SQL: SHOW COLUMNS FROM `ast_banneren1` [ RunTime:0.0040s ]
SQL: SELECT * FROM `ast_banneren1`  [ RunTime:0.0004s ]
SQL: SHOW COLUMNS FROM `ast_linken1` [ RunTime:0.0041s ]
SQL: SELECT * FROM `ast_linken1`  [ RunTime:0.0003s ]
SQL: SHOW COLUMNS FROM `ast_companyen1` [ RunTime:0.0037s ]
SQL: SHOW COLUMNS FROM `ast_articleen1` [ RunTime:0.0039s ]
SQL: SHOW COLUMNS FROM `ast_producten1` [ RunTime:0.0048s ]
SQL: SHOW COLUMNS FROM `ast_procateen1` [ RunTime:0.0044s ]
SQL: SELECT * FROM `ast_procateen1`  [ RunTime:0.0003s ]
SQL: SELECT * FROM `ast_articleen1` WHERE `art_cateid` = 4 LIMIT 5   [ RunTime:0.0004s ]
SQL: SELECT * FROM `ast_articleen1` WHERE `art_cateid` = 5 LIMIT 3   [ RunTime:0.0003s ]
SQL: SELECT * FROM `ast_articleen1` ORDER BY art_addtime desc LIMIT 2,3   [ RunTime:0.0005s ]
SQL: SELECT * FROM `ast_articleen1` ORDER BY art_addtime desc LIMIT 1   [ RunTime:0.0003s ]
SQL: SELECT * FROM `ast_producten1`  [ RunTime:0.0003s ]
SQL: SELECT * FROM `ast_companyen1`  [ RunTime:0.0002s ]
INFO: [ view_parse ] --START--
INFO: [ template_filter ] --START--
INFO: Run Behavior\ContentReplaceBehavior [ RunTime:0.000125s ]
INFO: [ template_filter ] --END-- [ RunTime:0.000190s ]
INFO: Run Behavior\ParseTemplateBehavior [ RunTime:0.017912s ]
INFO: [ view_parse ] --END-- [ RunTime:0.017992s ]
INFO: [ view_filter ] --START--
INFO: Run Behavior\WriteHtmlCacheBehavior [ RunTime:0.000979s ]
INFO: [ view_filter ] --END-- [ RunTime:0.001046s ]
INFO: [ app_end ] --START--
INFO: Run Behavior\ShowPageTraceBehavior [ RunTime:0.002494s ]
INFO: [ app_end ] --END-- [ RunTime:0.002595s ]

