[ 2016-03-23T21:04:10+08:00 ] ::1 /index.php/Homeen1/Index/index
INFO: [ app_init ] --START--
INFO: Run Behavior\BuildLiteBehavior [ RunTime:0.000025s ]
INFO: [ app_init ] --END-- [ RunTime:0.000862s ]
INFO: [ app_begin ] --START--
INFO: Run Behavior\ReadHtmlCacheBehavior [ RunTime:0.001964s ]
INFO: [ app_begin ] --END-- [ RunTime:0.002123s ]
SQL: SHOW COLUMNS FROM `ast_banneren1` [ RunTime:0.0050s ]
SQL: SELECT * FROM `ast_banneren1`  [ RunTime:0.0004s ]
SQL: SHOW COLUMNS FROM `ast_linken1` [ RunTime:0.0033s ]
SQL: SELECT * FROM `ast_linken1`  [ RunTime:0.0003s ]
SQL: SHOW COLUMNS FROM `ast_companyen1` [ RunTime:0.0041s ]
SQL: SHOW COLUMNS FROM `ast_articleen1` [ RunTime:0.0041s ]
SQL: SHOW COLUMNS FROM `ast_producten1` [ RunTime:0.0051s ]
SQL: SHOW COLUMNS FROM `ast_procateen1` [ RunTime:0.0039s ]
SQL: SELECT * FROM `ast_procateen1`  [ RunTime:0.0005s ]
SQL: SELECT * FROM `ast_articleen1` WHERE `art_cateid` = 4 LIMIT 5   [ RunTime:0.0008s ]
SQL: SELECT * FROM `ast_articleen1` WHERE `art_cateid` = 5 LIMIT 3   [ RunTime:0.0004s ]
SQL: SELECT * FROM `ast_articleen1` ORDER BY art_addtime desc LIMIT 2,3   [ RunTime:0.0009s ]
SQL: SELECT * FROM `ast_articleen1` ORDER BY art_addtime desc LIMIT 1   [ RunTime:0.0005s ]
SQL: SELECT * FROM `ast_producten1`  [ RunTime:0.0009s ]
SQL: SELECT * FROM `ast_companyen1`  [ RunTime:0.0006s ]
INFO: [ view_parse ] --START--
INFO: [ template_filter ] --START--
INFO: Run Behavior\ContentReplaceBehavior [ RunTime:0.000124s ]
INFO: [ template_filter ] --END-- [ RunTime:0.000189s ]
INFO: Run Behavior\ParseTemplateBehavior [ RunTime:0.020543s ]
INFO: [ view_parse ] --END-- [ RunTime:0.020629s ]
INFO: [ view_filter ] --START--
INFO: Run Behavior\WriteHtmlCacheBehavior [ RunTime:0.000868s ]
INFO: [ view_filter ] --END-- [ RunTime:0.000918s ]
INFO: [ app_end ] --START--
INFO: Run Behavior\ShowPageTraceBehavior [ RunTime:0.001646s ]
INFO: [ app_end ] --END-- [ RunTime:0.001741s ]

[ 2016-03-23T21:04:36+08:00 ] ::1 /index.php/Homeen1/Index/index
INFO: [ app_init ] --START--
INFO: Run Behavior\BuildLiteBehavior [ RunTime:0.000018s ]
INFO: [ app_init ] --END-- [ RunTime:0.000763s ]
INFO: [ app_begin ] --START--
INFO: Run Behavior\ReadHtmlCacheBehavior [ RunTime:0.001626s ]
INFO: [ app_begin ] --END-- [ RunTime:0.001818s ]
SQL: SHOW COLUMNS FROM `ast_banneren1` [ RunTime:0.0060s ]
SQL: SELECT * FROM `ast_banneren1`  [ RunTime:0.0004s ]
SQL: SHOW COLUMNS FROM `ast_linken1` [ RunTime:0.0034s ]
SQL: SELECT * FROM `ast_linken1`  [ RunTime:0.0003s ]
SQL: SHOW COLUMNS FROM `ast_companyen1` [ RunTime:0.0034s ]
SQL: SHOW COLUMNS FROM `ast_articleen1` [ RunTime:0.0035s ]
SQL: SHOW COLUMNS FROM `ast_producten1` [ RunTime:0.0056s ]
SQL: SHOW COLUMNS FROM `ast_procateen1` [ RunTime:0.0047s ]
SQL: SELECT * FROM `ast_procateen1`  [ RunTime:0.0007s ]
SQL: SELECT * FROM `ast_articleen1` WHERE `art_cateid` = 4 LIMIT 5   [ RunTime:0.0012s ]
SQL: SELECT * FROM `ast_articleen1` WHERE `art_cateid` = 5 LIMIT 3   [ RunTime:0.0005s ]
SQL: SELECT * FROM `ast_articleen1` ORDER BY art_addtime desc LIMIT 2,3   [ RunTime:0.0006s ]
SQL: SELECT * FROM `ast_articleen1` ORDER BY art_addtime desc LIMIT 1   [ RunTime:0.0006s ]
SQL: SELECT * FROM `ast_producten1`  [ RunTime:0.0004s ]
SQL: SELECT * FROM `ast_companyen1`  [ RunTime:0.0002s ]
INFO: [ view_parse ] --START--
INFO: [ template_filter ] --START--
INFO: Run Behavior\ContentReplaceBehavior [ RunTime:0.000184s ]
INFO: [ template_filter ] --END-- [ RunTime:0.000294s ]
INFO: Run Behavior\ParseTemplateBehavior [ RunTime:0.019723s ]
INFO: [ view_parse ] --END-- [ RunTime:0.019834s ]
INFO: [ view_filter ] --START--
INFO: Run Behavior\WriteHtmlCacheBehavior [ RunTime:0.001004s ]
INFO: [ view_filter ] --END-- [ RunTime:0.001073s ]
INFO: [ app_end ] --START--
INFO: Run Behavior\ShowPageTraceBehavior [ RunTime:0.005419s ]
INFO: [ app_end ] --END-- [ RunTime:0.005602s ]

[ 2016-03-23T21:09:18+08:00 ] ::1 /index.php/Homeen1/Index/index
INFO: [ app_init ] --START--
INFO: Run Behavior\BuildLiteBehavior [ RunTime:0.000073s ]
INFO: [ app_init ] --END-- [ RunTime:0.001478s ]
INFO: [ app_begin ] --START--
INFO: Run Behavior\ReadHtmlCacheBehavior [ RunTime:0.001256s ]
INFO: [ app_begin ] --END-- [ RunTime:0.001331s ]
SQL: SHOW COLUMNS FROM `ast_banneren1` [ RunTime:0.0043s ]
SQL: SELECT * FROM `ast_banneren1`  [ RunTime:0.0006s ]
SQL: SHOW COLUMNS FROM `ast_linken1` [ RunTime:0.0043s ]
SQL: SELECT * FROM `ast_linken1`  [ RunTime:0.0003s ]
SQL: SHOW COLUMNS FROM `ast_companyen1` [ RunTime:0.0044s ]
SQL: SHOW COLUMNS FROM `ast_articleen1` [ RunTime:0.0044s ]
SQL: SHOW COLUMNS FROM `ast_producten1` [ RunTime:0.0039s ]
SQL: SHOW COLUMNS FROM `ast_procateen1` [ RunTime:0.0047s ]
SQL: SELECT * FROM `ast_procateen1`  [ RunTime:0.0004s ]
SQL: SELECT * FROM `ast_articleen1` WHERE `art_cateid` = 4 LIMIT 5   [ RunTime:0.0004s ]
SQL: SELECT * FROM `ast_articleen1` WHERE `art_cateid` = 5 LIMIT 3   [ RunTime:0.0003s ]
SQL: SELECT * FROM `ast_articleen1` ORDER BY art_addtime desc LIMIT 2,3   [ RunTime:0.0005s ]
SQL: SELECT * FROM `ast_articleen1` ORDER BY art_addtime desc LIMIT 1   [ RunTime:0.0005s ]
SQL: SELECT * FROM `ast_producten1`  [ RunTime:0.0004s ]
SQL: SELECT * FROM `ast_companyen1`  [ RunTime:0.0002s ]
INFO: [ view_parse ] --START--
INFO: [ template_filter ] --START--
INFO: Run Behavior\ContentReplaceBehavior [ RunTime:0.000130s ]
INFO: [ template_filter ] --END-- [ RunTime:0.000194s ]
INFO: Run Behavior\ParseTemplateBehavior [ RunTime:0.022155s ]
INFO: [ view_parse ] --END-- [ RunTime:0.022291s ]
INFO: [ view_filter ] --START--
INFO: Run Behavior\WriteHtmlCacheBehavior [ RunTime:0.001138s ]
INFO: [ view_filter ] --END-- [ RunTime:0.001204s ]
INFO: [ app_end ] --START--
INFO: Run Behavior\ShowPageTraceBehavior [ RunTime:0.002058s ]
INFO: [ app_end ] --END-- [ RunTime:0.002187s ]

[ 2016-03-23T21:09:19+08:00 ] ::1 /index.php/Homeen1/Walkto/index
INFO: [ app_init ] --START--
INFO: Run Behavior\BuildLiteBehavior [ RunTime:0.000031s ]
INFO: [ app_init ] --END-- [ RunTime:0.001210s ]
INFO: [ app_begin ] --START--
INFO: Run Behavior\ReadHtmlCacheBehavior [ RunTime:0.001920s ]
INFO: [ app_begin ] --END-- [ RunTime:0.002022s ]
SQL: SHOW COLUMNS FROM `ast_banneren1` [ RunTime:0.0053s ]
SQL: SELECT * FROM `ast_banneren1`  [ RunTime:0.0004s ]
SQL: SHOW COLUMNS FROM `ast_linken1` [ RunTime:0.0042s ]
SQL: SELECT * FROM `ast_linken1`  [ RunTime:0.0008s ]
SQL: SHOW COLUMNS FROM `ast_abouten1` [ RunTime:0.0050s ]
SQL: SELECT * FROM `ast_abouten1`  [ RunTime:0.0003s ]
SQL: SELECT * FROM `ast_abouten1` WHERE `ast_aid` = 1  [ RunTime:0.0002s ]
INFO: [ view_parse ] --START--
INFO: [ template_filter ] --START--
INFO: Run Behavior\ContentReplaceBehavior [ RunTime:0.000170s ]
INFO: [ template_filter ] --END-- [ RunTime:0.000285s ]
NOTIC: [8] Undefined index: link_url C:\xampp\htdocs\aiston\Application\Runtime\Cache\Homeen1\5d2679b3b923d268e660d911a7bff167.php 第 58 行.
NOTIC: [8] Undefined index: ast_athumb C:\xampp\htdocs\aiston\Application\Runtime\Cache\Homeen1\5d2679b3b923d268e660d911a7bff167.php 第 66 行.
NOTIC: [8] Undefined index: ast_athumb C:\xampp\htdocs\aiston\Application\Runtime\Cache\Homeen1\5d2679b3b923d268e660d911a7bff167.php 第 66 行.
INFO: Run Behavior\ParseTemplateBehavior [ RunTime:0.017200s ]
INFO: [ view_parse ] --END-- [ RunTime:0.017264s ]
INFO: [ view_filter ] --START--
INFO: Run Behavior\WriteHtmlCacheBehavior [ RunTime:0.000709s ]
INFO: [ view_filter ] --END-- [ RunTime:0.000760s ]
INFO: [ app_end ] --START--
INFO: Run Behavior\ShowPageTraceBehavior [ RunTime:0.001105s ]
INFO: [ app_end ] --END-- [ RunTime:0.001161s ]

[ 2016-03-23T21:09:22+08:00 ] ::1 /index.php/Homeen1/Index/index
INFO: [ app_init ] --START--
INFO: Run Behavior\BuildLiteBehavior [ RunTime:0.000019s ]
INFO: [ app_init ] --END-- [ RunTime:0.000617s ]
INFO: [ app_begin ] --START--
INFO: Run Behavior\ReadHtmlCacheBehavior [ RunTime:0.001932s ]
INFO: [ app_begin ] --END-- [ RunTime:0.002060s ]
SQL: SHOW COLUMNS FROM `ast_banneren1` [ RunTime:0.0047s ]
SQL: SELECT * FROM `ast_banneren1`  [ RunTime:0.0005s ]
SQL: SHOW COLUMNS FROM `ast_linken1` [ RunTime:0.0041s ]
SQL: SELECT * FROM `ast_linken1`  [ RunTime:0.0004s ]
SQL: SHOW COLUMNS FROM `ast_companyen1` [ RunTime:0.0040s ]
SQL: SHOW COLUMNS FROM `ast_articleen1` [ RunTime:0.0079s ]
SQL: SHOW COLUMNS FROM `ast_producten1` [ RunTime:0.0041s ]
SQL: SHOW COLUMNS FROM `ast_procateen1` [ RunTime:0.0058s ]
SQL: SELECT * FROM `ast_procateen1`  [ RunTime:0.0005s ]
SQL: SELECT * FROM `ast_articleen1` WHERE `art_cateid` = 4 LIMIT 5   [ RunTime:0.0005s ]
SQL: SELECT * FROM `ast_articleen1` WHERE `art_cateid` = 5 LIMIT 3   [ RunTime:0.0003s ]
SQL: SELECT * FROM `ast_articleen1` ORDER BY art_addtime desc LIMIT 2,3   [ RunTime:0.0006s ]
SQL: SELECT * FROM `ast_articleen1` ORDER BY art_addtime desc LIMIT 1   [ RunTime:0.0004s ]
SQL: SELECT * FROM `ast_producten1`  [ RunTime:0.0003s ]
SQL: SELECT * FROM `ast_companyen1`  [ RunTime:0.0002s ]
INFO: [ view_parse ] --START--
INFO: [ template_filter ] --START--
INFO: Run Behavior\ContentReplaceBehavior [ RunTime:0.000208s ]
INFO: [ template_filter ] --END-- [ RunTime:0.000308s ]
INFO: Run Behavior\ParseTemplateBehavior [ RunTime:0.025709s ]
INFO: [ view_parse ] --END-- [ RunTime:0.025838s ]
INFO: [ view_filter ] --START--
INFO: Run Behavior\WriteHtmlCacheBehavior [ RunTime:0.000960s ]
INFO: [ view_filter ] --END-- [ RunTime:0.001059s ]
INFO: [ app_end ] --START--
INFO: Run Behavior\ShowPageTraceBehavior [ RunTime:0.005131s ]
INFO: [ app_end ] --END-- [ RunTime:0.005294s ]

