[ 2016-03-11T17:54:12+08:00 ] ::1 /index.php/Admin2/index
INFO: [ app_init ] --START--
INFO: Run Behavior\BuildLiteBehavior [ RunTime:0.000039s ]
INFO: [ app_init ] --END-- [ RunTime:0.001249s ]
INFO: [ app_begin ] --START--
INFO: Run Behavior\ReadHtmlCacheBehavior [ RunTime:0.001538s ]
INFO: [ app_begin ] --END-- [ RunTime:0.001666s ]
ERR: 1146:Table 'di.ast_admin2' doesn't exist
 [ SQL语句 ] : SHOW COLUMNS FROM `ast_admin2`
ERR: 1146:Table 'di.ast_admin2' doesn't exist
 [ SQL语句 ] : SHOW COLUMNS FROM `ast_admin2`

[ 2016-03-11T17:55:18+08:00 ] ::1 /index.php/Admin2/index
INFO: [ app_init ] --START--
INFO: Run Behavior\BuildLiteBehavior [ RunTime:0.000020s ]
INFO: [ app_init ] --END-- [ RunTime:0.000886s ]
INFO: [ app_begin ] --START--
INFO: Run Behavior\ReadHtmlCacheBehavior [ RunTime:0.001959s ]
INFO: [ app_begin ] --END-- [ RunTime:0.002146s ]
SQL: SHOW COLUMNS FROM `ast_admin2` [ RunTime:0.0055s ]
SQL: SELECT * FROM `ast_admin2`  [ RunTime:0.0004s ]
SQL: SELECT * FROM `ast_admin2` WHERE `admin_id` = 1 LIMIT 1   [ RunTime:0.0003s ]
SQL: SHOW COLUMNS FROM `ast_nav2` [ RunTime:0.0035s ]
SQL: SELECT * FROM `ast_nav2`  [ RunTime:0.0004s ]
SQL: SELECT COUNT(*) AS tp_count FROM `ast_admin2` LIMIT 1   [ RunTime:0.0002s ]
NOTIC: [2] Missing argument 3 for getAdminPage(), called in C:\xampp\htdocs\aiston\Application\Admin2\Controller\CommonController.class.php on line 51 and defined C:\xampp\htdocs\aiston\Application\Common\Common\function.php 第 3 行.
NOTIC: [8] Undefined variable: num C:\xampp\htdocs\aiston\Application\Common\Common\function.php 第 4 行.
SQL: SELECT * FROM `ast_admin2` ORDER BY admin_id LIMIT 0,10   [ RunTime:0.0006s ]
INFO: [ view_parse ] --START--
INFO: [ template_filter ] --START--
INFO: Run Behavior\ContentReplaceBehavior [ RunTime:0.000466s ]
INFO: [ template_filter ] --END-- [ RunTime:0.000535s ]
NOTIC: [8] Array to string conversion C:\xampp\htdocs\aiston\Application\Runtime\Cache\Admin2\7b92cec872d82cc208073a46f6c22b77.php 第 226 行.
NOTIC: [8] Undefined variable: url C:\xampp\htdocs\aiston\Application\Runtime\Cache\Admin2\7b92cec872d82cc208073a46f6c22b77.php 第 455 行.
NOTIC: [8] Undefined variable: url C:\xampp\htdocs\aiston\Application\Runtime\Cache\Admin2\7b92cec872d82cc208073a46f6c22b77.php 第 458 行.
INFO: Run Behavior\ParseTemplateBehavior [ RunTime:0.027135s ]
INFO: [ view_parse ] --END-- [ RunTime:0.027201s ]
INFO: [ view_filter ] --START--
INFO: Run Behavior\WriteHtmlCacheBehavior [ RunTime:0.001110s ]
INFO: [ view_filter ] --END-- [ RunTime:0.001161s ]
INFO: [ app_end ] --START--
INFO: Run Behavior\ShowPageTraceBehavior [ RunTime:0.002573s ]
INFO: [ app_end ] --END-- [ RunTime:0.002665s ]

[ 2016-03-11T17:55:22+08:00 ] ::1 /index.php/Admin2/Article/index
INFO: [ app_init ] --START--
INFO: Run Behavior\BuildLiteBehavior [ RunTime:0.000017s ]
INFO: [ app_init ] --END-- [ RunTime:0.000592s ]
INFO: [ app_begin ] --START--
INFO: Run Behavior\ReadHtmlCacheBehavior [ RunTime:0.001855s ]
INFO: [ app_begin ] --END-- [ RunTime:0.001949s ]
SQL: SHOW COLUMNS FROM `ast_admin2` [ RunTime:0.0038s ]
SQL: SELECT * FROM `ast_admin2`  [ RunTime:0.0004s ]
SQL: SELECT * FROM `ast_admin2` WHERE `admin_id` = 1 LIMIT 1   [ RunTime:0.0003s ]
SQL: SHOW COLUMNS FROM `ast_nav2` [ RunTime:0.0043s ]
SQL: SELECT * FROM `ast_nav2`  [ RunTime:0.0005s ]
SQL: SELECT COUNT(*) AS tp_count FROM `ast_admin2` LIMIT 1   [ RunTime:0.0002s ]
NOTIC: [2] Missing argument 3 for getAdminPage(), called in C:\xampp\htdocs\aiston\Application\Admin2\Controller\CommonController.class.php on line 51 and defined C:\xampp\htdocs\aiston\Application\Common\Common\function.php 第 3 行.
NOTIC: [8] Undefined variable: num C:\xampp\htdocs\aiston\Application\Common\Common\function.php 第 4 行.
SQL: SELECT * FROM `ast_admin2` ORDER BY admin_id LIMIT 0,10   [ RunTime:0.0008s ]
SQL: SHOW COLUMNS FROM `ast_article2` [ RunTime:0.0052s ]
SQL: SHOW COLUMNS FROM `ast_artcate1` [ RunTime:0.0050s ]
SQL: SELECT * FROM `ast_artcate1` WHERE `cate_id` = 0 LIMIT 1   [ RunTime:0.0004s ]
SQL: SELECT * FROM `ast_artcate1` WHERE `cate_id` = 0 LIMIT 1   [ RunTime:0.0002s ]
SQL: SELECT * FROM `ast_artcate1` WHERE `cate_pid` = 0  [ RunTime:0.0004s ]
SQL: SELECT * FROM `ast_artcate1` WHERE `cate_pid` = 0  [ RunTime:0.0003s ]
SQL: SELECT COUNT(*) AS tp_count FROM `ast_article2` LIMIT 1   [ RunTime:0.0002s ]
ERR: 1146:Table 'di.ast_artcate2' doesn't exist
 [ SQL语句 ] : SELECT * FROM `ast_article2` INNER JOIN `ast_artcate2` ON ast_article2.art_cateid = ast_artcate2.cate_id  ORDER BY art_addtime DESC LIMIT 0,10  
ERR: 1146:Table 'di.ast_artcate2' doesn't exist
 [ SQL语句 ] : SELECT * FROM `ast_article2` INNER JOIN `ast_artcate2` ON ast_article2.art_cateid = ast_artcate2.cate_id  ORDER BY art_addtime DESC LIMIT 0,10  

[ 2016-03-11T17:55:34+08:00 ] ::1 /index.php/Admin2/Product/index
INFO: [ app_init ] --START--
INFO: Run Behavior\BuildLiteBehavior [ RunTime:0.000040s ]
INFO: [ app_init ] --END-- [ RunTime:0.000662s ]
INFO: [ app_begin ] --START--
INFO: Run Behavior\ReadHtmlCacheBehavior [ RunTime:0.002604s ]
INFO: [ app_begin ] --END-- [ RunTime:0.002740s ]
ERR: 无法加载控制器:Product

[ 2016-03-11T17:55:38+08:00 ] ::1 /index.php/Admin2/Article/add
INFO: [ app_init ] --START--
INFO: Run Behavior\BuildLiteBehavior [ RunTime:0.000023s ]
INFO: [ app_init ] --END-- [ RunTime:0.000802s ]
INFO: [ app_begin ] --START--
INFO: Run Behavior\ReadHtmlCacheBehavior [ RunTime:0.001437s ]
INFO: [ app_begin ] --END-- [ RunTime:0.001522s ]
SQL: SHOW COLUMNS FROM `ast_admin2` [ RunTime:0.0039s ]
SQL: SELECT * FROM `ast_admin2`  [ RunTime:0.0003s ]
SQL: SELECT * FROM `ast_admin2` WHERE `admin_id` = 1 LIMIT 1   [ RunTime:0.0003s ]
SQL: SHOW COLUMNS FROM `ast_nav2` [ RunTime:0.0050s ]
SQL: SELECT * FROM `ast_nav2`  [ RunTime:0.0009s ]
SQL: SELECT COUNT(*) AS tp_count FROM `ast_admin2` LIMIT 1   [ RunTime:0.0003s ]
NOTIC: [2] Missing argument 3 for getAdminPage(), called in C:\xampp\htdocs\aiston\Application\Admin2\Controller\CommonController.class.php on line 51 and defined C:\xampp\htdocs\aiston\Application\Common\Common\function.php 第 3 行.
NOTIC: [8] Undefined variable: num C:\xampp\htdocs\aiston\Application\Common\Common\function.php 第 4 行.
SQL: SELECT * FROM `ast_admin2` ORDER BY admin_id LIMIT 0,10   [ RunTime:0.0006s ]
ERR: 1146:Table 'di.ast_artcate2' doesn't exist
 [ SQL语句 ] : SHOW COLUMNS FROM `ast_artcate2`
ERR: 1146:Table 'di.ast_artcate2' doesn't exist
 [ SQL语句 ] : SHOW COLUMNS FROM `ast_artcate2`

[ 2016-03-11T17:55:43+08:00 ] ::1 /index.php/Admin2/Photo/index
INFO: [ app_init ] --START--
INFO: Run Behavior\BuildLiteBehavior [ RunTime:0.000028s ]
INFO: [ app_init ] --END-- [ RunTime:0.000983s ]
INFO: [ app_begin ] --START--
INFO: Run Behavior\ReadHtmlCacheBehavior [ RunTime:0.002132s ]
INFO: [ app_begin ] --END-- [ RunTime:0.002253s ]
ERR: 无法加载控制器:Photo

[ 2016-03-11T17:55:45+08:00 ] ::1 /index.php/Admin2/Link/intro
INFO: [ app_init ] --START--
INFO: Run Behavior\BuildLiteBehavior [ RunTime:0.000018s ]
INFO: [ app_init ] --END-- [ RunTime:0.000651s ]
INFO: [ app_begin ] --START--
INFO: Run Behavior\ReadHtmlCacheBehavior [ RunTime:0.002550s ]
INFO: [ app_begin ] --END-- [ RunTime:0.002678s ]
ERR: 无法加载控制器:Link

[ 2016-03-11T17:55:48+08:00 ] ::1 /index.php/Admin2/Join/contact
INFO: [ app_init ] --START--
INFO: Run Behavior\BuildLiteBehavior [ RunTime:0.000019s ]
INFO: [ app_init ] --END-- [ RunTime:0.000754s ]
INFO: [ app_begin ] --START--
INFO: Run Behavior\ReadHtmlCacheBehavior [ RunTime:0.001580s ]
INFO: [ app_begin ] --END-- [ RunTime:0.001674s ]
ERR: 无法加载控制器:Join

[ 2016-03-11T17:55:51+08:00 ] ::1 /index.php/Admin2/Join/index
INFO: [ app_init ] --START--
INFO: Run Behavior\BuildLiteBehavior [ RunTime:0.000017s ]
INFO: [ app_init ] --END-- [ RunTime:0.000579s ]
INFO: [ app_begin ] --START--
INFO: Run Behavior\ReadHtmlCacheBehavior [ RunTime:0.001977s ]
INFO: [ app_begin ] --END-- [ RunTime:0.002080s ]
ERR: 无法加载控制器:Join

[ 2016-03-11T17:55:53+08:00 ] ::1 /index.php/Admin2/Join/add
INFO: [ app_init ] --START--
INFO: Run Behavior\BuildLiteBehavior [ RunTime:0.000019s ]
INFO: [ app_init ] --END-- [ RunTime:0.000671s ]
INFO: [ app_begin ] --START--
INFO: Run Behavior\ReadHtmlCacheBehavior [ RunTime:0.002023s ]
INFO: [ app_begin ] --END-- [ RunTime:0.002133s ]
ERR: 无法加载控制器:Join

[ 2016-03-11T17:55:56+08:00 ] ::1 /index.php/Admin2/Setup/index
INFO: [ app_init ] --START--
INFO: Run Behavior\BuildLiteBehavior [ RunTime:0.000017s ]
INFO: [ app_init ] --END-- [ RunTime:0.000587s ]
INFO: [ app_begin ] --START--
INFO: Run Behavior\ReadHtmlCacheBehavior [ RunTime:0.001656s ]
INFO: [ app_begin ] --END-- [ RunTime:0.001758s ]
ERR: 无法加载控制器:Setup

[ 2016-03-11T17:55:58+08:00 ] ::1 /index.php/Admin2/Member/index
INFO: [ app_init ] --START--
INFO: Run Behavior\BuildLiteBehavior [ RunTime:0.000019s ]
INFO: [ app_init ] --END-- [ RunTime:0.000807s ]
INFO: [ app_begin ] --START--
INFO: Run Behavior\ReadHtmlCacheBehavior [ RunTime:0.002134s ]
INFO: [ app_begin ] --END-- [ RunTime:0.002237s ]
ERR: 无法加载控制器:Member

[ 2016-03-11T17:56:00+08:00 ] ::1 /index.php/Admin2/Product/index
INFO: [ app_init ] --START--
INFO: Run Behavior\BuildLiteBehavior [ RunTime:0.000017s ]
INFO: [ app_init ] --END-- [ RunTime:0.000628s ]
INFO: [ app_begin ] --START--
INFO: Run Behavior\ReadHtmlCacheBehavior [ RunTime:0.001384s ]
INFO: [ app_begin ] --END-- [ RunTime:0.001449s ]
ERR: 无法加载控制器:Product

[ 2016-03-11T17:56:02+08:00 ] ::1 /index.php/Admin2/Product/index
INFO: [ app_init ] --START--
INFO: Run Behavior\BuildLiteBehavior [ RunTime:0.000026s ]
INFO: [ app_init ] --END-- [ RunTime:0.000768s ]
INFO: [ app_begin ] --START--
INFO: Run Behavior\ReadHtmlCacheBehavior [ RunTime:0.001853s ]
INFO: [ app_begin ] --END-- [ RunTime:0.001966s ]
ERR: 无法加载控制器:Product

[ 2016-03-11T17:56:04+08:00 ] ::1 /index.php/Admin2/Product/add
INFO: [ app_init ] --START--
INFO: Run Behavior\BuildLiteBehavior [ RunTime:0.000018s ]
INFO: [ app_init ] --END-- [ RunTime:0.000640s ]
INFO: [ app_begin ] --START--
INFO: Run Behavior\ReadHtmlCacheBehavior [ RunTime:0.001521s ]
INFO: [ app_begin ] --END-- [ RunTime:0.001609s ]
ERR: 无法加载控制器:Product

[ 2016-03-11T17:56:06+08:00 ] ::1 /index.php/Admin2/Article/index
INFO: [ app_init ] --START--
INFO: Run Behavior\BuildLiteBehavior [ RunTime:0.000016s ]
INFO: [ app_init ] --END-- [ RunTime:0.000570s ]
INFO: [ app_begin ] --START--
INFO: Run Behavior\ReadHtmlCacheBehavior [ RunTime:0.001973s ]
INFO: [ app_begin ] --END-- [ RunTime:0.002092s ]
SQL: SHOW COLUMNS FROM `ast_admin2` [ RunTime:0.0044s ]
SQL: SELECT * FROM `ast_admin2`  [ RunTime:0.0003s ]
SQL: SELECT * FROM `ast_admin2` WHERE `admin_id` = 1 LIMIT 1   [ RunTime:0.0003s ]
SQL: SHOW COLUMNS FROM `ast_nav2` [ RunTime:0.0034s ]
SQL: SELECT * FROM `ast_nav2`  [ RunTime:0.0003s ]
SQL: SELECT COUNT(*) AS tp_count FROM `ast_admin2` LIMIT 1   [ RunTime:0.0003s ]
NOTIC: [2] Missing argument 3 for getAdminPage(), called in C:\xampp\htdocs\aiston\Application\Admin2\Controller\CommonController.class.php on line 51 and defined C:\xampp\htdocs\aiston\Application\Common\Common\function.php 第 3 行.
NOTIC: [8] Undefined variable: num C:\xampp\htdocs\aiston\Application\Common\Common\function.php 第 4 行.
SQL: SELECT * FROM `ast_admin2` ORDER BY admin_id LIMIT 0,10   [ RunTime:0.0007s ]
SQL: SHOW COLUMNS FROM `ast_article2` [ RunTime:0.0054s ]
SQL: SHOW COLUMNS FROM `ast_artcate1` [ RunTime:0.0038s ]
SQL: SELECT * FROM `ast_artcate1` WHERE `cate_id` = 0 LIMIT 1   [ RunTime:0.0002s ]
SQL: SELECT * FROM `ast_artcate1` WHERE `cate_id` = 0 LIMIT 1   [ RunTime:0.0002s ]
SQL: SELECT * FROM `ast_artcate1` WHERE `cate_pid` = 0  [ RunTime:0.0003s ]
SQL: SELECT * FROM `ast_artcate1` WHERE `cate_pid` = 0  [ RunTime:0.0003s ]
SQL: SELECT COUNT(*) AS tp_count FROM `ast_article2` LIMIT 1   [ RunTime:0.0002s ]
ERR: 1146:Table 'di.ast_artcate2' doesn't exist
 [ SQL语句 ] : SELECT * FROM `ast_article2` INNER JOIN `ast_artcate2` ON ast_article2.art_cateid = ast_artcate2.cate_id  ORDER BY art_addtime DESC LIMIT 0,10  
ERR: 1146:Table 'di.ast_artcate2' doesn't exist
 [ SQL语句 ] : SELECT * FROM `ast_article2` INNER JOIN `ast_artcate2` ON ast_article2.art_cateid = ast_artcate2.cate_id  ORDER BY art_addtime DESC LIMIT 0,10  

[ 2016-03-11T17:56:40+08:00 ] ::1 /index.php/Admin2/Article/index
INFO: [ app_init ] --START--
INFO: Run Behavior\BuildLiteBehavior [ RunTime:0.000018s ]
INFO: [ app_init ] --END-- [ RunTime:0.000802s ]
INFO: [ app_begin ] --START--
INFO: Run Behavior\ReadHtmlCacheBehavior [ RunTime:0.002103s ]
INFO: [ app_begin ] --END-- [ RunTime:0.002260s ]
SQL: SHOW COLUMNS FROM `ast_admin2` [ RunTime:0.0041s ]
SQL: SELECT * FROM `ast_admin2`  [ RunTime:0.0009s ]
SQL: SELECT * FROM `ast_admin2` WHERE `admin_id` = 1 LIMIT 1   [ RunTime:0.0006s ]
SQL: SHOW COLUMNS FROM `ast_nav2` [ RunTime:0.0045s ]
SQL: SELECT * FROM `ast_nav2`  [ RunTime:0.0004s ]
SQL: SELECT COUNT(*) AS tp_count FROM `ast_admin2` LIMIT 1   [ RunTime:0.0002s ]
NOTIC: [2] Missing argument 3 for getAdminPage(), called in C:\xampp\htdocs\aiston\Application\Admin2\Controller\CommonController.class.php on line 51 and defined C:\xampp\htdocs\aiston\Application\Common\Common\function.php 第 3 行.
NOTIC: [8] Undefined variable: num C:\xampp\htdocs\aiston\Application\Common\Common\function.php 第 4 行.
SQL: SELECT * FROM `ast_admin2` ORDER BY admin_id LIMIT 0,10   [ RunTime:0.0005s ]
SQL: SHOW COLUMNS FROM `ast_article2` [ RunTime:0.0046s ]
SQL: SHOW COLUMNS FROM `ast_artcate1` [ RunTime:0.0036s ]
SQL: SELECT * FROM `ast_artcate1` WHERE `cate_id` = 0 LIMIT 1   [ RunTime:0.0002s ]
SQL: SELECT * FROM `ast_artcate1` WHERE `cate_id` = 0 LIMIT 1   [ RunTime:0.0002s ]
SQL: SELECT * FROM `ast_artcate1` WHERE `cate_pid` = 0  [ RunTime:0.0003s ]
SQL: SELECT * FROM `ast_artcate1` WHERE `cate_pid` = 0  [ RunTime:0.0002s ]
SQL: SELECT COUNT(*) AS tp_count FROM `ast_article2` LIMIT 1   [ RunTime:0.0002s ]
SQL: SELECT * FROM `ast_article2` INNER JOIN `ast_artcate2` ON ast_article2.art_cateid = ast_artcate2.cate_id  ORDER BY art_addtime DESC LIMIT 0,10   [ RunTime:0.0014s ]
SQL: SHOW COLUMNS FROM `ast_artcomment2` [ RunTime:0.0036s ]
SQL: SELECT * FROM `ast_artcomment2`  [ RunTime:0.0002s ]
INFO: [ view_parse ] --START--
INFO: [ template_filter ] --START--
INFO: Run Behavior\ContentReplaceBehavior [ RunTime:0.000483s ]
INFO: [ template_filter ] --END-- [ RunTime:0.000557s ]
NOTIC: [8] Array to string conversion C:\xampp\htdocs\aiston\Application\Runtime\Cache\Admin2\449665f05d4295e86a151d6d0c38d905.php 第 382 行.
INFO: Run Behavior\ParseTemplateBehavior [ RunTime:0.031914s ]
INFO: [ view_parse ] --END-- [ RunTime:0.032028s ]
INFO: [ view_filter ] --START--
INFO: Run Behavior\WriteHtmlCacheBehavior [ RunTime:0.002440s ]
INFO: [ view_filter ] --END-- [ RunTime:0.002546s ]
NOTIC: [8] Undefined index: show C:\xampp\htdocs\aiston\Application\Admin2\Controller\ArticleController.class.php 第 82 行.
NOTIC: [8] Undefined index: id C:\xampp\htdocs\aiston\Application\Admin2\Controller\ArticleController.class.php 第 83 行.
SQL: UPDATE `ast_article2` SET `art_isshow`='1' WHERE `art_id` = null [ RunTime:0.0005s ]
INFO: [ app_end ] --START--
INFO: Run Behavior\ShowPageTraceBehavior [ RunTime:0.002060s ]
INFO: [ app_end ] --END-- [ RunTime:0.002148s ]

[ 2016-03-11T17:56:42+08:00 ] ::1 /index.php/Admin2/Article/index
INFO: [ app_init ] --START--
INFO: Run Behavior\BuildLiteBehavior [ RunTime:0.000019s ]
INFO: [ app_init ] --END-- [ RunTime:0.000809s ]
INFO: [ app_begin ] --START--
INFO: Run Behavior\ReadHtmlCacheBehavior [ RunTime:0.001836s ]
INFO: [ app_begin ] --END-- [ RunTime:0.001956s ]
SQL: SHOW COLUMNS FROM `ast_admin2` [ RunTime:0.0037s ]
SQL: SELECT * FROM `ast_admin2`  [ RunTime:0.0006s ]
SQL: SELECT * FROM `ast_admin2` WHERE `admin_id` = 1 LIMIT 1   [ RunTime:0.0003s ]
SQL: SHOW COLUMNS FROM `ast_nav2` [ RunTime:0.0055s ]
SQL: SELECT * FROM `ast_nav2`  [ RunTime:0.0007s ]
SQL: SELECT COUNT(*) AS tp_count FROM `ast_admin2` LIMIT 1   [ RunTime:0.0004s ]
NOTIC: [2] Missing argument 3 for getAdminPage(), called in C:\xampp\htdocs\aiston\Application\Admin2\Controller\CommonController.class.php on line 51 and defined C:\xampp\htdocs\aiston\Application\Common\Common\function.php 第 3 行.
NOTIC: [8] Undefined variable: num C:\xampp\htdocs\aiston\Application\Common\Common\function.php 第 4 行.
SQL: SELECT * FROM `ast_admin2` ORDER BY admin_id LIMIT 0,10   [ RunTime:0.0004s ]
SQL: SHOW COLUMNS FROM `ast_article2` [ RunTime:0.0037s ]
SQL: SHOW COLUMNS FROM `ast_artcate1` [ RunTime:0.0040s ]
SQL: SELECT * FROM `ast_artcate1` WHERE `cate_id` = 0 LIMIT 1   [ RunTime:0.0003s ]
SQL: SELECT * FROM `ast_artcate1` WHERE `cate_id` = 0 LIMIT 1   [ RunTime:0.0002s ]
SQL: SELECT * FROM `ast_artcate1` WHERE `cate_pid` = 0  [ RunTime:0.0004s ]
SQL: SELECT * FROM `ast_artcate1` WHERE `cate_pid` = 0  [ RunTime:0.0003s ]
SQL: SELECT COUNT(*) AS tp_count FROM `ast_article2` LIMIT 1   [ RunTime:0.0002s ]
SQL: SELECT * FROM `ast_article2` INNER JOIN `ast_artcate2` ON ast_article2.art_cateid = ast_artcate2.cate_id  ORDER BY art_addtime DESC LIMIT 0,10   [ RunTime:0.0002s ]
SQL: SHOW COLUMNS FROM `ast_artcomment2` [ RunTime:0.0036s ]
SQL: SELECT * FROM `ast_artcomment2`  [ RunTime:0.0002s ]
INFO: [ view_parse ] --START--
INFO: [ template_filter ] --START--
INFO: Run Behavior\ContentReplaceBehavior [ RunTime:0.000713s ]
INFO: [ template_filter ] --END-- [ RunTime:0.000815s ]
NOTIC: [8] Array to string conversion C:\xampp\htdocs\aiston\Application\Runtime\Cache\Admin2\449665f05d4295e86a151d6d0c38d905.php 第 382 行.
INFO: Run Behavior\ParseTemplateBehavior [ RunTime:0.036092s ]
INFO: [ view_parse ] --END-- [ RunTime:0.036154s ]
INFO: [ view_filter ] --START--
INFO: Run Behavior\WriteHtmlCacheBehavior [ RunTime:0.001989s ]
INFO: [ view_filter ] --END-- [ RunTime:0.002064s ]
NOTIC: [8] Undefined index: show C:\xampp\htdocs\aiston\Application\Admin2\Controller\ArticleController.class.php 第 82 行.
NOTIC: [8] Undefined index: id C:\xampp\htdocs\aiston\Application\Admin2\Controller\ArticleController.class.php 第 83 行.
SQL: UPDATE `ast_article2` SET `art_isshow`='1' WHERE `art_id` = null [ RunTime:0.0009s ]
INFO: [ app_end ] --START--
INFO: Run Behavior\ShowPageTraceBehavior [ RunTime:0.002352s ]
INFO: [ app_end ] --END-- [ RunTime:0.002509s ]

[ 2016-03-11T17:56:44+08:00 ] ::1 /index.php/Admin2/Article/add
INFO: [ app_init ] --START--
INFO: Run Behavior\BuildLiteBehavior [ RunTime:0.000028s ]
INFO: [ app_init ] --END-- [ RunTime:0.000934s ]
INFO: [ app_begin ] --START--
INFO: Run Behavior\ReadHtmlCacheBehavior [ RunTime:0.001278s ]
INFO: [ app_begin ] --END-- [ RunTime:0.001395s ]
SQL: SHOW COLUMNS FROM `ast_admin2` [ RunTime:0.0042s ]
SQL: SELECT * FROM `ast_admin2`  [ RunTime:0.0004s ]
SQL: SELECT * FROM `ast_admin2` WHERE `admin_id` = 1 LIMIT 1   [ RunTime:0.0005s ]
SQL: SHOW COLUMNS FROM `ast_nav2` [ RunTime:0.0058s ]
SQL: SELECT * FROM `ast_nav2`  [ RunTime:0.0004s ]
SQL: SELECT COUNT(*) AS tp_count FROM `ast_admin2` LIMIT 1   [ RunTime:0.0002s ]
NOTIC: [2] Missing argument 3 for getAdminPage(), called in C:\xampp\htdocs\aiston\Application\Admin2\Controller\CommonController.class.php on line 51 and defined C:\xampp\htdocs\aiston\Application\Common\Common\function.php 第 3 行.
NOTIC: [8] Undefined variable: num C:\xampp\htdocs\aiston\Application\Common\Common\function.php 第 4 行.
SQL: SELECT * FROM `ast_admin2` ORDER BY admin_id LIMIT 0,10   [ RunTime:0.0004s ]
SQL: SHOW COLUMNS FROM `ast_artcate2` [ RunTime:0.0042s ]
SQL: SHOW COLUMNS FROM `ast_article2` [ RunTime:0.0040s ]
SQL: SELECT * FROM `ast_artcate2` WHERE `cate_pid` = 0 ORDER BY cate_id ASC  [ RunTime:0.0003s ]
SQL: SELECT `art_order` FROM `ast_article2` ORDER BY art_order DESC LIMIT 1   [ RunTime:0.0003s ]
INFO: [ view_parse ] --START--
INFO: [ template_filter ] --START--
INFO: Run Behavior\ContentReplaceBehavior [ RunTime:0.000626s ]
INFO: [ template_filter ] --END-- [ RunTime:0.000734s ]
NOTIC: [8] Undefined variable: htmlData C:\xampp\htdocs\aiston\Application\Runtime\Cache\Admin2\a674a968f19683f306b9b4f92553a71f.php 第 144 行.
NOTIC: [8] Undefined variable: htmlData C:\xampp\htdocs\aiston\Application\Runtime\Cache\Admin2\a674a968f19683f306b9b4f92553a71f.php 第 144 行.
NOTIC: [8] Array to string conversion C:\xampp\htdocs\aiston\Application\Runtime\Cache\Admin2\a674a968f19683f306b9b4f92553a71f.php 第 319 行.
NOTIC: [8] Undefined variable: url C:\xampp\htdocs\aiston\Application\Runtime\Cache\Admin2\a674a968f19683f306b9b4f92553a71f.php 第 548 行.
NOTIC: [8] Undefined variable: url C:\xampp\htdocs\aiston\Application\Runtime\Cache\Admin2\a674a968f19683f306b9b4f92553a71f.php 第 551 行.
INFO: Run Behavior\ParseTemplateBehavior [ RunTime:0.030811s ]
INFO: [ view_parse ] --END-- [ RunTime:0.030898s ]
INFO: [ view_filter ] --START--
INFO: Run Behavior\WriteHtmlCacheBehavior [ RunTime:0.000691s ]
INFO: [ view_filter ] --END-- [ RunTime:0.000745s ]
INFO: [ app_end ] --START--
INFO: Run Behavior\ShowPageTraceBehavior [ RunTime:0.001827s ]
INFO: [ app_end ] --END-- [ RunTime:0.001932s ]

[ 2016-03-11T17:56:46+08:00 ] ::1 /index.php/Admin2/Article/sort
INFO: [ app_init ] --START--
INFO: Run Behavior\BuildLiteBehavior [ RunTime:0.000017s ]
INFO: [ app_init ] --END-- [ RunTime:0.000714s ]
INFO: [ app_begin ] --START--
INFO: Run Behavior\ReadHtmlCacheBehavior [ RunTime:0.002155s ]
INFO: [ app_begin ] --END-- [ RunTime:0.002353s ]
SQL: SHOW COLUMNS FROM `ast_admin2` [ RunTime:0.0037s ]
SQL: SELECT * FROM `ast_admin2`  [ RunTime:0.0004s ]
SQL: SELECT * FROM `ast_admin2` WHERE `admin_id` = 1 LIMIT 1   [ RunTime:0.0003s ]
SQL: SHOW COLUMNS FROM `ast_nav2` [ RunTime:0.0046s ]
SQL: SELECT * FROM `ast_nav2`  [ RunTime:0.0007s ]
SQL: SELECT COUNT(*) AS tp_count FROM `ast_admin2` LIMIT 1   [ RunTime:0.0006s ]
NOTIC: [2] Missing argument 3 for getAdminPage(), called in C:\xampp\htdocs\aiston\Application\Admin2\Controller\CommonController.class.php on line 51 and defined C:\xampp\htdocs\aiston\Application\Common\Common\function.php 第 3 行.
NOTIC: [8] Undefined variable: num C:\xampp\htdocs\aiston\Application\Common\Common\function.php 第 4 行.
SQL: SELECT * FROM `ast_admin2` ORDER BY admin_id LIMIT 0,10   [ RunTime:0.0005s ]
SQL: SHOW COLUMNS FROM `ast_artcate2` [ RunTime:0.0036s ]
SQL: SELECT * FROM `ast_artcate2` ORDER BY cate_order ASC  [ RunTime:0.0003s ]
NOTIC: [8] Undefined variable: one_cate C:\xampp\htdocs\aiston\Application\Admin2\Controller\ArticleController.class.php 第 377 行.
NOTIC: [2] Invalid argument supplied for foreach() C:\xampp\htdocs\aiston\Application\Admin2\Controller\ArticleController.class.php 第 377 行.
NOTIC: [8] Undefined variable: one_cate C:\xampp\htdocs\aiston\Application\Admin2\Controller\ArticleController.class.php 第 386 行.
INFO: [ view_parse ] --START--
INFO: [ template_filter ] --START--
INFO: Run Behavior\ContentReplaceBehavior [ RunTime:0.000751s ]
INFO: [ template_filter ] --END-- [ RunTime:0.000819s ]
NOTIC: [8] Undefined index: cate_id C:\xampp\htdocs\aiston\Application\Runtime\Cache\Admin2\f6ebcc2577906853d1ce6c1bb6ad10ec.php 第 175 行.
NOTIC: [8] Array to string conversion C:\xampp\htdocs\aiston\Application\Runtime\Cache\Admin2\f6ebcc2577906853d1ce6c1bb6ad10ec.php 第 499 行.
NOTIC: [8] Undefined variable: url C:\xampp\htdocs\aiston\Application\Runtime\Cache\Admin2\f6ebcc2577906853d1ce6c1bb6ad10ec.php 第 728 行.
NOTIC: [8] Undefined variable: url C:\xampp\htdocs\aiston\Application\Runtime\Cache\Admin2\f6ebcc2577906853d1ce6c1bb6ad10ec.php 第 731 行.
INFO: Run Behavior\ParseTemplateBehavior [ RunTime:0.031278s ]
INFO: [ view_parse ] --END-- [ RunTime:0.031345s ]
INFO: [ view_filter ] --START--
INFO: Run Behavior\WriteHtmlCacheBehavior [ RunTime:0.000883s ]
INFO: [ view_filter ] --END-- [ RunTime:0.000932s ]
INFO: [ app_end ] --START--
INFO: Run Behavior\ShowPageTraceBehavior [ RunTime:0.001903s ]
INFO: [ app_end ] --END-- [ RunTime:0.001976s ]

[ 2016-03-11T17:56:48+08:00 ] ::1 /index.php/Admin2/Product/index
INFO: [ app_init ] --START--
INFO: Run Behavior\BuildLiteBehavior [ RunTime:0.000022s ]
INFO: [ app_init ] --END-- [ RunTime:0.000706s ]
INFO: [ app_begin ] --START--
INFO: Run Behavior\ReadHtmlCacheBehavior [ RunTime:0.001068s ]
INFO: [ app_begin ] --END-- [ RunTime:0.001131s ]
ERR: 无法加载控制器:Product

[ 2016-03-11T17:56:52+08:00 ] ::1 /index.php/Admin2/Article/index
INFO: [ app_init ] --START--
INFO: Run Behavior\BuildLiteBehavior [ RunTime:0.000030s ]
INFO: [ app_init ] --END-- [ RunTime:0.001094s ]
INFO: [ app_begin ] --START--
INFO: Run Behavior\ReadHtmlCacheBehavior [ RunTime:0.001860s ]
INFO: [ app_begin ] --END-- [ RunTime:0.002016s ]
SQL: SHOW COLUMNS FROM `ast_admin2` [ RunTime:0.0065s ]
SQL: SELECT * FROM `ast_admin2`  [ RunTime:0.0003s ]
SQL: SELECT * FROM `ast_admin2` WHERE `admin_id` = 1 LIMIT 1   [ RunTime:0.0003s ]
SQL: SHOW COLUMNS FROM `ast_nav2` [ RunTime:0.0048s ]
SQL: SELECT * FROM `ast_nav2`  [ RunTime:0.0004s ]
SQL: SELECT COUNT(*) AS tp_count FROM `ast_admin2` LIMIT 1   [ RunTime:0.0002s ]
NOTIC: [2] Missing argument 3 for getAdminPage(), called in C:\xampp\htdocs\aiston\Application\Admin2\Controller\CommonController.class.php on line 51 and defined C:\xampp\htdocs\aiston\Application\Common\Common\function.php 第 3 行.
NOTIC: [8] Undefined variable: num C:\xampp\htdocs\aiston\Application\Common\Common\function.php 第 4 行.
SQL: SELECT * FROM `ast_admin2` ORDER BY admin_id LIMIT 0,10   [ RunTime:0.0005s ]
SQL: SHOW COLUMNS FROM `ast_article2` [ RunTime:0.0055s ]
SQL: SHOW COLUMNS FROM `ast_artcate1` [ RunTime:0.0048s ]
SQL: SELECT * FROM `ast_artcate1` WHERE `cate_id` = 0 LIMIT 1   [ RunTime:0.0003s ]
SQL: SELECT * FROM `ast_artcate1` WHERE `cate_id` = 0 LIMIT 1   [ RunTime:0.0004s ]
SQL: SELECT * FROM `ast_artcate1` WHERE `cate_pid` = 0  [ RunTime:0.0006s ]
SQL: SELECT * FROM `ast_artcate1` WHERE `cate_pid` = 0  [ RunTime:0.0008s ]
SQL: SELECT COUNT(*) AS tp_count FROM `ast_article2` LIMIT 1   [ RunTime:0.0004s ]
SQL: SELECT * FROM `ast_article2` INNER JOIN `ast_artcate2` ON ast_article2.art_cateid = ast_artcate2.cate_id  ORDER BY art_addtime DESC LIMIT 0,10   [ RunTime:0.0006s ]
SQL: SHOW COLUMNS FROM `ast_artcomment2` [ RunTime:0.0049s ]
SQL: SELECT * FROM `ast_artcomment2`  [ RunTime:0.0003s ]
INFO: [ view_parse ] --START--
INFO: [ template_filter ] --START--
INFO: Run Behavior\ContentReplaceBehavior [ RunTime:0.000468s ]
INFO: [ template_filter ] --END-- [ RunTime:0.000536s ]
NOTIC: [8] Array to string conversion C:\xampp\htdocs\aiston\Application\Runtime\Cache\Admin2\449665f05d4295e86a151d6d0c38d905.php 第 382 行.
INFO: Run Behavior\ParseTemplateBehavior [ RunTime:0.035280s ]
INFO: [ view_parse ] --END-- [ RunTime:0.035343s ]
INFO: [ view_filter ] --START--
INFO: Run Behavior\WriteHtmlCacheBehavior [ RunTime:0.001437s ]
INFO: [ view_filter ] --END-- [ RunTime:0.001521s ]
NOTIC: [8] Undefined index: show C:\xampp\htdocs\aiston\Application\Admin2\Controller\ArticleController.class.php 第 82 行.
NOTIC: [8] Undefined index: id C:\xampp\htdocs\aiston\Application\Admin2\Controller\ArticleController.class.php 第 83 行.
SQL: UPDATE `ast_article2` SET `art_isshow`='1' WHERE `art_id` = null [ RunTime:0.0003s ]
INFO: [ app_end ] --START--
INFO: Run Behavior\ShowPageTraceBehavior [ RunTime:0.002120s ]
INFO: [ app_end ] --END-- [ RunTime:0.002226s ]

[ 2016-03-11T17:56:54+08:00 ] ::1 /index.php/Admin2/Article/add
INFO: [ app_init ] --START--
INFO: Run Behavior\BuildLiteBehavior [ RunTime:0.000019s ]
INFO: [ app_init ] --END-- [ RunTime:0.000645s ]
INFO: [ app_begin ] --START--
INFO: Run Behavior\ReadHtmlCacheBehavior [ RunTime:0.001308s ]
INFO: [ app_begin ] --END-- [ RunTime:0.001399s ]
SQL: SHOW COLUMNS FROM `ast_admin2` [ RunTime:0.0040s ]
SQL: SELECT * FROM `ast_admin2`  [ RunTime:0.0004s ]
SQL: SELECT * FROM `ast_admin2` WHERE `admin_id` = 1 LIMIT 1   [ RunTime:0.0004s ]
SQL: SHOW COLUMNS FROM `ast_nav2` [ RunTime:0.0044s ]
SQL: SELECT * FROM `ast_nav2`  [ RunTime:0.0006s ]
SQL: SELECT COUNT(*) AS tp_count FROM `ast_admin2` LIMIT 1   [ RunTime:0.0003s ]
NOTIC: [2] Missing argument 3 for getAdminPage(), called in C:\xampp\htdocs\aiston\Application\Admin2\Controller\CommonController.class.php on line 51 and defined C:\xampp\htdocs\aiston\Application\Common\Common\function.php 第 3 行.
NOTIC: [8] Undefined variable: num C:\xampp\htdocs\aiston\Application\Common\Common\function.php 第 4 行.
SQL: SELECT * FROM `ast_admin2` ORDER BY admin_id LIMIT 0,10   [ RunTime:0.0009s ]
SQL: SHOW COLUMNS FROM `ast_artcate2` [ RunTime:0.0048s ]
SQL: SHOW COLUMNS FROM `ast_article2` [ RunTime:0.0038s ]
SQL: SELECT * FROM `ast_artcate2` WHERE `cate_pid` = 0 ORDER BY cate_id ASC  [ RunTime:0.0003s ]
SQL: SELECT `art_order` FROM `ast_article2` ORDER BY art_order DESC LIMIT 1   [ RunTime:0.0003s ]
INFO: [ view_parse ] --START--
INFO: [ template_filter ] --START--
INFO: Run Behavior\ContentReplaceBehavior [ RunTime:0.000537s ]
INFO: [ template_filter ] --END-- [ RunTime:0.000613s ]
NOTIC: [8] Undefined variable: htmlData C:\xampp\htdocs\aiston\Application\Runtime\Cache\Admin2\a674a968f19683f306b9b4f92553a71f.php 第 144 行.
NOTIC: [8] Undefined variable: htmlData C:\xampp\htdocs\aiston\Application\Runtime\Cache\Admin2\a674a968f19683f306b9b4f92553a71f.php 第 144 行.
NOTIC: [8] Array to string conversion C:\xampp\htdocs\aiston\Application\Runtime\Cache\Admin2\a674a968f19683f306b9b4f92553a71f.php 第 319 行.
NOTIC: [8] Undefined variable: url C:\xampp\htdocs\aiston\Application\Runtime\Cache\Admin2\a674a968f19683f306b9b4f92553a71f.php 第 548 行.
NOTIC: [8] Undefined variable: url C:\xampp\htdocs\aiston\Application\Runtime\Cache\Admin2\a674a968f19683f306b9b4f92553a71f.php 第 551 行.
INFO: Run Behavior\ParseTemplateBehavior [ RunTime:0.031397s ]
INFO: [ view_parse ] --END-- [ RunTime:0.031469s ]
INFO: [ view_filter ] --START--
INFO: Run Behavior\WriteHtmlCacheBehavior [ RunTime:0.001294s ]
INFO: [ view_filter ] --END-- [ RunTime:0.001368s ]
INFO: [ app_end ] --START--
INFO: Run Behavior\ShowPageTraceBehavior [ RunTime:0.002603s ]
INFO: [ app_end ] --END-- [ RunTime:0.002975s ]

[ 2016-03-11T17:56:56+08:00 ] ::1 /index.php/Admin2/Article/sort
INFO: [ app_init ] --START--
INFO: Run Behavior\BuildLiteBehavior [ RunTime:0.000019s ]
INFO: [ app_init ] --END-- [ RunTime:0.000855s ]
INFO: [ app_begin ] --START--
INFO: Run Behavior\ReadHtmlCacheBehavior [ RunTime:0.002301s ]
INFO: [ app_begin ] --END-- [ RunTime:0.002422s ]
SQL: SHOW COLUMNS FROM `ast_admin2` [ RunTime:0.0046s ]
SQL: SELECT * FROM `ast_admin2`  [ RunTime:0.0003s ]
SQL: SELECT * FROM `ast_admin2` WHERE `admin_id` = 1 LIMIT 1   [ RunTime:0.0002s ]
SQL: SHOW COLUMNS FROM `ast_nav2` [ RunTime:0.0036s ]
SQL: SELECT * FROM `ast_nav2`  [ RunTime:0.0003s ]
SQL: SELECT COUNT(*) AS tp_count FROM `ast_admin2` LIMIT 1   [ RunTime:0.0002s ]
NOTIC: [2] Missing argument 3 for getAdminPage(), called in C:\xampp\htdocs\aiston\Application\Admin2\Controller\CommonController.class.php on line 51 and defined C:\xampp\htdocs\aiston\Application\Common\Common\function.php 第 3 行.
NOTIC: [8] Undefined variable: num C:\xampp\htdocs\aiston\Application\Common\Common\function.php 第 4 行.
SQL: SELECT * FROM `ast_admin2` ORDER BY admin_id LIMIT 0,10   [ RunTime:0.0006s ]
SQL: SHOW COLUMNS FROM `ast_artcate2` [ RunTime:0.0070s ]
SQL: SELECT * FROM `ast_artcate2` ORDER BY cate_order ASC  [ RunTime:0.0003s ]
NOTIC: [8] Undefined variable: one_cate C:\xampp\htdocs\aiston\Application\Admin2\Controller\ArticleController.class.php 第 377 行.
NOTIC: [2] Invalid argument supplied for foreach() C:\xampp\htdocs\aiston\Application\Admin2\Controller\ArticleController.class.php 第 377 行.
NOTIC: [8] Undefined variable: one_cate C:\xampp\htdocs\aiston\Application\Admin2\Controller\ArticleController.class.php 第 386 行.
INFO: [ view_parse ] --START--
INFO: [ template_filter ] --START--
INFO: Run Behavior\ContentReplaceBehavior [ RunTime:0.001180s ]
INFO: [ template_filter ] --END-- [ RunTime:0.001326s ]
NOTIC: [8] Undefined index: cate_id C:\xampp\htdocs\aiston\Application\Runtime\Cache\Admin2\f6ebcc2577906853d1ce6c1bb6ad10ec.php 第 175 行.
NOTIC: [8] Array to string conversion C:\xampp\htdocs\aiston\Application\Runtime\Cache\Admin2\f6ebcc2577906853d1ce6c1bb6ad10ec.php 第 499 行.
NOTIC: [8] Undefined variable: url C:\xampp\htdocs\aiston\Application\Runtime\Cache\Admin2\f6ebcc2577906853d1ce6c1bb6ad10ec.php 第 728 行.
NOTIC: [8] Undefined variable: url C:\xampp\htdocs\aiston\Application\Runtime\Cache\Admin2\f6ebcc2577906853d1ce6c1bb6ad10ec.php 第 731 行.
INFO: Run Behavior\ParseTemplateBehavior [ RunTime:0.044170s ]
INFO: [ view_parse ] --END-- [ RunTime:0.044252s ]
INFO: [ view_filter ] --START--
INFO: Run Behavior\WriteHtmlCacheBehavior [ RunTime:0.001568s ]
INFO: [ view_filter ] --END-- [ RunTime:0.001628s ]
INFO: [ app_end ] --START--
INFO: Run Behavior\ShowPageTraceBehavior [ RunTime:0.002984s ]
INFO: [ app_end ] --END-- [ RunTime:0.003114s ]

[ 2016-03-11T17:57:06+08:00 ] ::1 /index.php/Admin2/Article/index
INFO: [ app_init ] --START--
INFO: Run Behavior\BuildLiteBehavior [ RunTime:0.000031s ]
INFO: [ app_init ] --END-- [ RunTime:0.000882s ]
INFO: [ app_begin ] --START--
INFO: Run Behavior\ReadHtmlCacheBehavior [ RunTime:0.002558s ]
INFO: [ app_begin ] --END-- [ RunTime:0.002750s ]
SQL: SHOW COLUMNS FROM `ast_admin2` [ RunTime:0.0037s ]
SQL: SELECT * FROM `ast_admin2`  [ RunTime:0.0004s ]
SQL: SELECT * FROM `ast_admin2` WHERE `admin_id` = 1 LIMIT 1   [ RunTime:0.0003s ]
SQL: SHOW COLUMNS FROM `ast_nav2` [ RunTime:0.0044s ]
SQL: SELECT * FROM `ast_nav2`  [ RunTime:0.0007s ]
SQL: SELECT COUNT(*) AS tp_count FROM `ast_admin2` LIMIT 1   [ RunTime:0.0004s ]
NOTIC: [2] Missing argument 3 for getAdminPage(), called in C:\xampp\htdocs\aiston\Application\Admin2\Controller\CommonController.class.php on line 51 and defined C:\xampp\htdocs\aiston\Application\Common\Common\function.php 第 3 行.
NOTIC: [8] Undefined variable: num C:\xampp\htdocs\aiston\Application\Common\Common\function.php 第 4 行.
SQL: SELECT * FROM `ast_admin2` ORDER BY admin_id LIMIT 0,10   [ RunTime:0.0005s ]
SQL: SHOW COLUMNS FROM `ast_article2` [ RunTime:0.0039s ]
SQL: SHOW COLUMNS FROM `ast_artcate1` [ RunTime:0.0034s ]
SQL: SELECT * FROM `ast_artcate1` WHERE `cate_id` = 0 LIMIT 1   [ RunTime:0.0003s ]
SQL: SELECT * FROM `ast_artcate1` WHERE `cate_id` = 0 LIMIT 1   [ RunTime:0.0002s ]
SQL: SELECT * FROM `ast_artcate1` WHERE `cate_pid` = 0  [ RunTime:0.0003s ]
SQL: SELECT * FROM `ast_artcate1` WHERE `cate_pid` = 0  [ RunTime:0.0002s ]
SQL: SELECT COUNT(*) AS tp_count FROM `ast_article2` LIMIT 1   [ RunTime:0.0002s ]
SQL: SELECT * FROM `ast_article2` INNER JOIN `ast_artcate2` ON ast_article2.art_cateid = ast_artcate2.cate_id  ORDER BY art_addtime DESC LIMIT 0,10   [ RunTime:0.0002s ]
SQL: SHOW COLUMNS FROM `ast_artcomment2` [ RunTime:0.0038s ]
SQL: SELECT * FROM `ast_artcomment2`  [ RunTime:0.0002s ]
INFO: [ view_parse ] --START--
INFO: [ template_filter ] --START--
INFO: Run Behavior\ContentReplaceBehavior [ RunTime:0.000465s ]
INFO: [ template_filter ] --END-- [ RunTime:0.000535s ]
NOTIC: [8] Array to string conversion C:\xampp\htdocs\aiston\Application\Runtime\Cache\Admin2\449665f05d4295e86a151d6d0c38d905.php 第 382 行.
INFO: Run Behavior\ParseTemplateBehavior [ RunTime:0.031606s ]
INFO: [ view_parse ] --END-- [ RunTime:0.031676s ]
INFO: [ view_filter ] --START--
INFO: Run Behavior\WriteHtmlCacheBehavior [ RunTime:0.001031s ]
INFO: [ view_filter ] --END-- [ RunTime:0.001095s ]
NOTIC: [8] Undefined index: show C:\xampp\htdocs\aiston\Application\Admin2\Controller\ArticleController.class.php 第 82 行.
NOTIC: [8] Undefined index: id C:\xampp\htdocs\aiston\Application\Admin2\Controller\ArticleController.class.php 第 83 行.
SQL: UPDATE `ast_article2` SET `art_isshow`='1' WHERE `art_id` = null [ RunTime:0.0003s ]
INFO: [ app_end ] --START--
INFO: Run Behavior\ShowPageTraceBehavior [ RunTime:0.001762s ]
INFO: [ app_end ] --END-- [ RunTime:0.001857s ]

[ 2016-03-11T17:57:51+08:00 ] ::1 /index.php/Admin2/Article/index
INFO: [ app_init ] --START--
INFO: Run Behavior\BuildLiteBehavior [ RunTime:0.000024s ]
INFO: [ app_init ] --END-- [ RunTime:0.000703s ]
INFO: [ app_begin ] --START--
INFO: Run Behavior\ReadHtmlCacheBehavior [ RunTime:0.001587s ]
INFO: [ app_begin ] --END-- [ RunTime:0.001753s ]
SQL: SHOW COLUMNS FROM `ast_admin2` [ RunTime:0.0039s ]
SQL: SELECT * FROM `ast_admin2`  [ RunTime:0.0004s ]
SQL: SELECT * FROM `ast_admin2` WHERE `admin_id` = 1 LIMIT 1   [ RunTime:0.0003s ]
SQL: SHOW COLUMNS FROM `ast_nav2` [ RunTime:0.0053s ]
SQL: SELECT * FROM `ast_nav2`  [ RunTime:0.0007s ]
SQL: SELECT COUNT(*) AS tp_count FROM `ast_admin2` LIMIT 1   [ RunTime:0.0003s ]
NOTIC: [2] Missing argument 3 for getAdminPage(), called in C:\xampp\htdocs\aiston\Application\Admin2\Controller\CommonController.class.php on line 51 and defined C:\xampp\htdocs\aiston\Application\Common\Common\function.php 第 3 行.
NOTIC: [8] Undefined variable: num C:\xampp\htdocs\aiston\Application\Common\Common\function.php 第 4 行.
SQL: SELECT * FROM `ast_admin2` ORDER BY admin_id LIMIT 0,10   [ RunTime:0.0004s ]
SQL: SHOW COLUMNS FROM `ast_article2` [ RunTime:0.0040s ]
SQL: SHOW COLUMNS FROM `ast_artcate1` [ RunTime:0.0037s ]
SQL: SELECT * FROM `ast_artcate1` WHERE `cate_id` = 0 LIMIT 1   [ RunTime:0.0005s ]
SQL: SELECT * FROM `ast_artcate1` WHERE `cate_id` = 0 LIMIT 1   [ RunTime:0.0003s ]
SQL: SELECT * FROM `ast_artcate1` WHERE `cate_pid` = 0  [ RunTime:0.0004s ]
SQL: SELECT * FROM `ast_artcate1` WHERE `cate_pid` = 0  [ RunTime:0.0004s ]
SQL: SELECT COUNT(*) AS tp_count FROM `ast_article2` LIMIT 1   [ RunTime:0.0002s ]
SQL: SELECT * FROM `ast_article2` INNER JOIN `ast_artcate2` ON ast_article2.art_cateid = ast_artcate2.cate_id  ORDER BY art_addtime DESC LIMIT 0,10   [ RunTime:0.0043s ]
SQL: SHOW COLUMNS FROM `ast_artcomment2` [ RunTime:0.0036s ]
SQL: SELECT * FROM `ast_artcomment2`  [ RunTime:0.0002s ]
INFO: [ view_parse ] --START--
INFO: [ template_filter ] --START--
INFO: Run Behavior\ContentReplaceBehavior [ RunTime:0.000454s ]
INFO: [ template_filter ] --END-- [ RunTime:0.000521s ]
NOTIC: [8] Undefined index: mentNum C:\xampp\htdocs\aiston\Application\Runtime\Cache\Admin2\449665f05d4295e86a151d6d0c38d905.php 第 162 行.
NOTIC: [8] Undefined index: mentNum C:\xampp\htdocs\aiston\Application\Runtime\Cache\Admin2\449665f05d4295e86a151d6d0c38d905.php 第 162 行.
NOTIC: [8] Undefined index: mentNum C:\xampp\htdocs\aiston\Application\Runtime\Cache\Admin2\449665f05d4295e86a151d6d0c38d905.php 第 162 行.
NOTIC: [8] Undefined index: mentNum C:\xampp\htdocs\aiston\Application\Runtime\Cache\Admin2\449665f05d4295e86a151d6d0c38d905.php 第 162 行.
NOTIC: [8] Undefined index: mentNum C:\xampp\htdocs\aiston\Application\Runtime\Cache\Admin2\449665f05d4295e86a151d6d0c38d905.php 第 162 行.
NOTIC: [8] Undefined index: mentNum C:\xampp\htdocs\aiston\Application\Runtime\Cache\Admin2\449665f05d4295e86a151d6d0c38d905.php 第 162 行.
NOTIC: [8] Undefined index: mentNum C:\xampp\htdocs\aiston\Application\Runtime\Cache\Admin2\449665f05d4295e86a151d6d0c38d905.php 第 162 行.
NOTIC: [8] Undefined index: mentNum C:\xampp\htdocs\aiston\Application\Runtime\Cache\Admin2\449665f05d4295e86a151d6d0c38d905.php 第 162 行.
NOTIC: [8] Undefined index: mentNum C:\xampp\htdocs\aiston\Application\Runtime\Cache\Admin2\449665f05d4295e86a151d6d0c38d905.php 第 162 行.
NOTIC: [8] Undefined index: mentNum C:\xampp\htdocs\aiston\Application\Runtime\Cache\Admin2\449665f05d4295e86a151d6d0c38d905.php 第 162 行.
NOTIC: [8] Array to string conversion C:\xampp\htdocs\aiston\Application\Runtime\Cache\Admin2\449665f05d4295e86a151d6d0c38d905.php 第 382 行.
INFO: Run Behavior\ParseTemplateBehavior [ RunTime:0.042186s ]
INFO: [ view_parse ] --END-- [ RunTime:0.042249s ]
INFO: [ view_filter ] --START--
INFO: Run Behavior\WriteHtmlCacheBehavior [ RunTime:0.001081s ]
INFO: [ view_filter ] --END-- [ RunTime:0.001146s ]
NOTIC: [8] Undefined index: show C:\xampp\htdocs\aiston\Application\Admin2\Controller\ArticleController.class.php 第 82 行.
NOTIC: [8] Undefined index: id C:\xampp\htdocs\aiston\Application\Admin2\Controller\ArticleController.class.php 第 83 行.
SQL: UPDATE `ast_article2` SET `art_isshow`='1' WHERE `art_id` = null [ RunTime:0.0003s ]
INFO: [ app_end ] --START--
INFO: Run Behavior\ShowPageTraceBehavior [ RunTime:0.001584s ]
INFO: [ app_end ] --END-- [ RunTime:0.001686s ]

[ 2016-03-11T17:57:54+08:00 ] ::1 /index.php/Admin2/Article/sort
INFO: [ app_init ] --START--
INFO: Run Behavior\BuildLiteBehavior [ RunTime:0.000016s ]
INFO: [ app_init ] --END-- [ RunTime:0.000630s ]
INFO: [ app_begin ] --START--
INFO: Run Behavior\ReadHtmlCacheBehavior [ RunTime:0.001623s ]
INFO: [ app_begin ] --END-- [ RunTime:0.001728s ]
SQL: SHOW COLUMNS FROM `ast_admin2` [ RunTime:0.0038s ]
SQL: SELECT * FROM `ast_admin2`  [ RunTime:0.0004s ]
SQL: SELECT * FROM `ast_admin2` WHERE `admin_id` = 1 LIMIT 1   [ RunTime:0.0003s ]
SQL: SHOW COLUMNS FROM `ast_nav2` [ RunTime:0.0036s ]
SQL: SELECT * FROM `ast_nav2`  [ RunTime:0.0004s ]
SQL: SELECT COUNT(*) AS tp_count FROM `ast_admin2` LIMIT 1   [ RunTime:0.0002s ]
NOTIC: [2] Missing argument 3 for getAdminPage(), called in C:\xampp\htdocs\aiston\Application\Admin2\Controller\CommonController.class.php on line 51 and defined C:\xampp\htdocs\aiston\Application\Common\Common\function.php 第 3 行.
NOTIC: [8] Undefined variable: num C:\xampp\htdocs\aiston\Application\Common\Common\function.php 第 4 行.
SQL: SELECT * FROM `ast_admin2` ORDER BY admin_id LIMIT 0,10   [ RunTime:0.0010s ]
SQL: SHOW COLUMNS FROM `ast_artcate2` [ RunTime:0.0045s ]
SQL: SELECT * FROM `ast_artcate2` ORDER BY cate_order ASC  [ RunTime:0.0003s ]
INFO: [ view_parse ] --START--
INFO: [ template_filter ] --START--
INFO: Run Behavior\ContentReplaceBehavior [ RunTime:0.000814s ]
INFO: [ template_filter ] --END-- [ RunTime:0.000933s ]
NOTIC: [8] Undefined index: sid C:\xampp\htdocs\aiston\Application\Runtime\Cache\Admin2\f6ebcc2577906853d1ce6c1bb6ad10ec.php 第 136 行.
NOTIC: [8] Undefined index: sid C:\xampp\htdocs\aiston\Application\Runtime\Cache\Admin2\f6ebcc2577906853d1ce6c1bb6ad10ec.php 第 136 行.
NOTIC: [8] Undefined index: sid C:\xampp\htdocs\aiston\Application\Runtime\Cache\Admin2\f6ebcc2577906853d1ce6c1bb6ad10ec.php 第 136 行.
NOTIC: [8] Undefined index: sid C:\xampp\htdocs\aiston\Application\Runtime\Cache\Admin2\f6ebcc2577906853d1ce6c1bb6ad10ec.php 第 136 行.
NOTIC: [8] Undefined index: sid C:\xampp\htdocs\aiston\Application\Runtime\Cache\Admin2\f6ebcc2577906853d1ce6c1bb6ad10ec.php 第 136 行.
NOTIC: [8] Array to string conversion C:\xampp\htdocs\aiston\Application\Runtime\Cache\Admin2\f6ebcc2577906853d1ce6c1bb6ad10ec.php 第 499 行.
NOTIC: [8] Undefined variable: url C:\xampp\htdocs\aiston\Application\Runtime\Cache\Admin2\f6ebcc2577906853d1ce6c1bb6ad10ec.php 第 728 行.
NOTIC: [8] Undefined variable: url C:\xampp\htdocs\aiston\Application\Runtime\Cache\Admin2\f6ebcc2577906853d1ce6c1bb6ad10ec.php 第 731 行.
INFO: Run Behavior\ParseTemplateBehavior [ RunTime:0.029438s ]
INFO: [ view_parse ] --END-- [ RunTime:0.029502s ]
INFO: [ view_filter ] --START--
INFO: Run Behavior\WriteHtmlCacheBehavior [ RunTime:0.001184s ]
INFO: [ view_filter ] --END-- [ RunTime:0.001270s ]
INFO: [ app_end ] --START--
INFO: Run Behavior\ShowPageTraceBehavior [ RunTime:0.001507s ]
INFO: [ app_end ] --END-- [ RunTime:0.001585s ]

[ 2016-03-11T17:57:56+08:00 ] ::1 /index.php/Admin2/Article/sort
INFO: [ app_init ] --START--
INFO: Run Behavior\BuildLiteBehavior [ RunTime:0.000027s ]
INFO: [ app_init ] --END-- [ RunTime:0.001317s ]
INFO: [ app_begin ] --START--
INFO: Run Behavior\ReadHtmlCacheBehavior [ RunTime:0.001422s ]
INFO: [ app_begin ] --END-- [ RunTime:0.001586s ]
SQL: SHOW COLUMNS FROM `ast_admin2` [ RunTime:0.0051s ]
SQL: SELECT * FROM `ast_admin2`  [ RunTime:0.0007s ]
SQL: SELECT * FROM `ast_admin2` WHERE `admin_id` = 1 LIMIT 1   [ RunTime:0.0010s ]
SQL: SHOW COLUMNS FROM `ast_nav2` [ RunTime:0.0038s ]
SQL: SELECT * FROM `ast_nav2`  [ RunTime:0.0004s ]
SQL: SELECT COUNT(*) AS tp_count FROM `ast_admin2` LIMIT 1   [ RunTime:0.0002s ]
NOTIC: [2] Missing argument 3 for getAdminPage(), called in C:\xampp\htdocs\aiston\Application\Admin2\Controller\CommonController.class.php on line 51 and defined C:\xampp\htdocs\aiston\Application\Common\Common\function.php 第 3 行.
NOTIC: [8] Undefined variable: num C:\xampp\htdocs\aiston\Application\Common\Common\function.php 第 4 行.
SQL: SELECT * FROM `ast_admin2` ORDER BY admin_id LIMIT 0,10   [ RunTime:0.0004s ]
SQL: SHOW COLUMNS FROM `ast_artcate2` [ RunTime:0.0051s ]
SQL: SELECT * FROM `ast_artcate2` ORDER BY cate_order ASC  [ RunTime:0.0004s ]
INFO: [ view_parse ] --START--
INFO: [ template_filter ] --START--
INFO: Run Behavior\ContentReplaceBehavior [ RunTime:0.001212s ]
INFO: [ template_filter ] --END-- [ RunTime:0.001319s ]
NOTIC: [8] Undefined index: sid C:\xampp\htdocs\aiston\Application\Runtime\Cache\Admin2\f6ebcc2577906853d1ce6c1bb6ad10ec.php 第 136 行.
NOTIC: [8] Undefined index: sid C:\xampp\htdocs\aiston\Application\Runtime\Cache\Admin2\f6ebcc2577906853d1ce6c1bb6ad10ec.php 第 136 行.
NOTIC: [8] Undefined index: sid C:\xampp\htdocs\aiston\Application\Runtime\Cache\Admin2\f6ebcc2577906853d1ce6c1bb6ad10ec.php 第 136 行.
NOTIC: [8] Undefined index: sid C:\xampp\htdocs\aiston\Application\Runtime\Cache\Admin2\f6ebcc2577906853d1ce6c1bb6ad10ec.php 第 136 行.
NOTIC: [8] Undefined index: sid C:\xampp\htdocs\aiston\Application\Runtime\Cache\Admin2\f6ebcc2577906853d1ce6c1bb6ad10ec.php 第 136 行.
NOTIC: [8] Array to string conversion C:\xampp\htdocs\aiston\Application\Runtime\Cache\Admin2\f6ebcc2577906853d1ce6c1bb6ad10ec.php 第 499 行.
NOTIC: [8] Undefined variable: url C:\xampp\htdocs\aiston\Application\Runtime\Cache\Admin2\f6ebcc2577906853d1ce6c1bb6ad10ec.php 第 728 行.
NOTIC: [8] Undefined variable: url C:\xampp\htdocs\aiston\Application\Runtime\Cache\Admin2\f6ebcc2577906853d1ce6c1bb6ad10ec.php 第 731 行.
INFO: Run Behavior\ParseTemplateBehavior [ RunTime:0.030439s ]
INFO: [ view_parse ] --END-- [ RunTime:0.030501s ]
INFO: [ view_filter ] --START--
INFO: Run Behavior\WriteHtmlCacheBehavior [ RunTime:0.000677s ]
INFO: [ view_filter ] --END-- [ RunTime:0.000728s ]
INFO: [ app_end ] --START--
INFO: Run Behavior\ShowPageTraceBehavior [ RunTime:0.001553s ]
INFO: [ app_end ] --END-- [ RunTime:0.001633s ]

[ 2016-03-11T17:58:01+08:00 ] ::1 /index.php/Admin2/Article/sort
INFO: [ app_init ] --START--
INFO: Run Behavior\BuildLiteBehavior [ RunTime:0.000016s ]
INFO: [ app_init ] --END-- [ RunTime:0.000575s ]
INFO: [ app_begin ] --START--
INFO: Run Behavior\ReadHtmlCacheBehavior [ RunTime:0.002015s ]
INFO: [ app_begin ] --END-- [ RunTime:0.002140s ]
SQL: SHOW COLUMNS FROM `ast_admin2` [ RunTime:0.0052s ]
SQL: SELECT * FROM `ast_admin2`  [ RunTime:0.0007s ]
SQL: SELECT * FROM `ast_admin2` WHERE `admin_id` = 1 LIMIT 1   [ RunTime:0.0004s ]
SQL: SHOW COLUMNS FROM `ast_nav2` [ RunTime:0.0047s ]
SQL: SELECT * FROM `ast_nav2`  [ RunTime:0.0005s ]
SQL: SELECT COUNT(*) AS tp_count FROM `ast_admin2` LIMIT 1   [ RunTime:0.0002s ]
NOTIC: [2] Missing argument 3 for getAdminPage(), called in C:\xampp\htdocs\aiston\Application\Admin2\Controller\CommonController.class.php on line 51 and defined C:\xampp\htdocs\aiston\Application\Common\Common\function.php 第 3 行.
NOTIC: [8] Undefined variable: num C:\xampp\htdocs\aiston\Application\Common\Common\function.php 第 4 行.
SQL: SELECT * FROM `ast_admin2` ORDER BY admin_id LIMIT 0,10   [ RunTime:0.0004s ]
SQL: SHOW COLUMNS FROM `ast_artcate2` [ RunTime:0.0040s ]
SQL: SELECT * FROM `ast_artcate2` ORDER BY cate_order ASC  [ RunTime:0.0004s ]
INFO: [ view_parse ] --START--
INFO: [ template_filter ] --START--
INFO: Run Behavior\ContentReplaceBehavior [ RunTime:0.000849s ]
INFO: [ template_filter ] --END-- [ RunTime:0.000930s ]
NOTIC: [8] Undefined index: sid C:\xampp\htdocs\aiston\Application\Runtime\Cache\Admin2\f6ebcc2577906853d1ce6c1bb6ad10ec.php 第 136 行.
NOTIC: [8] Undefined index: sid C:\xampp\htdocs\aiston\Application\Runtime\Cache\Admin2\f6ebcc2577906853d1ce6c1bb6ad10ec.php 第 136 行.
NOTIC: [8] Undefined index: sid C:\xampp\htdocs\aiston\Application\Runtime\Cache\Admin2\f6ebcc2577906853d1ce6c1bb6ad10ec.php 第 136 行.
NOTIC: [8] Undefined index: sid C:\xampp\htdocs\aiston\Application\Runtime\Cache\Admin2\f6ebcc2577906853d1ce6c1bb6ad10ec.php 第 136 行.
NOTIC: [8] Undefined index: sid C:\xampp\htdocs\aiston\Application\Runtime\Cache\Admin2\f6ebcc2577906853d1ce6c1bb6ad10ec.php 第 136 行.
NOTIC: [8] Array to string conversion C:\xampp\htdocs\aiston\Application\Runtime\Cache\Admin2\f6ebcc2577906853d1ce6c1bb6ad10ec.php 第 499 行.
NOTIC: [8] Undefined variable: url C:\xampp\htdocs\aiston\Application\Runtime\Cache\Admin2\f6ebcc2577906853d1ce6c1bb6ad10ec.php 第 728 行.
NOTIC: [8] Undefined variable: url C:\xampp\htdocs\aiston\Application\Runtime\Cache\Admin2\f6ebcc2577906853d1ce6c1bb6ad10ec.php 第 731 行.
INFO: Run Behavior\ParseTemplateBehavior [ RunTime:0.031056s ]
INFO: [ view_parse ] --END-- [ RunTime:0.031121s ]
INFO: [ view_filter ] --START--
INFO: Run Behavior\WriteHtmlCacheBehavior [ RunTime:0.000988s ]
INFO: [ view_filter ] --END-- [ RunTime:0.001041s ]
INFO: [ app_end ] --START--
INFO: Run Behavior\ShowPageTraceBehavior [ RunTime:0.001738s ]
INFO: [ app_end ] --END-- [ RunTime:0.001831s ]

[ 2016-03-11T17:58:07+08:00 ] ::1 /index.php/Admin2/Article/add
INFO: [ app_init ] --START--
INFO: Run Behavior\BuildLiteBehavior [ RunTime:0.000028s ]
INFO: [ app_init ] --END-- [ RunTime:0.001139s ]
INFO: [ app_begin ] --START--
INFO: Run Behavior\ReadHtmlCacheBehavior [ RunTime:0.001759s ]
INFO: [ app_begin ] --END-- [ RunTime:0.001831s ]
SQL: SHOW COLUMNS FROM `ast_admin2` [ RunTime:0.0061s ]
SQL: SELECT * FROM `ast_admin2`  [ RunTime:0.0003s ]
SQL: SELECT * FROM `ast_admin2` WHERE `admin_id` = 1 LIMIT 1   [ RunTime:0.0003s ]
SQL: SHOW COLUMNS FROM `ast_nav2` [ RunTime:0.0057s ]
SQL: SELECT * FROM `ast_nav2`  [ RunTime:0.0006s ]
SQL: SELECT COUNT(*) AS tp_count FROM `ast_admin2` LIMIT 1   [ RunTime:0.0002s ]
NOTIC: [2] Missing argument 3 for getAdminPage(), called in C:\xampp\htdocs\aiston\Application\Admin2\Controller\CommonController.class.php on line 51 and defined C:\xampp\htdocs\aiston\Application\Common\Common\function.php 第 3 行.
NOTIC: [8] Undefined variable: num C:\xampp\htdocs\aiston\Application\Common\Common\function.php 第 4 行.
SQL: SELECT * FROM `ast_admin2` ORDER BY admin_id LIMIT 0,10   [ RunTime:0.0006s ]
SQL: SHOW COLUMNS FROM `ast_artcate2` [ RunTime:0.0062s ]
SQL: SHOW COLUMNS FROM `ast_article2` [ RunTime:0.0060s ]
SQL: SELECT * FROM `ast_artcate2` WHERE `cate_pid` = 0 ORDER BY cate_id ASC  [ RunTime:0.0004s ]
SQL: SELECT `art_order` FROM `ast_article2` ORDER BY art_order DESC LIMIT 1   [ RunTime:0.0004s ]
INFO: [ view_parse ] --START--
INFO: [ template_filter ] --START--
INFO: Run Behavior\ContentReplaceBehavior [ RunTime:0.000495s ]
INFO: [ template_filter ] --END-- [ RunTime:0.000560s ]
NOTIC: [8] Undefined variable: htmlData C:\xampp\htdocs\aiston\Application\Runtime\Cache\Admin2\a674a968f19683f306b9b4f92553a71f.php 第 144 行.
NOTIC: [8] Undefined variable: htmlData C:\xampp\htdocs\aiston\Application\Runtime\Cache\Admin2\a674a968f19683f306b9b4f92553a71f.php 第 144 行.
NOTIC: [8] Array to string conversion C:\xampp\htdocs\aiston\Application\Runtime\Cache\Admin2\a674a968f19683f306b9b4f92553a71f.php 第 319 行.
NOTIC: [8] Undefined variable: url C:\xampp\htdocs\aiston\Application\Runtime\Cache\Admin2\a674a968f19683f306b9b4f92553a71f.php 第 548 行.
NOTIC: [8] Undefined variable: url C:\xampp\htdocs\aiston\Application\Runtime\Cache\Admin2\a674a968f19683f306b9b4f92553a71f.php 第 551 行.
INFO: Run Behavior\ParseTemplateBehavior [ RunTime:0.034359s ]
INFO: [ view_parse ] --END-- [ RunTime:0.034421s ]
INFO: [ view_filter ] --START--
INFO: Run Behavior\WriteHtmlCacheBehavior [ RunTime:0.002023s ]
INFO: [ view_filter ] --END-- [ RunTime:0.002093s ]
INFO: [ app_end ] --START--
INFO: Run Behavior\ShowPageTraceBehavior [ RunTime:0.002469s ]
INFO: [ app_end ] --END-- [ RunTime:0.002606s ]

[ 2016-03-11T18:00:38+08:00 ] ::1 /index.php/Admin2/Article/add
INFO: [ app_init ] --START--
INFO: Run Behavior\BuildLiteBehavior [ RunTime:0.000042s ]
INFO: [ app_init ] --END-- [ RunTime:0.001533s ]
INFO: [ app_begin ] --START--
INFO: Run Behavior\ReadHtmlCacheBehavior [ RunTime:0.001786s ]
INFO: [ app_begin ] --END-- [ RunTime:0.001918s ]
SQL: SHOW COLUMNS FROM `ast_admin2` [ RunTime:0.0068s ]
SQL: SELECT * FROM `ast_admin2`  [ RunTime:0.0004s ]
SQL: SELECT * FROM `ast_admin2` WHERE `admin_id` = 1 LIMIT 1   [ RunTime:0.0003s ]
SQL: SHOW COLUMNS FROM `ast_nav2` [ RunTime:0.0037s ]
SQL: SELECT * FROM `ast_nav2`  [ RunTime:0.0003s ]
SQL: SELECT COUNT(*) AS tp_count FROM `ast_admin2` LIMIT 1   [ RunTime:0.0002s ]
NOTIC: [2] Missing argument 3 for getAdminPage(), called in C:\xampp\htdocs\aiston\Application\Admin2\Controller\CommonController.class.php on line 51 and defined C:\xampp\htdocs\aiston\Application\Common\Common\function.php 第 3 行.
NOTIC: [8] Undefined variable: num C:\xampp\htdocs\aiston\Application\Common\Common\function.php 第 4 行.
SQL: SELECT * FROM `ast_admin2` ORDER BY admin_id LIMIT 0,10   [ RunTime:0.0004s ]
SQL: SHOW COLUMNS FROM `ast_artcate2` [ RunTime:0.0041s ]
SQL: SHOW COLUMNS FROM `ast_article2` [ RunTime:0.0054s ]
SQL: SELECT * FROM `ast_artcate2` WHERE `cate_pid` = 0 ORDER BY cate_id ASC  [ RunTime:0.0004s ]
SQL: SELECT `art_order` FROM `ast_article2` ORDER BY art_order DESC LIMIT 1   [ RunTime:0.0002s ]
INFO: [ view_parse ] --START--
INFO: [ template_filter ] --START--
INFO: Run Behavior\ContentReplaceBehavior [ RunTime:0.000699s ]
INFO: [ template_filter ] --END-- [ RunTime:0.000807s ]
NOTIC: [8] Undefined variable: htmlData C:\xampp\htdocs\aiston\Application\Runtime\Cache\Admin2\a674a968f19683f306b9b4f92553a71f.php 第 144 行.
NOTIC: [8] Undefined variable: htmlData C:\xampp\htdocs\aiston\Application\Runtime\Cache\Admin2\a674a968f19683f306b9b4f92553a71f.php 第 144 行.
NOTIC: [8] Array to string conversion C:\xampp\htdocs\aiston\Application\Runtime\Cache\Admin2\a674a968f19683f306b9b4f92553a71f.php 第 319 行.
NOTIC: [8] Undefined variable: url C:\xampp\htdocs\aiston\Application\Runtime\Cache\Admin2\a674a968f19683f306b9b4f92553a71f.php 第 548 行.
NOTIC: [8] Undefined variable: url C:\xampp\htdocs\aiston\Application\Runtime\Cache\Admin2\a674a968f19683f306b9b4f92553a71f.php 第 551 行.
INFO: Run Behavior\ParseTemplateBehavior [ RunTime:0.035781s ]
INFO: [ view_parse ] --END-- [ RunTime:0.035885s ]
INFO: [ view_filter ] --START--
INFO: Run Behavior\WriteHtmlCacheBehavior [ RunTime:0.002196s ]
INFO: [ view_filter ] --END-- [ RunTime:0.002331s ]
INFO: [ app_end ] --START--
INFO: Run Behavior\ShowPageTraceBehavior [ RunTime:0.003447s ]
INFO: [ app_end ] --END-- [ RunTime:0.003569s ]

