[ 2016-05-03T17:30:59+08:00 ] ::1 /index.php/Admin2/User/login
INFO: [ app_init ] --START--
INFO: Run Behavior\BuildLiteBehavior [ RunTime:0.000019s ]
INFO: [ app_init ] --END-- [ RunTime:0.000574s ]
INFO: [ app_begin ] --START--
INFO: Run Behavior\ReadHtmlCacheBehavior [ RunTime:0.001024s ]
INFO: [ app_begin ] --END-- [ RunTime:0.001129s ]
INFO: [ view_parse ] --START--
INFO: [ template_filter ] --START--
INFO: Run Behavior\ContentReplaceBehavior [ RunTime:0.000114s ]
INFO: [ template_filter ] --END-- [ RunTime:0.000235s ]
INFO: Run Behavior\ParseTemplateBehavior [ RunTime:0.010809s ]
INFO: [ view_parse ] --END-- [ RunTime:0.010972s ]
INFO: [ view_filter ] --START--
INFO: Run Behavior\WriteHtmlCacheBehavior [ RunTime:0.000603s ]
INFO: [ view_filter ] --END-- [ RunTime:0.000660s ]
INFO: [ app_end ] --START--
INFO: Run Behavior\ShowPageTraceBehavior [ RunTime:0.000899s ]
INFO: [ app_end ] --END-- [ RunTime:0.000963s ]

[ 2016-05-03T17:30:59+08:00 ] ::1 /index.php/Admin2/User/verify.html
INFO: [ app_init ] --START--
INFO: Run Behavior\BuildLiteBehavior [ RunTime:0.000042s ]
INFO: [ app_init ] --END-- [ RunTime:0.000916s ]
INFO: [ app_begin ] --START--
INFO: Run Behavior\ReadHtmlCacheBehavior [ RunTime:0.001467s ]
INFO: [ app_begin ] --END-- [ RunTime:0.001608s ]
INFO: [ app_end ] --START--
INFO: Run Behavior\ShowPageTraceBehavior [ RunTime:0.001403s ]
INFO: [ app_end ] --END-- [ RunTime:0.001531s ]

[ 2016-05-03T17:31:04+08:00 ] ::1 /index.php/Admin2/User/login
INFO: [ app_init ] --START--
INFO: Run Behavior\BuildLiteBehavior [ RunTime:0.000017s ]
INFO: [ app_init ] --END-- [ RunTime:0.000528s ]
INFO: [ app_begin ] --START--
INFO: Run Behavior\ReadHtmlCacheBehavior [ RunTime:0.000733s ]
INFO: [ app_begin ] --END-- [ RunTime:0.000797s ]
SQL: SHOW COLUMNS FROM `ast_admin2` [ RunTime:0.0045s ]
SQL: SELECT * FROM `ast_admin2` WHERE `admin_username` = 'admin' LIMIT 1   [ RunTime:0.0005s ]
INFO: [ view_parse ] --START--
INFO: [ template_filter ] --START--
INFO: Run Behavior\ContentReplaceBehavior [ RunTime:0.000083s ]
INFO: [ template_filter ] --END-- [ RunTime:0.000167s ]
INFO: Run Behavior\ParseTemplateBehavior [ RunTime:0.009120s ]
INFO: [ view_parse ] --END-- [ RunTime:0.009231s ]
INFO: [ view_filter ] --START--
INFO: Run Behavior\WriteHtmlCacheBehavior [ RunTime:0.001524s ]
INFO: [ view_filter ] --END-- [ RunTime:0.001602s ]
INFO: [ app_end ] --START--
INFO: Run Behavior\ShowPageTraceBehavior [ RunTime:0.000854s ]
INFO: [ app_end ] --END-- [ RunTime:0.000941s ]

[ 2016-05-03T17:31:04+08:00 ] ::1 /index.php/Admin2/User/verify.html
INFO: [ app_init ] --START--
INFO: Run Behavior\BuildLiteBehavior [ RunTime:0.000017s ]
INFO: [ app_init ] --END-- [ RunTime:0.000475s ]
INFO: [ app_begin ] --START--
INFO: Run Behavior\ReadHtmlCacheBehavior [ RunTime:0.000813s ]
INFO: [ app_begin ] --END-- [ RunTime:0.000885s ]
INFO: [ app_end ] --START--
INFO: Run Behavior\ShowPageTraceBehavior [ RunTime:0.001121s ]
INFO: [ app_end ] --END-- [ RunTime:0.001225s ]

[ 2016-05-03T17:31:04+08:00 ] ::1 /index.php/Admin2/index
INFO: [ app_init ] --START--
INFO: Run Behavior\BuildLiteBehavior [ RunTime:0.000030s ]
INFO: [ app_init ] --END-- [ RunTime:0.000941s ]
INFO: [ app_begin ] --START--
INFO: Run Behavior\ReadHtmlCacheBehavior [ RunTime:0.001615s ]
INFO: [ app_begin ] --END-- [ RunTime:0.001714s ]
SQL: SHOW COLUMNS FROM `ast_admin2` [ RunTime:0.0044s ]
SQL: SELECT * FROM `ast_admin2`  [ RunTime:0.0008s ]
SQL: SELECT * FROM `ast_admin2` WHERE `admin_id` = 1 LIMIT 1   [ RunTime:0.0004s ]
SQL: SHOW COLUMNS FROM `ast_nav2` [ RunTime:0.0040s ]
SQL: SELECT * FROM `ast_nav2`  [ RunTime:0.0007s ]
SQL: SELECT COUNT(*) AS tp_count FROM `ast_admin2` LIMIT 1   [ RunTime:0.0002s ]
NOTIC: [2] Missing argument 3 for getAdminPage(), called in C:\xampp\htdocs\aiston\Application\Admin2\Controller\CommonController.class.php on line 51 and defined C:\xampp\htdocs\aiston\Application\Common\Common\function.php 第 3 行.
NOTIC: [8] Undefined variable: num C:\xampp\htdocs\aiston\Application\Common\Common\function.php 第 4 行.
SQL: SELECT * FROM `ast_admin2` ORDER BY admin_id LIMIT 0,10   [ RunTime:0.0003s ]
INFO: [ view_parse ] --START--
INFO: [ template_filter ] --START--
INFO: Run Behavior\ContentReplaceBehavior [ RunTime:0.000443s ]
INFO: [ template_filter ] --END-- [ RunTime:0.000524s ]
NOTIC: [8] Array to string conversion C:\xampp\htdocs\aiston\Application\Runtime\Cache\Admin2\7b92cec872d82cc208073a46f6c22b77.php 第 226 行.
NOTIC: [8] Undefined variable: url C:\xampp\htdocs\aiston\Application\Runtime\Cache\Admin2\7b92cec872d82cc208073a46f6c22b77.php 第 455 行.
NOTIC: [8] Undefined variable: url C:\xampp\htdocs\aiston\Application\Runtime\Cache\Admin2\7b92cec872d82cc208073a46f6c22b77.php 第 458 行.
INFO: Run Behavior\ParseTemplateBehavior [ RunTime:0.024042s ]
INFO: [ view_parse ] --END-- [ RunTime:0.024110s ]
INFO: [ view_filter ] --START--
INFO: Run Behavior\WriteHtmlCacheBehavior [ RunTime:0.001232s ]
INFO: [ view_filter ] --END-- [ RunTime:0.001290s ]
INFO: [ app_end ] --START--
INFO: Run Behavior\ShowPageTraceBehavior [ RunTime:0.002826s ]
INFO: [ app_end ] --END-- [ RunTime:0.002920s ]

[ 2016-05-03T17:31:07+08:00 ] ::1 /index.php/Admin2/Photo/index
INFO: [ app_init ] --START--
INFO: Run Behavior\BuildLiteBehavior [ RunTime:0.000017s ]
INFO: [ app_init ] --END-- [ RunTime:0.000567s ]
INFO: [ app_begin ] --START--
INFO: Run Behavior\ReadHtmlCacheBehavior [ RunTime:0.001481s ]
INFO: [ app_begin ] --END-- [ RunTime:0.001561s ]
SQL: SHOW COLUMNS FROM `ast_admin2` [ RunTime:0.0042s ]
SQL: SELECT * FROM `ast_admin2`  [ RunTime:0.0004s ]
SQL: SELECT * FROM `ast_admin2` WHERE `admin_id` = 1 LIMIT 1   [ RunTime:0.0004s ]
SQL: SHOW COLUMNS FROM `ast_nav2` [ RunTime:0.0042s ]
SQL: SELECT * FROM `ast_nav2`  [ RunTime:0.0004s ]
SQL: SELECT COUNT(*) AS tp_count FROM `ast_admin2` LIMIT 1   [ RunTime:0.0003s ]
NOTIC: [2] Missing argument 3 for getAdminPage(), called in C:\xampp\htdocs\aiston\Application\Admin2\Controller\CommonController.class.php on line 51 and defined C:\xampp\htdocs\aiston\Application\Common\Common\function.php 第 3 行.
NOTIC: [8] Undefined variable: num C:\xampp\htdocs\aiston\Application\Common\Common\function.php 第 4 行.
SQL: SELECT * FROM `ast_admin2` ORDER BY admin_id LIMIT 0,10   [ RunTime:0.0006s ]
SQL: SHOW COLUMNS FROM `ast_banner2` [ RunTime:0.0044s ]
SQL: SHOW COLUMNS FROM `ast_banner_page2` [ RunTime:0.0041s ]
SQL: SELECT * FROM `ast_banner_page2`  [ RunTime:0.0003s ]
SQL: SELECT * FROM `ast_banner2`  [ RunTime:0.0003s ]
INFO: [ view_parse ] --START--
INFO: [ template_filter ] --START--
INFO: Run Behavior\ContentReplaceBehavior [ RunTime:0.000811s ]
INFO: [ template_filter ] --END-- [ RunTime:0.000900s ]
NOTIC: [8] Undefined variable: banner_page C:\xampp\htdocs\aiston\Application\Runtime\Cache\Admin2\a60ff742b73af75fb9e511eb4bfa4d08.php 第 125 行.
NOTIC: [8] Array to string conversion C:\xampp\htdocs\aiston\Application\Runtime\Cache\Admin2\a60ff742b73af75fb9e511eb4bfa4d08.php 第 299 行.
NOTIC: [8] Undefined variable: url C:\xampp\htdocs\aiston\Application\Runtime\Cache\Admin2\a60ff742b73af75fb9e511eb4bfa4d08.php 第 528 行.
NOTIC: [8] Undefined variable: url C:\xampp\htdocs\aiston\Application\Runtime\Cache\Admin2\a60ff742b73af75fb9e511eb4bfa4d08.php 第 531 行.
INFO: Run Behavior\ParseTemplateBehavior [ RunTime:0.026980s ]
INFO: [ view_parse ] --END-- [ RunTime:0.027059s ]
INFO: [ view_filter ] --START--
INFO: Run Behavior\WriteHtmlCacheBehavior [ RunTime:0.001403s ]
INFO: [ view_filter ] --END-- [ RunTime:0.001469s ]
INFO: [ app_end ] --START--
INFO: Run Behavior\ShowPageTraceBehavior [ RunTime:0.002446s ]
INFO: [ app_end ] --END-- [ RunTime:0.002563s ]

[ 2016-05-03T17:41:15+08:00 ] ::1 /index.php/Admin2/Photo/index
INFO: [ app_init ] --START--
INFO: Run Behavior\BuildLiteBehavior [ RunTime:0.000028s ]
INFO: [ app_init ] --END-- [ RunTime:0.001004s ]
INFO: [ app_begin ] --START--
INFO: Run Behavior\ReadHtmlCacheBehavior [ RunTime:0.001811s ]
INFO: [ app_begin ] --END-- [ RunTime:0.001945s ]
SQL: SHOW COLUMNS FROM `ast_admin2` [ RunTime:0.0042s ]
SQL: SELECT * FROM `ast_admin2`  [ RunTime:0.0004s ]
SQL: SELECT * FROM `ast_admin2` WHERE `admin_id` = 1 LIMIT 1   [ RunTime:0.0003s ]
SQL: SHOW COLUMNS FROM `ast_nav2` [ RunTime:0.0044s ]
SQL: SELECT * FROM `ast_nav2`  [ RunTime:0.0006s ]
SQL: SELECT COUNT(*) AS tp_count FROM `ast_admin2` LIMIT 1   [ RunTime:0.0002s ]
NOTIC: [2] Missing argument 3 for getAdminPage(), called in C:\xampp\htdocs\aiston\Application\Admin2\Controller\CommonController.class.php on line 51 and defined C:\xampp\htdocs\aiston\Application\Common\Common\function.php 第 3 行.
NOTIC: [8] Undefined variable: num C:\xampp\htdocs\aiston\Application\Common\Common\function.php 第 4 行.
SQL: SELECT * FROM `ast_admin2` ORDER BY admin_id LIMIT 0,10   [ RunTime:0.0005s ]
SQL: SHOW COLUMNS FROM `ast_banner2` [ RunTime:0.0039s ]
SQL: SHOW COLUMNS FROM `ast_banner_page2` [ RunTime:0.0036s ]
SQL: SELECT * FROM `ast_banner_page2`  [ RunTime:0.0002s ]
SQL: SELECT * FROM `ast_banner2`  [ RunTime:0.0003s ]
INFO: [ view_parse ] --START--
INFO: [ template_filter ] --START--
INFO: Run Behavior\ContentReplaceBehavior [ RunTime:0.000482s ]
INFO: [ template_filter ] --END-- [ RunTime:0.000550s ]
NOTIC: [8] Undefined variable: banner_page C:\xampp\htdocs\aiston\Application\Runtime\Cache\Admin2\a60ff742b73af75fb9e511eb4bfa4d08.php 第 125 行.
NOTIC: [8] Array to string conversion C:\xampp\htdocs\aiston\Application\Runtime\Cache\Admin2\a60ff742b73af75fb9e511eb4bfa4d08.php 第 299 行.
NOTIC: [8] Undefined variable: url C:\xampp\htdocs\aiston\Application\Runtime\Cache\Admin2\a60ff742b73af75fb9e511eb4bfa4d08.php 第 528 行.
NOTIC: [8] Undefined variable: url C:\xampp\htdocs\aiston\Application\Runtime\Cache\Admin2\a60ff742b73af75fb9e511eb4bfa4d08.php 第 531 行.
INFO: Run Behavior\ParseTemplateBehavior [ RunTime:0.026073s ]
INFO: [ view_parse ] --END-- [ RunTime:0.026133s ]
INFO: [ view_filter ] --START--
INFO: Run Behavior\WriteHtmlCacheBehavior [ RunTime:0.001126s ]
INFO: [ view_filter ] --END-- [ RunTime:0.001177s ]
INFO: [ app_end ] --START--
INFO: Run Behavior\ShowPageTraceBehavior [ RunTime:0.002213s ]
INFO: [ app_end ] --END-- [ RunTime:0.002289s ]

[ 2016-05-03T17:41:18+08:00 ] ::1 /index.php/Admin2/Photo/index
INFO: [ app_init ] --START--
INFO: Run Behavior\BuildLiteBehavior [ RunTime:0.000029s ]
INFO: [ app_init ] --END-- [ RunTime:0.001098s ]
INFO: [ app_begin ] --START--
INFO: Run Behavior\ReadHtmlCacheBehavior [ RunTime:0.001592s ]
INFO: [ app_begin ] --END-- [ RunTime:0.001712s ]
SQL: SHOW COLUMNS FROM `ast_admin2` [ RunTime:0.0044s ]
SQL: SELECT * FROM `ast_admin2`  [ RunTime:0.0004s ]
SQL: SELECT * FROM `ast_admin2` WHERE `admin_id` = 1 LIMIT 1   [ RunTime:0.0006s ]
SQL: SHOW COLUMNS FROM `ast_nav2` [ RunTime:0.0054s ]
SQL: SELECT * FROM `ast_nav2`  [ RunTime:0.0005s ]
SQL: SELECT COUNT(*) AS tp_count FROM `ast_admin2` LIMIT 1   [ RunTime:0.0002s ]
NOTIC: [2] Missing argument 3 for getAdminPage(), called in C:\xampp\htdocs\aiston\Application\Admin2\Controller\CommonController.class.php on line 51 and defined C:\xampp\htdocs\aiston\Application\Common\Common\function.php 第 3 行.
NOTIC: [8] Undefined variable: num C:\xampp\htdocs\aiston\Application\Common\Common\function.php 第 4 行.
SQL: SELECT * FROM `ast_admin2` ORDER BY admin_id LIMIT 0,10   [ RunTime:0.0004s ]
SQL: SHOW COLUMNS FROM `ast_banner2` [ RunTime:0.0043s ]
SQL: SHOW COLUMNS FROM `ast_banner_page2` [ RunTime:0.0052s ]
SQL: SELECT * FROM `ast_banner_page2`  [ RunTime:0.0003s ]
SQL: SELECT * FROM `ast_banner2`  [ RunTime:0.0003s ]
INFO: [ view_parse ] --START--
INFO: [ template_filter ] --START--
INFO: Run Behavior\ContentReplaceBehavior [ RunTime:0.000538s ]
INFO: [ template_filter ] --END-- [ RunTime:0.000611s ]
NOTIC: [8] Undefined variable: banner_page C:\xampp\htdocs\aiston\Application\Runtime\Cache\Admin2\a60ff742b73af75fb9e511eb4bfa4d08.php 第 125 行.
NOTIC: [8] Array to string conversion C:\xampp\htdocs\aiston\Application\Runtime\Cache\Admin2\a60ff742b73af75fb9e511eb4bfa4d08.php 第 299 行.
NOTIC: [8] Undefined variable: url C:\xampp\htdocs\aiston\Application\Runtime\Cache\Admin2\a60ff742b73af75fb9e511eb4bfa4d08.php 第 528 行.
NOTIC: [8] Undefined variable: url C:\xampp\htdocs\aiston\Application\Runtime\Cache\Admin2\a60ff742b73af75fb9e511eb4bfa4d08.php 第 531 行.
INFO: Run Behavior\ParseTemplateBehavior [ RunTime:0.029977s ]
INFO: [ view_parse ] --END-- [ RunTime:0.030049s ]
INFO: [ view_filter ] --START--
INFO: Run Behavior\WriteHtmlCacheBehavior [ RunTime:0.001109s ]
INFO: [ view_filter ] --END-- [ RunTime:0.001160s ]
INFO: [ app_end ] --START--
INFO: Run Behavior\ShowPageTraceBehavior [ RunTime:0.002227s ]
INFO: [ app_end ] --END-- [ RunTime:0.002321s ]

[ 2016-05-03T17:49:18+08:00 ] ::1 /index.php/Admin2/Photo/index
INFO: [ app_init ] --START--
INFO: Run Behavior\BuildLiteBehavior [ RunTime:0.000017s ]
INFO: [ app_init ] --END-- [ RunTime:0.000659s ]
INFO: [ app_begin ] --START--
INFO: Run Behavior\ReadHtmlCacheBehavior [ RunTime:0.001578s ]
INFO: [ app_begin ] --END-- [ RunTime:0.001660s ]
SQL: SHOW COLUMNS FROM `ast_admin2` [ RunTime:0.0060s ]
SQL: SELECT * FROM `ast_admin2`  [ RunTime:0.0006s ]
SQL: SELECT * FROM `ast_admin2` WHERE `admin_id` = 1 LIMIT 1   [ RunTime:0.0005s ]
SQL: SHOW COLUMNS FROM `ast_nav2` [ RunTime:0.0041s ]
SQL: SELECT * FROM `ast_nav2`  [ RunTime:0.0005s ]
SQL: SELECT COUNT(*) AS tp_count FROM `ast_admin2` LIMIT 1   [ RunTime:0.0003s ]
NOTIC: [2] Missing argument 3 for getAdminPage(), called in C:\xampp\htdocs\aiston\Application\Admin2\Controller\CommonController.class.php on line 51 and defined C:\xampp\htdocs\aiston\Application\Common\Common\function.php 第 3 行.
NOTIC: [8] Undefined variable: num C:\xampp\htdocs\aiston\Application\Common\Common\function.php 第 4 行.
SQL: SELECT * FROM `ast_admin2` ORDER BY admin_id LIMIT 0,10   [ RunTime:0.0005s ]
SQL: SHOW COLUMNS FROM `ast_banner2` [ RunTime:0.0046s ]
SQL: SHOW COLUMNS FROM `ast_banner_page2` [ RunTime:0.0037s ]
SQL: SELECT * FROM `ast_banner_page2`  [ RunTime:0.0002s ]
SQL: SELECT * FROM `ast_banner2`  [ RunTime:0.0003s ]
INFO: [ view_parse ] --START--
INFO: [ template_filter ] --START--
INFO: Run Behavior\ContentReplaceBehavior [ RunTime:0.000558s ]
INFO: [ template_filter ] --END-- [ RunTime:0.000624s ]
NOTIC: [8] Undefined variable: banner_page C:\xampp\htdocs\aiston\Application\Runtime\Cache\Admin2\a60ff742b73af75fb9e511eb4bfa4d08.php 第 125 行.
NOTIC: [8] Array to string conversion C:\xampp\htdocs\aiston\Application\Runtime\Cache\Admin2\a60ff742b73af75fb9e511eb4bfa4d08.php 第 299 行.
NOTIC: [8] Undefined variable: url C:\xampp\htdocs\aiston\Application\Runtime\Cache\Admin2\a60ff742b73af75fb9e511eb4bfa4d08.php 第 528 行.
NOTIC: [8] Undefined variable: url C:\xampp\htdocs\aiston\Application\Runtime\Cache\Admin2\a60ff742b73af75fb9e511eb4bfa4d08.php 第 531 行.
INFO: Run Behavior\ParseTemplateBehavior [ RunTime:0.033720s ]
INFO: [ view_parse ] --END-- [ RunTime:0.033803s ]
INFO: [ view_filter ] --START--
INFO: Run Behavior\WriteHtmlCacheBehavior [ RunTime:0.001322s ]
INFO: [ view_filter ] --END-- [ RunTime:0.001397s ]
INFO: [ app_end ] --START--
INFO: Run Behavior\ShowPageTraceBehavior [ RunTime:0.004995s ]
INFO: [ app_end ] --END-- [ RunTime:0.006276s ]

[ 2016-05-03T17:49:47+08:00 ] ::1 /index.php/Admin2/Photo/index
INFO: [ app_init ] --START--
INFO: Run Behavior\BuildLiteBehavior [ RunTime:0.000026s ]
INFO: [ app_init ] --END-- [ RunTime:0.000891s ]
INFO: [ app_begin ] --START--
INFO: Run Behavior\ReadHtmlCacheBehavior [ RunTime:0.001633s ]
INFO: [ app_begin ] --END-- [ RunTime:0.001780s ]
SQL: SHOW COLUMNS FROM `ast_admin2` [ RunTime:0.0043s ]
SQL: SELECT * FROM `ast_admin2`  [ RunTime:0.0004s ]
SQL: SELECT * FROM `ast_admin2` WHERE `admin_id` = 1 LIMIT 1   [ RunTime:0.0004s ]
SQL: SHOW COLUMNS FROM `ast_nav2` [ RunTime:0.0055s ]
SQL: SELECT * FROM `ast_nav2`  [ RunTime:0.0006s ]
SQL: SELECT COUNT(*) AS tp_count FROM `ast_admin2` LIMIT 1   [ RunTime:0.0002s ]
NOTIC: [2] Missing argument 3 for getAdminPage(), called in C:\xampp\htdocs\aiston\Application\Admin2\Controller\CommonController.class.php on line 51 and defined C:\xampp\htdocs\aiston\Application\Common\Common\function.php 第 3 行.
NOTIC: [8] Undefined variable: num C:\xampp\htdocs\aiston\Application\Common\Common\function.php 第 4 行.
SQL: SELECT * FROM `ast_admin2` ORDER BY admin_id LIMIT 0,10   [ RunTime:0.0004s ]
SQL: SHOW COLUMNS FROM `ast_banner2` [ RunTime:0.0040s ]
SQL: SHOW COLUMNS FROM `ast_banner_page2` [ RunTime:0.0038s ]
SQL: SELECT * FROM `ast_banner_page2`  [ RunTime:0.0003s ]
SQL: SELECT * FROM `ast_banner2`  [ RunTime:0.0003s ]
INFO: [ view_parse ] --START--
INFO: [ template_filter ] --START--
INFO: Run Behavior\ContentReplaceBehavior [ RunTime:0.000514s ]
INFO: [ template_filter ] --END-- [ RunTime:0.000583s ]
NOTIC: [8] Undefined variable: banner_page C:\xampp\htdocs\aiston\Application\Runtime\Cache\Admin2\a60ff742b73af75fb9e511eb4bfa4d08.php 第 125 行.
NOTIC: [8] Array to string conversion C:\xampp\htdocs\aiston\Application\Runtime\Cache\Admin2\a60ff742b73af75fb9e511eb4bfa4d08.php 第 299 行.
NOTIC: [8] Undefined variable: url C:\xampp\htdocs\aiston\Application\Runtime\Cache\Admin2\a60ff742b73af75fb9e511eb4bfa4d08.php 第 528 行.
NOTIC: [8] Undefined variable: url C:\xampp\htdocs\aiston\Application\Runtime\Cache\Admin2\a60ff742b73af75fb9e511eb4bfa4d08.php 第 531 行.
INFO: Run Behavior\ParseTemplateBehavior [ RunTime:0.029859s ]
INFO: [ view_parse ] --END-- [ RunTime:0.029926s ]
INFO: [ view_filter ] --START--
INFO: Run Behavior\WriteHtmlCacheBehavior [ RunTime:0.001142s ]
INFO: [ view_filter ] --END-- [ RunTime:0.001195s ]
INFO: [ app_end ] --START--
INFO: Run Behavior\ShowPageTraceBehavior [ RunTime:0.003062s ]
INFO: [ app_end ] --END-- [ RunTime:0.003166s ]

[ 2016-05-03T17:49:53+08:00 ] ::1 /index.php/Admin2/Photo/index
INFO: [ app_init ] --START--
INFO: Run Behavior\BuildLiteBehavior [ RunTime:0.000020s ]
INFO: [ app_init ] --END-- [ RunTime:0.000703s ]
INFO: [ app_begin ] --START--
INFO: Run Behavior\ReadHtmlCacheBehavior [ RunTime:0.001459s ]
INFO: [ app_begin ] --END-- [ RunTime:0.001536s ]
SQL: SHOW COLUMNS FROM `ast_admin2` [ RunTime:0.0038s ]
SQL: SELECT * FROM `ast_admin2`  [ RunTime:0.0003s ]
SQL: SELECT * FROM `ast_admin2` WHERE `admin_id` = 1 LIMIT 1   [ RunTime:0.0003s ]
SQL: SHOW COLUMNS FROM `ast_nav2` [ RunTime:0.0052s ]
SQL: SELECT * FROM `ast_nav2`  [ RunTime:0.0004s ]
SQL: SELECT COUNT(*) AS tp_count FROM `ast_admin2` LIMIT 1   [ RunTime:0.0002s ]
NOTIC: [2] Missing argument 3 for getAdminPage(), called in C:\xampp\htdocs\aiston\Application\Admin2\Controller\CommonController.class.php on line 51 and defined C:\xampp\htdocs\aiston\Application\Common\Common\function.php 第 3 行.
NOTIC: [8] Undefined variable: num C:\xampp\htdocs\aiston\Application\Common\Common\function.php 第 4 行.
SQL: SELECT * FROM `ast_admin2` ORDER BY admin_id LIMIT 0,10   [ RunTime:0.0003s ]
SQL: SHOW COLUMNS FROM `ast_banner2` [ RunTime:0.0038s ]
SQL: SHOW COLUMNS FROM `ast_banner_page2` [ RunTime:0.0038s ]
SQL: SELECT * FROM `ast_banner_page2`  [ RunTime:0.0002s ]
SQL: SELECT * FROM `ast_banner2`  [ RunTime:0.0003s ]
INFO: [ view_parse ] --START--
INFO: [ template_filter ] --START--
INFO: Run Behavior\ContentReplaceBehavior [ RunTime:0.000496s ]
INFO: [ template_filter ] --END-- [ RunTime:0.000562s ]
NOTIC: [8] Undefined variable: banner_page C:\xampp\htdocs\aiston\Application\Runtime\Cache\Admin2\a60ff742b73af75fb9e511eb4bfa4d08.php 第 125 行.
NOTIC: [8] Array to string conversion C:\xampp\htdocs\aiston\Application\Runtime\Cache\Admin2\a60ff742b73af75fb9e511eb4bfa4d08.php 第 299 行.
NOTIC: [8] Undefined variable: url C:\xampp\htdocs\aiston\Application\Runtime\Cache\Admin2\a60ff742b73af75fb9e511eb4bfa4d08.php 第 528 行.
NOTIC: [8] Undefined variable: url C:\xampp\htdocs\aiston\Application\Runtime\Cache\Admin2\a60ff742b73af75fb9e511eb4bfa4d08.php 第 531 行.
INFO: Run Behavior\ParseTemplateBehavior [ RunTime:0.028378s ]
INFO: [ view_parse ] --END-- [ RunTime:0.028443s ]
INFO: [ view_filter ] --START--
INFO: Run Behavior\WriteHtmlCacheBehavior [ RunTime:0.001392s ]
INFO: [ view_filter ] --END-- [ RunTime:0.001453s ]
INFO: [ app_end ] --START--
INFO: Run Behavior\ShowPageTraceBehavior [ RunTime:0.002943s ]
INFO: [ app_end ] --END-- [ RunTime:0.003039s ]

[ 2016-05-03T17:51:21+08:00 ] ::1 /index.php/Admin2/Photo/index
INFO: [ app_init ] --START--
INFO: Run Behavior\BuildLiteBehavior [ RunTime:0.000020s ]
INFO: [ app_init ] --END-- [ RunTime:0.000931s ]
INFO: [ app_begin ] --START--
INFO: Run Behavior\ReadHtmlCacheBehavior [ RunTime:0.001657s ]
INFO: [ app_begin ] --END-- [ RunTime:0.001749s ]
SQL: SHOW COLUMNS FROM `ast_admin2` [ RunTime:0.0042s ]
SQL: SELECT * FROM `ast_admin2`  [ RunTime:0.0005s ]
SQL: SELECT * FROM `ast_admin2` WHERE `admin_id` = 1 LIMIT 1   [ RunTime:0.0005s ]
SQL: SHOW COLUMNS FROM `ast_nav2` [ RunTime:0.0063s ]
SQL: SELECT * FROM `ast_nav2`  [ RunTime:0.0004s ]
SQL: SELECT COUNT(*) AS tp_count FROM `ast_admin2` LIMIT 1   [ RunTime:0.0002s ]
NOTIC: [2] Missing argument 3 for getAdminPage(), called in C:\xampp\htdocs\aiston\Application\Admin2\Controller\CommonController.class.php on line 51 and defined C:\xampp\htdocs\aiston\Application\Common\Common\function.php 第 3 行.
NOTIC: [8] Undefined variable: num C:\xampp\htdocs\aiston\Application\Common\Common\function.php 第 4 行.
SQL: SELECT * FROM `ast_admin2` ORDER BY admin_id LIMIT 0,10   [ RunTime:0.0005s ]
SQL: SHOW COLUMNS FROM `ast_banner2` [ RunTime:0.0043s ]
SQL: SHOW COLUMNS FROM `ast_banner_page2` [ RunTime:0.0040s ]
SQL: SELECT * FROM `ast_banner_page2`  [ RunTime:0.0003s ]
SQL: SELECT * FROM `ast_banner2`  [ RunTime:0.0005s ]
INFO: [ view_parse ] --START--
INFO: [ template_filter ] --START--
INFO: Run Behavior\ContentReplaceBehavior [ RunTime:0.000533s ]
INFO: [ template_filter ] --END-- [ RunTime:0.000600s ]
NOTIC: [8] Undefined variable: banner_page C:\xampp\htdocs\aiston\Application\Runtime\Cache\Admin2\a60ff742b73af75fb9e511eb4bfa4d08.php 第 125 行.
NOTIC: [8] Array to string conversion C:\xampp\htdocs\aiston\Application\Runtime\Cache\Admin2\a60ff742b73af75fb9e511eb4bfa4d08.php 第 299 行.
NOTIC: [8] Undefined variable: url C:\xampp\htdocs\aiston\Application\Runtime\Cache\Admin2\a60ff742b73af75fb9e511eb4bfa4d08.php 第 528 行.
NOTIC: [8] Undefined variable: url C:\xampp\htdocs\aiston\Application\Runtime\Cache\Admin2\a60ff742b73af75fb9e511eb4bfa4d08.php 第 531 行.
INFO: Run Behavior\ParseTemplateBehavior [ RunTime:0.028030s ]
INFO: [ view_parse ] --END-- [ RunTime:0.028096s ]
INFO: [ view_filter ] --START--
INFO: Run Behavior\WriteHtmlCacheBehavior [ RunTime:0.001081s ]
INFO: [ view_filter ] --END-- [ RunTime:0.001135s ]
INFO: [ app_end ] --START--
INFO: Run Behavior\ShowPageTraceBehavior [ RunTime:0.002083s ]
INFO: [ app_end ] --END-- [ RunTime:0.002177s ]

