[ 2016-03-08T09:13:44+08:00 ] ::1 /index.php/Homen/Index
INFO: [ app_init ] --START--
INFO: Run Behavior\BuildLiteBehavior [ RunTime:0.000019s ]
INFO: [ app_init ] --END-- [ RunTime:0.000842s ]
INFO: [ app_begin ] --START--
INFO: Run Behavior\ReadHtmlCacheBehavior [ RunTime:0.001291s ]
INFO: [ app_begin ] --END-- [ RunTime:0.001423s ]
SQL: SHOW COLUMNS FROM `ast_banneren` [ RunTime:0.0068s ]
SQL: SELECT * FROM `ast_banneren`  [ RunTime:0.0005s ]
SQL: SHOW COLUMNS FROM `ast_linken` [ RunTime:0.0076s ]
SQL: SELECT * FROM `ast_linken`  [ RunTime:0.0004s ]
SQL: SHOW COLUMNS FROM `ast_companyen` [ RunTime:0.0220s ]
SQL: SHOW COLUMNS FROM `ast_articleen` [ RunTime:0.0083s ]
SQL: SHOW COLUMNS FROM `ast_producten` [ RunTime:0.0075s ]
SQL: SHOW COLUMNS FROM `ast_procateen` [ RunTime:0.0070s ]
SQL: SELECT * FROM `ast_procateen` LIMIT 3   [ RunTime:0.0004s ]
SQL: SELECT * FROM `ast_articleen`  [ RunTime:0.0006s ]
SQL: SELECT * FROM `ast_companyen`  [ RunTime:0.0002s ]
SQL: SELECT * FROM `ast_articleen` LIMIT 0,4   [ RunTime:0.0004s ]
INFO: [ view_parse ] --START--
INFO: [ template_filter ] --START--
INFO: Run Behavior\ContentReplaceBehavior [ RunTime:0.000159s ]
INFO: [ template_filter ] --END-- [ RunTime:0.000224s ]
NOTIC: [8] Undefined index: p C:\xampp\htdocs\aiston\Application\Runtime\Cache\Homen\68c0958da8236402af970fd6e742f3b2.php 第 154 行.
NOTIC: [8] Undefined index: p C:\xampp\htdocs\aiston\Application\Runtime\Cache\Homen\68c0958da8236402af970fd6e742f3b2.php 第 161 行.
NOTIC: [8] Undefined index: p C:\xampp\htdocs\aiston\Application\Runtime\Cache\Homen\68c0958da8236402af970fd6e742f3b2.php 第 161 行.
INFO: Run Behavior\ParseTemplateBehavior [ RunTime:0.019225s ]
INFO: [ view_parse ] --END-- [ RunTime:0.019308s ]
INFO: [ view_filter ] --START--
INFO: Run Behavior\WriteHtmlCacheBehavior [ RunTime:0.000790s ]
INFO: [ view_filter ] --END-- [ RunTime:0.000842s ]
INFO: [ app_end ] --START--
INFO: Run Behavior\ShowPageTraceBehavior [ RunTime:0.001452s ]
INFO: [ app_end ] --END-- [ RunTime:0.001525s ]

