[ 2016-03-10T10:57:18+08:00 ] ::1 /index.php/Homen/Index
INFO: [ app_init ] --START--
INFO: Run Behavior\BuildLiteBehavior [ RunTime:0.000017s ]
INFO: [ app_init ] --END-- [ RunTime:0.000575s ]
INFO: [ app_begin ] --START--
INFO: Run Behavior\ReadHtmlCacheBehavior [ RunTime:0.001900s ]
INFO: [ app_begin ] --END-- [ RunTime:0.001998s ]
SQL: SHOW COLUMNS FROM `ast_banneren` [ RunTime:0.0038s ]
SQL: SELECT * FROM `ast_banneren`  [ RunTime:0.0007s ]
SQL: SHOW COLUMNS FROM `ast_linken` [ RunTime:0.0034s ]
SQL: SELECT * FROM `ast_linken`  [ RunTime:0.0003s ]
SQL: SHOW COLUMNS FROM `ast_companyen` [ RunTime:0.0043s ]
SQL: SHOW COLUMNS FROM `ast_articleen` [ RunTime:0.0045s ]
SQL: SHOW COLUMNS FROM `ast_producten` [ RunTime:0.0049s ]
SQL: SHOW COLUMNS FROM `ast_procateen` [ RunTime:0.0033s ]
SQL: SELECT * FROM `ast_procateen` LIMIT 3   [ RunTime:0.0003s ]
SQL: SELECT * FROM `ast_articleen`  [ RunTime:0.0007s ]
SQL: SELECT * FROM `ast_companyen`  [ RunTime:0.0002s ]
SQL: SELECT * FROM `ast_articleen` LIMIT 0,4   [ RunTime:0.0003s ]
INFO: [ view_parse ] --START--
INFO: [ template_filter ] --START--
INFO: Run Behavior\ContentReplaceBehavior [ RunTime:0.000161s ]
INFO: [ template_filter ] --END-- [ RunTime:0.000227s ]
NOTIC: [8] Undefined index: p C:\xampp\htdocs\aiston\Application\Runtime\Cache\Homen\68c0958da8236402af970fd6e742f3b2.php 第 154 行.
NOTIC: [8] Undefined index: p C:\xampp\htdocs\aiston\Application\Runtime\Cache\Homen\68c0958da8236402af970fd6e742f3b2.php 第 161 行.
NOTIC: [8] Undefined index: p C:\xampp\htdocs\aiston\Application\Runtime\Cache\Homen\68c0958da8236402af970fd6e742f3b2.php 第 161 行.
INFO: Run Behavior\ParseTemplateBehavior [ RunTime:0.019609s ]
INFO: [ view_parse ] --END-- [ RunTime:0.019692s ]
INFO: [ view_filter ] --START--
INFO: Run Behavior\WriteHtmlCacheBehavior [ RunTime:0.001355s ]
INFO: [ view_filter ] --END-- [ RunTime:0.001419s ]
INFO: [ app_end ] --START--
INFO: Run Behavior\ShowPageTraceBehavior [ RunTime:0.002448s ]
INFO: [ app_end ] --END-- [ RunTime:0.002593s ]

[ 2016-03-10T10:57:23+08:00 ] ::1 /index.php/Homen/Walkto/index
INFO: [ app_init ] --START--
INFO: Run Behavior\BuildLiteBehavior [ RunTime:0.000016s ]
INFO: [ app_init ] --END-- [ RunTime:0.000560s ]
INFO: [ app_begin ] --START--
INFO: Run Behavior\ReadHtmlCacheBehavior [ RunTime:0.001448s ]
INFO: [ app_begin ] --END-- [ RunTime:0.001535s ]
SQL: SHOW COLUMNS FROM `ast_banneren` [ RunTime:0.0041s ]
SQL: SELECT * FROM `ast_banneren`  [ RunTime:0.0005s ]
SQL: SHOW COLUMNS FROM `ast_linken` [ RunTime:0.0035s ]
SQL: SELECT * FROM `ast_linken`  [ RunTime:0.0004s ]
SQL: SHOW COLUMNS FROM `ast_abouten` [ RunTime:0.0039s ]
SQL: SELECT * FROM `ast_abouten`  [ RunTime:0.0007s ]
SQL: SELECT * FROM `ast_abouten` WHERE `ast_aid` = 1  [ RunTime:0.0005s ]
INFO: [ view_parse ] --START--
INFO: [ template_filter ] --START--
INFO: Run Behavior\ContentReplaceBehavior [ RunTime:0.000148s ]
INFO: [ template_filter ] --END-- [ RunTime:0.000235s ]
INFO: Run Behavior\ParseTemplateBehavior [ RunTime:0.017834s ]
INFO: [ view_parse ] --END-- [ RunTime:0.017991s ]
INFO: [ view_filter ] --START--
INFO: Run Behavior\WriteHtmlCacheBehavior [ RunTime:0.001679s ]
INFO: [ view_filter ] --END-- [ RunTime:0.001779s ]
INFO: [ app_end ] --START--
INFO: Run Behavior\ShowPageTraceBehavior [ RunTime:0.002011s ]
INFO: [ app_end ] --END-- [ RunTime:0.002128s ]

[ 2016-03-10T10:57:24+08:00 ] ::1 /index.php/Homen/Branch/index
INFO: [ app_init ] --START--
INFO: Run Behavior\BuildLiteBehavior [ RunTime:0.000025s ]
INFO: [ app_init ] --END-- [ RunTime:0.000763s ]
INFO: [ app_begin ] --START--
INFO: Run Behavior\ReadHtmlCacheBehavior [ RunTime:0.001861s ]
INFO: [ app_begin ] --END-- [ RunTime:0.001968s ]
SQL: SHOW COLUMNS FROM `ast_banneren` [ RunTime:0.0038s ]
SQL: SELECT * FROM `ast_banneren`  [ RunTime:0.0004s ]
SQL: SHOW COLUMNS FROM `ast_linken` [ RunTime:0.0042s ]
SQL: SELECT * FROM `ast_linken`  [ RunTime:0.0004s ]
SQL: SHOW COLUMNS FROM `ast_words_linken` [ RunTime:0.0047s ]
SQL: SELECT * FROM `ast_words_linken`  [ RunTime:0.0012s ]
INFO: [ view_parse ] --START--
INFO: [ template_filter ] --START--
INFO: Run Behavior\ContentReplaceBehavior [ RunTime:0.000124s ]
INFO: [ template_filter ] --END-- [ RunTime:0.000190s ]
INFO: Run Behavior\ParseTemplateBehavior [ RunTime:0.015841s ]
INFO: [ view_parse ] --END-- [ RunTime:0.015975s ]
INFO: [ view_filter ] --START--
INFO: Run Behavior\WriteHtmlCacheBehavior [ RunTime:0.000922s ]
INFO: [ view_filter ] --END-- [ RunTime:0.000976s ]
INFO: [ app_end ] --START--
INFO: Run Behavior\ShowPageTraceBehavior [ RunTime:0.001725s ]
INFO: [ app_end ] --END-- [ RunTime:0.001811s ]

[ 2016-03-10T10:57:26+08:00 ] ::1 /index.php/Homen/News/index/id/1
INFO: [ app_init ] --START--
INFO: Run Behavior\BuildLiteBehavior [ RunTime:0.000017s ]
INFO: [ app_init ] --END-- [ RunTime:0.000651s ]
INFO: [ app_begin ] --START--
INFO: Run Behavior\ReadHtmlCacheBehavior [ RunTime:0.001661s ]
INFO: [ app_begin ] --END-- [ RunTime:0.001767s ]
SQL: SHOW COLUMNS FROM `ast_banneren` [ RunTime:0.0039s ]
SQL: SELECT * FROM `ast_banneren`  [ RunTime:0.0005s ]
SQL: SHOW COLUMNS FROM `ast_linken` [ RunTime:0.0034s ]
SQL: SELECT * FROM `ast_linken`  [ RunTime:0.0003s ]
SQL: SHOW COLUMNS FROM `ast_articleen` [ RunTime:0.0047s ]
SQL: SELECT * FROM `ast_articleen`  [ RunTime:0.0006s ]
SQL: SHOW COLUMNS FROM `ast_artcateen` [ RunTime:0.0043s ]
SQL: SELECT * FROM `ast_artcateen`  [ RunTime:0.0004s ]
SQL: SELECT * FROM `ast_articleen` WHERE `art_cateid` = 1  [ RunTime:0.0009s ]
NOTIC: [8] Undefined variable: Page C:\xampp\htdocs\aiston\Application\Homen\Controller\NewsController.class.php 第 37 行.
NOTIC: [8] Trying to get property of non-object C:\xampp\htdocs\aiston\Application\Homen\Controller\NewsController.class.php 第 37 行.
INFO: [ view_parse ] --START--
INFO: [ template_filter ] --START--
INFO: Run Behavior\ContentReplaceBehavior [ RunTime:0.000125s ]
INFO: [ template_filter ] --END-- [ RunTime:0.000187s ]
NOTIC: [8] Undefined index: p C:\xampp\htdocs\aiston\Application\Runtime\Cache\Homen\e2578f294603de35f637a40d7f94e2b2.php 第 132 行.
NOTIC: [8] Undefined index: p C:\xampp\htdocs\aiston\Application\Runtime\Cache\Homen\e2578f294603de35f637a40d7f94e2b2.php 第 138 行.
INFO: Run Behavior\ParseTemplateBehavior [ RunTime:0.016146s ]
INFO: [ view_parse ] --END-- [ RunTime:0.016206s ]
INFO: [ view_filter ] --START--
INFO: Run Behavior\WriteHtmlCacheBehavior [ RunTime:0.000930s ]
INFO: [ view_filter ] --END-- [ RunTime:0.000980s ]
INFO: [ app_end ] --START--
INFO: Run Behavior\ShowPageTraceBehavior [ RunTime:0.002008s ]
INFO: [ app_end ] --END-- [ RunTime:0.002102s ]

[ 2016-03-10T10:57:27+08:00 ] ::1 /index.php/Homen/News/index/id/2
INFO: [ app_init ] --START--
INFO: Run Behavior\BuildLiteBehavior [ RunTime:0.000017s ]
INFO: [ app_init ] --END-- [ RunTime:0.000635s ]
INFO: [ app_begin ] --START--
INFO: Run Behavior\ReadHtmlCacheBehavior [ RunTime:0.001289s ]
INFO: [ app_begin ] --END-- [ RunTime:0.001364s ]
SQL: SHOW COLUMNS FROM `ast_banneren` [ RunTime:0.0036s ]
SQL: SELECT * FROM `ast_banneren`  [ RunTime:0.0004s ]
SQL: SHOW COLUMNS FROM `ast_linken` [ RunTime:0.0035s ]
SQL: SELECT * FROM `ast_linken`  [ RunTime:0.0003s ]
SQL: SHOW COLUMNS FROM `ast_articleen` [ RunTime:0.0052s ]
SQL: SELECT * FROM `ast_articleen`  [ RunTime:0.0009s ]
SQL: SHOW COLUMNS FROM `ast_artcateen` [ RunTime:0.0044s ]
SQL: SELECT * FROM `ast_artcateen`  [ RunTime:0.0003s ]
SQL: SELECT * FROM `ast_articleen` WHERE `art_cateid` = 2  [ RunTime:0.0003s ]
NOTIC: [8] Undefined variable: Page C:\xampp\htdocs\aiston\Application\Homen\Controller\NewsController.class.php 第 37 行.
NOTIC: [8] Trying to get property of non-object C:\xampp\htdocs\aiston\Application\Homen\Controller\NewsController.class.php 第 37 行.
INFO: [ view_parse ] --START--
INFO: [ template_filter ] --START--
INFO: Run Behavior\ContentReplaceBehavior [ RunTime:0.000127s ]
INFO: [ template_filter ] --END-- [ RunTime:0.000188s ]
NOTIC: [8] Undefined index: p C:\xampp\htdocs\aiston\Application\Runtime\Cache\Homen\e2578f294603de35f637a40d7f94e2b2.php 第 132 行.
NOTIC: [8] Undefined index: p C:\xampp\htdocs\aiston\Application\Runtime\Cache\Homen\e2578f294603de35f637a40d7f94e2b2.php 第 138 行.
INFO: Run Behavior\ParseTemplateBehavior [ RunTime:0.016380s ]
INFO: [ view_parse ] --END-- [ RunTime:0.016444s ]
INFO: [ view_filter ] --START--
INFO: Run Behavior\WriteHtmlCacheBehavior [ RunTime:0.000942s ]
INFO: [ view_filter ] --END-- [ RunTime:0.000995s ]
INFO: [ app_end ] --START--
INFO: Run Behavior\ShowPageTraceBehavior [ RunTime:0.001961s ]
INFO: [ app_end ] --END-- [ RunTime:0.002057s ]

[ 2016-03-10T10:57:31+08:00 ] ::1 /index.php/Homen/Invest/index/de/%E4%BC%98%E6%83%A0%E6%94%BF%E7%AD%96
INFO: [ app_init ] --START--
INFO: Run Behavior\BuildLiteBehavior [ RunTime:0.000023s ]
INFO: [ app_init ] --END-- [ RunTime:0.000681s ]
INFO: [ app_begin ] --START--
INFO: Run Behavior\ReadHtmlCacheBehavior [ RunTime:0.001156s ]
INFO: [ app_begin ] --END-- [ RunTime:0.001223s ]
SQL: SHOW COLUMNS FROM `ast_banneren` [ RunTime:0.0037s ]
SQL: SELECT * FROM `ast_banneren`  [ RunTime:0.0004s ]
SQL: SHOW COLUMNS FROM `ast_linken` [ RunTime:0.0035s ]
SQL: SELECT * FROM `ast_linken`  [ RunTime:0.0003s ]
SQL: SHOW COLUMNS FROM `ast_investen` [ RunTime:0.0036s ]
SQL: SELECT * FROM `ast_investen` WHERE `i_id` > 2 ORDER BY i_class asc  [ RunTime:0.0005s ]
SQL: SELECT * FROM `ast_investen` WHERE `i_class` = '优惠政策'  [ RunTime:0.0003s ]
NOTIC: [8] Undefined variable: Page C:\xampp\htdocs\aiston\Application\Homen\Controller\InvestController.class.php 第 48 行.
NOTIC: [8] Trying to get property of non-object C:\xampp\htdocs\aiston\Application\Homen\Controller\InvestController.class.php 第 48 行.
INFO: [ view_parse ] --START--
INFO: [ template_filter ] --START--
INFO: Run Behavior\ContentReplaceBehavior [ RunTime:0.000196s ]
INFO: [ template_filter ] --END-- [ RunTime:0.000278s ]
NOTIC: [8] Undefined index: p C:\xampp\htdocs\aiston\Application\Runtime\Cache\Homen\d8c6fc4185ef3e3c6bac2c03d9b0a721.php 第 135 行.
NOTIC: [8] Undefined index: p C:\xampp\htdocs\aiston\Application\Runtime\Cache\Homen\d8c6fc4185ef3e3c6bac2c03d9b0a721.php 第 142 行.
INFO: Run Behavior\ParseTemplateBehavior [ RunTime:0.019876s ]
INFO: [ view_parse ] --END-- [ RunTime:0.019956s ]
INFO: [ view_filter ] --START--
INFO: Run Behavior\WriteHtmlCacheBehavior [ RunTime:0.001454s ]
INFO: [ view_filter ] --END-- [ RunTime:0.001546s ]
INFO: [ app_end ] --START--
INFO: Run Behavior\ShowPageTraceBehavior [ RunTime:0.002333s ]
INFO: [ app_end ] --END-- [ RunTime:0.002466s ]

[ 2016-03-10T10:57:32+08:00 ] ::1 /index.php/Homen/Contact/index
INFO: [ app_init ] --START--
INFO: Run Behavior\BuildLiteBehavior [ RunTime:0.000017s ]
INFO: [ app_init ] --END-- [ RunTime:0.000725s ]
INFO: [ app_begin ] --START--
INFO: Run Behavior\ReadHtmlCacheBehavior [ RunTime:0.001323s ]
INFO: [ app_begin ] --END-- [ RunTime:0.001423s ]
SQL: SHOW COLUMNS FROM `ast_banneren` [ RunTime:0.0036s ]
SQL: SELECT * FROM `ast_banneren`  [ RunTime:0.0003s ]
SQL: SHOW COLUMNS FROM `ast_linken` [ RunTime:0.0038s ]
SQL: SELECT * FROM `ast_linken`  [ RunTime:0.0003s ]
SQL: SHOW COLUMNS FROM `ast_companyen` [ RunTime:0.0035s ]
SQL: SELECT * FROM `ast_companyen` WHERE `c_id` = 2  [ RunTime:0.0003s ]
INFO: [ view_parse ] --START--
INFO: [ template_filter ] --START--
INFO: Run Behavior\ContentReplaceBehavior [ RunTime:0.000112s ]
INFO: [ template_filter ] --END-- [ RunTime:0.000183s ]
INFO: Run Behavior\ParseTemplateBehavior [ RunTime:0.017085s ]
INFO: [ view_parse ] --END-- [ RunTime:0.017191s ]
INFO: [ view_filter ] --START--
INFO: Run Behavior\WriteHtmlCacheBehavior [ RunTime:0.001034s ]
INFO: [ view_filter ] --END-- [ RunTime:0.001087s ]
INFO: [ app_end ] --START--
INFO: Run Behavior\ShowPageTraceBehavior [ RunTime:0.001346s ]
INFO: [ app_end ] --END-- [ RunTime:0.001471s ]

[ 2016-03-10T11:00:18+08:00 ] ::1 /index.php/Homen/Contact/index
INFO: [ app_init ] --START--
INFO: Run Behavior\BuildLiteBehavior [ RunTime:0.000027s ]
INFO: [ app_init ] --END-- [ RunTime:0.000959s ]
INFO: [ app_begin ] --START--
INFO: Run Behavior\ReadHtmlCacheBehavior [ RunTime:0.002157s ]
INFO: [ app_begin ] --END-- [ RunTime:0.002271s ]
SQL: SHOW COLUMNS FROM `ast_banneren` [ RunTime:0.0059s ]
SQL: SELECT * FROM `ast_banneren`  [ RunTime:0.0006s ]
SQL: SHOW COLUMNS FROM `ast_linken` [ RunTime:0.0064s ]
SQL: SELECT * FROM `ast_linken`  [ RunTime:0.0006s ]
SQL: SHOW COLUMNS FROM `ast_companyen` [ RunTime:0.0071s ]
SQL: SELECT * FROM `ast_companyen` WHERE `c_id` = 2  [ RunTime:0.0004s ]
INFO: [ view_parse ] --START--
INFO: [ template_filter ] --START--
INFO: Run Behavior\ContentReplaceBehavior [ RunTime:0.000175s ]
INFO: [ template_filter ] --END-- [ RunTime:0.000286s ]
INFO: Run Behavior\ParseTemplateBehavior [ RunTime:0.022168s ]
INFO: [ view_parse ] --END-- [ RunTime:0.022427s ]
INFO: [ view_filter ] --START--
INFO: Run Behavior\WriteHtmlCacheBehavior [ RunTime:0.001575s ]
INFO: [ view_filter ] --END-- [ RunTime:0.001678s ]
INFO: [ app_end ] --START--
INFO: Run Behavior\ShowPageTraceBehavior [ RunTime:0.002154s ]
INFO: [ app_end ] --END-- [ RunTime:0.002240s ]

[ 2016-03-10T11:00:20+08:00 ] ::1 /index.php/Homen/Contact/index
INFO: [ app_init ] --START--
INFO: Run Behavior\BuildLiteBehavior [ RunTime:0.000030s ]
INFO: [ app_init ] --END-- [ RunTime:0.001077s ]
INFO: [ app_begin ] --START--
INFO: Run Behavior\ReadHtmlCacheBehavior [ RunTime:0.001974s ]
INFO: [ app_begin ] --END-- [ RunTime:0.002077s ]
SQL: SHOW COLUMNS FROM `ast_banneren` [ RunTime:0.0040s ]
SQL: SELECT * FROM `ast_banneren`  [ RunTime:0.0004s ]
SQL: SHOW COLUMNS FROM `ast_linken` [ RunTime:0.0037s ]
SQL: SELECT * FROM `ast_linken`  [ RunTime:0.0004s ]
SQL: SHOW COLUMNS FROM `ast_companyen` [ RunTime:0.0080s ]
SQL: SELECT * FROM `ast_companyen` WHERE `c_id` = 2  [ RunTime:0.0004s ]
INFO: [ view_parse ] --START--
INFO: [ template_filter ] --START--
INFO: Run Behavior\ContentReplaceBehavior [ RunTime:0.000116s ]
INFO: [ template_filter ] --END-- [ RunTime:0.000186s ]
INFO: Run Behavior\ParseTemplateBehavior [ RunTime:0.013707s ]
INFO: [ view_parse ] --END-- [ RunTime:0.013808s ]
INFO: [ view_filter ] --START--
INFO: Run Behavior\WriteHtmlCacheBehavior [ RunTime:0.000953s ]
INFO: [ view_filter ] --END-- [ RunTime:0.001007s ]
INFO: [ app_end ] --START--
INFO: Run Behavior\ShowPageTraceBehavior [ RunTime:0.001129s ]
INFO: [ app_end ] --END-- [ RunTime:0.001187s ]

[ 2016-03-10T11:00:26+08:00 ] ::1 /index.php/Homen/Index
INFO: [ app_init ] --START--
INFO: Run Behavior\BuildLiteBehavior [ RunTime:0.000018s ]
INFO: [ app_init ] --END-- [ RunTime:0.000906s ]
INFO: [ app_begin ] --START--
INFO: Run Behavior\ReadHtmlCacheBehavior [ RunTime:0.001599s ]
INFO: [ app_begin ] --END-- [ RunTime:0.001698s ]
SQL: SHOW COLUMNS FROM `ast_banneren` [ RunTime:0.0063s ]
SQL: SELECT * FROM `ast_banneren`  [ RunTime:0.0004s ]
SQL: SHOW COLUMNS FROM `ast_linken` [ RunTime:0.0044s ]
SQL: SELECT * FROM `ast_linken`  [ RunTime:0.0003s ]
SQL: SHOW COLUMNS FROM `ast_companyen` [ RunTime:0.0036s ]
SQL: SHOW COLUMNS FROM `ast_articleen` [ RunTime:0.0040s ]
SQL: SHOW COLUMNS FROM `ast_producten` [ RunTime:0.0037s ]
SQL: SHOW COLUMNS FROM `ast_procateen` [ RunTime:0.0050s ]
SQL: SELECT * FROM `ast_procateen` LIMIT 3   [ RunTime:0.0005s ]
SQL: SELECT * FROM `ast_articleen`  [ RunTime:0.0006s ]
SQL: SELECT * FROM `ast_companyen`  [ RunTime:0.0003s ]
SQL: SELECT * FROM `ast_articleen` LIMIT 0,4   [ RunTime:0.0004s ]
INFO: [ view_parse ] --START--
INFO: [ template_filter ] --START--
INFO: Run Behavior\ContentReplaceBehavior [ RunTime:0.000172s ]
INFO: [ template_filter ] --END-- [ RunTime:0.000237s ]
NOTIC: [8] Undefined index: p C:\xampp\htdocs\aiston\Application\Runtime\Cache\Homen\68c0958da8236402af970fd6e742f3b2.php 第 154 行.
NOTIC: [8] Undefined index: p C:\xampp\htdocs\aiston\Application\Runtime\Cache\Homen\68c0958da8236402af970fd6e742f3b2.php 第 161 行.
NOTIC: [8] Undefined index: p C:\xampp\htdocs\aiston\Application\Runtime\Cache\Homen\68c0958da8236402af970fd6e742f3b2.php 第 161 行.
INFO: Run Behavior\ParseTemplateBehavior [ RunTime:0.020999s ]
INFO: [ view_parse ] --END-- [ RunTime:0.021091s ]
INFO: [ view_filter ] --START--
INFO: Run Behavior\WriteHtmlCacheBehavior [ RunTime:0.001132s ]
INFO: [ view_filter ] --END-- [ RunTime:0.001223s ]
INFO: [ app_end ] --START--
INFO: Run Behavior\ShowPageTraceBehavior [ RunTime:0.002703s ]
INFO: [ app_end ] --END-- [ RunTime:0.002844s ]

[ 2016-03-10T11:01:28+08:00 ] ::1 /index.php/Homen/Index
INFO: [ app_init ] --START--
INFO: Run Behavior\BuildLiteBehavior [ RunTime:0.000017s ]
INFO: [ app_init ] --END-- [ RunTime:0.000714s ]
INFO: [ app_begin ] --START--
INFO: Run Behavior\ReadHtmlCacheBehavior [ RunTime:0.001276s ]
INFO: [ app_begin ] --END-- [ RunTime:0.001361s ]
SQL: SHOW COLUMNS FROM `ast_banneren` [ RunTime:0.0040s ]
SQL: SELECT * FROM `ast_banneren`  [ RunTime:0.0011s ]
SQL: SHOW COLUMNS FROM `ast_linken` [ RunTime:0.0046s ]
SQL: SELECT * FROM `ast_linken`  [ RunTime:0.0003s ]
SQL: SHOW COLUMNS FROM `ast_companyen` [ RunTime:0.0037s ]
SQL: SHOW COLUMNS FROM `ast_articleen` [ RunTime:0.0035s ]
SQL: SHOW COLUMNS FROM `ast_producten` [ RunTime:0.0063s ]
SQL: SHOW COLUMNS FROM `ast_procateen` [ RunTime:0.0039s ]
SQL: SELECT * FROM `ast_procateen` LIMIT 3   [ RunTime:0.0003s ]
SQL: SELECT * FROM `ast_articleen`  [ RunTime:0.0004s ]
SQL: SELECT * FROM `ast_companyen`  [ RunTime:0.0002s ]
SQL: SELECT * FROM `ast_articleen` LIMIT 0,4   [ RunTime:0.0003s ]
INFO: [ view_parse ] --START--
INFO: [ template_filter ] --START--
INFO: Run Behavior\ContentReplaceBehavior [ RunTime:0.000203s ]
INFO: [ template_filter ] --END-- [ RunTime:0.000270s ]
NOTIC: [8] Undefined index: p C:\xampp\htdocs\aiston\Application\Runtime\Cache\Homen\68c0958da8236402af970fd6e742f3b2.php 第 154 行.
NOTIC: [8] Undefined index: p C:\xampp\htdocs\aiston\Application\Runtime\Cache\Homen\68c0958da8236402af970fd6e742f3b2.php 第 161 行.
NOTIC: [8] Undefined index: p C:\xampp\htdocs\aiston\Application\Runtime\Cache\Homen\68c0958da8236402af970fd6e742f3b2.php 第 161 行.
INFO: Run Behavior\ParseTemplateBehavior [ RunTime:0.020153s ]
INFO: [ view_parse ] --END-- [ RunTime:0.020230s ]
INFO: [ view_filter ] --START--
INFO: Run Behavior\WriteHtmlCacheBehavior [ RunTime:0.000930s ]
INFO: [ view_filter ] --END-- [ RunTime:0.001037s ]
INFO: [ app_end ] --START--
INFO: Run Behavior\ShowPageTraceBehavior [ RunTime:0.003382s ]
INFO: [ app_end ] --END-- [ RunTime:0.003530s ]

[ 2016-03-10T11:01:56+08:00 ] ::1 /index.php/Homen/Index
INFO: [ app_init ] --START--
INFO: Run Behavior\BuildLiteBehavior [ RunTime:0.000018s ]
INFO: [ app_init ] --END-- [ RunTime:0.000671s ]
INFO: [ app_begin ] --START--
INFO: Run Behavior\ReadHtmlCacheBehavior [ RunTime:0.001548s ]
INFO: [ app_begin ] --END-- [ RunTime:0.001657s ]
SQL: SHOW COLUMNS FROM `ast_banneren` [ RunTime:0.0040s ]
SQL: SELECT * FROM `ast_banneren`  [ RunTime:0.0004s ]
SQL: SHOW COLUMNS FROM `ast_linken` [ RunTime:0.0033s ]
SQL: SELECT * FROM `ast_linken`  [ RunTime:0.0003s ]
SQL: SHOW COLUMNS FROM `ast_companyen` [ RunTime:0.0059s ]
SQL: SHOW COLUMNS FROM `ast_articleen` [ RunTime:0.0039s ]
SQL: SHOW COLUMNS FROM `ast_producten` [ RunTime:0.0036s ]
SQL: SHOW COLUMNS FROM `ast_procateen` [ RunTime:0.0038s ]
SQL: SELECT * FROM `ast_procateen` LIMIT 3   [ RunTime:0.0005s ]
SQL: SELECT * FROM `ast_articleen`  [ RunTime:0.0011s ]
SQL: SELECT * FROM `ast_companyen`  [ RunTime:0.0004s ]
SQL: SELECT * FROM `ast_articleen` LIMIT 0,4   [ RunTime:0.0005s ]
INFO: [ view_parse ] --START--
INFO: [ template_filter ] --START--
INFO: Run Behavior\ContentReplaceBehavior [ RunTime:0.000173s ]
INFO: [ template_filter ] --END-- [ RunTime:0.000242s ]
NOTIC: [8] Undefined index: p C:\xampp\htdocs\aiston\Application\Runtime\Cache\Homen\68c0958da8236402af970fd6e742f3b2.php 第 154 行.
NOTIC: [8] Undefined index: p C:\xampp\htdocs\aiston\Application\Runtime\Cache\Homen\68c0958da8236402af970fd6e742f3b2.php 第 161 行.
NOTIC: [8] Undefined index: p C:\xampp\htdocs\aiston\Application\Runtime\Cache\Homen\68c0958da8236402af970fd6e742f3b2.php 第 161 行.
INFO: Run Behavior\ParseTemplateBehavior [ RunTime:0.019831s ]
INFO: [ view_parse ] --END-- [ RunTime:0.019892s ]
INFO: [ view_filter ] --START--
INFO: Run Behavior\WriteHtmlCacheBehavior [ RunTime:0.001016s ]
INFO: [ view_filter ] --END-- [ RunTime:0.001075s ]
INFO: [ app_end ] --START--
INFO: Run Behavior\ShowPageTraceBehavior [ RunTime:0.001866s ]
INFO: [ app_end ] --END-- [ RunTime:0.001977s ]

[ 2016-03-10T11:02:08+08:00 ] ::1 /index.php/Homen/Index
INFO: [ app_init ] --START--
INFO: Run Behavior\BuildLiteBehavior [ RunTime:0.000101s ]
INFO: [ app_init ] --END-- [ RunTime:0.001300s ]
INFO: [ app_begin ] --START--
INFO: Run Behavior\ReadHtmlCacheBehavior [ RunTime:0.001299s ]
INFO: [ app_begin ] --END-- [ RunTime:0.001397s ]
SQL: SHOW COLUMNS FROM `ast_banneren` [ RunTime:0.0038s ]
SQL: SELECT * FROM `ast_banneren`  [ RunTime:0.0003s ]
SQL: SHOW COLUMNS FROM `ast_linken` [ RunTime:0.0039s ]
SQL: SELECT * FROM `ast_linken`  [ RunTime:0.0009s ]
SQL: SHOW COLUMNS FROM `ast_companyen` [ RunTime:0.0045s ]
SQL: SHOW COLUMNS FROM `ast_articleen` [ RunTime:0.0039s ]
SQL: SHOW COLUMNS FROM `ast_producten` [ RunTime:0.0036s ]
SQL: SHOW COLUMNS FROM `ast_procateen` [ RunTime:0.0066s ]
SQL: SELECT * FROM `ast_procateen` LIMIT 3   [ RunTime:0.0005s ]
SQL: SELECT * FROM `ast_articleen`  [ RunTime:0.0005s ]
SQL: SELECT * FROM `ast_companyen`  [ RunTime:0.0003s ]
SQL: SELECT * FROM `ast_articleen` LIMIT 0,4   [ RunTime:0.0005s ]
INFO: [ view_parse ] --START--
INFO: [ template_filter ] --START--
INFO: Run Behavior\ContentReplaceBehavior [ RunTime:0.000159s ]
INFO: [ template_filter ] --END-- [ RunTime:0.000224s ]
NOTIC: [8] Undefined index: p C:\xampp\htdocs\aiston\Application\Runtime\Cache\Homen\68c0958da8236402af970fd6e742f3b2.php 第 154 行.
NOTIC: [8] Undefined index: p C:\xampp\htdocs\aiston\Application\Runtime\Cache\Homen\68c0958da8236402af970fd6e742f3b2.php 第 161 行.
NOTIC: [8] Undefined index: p C:\xampp\htdocs\aiston\Application\Runtime\Cache\Homen\68c0958da8236402af970fd6e742f3b2.php 第 161 行.
INFO: Run Behavior\ParseTemplateBehavior [ RunTime:0.020500s ]
INFO: [ view_parse ] --END-- [ RunTime:0.020560s ]
INFO: [ view_filter ] --START--
INFO: Run Behavior\WriteHtmlCacheBehavior [ RunTime:0.001116s ]
INFO: [ view_filter ] --END-- [ RunTime:0.001179s ]
INFO: [ app_end ] --START--
INFO: Run Behavior\ShowPageTraceBehavior [ RunTime:0.003381s ]
INFO: [ app_end ] --END-- [ RunTime:0.003525s ]

[ 2016-03-10T11:02:15+08:00 ] ::1 /index.php/Homen/Branch/index
INFO: [ app_init ] --START--
INFO: Run Behavior\BuildLiteBehavior [ RunTime:0.000019s ]
INFO: [ app_init ] --END-- [ RunTime:0.000902s ]
INFO: [ app_begin ] --START--
INFO: Run Behavior\ReadHtmlCacheBehavior [ RunTime:0.001600s ]
INFO: [ app_begin ] --END-- [ RunTime:0.001743s ]
SQL: SHOW COLUMNS FROM `ast_banneren` [ RunTime:0.0040s ]
SQL: SELECT * FROM `ast_banneren`  [ RunTime:0.0005s ]
SQL: SHOW COLUMNS FROM `ast_linken` [ RunTime:0.0037s ]
SQL: SELECT * FROM `ast_linken`  [ RunTime:0.0003s ]
SQL: SHOW COLUMNS FROM `ast_words_linken` [ RunTime:0.0048s ]
SQL: SELECT * FROM `ast_words_linken`  [ RunTime:0.0005s ]
INFO: [ view_parse ] --START--
INFO: [ template_filter ] --START--
INFO: Run Behavior\ContentReplaceBehavior [ RunTime:0.000134s ]
INFO: [ template_filter ] --END-- [ RunTime:0.000197s ]
INFO: Run Behavior\ParseTemplateBehavior [ RunTime:0.016095s ]
INFO: [ view_parse ] --END-- [ RunTime:0.016216s ]
INFO: [ view_filter ] --START--
INFO: Run Behavior\WriteHtmlCacheBehavior [ RunTime:0.000673s ]
INFO: [ view_filter ] --END-- [ RunTime:0.000725s ]
INFO: [ app_end ] --START--
INFO: Run Behavior\ShowPageTraceBehavior [ RunTime:0.002892s ]
INFO: [ app_end ] --END-- [ RunTime:0.002986s ]

[ 2016-03-10T11:02:16+08:00 ] ::1 /index.php/Homen/Walkto/index
INFO: [ app_init ] --START--
INFO: Run Behavior\BuildLiteBehavior [ RunTime:0.000018s ]
INFO: [ app_init ] --END-- [ RunTime:0.000570s ]
INFO: [ app_begin ] --START--
INFO: Run Behavior\ReadHtmlCacheBehavior [ RunTime:0.001702s ]
INFO: [ app_begin ] --END-- [ RunTime:0.001829s ]
SQL: SHOW COLUMNS FROM `ast_banneren` [ RunTime:0.0042s ]
SQL: SELECT * FROM `ast_banneren`  [ RunTime:0.0004s ]
SQL: SHOW COLUMNS FROM `ast_linken` [ RunTime:0.0035s ]
SQL: SELECT * FROM `ast_linken`  [ RunTime:0.0003s ]
SQL: SHOW COLUMNS FROM `ast_abouten` [ RunTime:0.0037s ]
SQL: SELECT * FROM `ast_abouten`  [ RunTime:0.0004s ]
SQL: SELECT * FROM `ast_abouten` WHERE `ast_aid` = 1  [ RunTime:0.0004s ]
INFO: [ view_parse ] --START--
INFO: [ template_filter ] --START--
INFO: Run Behavior\ContentReplaceBehavior [ RunTime:0.000116s ]
INFO: [ template_filter ] --END-- [ RunTime:0.000184s ]
INFO: Run Behavior\ParseTemplateBehavior [ RunTime:0.015221s ]
INFO: [ view_parse ] --END-- [ RunTime:0.015355s ]
INFO: [ view_filter ] --START--
INFO: Run Behavior\WriteHtmlCacheBehavior [ RunTime:0.001615s ]
INFO: [ view_filter ] --END-- [ RunTime:0.001705s ]
INFO: [ app_end ] --START--
INFO: Run Behavior\ShowPageTraceBehavior [ RunTime:0.002350s ]
INFO: [ app_end ] --END-- [ RunTime:0.002472s ]

[ 2016-03-10T11:02:19+08:00 ] ::1 /index.php/Homen/Walkto/index/id/2
INFO: [ app_init ] --START--
INFO: Run Behavior\BuildLiteBehavior [ RunTime:0.000030s ]
INFO: [ app_init ] --END-- [ RunTime:0.000872s ]
INFO: [ app_begin ] --START--
INFO: Run Behavior\ReadHtmlCacheBehavior [ RunTime:0.002473s ]
INFO: [ app_begin ] --END-- [ RunTime:0.002588s ]
SQL: SHOW COLUMNS FROM `ast_banneren` [ RunTime:0.0048s ]
SQL: SELECT * FROM `ast_banneren`  [ RunTime:0.0006s ]
SQL: SHOW COLUMNS FROM `ast_linken` [ RunTime:0.0036s ]
SQL: SELECT * FROM `ast_linken`  [ RunTime:0.0003s ]
SQL: SHOW COLUMNS FROM `ast_abouten` [ RunTime:0.0040s ]
SQL: SELECT * FROM `ast_abouten`  [ RunTime:0.0005s ]
SQL: SELECT * FROM `ast_abouten` WHERE `ast_aid` = 2  [ RunTime:0.0003s ]
INFO: [ view_parse ] --START--
INFO: [ template_filter ] --START--
INFO: Run Behavior\ContentReplaceBehavior [ RunTime:0.000183s ]
INFO: [ template_filter ] --END-- [ RunTime:0.000273s ]
INFO: Run Behavior\ParseTemplateBehavior [ RunTime:0.015703s ]
INFO: [ view_parse ] --END-- [ RunTime:0.015797s ]
INFO: [ view_filter ] --START--
INFO: Run Behavior\WriteHtmlCacheBehavior [ RunTime:0.001509s ]
INFO: [ view_filter ] --END-- [ RunTime:0.001596s ]
INFO: [ app_end ] --START--
INFO: Run Behavior\ShowPageTraceBehavior [ RunTime:0.002728s ]
INFO: [ app_end ] --END-- [ RunTime:0.002838s ]

[ 2016-03-10T11:02:20+08:00 ] ::1 /index.php/Homen/Walkto/index/id/4
INFO: [ app_init ] --START--
INFO: Run Behavior\BuildLiteBehavior [ RunTime:0.000027s ]
INFO: [ app_init ] --END-- [ RunTime:0.000735s ]
INFO: [ app_begin ] --START--
INFO: Run Behavior\ReadHtmlCacheBehavior [ RunTime:0.001348s ]
INFO: [ app_begin ] --END-- [ RunTime:0.001429s ]
SQL: SHOW COLUMNS FROM `ast_banneren` [ RunTime:0.0036s ]
SQL: SELECT * FROM `ast_banneren`  [ RunTime:0.0004s ]
SQL: SHOW COLUMNS FROM `ast_linken` [ RunTime:0.0037s ]
SQL: SELECT * FROM `ast_linken`  [ RunTime:0.0004s ]
SQL: SHOW COLUMNS FROM `ast_abouten` [ RunTime:0.0041s ]
SQL: SELECT * FROM `ast_abouten`  [ RunTime:0.0004s ]
SQL: SELECT * FROM `ast_abouten` WHERE `ast_aid` = 4  [ RunTime:0.0004s ]
INFO: [ view_parse ] --START--
INFO: [ template_filter ] --START--
INFO: Run Behavior\ContentReplaceBehavior [ RunTime:0.000118s ]
INFO: [ template_filter ] --END-- [ RunTime:0.000189s ]
INFO: Run Behavior\ParseTemplateBehavior [ RunTime:0.017076s ]
INFO: [ view_parse ] --END-- [ RunTime:0.017185s ]
INFO: [ view_filter ] --START--
INFO: Run Behavior\WriteHtmlCacheBehavior [ RunTime:0.000702s ]
INFO: [ view_filter ] --END-- [ RunTime:0.000756s ]
INFO: [ app_end ] --START--
INFO: Run Behavior\ShowPageTraceBehavior [ RunTime:0.001650s ]
INFO: [ app_end ] --END-- [ RunTime:0.001738s ]

