[ 2016-03-26T10:11:16+08:00 ] ::1 /index.php/Homen/Contact/index
INFO: [ app_init ] --START--
INFO: Run Behavior\BuildLiteBehavior [ RunTime:0.000017s ]
INFO: [ app_init ] --END-- [ RunTime:0.000627s ]
INFO: [ app_begin ] --START--
INFO: Run Behavior\ReadHtmlCacheBehavior [ RunTime:0.001748s ]
INFO: [ app_begin ] --END-- [ RunTime:0.001855s ]
SQL: SHOW COLUMNS FROM `ast_banneren` [ RunTime:0.0053s ]
SQL: SELECT * FROM `ast_banneren`  [ RunTime:0.0007s ]
SQL: SHOW COLUMNS FROM `ast_linken` [ RunTime:0.0053s ]
SQL: SELECT * FROM `ast_linken`  [ RunTime:0.0004s ]
SQL: SHOW COLUMNS FROM `ast_companyen` [ RunTime:0.0036s ]
SQL: SELECT * FROM `ast_companyen` WHERE `c_id` = 2  [ RunTime:0.0003s ]
INFO: [ view_parse ] --START--
INFO: [ template_filter ] --START--
INFO: Run Behavior\ContentReplaceBehavior [ RunTime:0.000117s ]
INFO: [ template_filter ] --END-- [ RunTime:0.000190s ]
INFO: Run Behavior\ParseTemplateBehavior [ RunTime:0.017899s ]
INFO: [ view_parse ] --END-- [ RunTime:0.018012s ]
INFO: [ view_filter ] --START--
INFO: Run Behavior\WriteHtmlCacheBehavior [ RunTime:0.001613s ]
INFO: [ view_filter ] --END-- [ RunTime:0.001679s ]
INFO: [ app_end ] --START--
INFO: Run Behavior\ShowPageTraceBehavior [ RunTime:0.001445s ]
INFO: [ app_end ] --END-- [ RunTime:0.001503s ]

[ 2016-03-26T10:11:28+08:00 ] ::1 /index.php/Homen/Index
INFO: [ app_init ] --START--
INFO: Run Behavior\BuildLiteBehavior [ RunTime:0.000033s ]
INFO: [ app_init ] --END-- [ RunTime:0.001089s ]
INFO: [ app_begin ] --START--
INFO: Run Behavior\ReadHtmlCacheBehavior [ RunTime:0.002697s ]
INFO: [ app_begin ] --END-- [ RunTime:0.002817s ]
SQL: SHOW COLUMNS FROM `ast_banneren` [ RunTime:0.0045s ]
SQL: SELECT * FROM `ast_banneren`  [ RunTime:0.0005s ]
SQL: SHOW COLUMNS FROM `ast_linken` [ RunTime:0.0066s ]
SQL: SELECT * FROM `ast_linken`  [ RunTime:0.0006s ]
SQL: SHOW COLUMNS FROM `ast_companyen` [ RunTime:0.0045s ]
SQL: SHOW COLUMNS FROM `ast_articleen` [ RunTime:0.0049s ]
SQL: SHOW COLUMNS FROM `ast_producten` [ RunTime:0.0043s ]
SQL: SHOW COLUMNS FROM `ast_procateen` [ RunTime:0.0038s ]
SQL: SELECT * FROM `ast_procateen` LIMIT 3   [ RunTime:0.0004s ]
SQL: SELECT * FROM `ast_articleen`  [ RunTime:0.0008s ]
SQL: SELECT * FROM `ast_companyen`  [ RunTime:0.0003s ]
SQL: SELECT * FROM `ast_articleen` LIMIT 0,4   [ RunTime:0.0004s ]
INFO: [ view_parse ] --START--
INFO: [ template_filter ] --START--
INFO: Run Behavior\ContentReplaceBehavior [ RunTime:0.000354s ]
INFO: [ template_filter ] --END-- [ RunTime:0.000423s ]
NOTIC: [8] Undefined index: p C:\xampp\htdocs\aiston\Application\Runtime\Cache\Homen\68c0958da8236402af970fd6e742f3b2.php 第 154 行.
NOTIC: [8] Undefined index: p C:\xampp\htdocs\aiston\Application\Runtime\Cache\Homen\68c0958da8236402af970fd6e742f3b2.php 第 161 行.
NOTIC: [8] Undefined index: p C:\xampp\htdocs\aiston\Application\Runtime\Cache\Homen\68c0958da8236402af970fd6e742f3b2.php 第 161 行.
INFO: Run Behavior\ParseTemplateBehavior [ RunTime:0.023532s ]
INFO: [ view_parse ] --END-- [ RunTime:0.023592s ]
INFO: [ view_filter ] --START--
INFO: Run Behavior\WriteHtmlCacheBehavior [ RunTime:0.001123s ]
INFO: [ view_filter ] --END-- [ RunTime:0.001177s ]
INFO: [ app_end ] --START--
INFO: Run Behavior\ShowPageTraceBehavior [ RunTime:0.002136s ]
INFO: [ app_end ] --END-- [ RunTime:0.002229s ]

[ 2016-03-26T10:11:29+08:00 ] ::1 /index.php/Homen/Index
INFO: [ app_init ] --START--
INFO: Run Behavior\BuildLiteBehavior [ RunTime:0.000026s ]
INFO: [ app_init ] --END-- [ RunTime:0.000690s ]
INFO: [ app_begin ] --START--
INFO: Run Behavior\ReadHtmlCacheBehavior [ RunTime:0.002122s ]
INFO: [ app_begin ] --END-- [ RunTime:0.002259s ]
SQL: SHOW COLUMNS FROM `ast_banneren` [ RunTime:0.0057s ]
SQL: SELECT * FROM `ast_banneren`  [ RunTime:0.0004s ]
SQL: SHOW COLUMNS FROM `ast_linken` [ RunTime:0.0050s ]
SQL: SELECT * FROM `ast_linken`  [ RunTime:0.0005s ]
SQL: SHOW COLUMNS FROM `ast_companyen` [ RunTime:0.0056s ]
SQL: SHOW COLUMNS FROM `ast_articleen` [ RunTime:0.0048s ]
SQL: SHOW COLUMNS FROM `ast_producten` [ RunTime:0.0038s ]
SQL: SHOW COLUMNS FROM `ast_procateen` [ RunTime:0.0037s ]
SQL: SELECT * FROM `ast_procateen` LIMIT 3   [ RunTime:0.0003s ]
SQL: SELECT * FROM `ast_articleen`  [ RunTime:0.0004s ]
SQL: SELECT * FROM `ast_companyen`  [ RunTime:0.0003s ]
SQL: SELECT * FROM `ast_articleen` LIMIT 0,4   [ RunTime:0.0004s ]
INFO: [ view_parse ] --START--
INFO: [ template_filter ] --START--
INFO: Run Behavior\ContentReplaceBehavior [ RunTime:0.000165s ]
INFO: [ template_filter ] --END-- [ RunTime:0.000244s ]
NOTIC: [8] Undefined index: p C:\xampp\htdocs\aiston\Application\Runtime\Cache\Homen\68c0958da8236402af970fd6e742f3b2.php 第 154 行.
NOTIC: [8] Undefined index: p C:\xampp\htdocs\aiston\Application\Runtime\Cache\Homen\68c0958da8236402af970fd6e742f3b2.php 第 161 行.
NOTIC: [8] Undefined index: p C:\xampp\htdocs\aiston\Application\Runtime\Cache\Homen\68c0958da8236402af970fd6e742f3b2.php 第 161 行.
INFO: Run Behavior\ParseTemplateBehavior [ RunTime:0.024086s ]
INFO: [ view_parse ] --END-- [ RunTime:0.024192s ]
INFO: [ view_filter ] --START--
INFO: Run Behavior\WriteHtmlCacheBehavior [ RunTime:0.001092s ]
INFO: [ view_filter ] --END-- [ RunTime:0.001144s ]
INFO: [ app_end ] --START--
INFO: Run Behavior\ShowPageTraceBehavior [ RunTime:0.002431s ]
INFO: [ app_end ] --END-- [ RunTime:0.002567s ]

