[ 2016-04-09T21:50:56+08:00 ] ::1 /index.php/Homen/Index
INFO: [ app_init ] --START--
INFO: Run Behavior\BuildLiteBehavior [ RunTime:0.000016s ]
INFO: [ app_init ] --END-- [ RunTime:0.000476s ]
INFO: [ app_begin ] --START--
INFO: Run Behavior\ReadHtmlCacheBehavior [ RunTime:0.000721s ]
INFO: [ app_begin ] --END-- [ RunTime:0.000799s ]
SQL: SHOW COLUMNS FROM `ast_banneren` [ RunTime:0.0038s ]
SQL: SELECT * FROM `ast_banneren`  [ RunTime:0.0004s ]
SQL: SHOW COLUMNS FROM `ast_linken` [ RunTime:0.0038s ]
SQL: SELECT * FROM `ast_linken`  [ RunTime:0.0003s ]
SQL: SHOW COLUMNS FROM `ast_companyen` [ RunTime:0.0042s ]
SQL: SHOW COLUMNS FROM `ast_articleen` [ RunTime:0.0039s ]
SQL: SHOW COLUMNS FROM `ast_producten` [ RunTime:0.0037s ]
SQL: SHOW COLUMNS FROM `ast_procateen` [ RunTime:0.0054s ]
SQL: SELECT * FROM `ast_procateen` LIMIT 3   [ RunTime:0.0005s ]
SQL: SELECT * FROM `ast_articleen`  [ RunTime:0.0008s ]
SQL: SELECT * FROM `ast_companyen`  [ RunTime:0.0004s ]
SQL: SELECT * FROM `ast_articleen` LIMIT 0,4   [ RunTime:0.0005s ]
INFO: [ view_parse ] --START--
INFO: [ template_filter ] --START--
INFO: Run Behavior\ContentReplaceBehavior [ RunTime:0.000161s ]
INFO: [ template_filter ] --END-- [ RunTime:0.000225s ]
NOTIC: [8] Undefined index: p C:\xampp\htdocs\aiston\Application\Runtime\Cache\Homen\68c0958da8236402af970fd6e742f3b2.php 第 154 行.
NOTIC: [8] Undefined index: p C:\xampp\htdocs\aiston\Application\Runtime\Cache\Homen\68c0958da8236402af970fd6e742f3b2.php 第 161 行.
NOTIC: [8] Undefined index: p C:\xampp\htdocs\aiston\Application\Runtime\Cache\Homen\68c0958da8236402af970fd6e742f3b2.php 第 161 行.
INFO: Run Behavior\ParseTemplateBehavior [ RunTime:0.016282s ]
INFO: [ view_parse ] --END-- [ RunTime:0.016339s ]
INFO: [ view_filter ] --START--
INFO: Run Behavior\WriteHtmlCacheBehavior [ RunTime:0.000840s ]
INFO: [ view_filter ] --END-- [ RunTime:0.000892s ]
INFO: [ app_end ] --START--
INFO: Run Behavior\ShowPageTraceBehavior [ RunTime:0.001361s ]
INFO: [ app_end ] --END-- [ RunTime:0.001431s ]

[ 2016-04-09T21:52:30+08:00 ] ::1 /index.php/Homen/Index
INFO: [ app_init ] --START--
INFO: Run Behavior\BuildLiteBehavior [ RunTime:0.000018s ]
INFO: [ app_init ] --END-- [ RunTime:0.000566s ]
INFO: [ app_begin ] --START--
INFO: Run Behavior\ReadHtmlCacheBehavior [ RunTime:0.000734s ]
INFO: [ app_begin ] --END-- [ RunTime:0.000798s ]
SQL: SHOW COLUMNS FROM `ast_banneren` [ RunTime:0.0038s ]
SQL: SELECT * FROM `ast_banneren`  [ RunTime:0.0004s ]
SQL: SHOW COLUMNS FROM `ast_linken` [ RunTime:0.0035s ]
SQL: SELECT * FROM `ast_linken`  [ RunTime:0.0003s ]
SQL: SHOW COLUMNS FROM `ast_companyen` [ RunTime:0.0037s ]
SQL: SHOW COLUMNS FROM `ast_articleen` [ RunTime:0.0042s ]
SQL: SHOW COLUMNS FROM `ast_producten` [ RunTime:0.0044s ]
SQL: SHOW COLUMNS FROM `ast_procateen` [ RunTime:0.0056s ]
SQL: SELECT * FROM `ast_procateen` LIMIT 3   [ RunTime:0.0006s ]
SQL: SELECT * FROM `ast_articleen`  [ RunTime:0.0005s ]
SQL: SELECT * FROM `ast_companyen`  [ RunTime:0.0004s ]
SQL: SELECT * FROM `ast_articleen` LIMIT 0,4   [ RunTime:0.0005s ]
INFO: [ view_parse ] --START--
INFO: [ template_filter ] --START--
INFO: Run Behavior\ContentReplaceBehavior [ RunTime:0.000155s ]
INFO: [ template_filter ] --END-- [ RunTime:0.000219s ]
NOTIC: [8] Undefined index: p C:\xampp\htdocs\aiston\Application\Runtime\Cache\Homen\68c0958da8236402af970fd6e742f3b2.php 第 154 行.
NOTIC: [8] Undefined index: p C:\xampp\htdocs\aiston\Application\Runtime\Cache\Homen\68c0958da8236402af970fd6e742f3b2.php 第 161 行.
NOTIC: [8] Undefined index: p C:\xampp\htdocs\aiston\Application\Runtime\Cache\Homen\68c0958da8236402af970fd6e742f3b2.php 第 161 行.
INFO: Run Behavior\ParseTemplateBehavior [ RunTime:0.015242s ]
INFO: [ view_parse ] --END-- [ RunTime:0.015346s ]
INFO: [ view_filter ] --START--
INFO: Run Behavior\WriteHtmlCacheBehavior [ RunTime:0.000837s ]
INFO: [ view_filter ] --END-- [ RunTime:0.000888s ]
INFO: [ app_end ] --START--
INFO: Run Behavior\ShowPageTraceBehavior [ RunTime:0.001898s ]
INFO: [ app_end ] --END-- [ RunTime:0.002011s ]

[ 2016-04-09T21:52:39+08:00 ] ::1 /index.php/Homen/Index
INFO: [ app_init ] --START--
INFO: Run Behavior\BuildLiteBehavior [ RunTime:0.000017s ]
INFO: [ app_init ] --END-- [ RunTime:0.000567s ]
INFO: [ app_begin ] --START--
INFO: Run Behavior\ReadHtmlCacheBehavior [ RunTime:0.001226s ]
INFO: [ app_begin ] --END-- [ RunTime:0.001305s ]
SQL: SHOW COLUMNS FROM `ast_banneren` [ RunTime:0.0042s ]
SQL: SELECT * FROM `ast_banneren`  [ RunTime:0.0004s ]
SQL: SHOW COLUMNS FROM `ast_linken` [ RunTime:0.0035s ]
SQL: SELECT * FROM `ast_linken`  [ RunTime:0.0003s ]
SQL: SHOW COLUMNS FROM `ast_companyen` [ RunTime:0.0036s ]
SQL: SHOW COLUMNS FROM `ast_articleen` [ RunTime:0.0039s ]
SQL: SHOW COLUMNS FROM `ast_producten` [ RunTime:0.0048s ]
SQL: SHOW COLUMNS FROM `ast_procateen` [ RunTime:0.0039s ]
SQL: SELECT * FROM `ast_procateen` LIMIT 3   [ RunTime:0.0003s ]
SQL: SELECT * FROM `ast_articleen`  [ RunTime:0.0004s ]
SQL: SELECT * FROM `ast_companyen`  [ RunTime:0.0002s ]
SQL: SELECT * FROM `ast_articleen` LIMIT 0,4   [ RunTime:0.0003s ]
INFO: [ view_parse ] --START--
INFO: [ template_filter ] --START--
INFO: Run Behavior\ContentReplaceBehavior [ RunTime:0.000157s ]
INFO: [ template_filter ] --END-- [ RunTime:0.000219s ]
NOTIC: [8] Undefined index: p C:\xampp\htdocs\aiston\Application\Runtime\Cache\Homen\68c0958da8236402af970fd6e742f3b2.php 第 154 行.
NOTIC: [8] Undefined index: p C:\xampp\htdocs\aiston\Application\Runtime\Cache\Homen\68c0958da8236402af970fd6e742f3b2.php 第 161 行.
NOTIC: [8] Undefined index: p C:\xampp\htdocs\aiston\Application\Runtime\Cache\Homen\68c0958da8236402af970fd6e742f3b2.php 第 161 行.
INFO: Run Behavior\ParseTemplateBehavior [ RunTime:0.017569s ]
INFO: [ view_parse ] --END-- [ RunTime:0.017633s ]
INFO: [ view_filter ] --START--
INFO: Run Behavior\WriteHtmlCacheBehavior [ RunTime:0.001318s ]
INFO: [ view_filter ] --END-- [ RunTime:0.001381s ]
INFO: [ app_end ] --START--
INFO: Run Behavior\ShowPageTraceBehavior [ RunTime:0.002419s ]
INFO: [ app_end ] --END-- [ RunTime:0.002518s ]

