[ 2016-05-04T10:28:29+08:00 ] ::1 /index.php/Home1/Index
INFO: [ app_init ] --START--
INFO: Run Behavior\BuildLiteBehavior [ RunTime:0.000048s ]
INFO: [ app_init ] --END-- [ RunTime:0.000911s ]
INFO: [ app_begin ] --START--
INFO: Run Behavior\ReadHtmlCacheBehavior [ RunTime:0.000870s ]
INFO: [ app_begin ] --END-- [ RunTime:0.000961s ]
SQL: SHOW COLUMNS FROM `ast_banner1` [ RunTime:0.0120s ]
SQL: SELECT * FROM `ast_banner1`  [ RunTime:0.0004s ]
SQL: SHOW COLUMNS FROM `ast_link1` [ RunTime:0.0090s ]
SQL: SELECT * FROM `ast_link1`  [ RunTime:0.0007s ]
SQL: SHOW COLUMNS FROM `ast_company1` [ RunTime:0.0214s ]
SQL: SHOW COLUMNS FROM `ast_article1` [ RunTime:0.0093s ]
SQL: SHOW COLUMNS FROM `ast_product1` [ RunTime:0.0078s ]
SQL: SHOW COLUMNS FROM `ast_procate1` [ RunTime:0.0065s ]
SQL: SELECT * FROM `ast_procate1`  [ RunTime:0.0009s ]
SQL: SELECT * FROM `ast_article1` WHERE `art_cateid` = 4 LIMIT 5   [ RunTime:0.0010s ]
SQL: SELECT * FROM `ast_article1` WHERE `art_cateid` = 5 LIMIT 3   [ RunTime:0.0004s ]
SQL: SELECT * FROM `ast_article1` ORDER BY art_addtime desc LIMIT 2,3   [ RunTime:0.0013s ]
SQL: SELECT * FROM `ast_article1` ORDER BY art_addtime desc LIMIT 1   [ RunTime:0.0008s ]
SQL: SELECT * FROM `ast_product1`  [ RunTime:0.0013s ]
SQL: SELECT * FROM `ast_company1`  [ RunTime:0.0007s ]
INFO: [ view_parse ] --START--
INFO: [ template_filter ] --START--
INFO: Run Behavior\ContentReplaceBehavior [ RunTime:0.000129s ]
INFO: [ template_filter ] --END-- [ RunTime:0.000195s ]
INFO: Run Behavior\ParseTemplateBehavior [ RunTime:0.020859s ]
INFO: [ view_parse ] --END-- [ RunTime:0.020948s ]
INFO: [ view_filter ] --START--
INFO: Run Behavior\WriteHtmlCacheBehavior [ RunTime:0.000522s ]
INFO: [ view_filter ] --END-- [ RunTime:0.000583s ]
INFO: [ app_end ] --START--
INFO: Run Behavior\ShowPageTraceBehavior [ RunTime:0.001776s ]
INFO: [ app_end ] --END-- [ RunTime:0.001904s ]

[ 2016-05-04T10:28:55+08:00 ] ::1 /index.php/Home1/Index
INFO: [ app_init ] --START--
INFO: Run Behavior\BuildLiteBehavior [ RunTime:0.000027s ]
INFO: [ app_init ] --END-- [ RunTime:0.000822s ]
INFO: [ app_begin ] --START--
INFO: Run Behavior\ReadHtmlCacheBehavior [ RunTime:0.000894s ]
INFO: [ app_begin ] --END-- [ RunTime:0.000989s ]
SQL: SHOW COLUMNS FROM `ast_banner1` [ RunTime:0.0053s ]
SQL: SELECT * FROM `ast_banner1`  [ RunTime:0.0009s ]
SQL: SHOW COLUMNS FROM `ast_link1` [ RunTime:0.0038s ]
SQL: SELECT * FROM `ast_link1`  [ RunTime:0.0003s ]
SQL: SHOW COLUMNS FROM `ast_company1` [ RunTime:0.0049s ]
SQL: SHOW COLUMNS FROM `ast_article1` [ RunTime:0.0064s ]
SQL: SHOW COLUMNS FROM `ast_product1` [ RunTime:0.0060s ]
SQL: SHOW COLUMNS FROM `ast_procate1` [ RunTime:0.0055s ]
SQL: SELECT * FROM `ast_procate1`  [ RunTime:0.0004s ]
SQL: SELECT * FROM `ast_article1` WHERE `art_cateid` = 4 LIMIT 5   [ RunTime:0.0007s ]
SQL: SELECT * FROM `ast_article1` WHERE `art_cateid` = 5 LIMIT 3   [ RunTime:0.0006s ]
SQL: SELECT * FROM `ast_article1` ORDER BY art_addtime desc LIMIT 2,3   [ RunTime:0.0008s ]
SQL: SELECT * FROM `ast_article1` ORDER BY art_addtime desc LIMIT 1   [ RunTime:0.0007s ]
SQL: SELECT * FROM `ast_product1`  [ RunTime:0.0005s ]
SQL: SELECT * FROM `ast_company1`  [ RunTime:0.0003s ]
INFO: [ view_parse ] --START--
INFO: [ template_filter ] --START--
INFO: Run Behavior\ContentReplaceBehavior [ RunTime:0.000204s ]
INFO: [ template_filter ] --END-- [ RunTime:0.000362s ]
INFO: Run Behavior\ParseTemplateBehavior [ RunTime:0.018712s ]
INFO: [ view_parse ] --END-- [ RunTime:0.018792s ]
INFO: [ view_filter ] --START--
INFO: Run Behavior\WriteHtmlCacheBehavior [ RunTime:0.000542s ]
INFO: [ view_filter ] --END-- [ RunTime:0.000592s ]
INFO: [ app_end ] --START--
INFO: Run Behavior\ShowPageTraceBehavior [ RunTime:0.001192s ]
INFO: [ app_end ] --END-- [ RunTime:0.001286s ]

[ 2016-05-04T10:32:31+08:00 ] ::1 /index.php/Home1/Index
INFO: [ app_init ] --START--
INFO: Run Behavior\BuildLiteBehavior [ RunTime:0.000025s ]
INFO: [ app_init ] --END-- [ RunTime:0.000486s ]
INFO: [ app_begin ] --START--
INFO: Run Behavior\ReadHtmlCacheBehavior [ RunTime:0.001289s ]
INFO: [ app_begin ] --END-- [ RunTime:0.001467s ]
SQL: SHOW COLUMNS FROM `ast_banner1` [ RunTime:0.0050s ]
SQL: SELECT * FROM `ast_banner1`  [ RunTime:0.0004s ]
SQL: SHOW COLUMNS FROM `ast_link1` [ RunTime:0.0041s ]
SQL: SELECT * FROM `ast_link1`  [ RunTime:0.0003s ]
SQL: SHOW COLUMNS FROM `ast_company1` [ RunTime:0.0057s ]
SQL: SHOW COLUMNS FROM `ast_article1` [ RunTime:0.0051s ]
SQL: SHOW COLUMNS FROM `ast_product1` [ RunTime:0.0042s ]
SQL: SHOW COLUMNS FROM `ast_procate1` [ RunTime:0.0057s ]
SQL: SELECT * FROM `ast_procate1`  [ RunTime:0.0004s ]
SQL: SELECT * FROM `ast_article1` WHERE `art_cateid` = 4 LIMIT 5   [ RunTime:0.0005s ]
SQL: SELECT * FROM `ast_article1` WHERE `art_cateid` = 5 LIMIT 3   [ RunTime:0.0007s ]
SQL: SELECT * FROM `ast_article1` ORDER BY art_addtime desc LIMIT 2,3   [ RunTime:0.0008s ]
SQL: SELECT * FROM `ast_article1` ORDER BY art_addtime desc LIMIT 1   [ RunTime:0.0004s ]
SQL: SELECT * FROM `ast_product1`  [ RunTime:0.0005s ]
SQL: SELECT * FROM `ast_company1`  [ RunTime:0.0002s ]
INFO: [ view_parse ] --START--
INFO: [ template_filter ] --START--
INFO: Run Behavior\ContentReplaceBehavior [ RunTime:0.000209s ]
INFO: [ template_filter ] --END-- [ RunTime:0.000321s ]
INFO: Run Behavior\ParseTemplateBehavior [ RunTime:0.020659s ]
INFO: [ view_parse ] --END-- [ RunTime:0.020740s ]
INFO: [ view_filter ] --START--
INFO: Run Behavior\WriteHtmlCacheBehavior [ RunTime:0.000689s ]
INFO: [ view_filter ] --END-- [ RunTime:0.000740s ]
INFO: [ app_end ] --START--
INFO: Run Behavior\ShowPageTraceBehavior [ RunTime:0.001536s ]
INFO: [ app_end ] --END-- [ RunTime:0.001624s ]

[ 2016-05-04T10:55:09+08:00 ] ::1 /index.php/Home1/product/index
INFO: [ app_init ] --START--
INFO: Run Behavior\BuildLiteBehavior [ RunTime:0.000015s ]
INFO: [ app_init ] --END-- [ RunTime:0.000548s ]
INFO: [ app_begin ] --START--
INFO: Run Behavior\ReadHtmlCacheBehavior [ RunTime:0.000745s ]
INFO: [ app_begin ] --END-- [ RunTime:0.000807s ]
SQL: SHOW COLUMNS FROM `ast_banner1` [ RunTime:0.0047s ]
SQL: SELECT * FROM `ast_banner1`  [ RunTime:0.0009s ]
SQL: SHOW COLUMNS FROM `ast_link1` [ RunTime:0.0055s ]
SQL: SELECT * FROM `ast_link1`  [ RunTime:0.0007s ]
SQL: SHOW COLUMNS FROM `ast_procate1` [ RunTime:0.0040s ]
SQL: SELECT * FROM `ast_procate1`  [ RunTime:0.0003s ]
SQL: SHOW COLUMNS FROM `ast_product1` [ RunTime:0.0052s ]
NOTIC: [8] Undefined index: id C:\xampp\htdocs\aiston\Application\Home1\Controller\ProductController.class.php 第 25 行.
SQL: SELECT * FROM `ast_product1`  [ RunTime:0.0006s ]
SQL: SELECT * FROM `ast_product1` LIMIT 0,5   [ RunTime:0.0009s ]
NOTIC: [8] Undefined variable: catename C:\xampp\htdocs\aiston\Application\Home1\Controller\ProductController.class.php 第 48 行.
INFO: [ view_parse ] --START--
INFO: [ template_filter ] --START--
INFO: Run Behavior\ContentReplaceBehavior [ RunTime:0.000134s ]
INFO: [ template_filter ] --END-- [ RunTime:0.000243s ]
NOTIC: [8] Undefined variable: pro C:\xampp\htdocs\aiston\Application\Runtime\Cache\Home1\4d238cce37f2a9dc0ca93d1f28786684.php 第 74 行.
NOTIC: [8] Undefined variable: pro C:\xampp\htdocs\aiston\Application\Runtime\Cache\Home1\4d238cce37f2a9dc0ca93d1f28786684.php 第 74 行.
NOTIC: [8] Undefined variable: pro C:\xampp\htdocs\aiston\Application\Runtime\Cache\Home1\4d238cce37f2a9dc0ca93d1f28786684.php 第 74 行.
NOTIC: [8] Undefined variable: pro C:\xampp\htdocs\aiston\Application\Runtime\Cache\Home1\4d238cce37f2a9dc0ca93d1f28786684.php 第 74 行.
NOTIC: [8] Undefined variable: pro C:\xampp\htdocs\aiston\Application\Runtime\Cache\Home1\4d238cce37f2a9dc0ca93d1f28786684.php 第 74 行.
NOTIC: [8] Undefined index: p C:\xampp\htdocs\aiston\Application\Runtime\Cache\Home1\4d238cce37f2a9dc0ca93d1f28786684.php 第 83 行.
NOTIC: [8] Undefined index: p C:\xampp\htdocs\aiston\Application\Runtime\Cache\Home1\4d238cce37f2a9dc0ca93d1f28786684.php 第 88 行.
NOTIC: [8] Undefined index: p C:\xampp\htdocs\aiston\Application\Runtime\Cache\Home1\4d238cce37f2a9dc0ca93d1f28786684.php 第 88 行.
INFO: Run Behavior\ParseTemplateBehavior [ RunTime:0.017045s ]
INFO: [ view_parse ] --END-- [ RunTime:0.017120s ]
INFO: [ view_filter ] --START--
INFO: Run Behavior\WriteHtmlCacheBehavior [ RunTime:0.000505s ]
INFO: [ view_filter ] --END-- [ RunTime:0.000557s ]
INFO: [ app_end ] --START--
INFO: Run Behavior\ShowPageTraceBehavior [ RunTime:0.000746s ]
INFO: [ app_end ] --END-- [ RunTime:0.000801s ]

[ 2016-05-04T10:55:15+08:00 ] ::1 /index.php/Home1/Walkto/index
INFO: [ app_init ] --START--
INFO: Run Behavior\BuildLiteBehavior [ RunTime:0.000016s ]
INFO: [ app_init ] --END-- [ RunTime:0.000464s ]
INFO: [ app_begin ] --START--
INFO: Run Behavior\ReadHtmlCacheBehavior [ RunTime:0.000726s ]
INFO: [ app_begin ] --END-- [ RunTime:0.000788s ]
SQL: SHOW COLUMNS FROM `ast_banner1` [ RunTime:0.0045s ]
SQL: SELECT * FROM `ast_banner1`  [ RunTime:0.0004s ]
SQL: SHOW COLUMNS FROM `ast_link1` [ RunTime:0.0043s ]
SQL: SELECT * FROM `ast_link1`  [ RunTime:0.0003s ]
SQL: SHOW COLUMNS FROM `ast_about1` [ RunTime:0.0195s ]
SQL: SELECT * FROM `ast_about1`  [ RunTime:0.0003s ]
SQL: SELECT * FROM `ast_about1` WHERE `ast_aid` = 1  [ RunTime:0.0002s ]
INFO: [ view_parse ] --START--
INFO: [ template_filter ] --START--
INFO: Run Behavior\ContentReplaceBehavior [ RunTime:0.000107s ]
INFO: [ template_filter ] --END-- [ RunTime:0.000188s ]
NOTIC: [8] Undefined index: link_url C:\xampp\htdocs\aiston\Application\Runtime\Cache\Home1\e98f8ccb00cf07d813b541ccc7aa59ec.php 第 63 行.
INFO: Run Behavior\ParseTemplateBehavior [ RunTime:0.011431s ]
INFO: [ view_parse ] --END-- [ RunTime:0.011510s ]
INFO: [ view_filter ] --START--
INFO: Run Behavior\WriteHtmlCacheBehavior [ RunTime:0.000503s ]
INFO: [ view_filter ] --END-- [ RunTime:0.000553s ]
INFO: [ app_end ] --START--
INFO: Run Behavior\ShowPageTraceBehavior [ RunTime:0.000741s ]
INFO: [ app_end ] --END-- [ RunTime:0.000793s ]

[ 2016-05-04T10:55:18+08:00 ] ::1 /index.php/Home1/product/index
INFO: [ app_init ] --START--
INFO: Run Behavior\BuildLiteBehavior [ RunTime:0.000015s ]
INFO: [ app_init ] --END-- [ RunTime:0.000460s ]
INFO: [ app_begin ] --START--
INFO: Run Behavior\ReadHtmlCacheBehavior [ RunTime:0.000869s ]
INFO: [ app_begin ] --END-- [ RunTime:0.000949s ]
SQL: SHOW COLUMNS FROM `ast_banner1` [ RunTime:0.0043s ]
SQL: SELECT * FROM `ast_banner1`  [ RunTime:0.0004s ]
SQL: SHOW COLUMNS FROM `ast_link1` [ RunTime:0.0037s ]
SQL: SELECT * FROM `ast_link1`  [ RunTime:0.0002s ]
SQL: SHOW COLUMNS FROM `ast_procate1` [ RunTime:0.0038s ]
SQL: SELECT * FROM `ast_procate1`  [ RunTime:0.0003s ]
SQL: SHOW COLUMNS FROM `ast_product1` [ RunTime:0.0039s ]
NOTIC: [8] Undefined index: id C:\xampp\htdocs\aiston\Application\Home1\Controller\ProductController.class.php 第 25 行.
SQL: SELECT * FROM `ast_product1`  [ RunTime:0.0005s ]
SQL: SELECT * FROM `ast_product1` LIMIT 0,5   [ RunTime:0.0004s ]
NOTIC: [8] Undefined variable: catename C:\xampp\htdocs\aiston\Application\Home1\Controller\ProductController.class.php 第 48 行.
INFO: [ view_parse ] --START--
INFO: [ template_filter ] --START--
INFO: Run Behavior\ContentReplaceBehavior [ RunTime:0.000104s ]
INFO: [ template_filter ] --END-- [ RunTime:0.000167s ]
NOTIC: [8] Undefined variable: pro C:\xampp\htdocs\aiston\Application\Runtime\Cache\Home1\4d238cce37f2a9dc0ca93d1f28786684.php 第 74 行.
NOTIC: [8] Undefined variable: pro C:\xampp\htdocs\aiston\Application\Runtime\Cache\Home1\4d238cce37f2a9dc0ca93d1f28786684.php 第 74 行.
NOTIC: [8] Undefined variable: pro C:\xampp\htdocs\aiston\Application\Runtime\Cache\Home1\4d238cce37f2a9dc0ca93d1f28786684.php 第 74 行.
NOTIC: [8] Undefined variable: pro C:\xampp\htdocs\aiston\Application\Runtime\Cache\Home1\4d238cce37f2a9dc0ca93d1f28786684.php 第 74 行.
NOTIC: [8] Undefined variable: pro C:\xampp\htdocs\aiston\Application\Runtime\Cache\Home1\4d238cce37f2a9dc0ca93d1f28786684.php 第 74 行.
NOTIC: [8] Undefined index: p C:\xampp\htdocs\aiston\Application\Runtime\Cache\Home1\4d238cce37f2a9dc0ca93d1f28786684.php 第 83 行.
NOTIC: [8] Undefined index: p C:\xampp\htdocs\aiston\Application\Runtime\Cache\Home1\4d238cce37f2a9dc0ca93d1f28786684.php 第 88 行.
NOTIC: [8] Undefined index: p C:\xampp\htdocs\aiston\Application\Runtime\Cache\Home1\4d238cce37f2a9dc0ca93d1f28786684.php 第 88 行.
INFO: Run Behavior\ParseTemplateBehavior [ RunTime:0.013972s ]
INFO: [ view_parse ] --END-- [ RunTime:0.014035s ]
INFO: [ view_filter ] --START--
INFO: Run Behavior\WriteHtmlCacheBehavior [ RunTime:0.000562s ]
INFO: [ view_filter ] --END-- [ RunTime:0.000630s ]
INFO: [ app_end ] --START--
INFO: Run Behavior\ShowPageTraceBehavior [ RunTime:0.001031s ]
INFO: [ app_end ] --END-- [ RunTime:0.001100s ]

[ 2016-05-04T10:55:21+08:00 ] ::1 /index.php/Home1/product/index
INFO: [ app_init ] --START--
INFO: Run Behavior\BuildLiteBehavior [ RunTime:0.000018s ]
INFO: [ app_init ] --END-- [ RunTime:0.000483s ]
INFO: [ app_begin ] --START--
INFO: Run Behavior\ReadHtmlCacheBehavior [ RunTime:0.000736s ]
INFO: [ app_begin ] --END-- [ RunTime:0.000799s ]
SQL: SHOW COLUMNS FROM `ast_banner1` [ RunTime:0.0044s ]
SQL: SELECT * FROM `ast_banner1`  [ RunTime:0.0004s ]
SQL: SHOW COLUMNS FROM `ast_link1` [ RunTime:0.0041s ]
SQL: SELECT * FROM `ast_link1`  [ RunTime:0.0004s ]
SQL: SHOW COLUMNS FROM `ast_procate1` [ RunTime:0.0044s ]
SQL: SELECT * FROM `ast_procate1`  [ RunTime:0.0004s ]
SQL: SHOW COLUMNS FROM `ast_product1` [ RunTime:0.0047s ]
NOTIC: [8] Undefined index: id C:\xampp\htdocs\aiston\Application\Home1\Controller\ProductController.class.php 第 25 行.
SQL: SELECT * FROM `ast_product1`  [ RunTime:0.0005s ]
SQL: SELECT * FROM `ast_product1` LIMIT 0,5   [ RunTime:0.0004s ]
NOTIC: [8] Undefined variable: catename C:\xampp\htdocs\aiston\Application\Home1\Controller\ProductController.class.php 第 48 行.
INFO: [ view_parse ] --START--
INFO: [ template_filter ] --START--
INFO: Run Behavior\ContentReplaceBehavior [ RunTime:0.000106s ]
INFO: [ template_filter ] --END-- [ RunTime:0.000170s ]
NOTIC: [8] Undefined variable: pro C:\xampp\htdocs\aiston\Application\Runtime\Cache\Home1\4d238cce37f2a9dc0ca93d1f28786684.php 第 74 行.
NOTIC: [8] Undefined variable: pro C:\xampp\htdocs\aiston\Application\Runtime\Cache\Home1\4d238cce37f2a9dc0ca93d1f28786684.php 第 74 行.
NOTIC: [8] Undefined variable: pro C:\xampp\htdocs\aiston\Application\Runtime\Cache\Home1\4d238cce37f2a9dc0ca93d1f28786684.php 第 74 行.
NOTIC: [8] Undefined variable: pro C:\xampp\htdocs\aiston\Application\Runtime\Cache\Home1\4d238cce37f2a9dc0ca93d1f28786684.php 第 74 行.
NOTIC: [8] Undefined variable: pro C:\xampp\htdocs\aiston\Application\Runtime\Cache\Home1\4d238cce37f2a9dc0ca93d1f28786684.php 第 74 行.
NOTIC: [8] Undefined index: p C:\xampp\htdocs\aiston\Application\Runtime\Cache\Home1\4d238cce37f2a9dc0ca93d1f28786684.php 第 83 行.
NOTIC: [8] Undefined index: p C:\xampp\htdocs\aiston\Application\Runtime\Cache\Home1\4d238cce37f2a9dc0ca93d1f28786684.php 第 88 行.
NOTIC: [8] Undefined index: p C:\xampp\htdocs\aiston\Application\Runtime\Cache\Home1\4d238cce37f2a9dc0ca93d1f28786684.php 第 88 行.
INFO: Run Behavior\ParseTemplateBehavior [ RunTime:0.014940s ]
INFO: [ view_parse ] --END-- [ RunTime:0.015003s ]
INFO: [ view_filter ] --START--
INFO: Run Behavior\WriteHtmlCacheBehavior [ RunTime:0.000506s ]
INFO: [ view_filter ] --END-- [ RunTime:0.000559s ]
INFO: [ app_end ] --START--
INFO: Run Behavior\ShowPageTraceBehavior [ RunTime:0.000722s ]
INFO: [ app_end ] --END-- [ RunTime:0.000774s ]

[ 2016-05-04T10:55:24+08:00 ] ::1 /index.php/Home1/Index/index
INFO: [ app_init ] --START--
INFO: Run Behavior\BuildLiteBehavior [ RunTime:0.000018s ]
INFO: [ app_init ] --END-- [ RunTime:0.000490s ]
INFO: [ app_begin ] --START--
INFO: Run Behavior\ReadHtmlCacheBehavior [ RunTime:0.000743s ]
INFO: [ app_begin ] --END-- [ RunTime:0.000804s ]
SQL: SHOW COLUMNS FROM `ast_banner1` [ RunTime:0.0041s ]
SQL: SELECT * FROM `ast_banner1`  [ RunTime:0.0004s ]
SQL: SHOW COLUMNS FROM `ast_link1` [ RunTime:0.0042s ]
SQL: SELECT * FROM `ast_link1`  [ RunTime:0.0003s ]
SQL: SHOW COLUMNS FROM `ast_company1` [ RunTime:0.0064s ]
SQL: SHOW COLUMNS FROM `ast_article1` [ RunTime:0.0041s ]
SQL: SHOW COLUMNS FROM `ast_product1` [ RunTime:0.0052s ]
SQL: SHOW COLUMNS FROM `ast_procate1` [ RunTime:0.0053s ]
SQL: SELECT * FROM `ast_procate1`  [ RunTime:0.0004s ]
SQL: SELECT * FROM `ast_article1` WHERE `art_cateid` = 4 LIMIT 5   [ RunTime:0.0004s ]
SQL: SELECT * FROM `ast_article1` WHERE `art_cateid` = 5 LIMIT 3   [ RunTime:0.0003s ]
SQL: SELECT * FROM `ast_article1` ORDER BY art_addtime desc LIMIT 2,3   [ RunTime:0.0010s ]
SQL: SELECT * FROM `ast_article1` ORDER BY art_addtime desc LIMIT 1   [ RunTime:0.0006s ]
SQL: SELECT * FROM `ast_product1`  [ RunTime:0.0004s ]
SQL: SELECT * FROM `ast_company1`  [ RunTime:0.0003s ]
INFO: [ view_parse ] --START--
INFO: [ template_filter ] --START--
INFO: Run Behavior\ContentReplaceBehavior [ RunTime:0.000128s ]
INFO: [ template_filter ] --END-- [ RunTime:0.000190s ]
INFO: Run Behavior\ParseTemplateBehavior [ RunTime:0.015752s ]
INFO: [ view_parse ] --END-- [ RunTime:0.015836s ]
INFO: [ view_filter ] --START--
INFO: Run Behavior\WriteHtmlCacheBehavior [ RunTime:0.000508s ]
INFO: [ view_filter ] --END-- [ RunTime:0.000559s ]
INFO: [ app_end ] --START--
INFO: Run Behavior\ShowPageTraceBehavior [ RunTime:0.001257s ]
INFO: [ app_end ] --END-- [ RunTime:0.001360s ]

[ 2016-05-04T10:57:30+08:00 ] ::1 /index.php/Home1/Walkto/index
INFO: [ app_init ] --START--
INFO: Run Behavior\BuildLiteBehavior [ RunTime:0.000017s ]
INFO: [ app_init ] --END-- [ RunTime:0.000600s ]
INFO: [ app_begin ] --START--
INFO: Run Behavior\ReadHtmlCacheBehavior [ RunTime:0.001598s ]
INFO: [ app_begin ] --END-- [ RunTime:0.001750s ]
SQL: SHOW COLUMNS FROM `ast_banner1` [ RunTime:0.0039s ]
SQL: SELECT * FROM `ast_banner1`  [ RunTime:0.0004s ]
SQL: SHOW COLUMNS FROM `ast_link1` [ RunTime:0.0041s ]
SQL: SELECT * FROM `ast_link1`  [ RunTime:0.0003s ]
SQL: SHOW COLUMNS FROM `ast_about1` [ RunTime:0.0042s ]
SQL: SELECT * FROM `ast_about1`  [ RunTime:0.0004s ]
SQL: SELECT * FROM `ast_about1` WHERE `ast_aid` = 1  [ RunTime:0.0003s ]
INFO: [ view_parse ] --START--
INFO: [ template_filter ] --START--
INFO: Run Behavior\ContentReplaceBehavior [ RunTime:0.000105s ]
INFO: [ template_filter ] --END-- [ RunTime:0.000194s ]
NOTIC: [8] Undefined index: link_url C:\xampp\htdocs\aiston\Application\Runtime\Cache\Home1\e98f8ccb00cf07d813b541ccc7aa59ec.php 第 63 行.
INFO: Run Behavior\ParseTemplateBehavior [ RunTime:0.013448s ]
INFO: [ view_parse ] --END-- [ RunTime:0.013541s ]
INFO: [ view_filter ] --START--
INFO: Run Behavior\WriteHtmlCacheBehavior [ RunTime:0.000678s ]
INFO: [ view_filter ] --END-- [ RunTime:0.000730s ]
INFO: [ app_end ] --START--
INFO: Run Behavior\ShowPageTraceBehavior [ RunTime:0.000933s ]
INFO: [ app_end ] --END-- [ RunTime:0.000998s ]

[ 2016-05-04T10:57:31+08:00 ] ::1 /index.php/Home1/product/index
INFO: [ app_init ] --START--
INFO: Run Behavior\BuildLiteBehavior [ RunTime:0.000017s ]
INFO: [ app_init ] --END-- [ RunTime:0.000469s ]
INFO: [ app_begin ] --START--
INFO: Run Behavior\ReadHtmlCacheBehavior [ RunTime:0.000865s ]
INFO: [ app_begin ] --END-- [ RunTime:0.000986s ]
SQL: SHOW COLUMNS FROM `ast_banner1` [ RunTime:0.0046s ]
SQL: SELECT * FROM `ast_banner1`  [ RunTime:0.0004s ]
SQL: SHOW COLUMNS FROM `ast_link1` [ RunTime:0.0042s ]
SQL: SELECT * FROM `ast_link1`  [ RunTime:0.0004s ]
SQL: SHOW COLUMNS FROM `ast_procate1` [ RunTime:0.0041s ]
SQL: SELECT * FROM `ast_procate1`  [ RunTime:0.0003s ]
SQL: SHOW COLUMNS FROM `ast_product1` [ RunTime:0.0040s ]
NOTIC: [8] Undefined index: id C:\xampp\htdocs\aiston\Application\Home1\Controller\ProductController.class.php 第 25 行.
SQL: SELECT * FROM `ast_product1`  [ RunTime:0.0005s ]
SQL: SELECT * FROM `ast_product1` LIMIT 0,5   [ RunTime:0.0004s ]
NOTIC: [8] Undefined variable: catename C:\xampp\htdocs\aiston\Application\Home1\Controller\ProductController.class.php 第 48 行.
INFO: [ view_parse ] --START--
INFO: [ template_filter ] --START--
INFO: Run Behavior\ContentReplaceBehavior [ RunTime:0.000157s ]
INFO: [ template_filter ] --END-- [ RunTime:0.000261s ]
NOTIC: [8] Undefined variable: pro C:\xampp\htdocs\aiston\Application\Runtime\Cache\Home1\4d238cce37f2a9dc0ca93d1f28786684.php 第 74 行.
NOTIC: [8] Undefined variable: pro C:\xampp\htdocs\aiston\Application\Runtime\Cache\Home1\4d238cce37f2a9dc0ca93d1f28786684.php 第 74 行.
NOTIC: [8] Undefined variable: pro C:\xampp\htdocs\aiston\Application\Runtime\Cache\Home1\4d238cce37f2a9dc0ca93d1f28786684.php 第 74 行.
NOTIC: [8] Undefined variable: pro C:\xampp\htdocs\aiston\Application\Runtime\Cache\Home1\4d238cce37f2a9dc0ca93d1f28786684.php 第 74 行.
NOTIC: [8] Undefined variable: pro C:\xampp\htdocs\aiston\Application\Runtime\Cache\Home1\4d238cce37f2a9dc0ca93d1f28786684.php 第 74 行.
NOTIC: [8] Undefined index: p C:\xampp\htdocs\aiston\Application\Runtime\Cache\Home1\4d238cce37f2a9dc0ca93d1f28786684.php 第 83 行.
NOTIC: [8] Undefined index: p C:\xampp\htdocs\aiston\Application\Runtime\Cache\Home1\4d238cce37f2a9dc0ca93d1f28786684.php 第 88 行.
NOTIC: [8] Undefined index: p C:\xampp\htdocs\aiston\Application\Runtime\Cache\Home1\4d238cce37f2a9dc0ca93d1f28786684.php 第 88 行.
INFO: Run Behavior\ParseTemplateBehavior [ RunTime:0.017325s ]
INFO: [ view_parse ] --END-- [ RunTime:0.017385s ]
INFO: [ view_filter ] --START--
INFO: Run Behavior\WriteHtmlCacheBehavior [ RunTime:0.000500s ]
INFO: [ view_filter ] --END-- [ RunTime:0.000552s ]
INFO: [ app_end ] --START--
INFO: Run Behavior\ShowPageTraceBehavior [ RunTime:0.001025s ]
INFO: [ app_end ] --END-- [ RunTime:0.001104s ]

[ 2016-05-04T10:57:32+08:00 ] ::1 /index.php/Home1/News/index
INFO: [ app_init ] --START--
INFO: Run Behavior\BuildLiteBehavior [ RunTime:0.000019s ]
INFO: [ app_init ] --END-- [ RunTime:0.000563s ]
INFO: [ app_begin ] --START--
INFO: Run Behavior\ReadHtmlCacheBehavior [ RunTime:0.000839s ]
INFO: [ app_begin ] --END-- [ RunTime:0.000905s ]
SQL: SHOW COLUMNS FROM `ast_banner1` [ RunTime:0.0045s ]
SQL: SELECT * FROM `ast_banner1`  [ RunTime:0.0004s ]
SQL: SHOW COLUMNS FROM `ast_link1` [ RunTime:0.0039s ]
SQL: SELECT * FROM `ast_link1`  [ RunTime:0.0003s ]
SQL: SHOW COLUMNS FROM `ast_article1` [ RunTime:0.0047s ]
SQL: SELECT * FROM `ast_article1`  [ RunTime:0.0005s ]
SQL: SHOW COLUMNS FROM `ast_artcate1` [ RunTime:0.0061s ]
SQL: SELECT * FROM `ast_artcate1`  [ RunTime:0.0004s ]
NOTIC: [8] Undefined index: id C:\xampp\htdocs\aiston\Application\Home1\Controller\NewsController.class.php 第 29 行.
SQL: SELECT * FROM `ast_article1` LIMIT 0,5   [ RunTime:0.0004s ]
NOTIC: [8] Undefined variable: catename C:\xampp\htdocs\aiston\Application\Home1\Controller\NewsController.class.php 第 39 行.
INFO: [ view_parse ] --START--
INFO: [ template_filter ] --START--
INFO: Run Behavior\ContentReplaceBehavior [ RunTime:0.000106s ]
INFO: [ template_filter ] --END-- [ RunTime:0.000172s ]
NOTIC: [8] Undefined index: p C:\xampp\htdocs\aiston\Application\Runtime\Cache\Home1\89e9039c3c14056c236f10ac10792c6c.php 第 80 行.
NOTIC: [8] Undefined index: p C:\xampp\htdocs\aiston\Application\Runtime\Cache\Home1\89e9039c3c14056c236f10ac10792c6c.php 第 87 行.
NOTIC: [8] Undefined index: p C:\xampp\htdocs\aiston\Application\Runtime\Cache\Home1\89e9039c3c14056c236f10ac10792c6c.php 第 87 行.
INFO: Run Behavior\ParseTemplateBehavior [ RunTime:0.013915s ]
INFO: [ view_parse ] --END-- [ RunTime:0.013975s ]
INFO: [ view_filter ] --START--
INFO: Run Behavior\WriteHtmlCacheBehavior [ RunTime:0.000515s ]
INFO: [ view_filter ] --END-- [ RunTime:0.000565s ]
INFO: [ app_end ] --START--
INFO: Run Behavior\ShowPageTraceBehavior [ RunTime:0.000739s ]
INFO: [ app_end ] --END-- [ RunTime:0.000789s ]

[ 2016-05-04T10:57:33+08:00 ] ::1 /index.php/Home1/Walkto/index
INFO: [ app_init ] --START--
INFO: Run Behavior\BuildLiteBehavior [ RunTime:0.000016s ]
INFO: [ app_init ] --END-- [ RunTime:0.000465s ]
INFO: [ app_begin ] --START--
INFO: Run Behavior\ReadHtmlCacheBehavior [ RunTime:0.000724s ]
INFO: [ app_begin ] --END-- [ RunTime:0.000784s ]
SQL: SHOW COLUMNS FROM `ast_banner1` [ RunTime:0.0046s ]
SQL: SELECT * FROM `ast_banner1`  [ RunTime:0.0004s ]
SQL: SHOW COLUMNS FROM `ast_link1` [ RunTime:0.0044s ]
SQL: SELECT * FROM `ast_link1`  [ RunTime:0.0004s ]
SQL: SHOW COLUMNS FROM `ast_about1` [ RunTime:0.0039s ]
SQL: SELECT * FROM `ast_about1`  [ RunTime:0.0003s ]
SQL: SELECT * FROM `ast_about1` WHERE `ast_aid` = 1  [ RunTime:0.0002s ]
INFO: [ view_parse ] --START--
INFO: [ template_filter ] --START--
INFO: Run Behavior\ContentReplaceBehavior [ RunTime:0.000133s ]
INFO: [ template_filter ] --END-- [ RunTime:0.000242s ]
NOTIC: [8] Undefined index: link_url C:\xampp\htdocs\aiston\Application\Runtime\Cache\Home1\e98f8ccb00cf07d813b541ccc7aa59ec.php 第 63 行.
INFO: Run Behavior\ParseTemplateBehavior [ RunTime:0.014901s ]
INFO: [ view_parse ] --END-- [ RunTime:0.015002s ]
INFO: [ view_filter ] --START--
INFO: Run Behavior\WriteHtmlCacheBehavior [ RunTime:0.000565s ]
INFO: [ view_filter ] --END-- [ RunTime:0.000617s ]
INFO: [ app_end ] --START--
INFO: Run Behavior\ShowPageTraceBehavior [ RunTime:0.000722s ]
INFO: [ app_end ] --END-- [ RunTime:0.000775s ]

[ 2016-05-04T10:57:35+08:00 ] ::1 /index.php/Home1/Index/index
INFO: [ app_init ] --START--
INFO: Run Behavior\BuildLiteBehavior [ RunTime:0.000017s ]
INFO: [ app_init ] --END-- [ RunTime:0.000527s ]
INFO: [ app_begin ] --START--
INFO: Run Behavior\ReadHtmlCacheBehavior [ RunTime:0.000733s ]
INFO: [ app_begin ] --END-- [ RunTime:0.000795s ]
SQL: SHOW COLUMNS FROM `ast_banner1` [ RunTime:0.0061s ]
SQL: SELECT * FROM `ast_banner1`  [ RunTime:0.0004s ]
SQL: SHOW COLUMNS FROM `ast_link1` [ RunTime:0.0044s ]
SQL: SELECT * FROM `ast_link1`  [ RunTime:0.0003s ]
SQL: SHOW COLUMNS FROM `ast_company1` [ RunTime:0.0040s ]
SQL: SHOW COLUMNS FROM `ast_article1` [ RunTime:0.0048s ]
SQL: SHOW COLUMNS FROM `ast_product1` [ RunTime:0.0054s ]
SQL: SHOW COLUMNS FROM `ast_procate1` [ RunTime:0.0051s ]
SQL: SELECT * FROM `ast_procate1`  [ RunTime:0.0004s ]
SQL: SELECT * FROM `ast_article1` WHERE `art_cateid` = 4 LIMIT 5   [ RunTime:0.0005s ]
SQL: SELECT * FROM `ast_article1` WHERE `art_cateid` = 5 LIMIT 3   [ RunTime:0.0004s ]
SQL: SELECT * FROM `ast_article1` ORDER BY art_addtime desc LIMIT 2,3   [ RunTime:0.0007s ]
SQL: SELECT * FROM `ast_article1` ORDER BY art_addtime desc LIMIT 1   [ RunTime:0.0004s ]
SQL: SELECT * FROM `ast_product1`  [ RunTime:0.0003s ]
SQL: SELECT * FROM `ast_company1`  [ RunTime:0.0003s ]
INFO: [ view_parse ] --START--
INFO: [ template_filter ] --START--
INFO: Run Behavior\ContentReplaceBehavior [ RunTime:0.000127s ]
INFO: [ template_filter ] --END-- [ RunTime:0.000191s ]
INFO: Run Behavior\ParseTemplateBehavior [ RunTime:0.015841s ]
INFO: [ view_parse ] --END-- [ RunTime:0.015925s ]
INFO: [ view_filter ] --START--
INFO: Run Behavior\WriteHtmlCacheBehavior [ RunTime:0.000513s ]
INFO: [ view_filter ] --END-- [ RunTime:0.000564s ]
INFO: [ app_end ] --START--
INFO: Run Behavior\ShowPageTraceBehavior [ RunTime:0.001452s ]
INFO: [ app_end ] --END-- [ RunTime:0.001540s ]

[ 2016-05-04T10:57:35+08:00 ] ::1 /index.php/Home1/Index/index
INFO: [ app_init ] --START--
INFO: Run Behavior\BuildLiteBehavior [ RunTime:0.000035s ]
INFO: [ app_init ] --END-- [ RunTime:0.001069s ]
INFO: [ app_begin ] --START--
INFO: Run Behavior\ReadHtmlCacheBehavior [ RunTime:0.000985s ]
INFO: [ app_begin ] --END-- [ RunTime:0.001127s ]
SQL: SHOW COLUMNS FROM `ast_banner1` [ RunTime:0.0040s ]
SQL: SELECT * FROM `ast_banner1`  [ RunTime:0.0004s ]
SQL: SHOW COLUMNS FROM `ast_link1` [ RunTime:0.0038s ]
SQL: SELECT * FROM `ast_link1`  [ RunTime:0.0003s ]
SQL: SHOW COLUMNS FROM `ast_company1` [ RunTime:0.0044s ]
SQL: SHOW COLUMNS FROM `ast_article1` [ RunTime:0.0042s ]
SQL: SHOW COLUMNS FROM `ast_product1` [ RunTime:0.0055s ]
SQL: SHOW COLUMNS FROM `ast_procate1` [ RunTime:0.0046s ]
SQL: SELECT * FROM `ast_procate1`  [ RunTime:0.0003s ]
SQL: SELECT * FROM `ast_article1` WHERE `art_cateid` = 4 LIMIT 5   [ RunTime:0.0004s ]
SQL: SELECT * FROM `ast_article1` WHERE `art_cateid` = 5 LIMIT 3   [ RunTime:0.0003s ]
SQL: SELECT * FROM `ast_article1` ORDER BY art_addtime desc LIMIT 2,3   [ RunTime:0.0006s ]
SQL: SELECT * FROM `ast_article1` ORDER BY art_addtime desc LIMIT 1   [ RunTime:0.0003s ]
SQL: SELECT * FROM `ast_product1`  [ RunTime:0.0003s ]
SQL: SELECT * FROM `ast_company1`  [ RunTime:0.0002s ]
INFO: [ view_parse ] --START--
INFO: [ template_filter ] --START--
INFO: Run Behavior\ContentReplaceBehavior [ RunTime:0.000137s ]
INFO: [ template_filter ] --END-- [ RunTime:0.000201s ]
INFO: Run Behavior\ParseTemplateBehavior [ RunTime:0.015393s ]
INFO: [ view_parse ] --END-- [ RunTime:0.015467s ]
INFO: [ view_filter ] --START--
INFO: Run Behavior\WriteHtmlCacheBehavior [ RunTime:0.000570s ]
INFO: [ view_filter ] --END-- [ RunTime:0.000621s ]
INFO: [ app_end ] --START--
INFO: Run Behavior\ShowPageTraceBehavior [ RunTime:0.001618s ]
INFO: [ app_end ] --END-- [ RunTime:0.001741s ]

[ 2016-05-04T10:57:49+08:00 ] ::1 /index.php/Home1/product/index
INFO: [ app_init ] --START--
INFO: Run Behavior\BuildLiteBehavior [ RunTime:0.000017s ]
INFO: [ app_init ] --END-- [ RunTime:0.000464s ]
INFO: [ app_begin ] --START--
INFO: Run Behavior\ReadHtmlCacheBehavior [ RunTime:0.000731s ]
INFO: [ app_begin ] --END-- [ RunTime:0.000792s ]
SQL: SHOW COLUMNS FROM `ast_banner1` [ RunTime:0.0044s ]
SQL: SELECT * FROM `ast_banner1`  [ RunTime:0.0004s ]
SQL: SHOW COLUMNS FROM `ast_link1` [ RunTime:0.0038s ]
SQL: SELECT * FROM `ast_link1`  [ RunTime:0.0003s ]
SQL: SHOW COLUMNS FROM `ast_procate1` [ RunTime:0.0043s ]
SQL: SELECT * FROM `ast_procate1`  [ RunTime:0.0003s ]
SQL: SHOW COLUMNS FROM `ast_product1` [ RunTime:0.0039s ]
NOTIC: [8] Undefined index: id C:\xampp\htdocs\aiston\Application\Home1\Controller\ProductController.class.php 第 25 行.
SQL: SELECT * FROM `ast_product1`  [ RunTime:0.0004s ]
SQL: SELECT * FROM `ast_product1` LIMIT 0,5   [ RunTime:0.0003s ]
NOTIC: [8] Undefined variable: catename C:\xampp\htdocs\aiston\Application\Home1\Controller\ProductController.class.php 第 48 行.
INFO: [ view_parse ] --START--
INFO: [ template_filter ] --START--
INFO: Run Behavior\ContentReplaceBehavior [ RunTime:0.000104s ]
INFO: [ template_filter ] --END-- [ RunTime:0.000169s ]
NOTIC: [8] Undefined variable: pro C:\xampp\htdocs\aiston\Application\Runtime\Cache\Home1\4d238cce37f2a9dc0ca93d1f28786684.php 第 74 行.
NOTIC: [8] Undefined variable: pro C:\xampp\htdocs\aiston\Application\Runtime\Cache\Home1\4d238cce37f2a9dc0ca93d1f28786684.php 第 74 行.
NOTIC: [8] Undefined variable: pro C:\xampp\htdocs\aiston\Application\Runtime\Cache\Home1\4d238cce37f2a9dc0ca93d1f28786684.php 第 74 行.
NOTIC: [8] Undefined variable: pro C:\xampp\htdocs\aiston\Application\Runtime\Cache\Home1\4d238cce37f2a9dc0ca93d1f28786684.php 第 74 行.
NOTIC: [8] Undefined variable: pro C:\xampp\htdocs\aiston\Application\Runtime\Cache\Home1\4d238cce37f2a9dc0ca93d1f28786684.php 第 74 行.
NOTIC: [8] Undefined index: p C:\xampp\htdocs\aiston\Application\Runtime\Cache\Home1\4d238cce37f2a9dc0ca93d1f28786684.php 第 83 行.
NOTIC: [8] Undefined index: p C:\xampp\htdocs\aiston\Application\Runtime\Cache\Home1\4d238cce37f2a9dc0ca93d1f28786684.php 第 88 行.
NOTIC: [8] Undefined index: p C:\xampp\htdocs\aiston\Application\Runtime\Cache\Home1\4d238cce37f2a9dc0ca93d1f28786684.php 第 88 行.
INFO: Run Behavior\ParseTemplateBehavior [ RunTime:0.014847s ]
INFO: [ view_parse ] --END-- [ RunTime:0.014905s ]
INFO: [ view_filter ] --START--
INFO: Run Behavior\WriteHtmlCacheBehavior [ RunTime:0.000501s ]
INFO: [ view_filter ] --END-- [ RunTime:0.000553s ]
INFO: [ app_end ] --START--
INFO: Run Behavior\ShowPageTraceBehavior [ RunTime:0.000716s ]
INFO: [ app_end ] --END-- [ RunTime:0.000767s ]

[ 2016-05-04T10:57:51+08:00 ] ::1 /index.php/Home1/Product/index/id/1
INFO: [ app_init ] --START--
INFO: Run Behavior\BuildLiteBehavior [ RunTime:0.000019s ]
INFO: [ app_init ] --END-- [ RunTime:0.000496s ]
INFO: [ app_begin ] --START--
INFO: Run Behavior\ReadHtmlCacheBehavior [ RunTime:0.000733s ]
INFO: [ app_begin ] --END-- [ RunTime:0.000794s ]
SQL: SHOW COLUMNS FROM `ast_banner1` [ RunTime:0.0050s ]
SQL: SELECT * FROM `ast_banner1`  [ RunTime:0.0004s ]
SQL: SHOW COLUMNS FROM `ast_link1` [ RunTime:0.0036s ]
SQL: SELECT * FROM `ast_link1`  [ RunTime:0.0003s ]
SQL: SHOW COLUMNS FROM `ast_procate1` [ RunTime:0.0037s ]
SQL: SELECT * FROM `ast_procate1`  [ RunTime:0.0003s ]
SQL: SHOW COLUMNS FROM `ast_product1` [ RunTime:0.0051s ]
SQL: SELECT * FROM `ast_product1` WHERE `pro_cate_id` = 1  [ RunTime:0.0006s ]
SQL: SELECT * FROM `ast_product1` WHERE `pro_cate_id` = 1 LIMIT 0,5   [ RunTime:0.0005s ]
SQL: SELECT * FROM `ast_procate1` WHERE `cate_id` = 1  [ RunTime:0.0003s ]
INFO: [ view_parse ] --START--
INFO: [ template_filter ] --START--
INFO: Run Behavior\ContentReplaceBehavior [ RunTime:0.000109s ]
INFO: [ template_filter ] --END-- [ RunTime:0.000183s ]
NOTIC: [8] Undefined variable: pro C:\xampp\htdocs\aiston\Application\Runtime\Cache\Home1\4d238cce37f2a9dc0ca93d1f28786684.php 第 74 行.
NOTIC: [8] Undefined variable: pro C:\xampp\htdocs\aiston\Application\Runtime\Cache\Home1\4d238cce37f2a9dc0ca93d1f28786684.php 第 74 行.
NOTIC: [8] Undefined variable: pro C:\xampp\htdocs\aiston\Application\Runtime\Cache\Home1\4d238cce37f2a9dc0ca93d1f28786684.php 第 74 行.
NOTIC: [8] Undefined variable: pro C:\xampp\htdocs\aiston\Application\Runtime\Cache\Home1\4d238cce37f2a9dc0ca93d1f28786684.php 第 74 行.
NOTIC: [8] Undefined index: p C:\xampp\htdocs\aiston\Application\Runtime\Cache\Home1\4d238cce37f2a9dc0ca93d1f28786684.php 第 83 行.
NOTIC: [8] Undefined index: p C:\xampp\htdocs\aiston\Application\Runtime\Cache\Home1\4d238cce37f2a9dc0ca93d1f28786684.php 第 88 行.
INFO: Run Behavior\ParseTemplateBehavior [ RunTime:0.014947s ]
INFO: [ view_parse ] --END-- [ RunTime:0.015020s ]
INFO: [ view_filter ] --START--
INFO: Run Behavior\WriteHtmlCacheBehavior [ RunTime:0.000512s ]
INFO: [ view_filter ] --END-- [ RunTime:0.000561s ]
INFO: [ app_end ] --START--
INFO: Run Behavior\ShowPageTraceBehavior [ RunTime:0.000724s ]
INFO: [ app_end ] --END-- [ RunTime:0.000777s ]

[ 2016-05-04T10:57:52+08:00 ] ::1 /index.php/Home1/Product/index/id/3
INFO: [ app_init ] --START--
INFO: Run Behavior\BuildLiteBehavior [ RunTime:0.000017s ]
INFO: [ app_init ] --END-- [ RunTime:0.000489s ]
INFO: [ app_begin ] --START--
INFO: Run Behavior\ReadHtmlCacheBehavior [ RunTime:0.000737s ]
INFO: [ app_begin ] --END-- [ RunTime:0.000806s ]
SQL: SHOW COLUMNS FROM `ast_banner1` [ RunTime:0.0050s ]
SQL: SELECT * FROM `ast_banner1`  [ RunTime:0.0005s ]
SQL: SHOW COLUMNS FROM `ast_link1` [ RunTime:0.0040s ]
SQL: SELECT * FROM `ast_link1`  [ RunTime:0.0004s ]
SQL: SHOW COLUMNS FROM `ast_procate1` [ RunTime:0.0041s ]
SQL: SELECT * FROM `ast_procate1`  [ RunTime:0.0004s ]
SQL: SHOW COLUMNS FROM `ast_product1` [ RunTime:0.0040s ]
SQL: SELECT * FROM `ast_product1` WHERE `pro_cate_id` = 3  [ RunTime:0.0004s ]
SQL: SELECT * FROM `ast_product1` WHERE `pro_cate_id` = 3 LIMIT 0,5   [ RunTime:0.0004s ]
SQL: SELECT * FROM `ast_procate1` WHERE `cate_id` = 3  [ RunTime:0.0003s ]
INFO: [ view_parse ] --START--
INFO: [ template_filter ] --START--
INFO: Run Behavior\ContentReplaceBehavior [ RunTime:0.000107s ]
INFO: [ template_filter ] --END-- [ RunTime:0.000171s ]
NOTIC: [8] Undefined variable: pro C:\xampp\htdocs\aiston\Application\Runtime\Cache\Home1\4d238cce37f2a9dc0ca93d1f28786684.php 第 74 行.
NOTIC: [8] Undefined index: p C:\xampp\htdocs\aiston\Application\Runtime\Cache\Home1\4d238cce37f2a9dc0ca93d1f28786684.php 第 83 行.
NOTIC: [8] Undefined index: p C:\xampp\htdocs\aiston\Application\Runtime\Cache\Home1\4d238cce37f2a9dc0ca93d1f28786684.php 第 88 行.
INFO: Run Behavior\ParseTemplateBehavior [ RunTime:0.014410s ]
INFO: [ view_parse ] --END-- [ RunTime:0.014481s ]
INFO: [ view_filter ] --START--
INFO: Run Behavior\WriteHtmlCacheBehavior [ RunTime:0.000611s ]
INFO: [ view_filter ] --END-- [ RunTime:0.000661s ]
INFO: [ app_end ] --START--
INFO: Run Behavior\ShowPageTraceBehavior [ RunTime:0.000859s ]
INFO: [ app_end ] --END-- [ RunTime:0.000914s ]

[ 2016-05-04T10:57:54+08:00 ] ::1 /index.php/Home1/Product/index/id/3
INFO: [ app_init ] --START--
INFO: Run Behavior\BuildLiteBehavior [ RunTime:0.000016s ]
INFO: [ app_init ] --END-- [ RunTime:0.000460s ]
INFO: [ app_begin ] --START--
INFO: Run Behavior\ReadHtmlCacheBehavior [ RunTime:0.000722s ]
INFO: [ app_begin ] --END-- [ RunTime:0.000783s ]
SQL: SHOW COLUMNS FROM `ast_banner1` [ RunTime:0.0042s ]
SQL: SELECT * FROM `ast_banner1`  [ RunTime:0.0004s ]
SQL: SHOW COLUMNS FROM `ast_link1` [ RunTime:0.0038s ]
SQL: SELECT * FROM `ast_link1`  [ RunTime:0.0003s ]
SQL: SHOW COLUMNS FROM `ast_procate1` [ RunTime:0.0043s ]
SQL: SELECT * FROM `ast_procate1`  [ RunTime:0.0003s ]
SQL: SHOW COLUMNS FROM `ast_product1` [ RunTime:0.0042s ]
SQL: SELECT * FROM `ast_product1` WHERE `pro_cate_id` = 3  [ RunTime:0.0004s ]
SQL: SELECT * FROM `ast_product1` WHERE `pro_cate_id` = 3 LIMIT 0,5   [ RunTime:0.0004s ]
SQL: SELECT * FROM `ast_procate1` WHERE `cate_id` = 3  [ RunTime:0.0003s ]
INFO: [ view_parse ] --START--
INFO: [ template_filter ] --START--
INFO: Run Behavior\ContentReplaceBehavior [ RunTime:0.000124s ]
INFO: [ template_filter ] --END-- [ RunTime:0.000194s ]
NOTIC: [8] Undefined variable: pro C:\xampp\htdocs\aiston\Application\Runtime\Cache\Home1\4d238cce37f2a9dc0ca93d1f28786684.php 第 74 行.
NOTIC: [8] Undefined index: p C:\xampp\htdocs\aiston\Application\Runtime\Cache\Home1\4d238cce37f2a9dc0ca93d1f28786684.php 第 83 行.
NOTIC: [8] Undefined index: p C:\xampp\htdocs\aiston\Application\Runtime\Cache\Home1\4d238cce37f2a9dc0ca93d1f28786684.php 第 88 行.
INFO: Run Behavior\ParseTemplateBehavior [ RunTime:0.014959s ]
INFO: [ view_parse ] --END-- [ RunTime:0.015026s ]
INFO: [ view_filter ] --START--
INFO: Run Behavior\WriteHtmlCacheBehavior [ RunTime:0.000531s ]
INFO: [ view_filter ] --END-- [ RunTime:0.000581s ]
INFO: [ app_end ] --START--
INFO: Run Behavior\ShowPageTraceBehavior [ RunTime:0.000727s ]
INFO: [ app_end ] --END-- [ RunTime:0.000778s ]

[ 2016-05-04T10:57:55+08:00 ] ::1 /index.php/Home1/Product/index/id/4
INFO: [ app_init ] --START--
INFO: Run Behavior\BuildLiteBehavior [ RunTime:0.000024s ]
INFO: [ app_init ] --END-- [ RunTime:0.000676s ]
INFO: [ app_begin ] --START--
INFO: Run Behavior\ReadHtmlCacheBehavior [ RunTime:0.000738s ]
INFO: [ app_begin ] --END-- [ RunTime:0.000812s ]
SQL: SHOW COLUMNS FROM `ast_banner1` [ RunTime:0.0042s ]
SQL: SELECT * FROM `ast_banner1`  [ RunTime:0.0005s ]
SQL: SHOW COLUMNS FROM `ast_link1` [ RunTime:0.0043s ]
SQL: SELECT * FROM `ast_link1`  [ RunTime:0.0004s ]
SQL: SHOW COLUMNS FROM `ast_procate1` [ RunTime:0.0043s ]
SQL: SELECT * FROM `ast_procate1`  [ RunTime:0.0004s ]
SQL: SHOW COLUMNS FROM `ast_product1` [ RunTime:0.0043s ]
SQL: SELECT * FROM `ast_product1` WHERE `pro_cate_id` = 4  [ RunTime:0.0004s ]
SQL: SELECT * FROM `ast_product1` WHERE `pro_cate_id` = 4 LIMIT 0,5   [ RunTime:0.0004s ]
SQL: SELECT * FROM `ast_procate1` WHERE `cate_id` = 4  [ RunTime:0.0004s ]
INFO: [ view_parse ] --START--
INFO: [ template_filter ] --START--
INFO: Run Behavior\ContentReplaceBehavior [ RunTime:0.000107s ]
INFO: [ template_filter ] --END-- [ RunTime:0.000174s ]
NOTIC: [8] Undefined variable: pro C:\xampp\htdocs\aiston\Application\Runtime\Cache\Home1\4d238cce37f2a9dc0ca93d1f28786684.php 第 74 行.
NOTIC: [8] Undefined index: p C:\xampp\htdocs\aiston\Application\Runtime\Cache\Home1\4d238cce37f2a9dc0ca93d1f28786684.php 第 83 行.
NOTIC: [8] Undefined index: p C:\xampp\htdocs\aiston\Application\Runtime\Cache\Home1\4d238cce37f2a9dc0ca93d1f28786684.php 第 88 行.
INFO: Run Behavior\ParseTemplateBehavior [ RunTime:0.014497s ]
INFO: [ view_parse ] --END-- [ RunTime:0.014558s ]
INFO: [ view_filter ] --START--
INFO: Run Behavior\WriteHtmlCacheBehavior [ RunTime:0.000487s ]
INFO: [ view_filter ] --END-- [ RunTime:0.000538s ]
INFO: [ app_end ] --START--
INFO: Run Behavior\ShowPageTraceBehavior [ RunTime:0.000712s ]
INFO: [ app_end ] --END-- [ RunTime:0.000763s ]

[ 2016-05-04T10:57:57+08:00 ] ::1 /index.php/Home1/Product/details/id/4
INFO: [ app_init ] --START--
INFO: Run Behavior\BuildLiteBehavior [ RunTime:0.000017s ]
INFO: [ app_init ] --END-- [ RunTime:0.000469s ]
INFO: [ app_begin ] --START--
INFO: Run Behavior\ReadHtmlCacheBehavior [ RunTime:0.000723s ]
INFO: [ app_begin ] --END-- [ RunTime:0.000784s ]
SQL: SHOW COLUMNS FROM `ast_banner1` [ RunTime:0.0042s ]
SQL: SELECT * FROM `ast_banner1`  [ RunTime:0.0004s ]
SQL: SHOW COLUMNS FROM `ast_link1` [ RunTime:0.0038s ]
SQL: SELECT * FROM `ast_link1`  [ RunTime:0.0003s ]
SQL: SHOW COLUMNS FROM `ast_procate1` [ RunTime:0.0045s ]
SQL: SELECT * FROM `ast_procate1`  [ RunTime:0.0003s ]
SQL: SHOW COLUMNS FROM `ast_product1` [ RunTime:0.0040s ]
SQL: SELECT * FROM `ast_product1` WHERE `pro_id` = 4  [ RunTime:0.0003s ]
SQL: SELECT * FROM `ast_procate1` WHERE `cate_id` = 4  [ RunTime:0.0002s ]
INFO: [ view_parse ] --START--
INFO: [ template_filter ] --START--
INFO: Run Behavior\ContentReplaceBehavior [ RunTime:0.000102s ]
INFO: [ template_filter ] --END-- [ RunTime:0.000168s ]
NOTIC: [8] Undefined index: art_author C:\xampp\htdocs\aiston\Application\Runtime\Cache\Home1\69f3977d8ed71053ccf0a3ff5e54036a.php 第 68 行.
NOTIC: [8] Undefined index: art_addtime C:\xampp\htdocs\aiston\Application\Runtime\Cache\Home1\69f3977d8ed71053ccf0a3ff5e54036a.php 第 68 行.
NOTIC: [8] Undefined variable: result1 C:\xampp\htdocs\aiston\Application\Runtime\Cache\Home1\69f3977d8ed71053ccf0a3ff5e54036a.php 第 79 行.
NOTIC: [8] Undefined variable: result1 C:\xampp\htdocs\aiston\Application\Runtime\Cache\Home1\69f3977d8ed71053ccf0a3ff5e54036a.php 第 79 行.
NOTIC: [8] Undefined variable: result2 C:\xampp\htdocs\aiston\Application\Runtime\Cache\Home1\69f3977d8ed71053ccf0a3ff5e54036a.php 第 80 行.
NOTIC: [8] Undefined variable: result2 C:\xampp\htdocs\aiston\Application\Runtime\Cache\Home1\69f3977d8ed71053ccf0a3ff5e54036a.php 第 80 行.
INFO: Run Behavior\ParseTemplateBehavior [ RunTime:0.012640s ]
INFO: [ view_parse ] --END-- [ RunTime:0.012702s ]
INFO: [ view_filter ] --START--
INFO: Run Behavior\WriteHtmlCacheBehavior [ RunTime:0.000554s ]
INFO: [ view_filter ] --END-- [ RunTime:0.000605s ]
INFO: [ app_end ] --START--
INFO: Run Behavior\ShowPageTraceBehavior [ RunTime:0.000741s ]
INFO: [ app_end ] --END-- [ RunTime:0.000791s ]

[ 2016-05-04T10:58:00+08:00 ] ::1 /index.php/Home1/News/index
INFO: [ app_init ] --START--
INFO: Run Behavior\BuildLiteBehavior [ RunTime:0.000015s ]
INFO: [ app_init ] --END-- [ RunTime:0.000458s ]
INFO: [ app_begin ] --START--
INFO: Run Behavior\ReadHtmlCacheBehavior [ RunTime:0.000791s ]
INFO: [ app_begin ] --END-- [ RunTime:0.000865s ]
SQL: SHOW COLUMNS FROM `ast_banner1` [ RunTime:0.0044s ]
SQL: SELECT * FROM `ast_banner1`  [ RunTime:0.0006s ]
SQL: SHOW COLUMNS FROM `ast_link1` [ RunTime:0.0040s ]
SQL: SELECT * FROM `ast_link1`  [ RunTime:0.0003s ]
SQL: SHOW COLUMNS FROM `ast_article1` [ RunTime:0.0040s ]
SQL: SELECT * FROM `ast_article1`  [ RunTime:0.0005s ]
SQL: SHOW COLUMNS FROM `ast_artcate1` [ RunTime:0.0038s ]
SQL: SELECT * FROM `ast_artcate1`  [ RunTime:0.0003s ]
NOTIC: [8] Undefined index: id C:\xampp\htdocs\aiston\Application\Home1\Controller\NewsController.class.php 第 29 行.
SQL: SELECT * FROM `ast_article1` LIMIT 0,5   [ RunTime:0.0004s ]
NOTIC: [8] Undefined variable: catename C:\xampp\htdocs\aiston\Application\Home1\Controller\NewsController.class.php 第 39 行.
INFO: [ view_parse ] --START--
INFO: [ template_filter ] --START--
INFO: Run Behavior\ContentReplaceBehavior [ RunTime:0.000112s ]
INFO: [ template_filter ] --END-- [ RunTime:0.000180s ]
NOTIC: [8] Undefined index: p C:\xampp\htdocs\aiston\Application\Runtime\Cache\Home1\89e9039c3c14056c236f10ac10792c6c.php 第 80 行.
NOTIC: [8] Undefined index: p C:\xampp\htdocs\aiston\Application\Runtime\Cache\Home1\89e9039c3c14056c236f10ac10792c6c.php 第 87 行.
NOTIC: [8] Undefined index: p C:\xampp\htdocs\aiston\Application\Runtime\Cache\Home1\89e9039c3c14056c236f10ac10792c6c.php 第 87 行.
INFO: Run Behavior\ParseTemplateBehavior [ RunTime:0.013314s ]
INFO: [ view_parse ] --END-- [ RunTime:0.013375s ]
INFO: [ view_filter ] --START--
INFO: Run Behavior\WriteHtmlCacheBehavior [ RunTime:0.000552s ]
INFO: [ view_filter ] --END-- [ RunTime:0.000603s ]
INFO: [ app_end ] --START--
INFO: Run Behavior\ShowPageTraceBehavior [ RunTime:0.000756s ]
INFO: [ app_end ] --END-- [ RunTime:0.000817s ]

[ 2016-05-04T10:58:02+08:00 ] ::1 /index.php/Home1/News/index/id/1
INFO: [ app_init ] --START--
INFO: Run Behavior\BuildLiteBehavior [ RunTime:0.000023s ]
INFO: [ app_init ] --END-- [ RunTime:0.000555s ]
INFO: [ app_begin ] --START--
INFO: Run Behavior\ReadHtmlCacheBehavior [ RunTime:0.000904s ]
INFO: [ app_begin ] --END-- [ RunTime:0.000982s ]
SQL: SHOW COLUMNS FROM `ast_banner1` [ RunTime:0.0050s ]
SQL: SELECT * FROM `ast_banner1`  [ RunTime:0.0004s ]
SQL: SHOW COLUMNS FROM `ast_link1` [ RunTime:0.0041s ]
SQL: SELECT * FROM `ast_link1`  [ RunTime:0.0003s ]
SQL: SHOW COLUMNS FROM `ast_article1` [ RunTime:0.0041s ]
SQL: SELECT * FROM `ast_article1`  [ RunTime:0.0005s ]
SQL: SHOW COLUMNS FROM `ast_artcate1` [ RunTime:0.0038s ]
SQL: SELECT * FROM `ast_artcate1`  [ RunTime:0.0004s ]
SQL: SELECT * FROM `ast_article1` WHERE `art_cateid` = 1  [ RunTime:0.0006s ]
SQL: SELECT * FROM `ast_artcate1` WHERE `cate_id` = 1  [ RunTime:0.0003s ]
NOTIC: [8] Undefined variable: Page C:\xampp\htdocs\aiston\Application\Home1\Controller\NewsController.class.php 第 41 行.
NOTIC: [8] Trying to get property of non-object C:\xampp\htdocs\aiston\Application\Home1\Controller\NewsController.class.php 第 41 行.
INFO: [ view_parse ] --START--
INFO: [ template_filter ] --START--
INFO: Run Behavior\ContentReplaceBehavior [ RunTime:0.000103s ]
INFO: [ template_filter ] --END-- [ RunTime:0.000171s ]
NOTIC: [8] Undefined index: p C:\xampp\htdocs\aiston\Application\Runtime\Cache\Home1\89e9039c3c14056c236f10ac10792c6c.php 第 80 行.
NOTIC: [8] Undefined index: p C:\xampp\htdocs\aiston\Application\Runtime\Cache\Home1\89e9039c3c14056c236f10ac10792c6c.php 第 87 行.
INFO: Run Behavior\ParseTemplateBehavior [ RunTime:0.014907s ]
INFO: [ view_parse ] --END-- [ RunTime:0.014977s ]
INFO: [ view_filter ] --START--
INFO: Run Behavior\WriteHtmlCacheBehavior [ RunTime:0.000635s ]
INFO: [ view_filter ] --END-- [ RunTime:0.000695s ]
INFO: [ app_end ] --START--
INFO: Run Behavior\ShowPageTraceBehavior [ RunTime:0.000766s ]
INFO: [ app_end ] --END-- [ RunTime:0.000819s ]

[ 2016-05-04T10:58:03+08:00 ] ::1 /index.php/Home1/News/details/id/52
INFO: [ app_init ] --START--
INFO: Run Behavior\BuildLiteBehavior [ RunTime:0.000017s ]
INFO: [ app_init ] --END-- [ RunTime:0.000484s ]
INFO: [ app_begin ] --START--
INFO: Run Behavior\ReadHtmlCacheBehavior [ RunTime:0.000731s ]
INFO: [ app_begin ] --END-- [ RunTime:0.000793s ]
SQL: SHOW COLUMNS FROM `ast_banner1` [ RunTime:0.0049s ]
SQL: SELECT * FROM `ast_banner1`  [ RunTime:0.0004s ]
SQL: SHOW COLUMNS FROM `ast_link1` [ RunTime:0.0039s ]
SQL: SELECT * FROM `ast_link1`  [ RunTime:0.0003s ]
SQL: SHOW COLUMNS FROM `ast_article1` [ RunTime:0.0042s ]
SQL: SELECT * FROM `ast_article1` WHERE `art_id` = 52  [ RunTime:0.0005s ]
SQL: SELECT * FROM `ast_article1` WHERE `art_id` = 51  [ RunTime:0.0002s ]
SQL: SELECT * FROM `ast_article1` WHERE `art_id` = 53  [ RunTime:0.0004s ]
SQL: SHOW COLUMNS FROM `ast_artcate1` [ RunTime:0.0049s ]
SQL: SELECT * FROM `ast_artcate1`  [ RunTime:0.0004s ]
SQL: SELECT * FROM `ast_artcate1` WHERE `cate_id` = 1  [ RunTime:0.0003s ]
NOTIC: [8] Undefined offset: 0 C:\xampp\htdocs\aiston\Application\Home1\Controller\NewsController.class.php 第 19 行.
INFO: [ view_parse ] --START--
INFO: [ template_filter ] --START--
INFO: Run Behavior\ContentReplaceBehavior [ RunTime:0.000156s ]
INFO: [ template_filter ] --END-- [ RunTime:0.000257s ]
INFO: Run Behavior\ParseTemplateBehavior [ RunTime:0.011958s ]
INFO: [ view_parse ] --END-- [ RunTime:0.012034s ]
INFO: [ view_filter ] --START--
INFO: Run Behavior\WriteHtmlCacheBehavior [ RunTime:0.000514s ]
INFO: [ view_filter ] --END-- [ RunTime:0.000566s ]
INFO: [ app_end ] --START--
INFO: Run Behavior\ShowPageTraceBehavior [ RunTime:0.000713s ]
INFO: [ app_end ] --END-- [ RunTime:0.000765s ]

[ 2016-05-04T10:58:05+08:00 ] ::1 /index.php/Home1/News/index/id/3
INFO: [ app_init ] --START--
INFO: Run Behavior\BuildLiteBehavior [ RunTime:0.000017s ]
INFO: [ app_init ] --END-- [ RunTime:0.000470s ]
INFO: [ app_begin ] --START--
INFO: Run Behavior\ReadHtmlCacheBehavior [ RunTime:0.000767s ]
INFO: [ app_begin ] --END-- [ RunTime:0.000844s ]
SQL: SHOW COLUMNS FROM `ast_banner1` [ RunTime:0.0046s ]
SQL: SELECT * FROM `ast_banner1`  [ RunTime:0.0005s ]
SQL: SHOW COLUMNS FROM `ast_link1` [ RunTime:0.0043s ]
SQL: SELECT * FROM `ast_link1`  [ RunTime:0.0003s ]
SQL: SHOW COLUMNS FROM `ast_article1` [ RunTime:0.0040s ]
SQL: SELECT * FROM `ast_article1`  [ RunTime:0.0005s ]
SQL: SHOW COLUMNS FROM `ast_artcate1` [ RunTime:0.0039s ]
SQL: SELECT * FROM `ast_artcate1`  [ RunTime:0.0003s ]
SQL: SELECT * FROM `ast_article1` WHERE `art_cateid` = 3  [ RunTime:0.0003s ]
SQL: SELECT * FROM `ast_artcate1` WHERE `cate_id` = 3  [ RunTime:0.0003s ]
NOTIC: [8] Undefined variable: Page C:\xampp\htdocs\aiston\Application\Home1\Controller\NewsController.class.php 第 41 行.
NOTIC: [8] Trying to get property of non-object C:\xampp\htdocs\aiston\Application\Home1\Controller\NewsController.class.php 第 41 行.
INFO: [ view_parse ] --START--
INFO: [ template_filter ] --START--
INFO: Run Behavior\ContentReplaceBehavior [ RunTime:0.000108s ]
INFO: [ template_filter ] --END-- [ RunTime:0.000178s ]
NOTIC: [8] Undefined index: p C:\xampp\htdocs\aiston\Application\Runtime\Cache\Home1\89e9039c3c14056c236f10ac10792c6c.php 第 80 行.
NOTIC: [8] Undefined index: p C:\xampp\htdocs\aiston\Application\Runtime\Cache\Home1\89e9039c3c14056c236f10ac10792c6c.php 第 87 行.
INFO: Run Behavior\ParseTemplateBehavior [ RunTime:0.016373s ]
INFO: [ view_parse ] --END-- [ RunTime:0.016440s ]
INFO: [ view_filter ] --START--
INFO: Run Behavior\WriteHtmlCacheBehavior [ RunTime:0.000580s ]
INFO: [ view_filter ] --END-- [ RunTime:0.000637s ]
INFO: [ app_end ] --START--
INFO: Run Behavior\ShowPageTraceBehavior [ RunTime:0.000729s ]
INFO: [ app_end ] --END-- [ RunTime:0.000780s ]

[ 2016-05-04T10:58:06+08:00 ] ::1 /index.php/Home1/Work/index
INFO: [ app_init ] --START--
INFO: Run Behavior\BuildLiteBehavior [ RunTime:0.000019s ]
INFO: [ app_init ] --END-- [ RunTime:0.000713s ]
INFO: [ app_begin ] --START--
INFO: Run Behavior\ReadHtmlCacheBehavior [ RunTime:0.001261s ]
INFO: [ app_begin ] --END-- [ RunTime:0.001360s ]
SQL: SHOW COLUMNS FROM `ast_banner1` [ RunTime:0.0050s ]
SQL: SELECT * FROM `ast_banner1`  [ RunTime:0.0004s ]
SQL: SHOW COLUMNS FROM `ast_link1` [ RunTime:0.0051s ]
SQL: SELECT * FROM `ast_link1`  [ RunTime:0.0004s ]
SQL: SHOW COLUMNS FROM `ast_work1` [ RunTime:0.0253s ]
NOTIC: [8] Undefined index: title C:\xampp\htdocs\aiston\Application\Home1\Controller\WorkController.class.php 第 16 行.
SQL: SELECT * FROM `ast_work1` ORDER BY w_cateid asc  [ RunTime:0.0013s ]
SQL: SELECT * FROM `ast_work1` LIMIT 0,6   [ RunTime:0.0005s ]
INFO: [ view_parse ] --START--
INFO: [ template_filter ] --START--
INFO: Run Behavior\ContentReplaceBehavior [ RunTime:0.000108s ]
INFO: [ template_filter ] --END-- [ RunTime:0.000172s ]
NOTIC: [8] Undefined index: title C:\xampp\htdocs\aiston\Application\Runtime\Cache\Home1\2d1368f78c9cae18aaef4560867e793e.php 第 53 行.
NOTIC: [8] Undefined index: link_url C:\xampp\htdocs\aiston\Application\Runtime\Cache\Home1\2d1368f78c9cae18aaef4560867e793e.php 第 62 行.
NOTIC: [8] Undefined index: title C:\xampp\htdocs\aiston\Application\Runtime\Cache\Home1\2d1368f78c9cae18aaef4560867e793e.php 第 67 行.
NOTIC: [8] Undefined index: p C:\xampp\htdocs\aiston\Application\Runtime\Cache\Home1\2d1368f78c9cae18aaef4560867e793e.php 第 93 行.
NOTIC: [8] Undefined index: p C:\xampp\htdocs\aiston\Application\Runtime\Cache\Home1\2d1368f78c9cae18aaef4560867e793e.php 第 101 行.
NOTIC: [8] Undefined index: p C:\xampp\htdocs\aiston\Application\Runtime\Cache\Home1\2d1368f78c9cae18aaef4560867e793e.php 第 101 行.
INFO: Run Behavior\ParseTemplateBehavior [ RunTime:0.015556s ]
INFO: [ view_parse ] --END-- [ RunTime:0.015647s ]
INFO: [ view_filter ] --START--
INFO: Run Behavior\WriteHtmlCacheBehavior [ RunTime:0.000943s ]
INFO: [ view_filter ] --END-- [ RunTime:0.001028s ]
INFO: [ app_end ] --START--
INFO: Run Behavior\ShowPageTraceBehavior [ RunTime:0.000910s ]
INFO: [ app_end ] --END-- [ RunTime:0.000977s ]

[ 2016-05-04T10:58:07+08:00 ] ::1 /index.php/Home1/Contact/index
INFO: [ app_init ] --START--
INFO: Run Behavior\BuildLiteBehavior [ RunTime:0.000018s ]
INFO: [ app_init ] --END-- [ RunTime:0.000525s ]
INFO: [ app_begin ] --START--
INFO: Run Behavior\ReadHtmlCacheBehavior [ RunTime:0.000782s ]
INFO: [ app_begin ] --END-- [ RunTime:0.000852s ]
SQL: SHOW COLUMNS FROM `ast_banner1` [ RunTime:0.0043s ]
SQL: SELECT * FROM `ast_banner1`  [ RunTime:0.0005s ]
SQL: SHOW COLUMNS FROM `ast_link1` [ RunTime:0.0040s ]
SQL: SELECT * FROM `ast_link1`  [ RunTime:0.0003s ]
SQL: SHOW COLUMNS FROM `ast_company1` [ RunTime:0.0043s ]
SQL: SELECT * FROM `ast_company1` WHERE `c_id` = 2  [ RunTime:0.0005s ]
INFO: [ view_parse ] --START--
INFO: [ template_filter ] --START--
INFO: Run Behavior\ContentReplaceBehavior [ RunTime:0.000137s ]
INFO: [ template_filter ] --END-- [ RunTime:0.000235s ]
INFO: Run Behavior\ParseTemplateBehavior [ RunTime:0.010535s ]
INFO: [ view_parse ] --END-- [ RunTime:0.010633s ]
INFO: [ view_filter ] --START--
INFO: Run Behavior\WriteHtmlCacheBehavior [ RunTime:0.000832s ]
INFO: [ view_filter ] --END-- [ RunTime:0.000904s ]
INFO: [ app_end ] --START--
INFO: Run Behavior\ShowPageTraceBehavior [ RunTime:0.000921s ]
INFO: [ app_end ] --END-- [ RunTime:0.000981s ]

[ 2016-05-04T10:58:07+08:00 ] ::1 /index.php/Home1/News/index
INFO: [ app_init ] --START--
INFO: Run Behavior\BuildLiteBehavior [ RunTime:0.000100s ]
INFO: [ app_init ] --END-- [ RunTime:0.001111s ]
INFO: [ app_begin ] --START--
INFO: Run Behavior\ReadHtmlCacheBehavior [ RunTime:0.001370s ]
INFO: [ app_begin ] --END-- [ RunTime:0.001550s ]
SQL: SHOW COLUMNS FROM `ast_banner1` [ RunTime:0.0054s ]
SQL: SELECT * FROM `ast_banner1`  [ RunTime:0.0004s ]
SQL: SHOW COLUMNS FROM `ast_link1` [ RunTime:0.0051s ]
SQL: SELECT * FROM `ast_link1`  [ RunTime:0.0004s ]
SQL: SHOW COLUMNS FROM `ast_article1` [ RunTime:0.0068s ]
SQL: SELECT * FROM `ast_article1`  [ RunTime:0.0005s ]
SQL: SHOW COLUMNS FROM `ast_artcate1` [ RunTime:0.0055s ]
SQL: SELECT * FROM `ast_artcate1`  [ RunTime:0.0005s ]
NOTIC: [8] Undefined index: id C:\xampp\htdocs\aiston\Application\Home1\Controller\NewsController.class.php 第 29 行.
SQL: SELECT * FROM `ast_article1` LIMIT 0,5   [ RunTime:0.0009s ]
NOTIC: [8] Undefined variable: catename C:\xampp\htdocs\aiston\Application\Home1\Controller\NewsController.class.php 第 39 行.
INFO: [ view_parse ] --START--
INFO: [ template_filter ] --START--
INFO: Run Behavior\ContentReplaceBehavior [ RunTime:0.000135s ]
INFO: [ template_filter ] --END-- [ RunTime:0.000243s ]
NOTIC: [8] Undefined index: p C:\xampp\htdocs\aiston\Application\Runtime\Cache\Home1\89e9039c3c14056c236f10ac10792c6c.php 第 80 行.
NOTIC: [8] Undefined index: p C:\xampp\htdocs\aiston\Application\Runtime\Cache\Home1\89e9039c3c14056c236f10ac10792c6c.php 第 87 行.
NOTIC: [8] Undefined index: p C:\xampp\htdocs\aiston\Application\Runtime\Cache\Home1\89e9039c3c14056c236f10ac10792c6c.php 第 87 行.
INFO: Run Behavior\ParseTemplateBehavior [ RunTime:0.017866s ]
INFO: [ view_parse ] --END-- [ RunTime:0.017943s ]
INFO: [ view_filter ] --START--
INFO: Run Behavior\WriteHtmlCacheBehavior [ RunTime:0.000709s ]
INFO: [ view_filter ] --END-- [ RunTime:0.000783s ]
INFO: [ app_end ] --START--
INFO: Run Behavior\ShowPageTraceBehavior [ RunTime:0.001036s ]
INFO: [ app_end ] --END-- [ RunTime:0.001125s ]

[ 2016-05-04T10:58:08+08:00 ] ::1 /index.php/Home1/product/index
INFO: [ app_init ] --START--
INFO: Run Behavior\BuildLiteBehavior [ RunTime:0.000017s ]
INFO: [ app_init ] --END-- [ RunTime:0.000590s ]
INFO: [ app_begin ] --START--
INFO: Run Behavior\ReadHtmlCacheBehavior [ RunTime:0.001303s ]
INFO: [ app_begin ] --END-- [ RunTime:0.001425s ]
SQL: SHOW COLUMNS FROM `ast_banner1` [ RunTime:0.0046s ]
SQL: SELECT * FROM `ast_banner1`  [ RunTime:0.0004s ]
SQL: SHOW COLUMNS FROM `ast_link1` [ RunTime:0.0044s ]
SQL: SELECT * FROM `ast_link1`  [ RunTime:0.0003s ]
SQL: SHOW COLUMNS FROM `ast_procate1` [ RunTime:0.0063s ]
SQL: SELECT * FROM `ast_procate1`  [ RunTime:0.0008s ]
SQL: SHOW COLUMNS FROM `ast_product1` [ RunTime:0.0066s ]
NOTIC: [8] Undefined index: id C:\xampp\htdocs\aiston\Application\Home1\Controller\ProductController.class.php 第 25 行.
SQL: SELECT * FROM `ast_product1`  [ RunTime:0.0005s ]
SQL: SELECT * FROM `ast_product1` LIMIT 0,5   [ RunTime:0.0004s ]
NOTIC: [8] Undefined variable: catename C:\xampp\htdocs\aiston\Application\Home1\Controller\ProductController.class.php 第 48 行.
INFO: [ view_parse ] --START--
INFO: [ template_filter ] --START--
INFO: Run Behavior\ContentReplaceBehavior [ RunTime:0.000104s ]
INFO: [ template_filter ] --END-- [ RunTime:0.000169s ]
NOTIC: [8] Undefined variable: pro C:\xampp\htdocs\aiston\Application\Runtime\Cache\Home1\4d238cce37f2a9dc0ca93d1f28786684.php 第 74 行.
NOTIC: [8] Undefined variable: pro C:\xampp\htdocs\aiston\Application\Runtime\Cache\Home1\4d238cce37f2a9dc0ca93d1f28786684.php 第 74 行.
NOTIC: [8] Undefined variable: pro C:\xampp\htdocs\aiston\Application\Runtime\Cache\Home1\4d238cce37f2a9dc0ca93d1f28786684.php 第 74 行.
NOTIC: [8] Undefined variable: pro C:\xampp\htdocs\aiston\Application\Runtime\Cache\Home1\4d238cce37f2a9dc0ca93d1f28786684.php 第 74 行.
NOTIC: [8] Undefined variable: pro C:\xampp\htdocs\aiston\Application\Runtime\Cache\Home1\4d238cce37f2a9dc0ca93d1f28786684.php 第 74 行.
NOTIC: [8] Undefined index: p C:\xampp\htdocs\aiston\Application\Runtime\Cache\Home1\4d238cce37f2a9dc0ca93d1f28786684.php 第 83 行.
NOTIC: [8] Undefined index: p C:\xampp\htdocs\aiston\Application\Runtime\Cache\Home1\4d238cce37f2a9dc0ca93d1f28786684.php 第 88 行.
NOTIC: [8] Undefined index: p C:\xampp\htdocs\aiston\Application\Runtime\Cache\Home1\4d238cce37f2a9dc0ca93d1f28786684.php 第 88 行.
INFO: Run Behavior\ParseTemplateBehavior [ RunTime:0.014194s ]
INFO: [ view_parse ] --END-- [ RunTime:0.014280s ]
INFO: [ view_filter ] --START--
INFO: Run Behavior\WriteHtmlCacheBehavior [ RunTime:0.000809s ]
INFO: [ view_filter ] --END-- [ RunTime:0.000887s ]
INFO: [ app_end ] --START--
INFO: Run Behavior\ShowPageTraceBehavior [ RunTime:0.001144s ]
INFO: [ app_end ] --END-- [ RunTime:0.001232s ]

[ 2016-05-04T10:58:08+08:00 ] ::1 /index.php/Home1/Walkto/index
INFO: [ app_init ] --START--
INFO: Run Behavior\BuildLiteBehavior [ RunTime:0.000028s ]
INFO: [ app_init ] --END-- [ RunTime:0.000810s ]
INFO: [ app_begin ] --START--
INFO: Run Behavior\ReadHtmlCacheBehavior [ RunTime:0.001773s ]
INFO: [ app_begin ] --END-- [ RunTime:0.001922s ]
SQL: SHOW COLUMNS FROM `ast_banner1` [ RunTime:0.0155s ]
SQL: SELECT * FROM `ast_banner1`  [ RunTime:0.0009s ]
SQL: SHOW COLUMNS FROM `ast_link1` [ RunTime:0.0058s ]
SQL: SELECT * FROM `ast_link1`  [ RunTime:0.0003s ]
SQL: SHOW COLUMNS FROM `ast_about1` [ RunTime:0.0060s ]
SQL: SELECT * FROM `ast_about1`  [ RunTime:0.0006s ]
SQL: SELECT * FROM `ast_about1` WHERE `ast_aid` = 1  [ RunTime:0.0006s ]
INFO: [ view_parse ] --START--
INFO: [ template_filter ] --START--
INFO: Run Behavior\ContentReplaceBehavior [ RunTime:0.000168s ]
INFO: [ template_filter ] --END-- [ RunTime:0.000485s ]
NOTIC: [8] Undefined index: link_url C:\xampp\htdocs\aiston\Application\Runtime\Cache\Home1\e98f8ccb00cf07d813b541ccc7aa59ec.php 第 63 行.
INFO: Run Behavior\ParseTemplateBehavior [ RunTime:0.020081s ]
INFO: [ view_parse ] --END-- [ RunTime:0.020201s ]
INFO: [ view_filter ] --START--
INFO: Run Behavior\WriteHtmlCacheBehavior [ RunTime:0.000786s ]
INFO: [ view_filter ] --END-- [ RunTime:0.000855s ]
INFO: [ app_end ] --START--
INFO: Run Behavior\ShowPageTraceBehavior [ RunTime:0.001067s ]
INFO: [ app_end ] --END-- [ RunTime:0.001159s ]

[ 2016-05-04T10:58:10+08:00 ] ::1 /index.php/Home1/product/index
INFO: [ app_init ] --START--
INFO: Run Behavior\BuildLiteBehavior [ RunTime:0.000027s ]
INFO: [ app_init ] --END-- [ RunTime:0.000789s ]
INFO: [ app_begin ] --START--
INFO: Run Behavior\ReadHtmlCacheBehavior [ RunTime:0.001956s ]
INFO: [ app_begin ] --END-- [ RunTime:0.002119s ]
SQL: SHOW COLUMNS FROM `ast_banner1` [ RunTime:0.0067s ]
SQL: SELECT * FROM `ast_banner1`  [ RunTime:0.0004s ]
SQL: SHOW COLUMNS FROM `ast_link1` [ RunTime:0.0087s ]
SQL: SELECT * FROM `ast_link1`  [ RunTime:0.0004s ]
SQL: SHOW COLUMNS FROM `ast_procate1` [ RunTime:0.0065s ]
SQL: SELECT * FROM `ast_procate1`  [ RunTime:0.0004s ]
SQL: SHOW COLUMNS FROM `ast_product1` [ RunTime:0.0065s ]
NOTIC: [8] Undefined index: id C:\xampp\htdocs\aiston\Application\Home1\Controller\ProductController.class.php 第 25 行.
SQL: SELECT * FROM `ast_product1`  [ RunTime:0.0008s ]
SQL: SELECT * FROM `ast_product1` LIMIT 0,5   [ RunTime:0.0006s ]
NOTIC: [8] Undefined variable: catename C:\xampp\htdocs\aiston\Application\Home1\Controller\ProductController.class.php 第 48 行.
INFO: [ view_parse ] --START--
INFO: [ template_filter ] --START--
INFO: Run Behavior\ContentReplaceBehavior [ RunTime:0.000125s ]
INFO: [ template_filter ] --END-- [ RunTime:0.000207s ]
NOTIC: [8] Undefined variable: pro C:\xampp\htdocs\aiston\Application\Runtime\Cache\Home1\4d238cce37f2a9dc0ca93d1f28786684.php 第 74 行.
NOTIC: [8] Undefined variable: pro C:\xampp\htdocs\aiston\Application\Runtime\Cache\Home1\4d238cce37f2a9dc0ca93d1f28786684.php 第 74 行.
NOTIC: [8] Undefined variable: pro C:\xampp\htdocs\aiston\Application\Runtime\Cache\Home1\4d238cce37f2a9dc0ca93d1f28786684.php 第 74 行.
NOTIC: [8] Undefined variable: pro C:\xampp\htdocs\aiston\Application\Runtime\Cache\Home1\4d238cce37f2a9dc0ca93d1f28786684.php 第 74 行.
NOTIC: [8] Undefined variable: pro C:\xampp\htdocs\aiston\Application\Runtime\Cache\Home1\4d238cce37f2a9dc0ca93d1f28786684.php 第 74 行.
NOTIC: [8] Undefined index: p C:\xampp\htdocs\aiston\Application\Runtime\Cache\Home1\4d238cce37f2a9dc0ca93d1f28786684.php 第 83 行.
NOTIC: [8] Undefined index: p C:\xampp\htdocs\aiston\Application\Runtime\Cache\Home1\4d238cce37f2a9dc0ca93d1f28786684.php 第 88 行.
NOTIC: [8] Undefined index: p C:\xampp\htdocs\aiston\Application\Runtime\Cache\Home1\4d238cce37f2a9dc0ca93d1f28786684.php 第 88 行.
INFO: Run Behavior\ParseTemplateBehavior [ RunTime:0.020439s ]
INFO: [ view_parse ] --END-- [ RunTime:0.020538s ]
INFO: [ view_filter ] --START--
INFO: Run Behavior\WriteHtmlCacheBehavior [ RunTime:0.000745s ]
INFO: [ view_filter ] --END-- [ RunTime:0.000828s ]
INFO: [ app_end ] --START--
INFO: Run Behavior\ShowPageTraceBehavior [ RunTime:0.001124s ]
INFO: [ app_end ] --END-- [ RunTime:0.001222s ]

[ 2016-05-04T10:58:10+08:00 ] ::1 /index.php/Home1/News/index
INFO: [ app_init ] --START--
INFO: Run Behavior\BuildLiteBehavior [ RunTime:0.000025s ]
INFO: [ app_init ] --END-- [ RunTime:0.000565s ]
INFO: [ app_begin ] --START--
INFO: Run Behavior\ReadHtmlCacheBehavior [ RunTime:0.000747s ]
INFO: [ app_begin ] --END-- [ RunTime:0.000809s ]
SQL: SHOW COLUMNS FROM `ast_banner1` [ RunTime:0.0045s ]
SQL: SELECT * FROM `ast_banner1`  [ RunTime:0.0004s ]
SQL: SHOW COLUMNS FROM `ast_link1` [ RunTime:0.0043s ]
SQL: SELECT * FROM `ast_link1`  [ RunTime:0.0004s ]
SQL: SHOW COLUMNS FROM `ast_article1` [ RunTime:0.0047s ]
SQL: SELECT * FROM `ast_article1`  [ RunTime:0.0006s ]
SQL: SHOW COLUMNS FROM `ast_artcate1` [ RunTime:0.0042s ]
SQL: SELECT * FROM `ast_artcate1`  [ RunTime:0.0004s ]
NOTIC: [8] Undefined index: id C:\xampp\htdocs\aiston\Application\Home1\Controller\NewsController.class.php 第 29 行.
SQL: SELECT * FROM `ast_article1` LIMIT 0,5   [ RunTime:0.0005s ]
NOTIC: [8] Undefined variable: catename C:\xampp\htdocs\aiston\Application\Home1\Controller\NewsController.class.php 第 39 行.
INFO: [ view_parse ] --START--
INFO: [ template_filter ] --START--
INFO: Run Behavior\ContentReplaceBehavior [ RunTime:0.000105s ]
INFO: [ template_filter ] --END-- [ RunTime:0.000172s ]
NOTIC: [8] Undefined index: p C:\xampp\htdocs\aiston\Application\Runtime\Cache\Home1\89e9039c3c14056c236f10ac10792c6c.php 第 80 行.
NOTIC: [8] Undefined index: p C:\xampp\htdocs\aiston\Application\Runtime\Cache\Home1\89e9039c3c14056c236f10ac10792c6c.php 第 87 行.
NOTIC: [8] Undefined index: p C:\xampp\htdocs\aiston\Application\Runtime\Cache\Home1\89e9039c3c14056c236f10ac10792c6c.php 第 87 行.
INFO: Run Behavior\ParseTemplateBehavior [ RunTime:0.013387s ]
INFO: [ view_parse ] --END-- [ RunTime:0.013456s ]
INFO: [ view_filter ] --START--
INFO: Run Behavior\WriteHtmlCacheBehavior [ RunTime:0.000633s ]
INFO: [ view_filter ] --END-- [ RunTime:0.000706s ]
INFO: [ app_end ] --START--
INFO: Run Behavior\ShowPageTraceBehavior [ RunTime:0.000813s ]
INFO: [ app_end ] --END-- [ RunTime:0.000878s ]

[ 2016-05-04T10:58:12+08:00 ] ::1 /index.php/Home1/News/index/id/2
INFO: [ app_init ] --START--
INFO: Run Behavior\BuildLiteBehavior [ RunTime:0.000024s ]
INFO: [ app_init ] --END-- [ RunTime:0.000657s ]
INFO: [ app_begin ] --START--
INFO: Run Behavior\ReadHtmlCacheBehavior [ RunTime:0.001298s ]
INFO: [ app_begin ] --END-- [ RunTime:0.001402s ]
SQL: SHOW COLUMNS FROM `ast_banner1` [ RunTime:0.0044s ]
SQL: SELECT * FROM `ast_banner1`  [ RunTime:0.0004s ]
SQL: SHOW COLUMNS FROM `ast_link1` [ RunTime:0.0039s ]
SQL: SELECT * FROM `ast_link1`  [ RunTime:0.0003s ]
SQL: SHOW COLUMNS FROM `ast_article1` [ RunTime:0.0053s ]
SQL: SELECT * FROM `ast_article1`  [ RunTime:0.0013s ]
SQL: SHOW COLUMNS FROM `ast_artcate1` [ RunTime:0.0053s ]
SQL: SELECT * FROM `ast_artcate1`  [ RunTime:0.0004s ]
SQL: SELECT * FROM `ast_article1` WHERE `art_cateid` = 2  [ RunTime:0.0004s ]
SQL: SELECT * FROM `ast_artcate1` WHERE `cate_id` = 2  [ RunTime:0.0003s ]
NOTIC: [8] Undefined variable: Page C:\xampp\htdocs\aiston\Application\Home1\Controller\NewsController.class.php 第 41 行.
NOTIC: [8] Trying to get property of non-object C:\xampp\htdocs\aiston\Application\Home1\Controller\NewsController.class.php 第 41 行.
INFO: [ view_parse ] --START--
INFO: [ template_filter ] --START--
INFO: Run Behavior\ContentReplaceBehavior [ RunTime:0.000113s ]
INFO: [ template_filter ] --END-- [ RunTime:0.000182s ]
NOTIC: [8] Undefined index: p C:\xampp\htdocs\aiston\Application\Runtime\Cache\Home1\89e9039c3c14056c236f10ac10792c6c.php 第 80 行.
NOTIC: [8] Undefined index: p C:\xampp\htdocs\aiston\Application\Runtime\Cache\Home1\89e9039c3c14056c236f10ac10792c6c.php 第 87 行.
INFO: Run Behavior\ParseTemplateBehavior [ RunTime:0.013200s ]
INFO: [ view_parse ] --END-- [ RunTime:0.013262s ]
INFO: [ view_filter ] --START--
INFO: Run Behavior\WriteHtmlCacheBehavior [ RunTime:0.000497s ]
INFO: [ view_filter ] --END-- [ RunTime:0.000547s ]
INFO: [ app_end ] --START--
INFO: Run Behavior\ShowPageTraceBehavior [ RunTime:0.000806s ]
INFO: [ app_end ] --END-- [ RunTime:0.000864s ]

[ 2016-05-04T10:58:14+08:00 ] ::1 /index.php/Home1/News/index/id/1
INFO: [ app_init ] --START--
INFO: Run Behavior\BuildLiteBehavior [ RunTime:0.000017s ]
INFO: [ app_init ] --END-- [ RunTime:0.000465s ]
INFO: [ app_begin ] --START--
INFO: Run Behavior\ReadHtmlCacheBehavior [ RunTime:0.000719s ]
INFO: [ app_begin ] --END-- [ RunTime:0.000782s ]
SQL: SHOW COLUMNS FROM `ast_banner1` [ RunTime:0.0054s ]
SQL: SELECT * FROM `ast_banner1`  [ RunTime:0.0006s ]
SQL: SHOW COLUMNS FROM `ast_link1` [ RunTime:0.0054s ]
SQL: SELECT * FROM `ast_link1`  [ RunTime:0.0004s ]
SQL: SHOW COLUMNS FROM `ast_article1` [ RunTime:0.0048s ]
SQL: SELECT * FROM `ast_article1`  [ RunTime:0.0005s ]
SQL: SHOW COLUMNS FROM `ast_artcate1` [ RunTime:0.0038s ]
SQL: SELECT * FROM `ast_artcate1`  [ RunTime:0.0003s ]
SQL: SELECT * FROM `ast_article1` WHERE `art_cateid` = 1  [ RunTime:0.0004s ]
SQL: SELECT * FROM `ast_artcate1` WHERE `cate_id` = 1  [ RunTime:0.0003s ]
NOTIC: [8] Undefined variable: Page C:\xampp\htdocs\aiston\Application\Home1\Controller\NewsController.class.php 第 41 行.
NOTIC: [8] Trying to get property of non-object C:\xampp\htdocs\aiston\Application\Home1\Controller\NewsController.class.php 第 41 行.
INFO: [ view_parse ] --START--
INFO: [ template_filter ] --START--
INFO: Run Behavior\ContentReplaceBehavior [ RunTime:0.000105s ]
INFO: [ template_filter ] --END-- [ RunTime:0.000170s ]
NOTIC: [8] Undefined index: p C:\xampp\htdocs\aiston\Application\Runtime\Cache\Home1\89e9039c3c14056c236f10ac10792c6c.php 第 80 行.
NOTIC: [8] Undefined index: p C:\xampp\htdocs\aiston\Application\Runtime\Cache\Home1\89e9039c3c14056c236f10ac10792c6c.php 第 87 行.
INFO: Run Behavior\ParseTemplateBehavior [ RunTime:0.014096s ]
INFO: [ view_parse ] --END-- [ RunTime:0.014157s ]
INFO: [ view_filter ] --START--
INFO: Run Behavior\WriteHtmlCacheBehavior [ RunTime:0.000494s ]
INFO: [ view_filter ] --END-- [ RunTime:0.000543s ]
INFO: [ app_end ] --START--
INFO: Run Behavior\ShowPageTraceBehavior [ RunTime:0.000748s ]
INFO: [ app_end ] --END-- [ RunTime:0.000800s ]

[ 2016-05-04T10:58:15+08:00 ] ::1 /index.php/Home1/News/index/id/4
INFO: [ app_init ] --START--
INFO: Run Behavior\BuildLiteBehavior [ RunTime:0.000017s ]
INFO: [ app_init ] --END-- [ RunTime:0.000475s ]
INFO: [ app_begin ] --START--
INFO: Run Behavior\ReadHtmlCacheBehavior [ RunTime:0.000795s ]
INFO: [ app_begin ] --END-- [ RunTime:0.000868s ]
SQL: SHOW COLUMNS FROM `ast_banner1` [ RunTime:0.0047s ]
SQL: SELECT * FROM `ast_banner1`  [ RunTime:0.0004s ]
SQL: SHOW COLUMNS FROM `ast_link1` [ RunTime:0.0042s ]
SQL: SELECT * FROM `ast_link1`  [ RunTime:0.0005s ]
SQL: SHOW COLUMNS FROM `ast_article1` [ RunTime:0.0044s ]
SQL: SELECT * FROM `ast_article1`  [ RunTime:0.0007s ]
SQL: SHOW COLUMNS FROM `ast_artcate1` [ RunTime:0.0038s ]
SQL: SELECT * FROM `ast_artcate1`  [ RunTime:0.0003s ]
SQL: SELECT * FROM `ast_article1` WHERE `art_cateid` = 4  [ RunTime:0.0003s ]
SQL: SELECT * FROM `ast_artcate1` WHERE `cate_id` = 4  [ RunTime:0.0003s ]
NOTIC: [8] Undefined variable: Page C:\xampp\htdocs\aiston\Application\Home1\Controller\NewsController.class.php 第 41 行.
NOTIC: [8] Trying to get property of non-object C:\xampp\htdocs\aiston\Application\Home1\Controller\NewsController.class.php 第 41 行.
INFO: [ view_parse ] --START--
INFO: [ template_filter ] --START--
INFO: Run Behavior\ContentReplaceBehavior [ RunTime:0.000114s ]
INFO: [ template_filter ] --END-- [ RunTime:0.000182s ]
NOTIC: [8] Undefined index: p C:\xampp\htdocs\aiston\Application\Runtime\Cache\Home1\89e9039c3c14056c236f10ac10792c6c.php 第 80 行.
NOTIC: [8] Undefined index: p C:\xampp\htdocs\aiston\Application\Runtime\Cache\Home1\89e9039c3c14056c236f10ac10792c6c.php 第 87 行.
INFO: Run Behavior\ParseTemplateBehavior [ RunTime:0.014440s ]
INFO: [ view_parse ] --END-- [ RunTime:0.014541s ]
INFO: [ view_filter ] --START--
INFO: Run Behavior\WriteHtmlCacheBehavior [ RunTime:0.000827s ]
INFO: [ view_filter ] --END-- [ RunTime:0.000915s ]
INFO: [ app_end ] --START--
INFO: Run Behavior\ShowPageTraceBehavior [ RunTime:0.000910s ]
INFO: [ app_end ] --END-- [ RunTime:0.000982s ]

[ 2016-05-04T10:58:16+08:00 ] ::1 /index.php/Home1/News/index/id/5
INFO: [ app_init ] --START--
INFO: Run Behavior\BuildLiteBehavior [ RunTime:0.000029s ]
INFO: [ app_init ] --END-- [ RunTime:0.000803s ]
INFO: [ app_begin ] --START--
INFO: Run Behavior\ReadHtmlCacheBehavior [ RunTime:0.000743s ]
INFO: [ app_begin ] --END-- [ RunTime:0.000806s ]
SQL: SHOW COLUMNS FROM `ast_banner1` [ RunTime:0.0043s ]
SQL: SELECT * FROM `ast_banner1`  [ RunTime:0.0004s ]
SQL: SHOW COLUMNS FROM `ast_link1` [ RunTime:0.0037s ]
SQL: SELECT * FROM `ast_link1`  [ RunTime:0.0003s ]
SQL: SHOW COLUMNS FROM `ast_article1` [ RunTime:0.0042s ]
SQL: SELECT * FROM `ast_article1`  [ RunTime:0.0005s ]
SQL: SHOW COLUMNS FROM `ast_artcate1` [ RunTime:0.0042s ]
SQL: SELECT * FROM `ast_artcate1`  [ RunTime:0.0003s ]
SQL: SELECT * FROM `ast_article1` WHERE `art_cateid` = 5  [ RunTime:0.0003s ]
SQL: SELECT * FROM `ast_artcate1` WHERE `cate_id` = 5  [ RunTime:0.0003s ]
NOTIC: [8] Undefined variable: Page C:\xampp\htdocs\aiston\Application\Home1\Controller\NewsController.class.php 第 41 行.
NOTIC: [8] Trying to get property of non-object C:\xampp\htdocs\aiston\Application\Home1\Controller\NewsController.class.php 第 41 行.
INFO: [ view_parse ] --START--
INFO: [ template_filter ] --START--
INFO: Run Behavior\ContentReplaceBehavior [ RunTime:0.000111s ]
INFO: [ template_filter ] --END-- [ RunTime:0.000186s ]
NOTIC: [8] Undefined index: p C:\xampp\htdocs\aiston\Application\Runtime\Cache\Home1\89e9039c3c14056c236f10ac10792c6c.php 第 80 行.
NOTIC: [8] Undefined index: p C:\xampp\htdocs\aiston\Application\Runtime\Cache\Home1\89e9039c3c14056c236f10ac10792c6c.php 第 87 行.
INFO: Run Behavior\ParseTemplateBehavior [ RunTime:0.014759s ]
INFO: [ view_parse ] --END-- [ RunTime:0.014820s ]
INFO: [ view_filter ] --START--
INFO: Run Behavior\WriteHtmlCacheBehavior [ RunTime:0.000498s ]
INFO: [ view_filter ] --END-- [ RunTime:0.000546s ]
INFO: [ app_end ] --START--
INFO: Run Behavior\ShowPageTraceBehavior [ RunTime:0.000735s ]
INFO: [ app_end ] --END-- [ RunTime:0.000784s ]

[ 2016-05-04T10:58:18+08:00 ] ::1 /index.php/Home1/News/index/id/2
INFO: [ app_init ] --START--
INFO: Run Behavior\BuildLiteBehavior [ RunTime:0.000017s ]
INFO: [ app_init ] --END-- [ RunTime:0.000469s ]
INFO: [ app_begin ] --START--
INFO: Run Behavior\ReadHtmlCacheBehavior [ RunTime:0.000771s ]
INFO: [ app_begin ] --END-- [ RunTime:0.000836s ]
SQL: SHOW COLUMNS FROM `ast_banner1` [ RunTime:0.0045s ]
SQL: SELECT * FROM `ast_banner1`  [ RunTime:0.0006s ]
SQL: SHOW COLUMNS FROM `ast_link1` [ RunTime:0.0042s ]
SQL: SELECT * FROM `ast_link1`  [ RunTime:0.0004s ]
SQL: SHOW COLUMNS FROM `ast_article1` [ RunTime:0.0049s ]
SQL: SELECT * FROM `ast_article1`  [ RunTime:0.0006s ]
SQL: SHOW COLUMNS FROM `ast_artcate1` [ RunTime:0.0038s ]
SQL: SELECT * FROM `ast_artcate1`  [ RunTime:0.0003s ]
SQL: SELECT * FROM `ast_article1` WHERE `art_cateid` = 2  [ RunTime:0.0004s ]
SQL: SELECT * FROM `ast_artcate1` WHERE `cate_id` = 2  [ RunTime:0.0003s ]
NOTIC: [8] Undefined variable: Page C:\xampp\htdocs\aiston\Application\Home1\Controller\NewsController.class.php 第 41 行.
NOTIC: [8] Trying to get property of non-object C:\xampp\htdocs\aiston\Application\Home1\Controller\NewsController.class.php 第 41 行.
INFO: [ view_parse ] --START--
INFO: [ template_filter ] --START--
INFO: Run Behavior\ContentReplaceBehavior [ RunTime:0.000151s ]
INFO: [ template_filter ] --END-- [ RunTime:0.000252s ]
NOTIC: [8] Undefined index: p C:\xampp\htdocs\aiston\Application\Runtime\Cache\Home1\89e9039c3c14056c236f10ac10792c6c.php 第 80 行.
NOTIC: [8] Undefined index: p C:\xampp\htdocs\aiston\Application\Runtime\Cache\Home1\89e9039c3c14056c236f10ac10792c6c.php 第 87 行.
INFO: Run Behavior\ParseTemplateBehavior [ RunTime:0.014304s ]
INFO: [ view_parse ] --END-- [ RunTime:0.014385s ]
INFO: [ view_filter ] --START--
INFO: Run Behavior\WriteHtmlCacheBehavior [ RunTime:0.000499s ]
INFO: [ view_filter ] --END-- [ RunTime:0.000549s ]
INFO: [ app_end ] --START--
INFO: Run Behavior\ShowPageTraceBehavior [ RunTime:0.000729s ]
INFO: [ app_end ] --END-- [ RunTime:0.000779s ]

[ 2016-05-04T10:58:19+08:00 ] ::1 /index.php/Home1/News/index/id/1
INFO: [ app_init ] --START--
INFO: Run Behavior\BuildLiteBehavior [ RunTime:0.000016s ]
INFO: [ app_init ] --END-- [ RunTime:0.000457s ]
INFO: [ app_begin ] --START--
INFO: Run Behavior\ReadHtmlCacheBehavior [ RunTime:0.000786s ]
INFO: [ app_begin ] --END-- [ RunTime:0.000867s ]
SQL: SHOW COLUMNS FROM `ast_banner1` [ RunTime:0.0041s ]
SQL: SELECT * FROM `ast_banner1`  [ RunTime:0.0004s ]
SQL: SHOW COLUMNS FROM `ast_link1` [ RunTime:0.0041s ]
SQL: SELECT * FROM `ast_link1`  [ RunTime:0.0003s ]
SQL: SHOW COLUMNS FROM `ast_article1` [ RunTime:0.0040s ]
SQL: SELECT * FROM `ast_article1`  [ RunTime:0.0004s ]
SQL: SHOW COLUMNS FROM `ast_artcate1` [ RunTime:0.0039s ]
SQL: SELECT * FROM `ast_artcate1`  [ RunTime:0.0003s ]
SQL: SELECT * FROM `ast_article1` WHERE `art_cateid` = 1  [ RunTime:0.0003s ]
SQL: SELECT * FROM `ast_artcate1` WHERE `cate_id` = 1  [ RunTime:0.0002s ]
NOTIC: [8] Undefined variable: Page C:\xampp\htdocs\aiston\Application\Home1\Controller\NewsController.class.php 第 41 行.
NOTIC: [8] Trying to get property of non-object C:\xampp\htdocs\aiston\Application\Home1\Controller\NewsController.class.php 第 41 行.
INFO: [ view_parse ] --START--
INFO: [ template_filter ] --START--
INFO: Run Behavior\ContentReplaceBehavior [ RunTime:0.000105s ]
INFO: [ template_filter ] --END-- [ RunTime:0.000171s ]
NOTIC: [8] Undefined index: p C:\xampp\htdocs\aiston\Application\Runtime\Cache\Home1\89e9039c3c14056c236f10ac10792c6c.php 第 80 行.
NOTIC: [8] Undefined index: p C:\xampp\htdocs\aiston\Application\Runtime\Cache\Home1\89e9039c3c14056c236f10ac10792c6c.php 第 87 行.
INFO: Run Behavior\ParseTemplateBehavior [ RunTime:0.013351s ]
INFO: [ view_parse ] --END-- [ RunTime:0.013408s ]
INFO: [ view_filter ] --START--
INFO: Run Behavior\WriteHtmlCacheBehavior [ RunTime:0.000494s ]
INFO: [ view_filter ] --END-- [ RunTime:0.000545s ]
INFO: [ app_end ] --START--
INFO: Run Behavior\ShowPageTraceBehavior [ RunTime:0.000733s ]
INFO: [ app_end ] --END-- [ RunTime:0.000784s ]

[ 2016-05-04T11:01:28+08:00 ] ::1 /index.php/Home1/Index
INFO: [ app_init ] --START--
INFO: Run Behavior\BuildLiteBehavior [ RunTime:0.000027s ]
INFO: [ app_init ] --END-- [ RunTime:0.000723s ]
INFO: [ app_begin ] --START--
INFO: Run Behavior\ReadHtmlCacheBehavior [ RunTime:0.000910s ]
INFO: [ app_begin ] --END-- [ RunTime:0.001013s ]
SQL: SHOW COLUMNS FROM `ast_banner1` [ RunTime:0.0047s ]
SQL: SELECT * FROM `ast_banner1`  [ RunTime:0.0004s ]
SQL: SHOW COLUMNS FROM `ast_link1` [ RunTime:0.0058s ]
SQL: SELECT * FROM `ast_link1`  [ RunTime:0.0004s ]
SQL: SHOW COLUMNS FROM `ast_company1` [ RunTime:0.0055s ]
SQL: SHOW COLUMNS FROM `ast_article1` [ RunTime:0.0055s ]
SQL: SHOW COLUMNS FROM `ast_product1` [ RunTime:0.0061s ]
SQL: SHOW COLUMNS FROM `ast_procate1` [ RunTime:0.0054s ]
SQL: SELECT * FROM `ast_procate1`  [ RunTime:0.0003s ]
SQL: SELECT * FROM `ast_article1` WHERE `art_cateid` = 4 LIMIT 5   [ RunTime:0.0003s ]
SQL: SELECT * FROM `ast_article1` WHERE `art_cateid` = 5 LIMIT 3   [ RunTime:0.0003s ]
SQL: SELECT * FROM `ast_article1` ORDER BY art_addtime desc LIMIT 2,3   [ RunTime:0.0006s ]
SQL: SELECT * FROM `ast_article1` ORDER BY art_addtime desc LIMIT 1   [ RunTime:0.0003s ]
SQL: SELECT * FROM `ast_product1`  [ RunTime:0.0003s ]
SQL: SELECT * FROM `ast_company1`  [ RunTime:0.0002s ]
INFO: [ view_parse ] --START--
INFO: [ template_filter ] --START--
INFO: Run Behavior\ContentReplaceBehavior [ RunTime:0.000197s ]
INFO: [ template_filter ] --END-- [ RunTime:0.000291s ]
INFO: Run Behavior\ParseTemplateBehavior [ RunTime:0.020591s ]
INFO: [ view_parse ] --END-- [ RunTime:0.020695s ]
INFO: [ view_filter ] --START--
INFO: Run Behavior\WriteHtmlCacheBehavior [ RunTime:0.000822s ]
INFO: [ view_filter ] --END-- [ RunTime:0.000907s ]
INFO: [ app_end ] --START--
INFO: Run Behavior\ShowPageTraceBehavior [ RunTime:0.002507s ]
INFO: [ app_end ] --END-- [ RunTime:0.002647s ]

[ 2016-05-04T11:02:07+08:00 ] ::1 /index.php/Home1/Index
INFO: [ app_init ] --START--
INFO: Run Behavior\BuildLiteBehavior [ RunTime:0.000050s ]
INFO: [ app_init ] --END-- [ RunTime:0.001858s ]
INFO: [ app_begin ] --START--
INFO: Run Behavior\ReadHtmlCacheBehavior [ RunTime:0.001335s ]
INFO: [ app_begin ] --END-- [ RunTime:0.001470s ]
SQL: SHOW COLUMNS FROM `ast_banner1` [ RunTime:0.0091s ]
SQL: SELECT * FROM `ast_banner1`  [ RunTime:0.0006s ]
SQL: SHOW COLUMNS FROM `ast_link1` [ RunTime:0.0059s ]
SQL: SELECT * FROM `ast_link1`  [ RunTime:0.0004s ]
SQL: SHOW COLUMNS FROM `ast_company1` [ RunTime:0.0066s ]
SQL: SHOW COLUMNS FROM `ast_article1` [ RunTime:0.0074s ]
SQL: SHOW COLUMNS FROM `ast_product1` [ RunTime:0.0080s ]
SQL: SHOW COLUMNS FROM `ast_procate1` [ RunTime:0.0055s ]
SQL: SELECT * FROM `ast_procate1`  [ RunTime:0.0009s ]
SQL: SELECT * FROM `ast_article1` WHERE `art_cateid` = 4 LIMIT 5   [ RunTime:0.0006s ]
SQL: SELECT * FROM `ast_article1` WHERE `art_cateid` = 5 LIMIT 3   [ RunTime:0.0004s ]
SQL: SELECT * FROM `ast_article1` ORDER BY art_addtime desc LIMIT 2,3   [ RunTime:0.0008s ]
SQL: SELECT * FROM `ast_article1` ORDER BY art_addtime desc LIMIT 1   [ RunTime:0.0005s ]
SQL: SELECT * FROM `ast_product1`  [ RunTime:0.0005s ]
SQL: SELECT * FROM `ast_company1`  [ RunTime:0.0005s ]
INFO: [ view_parse ] --START--
INFO: [ template_filter ] --START--
INFO: Run Behavior\ContentReplaceBehavior [ RunTime:0.000201s ]
INFO: [ template_filter ] --END-- [ RunTime:0.000310s ]
INFO: Run Behavior\ParseTemplateBehavior [ RunTime:0.025467s ]
INFO: [ view_parse ] --END-- [ RunTime:0.025607s ]
INFO: [ view_filter ] --START--
INFO: Run Behavior\WriteHtmlCacheBehavior [ RunTime:0.000631s ]
INFO: [ view_filter ] --END-- [ RunTime:0.000707s ]
INFO: [ app_end ] --START--
INFO: Run Behavior\ShowPageTraceBehavior [ RunTime:0.002363s ]
INFO: [ app_end ] --END-- [ RunTime:0.002608s ]

