[ 2016-03-24T22:11:07+08:00 ] ::1 /index.php/Home1/Index
INFO: [ app_init ] --START--
INFO: Run Behavior\BuildLiteBehavior [ RunTime:0.000017s ]
INFO: [ app_init ] --END-- [ RunTime:0.000458s ]
INFO: [ app_begin ] --START--
INFO: Run Behavior\ReadHtmlCacheBehavior [ RunTime:0.000712s ]
INFO: [ app_begin ] --END-- [ RunTime:0.000777s ]
SQL: SHOW COLUMNS FROM `ast_banner1` [ RunTime:0.0074s ]
SQL: SELECT * FROM `ast_banner1`  [ RunTime:0.0006s ]
SQL: SHOW COLUMNS FROM `ast_link1` [ RunTime:0.0075s ]
SQL: SELECT * FROM `ast_link1`  [ RunTime:0.0005s ]
SQL: SHOW COLUMNS FROM `ast_company1` [ RunTime:0.0198s ]
SQL: SHOW COLUMNS FROM `ast_article1` [ RunTime:0.0075s ]
SQL: SHOW COLUMNS FROM `ast_product1` [ RunTime:0.0072s ]
SQL: SHOW COLUMNS FROM `ast_procate1` [ RunTime:0.0068s ]
SQL: SELECT * FROM `ast_procate1`  [ RunTime:0.0008s ]
SQL: SELECT * FROM `ast_article1` WHERE `art_cateid` = 4 LIMIT 5   [ RunTime:0.0013s ]
SQL: SELECT * FROM `ast_article1` WHERE `art_cateid` = 5 LIMIT 3   [ RunTime:0.0006s ]
SQL: SELECT * FROM `ast_article1` ORDER BY art_addtime desc LIMIT 2,3   [ RunTime:0.0009s ]
SQL: SELECT * FROM `ast_article1` ORDER BY art_addtime desc LIMIT 1   [ RunTime:0.0007s ]
SQL: SELECT * FROM `ast_product1`  [ RunTime:0.0009s ]
SQL: SELECT * FROM `ast_company1`  [ RunTime:0.0005s ]
INFO: [ view_parse ] --START--
INFO: [ template_filter ] --START--
INFO: Run Behavior\ContentReplaceBehavior [ RunTime:0.000143s ]
INFO: [ template_filter ] --END-- [ RunTime:0.000220s ]
INFO: Run Behavior\ParseTemplateBehavior [ RunTime:0.017871s ]
INFO: [ view_parse ] --END-- [ RunTime:0.017958s ]
INFO: [ view_filter ] --START--
INFO: Run Behavior\WriteHtmlCacheBehavior [ RunTime:0.000554s ]
INFO: [ view_filter ] --END-- [ RunTime:0.000605s ]
INFO: [ app_end ] --START--
INFO: Run Behavior\ShowPageTraceBehavior [ RunTime:0.001035s ]
INFO: [ app_end ] --END-- [ RunTime:0.001112s ]

[ 2016-03-24T22:12:15+08:00 ] ::1 /index.php/Home1/Index
INFO: [ app_init ] --START--
INFO: Run Behavior\BuildLiteBehavior [ RunTime:0.000017s ]
INFO: [ app_init ] --END-- [ RunTime:0.000507s ]
INFO: [ app_begin ] --START--
INFO: Run Behavior\ReadHtmlCacheBehavior [ RunTime:0.000841s ]
INFO: [ app_begin ] --END-- [ RunTime:0.000932s ]
SQL: SHOW COLUMNS FROM `ast_banner1` [ RunTime:0.0041s ]
SQL: SELECT * FROM `ast_banner1`  [ RunTime:0.0004s ]
SQL: SHOW COLUMNS FROM `ast_link1` [ RunTime:0.0042s ]
SQL: SELECT * FROM `ast_link1`  [ RunTime:0.0004s ]
SQL: SHOW COLUMNS FROM `ast_company1` [ RunTime:0.0049s ]
SQL: SHOW COLUMNS FROM `ast_article1` [ RunTime:0.0048s ]
SQL: SHOW COLUMNS FROM `ast_product1` [ RunTime:0.0060s ]
SQL: SHOW COLUMNS FROM `ast_procate1` [ RunTime:0.0046s ]
SQL: SELECT * FROM `ast_procate1`  [ RunTime:0.0003s ]
SQL: SELECT * FROM `ast_article1` WHERE `art_cateid` = 4 LIMIT 5   [ RunTime:0.0005s ]
SQL: SELECT * FROM `ast_article1` WHERE `art_cateid` = 5 LIMIT 3   [ RunTime:0.0004s ]
SQL: SELECT * FROM `ast_article1` ORDER BY art_addtime desc LIMIT 2,3   [ RunTime:0.0006s ]
SQL: SELECT * FROM `ast_article1` ORDER BY art_addtime desc LIMIT 1   [ RunTime:0.0003s ]
SQL: SELECT * FROM `ast_product1`  [ RunTime:0.0004s ]
SQL: SELECT * FROM `ast_company1`  [ RunTime:0.0002s ]
INFO: [ view_parse ] --START--
INFO: [ template_filter ] --START--
INFO: Run Behavior\ContentReplaceBehavior [ RunTime:0.000135s ]
INFO: [ template_filter ] --END-- [ RunTime:0.000205s ]
INFO: Run Behavior\ParseTemplateBehavior [ RunTime:0.019447s ]
INFO: [ view_parse ] --END-- [ RunTime:0.019545s ]
INFO: [ view_filter ] --START--
INFO: Run Behavior\WriteHtmlCacheBehavior [ RunTime:0.000827s ]
INFO: [ view_filter ] --END-- [ RunTime:0.000917s ]
INFO: [ app_end ] --START--
INFO: Run Behavior\ShowPageTraceBehavior [ RunTime:0.001347s ]
INFO: [ app_end ] --END-- [ RunTime:0.001466s ]

[ 2016-03-24T22:12:16+08:00 ] ::1 /index.php/Home1/Contact/index
INFO: [ app_init ] --START--
INFO: Run Behavior\BuildLiteBehavior [ RunTime:0.000018s ]
INFO: [ app_init ] --END-- [ RunTime:0.000473s ]
INFO: [ app_begin ] --START--
INFO: Run Behavior\ReadHtmlCacheBehavior [ RunTime:0.000731s ]
INFO: [ app_begin ] --END-- [ RunTime:0.000806s ]
SQL: SHOW COLUMNS FROM `ast_banner1` [ RunTime:0.0046s ]
SQL: SELECT * FROM `ast_banner1`  [ RunTime:0.0004s ]
SQL: SHOW COLUMNS FROM `ast_link1` [ RunTime:0.0038s ]
SQL: SELECT * FROM `ast_link1`  [ RunTime:0.0003s ]
SQL: SHOW COLUMNS FROM `ast_company1` [ RunTime:0.0047s ]
SQL: SELECT * FROM `ast_company1` WHERE `c_id` = 2  [ RunTime:0.0005s ]
INFO: [ view_parse ] --START--
INFO: [ template_filter ] --START--
INFO: Run Behavior\ContentReplaceBehavior [ RunTime:0.000093s ]
INFO: [ template_filter ] --END-- [ RunTime:0.000168s ]
INFO: Run Behavior\ParseTemplateBehavior [ RunTime:0.013414s ]
INFO: [ view_parse ] --END-- [ RunTime:0.013521s ]
INFO: [ view_filter ] --START--
INFO: Run Behavior\WriteHtmlCacheBehavior [ RunTime:0.000884s ]
INFO: [ view_filter ] --END-- [ RunTime:0.000968s ]
INFO: [ app_end ] --START--
INFO: Run Behavior\ShowPageTraceBehavior [ RunTime:0.000857s ]
INFO: [ app_end ] --END-- [ RunTime:0.000924s ]

[ 2016-03-24T22:18:09+08:00 ] ::1 /index.php/Home1/Walkto/index
INFO: [ app_init ] --START--
INFO: Run Behavior\BuildLiteBehavior [ RunTime:0.000016s ]
INFO: [ app_init ] --END-- [ RunTime:0.000626s ]
INFO: [ app_begin ] --START--
INFO: Run Behavior\ReadHtmlCacheBehavior [ RunTime:0.001515s ]
INFO: [ app_begin ] --END-- [ RunTime:0.001615s ]
SQL: SHOW COLUMNS FROM `ast_banner1` [ RunTime:0.0041s ]
SQL: SELECT * FROM `ast_banner1`  [ RunTime:0.0005s ]
SQL: SHOW COLUMNS FROM `ast_link1` [ RunTime:0.0043s ]
SQL: SELECT * FROM `ast_link1`  [ RunTime:0.0003s ]
SQL: SHOW COLUMNS FROM `ast_about1` [ RunTime:0.0036s ]
SQL: SELECT * FROM `ast_about1`  [ RunTime:0.0004s ]
SQL: SELECT * FROM `ast_about1` WHERE `ast_aid` = 1  [ RunTime:0.0003s ]
INFO: [ view_parse ] --START--
INFO: [ template_filter ] --START--
INFO: Run Behavior\ContentReplaceBehavior [ RunTime:0.000093s ]
INFO: [ template_filter ] --END-- [ RunTime:0.000160s ]
NOTIC: [8] Undefined index: link_url C:\xampp\htdocs\aiston\Application\Runtime\Cache\Home1\e98f8ccb00cf07d813b541ccc7aa59ec.php 第 59 行.
INFO: Run Behavior\ParseTemplateBehavior [ RunTime:0.014539s ]
INFO: [ view_parse ] --END-- [ RunTime:0.014615s ]
INFO: [ view_filter ] --START--
INFO: Run Behavior\WriteHtmlCacheBehavior [ RunTime:0.000809s ]
INFO: [ view_filter ] --END-- [ RunTime:0.000863s ]
INFO: [ app_end ] --START--
INFO: Run Behavior\ShowPageTraceBehavior [ RunTime:0.001085s ]
INFO: [ app_end ] --END-- [ RunTime:0.001150s ]

[ 2016-03-24T22:18:10+08:00 ] ::1 /index.php/Home1/product/index
INFO: [ app_init ] --START--
INFO: Run Behavior\BuildLiteBehavior [ RunTime:0.000017s ]
INFO: [ app_init ] --END-- [ RunTime:0.000554s ]
INFO: [ app_begin ] --START--
INFO: Run Behavior\ReadHtmlCacheBehavior [ RunTime:0.001075s ]
INFO: [ app_begin ] --END-- [ RunTime:0.001146s ]
SQL: SHOW COLUMNS FROM `ast_banner1` [ RunTime:0.0039s ]
SQL: SELECT * FROM `ast_banner1`  [ RunTime:0.0004s ]
SQL: SHOW COLUMNS FROM `ast_link1` [ RunTime:0.0038s ]
SQL: SELECT * FROM `ast_link1`  [ RunTime:0.0003s ]
SQL: SHOW COLUMNS FROM `ast_procate1` [ RunTime:0.0036s ]
SQL: SELECT * FROM `ast_procate1`  [ RunTime:0.0003s ]
SQL: SHOW COLUMNS FROM `ast_product1` [ RunTime:0.0036s ]
NOTIC: [8] Undefined index: id C:\xampp\htdocs\aiston\Application\Home1\Controller\ProductController.class.php 第 16 行.
SQL: SELECT * FROM `ast_product1`  [ RunTime:0.0004s ]
SQL: SELECT * FROM `ast_product1` LIMIT 0,5   [ RunTime:0.0003s ]
INFO: [ view_parse ] --START--
INFO: [ template_filter ] --START--
INFO: Run Behavior\ContentReplaceBehavior [ RunTime:0.000101s ]
INFO: [ template_filter ] --END-- [ RunTime:0.000167s ]
NOTIC: [8] Undefined variable: pro C:\xampp\htdocs\aiston\Application\Runtime\Cache\Home1\4d238cce37f2a9dc0ca93d1f28786684.php 第 71 行.
NOTIC: [8] Undefined variable: pro C:\xampp\htdocs\aiston\Application\Runtime\Cache\Home1\4d238cce37f2a9dc0ca93d1f28786684.php 第 71 行.
NOTIC: [8] Undefined variable: pro C:\xampp\htdocs\aiston\Application\Runtime\Cache\Home1\4d238cce37f2a9dc0ca93d1f28786684.php 第 71 行.
NOTIC: [8] Undefined variable: pro C:\xampp\htdocs\aiston\Application\Runtime\Cache\Home1\4d238cce37f2a9dc0ca93d1f28786684.php 第 71 行.
NOTIC: [8] Undefined variable: pro C:\xampp\htdocs\aiston\Application\Runtime\Cache\Home1\4d238cce37f2a9dc0ca93d1f28786684.php 第 71 行.
NOTIC: [8] Undefined index: p C:\xampp\htdocs\aiston\Application\Runtime\Cache\Home1\4d238cce37f2a9dc0ca93d1f28786684.php 第 80 行.
NOTIC: [8] Undefined index: p C:\xampp\htdocs\aiston\Application\Runtime\Cache\Home1\4d238cce37f2a9dc0ca93d1f28786684.php 第 85 行.
NOTIC: [8] Undefined index: p C:\xampp\htdocs\aiston\Application\Runtime\Cache\Home1\4d238cce37f2a9dc0ca93d1f28786684.php 第 85 行.
INFO: Run Behavior\ParseTemplateBehavior [ RunTime:0.015927s ]
INFO: [ view_parse ] --END-- [ RunTime:0.015987s ]
INFO: [ view_filter ] --START--
INFO: Run Behavior\WriteHtmlCacheBehavior [ RunTime:0.000968s ]
INFO: [ view_filter ] --END-- [ RunTime:0.001035s ]
INFO: [ app_end ] --START--
INFO: Run Behavior\ShowPageTraceBehavior [ RunTime:0.001216s ]
INFO: [ app_end ] --END-- [ RunTime:0.001282s ]

[ 2016-03-24T22:18:11+08:00 ] ::1 /index.php/Home1/Walkto/index
INFO: [ app_init ] --START--
INFO: Run Behavior\BuildLiteBehavior [ RunTime:0.000017s ]
INFO: [ app_init ] --END-- [ RunTime:0.000560s ]
INFO: [ app_begin ] --START--
INFO: Run Behavior\ReadHtmlCacheBehavior [ RunTime:0.001042s ]
INFO: [ app_begin ] --END-- [ RunTime:0.001105s ]
SQL: SHOW COLUMNS FROM `ast_banner1` [ RunTime:0.0042s ]
SQL: SELECT * FROM `ast_banner1`  [ RunTime:0.0004s ]
SQL: SHOW COLUMNS FROM `ast_link1` [ RunTime:0.0039s ]
SQL: SELECT * FROM `ast_link1`  [ RunTime:0.0003s ]
SQL: SHOW COLUMNS FROM `ast_about1` [ RunTime:0.0035s ]
SQL: SELECT * FROM `ast_about1`  [ RunTime:0.0003s ]
SQL: SELECT * FROM `ast_about1` WHERE `ast_aid` = 1  [ RunTime:0.0002s ]
INFO: [ view_parse ] --START--
INFO: [ template_filter ] --START--
INFO: Run Behavior\ContentReplaceBehavior [ RunTime:0.000094s ]
INFO: [ template_filter ] --END-- [ RunTime:0.000163s ]
NOTIC: [8] Undefined index: link_url C:\xampp\htdocs\aiston\Application\Runtime\Cache\Home1\e98f8ccb00cf07d813b541ccc7aa59ec.php 第 59 行.
INFO: Run Behavior\ParseTemplateBehavior [ RunTime:0.014267s ]
INFO: [ view_parse ] --END-- [ RunTime:0.014331s ]
INFO: [ view_filter ] --START--
INFO: Run Behavior\WriteHtmlCacheBehavior [ RunTime:0.000731s ]
INFO: [ view_filter ] --END-- [ RunTime:0.000782s ]
INFO: [ app_end ] --START--
INFO: Run Behavior\ShowPageTraceBehavior [ RunTime:0.001055s ]
INFO: [ app_end ] --END-- [ RunTime:0.001110s ]

[ 2016-03-24T22:18:11+08:00 ] ::1 /index.php/Home1/product/index
INFO: [ app_init ] --START--
INFO: Run Behavior\BuildLiteBehavior [ RunTime:0.000016s ]
INFO: [ app_init ] --END-- [ RunTime:0.000550s ]
INFO: [ app_begin ] --START--
INFO: Run Behavior\ReadHtmlCacheBehavior [ RunTime:0.001185s ]
INFO: [ app_begin ] --END-- [ RunTime:0.001269s ]
SQL: SHOW COLUMNS FROM `ast_banner1` [ RunTime:0.0037s ]
SQL: SELECT * FROM `ast_banner1`  [ RunTime:0.0004s ]
SQL: SHOW COLUMNS FROM `ast_link1` [ RunTime:0.0034s ]
SQL: SELECT * FROM `ast_link1`  [ RunTime:0.0003s ]
SQL: SHOW COLUMNS FROM `ast_procate1` [ RunTime:0.0043s ]
SQL: SELECT * FROM `ast_procate1`  [ RunTime:0.0008s ]
SQL: SHOW COLUMNS FROM `ast_product1` [ RunTime:0.0068s ]
NOTIC: [8] Undefined index: id C:\xampp\htdocs\aiston\Application\Home1\Controller\ProductController.class.php 第 16 行.
SQL: SELECT * FROM `ast_product1`  [ RunTime:0.0008s ]
SQL: SELECT * FROM `ast_product1` LIMIT 0,5   [ RunTime:0.0005s ]
INFO: [ view_parse ] --START--
INFO: [ template_filter ] --START--
INFO: Run Behavior\ContentReplaceBehavior [ RunTime:0.000102s ]
INFO: [ template_filter ] --END-- [ RunTime:0.000169s ]
NOTIC: [8] Undefined variable: pro C:\xampp\htdocs\aiston\Application\Runtime\Cache\Home1\4d238cce37f2a9dc0ca93d1f28786684.php 第 71 行.
NOTIC: [8] Undefined variable: pro C:\xampp\htdocs\aiston\Application\Runtime\Cache\Home1\4d238cce37f2a9dc0ca93d1f28786684.php 第 71 行.
NOTIC: [8] Undefined variable: pro C:\xampp\htdocs\aiston\Application\Runtime\Cache\Home1\4d238cce37f2a9dc0ca93d1f28786684.php 第 71 行.
NOTIC: [8] Undefined variable: pro C:\xampp\htdocs\aiston\Application\Runtime\Cache\Home1\4d238cce37f2a9dc0ca93d1f28786684.php 第 71 行.
NOTIC: [8] Undefined variable: pro C:\xampp\htdocs\aiston\Application\Runtime\Cache\Home1\4d238cce37f2a9dc0ca93d1f28786684.php 第 71 行.
NOTIC: [8] Undefined index: p C:\xampp\htdocs\aiston\Application\Runtime\Cache\Home1\4d238cce37f2a9dc0ca93d1f28786684.php 第 80 行.
NOTIC: [8] Undefined index: p C:\xampp\htdocs\aiston\Application\Runtime\Cache\Home1\4d238cce37f2a9dc0ca93d1f28786684.php 第 85 行.
NOTIC: [8] Undefined index: p C:\xampp\htdocs\aiston\Application\Runtime\Cache\Home1\4d238cce37f2a9dc0ca93d1f28786684.php 第 85 行.
INFO: Run Behavior\ParseTemplateBehavior [ RunTime:0.015964s ]
INFO: [ view_parse ] --END-- [ RunTime:0.016027s ]
INFO: [ view_filter ] --START--
INFO: Run Behavior\WriteHtmlCacheBehavior [ RunTime:0.000752s ]
INFO: [ view_filter ] --END-- [ RunTime:0.000802s ]
INFO: [ app_end ] --START--
INFO: Run Behavior\ShowPageTraceBehavior [ RunTime:0.001085s ]
INFO: [ app_end ] --END-- [ RunTime:0.001146s ]

[ 2016-03-24T22:18:12+08:00 ] ::1 /index.php/Home1/News/index
INFO: [ app_init ] --START--
INFO: Run Behavior\BuildLiteBehavior [ RunTime:0.000019s ]
INFO: [ app_init ] --END-- [ RunTime:0.000621s ]
INFO: [ app_begin ] --START--
INFO: Run Behavior\ReadHtmlCacheBehavior [ RunTime:0.001288s ]
INFO: [ app_begin ] --END-- [ RunTime:0.001396s ]
SQL: SHOW COLUMNS FROM `ast_banner1` [ RunTime:0.0040s ]
SQL: SELECT * FROM `ast_banner1`  [ RunTime:0.0004s ]
SQL: SHOW COLUMNS FROM `ast_link1` [ RunTime:0.0036s ]
SQL: SELECT * FROM `ast_link1`  [ RunTime:0.0003s ]
SQL: SHOW COLUMNS FROM `ast_article1` [ RunTime:0.0043s ]
SQL: SELECT * FROM `ast_article1`  [ RunTime:0.0006s ]
SQL: SHOW COLUMNS FROM `ast_artcate1` [ RunTime:0.0043s ]
SQL: SELECT * FROM `ast_artcate1`  [ RunTime:0.0004s ]
NOTIC: [8] Undefined index: id C:\xampp\htdocs\aiston\Application\Home1\Controller\NewsController.class.php 第 27 行.
SQL: SELECT * FROM `ast_article1` LIMIT 0,5   [ RunTime:0.0004s ]
INFO: [ view_parse ] --START--
INFO: [ template_filter ] --START--
INFO: Run Behavior\ContentReplaceBehavior [ RunTime:0.000107s ]
INFO: [ template_filter ] --END-- [ RunTime:0.000176s ]
NOTIC: [8] Undefined index: p C:\xampp\htdocs\aiston\Application\Runtime\Cache\Home1\89e9039c3c14056c236f10ac10792c6c.php 第 77 行.
NOTIC: [8] Undefined index: p C:\xampp\htdocs\aiston\Application\Runtime\Cache\Home1\89e9039c3c14056c236f10ac10792c6c.php 第 84 行.
NOTIC: [8] Undefined index: p C:\xampp\htdocs\aiston\Application\Runtime\Cache\Home1\89e9039c3c14056c236f10ac10792c6c.php 第 84 行.
INFO: Run Behavior\ParseTemplateBehavior [ RunTime:0.016431s ]
INFO: [ view_parse ] --END-- [ RunTime:0.016493s ]
INFO: [ view_filter ] --START--
INFO: Run Behavior\WriteHtmlCacheBehavior [ RunTime:0.000774s ]
INFO: [ view_filter ] --END-- [ RunTime:0.000827s ]
INFO: [ app_end ] --START--
INFO: Run Behavior\ShowPageTraceBehavior [ RunTime:0.001060s ]
INFO: [ app_end ] --END-- [ RunTime:0.001115s ]

[ 2016-03-24T22:18:13+08:00 ] ::1 /index.php/Home1/News/index
INFO: [ app_init ] --START--
INFO: Run Behavior\BuildLiteBehavior [ RunTime:0.000017s ]
INFO: [ app_init ] --END-- [ RunTime:0.000559s ]
INFO: [ app_begin ] --START--
INFO: Run Behavior\ReadHtmlCacheBehavior [ RunTime:0.001051s ]
INFO: [ app_begin ] --END-- [ RunTime:0.001118s ]
SQL: SHOW COLUMNS FROM `ast_banner1` [ RunTime:0.0042s ]
SQL: SELECT * FROM `ast_banner1`  [ RunTime:0.0004s ]
SQL: SHOW COLUMNS FROM `ast_link1` [ RunTime:0.0037s ]
SQL: SELECT * FROM `ast_link1`  [ RunTime:0.0003s ]
SQL: SHOW COLUMNS FROM `ast_article1` [ RunTime:0.0036s ]
SQL: SELECT * FROM `ast_article1`  [ RunTime:0.0004s ]
SQL: SHOW COLUMNS FROM `ast_artcate1` [ RunTime:0.0033s ]
SQL: SELECT * FROM `ast_artcate1`  [ RunTime:0.0003s ]
NOTIC: [8] Undefined index: id C:\xampp\htdocs\aiston\Application\Home1\Controller\NewsController.class.php 第 27 行.
SQL: SELECT * FROM `ast_article1` LIMIT 0,5   [ RunTime:0.0004s ]
INFO: [ view_parse ] --START--
INFO: [ template_filter ] --START--
INFO: Run Behavior\ContentReplaceBehavior [ RunTime:0.000103s ]
INFO: [ template_filter ] --END-- [ RunTime:0.000169s ]
NOTIC: [8] Undefined index: p C:\xampp\htdocs\aiston\Application\Runtime\Cache\Home1\89e9039c3c14056c236f10ac10792c6c.php 第 77 行.
NOTIC: [8] Undefined index: p C:\xampp\htdocs\aiston\Application\Runtime\Cache\Home1\89e9039c3c14056c236f10ac10792c6c.php 第 84 行.
NOTIC: [8] Undefined index: p C:\xampp\htdocs\aiston\Application\Runtime\Cache\Home1\89e9039c3c14056c236f10ac10792c6c.php 第 84 行.
INFO: Run Behavior\ParseTemplateBehavior [ RunTime:0.016036s ]
INFO: [ view_parse ] --END-- [ RunTime:0.016104s ]
INFO: [ view_filter ] --START--
INFO: Run Behavior\WriteHtmlCacheBehavior [ RunTime:0.000755s ]
INFO: [ view_filter ] --END-- [ RunTime:0.000808s ]
INFO: [ app_end ] --START--
INFO: Run Behavior\ShowPageTraceBehavior [ RunTime:0.001237s ]
INFO: [ app_end ] --END-- [ RunTime:0.001300s ]

[ 2016-03-24T22:18:14+08:00 ] ::1 /index.php/Home1/Contact/index
INFO: [ app_init ] --START--
INFO: Run Behavior\BuildLiteBehavior [ RunTime:0.000024s ]
INFO: [ app_init ] --END-- [ RunTime:0.000846s ]
INFO: [ app_begin ] --START--
INFO: Run Behavior\ReadHtmlCacheBehavior [ RunTime:0.001052s ]
INFO: [ app_begin ] --END-- [ RunTime:0.001121s ]
SQL: SHOW COLUMNS FROM `ast_banner1` [ RunTime:0.0040s ]
SQL: SELECT * FROM `ast_banner1`  [ RunTime:0.0004s ]
SQL: SHOW COLUMNS FROM `ast_link1` [ RunTime:0.0036s ]
SQL: SELECT * FROM `ast_link1`  [ RunTime:0.0003s ]
SQL: SHOW COLUMNS FROM `ast_company1` [ RunTime:0.0036s ]
SQL: SELECT * FROM `ast_company1` WHERE `c_id` = 2  [ RunTime:0.0003s ]
INFO: [ view_parse ] --START--
INFO: [ template_filter ] --START--
INFO: Run Behavior\ContentReplaceBehavior [ RunTime:0.000090s ]
INFO: [ template_filter ] --END-- [ RunTime:0.000160s ]
INFO: Run Behavior\ParseTemplateBehavior [ RunTime:0.013789s ]
INFO: [ view_parse ] --END-- [ RunTime:0.013881s ]
INFO: [ view_filter ] --START--
INFO: Run Behavior\WriteHtmlCacheBehavior [ RunTime:0.000737s ]
INFO: [ view_filter ] --END-- [ RunTime:0.000799s ]
INFO: [ app_end ] --START--
INFO: Run Behavior\ShowPageTraceBehavior [ RunTime:0.001041s ]
INFO: [ app_end ] --END-- [ RunTime:0.001098s ]

[ 2016-03-24T22:18:14+08:00 ] ::1 /index.php/Home1/Work/index
INFO: [ app_init ] --START--
INFO: Run Behavior\BuildLiteBehavior [ RunTime:0.000019s ]
INFO: [ app_init ] --END-- [ RunTime:0.000609s ]
INFO: [ app_begin ] --START--
INFO: Run Behavior\ReadHtmlCacheBehavior [ RunTime:0.001072s ]
INFO: [ app_begin ] --END-- [ RunTime:0.001146s ]
SQL: SHOW COLUMNS FROM `ast_banner1` [ RunTime:0.0038s ]
SQL: SELECT * FROM `ast_banner1`  [ RunTime:0.0004s ]
SQL: SHOW COLUMNS FROM `ast_link1` [ RunTime:0.0035s ]
SQL: SELECT * FROM `ast_link1`  [ RunTime:0.0003s ]
SQL: SHOW COLUMNS FROM `ast_work1` [ RunTime:0.0045s ]
NOTIC: [8] Undefined index: title C:\xampp\htdocs\aiston\Application\Home1\Controller\WorkController.class.php 第 16 行.
SQL: SELECT * FROM `ast_work1` ORDER BY w_cateid asc  [ RunTime:0.0015s ]
SQL: SELECT * FROM `ast_work1` LIMIT 0,6   [ RunTime:0.0004s ]
INFO: [ view_parse ] --START--
INFO: [ template_filter ] --START--
INFO: Run Behavior\ContentReplaceBehavior [ RunTime:0.000103s ]
INFO: [ template_filter ] --END-- [ RunTime:0.000173s ]
NOTIC: [8] Undefined index: link_url C:\xampp\htdocs\aiston\Application\Runtime\Cache\Home1\2d1368f78c9cae18aaef4560867e793e.php 第 59 行.
NOTIC: [8] Undefined index: title C:\xampp\htdocs\aiston\Application\Runtime\Cache\Home1\2d1368f78c9cae18aaef4560867e793e.php 第 64 行.
NOTIC: [8] Undefined index: p C:\xampp\htdocs\aiston\Application\Runtime\Cache\Home1\2d1368f78c9cae18aaef4560867e793e.php 第 90 行.
NOTIC: [8] Undefined index: p C:\xampp\htdocs\aiston\Application\Runtime\Cache\Home1\2d1368f78c9cae18aaef4560867e793e.php 第 98 行.
NOTIC: [8] Undefined index: p C:\xampp\htdocs\aiston\Application\Runtime\Cache\Home1\2d1368f78c9cae18aaef4560867e793e.php 第 98 行.
INFO: Run Behavior\ParseTemplateBehavior [ RunTime:0.014205s ]
INFO: [ view_parse ] --END-- [ RunTime:0.014266s ]
INFO: [ view_filter ] --START--
INFO: Run Behavior\WriteHtmlCacheBehavior [ RunTime:0.000729s ]
INFO: [ view_filter ] --END-- [ RunTime:0.000779s ]
INFO: [ app_end ] --START--
INFO: Run Behavior\ShowPageTraceBehavior [ RunTime:0.001026s ]
INFO: [ app_end ] --END-- [ RunTime:0.001091s ]

[ 2016-03-24T22:18:18+08:00 ] ::1 /index.php/Home1/Work/index/title/%E7%A4%BE%E4%BC%9A%E6%8B%9B%E8%81%98
INFO: [ app_init ] --START--
INFO: Run Behavior\BuildLiteBehavior [ RunTime:0.000017s ]
INFO: [ app_init ] --END-- [ RunTime:0.000546s ]
INFO: [ app_begin ] --START--
INFO: Run Behavior\ReadHtmlCacheBehavior [ RunTime:0.001498s ]
INFO: [ app_begin ] --END-- [ RunTime:0.001588s ]
SQL: SHOW COLUMNS FROM `ast_banner1` [ RunTime:0.0043s ]
SQL: SELECT * FROM `ast_banner1`  [ RunTime:0.0006s ]
SQL: SHOW COLUMNS FROM `ast_link1` [ RunTime:0.0037s ]
SQL: SELECT * FROM `ast_link1`  [ RunTime:0.0003s ]
SQL: SHOW COLUMNS FROM `ast_work1` [ RunTime:0.0044s ]
SQL: SELECT * FROM `ast_work1` WHERE `w_cateid` = '社会招聘'  [ RunTime:0.0005s ]
NOTIC: [8] Undefined variable: Page C:\xampp\htdocs\aiston\Application\Home1\Controller\WorkController.class.php 第 24 行.
NOTIC: [8] Trying to get property of non-object C:\xampp\htdocs\aiston\Application\Home1\Controller\WorkController.class.php 第 24 行.
INFO: [ view_parse ] --START--
INFO: [ template_filter ] --START--
INFO: Run Behavior\ContentReplaceBehavior [ RunTime:0.000111s ]
INFO: [ template_filter ] --END-- [ RunTime:0.000179s ]
NOTIC: [8] Undefined index: link_url C:\xampp\htdocs\aiston\Application\Runtime\Cache\Home1\2d1368f78c9cae18aaef4560867e793e.php 第 59 行.
NOTIC: [8] Undefined index: p C:\xampp\htdocs\aiston\Application\Runtime\Cache\Home1\2d1368f78c9cae18aaef4560867e793e.php 第 90 行.
NOTIC: [8] Undefined index: p C:\xampp\htdocs\aiston\Application\Runtime\Cache\Home1\2d1368f78c9cae18aaef4560867e793e.php 第 98 行.
INFO: Run Behavior\ParseTemplateBehavior [ RunTime:0.015115s ]
INFO: [ view_parse ] --END-- [ RunTime:0.015176s ]
INFO: [ view_filter ] --START--
INFO: Run Behavior\WriteHtmlCacheBehavior [ RunTime:0.000735s ]
INFO: [ view_filter ] --END-- [ RunTime:0.000787s ]
INFO: [ app_end ] --START--
INFO: Run Behavior\ShowPageTraceBehavior [ RunTime:0.001030s ]
INFO: [ app_end ] --END-- [ RunTime:0.001086s ]

[ 2016-03-24T22:18:19+08:00 ] ::1 /index.php/Home1/Work/index/title/%E6%A0%A1%E5%9B%AD%E6%8B%9B%E8%81%98
INFO: [ app_init ] --START--
INFO: Run Behavior\BuildLiteBehavior [ RunTime:0.000016s ]
INFO: [ app_init ] --END-- [ RunTime:0.000559s ]
INFO: [ app_begin ] --START--
INFO: Run Behavior\ReadHtmlCacheBehavior [ RunTime:0.001080s ]
INFO: [ app_begin ] --END-- [ RunTime:0.001156s ]
SQL: SHOW COLUMNS FROM `ast_banner1` [ RunTime:0.0038s ]
SQL: SELECT * FROM `ast_banner1`  [ RunTime:0.0004s ]
SQL: SHOW COLUMNS FROM `ast_link1` [ RunTime:0.0041s ]
SQL: SELECT * FROM `ast_link1`  [ RunTime:0.0003s ]
SQL: SHOW COLUMNS FROM `ast_work1` [ RunTime:0.0042s ]
SQL: SELECT * FROM `ast_work1` WHERE `w_cateid` = '校园招聘'  [ RunTime:0.0006s ]
NOTIC: [8] Undefined variable: Page C:\xampp\htdocs\aiston\Application\Home1\Controller\WorkController.class.php 第 24 行.
NOTIC: [8] Trying to get property of non-object C:\xampp\htdocs\aiston\Application\Home1\Controller\WorkController.class.php 第 24 行.
INFO: [ view_parse ] --START--
INFO: [ template_filter ] --START--
INFO: Run Behavior\ContentReplaceBehavior [ RunTime:0.000108s ]
INFO: [ template_filter ] --END-- [ RunTime:0.000176s ]
NOTIC: [8] Undefined index: link_url C:\xampp\htdocs\aiston\Application\Runtime\Cache\Home1\2d1368f78c9cae18aaef4560867e793e.php 第 59 行.
NOTIC: [8] Undefined index: p C:\xampp\htdocs\aiston\Application\Runtime\Cache\Home1\2d1368f78c9cae18aaef4560867e793e.php 第 90 行.
NOTIC: [8] Undefined index: p C:\xampp\htdocs\aiston\Application\Runtime\Cache\Home1\2d1368f78c9cae18aaef4560867e793e.php 第 98 行.
INFO: Run Behavior\ParseTemplateBehavior [ RunTime:0.015242s ]
INFO: [ view_parse ] --END-- [ RunTime:0.015308s ]
INFO: [ view_filter ] --START--
INFO: Run Behavior\WriteHtmlCacheBehavior [ RunTime:0.000844s ]
INFO: [ view_filter ] --END-- [ RunTime:0.000903s ]
INFO: [ app_end ] --START--
INFO: Run Behavior\ShowPageTraceBehavior [ RunTime:0.001632s ]
INFO: [ app_end ] --END-- [ RunTime:0.001726s ]

[ 2016-03-24T22:18:21+08:00 ] ::1 /index.php/Home1/Walkto/index
INFO: [ app_init ] --START--
INFO: Run Behavior\BuildLiteBehavior [ RunTime:0.000027s ]
INFO: [ app_init ] --END-- [ RunTime:0.000803s ]
INFO: [ app_begin ] --START--
INFO: Run Behavior\ReadHtmlCacheBehavior [ RunTime:0.001288s ]
INFO: [ app_begin ] --END-- [ RunTime:0.001371s ]
SQL: SHOW COLUMNS FROM `ast_banner1` [ RunTime:0.0050s ]
SQL: SELECT * FROM `ast_banner1`  [ RunTime:0.0004s ]
SQL: SHOW COLUMNS FROM `ast_link1` [ RunTime:0.0040s ]
SQL: SELECT * FROM `ast_link1`  [ RunTime:0.0003s ]
SQL: SHOW COLUMNS FROM `ast_about1` [ RunTime:0.0034s ]
SQL: SELECT * FROM `ast_about1`  [ RunTime:0.0003s ]
SQL: SELECT * FROM `ast_about1` WHERE `ast_aid` = 1  [ RunTime:0.0003s ]
INFO: [ view_parse ] --START--
INFO: [ template_filter ] --START--
INFO: Run Behavior\ContentReplaceBehavior [ RunTime:0.000096s ]
INFO: [ template_filter ] --END-- [ RunTime:0.000165s ]
NOTIC: [8] Undefined index: link_url C:\xampp\htdocs\aiston\Application\Runtime\Cache\Home1\e98f8ccb00cf07d813b541ccc7aa59ec.php 第 59 行.
INFO: Run Behavior\ParseTemplateBehavior [ RunTime:0.013666s ]
INFO: [ view_parse ] --END-- [ RunTime:0.013733s ]
INFO: [ view_filter ] --START--
INFO: Run Behavior\WriteHtmlCacheBehavior [ RunTime:0.000723s ]
INFO: [ view_filter ] --END-- [ RunTime:0.000774s ]
INFO: [ app_end ] --START--
INFO: Run Behavior\ShowPageTraceBehavior [ RunTime:0.001062s ]
INFO: [ app_end ] --END-- [ RunTime:0.001119s ]

[ 2016-03-24T22:18:22+08:00 ] ::1 /index.php/Home1/Index/index
INFO: [ app_init ] --START--
INFO: Run Behavior\BuildLiteBehavior [ RunTime:0.000022s ]
INFO: [ app_init ] --END-- [ RunTime:0.000791s ]
INFO: [ app_begin ] --START--
INFO: Run Behavior\ReadHtmlCacheBehavior [ RunTime:0.001739s ]
INFO: [ app_begin ] --END-- [ RunTime:0.001881s ]
SQL: SHOW COLUMNS FROM `ast_banner1` [ RunTime:0.0044s ]
SQL: SELECT * FROM `ast_banner1`  [ RunTime:0.0005s ]
SQL: SHOW COLUMNS FROM `ast_link1` [ RunTime:0.0040s ]
SQL: SELECT * FROM `ast_link1`  [ RunTime:0.0003s ]
SQL: SHOW COLUMNS FROM `ast_company1` [ RunTime:0.0042s ]
SQL: SHOW COLUMNS FROM `ast_article1` [ RunTime:0.0048s ]
SQL: SHOW COLUMNS FROM `ast_product1` [ RunTime:0.0040s ]
SQL: SHOW COLUMNS FROM `ast_procate1` [ RunTime:0.0038s ]
SQL: SELECT * FROM `ast_procate1`  [ RunTime:0.0004s ]
SQL: SELECT * FROM `ast_article1` WHERE `art_cateid` = 4 LIMIT 5   [ RunTime:0.0004s ]
SQL: SELECT * FROM `ast_article1` WHERE `art_cateid` = 5 LIMIT 3   [ RunTime:0.0004s ]
SQL: SELECT * FROM `ast_article1` ORDER BY art_addtime desc LIMIT 2,3   [ RunTime:0.0007s ]
SQL: SELECT * FROM `ast_article1` ORDER BY art_addtime desc LIMIT 1   [ RunTime:0.0004s ]
SQL: SELECT * FROM `ast_product1`  [ RunTime:0.0004s ]
SQL: SELECT * FROM `ast_company1`  [ RunTime:0.0003s ]
INFO: [ view_parse ] --START--
INFO: [ template_filter ] --START--
INFO: Run Behavior\ContentReplaceBehavior [ RunTime:0.000143s ]
INFO: [ template_filter ] --END-- [ RunTime:0.000224s ]
INFO: Run Behavior\ParseTemplateBehavior [ RunTime:0.018112s ]
INFO: [ view_parse ] --END-- [ RunTime:0.018189s ]
INFO: [ view_filter ] --START--
INFO: Run Behavior\WriteHtmlCacheBehavior [ RunTime:0.000972s ]
INFO: [ view_filter ] --END-- [ RunTime:0.001076s ]
INFO: [ app_end ] --START--
INFO: Run Behavior\ShowPageTraceBehavior [ RunTime:0.001793s ]
INFO: [ app_end ] --END-- [ RunTime:0.001887s ]

[ 2016-03-24T22:18:29+08:00 ] ::1 /index.php/Home1/Walkto/index
INFO: [ app_init ] --START--
INFO: Run Behavior\BuildLiteBehavior [ RunTime:0.000018s ]
INFO: [ app_init ] --END-- [ RunTime:0.000557s ]
INFO: [ app_begin ] --START--
INFO: Run Behavior\ReadHtmlCacheBehavior [ RunTime:0.001043s ]
INFO: [ app_begin ] --END-- [ RunTime:0.001109s ]
SQL: SHOW COLUMNS FROM `ast_banner1` [ RunTime:0.0040s ]
SQL: SELECT * FROM `ast_banner1`  [ RunTime:0.0004s ]
SQL: SHOW COLUMNS FROM `ast_link1` [ RunTime:0.0038s ]
SQL: SELECT * FROM `ast_link1`  [ RunTime:0.0004s ]
SQL: SHOW COLUMNS FROM `ast_about1` [ RunTime:0.0039s ]
SQL: SELECT * FROM `ast_about1`  [ RunTime:0.0004s ]
SQL: SELECT * FROM `ast_about1` WHERE `ast_aid` = 1  [ RunTime:0.0003s ]
INFO: [ view_parse ] --START--
INFO: [ template_filter ] --START--
INFO: Run Behavior\ContentReplaceBehavior [ RunTime:0.000094s ]
INFO: [ template_filter ] --END-- [ RunTime:0.000202s ]
NOTIC: [8] Undefined index: link_url C:\xampp\htdocs\aiston\Application\Runtime\Cache\Home1\e98f8ccb00cf07d813b541ccc7aa59ec.php 第 59 行.
INFO: Run Behavior\ParseTemplateBehavior [ RunTime:0.014981s ]
INFO: [ view_parse ] --END-- [ RunTime:0.015079s ]
INFO: [ view_filter ] --START--
INFO: Run Behavior\WriteHtmlCacheBehavior [ RunTime:0.000758s ]
INFO: [ view_filter ] --END-- [ RunTime:0.000810s ]
INFO: [ app_end ] --START--
INFO: Run Behavior\ShowPageTraceBehavior [ RunTime:0.001096s ]
INFO: [ app_end ] --END-- [ RunTime:0.001151s ]

[ 2016-03-24T22:18:30+08:00 ] ::1 /index.php/Home1/Index/index
INFO: [ app_init ] --START--
INFO: Run Behavior\BuildLiteBehavior [ RunTime:0.000018s ]
INFO: [ app_init ] --END-- [ RunTime:0.000554s ]
INFO: [ app_begin ] --START--
INFO: Run Behavior\ReadHtmlCacheBehavior [ RunTime:0.001114s ]
INFO: [ app_begin ] --END-- [ RunTime:0.001182s ]
SQL: SHOW COLUMNS FROM `ast_banner1` [ RunTime:0.0039s ]
SQL: SELECT * FROM `ast_banner1`  [ RunTime:0.0005s ]
SQL: SHOW COLUMNS FROM `ast_link1` [ RunTime:0.0038s ]
SQL: SELECT * FROM `ast_link1`  [ RunTime:0.0003s ]
SQL: SHOW COLUMNS FROM `ast_company1` [ RunTime:0.0038s ]
SQL: SHOW COLUMNS FROM `ast_article1` [ RunTime:0.0039s ]
SQL: SHOW COLUMNS FROM `ast_product1` [ RunTime:0.0050s ]
SQL: SHOW COLUMNS FROM `ast_procate1` [ RunTime:0.0036s ]
SQL: SELECT * FROM `ast_procate1`  [ RunTime:0.0003s ]
SQL: SELECT * FROM `ast_article1` WHERE `art_cateid` = 4 LIMIT 5   [ RunTime:0.0004s ]
SQL: SELECT * FROM `ast_article1` WHERE `art_cateid` = 5 LIMIT 3   [ RunTime:0.0004s ]
SQL: SELECT * FROM `ast_article1` ORDER BY art_addtime desc LIMIT 2,3   [ RunTime:0.0007s ]
SQL: SELECT * FROM `ast_article1` ORDER BY art_addtime desc LIMIT 1   [ RunTime:0.0005s ]
SQL: SELECT * FROM `ast_product1`  [ RunTime:0.0004s ]
SQL: SELECT * FROM `ast_company1`  [ RunTime:0.0002s ]
INFO: [ view_parse ] --START--
INFO: [ template_filter ] --START--
INFO: Run Behavior\ContentReplaceBehavior [ RunTime:0.000125s ]
INFO: [ template_filter ] --END-- [ RunTime:0.000188s ]
INFO: Run Behavior\ParseTemplateBehavior [ RunTime:0.017017s ]
INFO: [ view_parse ] --END-- [ RunTime:0.017083s ]
INFO: [ view_filter ] --START--
INFO: Run Behavior\WriteHtmlCacheBehavior [ RunTime:0.000767s ]
INFO: [ view_filter ] --END-- [ RunTime:0.000821s ]
INFO: [ app_end ] --START--
INFO: Run Behavior\ShowPageTraceBehavior [ RunTime:0.002587s ]
INFO: [ app_end ] --END-- [ RunTime:0.002725s ]

[ 2016-03-24T22:18:31+08:00 ] ::1 /index.php/Home1/product/index
INFO: [ app_init ] --START--
INFO: Run Behavior\BuildLiteBehavior [ RunTime:0.000017s ]
INFO: [ app_init ] --END-- [ RunTime:0.000561s ]
INFO: [ app_begin ] --START--
INFO: Run Behavior\ReadHtmlCacheBehavior [ RunTime:0.001046s ]
INFO: [ app_begin ] --END-- [ RunTime:0.001113s ]
SQL: SHOW COLUMNS FROM `ast_banner1` [ RunTime:0.0050s ]
SQL: SELECT * FROM `ast_banner1`  [ RunTime:0.0004s ]
SQL: SHOW COLUMNS FROM `ast_link1` [ RunTime:0.0035s ]
SQL: SELECT * FROM `ast_link1`  [ RunTime:0.0003s ]
SQL: SHOW COLUMNS FROM `ast_procate1` [ RunTime:0.0037s ]
SQL: SELECT * FROM `ast_procate1`  [ RunTime:0.0004s ]
SQL: SHOW COLUMNS FROM `ast_product1` [ RunTime:0.0054s ]
NOTIC: [8] Undefined index: id C:\xampp\htdocs\aiston\Application\Home1\Controller\ProductController.class.php 第 16 行.
SQL: SELECT * FROM `ast_product1`  [ RunTime:0.0005s ]
SQL: SELECT * FROM `ast_product1` LIMIT 0,5   [ RunTime:0.0004s ]
INFO: [ view_parse ] --START--
INFO: [ template_filter ] --START--
INFO: Run Behavior\ContentReplaceBehavior [ RunTime:0.000105s ]
INFO: [ template_filter ] --END-- [ RunTime:0.000174s ]
NOTIC: [8] Undefined variable: pro C:\xampp\htdocs\aiston\Application\Runtime\Cache\Home1\4d238cce37f2a9dc0ca93d1f28786684.php 第 71 行.
NOTIC: [8] Undefined variable: pro C:\xampp\htdocs\aiston\Application\Runtime\Cache\Home1\4d238cce37f2a9dc0ca93d1f28786684.php 第 71 行.
NOTIC: [8] Undefined variable: pro C:\xampp\htdocs\aiston\Application\Runtime\Cache\Home1\4d238cce37f2a9dc0ca93d1f28786684.php 第 71 行.
NOTIC: [8] Undefined variable: pro C:\xampp\htdocs\aiston\Application\Runtime\Cache\Home1\4d238cce37f2a9dc0ca93d1f28786684.php 第 71 行.
NOTIC: [8] Undefined variable: pro C:\xampp\htdocs\aiston\Application\Runtime\Cache\Home1\4d238cce37f2a9dc0ca93d1f28786684.php 第 71 行.
NOTIC: [8] Undefined index: p C:\xampp\htdocs\aiston\Application\Runtime\Cache\Home1\4d238cce37f2a9dc0ca93d1f28786684.php 第 80 行.
NOTIC: [8] Undefined index: p C:\xampp\htdocs\aiston\Application\Runtime\Cache\Home1\4d238cce37f2a9dc0ca93d1f28786684.php 第 85 行.
NOTIC: [8] Undefined index: p C:\xampp\htdocs\aiston\Application\Runtime\Cache\Home1\4d238cce37f2a9dc0ca93d1f28786684.php 第 85 行.
INFO: Run Behavior\ParseTemplateBehavior [ RunTime:0.015351s ]
INFO: [ view_parse ] --END-- [ RunTime:0.015414s ]
INFO: [ view_filter ] --START--
INFO: Run Behavior\WriteHtmlCacheBehavior [ RunTime:0.000744s ]
INFO: [ view_filter ] --END-- [ RunTime:0.000795s ]
INFO: [ app_end ] --START--
INFO: Run Behavior\ShowPageTraceBehavior [ RunTime:0.001049s ]
INFO: [ app_end ] --END-- [ RunTime:0.001103s ]

[ 2016-03-24T22:18:31+08:00 ] ::1 /index.php/Home1/News/index
INFO: [ app_init ] --START--
INFO: Run Behavior\BuildLiteBehavior [ RunTime:0.000018s ]
INFO: [ app_init ] --END-- [ RunTime:0.000554s ]
INFO: [ app_begin ] --START--
INFO: Run Behavior\ReadHtmlCacheBehavior [ RunTime:0.001103s ]
INFO: [ app_begin ] --END-- [ RunTime:0.001178s ]
SQL: SHOW COLUMNS FROM `ast_banner1` [ RunTime:0.0050s ]
SQL: SELECT * FROM `ast_banner1`  [ RunTime:0.0004s ]
SQL: SHOW COLUMNS FROM `ast_link1` [ RunTime:0.0046s ]
SQL: SELECT * FROM `ast_link1`  [ RunTime:0.0004s ]
SQL: SHOW COLUMNS FROM `ast_article1` [ RunTime:0.0052s ]
SQL: SELECT * FROM `ast_article1`  [ RunTime:0.0005s ]
SQL: SHOW COLUMNS FROM `ast_artcate1` [ RunTime:0.0057s ]
SQL: SELECT * FROM `ast_artcate1`  [ RunTime:0.0006s ]
NOTIC: [8] Undefined index: id C:\xampp\htdocs\aiston\Application\Home1\Controller\NewsController.class.php 第 27 行.
SQL: SELECT * FROM `ast_article1` LIMIT 0,5   [ RunTime:0.0005s ]
INFO: [ view_parse ] --START--
INFO: [ template_filter ] --START--
INFO: Run Behavior\ContentReplaceBehavior [ RunTime:0.000104s ]
INFO: [ template_filter ] --END-- [ RunTime:0.000172s ]
NOTIC: [8] Undefined index: p C:\xampp\htdocs\aiston\Application\Runtime\Cache\Home1\89e9039c3c14056c236f10ac10792c6c.php 第 77 行.
NOTIC: [8] Undefined index: p C:\xampp\htdocs\aiston\Application\Runtime\Cache\Home1\89e9039c3c14056c236f10ac10792c6c.php 第 84 行.
NOTIC: [8] Undefined index: p C:\xampp\htdocs\aiston\Application\Runtime\Cache\Home1\89e9039c3c14056c236f10ac10792c6c.php 第 84 行.
INFO: Run Behavior\ParseTemplateBehavior [ RunTime:0.015585s ]
INFO: [ view_parse ] --END-- [ RunTime:0.015662s ]
INFO: [ view_filter ] --START--
INFO: Run Behavior\WriteHtmlCacheBehavior [ RunTime:0.000752s ]
INFO: [ view_filter ] --END-- [ RunTime:0.000805s ]
INFO: [ app_end ] --START--
INFO: Run Behavior\ShowPageTraceBehavior [ RunTime:0.001052s ]
INFO: [ app_end ] --END-- [ RunTime:0.001107s ]

[ 2016-03-24T22:18:32+08:00 ] ::1 /index.php/Home1/Contact/index
INFO: [ app_init ] --START--
INFO: Run Behavior\BuildLiteBehavior [ RunTime:0.000017s ]
INFO: [ app_init ] --END-- [ RunTime:0.000552s ]
INFO: [ app_begin ] --START--
INFO: Run Behavior\ReadHtmlCacheBehavior [ RunTime:0.001056s ]
INFO: [ app_begin ] --END-- [ RunTime:0.001122s ]
SQL: SHOW COLUMNS FROM `ast_banner1` [ RunTime:0.0041s ]
SQL: SELECT * FROM `ast_banner1`  [ RunTime:0.0004s ]
SQL: SHOW COLUMNS FROM `ast_link1` [ RunTime:0.0036s ]
SQL: SELECT * FROM `ast_link1`  [ RunTime:0.0003s ]
SQL: SHOW COLUMNS FROM `ast_company1` [ RunTime:0.0040s ]
SQL: SELECT * FROM `ast_company1` WHERE `c_id` = 2  [ RunTime:0.0003s ]
INFO: [ view_parse ] --START--
INFO: [ template_filter ] --START--
INFO: Run Behavior\ContentReplaceBehavior [ RunTime:0.000099s ]
INFO: [ template_filter ] --END-- [ RunTime:0.000179s ]
INFO: Run Behavior\ParseTemplateBehavior [ RunTime:0.013427s ]
INFO: [ view_parse ] --END-- [ RunTime:0.013532s ]
INFO: [ view_filter ] --START--
INFO: Run Behavior\WriteHtmlCacheBehavior [ RunTime:0.000948s ]
INFO: [ view_filter ] --END-- [ RunTime:0.001013s ]
INFO: [ app_end ] --START--
INFO: Run Behavior\ShowPageTraceBehavior [ RunTime:0.001076s ]
INFO: [ app_end ] --END-- [ RunTime:0.001134s ]

[ 2016-03-24T22:18:32+08:00 ] ::1 /index.php/Home1/Work/index
INFO: [ app_init ] --START--
INFO: Run Behavior\BuildLiteBehavior [ RunTime:0.000017s ]
INFO: [ app_init ] --END-- [ RunTime:0.000560s ]
INFO: [ app_begin ] --START--
INFO: Run Behavior\ReadHtmlCacheBehavior [ RunTime:0.001123s ]
INFO: [ app_begin ] --END-- [ RunTime:0.001189s ]
SQL: SHOW COLUMNS FROM `ast_banner1` [ RunTime:0.0045s ]
SQL: SELECT * FROM `ast_banner1`  [ RunTime:0.0004s ]
SQL: SHOW COLUMNS FROM `ast_link1` [ RunTime:0.0038s ]
SQL: SELECT * FROM `ast_link1`  [ RunTime:0.0003s ]
SQL: SHOW COLUMNS FROM `ast_work1` [ RunTime:0.0039s ]
NOTIC: [8] Undefined index: title C:\xampp\htdocs\aiston\Application\Home1\Controller\WorkController.class.php 第 16 行.
SQL: SELECT * FROM `ast_work1` ORDER BY w_cateid asc  [ RunTime:0.0005s ]
SQL: SELECT * FROM `ast_work1` LIMIT 0,6   [ RunTime:0.0003s ]
INFO: [ view_parse ] --START--
INFO: [ template_filter ] --START--
INFO: Run Behavior\ContentReplaceBehavior [ RunTime:0.000105s ]
INFO: [ template_filter ] --END-- [ RunTime:0.000174s ]
NOTIC: [8] Undefined index: link_url C:\xampp\htdocs\aiston\Application\Runtime\Cache\Home1\2d1368f78c9cae18aaef4560867e793e.php 第 59 行.
NOTIC: [8] Undefined index: title C:\xampp\htdocs\aiston\Application\Runtime\Cache\Home1\2d1368f78c9cae18aaef4560867e793e.php 第 64 行.
NOTIC: [8] Undefined index: p C:\xampp\htdocs\aiston\Application\Runtime\Cache\Home1\2d1368f78c9cae18aaef4560867e793e.php 第 90 行.
NOTIC: [8] Undefined index: p C:\xampp\htdocs\aiston\Application\Runtime\Cache\Home1\2d1368f78c9cae18aaef4560867e793e.php 第 98 行.
NOTIC: [8] Undefined index: p C:\xampp\htdocs\aiston\Application\Runtime\Cache\Home1\2d1368f78c9cae18aaef4560867e793e.php 第 98 行.
INFO: Run Behavior\ParseTemplateBehavior [ RunTime:0.015533s ]
INFO: [ view_parse ] --END-- [ RunTime:0.015591s ]
INFO: [ view_filter ] --START--
INFO: Run Behavior\WriteHtmlCacheBehavior [ RunTime:0.000736s ]
INFO: [ view_filter ] --END-- [ RunTime:0.000787s ]
INFO: [ app_end ] --START--
INFO: Run Behavior\ShowPageTraceBehavior [ RunTime:0.001032s ]
INFO: [ app_end ] --END-- [ RunTime:0.001086s ]

[ 2016-03-24T22:18:33+08:00 ] ::1 /index.php/Home1/News/index
INFO: [ app_init ] --START--
INFO: Run Behavior\BuildLiteBehavior [ RunTime:0.000017s ]
INFO: [ app_init ] --END-- [ RunTime:0.000555s ]
INFO: [ app_begin ] --START--
INFO: Run Behavior\ReadHtmlCacheBehavior [ RunTime:0.001175s ]
INFO: [ app_begin ] --END-- [ RunTime:0.001250s ]
SQL: SHOW COLUMNS FROM `ast_banner1` [ RunTime:0.0040s ]
SQL: SELECT * FROM `ast_banner1`  [ RunTime:0.0004s ]
SQL: SHOW COLUMNS FROM `ast_link1` [ RunTime:0.0036s ]
SQL: SELECT * FROM `ast_link1`  [ RunTime:0.0003s ]
SQL: SHOW COLUMNS FROM `ast_article1` [ RunTime:0.0053s ]
SQL: SELECT * FROM `ast_article1`  [ RunTime:0.0006s ]
SQL: SHOW COLUMNS FROM `ast_artcate1` [ RunTime:0.0046s ]
SQL: SELECT * FROM `ast_artcate1`  [ RunTime:0.0003s ]
NOTIC: [8] Undefined index: id C:\xampp\htdocs\aiston\Application\Home1\Controller\NewsController.class.php 第 27 行.
SQL: SELECT * FROM `ast_article1` LIMIT 0,5   [ RunTime:0.0008s ]
INFO: [ view_parse ] --START--
INFO: [ template_filter ] --START--
INFO: Run Behavior\ContentReplaceBehavior [ RunTime:0.000105s ]
INFO: [ template_filter ] --END-- [ RunTime:0.000172s ]
NOTIC: [8] Undefined index: p C:\xampp\htdocs\aiston\Application\Runtime\Cache\Home1\89e9039c3c14056c236f10ac10792c6c.php 第 77 行.
NOTIC: [8] Undefined index: p C:\xampp\htdocs\aiston\Application\Runtime\Cache\Home1\89e9039c3c14056c236f10ac10792c6c.php 第 84 行.
NOTIC: [8] Undefined index: p C:\xampp\htdocs\aiston\Application\Runtime\Cache\Home1\89e9039c3c14056c236f10ac10792c6c.php 第 84 行.
INFO: Run Behavior\ParseTemplateBehavior [ RunTime:0.020064s ]
INFO: [ view_parse ] --END-- [ RunTime:0.020135s ]
INFO: [ view_filter ] --START--
INFO: Run Behavior\WriteHtmlCacheBehavior [ RunTime:0.001225s ]
INFO: [ view_filter ] --END-- [ RunTime:0.001348s ]
INFO: [ app_end ] --START--
INFO: Run Behavior\ShowPageTraceBehavior [ RunTime:0.001385s ]
INFO: [ app_end ] --END-- [ RunTime:0.001458s ]

[ 2016-03-24T22:18:34+08:00 ] ::1 /index.php/Home1/product/index
INFO: [ app_init ] --START--
INFO: Run Behavior\BuildLiteBehavior [ RunTime:0.000017s ]
INFO: [ app_init ] --END-- [ RunTime:0.000567s ]
INFO: [ app_begin ] --START--
INFO: Run Behavior\ReadHtmlCacheBehavior [ RunTime:0.001085s ]
INFO: [ app_begin ] --END-- [ RunTime:0.001159s ]
SQL: SHOW COLUMNS FROM `ast_banner1` [ RunTime:0.0039s ]
SQL: SELECT * FROM `ast_banner1`  [ RunTime:0.0004s ]
SQL: SHOW COLUMNS FROM `ast_link1` [ RunTime:0.0038s ]
SQL: SELECT * FROM `ast_link1`  [ RunTime:0.0004s ]
SQL: SHOW COLUMNS FROM `ast_procate1` [ RunTime:0.0038s ]
SQL: SELECT * FROM `ast_procate1`  [ RunTime:0.0004s ]
SQL: SHOW COLUMNS FROM `ast_product1` [ RunTime:0.0046s ]
NOTIC: [8] Undefined index: id C:\xampp\htdocs\aiston\Application\Home1\Controller\ProductController.class.php 第 16 行.
SQL: SELECT * FROM `ast_product1`  [ RunTime:0.0007s ]
SQL: SELECT * FROM `ast_product1` LIMIT 0,5   [ RunTime:0.0007s ]
INFO: [ view_parse ] --START--
INFO: [ template_filter ] --START--
INFO: Run Behavior\ContentReplaceBehavior [ RunTime:0.000116s ]
INFO: [ template_filter ] --END-- [ RunTime:0.000202s ]
NOTIC: [8] Undefined variable: pro C:\xampp\htdocs\aiston\Application\Runtime\Cache\Home1\4d238cce37f2a9dc0ca93d1f28786684.php 第 71 行.
NOTIC: [8] Undefined variable: pro C:\xampp\htdocs\aiston\Application\Runtime\Cache\Home1\4d238cce37f2a9dc0ca93d1f28786684.php 第 71 行.
NOTIC: [8] Undefined variable: pro C:\xampp\htdocs\aiston\Application\Runtime\Cache\Home1\4d238cce37f2a9dc0ca93d1f28786684.php 第 71 行.
NOTIC: [8] Undefined variable: pro C:\xampp\htdocs\aiston\Application\Runtime\Cache\Home1\4d238cce37f2a9dc0ca93d1f28786684.php 第 71 行.
NOTIC: [8] Undefined variable: pro C:\xampp\htdocs\aiston\Application\Runtime\Cache\Home1\4d238cce37f2a9dc0ca93d1f28786684.php 第 71 行.
NOTIC: [8] Undefined index: p C:\xampp\htdocs\aiston\Application\Runtime\Cache\Home1\4d238cce37f2a9dc0ca93d1f28786684.php 第 80 行.
NOTIC: [8] Undefined index: p C:\xampp\htdocs\aiston\Application\Runtime\Cache\Home1\4d238cce37f2a9dc0ca93d1f28786684.php 第 85 行.
NOTIC: [8] Undefined index: p C:\xampp\htdocs\aiston\Application\Runtime\Cache\Home1\4d238cce37f2a9dc0ca93d1f28786684.php 第 85 行.
INFO: Run Behavior\ParseTemplateBehavior [ RunTime:0.017033s ]
INFO: [ view_parse ] --END-- [ RunTime:0.017104s ]
INFO: [ view_filter ] --START--
INFO: Run Behavior\WriteHtmlCacheBehavior [ RunTime:0.000877s ]
INFO: [ view_filter ] --END-- [ RunTime:0.000930s ]
INFO: [ app_end ] --START--
INFO: Run Behavior\ShowPageTraceBehavior [ RunTime:0.001063s ]
INFO: [ app_end ] --END-- [ RunTime:0.001119s ]

[ 2016-03-24T22:18:34+08:00 ] ::1 /index.php/Home1/Walkto/index
INFO: [ app_init ] --START--
INFO: Run Behavior\BuildLiteBehavior [ RunTime:0.000016s ]
INFO: [ app_init ] --END-- [ RunTime:0.000545s ]
INFO: [ app_begin ] --START--
INFO: Run Behavior\ReadHtmlCacheBehavior [ RunTime:0.001132s ]
INFO: [ app_begin ] --END-- [ RunTime:0.001220s ]
SQL: SHOW COLUMNS FROM `ast_banner1` [ RunTime:0.0039s ]
SQL: SELECT * FROM `ast_banner1`  [ RunTime:0.0004s ]
SQL: SHOW COLUMNS FROM `ast_link1` [ RunTime:0.0034s ]
SQL: SELECT * FROM `ast_link1`  [ RunTime:0.0003s ]
SQL: SHOW COLUMNS FROM `ast_about1` [ RunTime:0.0035s ]
SQL: SELECT * FROM `ast_about1`  [ RunTime:0.0003s ]
SQL: SELECT * FROM `ast_about1` WHERE `ast_aid` = 1  [ RunTime:0.0003s ]
INFO: [ view_parse ] --START--
INFO: [ template_filter ] --START--
INFO: Run Behavior\ContentReplaceBehavior [ RunTime:0.000096s ]
INFO: [ template_filter ] --END-- [ RunTime:0.000166s ]
NOTIC: [8] Undefined index: link_url C:\xampp\htdocs\aiston\Application\Runtime\Cache\Home1\e98f8ccb00cf07d813b541ccc7aa59ec.php 第 59 行.
INFO: Run Behavior\ParseTemplateBehavior [ RunTime:0.014063s ]
INFO: [ view_parse ] --END-- [ RunTime:0.014130s ]
INFO: [ view_filter ] --START--
INFO: Run Behavior\WriteHtmlCacheBehavior [ RunTime:0.000805s ]
INFO: [ view_filter ] --END-- [ RunTime:0.000860s ]
INFO: [ app_end ] --START--
INFO: Run Behavior\ShowPageTraceBehavior [ RunTime:0.001042s ]
INFO: [ app_end ] --END-- [ RunTime:0.001098s ]

[ 2016-03-24T22:18:48+08:00 ] ::1 /index.php/Home1/Index/index
INFO: [ app_init ] --START--
INFO: Run Behavior\BuildLiteBehavior [ RunTime:0.000026s ]
INFO: [ app_init ] --END-- [ RunTime:0.000806s ]
INFO: [ app_begin ] --START--
INFO: Run Behavior\ReadHtmlCacheBehavior [ RunTime:0.001182s ]
INFO: [ app_begin ] --END-- [ RunTime:0.001299s ]
SQL: SHOW COLUMNS FROM `ast_banner1` [ RunTime:0.0038s ]
SQL: SELECT * FROM `ast_banner1`  [ RunTime:0.0004s ]
SQL: SHOW COLUMNS FROM `ast_link1` [ RunTime:0.0035s ]
SQL: SELECT * FROM `ast_link1`  [ RunTime:0.0003s ]
SQL: SHOW COLUMNS FROM `ast_company1` [ RunTime:0.0038s ]
SQL: SHOW COLUMNS FROM `ast_article1` [ RunTime:0.0041s ]
SQL: SHOW COLUMNS FROM `ast_product1` [ RunTime:0.0046s ]
SQL: SHOW COLUMNS FROM `ast_procate1` [ RunTime:0.0037s ]
SQL: SELECT * FROM `ast_procate1`  [ RunTime:0.0004s ]
SQL: SELECT * FROM `ast_article1` WHERE `art_cateid` = 4 LIMIT 5   [ RunTime:0.0004s ]
SQL: SELECT * FROM `ast_article1` WHERE `art_cateid` = 5 LIMIT 3   [ RunTime:0.0004s ]
SQL: SELECT * FROM `ast_article1` ORDER BY art_addtime desc LIMIT 2,3   [ RunTime:0.0007s ]
SQL: SELECT * FROM `ast_article1` ORDER BY art_addtime desc LIMIT 1   [ RunTime:0.0004s ]
SQL: SELECT * FROM `ast_product1`  [ RunTime:0.0004s ]
SQL: SELECT * FROM `ast_company1`  [ RunTime:0.0003s ]
INFO: [ view_parse ] --START--
INFO: [ template_filter ] --START--
INFO: Run Behavior\ContentReplaceBehavior [ RunTime:0.000141s ]
INFO: [ template_filter ] --END-- [ RunTime:0.000211s ]
INFO: Run Behavior\ParseTemplateBehavior [ RunTime:0.019190s ]
INFO: [ view_parse ] --END-- [ RunTime:0.019288s ]
INFO: [ view_filter ] --START--
INFO: Run Behavior\WriteHtmlCacheBehavior [ RunTime:0.000995s ]
INFO: [ view_filter ] --END-- [ RunTime:0.001064s ]
INFO: [ app_end ] --START--
INFO: Run Behavior\ShowPageTraceBehavior [ RunTime:0.001943s ]
INFO: [ app_end ] --END-- [ RunTime:0.002041s ]

[ 2016-03-24T22:18:49+08:00 ] ::1 /index.php/Home1/product/index
INFO: [ app_init ] --START--
INFO: Run Behavior\BuildLiteBehavior [ RunTime:0.000017s ]
INFO: [ app_init ] --END-- [ RunTime:0.000547s ]
INFO: [ app_begin ] --START--
INFO: Run Behavior\ReadHtmlCacheBehavior [ RunTime:0.001138s ]
INFO: [ app_begin ] --END-- [ RunTime:0.001213s ]
SQL: SHOW COLUMNS FROM `ast_banner1` [ RunTime:0.0042s ]
SQL: SELECT * FROM `ast_banner1`  [ RunTime:0.0004s ]
SQL: SHOW COLUMNS FROM `ast_link1` [ RunTime:0.0037s ]
SQL: SELECT * FROM `ast_link1`  [ RunTime:0.0003s ]
SQL: SHOW COLUMNS FROM `ast_procate1` [ RunTime:0.0034s ]
SQL: SELECT * FROM `ast_procate1`  [ RunTime:0.0003s ]
SQL: SHOW COLUMNS FROM `ast_product1` [ RunTime:0.0037s ]
NOTIC: [8] Undefined index: id C:\xampp\htdocs\aiston\Application\Home1\Controller\ProductController.class.php 第 16 行.
SQL: SELECT * FROM `ast_product1`  [ RunTime:0.0005s ]
SQL: SELECT * FROM `ast_product1` LIMIT 0,5   [ RunTime:0.0005s ]
INFO: [ view_parse ] --START--
INFO: [ template_filter ] --START--
INFO: Run Behavior\ContentReplaceBehavior [ RunTime:0.000233s ]
INFO: [ template_filter ] --END-- [ RunTime:0.000328s ]
NOTIC: [8] Undefined variable: pro C:\xampp\htdocs\aiston\Application\Runtime\Cache\Home1\4d238cce37f2a9dc0ca93d1f28786684.php 第 71 行.
NOTIC: [8] Undefined variable: pro C:\xampp\htdocs\aiston\Application\Runtime\Cache\Home1\4d238cce37f2a9dc0ca93d1f28786684.php 第 71 行.
NOTIC: [8] Undefined variable: pro C:\xampp\htdocs\aiston\Application\Runtime\Cache\Home1\4d238cce37f2a9dc0ca93d1f28786684.php 第 71 行.
NOTIC: [8] Undefined variable: pro C:\xampp\htdocs\aiston\Application\Runtime\Cache\Home1\4d238cce37f2a9dc0ca93d1f28786684.php 第 71 行.
NOTIC: [8] Undefined variable: pro C:\xampp\htdocs\aiston\Application\Runtime\Cache\Home1\4d238cce37f2a9dc0ca93d1f28786684.php 第 71 行.
NOTIC: [8] Undefined index: p C:\xampp\htdocs\aiston\Application\Runtime\Cache\Home1\4d238cce37f2a9dc0ca93d1f28786684.php 第 80 行.
NOTIC: [8] Undefined index: p C:\xampp\htdocs\aiston\Application\Runtime\Cache\Home1\4d238cce37f2a9dc0ca93d1f28786684.php 第 85 行.
NOTIC: [8] Undefined index: p C:\xampp\htdocs\aiston\Application\Runtime\Cache\Home1\4d238cce37f2a9dc0ca93d1f28786684.php 第 85 行.
INFO: Run Behavior\ParseTemplateBehavior [ RunTime:0.015325s ]
INFO: [ view_parse ] --END-- [ RunTime:0.015394s ]
INFO: [ view_filter ] --START--
INFO: Run Behavior\WriteHtmlCacheBehavior [ RunTime:0.000759s ]
INFO: [ view_filter ] --END-- [ RunTime:0.000813s ]
INFO: [ app_end ] --START--
INFO: Run Behavior\ShowPageTraceBehavior [ RunTime:0.001195s ]
INFO: [ app_end ] --END-- [ RunTime:0.001255s ]

[ 2016-03-24T22:18:50+08:00 ] ::1 /index.php/Home1/News/index
INFO: [ app_init ] --START--
INFO: Run Behavior\BuildLiteBehavior [ RunTime:0.000037s ]
INFO: [ app_init ] --END-- [ RunTime:0.001195s ]
INFO: [ app_begin ] --START--
INFO: Run Behavior\ReadHtmlCacheBehavior [ RunTime:0.001263s ]
INFO: [ app_begin ] --END-- [ RunTime:0.001354s ]
SQL: SHOW COLUMNS FROM `ast_banner1` [ RunTime:0.0040s ]
SQL: SELECT * FROM `ast_banner1`  [ RunTime:0.0004s ]
SQL: SHOW COLUMNS FROM `ast_link1` [ RunTime:0.0033s ]
SQL: SELECT * FROM `ast_link1`  [ RunTime:0.0003s ]
SQL: SHOW COLUMNS FROM `ast_article1` [ RunTime:0.0040s ]
SQL: SELECT * FROM `ast_article1`  [ RunTime:0.0006s ]
SQL: SHOW COLUMNS FROM `ast_artcate1` [ RunTime:0.0042s ]
SQL: SELECT * FROM `ast_artcate1`  [ RunTime:0.0004s ]
NOTIC: [8] Undefined index: id C:\xampp\htdocs\aiston\Application\Home1\Controller\NewsController.class.php 第 27 行.
SQL: SELECT * FROM `ast_article1` LIMIT 0,5   [ RunTime:0.0004s ]
INFO: [ view_parse ] --START--
INFO: [ template_filter ] --START--
INFO: Run Behavior\ContentReplaceBehavior [ RunTime:0.000103s ]
INFO: [ template_filter ] --END-- [ RunTime:0.000165s ]
NOTIC: [8] Undefined index: p C:\xampp\htdocs\aiston\Application\Runtime\Cache\Home1\89e9039c3c14056c236f10ac10792c6c.php 第 77 行.
NOTIC: [8] Undefined index: p C:\xampp\htdocs\aiston\Application\Runtime\Cache\Home1\89e9039c3c14056c236f10ac10792c6c.php 第 84 行.
NOTIC: [8] Undefined index: p C:\xampp\htdocs\aiston\Application\Runtime\Cache\Home1\89e9039c3c14056c236f10ac10792c6c.php 第 84 行.
INFO: Run Behavior\ParseTemplateBehavior [ RunTime:0.014631s ]
INFO: [ view_parse ] --END-- [ RunTime:0.014696s ]
INFO: [ view_filter ] --START--
INFO: Run Behavior\WriteHtmlCacheBehavior [ RunTime:0.000765s ]
INFO: [ view_filter ] --END-- [ RunTime:0.000817s ]
INFO: [ app_end ] --START--
INFO: Run Behavior\ShowPageTraceBehavior [ RunTime:0.001059s ]
INFO: [ app_end ] --END-- [ RunTime:0.001113s ]

[ 2016-03-24T22:18:52+08:00 ] ::1 /index.php/Home1/Contact/index
INFO: [ app_init ] --START--
INFO: Run Behavior\BuildLiteBehavior [ RunTime:0.000017s ]
INFO: [ app_init ] --END-- [ RunTime:0.000559s ]
INFO: [ app_begin ] --START--
INFO: Run Behavior\ReadHtmlCacheBehavior [ RunTime:0.001049s ]
INFO: [ app_begin ] --END-- [ RunTime:0.001114s ]
SQL: SHOW COLUMNS FROM `ast_banner1` [ RunTime:0.0040s ]
SQL: SELECT * FROM `ast_banner1`  [ RunTime:0.0004s ]
SQL: SHOW COLUMNS FROM `ast_link1` [ RunTime:0.0041s ]
SQL: SELECT * FROM `ast_link1`  [ RunTime:0.0003s ]
SQL: SHOW COLUMNS FROM `ast_company1` [ RunTime:0.0038s ]
SQL: SELECT * FROM `ast_company1` WHERE `c_id` = 2  [ RunTime:0.0004s ]
INFO: [ view_parse ] --START--
INFO: [ template_filter ] --START--
INFO: Run Behavior\ContentReplaceBehavior [ RunTime:0.000099s ]
INFO: [ template_filter ] --END-- [ RunTime:0.000184s ]
INFO: Run Behavior\ParseTemplateBehavior [ RunTime:0.013178s ]
INFO: [ view_parse ] --END-- [ RunTime:0.013261s ]
INFO: [ view_filter ] --START--
INFO: Run Behavior\WriteHtmlCacheBehavior [ RunTime:0.000727s ]
INFO: [ view_filter ] --END-- [ RunTime:0.000778s ]
INFO: [ app_end ] --START--
INFO: Run Behavior\ShowPageTraceBehavior [ RunTime:0.001045s ]
INFO: [ app_end ] --END-- [ RunTime:0.001102s ]

[ 2016-03-24T22:18:54+08:00 ] ::1 /index.php/Home1/Work/index
INFO: [ app_init ] --START--
INFO: Run Behavior\BuildLiteBehavior [ RunTime:0.000017s ]
INFO: [ app_init ] --END-- [ RunTime:0.000557s ]
INFO: [ app_begin ] --START--
INFO: Run Behavior\ReadHtmlCacheBehavior [ RunTime:0.001068s ]
INFO: [ app_begin ] --END-- [ RunTime:0.001136s ]
SQL: SHOW COLUMNS FROM `ast_banner1` [ RunTime:0.0041s ]
SQL: SELECT * FROM `ast_banner1`  [ RunTime:0.0004s ]
SQL: SHOW COLUMNS FROM `ast_link1` [ RunTime:0.0035s ]
SQL: SELECT * FROM `ast_link1`  [ RunTime:0.0004s ]
SQL: SHOW COLUMNS FROM `ast_work1` [ RunTime:0.0043s ]
NOTIC: [8] Undefined index: title C:\xampp\htdocs\aiston\Application\Home1\Controller\WorkController.class.php 第 16 行.
SQL: SELECT * FROM `ast_work1` ORDER BY w_cateid asc  [ RunTime:0.0005s ]
SQL: SELECT * FROM `ast_work1` LIMIT 0,6   [ RunTime:0.0004s ]
INFO: [ view_parse ] --START--
INFO: [ template_filter ] --START--
INFO: Run Behavior\ContentReplaceBehavior [ RunTime:0.000104s ]
INFO: [ template_filter ] --END-- [ RunTime:0.000175s ]
NOTIC: [8] Undefined index: link_url C:\xampp\htdocs\aiston\Application\Runtime\Cache\Home1\2d1368f78c9cae18aaef4560867e793e.php 第 59 行.
NOTIC: [8] Undefined index: title C:\xampp\htdocs\aiston\Application\Runtime\Cache\Home1\2d1368f78c9cae18aaef4560867e793e.php 第 64 行.
NOTIC: [8] Undefined index: p C:\xampp\htdocs\aiston\Application\Runtime\Cache\Home1\2d1368f78c9cae18aaef4560867e793e.php 第 90 行.
NOTIC: [8] Undefined index: p C:\xampp\htdocs\aiston\Application\Runtime\Cache\Home1\2d1368f78c9cae18aaef4560867e793e.php 第 98 行.
NOTIC: [8] Undefined index: p C:\xampp\htdocs\aiston\Application\Runtime\Cache\Home1\2d1368f78c9cae18aaef4560867e793e.php 第 98 行.
INFO: Run Behavior\ParseTemplateBehavior [ RunTime:0.014495s ]
INFO: [ view_parse ] --END-- [ RunTime:0.014552s ]
INFO: [ view_filter ] --START--
INFO: Run Behavior\WriteHtmlCacheBehavior [ RunTime:0.000820s ]
INFO: [ view_filter ] --END-- [ RunTime:0.000875s ]
INFO: [ app_end ] --START--
INFO: Run Behavior\ShowPageTraceBehavior [ RunTime:0.001054s ]
INFO: [ app_end ] --END-- [ RunTime:0.001109s ]

[ 2016-03-24T22:18:55+08:00 ] ::1 /index.php/Home1/Contact/index
INFO: [ app_init ] --START--
INFO: Run Behavior\BuildLiteBehavior [ RunTime:0.000018s ]
INFO: [ app_init ] --END-- [ RunTime:0.000549s ]
INFO: [ app_begin ] --START--
INFO: Run Behavior\ReadHtmlCacheBehavior [ RunTime:0.001358s ]
INFO: [ app_begin ] --END-- [ RunTime:0.001428s ]
SQL: SHOW COLUMNS FROM `ast_banner1` [ RunTime:0.0042s ]
SQL: SELECT * FROM `ast_banner1`  [ RunTime:0.0004s ]
SQL: SHOW COLUMNS FROM `ast_link1` [ RunTime:0.0039s ]
SQL: SELECT * FROM `ast_link1`  [ RunTime:0.0003s ]
SQL: SHOW COLUMNS FROM `ast_company1` [ RunTime:0.0038s ]
SQL: SELECT * FROM `ast_company1` WHERE `c_id` = 2  [ RunTime:0.0003s ]
INFO: [ view_parse ] --START--
INFO: [ template_filter ] --START--
INFO: Run Behavior\ContentReplaceBehavior [ RunTime:0.000093s ]
INFO: [ template_filter ] --END-- [ RunTime:0.000164s ]
INFO: Run Behavior\ParseTemplateBehavior [ RunTime:0.013454s ]
INFO: [ view_parse ] --END-- [ RunTime:0.013545s ]
INFO: [ view_filter ] --START--
INFO: Run Behavior\WriteHtmlCacheBehavior [ RunTime:0.000749s ]
INFO: [ view_filter ] --END-- [ RunTime:0.000803s ]
INFO: [ app_end ] --START--
INFO: Run Behavior\ShowPageTraceBehavior [ RunTime:0.001049s ]
INFO: [ app_end ] --END-- [ RunTime:0.001105s ]

[ 2016-03-24T22:18:55+08:00 ] ::1 /index.php/Home1/Work/index
INFO: [ app_init ] --START--
INFO: Run Behavior\BuildLiteBehavior [ RunTime:0.000017s ]
INFO: [ app_init ] --END-- [ RunTime:0.000552s ]
INFO: [ app_begin ] --START--
INFO: Run Behavior\ReadHtmlCacheBehavior [ RunTime:0.001172s ]
INFO: [ app_begin ] --END-- [ RunTime:0.001250s ]
SQL: SHOW COLUMNS FROM `ast_banner1` [ RunTime:0.0038s ]
SQL: SELECT * FROM `ast_banner1`  [ RunTime:0.0004s ]
SQL: SHOW COLUMNS FROM `ast_link1` [ RunTime:0.0042s ]
SQL: SELECT * FROM `ast_link1`  [ RunTime:0.0004s ]
SQL: SHOW COLUMNS FROM `ast_work1` [ RunTime:0.0042s ]
NOTIC: [8] Undefined index: title C:\xampp\htdocs\aiston\Application\Home1\Controller\WorkController.class.php 第 16 行.
SQL: SELECT * FROM `ast_work1` ORDER BY w_cateid asc  [ RunTime:0.0006s ]
SQL: SELECT * FROM `ast_work1` LIMIT 0,6   [ RunTime:0.0004s ]
INFO: [ view_parse ] --START--
INFO: [ template_filter ] --START--
INFO: Run Behavior\ContentReplaceBehavior [ RunTime:0.000107s ]
INFO: [ template_filter ] --END-- [ RunTime:0.000181s ]
NOTIC: [8] Undefined index: link_url C:\xampp\htdocs\aiston\Application\Runtime\Cache\Home1\2d1368f78c9cae18aaef4560867e793e.php 第 59 行.
NOTIC: [8] Undefined index: title C:\xampp\htdocs\aiston\Application\Runtime\Cache\Home1\2d1368f78c9cae18aaef4560867e793e.php 第 64 行.
NOTIC: [8] Undefined index: p C:\xampp\htdocs\aiston\Application\Runtime\Cache\Home1\2d1368f78c9cae18aaef4560867e793e.php 第 90 行.
NOTIC: [8] Undefined index: p C:\xampp\htdocs\aiston\Application\Runtime\Cache\Home1\2d1368f78c9cae18aaef4560867e793e.php 第 98 行.
NOTIC: [8] Undefined index: p C:\xampp\htdocs\aiston\Application\Runtime\Cache\Home1\2d1368f78c9cae18aaef4560867e793e.php 第 98 行.
INFO: Run Behavior\ParseTemplateBehavior [ RunTime:0.015420s ]
INFO: [ view_parse ] --END-- [ RunTime:0.015478s ]
INFO: [ view_filter ] --START--
INFO: Run Behavior\WriteHtmlCacheBehavior [ RunTime:0.000745s ]
INFO: [ view_filter ] --END-- [ RunTime:0.000795s ]
INFO: [ app_end ] --START--
INFO: Run Behavior\ShowPageTraceBehavior [ RunTime:0.001034s ]
INFO: [ app_end ] --END-- [ RunTime:0.001092s ]

[ 2016-03-24T22:18:56+08:00 ] ::1 /index.php/Home1/Work/index/title/%E7%A4%BE%E4%BC%9A%E6%8B%9B%E8%81%98
INFO: [ app_init ] --START--
INFO: Run Behavior\BuildLiteBehavior [ RunTime:0.000016s ]
INFO: [ app_init ] --END-- [ RunTime:0.000549s ]
INFO: [ app_begin ] --START--
INFO: Run Behavior\ReadHtmlCacheBehavior [ RunTime:0.001054s ]
INFO: [ app_begin ] --END-- [ RunTime:0.001121s ]
SQL: SHOW COLUMNS FROM `ast_banner1` [ RunTime:0.0044s ]
SQL: SELECT * FROM `ast_banner1`  [ RunTime:0.0004s ]
SQL: SHOW COLUMNS FROM `ast_link1` [ RunTime:0.0038s ]
SQL: SELECT * FROM `ast_link1`  [ RunTime:0.0003s ]
SQL: SHOW COLUMNS FROM `ast_work1` [ RunTime:0.0037s ]
SQL: SELECT * FROM `ast_work1` WHERE `w_cateid` = '社会招聘'  [ RunTime:0.0004s ]
NOTIC: [8] Undefined variable: Page C:\xampp\htdocs\aiston\Application\Home1\Controller\WorkController.class.php 第 24 行.
NOTIC: [8] Trying to get property of non-object C:\xampp\htdocs\aiston\Application\Home1\Controller\WorkController.class.php 第 24 行.
INFO: [ view_parse ] --START--
INFO: [ template_filter ] --START--
INFO: Run Behavior\ContentReplaceBehavior [ RunTime:0.000110s ]
INFO: [ template_filter ] --END-- [ RunTime:0.000180s ]
NOTIC: [8] Undefined index: link_url C:\xampp\htdocs\aiston\Application\Runtime\Cache\Home1\2d1368f78c9cae18aaef4560867e793e.php 第 59 行.
NOTIC: [8] Undefined index: p C:\xampp\htdocs\aiston\Application\Runtime\Cache\Home1\2d1368f78c9cae18aaef4560867e793e.php 第 90 行.
NOTIC: [8] Undefined index: p C:\xampp\htdocs\aiston\Application\Runtime\Cache\Home1\2d1368f78c9cae18aaef4560867e793e.php 第 98 行.
INFO: Run Behavior\ParseTemplateBehavior [ RunTime:0.014660s ]
INFO: [ view_parse ] --END-- [ RunTime:0.014721s ]
INFO: [ view_filter ] --START--
INFO: Run Behavior\WriteHtmlCacheBehavior [ RunTime:0.000731s ]
INFO: [ view_filter ] --END-- [ RunTime:0.000783s ]
INFO: [ app_end ] --START--
INFO: Run Behavior\ShowPageTraceBehavior [ RunTime:0.001062s ]
INFO: [ app_end ] --END-- [ RunTime:0.001116s ]

[ 2016-03-24T22:18:58+08:00 ] ::1 /index.php/Home1/Work/index/title/%E6%A0%A1%E5%9B%AD%E6%8B%9B%E8%81%98
INFO: [ app_init ] --START--
INFO: Run Behavior\BuildLiteBehavior [ RunTime:0.000017s ]
INFO: [ app_init ] --END-- [ RunTime:0.000595s ]
INFO: [ app_begin ] --START--
INFO: Run Behavior\ReadHtmlCacheBehavior [ RunTime:0.001156s ]
INFO: [ app_begin ] --END-- [ RunTime:0.001272s ]
SQL: SHOW COLUMNS FROM `ast_banner1` [ RunTime:0.0043s ]
SQL: SELECT * FROM `ast_banner1`  [ RunTime:0.0005s ]
SQL: SHOW COLUMNS FROM `ast_link1` [ RunTime:0.0036s ]
SQL: SELECT * FROM `ast_link1`  [ RunTime:0.0003s ]
SQL: SHOW COLUMNS FROM `ast_work1` [ RunTime:0.0047s ]
SQL: SELECT * FROM `ast_work1` WHERE `w_cateid` = '校园招聘'  [ RunTime:0.0006s ]
NOTIC: [8] Undefined variable: Page C:\xampp\htdocs\aiston\Application\Home1\Controller\WorkController.class.php 第 24 行.
NOTIC: [8] Trying to get property of non-object C:\xampp\htdocs\aiston\Application\Home1\Controller\WorkController.class.php 第 24 行.
INFO: [ view_parse ] --START--
INFO: [ template_filter ] --START--
INFO: Run Behavior\ContentReplaceBehavior [ RunTime:0.000109s ]
INFO: [ template_filter ] --END-- [ RunTime:0.000179s ]
NOTIC: [8] Undefined index: link_url C:\xampp\htdocs\aiston\Application\Runtime\Cache\Home1\2d1368f78c9cae18aaef4560867e793e.php 第 59 行.
NOTIC: [8] Undefined index: p C:\xampp\htdocs\aiston\Application\Runtime\Cache\Home1\2d1368f78c9cae18aaef4560867e793e.php 第 90 行.
NOTIC: [8] Undefined index: p C:\xampp\htdocs\aiston\Application\Runtime\Cache\Home1\2d1368f78c9cae18aaef4560867e793e.php 第 98 行.
INFO: Run Behavior\ParseTemplateBehavior [ RunTime:0.014541s ]
INFO: [ view_parse ] --END-- [ RunTime:0.014606s ]
INFO: [ view_filter ] --START--
INFO: Run Behavior\WriteHtmlCacheBehavior [ RunTime:0.000797s ]
INFO: [ view_filter ] --END-- [ RunTime:0.000849s ]
INFO: [ app_end ] --START--
INFO: Run Behavior\ShowPageTraceBehavior [ RunTime:0.002144s ]
INFO: [ app_end ] --END-- [ RunTime:0.002230s ]

[ 2016-03-24T22:19:00+08:00 ] ::1 /index.php/Home1/Walkto/index
INFO: [ app_init ] --START--
INFO: Run Behavior\BuildLiteBehavior [ RunTime:0.000017s ]
INFO: [ app_init ] --END-- [ RunTime:0.000552s ]
INFO: [ app_begin ] --START--
INFO: Run Behavior\ReadHtmlCacheBehavior [ RunTime:0.001045s ]
INFO: [ app_begin ] --END-- [ RunTime:0.001110s ]
SQL: SHOW COLUMNS FROM `ast_banner1` [ RunTime:0.0042s ]
SQL: SELECT * FROM `ast_banner1`  [ RunTime:0.0005s ]
SQL: SHOW COLUMNS FROM `ast_link1` [ RunTime:0.0039s ]
SQL: SELECT * FROM `ast_link1`  [ RunTime:0.0003s ]
SQL: SHOW COLUMNS FROM `ast_about1` [ RunTime:0.0045s ]
SQL: SELECT * FROM `ast_about1`  [ RunTime:0.0003s ]
SQL: SELECT * FROM `ast_about1` WHERE `ast_aid` = 1  [ RunTime:0.0002s ]
INFO: [ view_parse ] --START--
INFO: [ template_filter ] --START--
INFO: Run Behavior\ContentReplaceBehavior [ RunTime:0.000095s ]
INFO: [ template_filter ] --END-- [ RunTime:0.000164s ]
NOTIC: [8] Undefined index: link_url C:\xampp\htdocs\aiston\Application\Runtime\Cache\Home1\e98f8ccb00cf07d813b541ccc7aa59ec.php 第 59 行.
INFO: Run Behavior\ParseTemplateBehavior [ RunTime:0.014217s ]
INFO: [ view_parse ] --END-- [ RunTime:0.014281s ]
INFO: [ view_filter ] --START--
INFO: Run Behavior\WriteHtmlCacheBehavior [ RunTime:0.000759s ]
INFO: [ view_filter ] --END-- [ RunTime:0.000826s ]
INFO: [ app_end ] --START--
INFO: Run Behavior\ShowPageTraceBehavior [ RunTime:0.001534s ]
INFO: [ app_end ] --END-- [ RunTime:0.001628s ]

[ 2016-03-24T22:19:00+08:00 ] ::1 /index.php/Home1/Index/index
INFO: [ app_init ] --START--
INFO: Run Behavior\BuildLiteBehavior [ RunTime:0.000019s ]
INFO: [ app_init ] --END-- [ RunTime:0.000662s ]
INFO: [ app_begin ] --START--
INFO: Run Behavior\ReadHtmlCacheBehavior [ RunTime:0.001549s ]
INFO: [ app_begin ] --END-- [ RunTime:0.001640s ]
SQL: SHOW COLUMNS FROM `ast_banner1` [ RunTime:0.0041s ]
SQL: SELECT * FROM `ast_banner1`  [ RunTime:0.0004s ]
SQL: SHOW COLUMNS FROM `ast_link1` [ RunTime:0.0039s ]
SQL: SELECT * FROM `ast_link1`  [ RunTime:0.0003s ]
SQL: SHOW COLUMNS FROM `ast_company1` [ RunTime:0.0042s ]
SQL: SHOW COLUMNS FROM `ast_article1` [ RunTime:0.0036s ]
SQL: SHOW COLUMNS FROM `ast_product1` [ RunTime:0.0045s ]
SQL: SHOW COLUMNS FROM `ast_procate1` [ RunTime:0.0038s ]
SQL: SELECT * FROM `ast_procate1`  [ RunTime:0.0004s ]
SQL: SELECT * FROM `ast_article1` WHERE `art_cateid` = 4 LIMIT 5   [ RunTime:0.0006s ]
SQL: SELECT * FROM `ast_article1` WHERE `art_cateid` = 5 LIMIT 3   [ RunTime:0.0005s ]
SQL: SELECT * FROM `ast_article1` ORDER BY art_addtime desc LIMIT 2,3   [ RunTime:0.0007s ]
SQL: SELECT * FROM `ast_article1` ORDER BY art_addtime desc LIMIT 1   [ RunTime:0.0004s ]
SQL: SELECT * FROM `ast_product1`  [ RunTime:0.0003s ]
SQL: SELECT * FROM `ast_company1`  [ RunTime:0.0002s ]
INFO: [ view_parse ] --START--
INFO: [ template_filter ] --START--
INFO: Run Behavior\ContentReplaceBehavior [ RunTime:0.000143s ]
INFO: [ template_filter ] --END-- [ RunTime:0.000221s ]
INFO: Run Behavior\ParseTemplateBehavior [ RunTime:0.017146s ]
INFO: [ view_parse ] --END-- [ RunTime:0.017213s ]
INFO: [ view_filter ] --START--
INFO: Run Behavior\WriteHtmlCacheBehavior [ RunTime:0.000767s ]
INFO: [ view_filter ] --END-- [ RunTime:0.000819s ]
INFO: [ app_end ] --START--
INFO: Run Behavior\ShowPageTraceBehavior [ RunTime:0.002072s ]
INFO: [ app_end ] --END-- [ RunTime:0.002216s ]

