[ 2016-03-26T09:34:32+08:00 ] ::1 /index.php/Home1/Index
INFO: [ app_init ] --START--
INFO: Run Behavior\BuildLiteBehavior [ RunTime:0.000023s ]
INFO: [ app_init ] --END-- [ RunTime:0.000903s ]
INFO: [ app_begin ] --START--
INFO: Run Behavior\ReadHtmlCacheBehavior [ RunTime:0.001072s ]
INFO: [ app_begin ] --END-- [ RunTime:0.001218s ]
SQL: SHOW COLUMNS FROM `ast_banner1` [ RunTime:0.0067s ]
SQL: SELECT * FROM `ast_banner1`  [ RunTime:0.0007s ]
SQL: SHOW COLUMNS FROM `ast_link1` [ RunTime:0.0071s ]
SQL: SELECT * FROM `ast_link1`  [ RunTime:0.0006s ]
SQL: SHOW COLUMNS FROM `ast_company1` [ RunTime:0.0271s ]
SQL: SHOW COLUMNS FROM `ast_article1` [ RunTime:0.0067s ]
SQL: SHOW COLUMNS FROM `ast_product1` [ RunTime:0.0069s ]
SQL: SHOW COLUMNS FROM `ast_procate1` [ RunTime:0.0060s ]
SQL: SELECT * FROM `ast_procate1`  [ RunTime:0.0005s ]
SQL: SELECT * FROM `ast_article1` WHERE `art_cateid` = 4 LIMIT 5   [ RunTime:0.0008s ]
SQL: SELECT * FROM `ast_article1` WHERE `art_cateid` = 5 LIMIT 3   [ RunTime:0.0004s ]
SQL: SELECT * FROM `ast_article1` ORDER BY art_addtime desc LIMIT 2,3   [ RunTime:0.0010s ]
SQL: SELECT * FROM `ast_article1` ORDER BY art_addtime desc LIMIT 1   [ RunTime:0.0007s ]
SQL: SELECT * FROM `ast_product1`  [ RunTime:0.0016s ]
SQL: SELECT * FROM `ast_company1`  [ RunTime:0.0010s ]
INFO: [ view_parse ] --START--
INFO: [ template_filter ] --START--
INFO: Run Behavior\ContentReplaceBehavior [ RunTime:0.000241s ]
INFO: [ template_filter ] --END-- [ RunTime:0.000461s ]
INFO: Run Behavior\ParseTemplateBehavior [ RunTime:0.021696s ]
INFO: [ view_parse ] --END-- [ RunTime:0.021800s ]
INFO: [ view_filter ] --START--
INFO: Run Behavior\WriteHtmlCacheBehavior [ RunTime:0.000591s ]
INFO: [ view_filter ] --END-- [ RunTime:0.000647s ]
INFO: [ app_end ] --START--
INFO: Run Behavior\ShowPageTraceBehavior [ RunTime:0.001530s ]
INFO: [ app_end ] --END-- [ RunTime:0.001626s ]

[ 2016-03-26T09:34:35+08:00 ] ::1 /index.php/Home1/product/index
INFO: [ app_init ] --START--
INFO: Run Behavior\BuildLiteBehavior [ RunTime:0.000019s ]
INFO: [ app_init ] --END-- [ RunTime:0.000661s ]
INFO: [ app_begin ] --START--
INFO: Run Behavior\ReadHtmlCacheBehavior [ RunTime:0.001321s ]
INFO: [ app_begin ] --END-- [ RunTime:0.001399s ]
SQL: SHOW COLUMNS FROM `ast_banner1` [ RunTime:0.0046s ]
SQL: SELECT * FROM `ast_banner1`  [ RunTime:0.0004s ]
SQL: SHOW COLUMNS FROM `ast_link1` [ RunTime:0.0052s ]
SQL: SELECT * FROM `ast_link1`  [ RunTime:0.0003s ]
SQL: SHOW COLUMNS FROM `ast_procate1` [ RunTime:0.0038s ]
SQL: SELECT * FROM `ast_procate1`  [ RunTime:0.0004s ]
SQL: SHOW COLUMNS FROM `ast_product1` [ RunTime:0.0098s ]
NOTIC: [8] Undefined index: id C:\xampp\htdocs\aiston\Application\Home1\Controller\ProductController.class.php 第 16 行.
SQL: SELECT * FROM `ast_product1`  [ RunTime:0.0006s ]
SQL: SELECT * FROM `ast_product1` LIMIT 0,5   [ RunTime:0.0004s ]
INFO: [ view_parse ] --START--
INFO: [ template_filter ] --START--
INFO: Run Behavior\ContentReplaceBehavior [ RunTime:0.000108s ]
INFO: [ template_filter ] --END-- [ RunTime:0.000185s ]
NOTIC: [8] Undefined variable: pro C:\xampp\htdocs\aiston\Application\Runtime\Cache\Home1\4d238cce37f2a9dc0ca93d1f28786684.php 第 71 行.
NOTIC: [8] Undefined variable: pro C:\xampp\htdocs\aiston\Application\Runtime\Cache\Home1\4d238cce37f2a9dc0ca93d1f28786684.php 第 71 行.
NOTIC: [8] Undefined variable: pro C:\xampp\htdocs\aiston\Application\Runtime\Cache\Home1\4d238cce37f2a9dc0ca93d1f28786684.php 第 71 行.
NOTIC: [8] Undefined variable: pro C:\xampp\htdocs\aiston\Application\Runtime\Cache\Home1\4d238cce37f2a9dc0ca93d1f28786684.php 第 71 行.
NOTIC: [8] Undefined variable: pro C:\xampp\htdocs\aiston\Application\Runtime\Cache\Home1\4d238cce37f2a9dc0ca93d1f28786684.php 第 71 行.
NOTIC: [8] Undefined index: p C:\xampp\htdocs\aiston\Application\Runtime\Cache\Home1\4d238cce37f2a9dc0ca93d1f28786684.php 第 80 行.
NOTIC: [8] Undefined index: p C:\xampp\htdocs\aiston\Application\Runtime\Cache\Home1\4d238cce37f2a9dc0ca93d1f28786684.php 第 85 行.
NOTIC: [8] Undefined index: p C:\xampp\htdocs\aiston\Application\Runtime\Cache\Home1\4d238cce37f2a9dc0ca93d1f28786684.php 第 85 行.
INFO: Run Behavior\ParseTemplateBehavior [ RunTime:0.017084s ]
INFO: [ view_parse ] --END-- [ RunTime:0.017147s ]
INFO: [ view_filter ] --START--
INFO: Run Behavior\WriteHtmlCacheBehavior [ RunTime:0.000743s ]
INFO: [ view_filter ] --END-- [ RunTime:0.000794s ]
INFO: [ app_end ] --START--
INFO: Run Behavior\ShowPageTraceBehavior [ RunTime:0.000920s ]
INFO: [ app_end ] --END-- [ RunTime:0.000974s ]

[ 2016-03-26T09:34:37+08:00 ] ::1 /index.php/Home1/Walkto/index
INFO: [ app_init ] --START--
INFO: Run Behavior\BuildLiteBehavior [ RunTime:0.000019s ]
INFO: [ app_init ] --END-- [ RunTime:0.000627s ]
INFO: [ app_begin ] --START--
INFO: Run Behavior\ReadHtmlCacheBehavior [ RunTime:0.001284s ]
INFO: [ app_begin ] --END-- [ RunTime:0.001430s ]
SQL: SHOW COLUMNS FROM `ast_banner1` [ RunTime:0.0050s ]
SQL: SELECT * FROM `ast_banner1`  [ RunTime:0.0004s ]
SQL: SHOW COLUMNS FROM `ast_link1` [ RunTime:0.0047s ]
SQL: SELECT * FROM `ast_link1`  [ RunTime:0.0005s ]
SQL: SHOW COLUMNS FROM `ast_about1` [ RunTime:0.0225s ]
SQL: SELECT * FROM `ast_about1`  [ RunTime:0.0006s ]
SQL: SELECT * FROM `ast_about1` WHERE `ast_aid` = 1  [ RunTime:0.0012s ]
INFO: [ view_parse ] --START--
INFO: [ template_filter ] --START--
INFO: Run Behavior\ContentReplaceBehavior [ RunTime:0.000096s ]
INFO: [ template_filter ] --END-- [ RunTime:0.000188s ]
NOTIC: [8] Undefined index: link_url C:\xampp\htdocs\aiston\Application\Runtime\Cache\Home1\e98f8ccb00cf07d813b541ccc7aa59ec.php 第 59 行.
INFO: Run Behavior\ParseTemplateBehavior [ RunTime:0.013647s ]
INFO: [ view_parse ] --END-- [ RunTime:0.013728s ]
INFO: [ view_filter ] --START--
INFO: Run Behavior\WriteHtmlCacheBehavior [ RunTime:0.000490s ]
INFO: [ view_filter ] --END-- [ RunTime:0.000539s ]
INFO: [ app_end ] --START--
INFO: Run Behavior\ShowPageTraceBehavior [ RunTime:0.000891s ]
INFO: [ app_end ] --END-- [ RunTime:0.000957s ]

[ 2016-03-26T09:34:39+08:00 ] ::1 /index.php/Home1/Contact/index
INFO: [ app_init ] --START--
INFO: Run Behavior\BuildLiteBehavior [ RunTime:0.000019s ]
INFO: [ app_init ] --END-- [ RunTime:0.000543s ]
INFO: [ app_begin ] --START--
INFO: Run Behavior\ReadHtmlCacheBehavior [ RunTime:0.000805s ]
INFO: [ app_begin ] --END-- [ RunTime:0.000870s ]
SQL: SHOW COLUMNS FROM `ast_banner1` [ RunTime:0.0039s ]
SQL: SELECT * FROM `ast_banner1`  [ RunTime:0.0004s ]
SQL: SHOW COLUMNS FROM `ast_link1` [ RunTime:0.0044s ]
SQL: SELECT * FROM `ast_link1`  [ RunTime:0.0005s ]
ERR: 1146:Table 'di.ast_ww' doesn't exist
 [ SQL语句 ] : SHOW COLUMNS FROM `ast_ww`
ERR: 1146:Table 'di.ast_ww' doesn't exist
 [ SQL语句 ] : SHOW COLUMNS FROM `ast_ww`

[ 2016-03-26T09:35:36+08:00 ] ::1 /index.php/Home1/Walkto/index
INFO: [ app_init ] --START--
INFO: Run Behavior\BuildLiteBehavior [ RunTime:0.000020s ]
INFO: [ app_init ] --END-- [ RunTime:0.000724s ]
INFO: [ app_begin ] --START--
INFO: Run Behavior\ReadHtmlCacheBehavior [ RunTime:0.000903s ]
INFO: [ app_begin ] --END-- [ RunTime:0.000998s ]
SQL: SHOW COLUMNS FROM `ast_banner1` [ RunTime:0.0058s ]
SQL: SELECT * FROM `ast_banner1`  [ RunTime:0.0006s ]
SQL: SHOW COLUMNS FROM `ast_link1` [ RunTime:0.0059s ]
SQL: SELECT * FROM `ast_link1`  [ RunTime:0.0009s ]
SQL: SHOW COLUMNS FROM `ast_about1` [ RunTime:0.0076s ]
SQL: SELECT * FROM `ast_about1`  [ RunTime:0.0006s ]
SQL: SELECT * FROM `ast_about1` WHERE `ast_aid` = 1  [ RunTime:0.0007s ]
INFO: [ view_parse ] --START--
INFO: [ template_filter ] --START--
INFO: Run Behavior\ContentReplaceBehavior [ RunTime:0.000093s ]
INFO: [ template_filter ] --END-- [ RunTime:0.000158s ]
NOTIC: [8] Undefined index: link_url C:\xampp\htdocs\aiston\Application\Runtime\Cache\Home1\e98f8ccb00cf07d813b541ccc7aa59ec.php 第 59 行.
INFO: Run Behavior\ParseTemplateBehavior [ RunTime:0.011350s ]
INFO: [ view_parse ] --END-- [ RunTime:0.011440s ]
INFO: [ view_filter ] --START--
INFO: Run Behavior\WriteHtmlCacheBehavior [ RunTime:0.000565s ]
INFO: [ view_filter ] --END-- [ RunTime:0.000630s ]
INFO: [ app_end ] --START--
INFO: Run Behavior\ShowPageTraceBehavior [ RunTime:0.001011s ]
INFO: [ app_end ] --END-- [ RunTime:0.001078s ]

[ 2016-03-26T09:35:40+08:00 ] ::1 /index.php/Home1/Contact/index
INFO: [ app_init ] --START--
INFO: Run Behavior\BuildLiteBehavior [ RunTime:0.000017s ]
INFO: [ app_init ] --END-- [ RunTime:0.000585s ]
INFO: [ app_begin ] --START--
INFO: Run Behavior\ReadHtmlCacheBehavior [ RunTime:0.000958s ]
INFO: [ app_begin ] --END-- [ RunTime:0.001045s ]
SQL: SHOW COLUMNS FROM `ast_banner1` [ RunTime:0.0052s ]
SQL: SELECT * FROM `ast_banner1`  [ RunTime:0.0005s ]
SQL: SHOW COLUMNS FROM `ast_link1` [ RunTime:0.0037s ]
SQL: SELECT * FROM `ast_link1`  [ RunTime:0.0003s ]
ERR: 1146:Table 'di.ast_ww' doesn't exist
 [ SQL语句 ] : SHOW COLUMNS FROM `ast_ww`
ERR: 1146:Table 'di.ast_ww' doesn't exist
 [ SQL语句 ] : SHOW COLUMNS FROM `ast_ww`

[ 2016-03-26T09:37:09+08:00 ] ::1 /index.php/Home1/Contact/index
INFO: [ app_init ] --START--
INFO: Run Behavior\BuildLiteBehavior [ RunTime:0.000030s ]
INFO: [ app_init ] --END-- [ RunTime:0.000955s ]
INFO: [ app_begin ] --START--
INFO: Run Behavior\ReadHtmlCacheBehavior [ RunTime:0.001196s ]
INFO: [ app_begin ] --END-- [ RunTime:0.001317s ]
SQL: SHOW COLUMNS FROM `ast_banner1` [ RunTime:0.0055s ]
SQL: SELECT * FROM `ast_banner1`  [ RunTime:0.0005s ]
SQL: SHOW COLUMNS FROM `ast_link1` [ RunTime:0.0041s ]
SQL: SELECT * FROM `ast_link1`  [ RunTime:0.0004s ]
SQL: SHOW COLUMNS FROM `ast_company1` [ RunTime:0.0049s ]
SQL: SELECT * FROM `ast_company1` WHERE `c_id` = 2  [ RunTime:0.0004s ]
INFO: [ view_parse ] --START--
INFO: [ template_filter ] --START--
INFO: Run Behavior\ContentReplaceBehavior [ RunTime:0.000095s ]
INFO: [ template_filter ] --END-- [ RunTime:0.000170s ]
INFO: Run Behavior\ParseTemplateBehavior [ RunTime:0.010845s ]
INFO: [ view_parse ] --END-- [ RunTime:0.010931s ]
INFO: [ view_filter ] --START--
INFO: Run Behavior\WriteHtmlCacheBehavior [ RunTime:0.000656s ]
INFO: [ view_filter ] --END-- [ RunTime:0.000706s ]
INFO: [ app_end ] --START--
INFO: Run Behavior\ShowPageTraceBehavior [ RunTime:0.000903s ]
INFO: [ app_end ] --END-- [ RunTime:0.000956s ]

[ 2016-03-26T09:41:31+08:00 ] ::1 /index.php/Home1/Contact/index
INFO: [ app_init ] --START--
INFO: Run Behavior\BuildLiteBehavior [ RunTime:0.000017s ]
INFO: [ app_init ] --END-- [ RunTime:0.000786s ]
INFO: [ app_begin ] --START--
INFO: Run Behavior\ReadHtmlCacheBehavior [ RunTime:0.001717s ]
INFO: [ app_begin ] --END-- [ RunTime:0.001814s ]
SQL: SHOW COLUMNS FROM `ast_banner1` [ RunTime:0.0044s ]
SQL: SELECT * FROM `ast_banner1`  [ RunTime:0.0008s ]
SQL: SHOW COLUMNS FROM `ast_link1` [ RunTime:0.0092s ]
SQL: SELECT * FROM `ast_link1`  [ RunTime:0.0003s ]
SQL: SHOW COLUMNS FROM `ast_company1` [ RunTime:0.0045s ]
SQL: SELECT * FROM `ast_company1` WHERE `c_id` = 2  [ RunTime:0.0004s ]
INFO: [ view_parse ] --START--
INFO: [ template_filter ] --START--
INFO: Run Behavior\ContentReplaceBehavior [ RunTime:0.000094s ]
INFO: [ template_filter ] --END-- [ RunTime:0.000175s ]
INFO: Run Behavior\ParseTemplateBehavior [ RunTime:0.020209s ]
INFO: [ view_parse ] --END-- [ RunTime:0.020369s ]
INFO: [ view_filter ] --START--
INFO: Run Behavior\WriteHtmlCacheBehavior [ RunTime:0.001600s ]
INFO: [ view_filter ] --END-- [ RunTime:0.001681s ]
INFO: [ app_end ] --START--
INFO: Run Behavior\ShowPageTraceBehavior [ RunTime:0.001639s ]
INFO: [ app_end ] --END-- [ RunTime:0.001699s ]

[ 2016-03-26T09:41:49+08:00 ] ::1 /index.php/Home1/Contact/index
INFO: [ app_init ] --START--
INFO: Run Behavior\BuildLiteBehavior [ RunTime:0.000020s ]
INFO: [ app_init ] --END-- [ RunTime:0.000683s ]
INFO: [ app_begin ] --START--
INFO: Run Behavior\ReadHtmlCacheBehavior [ RunTime:0.001184s ]
INFO: [ app_begin ] --END-- [ RunTime:0.001286s ]
SQL: SHOW COLUMNS FROM `ast_banner1` [ RunTime:0.0037s ]
SQL: SELECT * FROM `ast_banner1`  [ RunTime:0.0003s ]
SQL: SHOW COLUMNS FROM `ast_link1` [ RunTime:0.0053s ]
SQL: SELECT * FROM `ast_link1`  [ RunTime:0.0006s ]
SQL: SHOW COLUMNS FROM `ast_company1` [ RunTime:0.0040s ]
SQL: SELECT * FROM `ast_company1` WHERE `c_id` = 2  [ RunTime:0.0003s ]
INFO: [ view_parse ] --START--
INFO: [ template_filter ] --START--
INFO: Run Behavior\ContentReplaceBehavior [ RunTime:0.000096s ]
INFO: [ template_filter ] --END-- [ RunTime:0.000177s ]
INFO: Run Behavior\ParseTemplateBehavior [ RunTime:0.023193s ]
INFO: [ view_parse ] --END-- [ RunTime:0.023297s ]
INFO: [ view_filter ] --START--
INFO: Run Behavior\WriteHtmlCacheBehavior [ RunTime:0.002541s ]
INFO: [ view_filter ] --END-- [ RunTime:0.002632s ]
INFO: [ app_end ] --START--
INFO: Run Behavior\ShowPageTraceBehavior [ RunTime:0.001612s ]
INFO: [ app_end ] --END-- [ RunTime:0.001722s ]

[ 2016-03-26T09:42:56+08:00 ] ::1 /index.php/Home1/Contact/index
INFO: [ app_init ] --START--
INFO: Run Behavior\BuildLiteBehavior [ RunTime:0.000030s ]
INFO: [ app_init ] --END-- [ RunTime:0.000920s ]
INFO: [ app_begin ] --START--
INFO: Run Behavior\ReadHtmlCacheBehavior [ RunTime:0.003994s ]
INFO: [ app_begin ] --END-- [ RunTime:0.004189s ]
SQL: SHOW COLUMNS FROM `ast_banner1` [ RunTime:0.0063s ]
SQL: SELECT * FROM `ast_banner1`  [ RunTime:0.0006s ]
SQL: SHOW COLUMNS FROM `ast_link1` [ RunTime:0.0101s ]
SQL: SELECT * FROM `ast_link1`  [ RunTime:0.0012s ]
SQL: SHOW COLUMNS FROM `ast_company1` [ RunTime:0.0064s ]
SQL: SELECT * FROM `ast_company1` WHERE `c_id` = 2  [ RunTime:0.0004s ]
INFO: [ view_parse ] --START--
INFO: [ template_filter ] --START--
INFO: Run Behavior\ContentReplaceBehavior [ RunTime:0.000194s ]
INFO: [ template_filter ] --END-- [ RunTime:0.000346s ]
INFO: Run Behavior\ParseTemplateBehavior [ RunTime:0.017097s ]
INFO: [ view_parse ] --END-- [ RunTime:0.017220s ]
INFO: [ view_filter ] --START--
INFO: Run Behavior\WriteHtmlCacheBehavior [ RunTime:0.001275s ]
INFO: [ view_filter ] --END-- [ RunTime:0.001361s ]
INFO: [ app_end ] --START--
INFO: Run Behavior\ShowPageTraceBehavior [ RunTime:0.002148s ]
INFO: [ app_end ] --END-- [ RunTime:0.002235s ]

[ 2016-03-26T09:42:56+08:00 ] ::1 /index.php/Home1/Contact/index
INFO: [ app_init ] --START--
INFO: Run Behavior\BuildLiteBehavior [ RunTime:0.000020s ]
INFO: [ app_init ] --END-- [ RunTime:0.000756s ]
INFO: [ app_begin ] --START--
INFO: Run Behavior\ReadHtmlCacheBehavior [ RunTime:0.002079s ]
INFO: [ app_begin ] --END-- [ RunTime:0.002285s ]
SQL: SHOW COLUMNS FROM `ast_banner1` [ RunTime:0.0052s ]
SQL: SELECT * FROM `ast_banner1`  [ RunTime:0.0004s ]
SQL: SHOW COLUMNS FROM `ast_link1` [ RunTime:0.0050s ]
SQL: SELECT * FROM `ast_link1`  [ RunTime:0.0004s ]
SQL: SHOW COLUMNS FROM `ast_company1` [ RunTime:0.0053s ]
SQL: SELECT * FROM `ast_company1` WHERE `c_id` = 2  [ RunTime:0.0004s ]
INFO: [ view_parse ] --START--
INFO: [ template_filter ] --START--
INFO: Run Behavior\ContentReplaceBehavior [ RunTime:0.000095s ]
INFO: [ template_filter ] --END-- [ RunTime:0.000187s ]
INFO: Run Behavior\ParseTemplateBehavior [ RunTime:0.015128s ]
INFO: [ view_parse ] --END-- [ RunTime:0.015229s ]
INFO: [ view_filter ] --START--
INFO: Run Behavior\WriteHtmlCacheBehavior [ RunTime:0.002327s ]
INFO: [ view_filter ] --END-- [ RunTime:0.002727s ]
INFO: [ app_end ] --START--
INFO: Run Behavior\ShowPageTraceBehavior [ RunTime:0.006205s ]
INFO: [ app_end ] --END-- [ RunTime:0.006411s ]

[ 2016-03-26T09:42:56+08:00 ] ::1 /index.php/Home1/Contact/index
INFO: [ app_init ] --START--
INFO: Run Behavior\BuildLiteBehavior [ RunTime:0.000110s ]
INFO: [ app_init ] --END-- [ RunTime:0.003449s ]
INFO: [ app_begin ] --START--
INFO: Run Behavior\ReadHtmlCacheBehavior [ RunTime:0.002850s ]
INFO: [ app_begin ] --END-- [ RunTime:0.002984s ]
SQL: SHOW COLUMNS FROM `ast_banner1` [ RunTime:0.0079s ]
SQL: SELECT * FROM `ast_banner1`  [ RunTime:0.0011s ]
SQL: SHOW COLUMNS FROM `ast_link1` [ RunTime:0.0088s ]
SQL: SELECT * FROM `ast_link1`  [ RunTime:0.0009s ]
SQL: SHOW COLUMNS FROM `ast_company1` [ RunTime:0.0084s ]
SQL: SELECT * FROM `ast_company1` WHERE `c_id` = 2  [ RunTime:0.0005s ]
INFO: [ view_parse ] --START--
INFO: [ template_filter ] --START--
INFO: Run Behavior\ContentReplaceBehavior [ RunTime:0.000200s ]
INFO: [ template_filter ] --END-- [ RunTime:0.000387s ]
INFO: Run Behavior\ParseTemplateBehavior [ RunTime:0.026139s ]
INFO: [ view_parse ] --END-- [ RunTime:0.026295s ]
INFO: [ view_filter ] --START--
INFO: Run Behavior\WriteHtmlCacheBehavior [ RunTime:0.001985s ]
INFO: [ view_filter ] --END-- [ RunTime:0.002084s ]
INFO: [ app_end ] --START--
INFO: Run Behavior\ShowPageTraceBehavior [ RunTime:0.002090s ]
INFO: [ app_end ] --END-- [ RunTime:0.002192s ]

[ 2016-03-26T10:07:06+08:00 ] ::1 /index.php/Home1/Contact/index
INFO: [ app_init ] --START--
INFO: Run Behavior\BuildLiteBehavior [ RunTime:0.000022s ]
INFO: [ app_init ] --END-- [ RunTime:0.001133s ]
INFO: [ app_begin ] --START--
INFO: Run Behavior\ReadHtmlCacheBehavior [ RunTime:0.001536s ]
INFO: [ app_begin ] --END-- [ RunTime:0.001637s ]
SQL: SHOW COLUMNS FROM `ast_banner1` [ RunTime:0.0042s ]
SQL: SELECT * FROM `ast_banner1`  [ RunTime:0.0005s ]
SQL: SHOW COLUMNS FROM `ast_link1` [ RunTime:0.0059s ]
SQL: SELECT * FROM `ast_link1`  [ RunTime:0.0004s ]
SQL: SHOW COLUMNS FROM `ast_company1` [ RunTime:0.0037s ]
SQL: SELECT * FROM `ast_company1` WHERE `c_id` = 2  [ RunTime:0.0003s ]
INFO: [ view_parse ] --START--
INFO: [ template_filter ] --START--
INFO: Run Behavior\ContentReplaceBehavior [ RunTime:0.000161s ]
INFO: [ template_filter ] --END-- [ RunTime:0.000282s ]
INFO: Run Behavior\ParseTemplateBehavior [ RunTime:0.016722s ]
INFO: [ view_parse ] --END-- [ RunTime:0.016838s ]
INFO: [ view_filter ] --START--
INFO: Run Behavior\WriteHtmlCacheBehavior [ RunTime:0.001130s ]
INFO: [ view_filter ] --END-- [ RunTime:0.001185s ]
INFO: [ app_end ] --START--
INFO: Run Behavior\ShowPageTraceBehavior [ RunTime:0.001422s ]
INFO: [ app_end ] --END-- [ RunTime:0.001489s ]

[ 2016-03-26T10:07:22+08:00 ] ::1 /index.php/Home1/Contact/index
INFO: [ app_init ] --START--
INFO: Run Behavior\BuildLiteBehavior [ RunTime:0.000017s ]
INFO: [ app_init ] --END-- [ RunTime:0.000566s ]
INFO: [ app_begin ] --START--
INFO: Run Behavior\ReadHtmlCacheBehavior [ RunTime:0.001455s ]
INFO: [ app_begin ] --END-- [ RunTime:0.001560s ]
SQL: SHOW COLUMNS FROM `ast_banner1` [ RunTime:0.0042s ]
SQL: SELECT * FROM `ast_banner1`  [ RunTime:0.0004s ]
SQL: SHOW COLUMNS FROM `ast_link1` [ RunTime:0.0045s ]
SQL: SELECT * FROM `ast_link1`  [ RunTime:0.0003s ]
SQL: SHOW COLUMNS FROM `ast_company1` [ RunTime:0.0048s ]
SQL: SELECT * FROM `ast_company1` WHERE `c_id` = 2  [ RunTime:0.0003s ]
INFO: [ view_parse ] --START--
INFO: [ template_filter ] --START--
INFO: Run Behavior\ContentReplaceBehavior [ RunTime:0.000108s ]
INFO: [ template_filter ] --END-- [ RunTime:0.000189s ]
INFO: Run Behavior\ParseTemplateBehavior [ RunTime:0.016099s ]
INFO: [ view_parse ] --END-- [ RunTime:0.016199s ]
INFO: [ view_filter ] --START--
INFO: Run Behavior\WriteHtmlCacheBehavior [ RunTime:0.001129s ]
INFO: [ view_filter ] --END-- [ RunTime:0.001187s ]
INFO: [ app_end ] --START--
INFO: Run Behavior\ShowPageTraceBehavior [ RunTime:0.001153s ]
INFO: [ app_end ] --END-- [ RunTime:0.001211s ]

[ 2016-03-26T10:11:52+08:00 ] ::1 /index.php/Home1/Index
INFO: [ app_init ] --START--
INFO: Run Behavior\BuildLiteBehavior [ RunTime:0.000029s ]
INFO: [ app_init ] --END-- [ RunTime:0.000891s ]
INFO: [ app_begin ] --START--
INFO: Run Behavior\ReadHtmlCacheBehavior [ RunTime:0.002754s ]
INFO: [ app_begin ] --END-- [ RunTime:0.002925s ]
SQL: SHOW COLUMNS FROM `ast_banner1` [ RunTime:0.0044s ]
SQL: SELECT * FROM `ast_banner1`  [ RunTime:0.0004s ]
SQL: SHOW COLUMNS FROM `ast_link1` [ RunTime:0.0054s ]
SQL: SELECT * FROM `ast_link1`  [ RunTime:0.0005s ]
SQL: SHOW COLUMNS FROM `ast_company1` [ RunTime:0.0067s ]
SQL: SHOW COLUMNS FROM `ast_article1` [ RunTime:0.0045s ]
SQL: SHOW COLUMNS FROM `ast_product1` [ RunTime:0.0116s ]
SQL: SHOW COLUMNS FROM `ast_procate1` [ RunTime:0.0083s ]
SQL: SELECT * FROM `ast_procate1`  [ RunTime:0.0006s ]
SQL: SELECT * FROM `ast_article1` WHERE `art_cateid` = 4 LIMIT 5   [ RunTime:0.0006s ]
SQL: SELECT * FROM `ast_article1` WHERE `art_cateid` = 5 LIMIT 3   [ RunTime:0.0003s ]
SQL: SELECT * FROM `ast_article1` ORDER BY art_addtime desc LIMIT 2,3   [ RunTime:0.0007s ]
SQL: SELECT * FROM `ast_article1` ORDER BY art_addtime desc LIMIT 1   [ RunTime:0.0016s ]
SQL: SELECT * FROM `ast_product1`  [ RunTime:0.0015s ]
SQL: SELECT * FROM `ast_company1`  [ RunTime:0.0007s ]
INFO: [ view_parse ] --START--
INFO: [ template_filter ] --START--
INFO: Run Behavior\ContentReplaceBehavior [ RunTime:0.000130s ]
INFO: [ template_filter ] --END-- [ RunTime:0.000199s ]
INFO: Run Behavior\ParseTemplateBehavior [ RunTime:0.034129s ]
INFO: [ view_parse ] --END-- [ RunTime:0.034235s ]
INFO: [ view_filter ] --START--
INFO: Run Behavior\WriteHtmlCacheBehavior [ RunTime:0.003156s ]
INFO: [ view_filter ] --END-- [ RunTime:0.003312s ]
INFO: [ app_end ] --START--
INFO: Run Behavior\ShowPageTraceBehavior [ RunTime:0.004755s ]
INFO: [ app_end ] --END-- [ RunTime:0.004967s ]

[ 2016-03-26T10:20:35+08:00 ] ::1 /index.php/Home1/Index
INFO: [ app_init ] --START--
INFO: Run Behavior\BuildLiteBehavior [ RunTime:0.000033s ]
INFO: [ app_init ] --END-- [ RunTime:0.001456s ]
INFO: [ app_begin ] --START--
INFO: Run Behavior\ReadHtmlCacheBehavior [ RunTime:0.002088s ]
INFO: [ app_begin ] --END-- [ RunTime:0.002244s ]
SQL: SHOW COLUMNS FROM `ast_banner1` [ RunTime:0.0078s ]
SQL: SELECT * FROM `ast_banner1`  [ RunTime:0.0006s ]
SQL: SHOW COLUMNS FROM `ast_link1` [ RunTime:0.0071s ]
SQL: SELECT * FROM `ast_link1`  [ RunTime:0.0005s ]
SQL: SHOW COLUMNS FROM `ast_company1` [ RunTime:0.0071s ]
SQL: SHOW COLUMNS FROM `ast_article1` [ RunTime:0.0111s ]
SQL: SHOW COLUMNS FROM `ast_product1` [ RunTime:0.0073s ]
SQL: SHOW COLUMNS FROM `ast_procate1` [ RunTime:0.0057s ]
SQL: SELECT * FROM `ast_procate1`  [ RunTime:0.0004s ]
SQL: SELECT * FROM `ast_article1` WHERE `art_cateid` = 4 LIMIT 5   [ RunTime:0.0005s ]
SQL: SELECT * FROM `ast_article1` WHERE `art_cateid` = 5 LIMIT 3   [ RunTime:0.0006s ]
SQL: SELECT * FROM `ast_article1` ORDER BY art_addtime desc LIMIT 2,3   [ RunTime:0.0015s ]
SQL: SELECT * FROM `ast_article1` ORDER BY art_addtime desc LIMIT 1   [ RunTime:0.0008s ]
SQL: SELECT * FROM `ast_product1`  [ RunTime:0.0016s ]
SQL: SELECT * FROM `ast_company1`  [ RunTime:0.0009s ]
INFO: [ view_parse ] --START--
INFO: [ template_filter ] --START--
INFO: Run Behavior\ContentReplaceBehavior [ RunTime:0.000225s ]
INFO: [ template_filter ] --END-- [ RunTime:0.000340s ]
INFO: Run Behavior\ParseTemplateBehavior [ RunTime:0.039830s ]
INFO: [ view_parse ] --END-- [ RunTime:0.040414s ]
INFO: [ view_filter ] --START--
INFO: Run Behavior\WriteHtmlCacheBehavior [ RunTime:0.006537s ]
INFO: [ view_filter ] --END-- [ RunTime:0.006653s ]
INFO: [ app_end ] --START--
INFO: Run Behavior\ShowPageTraceBehavior [ RunTime:0.005545s ]
INFO: [ app_end ] --END-- [ RunTime:0.005659s ]

