[ 2016-03-14T15:04:57+08:00 ] ::1 /index.php/Home1/Index/index
INFO: [ app_init ] --START--
INFO: Run Behavior\BuildLiteBehavior [ RunTime:0.000019s ]
INFO: [ app_init ] --END-- [ RunTime:0.000884s ]
INFO: [ app_begin ] --START--
INFO: Run Behavior\ReadHtmlCacheBehavior [ RunTime:0.001350s ]
INFO: [ app_begin ] --END-- [ RunTime:0.001459s ]
SQL: SHOW COLUMNS FROM `ast_banner1` [ RunTime:0.0046s ]
SQL: SELECT * FROM `ast_banner1`  [ RunTime:0.0004s ]
SQL: SHOW COLUMNS FROM `ast_link1` [ RunTime:0.0039s ]
SQL: SELECT * FROM `ast_link1`  [ RunTime:0.0004s ]
SQL: SHOW COLUMNS FROM `ast_company1` [ RunTime:0.0036s ]
SQL: SHOW COLUMNS FROM `ast_article1` [ RunTime:0.0037s ]
SQL: SHOW COLUMNS FROM `ast_product1` [ RunTime:0.0043s ]
SQL: SHOW COLUMNS FROM `ast_procate1` [ RunTime:0.0035s ]
SQL: SELECT * FROM `ast_procate1`  [ RunTime:0.0004s ]
SQL: SELECT * FROM `ast_article1` WHERE `art_cateid` = 4 LIMIT 5   [ RunTime:0.0008s ]
SQL: SELECT * FROM `ast_article1` WHERE `art_cateid` = 5 LIMIT 3   [ RunTime:0.0004s ]
SQL: SELECT * FROM `ast_article1` ORDER BY art_addtime desc LIMIT 2,3   [ RunTime:0.0008s ]
SQL: SELECT * FROM `ast_article1` ORDER BY art_addtime desc LIMIT 1   [ RunTime:0.0007s ]
SQL: SELECT * FROM `ast_product1`  [ RunTime:0.0008s ]
SQL: SELECT * FROM `ast_company1`  [ RunTime:0.0004s ]
INFO: [ view_parse ] --START--
INFO: [ template_filter ] --START--
INFO: Run Behavior\ContentReplaceBehavior [ RunTime:0.000150s ]
INFO: [ template_filter ] --END-- [ RunTime:0.000216s ]
INFO: Run Behavior\ParseTemplateBehavior [ RunTime:0.020726s ]
INFO: [ view_parse ] --END-- [ RunTime:0.020846s ]
INFO: [ view_filter ] --START--
INFO: Run Behavior\WriteHtmlCacheBehavior [ RunTime:0.000977s ]
INFO: [ view_filter ] --END-- [ RunTime:0.001030s ]
INFO: [ app_end ] --START--
INFO: Run Behavior\ShowPageTraceBehavior [ RunTime:0.001532s ]
INFO: [ app_end ] --END-- [ RunTime:0.001604s ]

[ 2016-03-14T16:51:53+08:00 ] ::1 /index.php/Home1/Index
INFO: [ app_init ] --START--
INFO: Run Behavior\BuildLiteBehavior [ RunTime:0.000022s ]
INFO: [ app_init ] --END-- [ RunTime:0.000898s ]
INFO: [ app_begin ] --START--
INFO: Run Behavior\ReadHtmlCacheBehavior [ RunTime:0.003091s ]
INFO: [ app_begin ] --END-- [ RunTime:0.003277s ]
SQL: SHOW COLUMNS FROM `ast_banner1` [ RunTime:0.0105s ]
SQL: SELECT * FROM `ast_banner1`  [ RunTime:0.0007s ]
SQL: SHOW COLUMNS FROM `ast_link1` [ RunTime:0.0092s ]
SQL: SELECT * FROM `ast_link1`  [ RunTime:0.0006s ]
SQL: SHOW COLUMNS FROM `ast_company1` [ RunTime:0.0315s ]
SQL: SHOW COLUMNS FROM `ast_article1` [ RunTime:0.0114s ]
SQL: SHOW COLUMNS FROM `ast_product1` [ RunTime:0.0097s ]
SQL: SHOW COLUMNS FROM `ast_procate1` [ RunTime:0.0073s ]
SQL: SELECT * FROM `ast_procate1`  [ RunTime:0.0005s ]
SQL: SELECT * FROM `ast_article1` WHERE `art_cateid` = 4 LIMIT 5   [ RunTime:0.0007s ]
SQL: SELECT * FROM `ast_article1` WHERE `art_cateid` = 5 LIMIT 3   [ RunTime:0.0005s ]
SQL: SELECT * FROM `ast_article1` ORDER BY art_addtime desc LIMIT 2,3   [ RunTime:0.0012s ]
SQL: SELECT * FROM `ast_article1` ORDER BY art_addtime desc LIMIT 1   [ RunTime:0.0006s ]
SQL: SELECT * FROM `ast_product1`  [ RunTime:0.0016s ]
SQL: SELECT * FROM `ast_company1`  [ RunTime:0.0006s ]
INFO: [ view_parse ] --START--
INFO: [ template_filter ] --START--
INFO: Run Behavior\ContentReplaceBehavior [ RunTime:0.000158s ]
INFO: [ template_filter ] --END-- [ RunTime:0.000255s ]
INFO: Run Behavior\ParseTemplateBehavior [ RunTime:0.018012s ]
INFO: [ view_parse ] --END-- [ RunTime:0.018102s ]
INFO: [ view_filter ] --START--
INFO: Run Behavior\WriteHtmlCacheBehavior [ RunTime:0.000745s ]
INFO: [ view_filter ] --END-- [ RunTime:0.000802s ]
INFO: [ app_end ] --START--
INFO: Run Behavior\ShowPageTraceBehavior [ RunTime:0.001675s ]
INFO: [ app_end ] --END-- [ RunTime:0.001769s ]

