[ 2016-03-28T09:40:20+08:00 ] ::1 /index.php/Home1/Index
INFO: [ app_init ] --START--
INFO: Run Behavior\BuildLiteBehavior [ RunTime:0.000058s ]
INFO: [ app_init ] --END-- [ RunTime:0.000773s ]
INFO: [ app_begin ] --START--
INFO: Run Behavior\ReadHtmlCacheBehavior [ RunTime:0.000831s ]
INFO: [ app_begin ] --END-- [ RunTime:0.000930s ]
SQL: SHOW COLUMNS FROM `ast_banner1` [ RunTime:0.0079s ]
SQL: SELECT * FROM `ast_banner1`  [ RunTime:0.0008s ]
SQL: SHOW COLUMNS FROM `ast_link1` [ RunTime:0.0082s ]
SQL: SELECT * FROM `ast_link1`  [ RunTime:0.0006s ]
SQL: SHOW COLUMNS FROM `ast_company1` [ RunTime:0.0225s ]
SQL: SHOW COLUMNS FROM `ast_article1` [ RunTime:0.0088s ]
SQL: SHOW COLUMNS FROM `ast_product1` [ RunTime:0.0087s ]
SQL: SHOW COLUMNS FROM `ast_procate1` [ RunTime:0.0069s ]
SQL: SELECT * FROM `ast_procate1`  [ RunTime:0.0004s ]
SQL: SELECT * FROM `ast_article1` WHERE `art_cateid` = 4 LIMIT 5   [ RunTime:0.0024s ]
SQL: SELECT * FROM `ast_article1` WHERE `art_cateid` = 5 LIMIT 3   [ RunTime:0.0003s ]
SQL: SELECT * FROM `ast_article1` ORDER BY art_addtime desc LIMIT 2,3   [ RunTime:0.0010s ]
SQL: SELECT * FROM `ast_article1` ORDER BY art_addtime desc LIMIT 1   [ RunTime:0.0007s ]
SQL: SELECT * FROM `ast_product1`  [ RunTime:0.0013s ]
SQL: SELECT * FROM `ast_company1`  [ RunTime:0.0005s ]
INFO: [ view_parse ] --START--
INFO: [ template_filter ] --START--
INFO: Run Behavior\ContentReplaceBehavior [ RunTime:0.000142s ]
INFO: [ template_filter ] --END-- [ RunTime:0.000228s ]
INFO: Run Behavior\ParseTemplateBehavior [ RunTime:0.023916s ]
INFO: [ view_parse ] --END-- [ RunTime:0.024020s ]
INFO: [ view_filter ] --START--
INFO: Run Behavior\WriteHtmlCacheBehavior [ RunTime:0.000571s ]
INFO: [ view_filter ] --END-- [ RunTime:0.000623s ]
INFO: [ app_end ] --START--
INFO: Run Behavior\ShowPageTraceBehavior [ RunTime:0.001037s ]
INFO: [ app_end ] --END-- [ RunTime:0.001101s ]

