[ 2016-03-23T20:55:00+08:00 ] ::1 /index.php/Home1/Index/index
INFO: [ app_init ] --START--
INFO: Run Behavior\BuildLiteBehavior [ RunTime:0.000019s ]
INFO: [ app_init ] --END-- [ RunTime:0.000740s ]
INFO: [ app_begin ] --START--
INFO: Run Behavior\ReadHtmlCacheBehavior [ RunTime:0.001363s ]
INFO: [ app_begin ] --END-- [ RunTime:0.001494s ]
SQL: SHOW COLUMNS FROM `ast_banner1` [ RunTime:0.0042s ]
SQL: SELECT * FROM `ast_banner1`  [ RunTime:0.0005s ]
SQL: SHOW COLUMNS FROM `ast_link1` [ RunTime:0.0043s ]
SQL: SELECT * FROM `ast_link1`  [ RunTime:0.0006s ]
SQL: SHOW COLUMNS FROM `ast_company1` [ RunTime:0.0042s ]
SQL: SHOW COLUMNS FROM `ast_article1` [ RunTime:0.0042s ]
SQL: SHOW COLUMNS FROM `ast_product1` [ RunTime:0.0037s ]
SQL: SHOW COLUMNS FROM `ast_procate1` [ RunTime:0.0052s ]
SQL: SELECT * FROM `ast_procate1`  [ RunTime:0.0009s ]
SQL: SELECT * FROM `ast_article1` WHERE `art_cateid` = 4 LIMIT 5   [ RunTime:0.0009s ]
SQL: SELECT * FROM `ast_article1` WHERE `art_cateid` = 5 LIMIT 3   [ RunTime:0.0003s ]
SQL: SELECT * FROM `ast_article1` ORDER BY art_addtime desc LIMIT 2,3   [ RunTime:0.0006s ]
SQL: SELECT * FROM `ast_article1` ORDER BY art_addtime desc LIMIT 1   [ RunTime:0.0003s ]
SQL: SELECT * FROM `ast_product1`  [ RunTime:0.0006s ]
SQL: SELECT * FROM `ast_company1`  [ RunTime:0.0003s ]
INFO: [ view_parse ] --START--
INFO: [ template_filter ] --START--
INFO: Run Behavior\ContentReplaceBehavior [ RunTime:0.000153s ]
INFO: [ template_filter ] --END-- [ RunTime:0.000234s ]
INFO: Run Behavior\ParseTemplateBehavior [ RunTime:0.021128s ]
INFO: [ view_parse ] --END-- [ RunTime:0.021227s ]
INFO: [ view_filter ] --START--
INFO: Run Behavior\WriteHtmlCacheBehavior [ RunTime:0.001320s ]
INFO: [ view_filter ] --END-- [ RunTime:0.001393s ]
INFO: [ app_end ] --START--
INFO: Run Behavior\ShowPageTraceBehavior [ RunTime:0.002344s ]
INFO: [ app_end ] --END-- [ RunTime:0.002585s ]

[ 2016-03-23T20:57:01+08:00 ] ::1 /index.php/Home1/Index/index
INFO: [ app_init ] --START--
INFO: Run Behavior\BuildLiteBehavior [ RunTime:0.000023s ]
INFO: [ app_init ] --END-- [ RunTime:0.000784s ]
INFO: [ app_begin ] --START--
INFO: Run Behavior\ReadHtmlCacheBehavior [ RunTime:0.001241s ]
INFO: [ app_begin ] --END-- [ RunTime:0.001318s ]
SQL: SHOW COLUMNS FROM `ast_banner1` [ RunTime:0.0037s ]
SQL: SELECT * FROM `ast_banner1`  [ RunTime:0.0004s ]
SQL: SHOW COLUMNS FROM `ast_link1` [ RunTime:0.0038s ]
SQL: SELECT * FROM `ast_link1`  [ RunTime:0.0003s ]
SQL: SHOW COLUMNS FROM `ast_company1` [ RunTime:0.0040s ]
SQL: SHOW COLUMNS FROM `ast_article1` [ RunTime:0.0073s ]
SQL: SHOW COLUMNS FROM `ast_product1` [ RunTime:0.0058s ]
SQL: SHOW COLUMNS FROM `ast_procate1` [ RunTime:0.0037s ]
SQL: SELECT * FROM `ast_procate1`  [ RunTime:0.0003s ]
SQL: SELECT * FROM `ast_article1` WHERE `art_cateid` = 4 LIMIT 5   [ RunTime:0.0003s ]
SQL: SELECT * FROM `ast_article1` WHERE `art_cateid` = 5 LIMIT 3   [ RunTime:0.0003s ]
SQL: SELECT * FROM `ast_article1` ORDER BY art_addtime desc LIMIT 2,3   [ RunTime:0.0006s ]
SQL: SELECT * FROM `ast_article1` ORDER BY art_addtime desc LIMIT 1   [ RunTime:0.0003s ]
SQL: SELECT * FROM `ast_product1`  [ RunTime:0.0003s ]
SQL: SELECT * FROM `ast_company1`  [ RunTime:0.0002s ]
INFO: [ view_parse ] --START--
INFO: [ template_filter ] --START--
INFO: Run Behavior\ContentReplaceBehavior [ RunTime:0.000137s ]
INFO: [ template_filter ] --END-- [ RunTime:0.000206s ]
INFO: Run Behavior\ParseTemplateBehavior [ RunTime:0.021610s ]
INFO: [ view_parse ] --END-- [ RunTime:0.021726s ]
INFO: [ view_filter ] --START--
INFO: Run Behavior\WriteHtmlCacheBehavior [ RunTime:0.001504s ]
INFO: [ view_filter ] --END-- [ RunTime:0.001587s ]
INFO: [ app_end ] --START--
INFO: Run Behavior\ShowPageTraceBehavior [ RunTime:0.002168s ]
INFO: [ app_end ] --END-- [ RunTime:0.002280s ]

[ 2016-03-23T20:57:50+08:00 ] ::1 /index.php/Home1/Walkto/index
INFO: [ app_init ] --START--
INFO: Run Behavior\BuildLiteBehavior [ RunTime:0.000017s ]
INFO: [ app_init ] --END-- [ RunTime:0.000775s ]
INFO: [ app_begin ] --START--
INFO: Run Behavior\ReadHtmlCacheBehavior [ RunTime:0.001584s ]
INFO: [ app_begin ] --END-- [ RunTime:0.001726s ]
SQL: SHOW COLUMNS FROM `ast_banner1` [ RunTime:0.0052s ]
SQL: SELECT * FROM `ast_banner1`  [ RunTime:0.0009s ]
SQL: SHOW COLUMNS FROM `ast_link1` [ RunTime:0.0048s ]
SQL: SELECT * FROM `ast_link1`  [ RunTime:0.0003s ]
SQL: SHOW COLUMNS FROM `ast_about1` [ RunTime:0.0037s ]
SQL: SELECT * FROM `ast_about1`  [ RunTime:0.0003s ]
SQL: SELECT * FROM `ast_about1` WHERE `ast_aid` = 1  [ RunTime:0.0002s ]
INFO: [ view_parse ] --START--
INFO: [ template_filter ] --START--
INFO: Run Behavior\ContentReplaceBehavior [ RunTime:0.000093s ]
INFO: [ template_filter ] --END-- [ RunTime:0.000158s ]
NOTIC: [8] Undefined index: link_url C:\xampp\htdocs\aiston\Application\Runtime\Cache\Home1\e98f8ccb00cf07d813b541ccc7aa59ec.php 第 59 行.
INFO: Run Behavior\ParseTemplateBehavior [ RunTime:0.013795s ]
INFO: [ view_parse ] --END-- [ RunTime:0.013908s ]
INFO: [ view_filter ] --START--
INFO: Run Behavior\WriteHtmlCacheBehavior [ RunTime:0.000886s ]
INFO: [ view_filter ] --END-- [ RunTime:0.000956s ]
INFO: [ app_end ] --START--
INFO: Run Behavior\ShowPageTraceBehavior [ RunTime:0.001446s ]
INFO: [ app_end ] --END-- [ RunTime:0.001531s ]

[ 2016-03-23T20:57:53+08:00 ] ::1 /index.php/Home1/Walkto/index
INFO: [ app_init ] --START--
INFO: Run Behavior\BuildLiteBehavior [ RunTime:0.000018s ]
INFO: [ app_init ] --END-- [ RunTime:0.000600s ]
INFO: [ app_begin ] --START--
INFO: Run Behavior\ReadHtmlCacheBehavior [ RunTime:0.005720s ]
INFO: [ app_begin ] --END-- [ RunTime:0.006217s ]
SQL: SHOW COLUMNS FROM `ast_banner1` [ RunTime:0.0047s ]
SQL: SELECT * FROM `ast_banner1`  [ RunTime:0.0004s ]
SQL: SHOW COLUMNS FROM `ast_link1` [ RunTime:0.0041s ]
SQL: SELECT * FROM `ast_link1`  [ RunTime:0.0004s ]
SQL: SHOW COLUMNS FROM `ast_about1` [ RunTime:0.0047s ]
SQL: SELECT * FROM `ast_about1`  [ RunTime:0.0003s ]
SQL: SELECT * FROM `ast_about1` WHERE `ast_aid` = 1  [ RunTime:0.0002s ]
INFO: [ view_parse ] --START--
INFO: [ template_filter ] --START--
INFO: Run Behavior\ContentReplaceBehavior [ RunTime:0.000116s ]
INFO: [ template_filter ] --END-- [ RunTime:0.000227s ]
NOTIC: [8] Undefined index: link_url C:\xampp\htdocs\aiston\Application\Runtime\Cache\Home1\e98f8ccb00cf07d813b541ccc7aa59ec.php 第 59 行.
INFO: Run Behavior\ParseTemplateBehavior [ RunTime:0.018778s ]
INFO: [ view_parse ] --END-- [ RunTime:0.018846s ]
INFO: [ view_filter ] --START--
INFO: Run Behavior\WriteHtmlCacheBehavior [ RunTime:0.000907s ]
INFO: [ view_filter ] --END-- [ RunTime:0.000958s ]
INFO: [ app_end ] --START--
INFO: Run Behavior\ShowPageTraceBehavior [ RunTime:0.001176s ]
INFO: [ app_end ] --END-- [ RunTime:0.001235s ]

[ 2016-03-23T20:57:54+08:00 ] ::1 /index.php/Home1/Index/index
INFO: [ app_init ] --START--
INFO: Run Behavior\BuildLiteBehavior [ RunTime:0.000025s ]
INFO: [ app_init ] --END-- [ RunTime:0.000781s ]
INFO: [ app_begin ] --START--
INFO: Run Behavior\ReadHtmlCacheBehavior [ RunTime:0.002600s ]
INFO: [ app_begin ] --END-- [ RunTime:0.002767s ]
SQL: SHOW COLUMNS FROM `ast_banner1` [ RunTime:0.0036s ]
SQL: SELECT * FROM `ast_banner1`  [ RunTime:0.0005s ]
SQL: SHOW COLUMNS FROM `ast_link1` [ RunTime:0.0048s ]
SQL: SELECT * FROM `ast_link1`  [ RunTime:0.0003s ]
SQL: SHOW COLUMNS FROM `ast_company1` [ RunTime:0.0072s ]
SQL: SHOW COLUMNS FROM `ast_article1` [ RunTime:0.0036s ]
SQL: SHOW COLUMNS FROM `ast_product1` [ RunTime:0.0040s ]
SQL: SHOW COLUMNS FROM `ast_procate1` [ RunTime:0.0045s ]
SQL: SELECT * FROM `ast_procate1`  [ RunTime:0.0004s ]
SQL: SELECT * FROM `ast_article1` WHERE `art_cateid` = 4 LIMIT 5   [ RunTime:0.0005s ]
SQL: SELECT * FROM `ast_article1` WHERE `art_cateid` = 5 LIMIT 3   [ RunTime:0.0004s ]
SQL: SELECT * FROM `ast_article1` ORDER BY art_addtime desc LIMIT 2,3   [ RunTime:0.0007s ]
SQL: SELECT * FROM `ast_article1` ORDER BY art_addtime desc LIMIT 1   [ RunTime:0.0004s ]
SQL: SELECT * FROM `ast_product1`  [ RunTime:0.0003s ]
SQL: SELECT * FROM `ast_company1`  [ RunTime:0.0002s ]
INFO: [ view_parse ] --START--
INFO: [ template_filter ] --START--
INFO: Run Behavior\ContentReplaceBehavior [ RunTime:0.000128s ]
INFO: [ template_filter ] --END-- [ RunTime:0.000194s ]
INFO: Run Behavior\ParseTemplateBehavior [ RunTime:0.022103s ]
INFO: [ view_parse ] --END-- [ RunTime:0.022218s ]
INFO: [ view_filter ] --START--
INFO: Run Behavior\WriteHtmlCacheBehavior [ RunTime:0.001106s ]
INFO: [ view_filter ] --END-- [ RunTime:0.001191s ]
INFO: [ app_end ] --START--
INFO: Run Behavior\ShowPageTraceBehavior [ RunTime:0.002275s ]
INFO: [ app_end ] --END-- [ RunTime:0.002373s ]

[ 2016-03-23T20:57:55+08:00 ] ::1 /index.php/Home1/Index/index
INFO: [ app_init ] --START--
INFO: Run Behavior\BuildLiteBehavior [ RunTime:0.000017s ]
INFO: [ app_init ] --END-- [ RunTime:0.000561s ]
INFO: [ app_begin ] --START--
INFO: Run Behavior\ReadHtmlCacheBehavior [ RunTime:0.001967s ]
INFO: [ app_begin ] --END-- [ RunTime:0.002410s ]
SQL: SHOW COLUMNS FROM `ast_banner1` [ RunTime:0.0037s ]
SQL: SELECT * FROM `ast_banner1`  [ RunTime:0.0005s ]
SQL: SHOW COLUMNS FROM `ast_link1` [ RunTime:0.0037s ]
SQL: SELECT * FROM `ast_link1`  [ RunTime:0.0003s ]
SQL: SHOW COLUMNS FROM `ast_company1` [ RunTime:0.0059s ]
SQL: SHOW COLUMNS FROM `ast_article1` [ RunTime:0.0040s ]
SQL: SHOW COLUMNS FROM `ast_product1` [ RunTime:0.0038s ]
SQL: SHOW COLUMNS FROM `ast_procate1` [ RunTime:0.0051s ]
SQL: SELECT * FROM `ast_procate1`  [ RunTime:0.0004s ]
SQL: SELECT * FROM `ast_article1` WHERE `art_cateid` = 4 LIMIT 5   [ RunTime:0.0005s ]
SQL: SELECT * FROM `ast_article1` WHERE `art_cateid` = 5 LIMIT 3   [ RunTime:0.0005s ]
SQL: SELECT * FROM `ast_article1` ORDER BY art_addtime desc LIMIT 2,3   [ RunTime:0.0008s ]
SQL: SELECT * FROM `ast_article1` ORDER BY art_addtime desc LIMIT 1   [ RunTime:0.0004s ]
SQL: SELECT * FROM `ast_product1`  [ RunTime:0.0004s ]
SQL: SELECT * FROM `ast_company1`  [ RunTime:0.0004s ]
INFO: [ view_parse ] --START--
INFO: [ template_filter ] --START--
INFO: Run Behavior\ContentReplaceBehavior [ RunTime:0.000126s ]
INFO: [ template_filter ] --END-- [ RunTime:0.000196s ]
INFO: Run Behavior\ParseTemplateBehavior [ RunTime:0.022752s ]
INFO: [ view_parse ] --END-- [ RunTime:0.022849s ]
INFO: [ view_filter ] --START--
INFO: Run Behavior\WriteHtmlCacheBehavior [ RunTime:0.000935s ]
INFO: [ view_filter ] --END-- [ RunTime:0.000991s ]
INFO: [ app_end ] --START--
INFO: Run Behavior\ShowPageTraceBehavior [ RunTime:0.001999s ]
INFO: [ app_end ] --END-- [ RunTime:0.002087s ]

[ 2016-03-23T20:57:56+08:00 ] ::1 /index.php/Home1/Index/index
INFO: [ app_init ] --START--
INFO: Run Behavior\BuildLiteBehavior [ RunTime:0.000024s ]
INFO: [ app_init ] --END-- [ RunTime:0.000882s ]
INFO: [ app_begin ] --START--
INFO: Run Behavior\ReadHtmlCacheBehavior [ RunTime:0.002615s ]
INFO: [ app_begin ] --END-- [ RunTime:0.002782s ]
SQL: SHOW COLUMNS FROM `ast_banner1` [ RunTime:0.0040s ]
SQL: SELECT * FROM `ast_banner1`  [ RunTime:0.0004s ]
SQL: SHOW COLUMNS FROM `ast_link1` [ RunTime:0.0069s ]
SQL: SELECT * FROM `ast_link1`  [ RunTime:0.0003s ]
SQL: SHOW COLUMNS FROM `ast_company1` [ RunTime:0.0041s ]
SQL: SHOW COLUMNS FROM `ast_article1` [ RunTime:0.0039s ]
SQL: SHOW COLUMNS FROM `ast_product1` [ RunTime:0.0044s ]
SQL: SHOW COLUMNS FROM `ast_procate1` [ RunTime:0.0042s ]
SQL: SELECT * FROM `ast_procate1`  [ RunTime:0.0003s ]
SQL: SELECT * FROM `ast_article1` WHERE `art_cateid` = 4 LIMIT 5   [ RunTime:0.0004s ]
SQL: SELECT * FROM `ast_article1` WHERE `art_cateid` = 5 LIMIT 3   [ RunTime:0.0003s ]
SQL: SELECT * FROM `ast_article1` ORDER BY art_addtime desc LIMIT 2,3   [ RunTime:0.0007s ]
SQL: SELECT * FROM `ast_article1` ORDER BY art_addtime desc LIMIT 1   [ RunTime:0.0005s ]
SQL: SELECT * FROM `ast_product1`  [ RunTime:0.0005s ]
SQL: SELECT * FROM `ast_company1`  [ RunTime:0.0004s ]
INFO: [ view_parse ] --START--
INFO: [ template_filter ] --START--
INFO: Run Behavior\ContentReplaceBehavior [ RunTime:0.000130s ]
INFO: [ template_filter ] --END-- [ RunTime:0.000300s ]
INFO: Run Behavior\ParseTemplateBehavior [ RunTime:0.020700s ]
INFO: [ view_parse ] --END-- [ RunTime:0.020781s ]
INFO: [ view_filter ] --START--
INFO: Run Behavior\WriteHtmlCacheBehavior [ RunTime:0.001072s ]
INFO: [ view_filter ] --END-- [ RunTime:0.001153s ]
INFO: [ app_end ] --START--
INFO: Run Behavior\ShowPageTraceBehavior [ RunTime:0.002260s ]
INFO: [ app_end ] --END-- [ RunTime:0.002371s ]

[ 2016-03-23T20:57:57+08:00 ] ::1 /index.php/Home1/Index/index
INFO: [ app_init ] --START--
INFO: Run Behavior\BuildLiteBehavior [ RunTime:0.000020s ]
INFO: [ app_init ] --END-- [ RunTime:0.000652s ]
INFO: [ app_begin ] --START--
INFO: Run Behavior\ReadHtmlCacheBehavior [ RunTime:0.001730s ]
INFO: [ app_begin ] --END-- [ RunTime:0.001847s ]
SQL: SHOW COLUMNS FROM `ast_banner1` [ RunTime:0.0036s ]
SQL: SELECT * FROM `ast_banner1`  [ RunTime:0.0004s ]
SQL: SHOW COLUMNS FROM `ast_link1` [ RunTime:0.0038s ]
SQL: SELECT * FROM `ast_link1`  [ RunTime:0.0004s ]
SQL: SHOW COLUMNS FROM `ast_company1` [ RunTime:0.0046s ]
SQL: SHOW COLUMNS FROM `ast_article1` [ RunTime:0.0042s ]
SQL: SHOW COLUMNS FROM `ast_product1` [ RunTime:0.0050s ]
SQL: SHOW COLUMNS FROM `ast_procate1` [ RunTime:0.0061s ]
SQL: SELECT * FROM `ast_procate1`  [ RunTime:0.0004s ]
SQL: SELECT * FROM `ast_article1` WHERE `art_cateid` = 4 LIMIT 5   [ RunTime:0.0005s ]
SQL: SELECT * FROM `ast_article1` WHERE `art_cateid` = 5 LIMIT 3   [ RunTime:0.0004s ]
SQL: SELECT * FROM `ast_article1` ORDER BY art_addtime desc LIMIT 2,3   [ RunTime:0.0007s ]
SQL: SELECT * FROM `ast_article1` ORDER BY art_addtime desc LIMIT 1   [ RunTime:0.0006s ]
SQL: SELECT * FROM `ast_product1`  [ RunTime:0.0005s ]
SQL: SELECT * FROM `ast_company1`  [ RunTime:0.0003s ]
INFO: [ view_parse ] --START--
INFO: [ template_filter ] --START--
INFO: Run Behavior\ContentReplaceBehavior [ RunTime:0.000137s ]
INFO: [ template_filter ] --END-- [ RunTime:0.000225s ]
INFO: Run Behavior\ParseTemplateBehavior [ RunTime:0.021070s ]
INFO: [ view_parse ] --END-- [ RunTime:0.021193s ]
INFO: [ view_filter ] --START--
INFO: Run Behavior\WriteHtmlCacheBehavior [ RunTime:0.001482s ]
INFO: [ view_filter ] --END-- [ RunTime:0.001588s ]
INFO: [ app_end ] --START--
INFO: Run Behavior\ShowPageTraceBehavior [ RunTime:0.001840s ]
INFO: [ app_end ] --END-- [ RunTime:0.001947s ]

