[ 2016-03-23T20:57:13+08:00 ] ::1 /index.php/Homeen3/Index/index
INFO: [ app_init ] --START--
INFO: Run Behavior\BuildLiteBehavior [ RunTime:0.000024s ]
INFO: [ app_init ] --END-- [ RunTime:0.000654s ]
INFO: [ app_begin ] --START--
INFO: Run Behavior\ReadHtmlCacheBehavior [ RunTime:0.001902s ]
INFO: [ app_begin ] --END-- [ RunTime:0.002011s ]
SQL: SHOW COLUMNS FROM `ast_banneren3` [ RunTime:0.0050s ]
SQL: SELECT * FROM `ast_banneren3`  [ RunTime:0.0006s ]
SQL: SHOW COLUMNS FROM `ast_linken3` [ RunTime:0.0049s ]
SQL: SELECT * FROM `ast_linken3`  [ RunTime:0.0009s ]
SQL: SHOW COLUMNS FROM `ast_companyen3` [ RunTime:0.0054s ]
SQL: SHOW COLUMNS FROM `ast_articleen3` [ RunTime:0.0040s ]
SQL: SHOW COLUMNS FROM `ast_producten3` [ RunTime:0.0036s ]
SQL: SHOW COLUMNS FROM `ast_procateen3` [ RunTime:0.0032s ]
SQL: SELECT * FROM `ast_procateen3`  [ RunTime:0.0003s ]
SQL: SELECT * FROM `ast_articleen3` WHERE `art_cateid` = 4 LIMIT 5   [ RunTime:0.0007s ]
SQL: SELECT * FROM `ast_articleen3` WHERE `art_cateid` = 5 LIMIT 3   [ RunTime:0.0005s ]
SQL: SELECT * FROM `ast_articleen3` ORDER BY art_addtime desc LIMIT 2,3   [ RunTime:0.0010s ]
SQL: SELECT * FROM `ast_articleen3` ORDER BY art_addtime desc LIMIT 1   [ RunTime:0.0004s ]
SQL: SELECT * FROM `ast_producten3`  [ RunTime:0.0006s ]
SQL: SELECT * FROM `ast_companyen3`  [ RunTime:0.0002s ]
INFO: [ view_parse ] --START--
INFO: [ template_filter ] --START--
INFO: Run Behavior\ContentReplaceBehavior [ RunTime:0.000289s ]
INFO: [ template_filter ] --END-- [ RunTime:0.000430s ]
INFO: Run Behavior\ParseTemplateBehavior [ RunTime:0.021476s ]
INFO: [ view_parse ] --END-- [ RunTime:0.021573s ]
INFO: [ view_filter ] --START--
INFO: Run Behavior\WriteHtmlCacheBehavior [ RunTime:0.000944s ]
INFO: [ view_filter ] --END-- [ RunTime:0.001001s ]
INFO: [ app_end ] --START--
INFO: Run Behavior\ShowPageTraceBehavior [ RunTime:0.001910s ]
INFO: [ app_end ] --END-- [ RunTime:0.001999s ]

[ 2016-03-23T21:09:44+08:00 ] ::1 /index.php/Homeen3/Index/index
INFO: [ app_init ] --START--
INFO: Run Behavior\BuildLiteBehavior [ RunTime:0.000028s ]
INFO: [ app_init ] --END-- [ RunTime:0.000812s ]
INFO: [ app_begin ] --START--
INFO: Run Behavior\ReadHtmlCacheBehavior [ RunTime:0.001409s ]
INFO: [ app_begin ] --END-- [ RunTime:0.001512s ]
SQL: SHOW COLUMNS FROM `ast_banneren3` [ RunTime:0.0042s ]
SQL: SELECT * FROM `ast_banneren3`  [ RunTime:0.0004s ]
SQL: SHOW COLUMNS FROM `ast_linken3` [ RunTime:0.0033s ]
SQL: SELECT * FROM `ast_linken3`  [ RunTime:0.0005s ]
SQL: SHOW COLUMNS FROM `ast_companyen3` [ RunTime:0.0052s ]
SQL: SHOW COLUMNS FROM `ast_articleen3` [ RunTime:0.0045s ]
SQL: SHOW COLUMNS FROM `ast_producten3` [ RunTime:0.0042s ]
SQL: SHOW COLUMNS FROM `ast_procateen3` [ RunTime:0.0037s ]
SQL: SELECT * FROM `ast_procateen3`  [ RunTime:0.0004s ]
SQL: SELECT * FROM `ast_articleen3` WHERE `art_cateid` = 4 LIMIT 5   [ RunTime:0.0005s ]
SQL: SELECT * FROM `ast_articleen3` WHERE `art_cateid` = 5 LIMIT 3   [ RunTime:0.0003s ]
SQL: SELECT * FROM `ast_articleen3` ORDER BY art_addtime desc LIMIT 2,3   [ RunTime:0.0005s ]
SQL: SELECT * FROM `ast_articleen3` ORDER BY art_addtime desc LIMIT 1   [ RunTime:0.0003s ]
SQL: SELECT * FROM `ast_producten3`  [ RunTime:0.0003s ]
SQL: SELECT * FROM `ast_companyen3`  [ RunTime:0.0002s ]
INFO: [ view_parse ] --START--
INFO: [ template_filter ] --START--
INFO: Run Behavior\ContentReplaceBehavior [ RunTime:0.000150s ]
INFO: [ template_filter ] --END-- [ RunTime:0.000239s ]
INFO: Run Behavior\ParseTemplateBehavior [ RunTime:0.022228s ]
INFO: [ view_parse ] --END-- [ RunTime:0.022331s ]
INFO: [ view_filter ] --START--
INFO: Run Behavior\WriteHtmlCacheBehavior [ RunTime:0.000938s ]
INFO: [ view_filter ] --END-- [ RunTime:0.000991s ]
INFO: [ app_end ] --START--
INFO: Run Behavior\ShowPageTraceBehavior [ RunTime:0.001580s ]
INFO: [ app_end ] --END-- [ RunTime:0.001669s ]

