[ 2016-03-16T10:19:24+08:00 ] ::1 /index.php/Homeen3/Index/index
INFO: [ app_init ] --START--
INFO: Run Behavior\BuildLiteBehavior [ RunTime:0.000026s ]
INFO: [ app_init ] --END-- [ RunTime:0.000844s ]
INFO: [ app_begin ] --START--
INFO: Run Behavior\ReadHtmlCacheBehavior [ RunTime:0.001917s ]
INFO: [ app_begin ] --END-- [ RunTime:0.002028s ]
SQL: SHOW COLUMNS FROM `ast_banneren3` [ RunTime:0.0080s ]
SQL: SELECT * FROM `ast_banneren3`  [ RunTime:0.0005s ]
SQL: SHOW COLUMNS FROM `ast_linken3` [ RunTime:0.0091s ]
SQL: SELECT * FROM `ast_linken3`  [ RunTime:0.0004s ]
SQL: SHOW COLUMNS FROM `ast_companyen3` [ RunTime:0.0265s ]
SQL: SHOW COLUMNS FROM `ast_articleen3` [ RunTime:0.0090s ]
SQL: SHOW COLUMNS FROM `ast_producten3` [ RunTime:0.0078s ]
SQL: SHOW COLUMNS FROM `ast_procateen3` [ RunTime:0.0077s ]
SQL: SELECT * FROM `ast_procateen3`  [ RunTime:0.0004s ]
SQL: SELECT * FROM `ast_articleen3` WHERE `art_cateid` = 4 LIMIT 5   [ RunTime:0.0007s ]
SQL: SELECT * FROM `ast_articleen3` WHERE `art_cateid` = 5 LIMIT 3   [ RunTime:0.0003s ]
SQL: SELECT * FROM `ast_articleen3` ORDER BY art_addtime desc LIMIT 2,3   [ RunTime:0.0009s ]
SQL: SELECT * FROM `ast_articleen3` ORDER BY art_addtime desc LIMIT 1   [ RunTime:0.0006s ]
SQL: SELECT * FROM `ast_producten3`  [ RunTime:0.0006s ]
SQL: SELECT * FROM `ast_companyen3`  [ RunTime:0.0004s ]
INFO: [ view_parse ] --START--
INFO: [ template_filter ] --START--
INFO: Run Behavior\ContentReplaceBehavior [ RunTime:0.000166s ]
INFO: [ template_filter ] --END-- [ RunTime:0.000246s ]
INFO: Run Behavior\ParseTemplateBehavior [ RunTime:0.020118s ]
INFO: [ view_parse ] --END-- [ RunTime:0.020225s ]
INFO: [ view_filter ] --START--
INFO: Run Behavior\WriteHtmlCacheBehavior [ RunTime:0.000838s ]
INFO: [ view_filter ] --END-- [ RunTime:0.000903s ]
INFO: [ app_end ] --START--
INFO: Run Behavior\ShowPageTraceBehavior [ RunTime:0.001730s ]
INFO: [ app_end ] --END-- [ RunTime:0.001820s ]

[ 2016-03-16T10:19:27+08:00 ] ::1 /index.php/Homeen3/Work/index
INFO: [ app_init ] --START--
INFO: Run Behavior\BuildLiteBehavior [ RunTime:0.000031s ]
INFO: [ app_init ] --END-- [ RunTime:0.000890s ]
INFO: [ app_begin ] --START--
INFO: Run Behavior\ReadHtmlCacheBehavior [ RunTime:0.001200s ]
INFO: [ app_begin ] --END-- [ RunTime:0.001326s ]
SQL: SHOW COLUMNS FROM `ast_banneren3` [ RunTime:0.0066s ]
SQL: SELECT * FROM `ast_banneren3`  [ RunTime:0.0005s ]
SQL: SHOW COLUMNS FROM `ast_linken3` [ RunTime:0.0065s ]
SQL: SELECT * FROM `ast_linken3`  [ RunTime:0.0003s ]
SQL: SHOW COLUMNS FROM `ast_worken3` [ RunTime:0.0374s ]
NOTIC: [8] Undefined index: title C:\xampp\htdocs\aiston\Application\Homeen3\Controller\WorkController.class.php 第 16 行.
SQL: SELECT * FROM `ast_worken3` ORDER BY w_cateid asc  [ RunTime:0.0015s ]
SQL: SELECT * FROM `ast_worken3` LIMIT 0,6   [ RunTime:0.0006s ]
INFO: [ view_parse ] --START--
INFO: [ template_filter ] --START--
INFO: Run Behavior\ContentReplaceBehavior [ RunTime:0.000163s ]
INFO: [ template_filter ] --END-- [ RunTime:0.000297s ]
NOTIC: [8] Undefined index: link_url C:\xampp\htdocs\aiston\Application\Runtime\Cache\Homeen3\9f32b7d27cd768421b8190d1894b6cdc.php 第 62 行.
NOTIC: [8] Undefined index: title C:\xampp\htdocs\aiston\Application\Runtime\Cache\Homeen3\9f32b7d27cd768421b8190d1894b6cdc.php 第 67 行.
NOTIC: [8] Undefined index: p C:\xampp\htdocs\aiston\Application\Runtime\Cache\Homeen3\9f32b7d27cd768421b8190d1894b6cdc.php 第 93 行.
NOTIC: [8] Undefined index: p C:\xampp\htdocs\aiston\Application\Runtime\Cache\Homeen3\9f32b7d27cd768421b8190d1894b6cdc.php 第 101 行.
NOTIC: [8] Undefined index: p C:\xampp\htdocs\aiston\Application\Runtime\Cache\Homeen3\9f32b7d27cd768421b8190d1894b6cdc.php 第 101 行.
INFO: Run Behavior\ParseTemplateBehavior [ RunTime:0.018109s ]
INFO: [ view_parse ] --END-- [ RunTime:0.018207s ]
INFO: [ view_filter ] --START--
INFO: Run Behavior\WriteHtmlCacheBehavior [ RunTime:0.000841s ]
INFO: [ view_filter ] --END-- [ RunTime:0.000910s ]
INFO: [ app_end ] --START--
INFO: Run Behavior\ShowPageTraceBehavior [ RunTime:0.001139s ]
INFO: [ app_end ] --END-- [ RunTime:0.001218s ]

[ 2016-03-16T10:19:31+08:00 ] ::1 /index.php/Homeen3/Walkto/index
INFO: [ app_init ] --START--
INFO: Run Behavior\BuildLiteBehavior [ RunTime:0.000018s ]
INFO: [ app_init ] --END-- [ RunTime:0.000679s ]
INFO: [ app_begin ] --START--
INFO: Run Behavior\ReadHtmlCacheBehavior [ RunTime:0.001278s ]
INFO: [ app_begin ] --END-- [ RunTime:0.001376s ]
SQL: SHOW COLUMNS FROM `ast_banneren3` [ RunTime:0.0055s ]
SQL: SELECT * FROM `ast_banneren3`  [ RunTime:0.0004s ]
SQL: SHOW COLUMNS FROM `ast_linken3` [ RunTime:0.0052s ]
SQL: SELECT * FROM `ast_linken3`  [ RunTime:0.0003s ]
SQL: SHOW COLUMNS FROM `ast_abouten3` [ RunTime:0.0271s ]
SQL: SELECT * FROM `ast_abouten3`  [ RunTime:0.0004s ]
SQL: SELECT * FROM `ast_abouten3` WHERE `ast_aid` = 1  [ RunTime:0.0002s ]
INFO: [ view_parse ] --START--
INFO: [ template_filter ] --START--
INFO: Run Behavior\ContentReplaceBehavior [ RunTime:0.000113s ]
INFO: [ template_filter ] --END-- [ RunTime:0.000199s ]
NOTIC: [8] Undefined index: link_url C:\xampp\htdocs\aiston\Application\Runtime\Cache\Homeen3\593e63d9f7cee27eb2281be3f8a700ad.php 第 62 行.
NOTIC: [8] Undefined index: ast_athumb C:\xampp\htdocs\aiston\Application\Runtime\Cache\Homeen3\593e63d9f7cee27eb2281be3f8a700ad.php 第 70 行.
NOTIC: [8] Undefined index: ast_athumb C:\xampp\htdocs\aiston\Application\Runtime\Cache\Homeen3\593e63d9f7cee27eb2281be3f8a700ad.php 第 70 行.
INFO: Run Behavior\ParseTemplateBehavior [ RunTime:0.015905s ]
INFO: [ view_parse ] --END-- [ RunTime:0.016012s ]
INFO: [ view_filter ] --START--
INFO: Run Behavior\WriteHtmlCacheBehavior [ RunTime:0.000559s ]
INFO: [ view_filter ] --END-- [ RunTime:0.000610s ]
INFO: [ app_end ] --START--
INFO: Run Behavior\ShowPageTraceBehavior [ RunTime:0.001075s ]
INFO: [ app_end ] --END-- [ RunTime:0.001132s ]

[ 2016-03-16T10:19:33+08:00 ] ::1 /index.php/Homeen3/product/index
INFO: [ app_init ] --START--
INFO: Run Behavior\BuildLiteBehavior [ RunTime:0.000021s ]
INFO: [ app_init ] --END-- [ RunTime:0.000612s ]
INFO: [ app_begin ] --START--
INFO: Run Behavior\ReadHtmlCacheBehavior [ RunTime:0.000834s ]
INFO: [ app_begin ] --END-- [ RunTime:0.000917s ]
SQL: SHOW COLUMNS FROM `ast_banneren3` [ RunTime:0.0059s ]
SQL: SELECT * FROM `ast_banneren3`  [ RunTime:0.0004s ]
SQL: SHOW COLUMNS FROM `ast_linken3` [ RunTime:0.0050s ]
SQL: SELECT * FROM `ast_linken3`  [ RunTime:0.0004s ]
SQL: SHOW COLUMNS FROM `ast_procateen3` [ RunTime:0.0059s ]
SQL: SELECT * FROM `ast_procateen3`  [ RunTime:0.0005s ]
SQL: SHOW COLUMNS FROM `ast_producten3` [ RunTime:0.0057s ]
NOTIC: [8] Undefined index: id C:\xampp\htdocs\aiston\Application\Homeen3\Controller\ProductController.class.php 第 26 行.
SQL: SELECT * FROM `ast_producten3`  [ RunTime:0.0004s ]
SQL: SELECT * FROM `ast_producten3` LIMIT 0,5   [ RunTime:0.0005s ]
INFO: [ view_parse ] --START--
INFO: [ template_filter ] --START--
INFO: Run Behavior\ContentReplaceBehavior [ RunTime:0.000120s ]
INFO: [ template_filter ] --END-- [ RunTime:0.000194s ]
NOTIC: [8] Undefined variable: pro C:\xampp\htdocs\aiston\Application\Runtime\Cache\Homeen3\ab672b72da7611ac56f52ca034391a10.php 第 74 行.
NOTIC: [8] Undefined variable: pro C:\xampp\htdocs\aiston\Application\Runtime\Cache\Homeen3\ab672b72da7611ac56f52ca034391a10.php 第 74 行.
NOTIC: [8] Undefined variable: pro C:\xampp\htdocs\aiston\Application\Runtime\Cache\Homeen3\ab672b72da7611ac56f52ca034391a10.php 第 74 行.
NOTIC: [8] Undefined index: p C:\xampp\htdocs\aiston\Application\Runtime\Cache\Homeen3\ab672b72da7611ac56f52ca034391a10.php 第 83 行.
NOTIC: [8] Undefined index: p C:\xampp\htdocs\aiston\Application\Runtime\Cache\Homeen3\ab672b72da7611ac56f52ca034391a10.php 第 88 行.
INFO: Run Behavior\ParseTemplateBehavior [ RunTime:0.017019s ]
INFO: [ view_parse ] --END-- [ RunTime:0.017108s ]
INFO: [ view_filter ] --START--
INFO: Run Behavior\WriteHtmlCacheBehavior [ RunTime:0.001055s ]
INFO: [ view_filter ] --END-- [ RunTime:0.001146s ]
INFO: [ app_end ] --START--
INFO: Run Behavior\ShowPageTraceBehavior [ RunTime:0.001394s ]
INFO: [ app_end ] --END-- [ RunTime:0.001484s ]

[ 2016-03-16T10:19:56+08:00 ] ::1 /index.php/Homeen3/product/index
INFO: [ app_init ] --START--
INFO: Run Behavior\BuildLiteBehavior [ RunTime:0.000033s ]
INFO: [ app_init ] --END-- [ RunTime:0.001309s ]
INFO: [ app_begin ] --START--
INFO: Run Behavior\ReadHtmlCacheBehavior [ RunTime:0.001476s ]
INFO: [ app_begin ] --END-- [ RunTime:0.001556s ]
SQL: SHOW COLUMNS FROM `ast_banneren3` [ RunTime:0.0058s ]
SQL: SELECT * FROM `ast_banneren3`  [ RunTime:0.0005s ]
SQL: SHOW COLUMNS FROM `ast_linken3` [ RunTime:0.0051s ]
SQL: SELECT * FROM `ast_linken3`  [ RunTime:0.0004s ]
SQL: SHOW COLUMNS FROM `ast_procateen3` [ RunTime:0.0054s ]
SQL: SELECT * FROM `ast_procateen3`  [ RunTime:0.0003s ]
SQL: SHOW COLUMNS FROM `ast_producten3` [ RunTime:0.0056s ]
NOTIC: [8] Undefined index: id C:\xampp\htdocs\aiston\Application\Homeen3\Controller\ProductController.class.php 第 26 行.
SQL: SELECT * FROM `ast_producten3`  [ RunTime:0.0004s ]
SQL: SELECT * FROM `ast_producten3` LIMIT 0,5   [ RunTime:0.0005s ]
INFO: [ view_parse ] --START--
INFO: [ template_filter ] --START--
INFO: Run Behavior\ContentReplaceBehavior [ RunTime:0.000111s ]
INFO: [ template_filter ] --END-- [ RunTime:0.000193s ]
NOTIC: [8] Undefined variable: pro C:\xampp\htdocs\aiston\Application\Runtime\Cache\Homeen3\ab672b72da7611ac56f52ca034391a10.php 第 74 行.
NOTIC: [8] Undefined variable: pro C:\xampp\htdocs\aiston\Application\Runtime\Cache\Homeen3\ab672b72da7611ac56f52ca034391a10.php 第 74 行.
NOTIC: [8] Undefined variable: pro C:\xampp\htdocs\aiston\Application\Runtime\Cache\Homeen3\ab672b72da7611ac56f52ca034391a10.php 第 74 行.
NOTIC: [8] Undefined index: p C:\xampp\htdocs\aiston\Application\Runtime\Cache\Homeen3\ab672b72da7611ac56f52ca034391a10.php 第 83 行.
NOTIC: [8] Undefined index: p C:\xampp\htdocs\aiston\Application\Runtime\Cache\Homeen3\ab672b72da7611ac56f52ca034391a10.php 第 88 行.
INFO: Run Behavior\ParseTemplateBehavior [ RunTime:0.018623s ]
INFO: [ view_parse ] --END-- [ RunTime:0.018694s ]
INFO: [ view_filter ] --START--
INFO: Run Behavior\WriteHtmlCacheBehavior [ RunTime:0.001284s ]
INFO: [ view_filter ] --END-- [ RunTime:0.001364s ]
INFO: [ app_end ] --START--
INFO: Run Behavior\ShowPageTraceBehavior [ RunTime:0.001257s ]
INFO: [ app_end ] --END-- [ RunTime:0.001373s ]

[ 2016-03-16T10:43:13+08:00 ] ::1 /index.php/Homeen3/product/index
INFO: [ app_init ] --START--
INFO: Run Behavior\BuildLiteBehavior [ RunTime:0.000017s ]
INFO: [ app_init ] --END-- [ RunTime:0.000575s ]
INFO: [ app_begin ] --START--
INFO: Run Behavior\ReadHtmlCacheBehavior [ RunTime:0.001162s ]
INFO: [ app_begin ] --END-- [ RunTime:0.001266s ]
SQL: SHOW COLUMNS FROM `ast_banneren3` [ RunTime:0.0042s ]
SQL: SELECT * FROM `ast_banneren3`  [ RunTime:0.0004s ]
SQL: SHOW COLUMNS FROM `ast_linken3` [ RunTime:0.0034s ]
SQL: SELECT * FROM `ast_linken3`  [ RunTime:0.0003s ]
SQL: SHOW COLUMNS FROM `ast_procateen3` [ RunTime:0.0036s ]
SQL: SELECT * FROM `ast_procateen3`  [ RunTime:0.0004s ]
SQL: SHOW COLUMNS FROM `ast_producten3` [ RunTime:0.0047s ]
NOTIC: [8] Undefined index: id C:\xampp\htdocs\aiston\Application\Homeen3\Controller\ProductController.class.php 第 26 行.
SQL: SELECT * FROM `ast_producten3`  [ RunTime:0.0006s ]
SQL: SELECT * FROM `ast_producten3` LIMIT 0,5   [ RunTime:0.0004s ]
INFO: [ view_parse ] --START--
INFO: [ template_filter ] --START--
INFO: Run Behavior\ContentReplaceBehavior [ RunTime:0.000103s ]
INFO: [ template_filter ] --END-- [ RunTime:0.000165s ]
NOTIC: [8] Undefined variable: pro C:\xampp\htdocs\aiston\Application\Runtime\Cache\Homeen3\ab672b72da7611ac56f52ca034391a10.php 第 74 行.
NOTIC: [8] Undefined variable: pro C:\xampp\htdocs\aiston\Application\Runtime\Cache\Homeen3\ab672b72da7611ac56f52ca034391a10.php 第 74 行.
NOTIC: [8] Undefined variable: pro C:\xampp\htdocs\aiston\Application\Runtime\Cache\Homeen3\ab672b72da7611ac56f52ca034391a10.php 第 74 行.
NOTIC: [8] Undefined index: p C:\xampp\htdocs\aiston\Application\Runtime\Cache\Homeen3\ab672b72da7611ac56f52ca034391a10.php 第 83 行.
NOTIC: [8] Undefined index: p C:\xampp\htdocs\aiston\Application\Runtime\Cache\Homeen3\ab672b72da7611ac56f52ca034391a10.php 第 88 行.
INFO: Run Behavior\ParseTemplateBehavior [ RunTime:0.012901s ]
INFO: [ view_parse ] --END-- [ RunTime:0.012990s ]
INFO: [ view_filter ] --START--
INFO: Run Behavior\WriteHtmlCacheBehavior [ RunTime:0.000766s ]
INFO: [ view_filter ] --END-- [ RunTime:0.000822s ]
INFO: [ app_end ] --START--
INFO: Run Behavior\ShowPageTraceBehavior [ RunTime:0.000905s ]
INFO: [ app_end ] --END-- [ RunTime:0.000958s ]

