[ 2016-03-22T14:36:26+08:00 ] ::1 /index.php/Admin3/Article/index
INFO: [ app_init ] --START--
INFO: Run Behavior\BuildLiteBehavior [ RunTime:0.000018s ]
INFO: [ app_init ] --END-- [ RunTime:0.000595s ]
INFO: [ app_begin ] --START--
INFO: Run Behavior\ReadHtmlCacheBehavior [ RunTime:0.002577s ]
INFO: [ app_begin ] --END-- [ RunTime:0.002711s ]
SQL: SHOW COLUMNS FROM `ast_admin3` [ RunTime:0.0048s ]
SQL: SELECT * FROM `ast_admin3`  [ RunTime:0.0005s ]
SQL: SELECT * FROM `ast_admin3` WHERE `admin_id` = 1 LIMIT 1   [ RunTime:0.0004s ]
SQL: SHOW COLUMNS FROM `ast_nav3` [ RunTime:0.0037s ]
SQL: SELECT * FROM `ast_nav3`  [ RunTime:0.0004s ]
SQL: SELECT COUNT(*) AS tp_count FROM `ast_admin3` LIMIT 1   [ RunTime:0.0002s ]
NOTIC: [2] Missing argument 3 for getAdminPage(), called in C:\xampp\htdocs\aiston\Application\Admin3\Controller\CommonController.class.php on line 51 and defined C:\xampp\htdocs\aiston\Application\Common\Common\function.php 第 3 行.
NOTIC: [8] Undefined variable: num C:\xampp\htdocs\aiston\Application\Common\Common\function.php 第 4 行.
SQL: SELECT * FROM `ast_admin3` ORDER BY admin_id LIMIT 0,10   [ RunTime:0.0004s ]
SQL: SHOW COLUMNS FROM `ast_article3` [ RunTime:0.0044s ]
SQL: SHOW COLUMNS FROM `ast_artcate3` [ RunTime:0.0036s ]
SQL: SELECT * FROM `ast_artcate3` WHERE `cate_id` = 0 LIMIT 1   [ RunTime:0.0003s ]
SQL: SELECT * FROM `ast_artcate3` WHERE `cate_id` = 0 LIMIT 1   [ RunTime:0.0002s ]
SQL: SELECT * FROM `ast_artcate3` WHERE `cate_pid` = 0  [ RunTime:0.0003s ]
SQL: SELECT * FROM `ast_artcate3` WHERE `cate_pid` = 0  [ RunTime:0.0003s ]
SQL: SELECT COUNT(*) AS tp_count FROM `ast_article3` LIMIT 1   [ RunTime:0.0002s ]
SQL: SELECT * FROM `ast_article3` INNER JOIN `ast_artcate3` ON ast_article3.art_cateid = ast_artcate3.cate_id  ORDER BY art_addtime DESC LIMIT 0,10   [ RunTime:0.0043s ]
SQL: SHOW COLUMNS FROM `ast_artcomment3` [ RunTime:0.0050s ]
SQL: SELECT * FROM `ast_artcomment3`  [ RunTime:0.0004s ]
INFO: [ view_parse ] --START--
INFO: [ template_filter ] --START--
INFO: Run Behavior\ContentReplaceBehavior [ RunTime:0.000463s ]
INFO: [ template_filter ] --END-- [ RunTime:0.000532s ]
NOTIC: [8] Undefined index: mentNum C:\xampp\htdocs\aiston\Application\Runtime\Cache\Admin3\ac2c68a48e6046a47401e2c5df1f9e8d.php 第 162 行.
NOTIC: [8] Undefined index: mentNum C:\xampp\htdocs\aiston\Application\Runtime\Cache\Admin3\ac2c68a48e6046a47401e2c5df1f9e8d.php 第 162 行.
NOTIC: [8] Undefined index: mentNum C:\xampp\htdocs\aiston\Application\Runtime\Cache\Admin3\ac2c68a48e6046a47401e2c5df1f9e8d.php 第 162 行.
NOTIC: [8] Undefined index: mentNum C:\xampp\htdocs\aiston\Application\Runtime\Cache\Admin3\ac2c68a48e6046a47401e2c5df1f9e8d.php 第 162 行.
NOTIC: [8] Undefined index: mentNum C:\xampp\htdocs\aiston\Application\Runtime\Cache\Admin3\ac2c68a48e6046a47401e2c5df1f9e8d.php 第 162 行.
NOTIC: [8] Undefined index: mentNum C:\xampp\htdocs\aiston\Application\Runtime\Cache\Admin3\ac2c68a48e6046a47401e2c5df1f9e8d.php 第 162 行.
NOTIC: [8] Undefined index: mentNum C:\xampp\htdocs\aiston\Application\Runtime\Cache\Admin3\ac2c68a48e6046a47401e2c5df1f9e8d.php 第 162 行.
NOTIC: [8] Undefined index: mentNum C:\xampp\htdocs\aiston\Application\Runtime\Cache\Admin3\ac2c68a48e6046a47401e2c5df1f9e8d.php 第 162 行.
NOTIC: [8] Undefined index: mentNum C:\xampp\htdocs\aiston\Application\Runtime\Cache\Admin3\ac2c68a48e6046a47401e2c5df1f9e8d.php 第 162 行.
NOTIC: [8] Undefined index: mentNum C:\xampp\htdocs\aiston\Application\Runtime\Cache\Admin3\ac2c68a48e6046a47401e2c5df1f9e8d.php 第 162 行.
NOTIC: [8] Array to string conversion C:\xampp\htdocs\aiston\Application\Runtime\Cache\Admin3\ac2c68a48e6046a47401e2c5df1f9e8d.php 第 382 行.
INFO: Run Behavior\ParseTemplateBehavior [ RunTime:0.031859s ]
INFO: [ view_parse ] --END-- [ RunTime:0.031943s ]
INFO: [ view_filter ] --START--
INFO: Run Behavior\WriteHtmlCacheBehavior [ RunTime:0.001085s ]
INFO: [ view_filter ] --END-- [ RunTime:0.001139s ]
NOTIC: [8] Undefined index: show C:\xampp\htdocs\aiston\Application\Admin3\Controller\ArticleController.class.php 第 82 行.
NOTIC: [8] Undefined index: id C:\xampp\htdocs\aiston\Application\Admin3\Controller\ArticleController.class.php 第 83 行.
SQL: UPDATE `ast_article3` SET `art_isshow`='1' WHERE `art_id` = null [ RunTime:0.0007s ]
INFO: [ app_end ] --START--
INFO: Run Behavior\ShowPageTraceBehavior [ RunTime:0.001899s ]
INFO: [ app_end ] --END-- [ RunTime:0.001995s ]

