[ 2016-04-07T22:21:35+08:00 ] ::1 /index.php/Admin3/Article/index
INFO: [ app_init ] --START--
INFO: Run Behavior\BuildLiteBehavior [ RunTime:0.000017s ]
INFO: [ app_init ] --END-- [ RunTime:0.000615s ]
INFO: [ app_begin ] --START--
INFO: Run Behavior\ReadHtmlCacheBehavior [ RunTime:0.002520s ]
INFO: [ app_begin ] --END-- [ RunTime:0.002616s ]
SQL: SHOW COLUMNS FROM `ast_admin3` [ RunTime:0.0039s ]
SQL: SELECT * FROM `ast_admin3`  [ RunTime:0.0003s ]
SQL: SELECT * FROM `ast_admin3` WHERE `admin_id` = 1 LIMIT 1   [ RunTime:0.0003s ]
SQL: SHOW COLUMNS FROM `ast_nav3` [ RunTime:0.0038s ]
SQL: SELECT * FROM `ast_nav3`  [ RunTime:0.0004s ]
SQL: SELECT COUNT(*) AS tp_count FROM `ast_admin3` LIMIT 1   [ RunTime:0.0002s ]
NOTIC: [2] Missing argument 3 for getAdminPage(), called in C:\xampp\htdocs\aiston\Application\Admin3\Controller\CommonController.class.php on line 51 and defined C:\xampp\htdocs\aiston\Application\Common\Common\function.php 第 3 行.
NOTIC: [8] Undefined variable: num C:\xampp\htdocs\aiston\Application\Common\Common\function.php 第 4 行.
SQL: SELECT * FROM `ast_admin3` ORDER BY admin_id LIMIT 0,10   [ RunTime:0.0007s ]
SQL: SHOW COLUMNS FROM `ast_article3` [ RunTime:0.0048s ]
SQL: SHOW COLUMNS FROM `ast_artcate3` [ RunTime:0.0037s ]
SQL: SELECT * FROM `ast_artcate3` WHERE `cate_id` = 0 LIMIT 1   [ RunTime:0.0004s ]
SQL: SELECT * FROM `ast_artcate3` WHERE `cate_id` = 0 LIMIT 1   [ RunTime:0.0002s ]
SQL: SELECT * FROM `ast_artcate3` WHERE `cate_pid` = 0  [ RunTime:0.0004s ]
SQL: SELECT * FROM `ast_artcate3` WHERE `cate_pid` = 0  [ RunTime:0.0004s ]
SQL: SELECT COUNT(*) AS tp_count FROM `ast_article3` LIMIT 1   [ RunTime:0.0002s ]
SQL: SELECT * FROM `ast_article3` INNER JOIN `ast_artcate3` ON ast_article3.art_cateid = ast_artcate3.cate_id  ORDER BY art_addtime DESC LIMIT 0,10   [ RunTime:0.0050s ]
SQL: SHOW COLUMNS FROM `ast_artcomment3` [ RunTime:0.0037s ]
SQL: SELECT * FROM `ast_artcomment3`  [ RunTime:0.0002s ]
INFO: [ view_parse ] --START--
INFO: [ template_filter ] --START--
INFO: Run Behavior\ContentReplaceBehavior [ RunTime:0.000451s ]
INFO: [ template_filter ] --END-- [ RunTime:0.000516s ]
NOTIC: [8] Undefined index: mentNum C:\xampp\htdocs\aiston\Application\Runtime\Cache\Admin3\ac2c68a48e6046a47401e2c5df1f9e8d.php 第 162 行.
NOTIC: [8] Undefined index: mentNum C:\xampp\htdocs\aiston\Application\Runtime\Cache\Admin3\ac2c68a48e6046a47401e2c5df1f9e8d.php 第 162 行.
NOTIC: [8] Undefined index: mentNum C:\xampp\htdocs\aiston\Application\Runtime\Cache\Admin3\ac2c68a48e6046a47401e2c5df1f9e8d.php 第 162 行.
NOTIC: [8] Undefined index: mentNum C:\xampp\htdocs\aiston\Application\Runtime\Cache\Admin3\ac2c68a48e6046a47401e2c5df1f9e8d.php 第 162 行.
NOTIC: [8] Undefined index: mentNum C:\xampp\htdocs\aiston\Application\Runtime\Cache\Admin3\ac2c68a48e6046a47401e2c5df1f9e8d.php 第 162 行.
NOTIC: [8] Undefined index: mentNum C:\xampp\htdocs\aiston\Application\Runtime\Cache\Admin3\ac2c68a48e6046a47401e2c5df1f9e8d.php 第 162 行.
NOTIC: [8] Undefined index: mentNum C:\xampp\htdocs\aiston\Application\Runtime\Cache\Admin3\ac2c68a48e6046a47401e2c5df1f9e8d.php 第 162 行.
NOTIC: [8] Undefined index: mentNum C:\xampp\htdocs\aiston\Application\Runtime\Cache\Admin3\ac2c68a48e6046a47401e2c5df1f9e8d.php 第 162 行.
NOTIC: [8] Undefined index: mentNum C:\xampp\htdocs\aiston\Application\Runtime\Cache\Admin3\ac2c68a48e6046a47401e2c5df1f9e8d.php 第 162 行.
NOTIC: [8] Undefined index: mentNum C:\xampp\htdocs\aiston\Application\Runtime\Cache\Admin3\ac2c68a48e6046a47401e2c5df1f9e8d.php 第 162 行.
NOTIC: [8] Array to string conversion C:\xampp\htdocs\aiston\Application\Runtime\Cache\Admin3\ac2c68a48e6046a47401e2c5df1f9e8d.php 第 382 行.
INFO: Run Behavior\ParseTemplateBehavior [ RunTime:0.033537s ]
INFO: [ view_parse ] --END-- [ RunTime:0.033621s ]
INFO: [ view_filter ] --START--
INFO: Run Behavior\WriteHtmlCacheBehavior [ RunTime:0.001346s ]
INFO: [ view_filter ] --END-- [ RunTime:0.001409s ]
NOTIC: [8] Undefined index: show C:\xampp\htdocs\aiston\Application\Admin3\Controller\ArticleController.class.php 第 82 行.
NOTIC: [8] Undefined index: id C:\xampp\htdocs\aiston\Application\Admin3\Controller\ArticleController.class.php 第 83 行.
SQL: UPDATE `ast_article3` SET `art_isshow`='1' WHERE `art_id` = null [ RunTime:0.0023s ]
INFO: [ app_end ] --START--
INFO: Run Behavior\ShowPageTraceBehavior [ RunTime:0.001915s ]
INFO: [ app_end ] --END-- [ RunTime:0.002031s ]

[ 2016-04-07T22:21:37+08:00 ] ::1 /index.php/Admin3/Article/add
INFO: [ app_init ] --START--
INFO: Run Behavior\BuildLiteBehavior [ RunTime:0.000016s ]
INFO: [ app_init ] --END-- [ RunTime:0.000548s ]
INFO: [ app_begin ] --START--
INFO: Run Behavior\ReadHtmlCacheBehavior [ RunTime:0.001064s ]
INFO: [ app_begin ] --END-- [ RunTime:0.001142s ]
SQL: SHOW COLUMNS FROM `ast_admin3` [ RunTime:0.0039s ]
SQL: SELECT * FROM `ast_admin3`  [ RunTime:0.0003s ]
SQL: SELECT * FROM `ast_admin3` WHERE `admin_id` = 1 LIMIT 1   [ RunTime:0.0003s ]
SQL: SHOW COLUMNS FROM `ast_nav3` [ RunTime:0.0039s ]
SQL: SELECT * FROM `ast_nav3`  [ RunTime:0.0004s ]
SQL: SELECT COUNT(*) AS tp_count FROM `ast_admin3` LIMIT 1   [ RunTime:0.0003s ]
NOTIC: [2] Missing argument 3 for getAdminPage(), called in C:\xampp\htdocs\aiston\Application\Admin3\Controller\CommonController.class.php on line 51 and defined C:\xampp\htdocs\aiston\Application\Common\Common\function.php 第 3 行.
NOTIC: [8] Undefined variable: num C:\xampp\htdocs\aiston\Application\Common\Common\function.php 第 4 行.
SQL: SELECT * FROM `ast_admin3` ORDER BY admin_id LIMIT 0,10   [ RunTime:0.0005s ]
SQL: SHOW COLUMNS FROM `ast_artcate3` [ RunTime:0.0045s ]
SQL: SHOW COLUMNS FROM `ast_article3` [ RunTime:0.0052s ]
SQL: SELECT * FROM `ast_artcate3` WHERE `cate_pid` = 0 ORDER BY cate_id ASC  [ RunTime:0.0006s ]
SQL: SELECT `art_order` FROM `ast_article3` ORDER BY art_order DESC LIMIT 1   [ RunTime:0.0003s ]
INFO: [ view_parse ] --START--
INFO: [ template_filter ] --START--
INFO: Run Behavior\ContentReplaceBehavior [ RunTime:0.000491s ]
INFO: [ template_filter ] --END-- [ RunTime:0.000569s ]
NOTIC: [8] Undefined variable: htmlData C:\xampp\htdocs\aiston\Application\Runtime\Cache\Admin3\f1421d669e008325b832f55f5852d266.php 第 144 行.
NOTIC: [8] Undefined variable: htmlData C:\xampp\htdocs\aiston\Application\Runtime\Cache\Admin3\f1421d669e008325b832f55f5852d266.php 第 144 行.
NOTIC: [8] Array to string conversion C:\xampp\htdocs\aiston\Application\Runtime\Cache\Admin3\f1421d669e008325b832f55f5852d266.php 第 319 行.
NOTIC: [8] Undefined variable: url C:\xampp\htdocs\aiston\Application\Runtime\Cache\Admin3\f1421d669e008325b832f55f5852d266.php 第 548 行.
NOTIC: [8] Undefined variable: url C:\xampp\htdocs\aiston\Application\Runtime\Cache\Admin3\f1421d669e008325b832f55f5852d266.php 第 551 行.
INFO: Run Behavior\ParseTemplateBehavior [ RunTime:0.025446s ]
INFO: [ view_parse ] --END-- [ RunTime:0.025550s ]
INFO: [ view_filter ] --START--
INFO: Run Behavior\WriteHtmlCacheBehavior [ RunTime:0.000743s ]
INFO: [ view_filter ] --END-- [ RunTime:0.000794s ]
INFO: [ app_end ] --START--
INFO: Run Behavior\ShowPageTraceBehavior [ RunTime:0.001889s ]
INFO: [ app_end ] --END-- [ RunTime:0.002082s ]

