[ 2016-03-24T22:30:31+08:00 ] ::1 /index.php/Admin3/Index
INFO: [ app_init ] --START--
INFO: Run Behavior\BuildLiteBehavior [ RunTime:0.000016s ]
INFO: [ app_init ] --END-- [ RunTime:0.000592s ]
INFO: [ app_begin ] --START--
INFO: Run Behavior\ReadHtmlCacheBehavior [ RunTime:0.001417s ]
INFO: [ app_begin ] --END-- [ RunTime:0.001514s ]
SQL: SHOW COLUMNS FROM `ast_admin3` [ RunTime:0.0040s ]
SQL: SELECT * FROM `ast_admin3`  [ RunTime:0.0004s ]
SQL: SELECT * FROM `ast_admin3` WHERE `admin_id` = 1 LIMIT 1   [ RunTime:0.0003s ]
SQL: SHOW COLUMNS FROM `ast_nav3` [ RunTime:0.0038s ]
SQL: SELECT * FROM `ast_nav3`  [ RunTime:0.0007s ]
SQL: SELECT COUNT(*) AS tp_count FROM `ast_admin3` LIMIT 1   [ RunTime:0.0002s ]
NOTIC: [2] Missing argument 3 for getAdminPage(), called in C:\xampp\htdocs\aiston\Application\Admin3\Controller\CommonController.class.php on line 51 and defined C:\xampp\htdocs\aiston\Application\Common\Common\function.php 第 3 行.
NOTIC: [8] Undefined variable: num C:\xampp\htdocs\aiston\Application\Common\Common\function.php 第 4 行.
SQL: SELECT * FROM `ast_admin3` ORDER BY admin_id LIMIT 0,10   [ RunTime:0.0003s ]
INFO: [ view_parse ] --START--
INFO: [ template_filter ] --START--
INFO: Run Behavior\ContentReplaceBehavior [ RunTime:0.000507s ]
INFO: [ template_filter ] --END-- [ RunTime:0.000576s ]
NOTIC: [8] Array to string conversion C:\xampp\htdocs\aiston\Application\Runtime\Cache\Admin3\fda94e595cb4e2fa316591b0d8b8c009.php 第 226 行.
NOTIC: [8] Undefined variable: url C:\xampp\htdocs\aiston\Application\Runtime\Cache\Admin3\fda94e595cb4e2fa316591b0d8b8c009.php 第 455 行.
NOTIC: [8] Undefined variable: url C:\xampp\htdocs\aiston\Application\Runtime\Cache\Admin3\fda94e595cb4e2fa316591b0d8b8c009.php 第 458 行.
INFO: Run Behavior\ParseTemplateBehavior [ RunTime:0.022589s ]
INFO: [ view_parse ] --END-- [ RunTime:0.022674s ]
INFO: [ view_filter ] --START--
INFO: Run Behavior\WriteHtmlCacheBehavior [ RunTime:0.000684s ]
INFO: [ view_filter ] --END-- [ RunTime:0.000736s ]
INFO: [ app_end ] --START--
INFO: Run Behavior\ShowPageTraceBehavior [ RunTime:0.001712s ]
INFO: [ app_end ] --END-- [ RunTime:0.001819s ]

[ 2016-03-24T22:30:35+08:00 ] ::1 /index.php/Admin3/Article/index
INFO: [ app_init ] --START--
INFO: Run Behavior\BuildLiteBehavior [ RunTime:0.000017s ]
INFO: [ app_init ] --END-- [ RunTime:0.000495s ]
INFO: [ app_begin ] --START--
INFO: Run Behavior\ReadHtmlCacheBehavior [ RunTime:0.001024s ]
INFO: [ app_begin ] --END-- [ RunTime:0.001104s ]
SQL: SHOW COLUMNS FROM `ast_admin3` [ RunTime:0.0040s ]
SQL: SELECT * FROM `ast_admin3`  [ RunTime:0.0004s ]
SQL: SELECT * FROM `ast_admin3` WHERE `admin_id` = 1 LIMIT 1   [ RunTime:0.0003s ]
SQL: SHOW COLUMNS FROM `ast_nav3` [ RunTime:0.0039s ]
SQL: SELECT * FROM `ast_nav3`  [ RunTime:0.0004s ]
SQL: SELECT COUNT(*) AS tp_count FROM `ast_admin3` LIMIT 1   [ RunTime:0.0002s ]
NOTIC: [2] Missing argument 3 for getAdminPage(), called in C:\xampp\htdocs\aiston\Application\Admin3\Controller\CommonController.class.php on line 51 and defined C:\xampp\htdocs\aiston\Application\Common\Common\function.php 第 3 行.
NOTIC: [8] Undefined variable: num C:\xampp\htdocs\aiston\Application\Common\Common\function.php 第 4 行.
SQL: SELECT * FROM `ast_admin3` ORDER BY admin_id LIMIT 0,10   [ RunTime:0.0004s ]
SQL: SHOW COLUMNS FROM `ast_article3` [ RunTime:0.0046s ]
SQL: SHOW COLUMNS FROM `ast_artcate3` [ RunTime:0.0041s ]
SQL: SELECT * FROM `ast_artcate3` WHERE `cate_id` = 0 LIMIT 1   [ RunTime:0.0004s ]
SQL: SELECT * FROM `ast_artcate3` WHERE `cate_id` = 0 LIMIT 1   [ RunTime:0.0003s ]
SQL: SELECT * FROM `ast_artcate3` WHERE `cate_pid` = 0  [ RunTime:0.0004s ]
SQL: SELECT * FROM `ast_artcate3` WHERE `cate_pid` = 0  [ RunTime:0.0003s ]
SQL: SELECT COUNT(*) AS tp_count FROM `ast_article3` LIMIT 1   [ RunTime:0.0002s ]
SQL: SELECT * FROM `ast_article3` INNER JOIN `ast_artcate3` ON ast_article3.art_cateid = ast_artcate3.cate_id  ORDER BY art_addtime DESC LIMIT 0,10   [ RunTime:0.0044s ]
SQL: SHOW COLUMNS FROM `ast_artcomment3` [ RunTime:0.0035s ]
SQL: SELECT * FROM `ast_artcomment3`  [ RunTime:0.0002s ]
INFO: [ view_parse ] --START--
INFO: [ template_filter ] --START--
INFO: Run Behavior\ContentReplaceBehavior [ RunTime:0.000453s ]
INFO: [ template_filter ] --END-- [ RunTime:0.000521s ]
NOTIC: [8] Undefined index: mentNum C:\xampp\htdocs\aiston\Application\Runtime\Cache\Admin3\ac2c68a48e6046a47401e2c5df1f9e8d.php 第 162 行.
NOTIC: [8] Undefined index: mentNum C:\xampp\htdocs\aiston\Application\Runtime\Cache\Admin3\ac2c68a48e6046a47401e2c5df1f9e8d.php 第 162 行.
NOTIC: [8] Undefined index: mentNum C:\xampp\htdocs\aiston\Application\Runtime\Cache\Admin3\ac2c68a48e6046a47401e2c5df1f9e8d.php 第 162 行.
NOTIC: [8] Undefined index: mentNum C:\xampp\htdocs\aiston\Application\Runtime\Cache\Admin3\ac2c68a48e6046a47401e2c5df1f9e8d.php 第 162 行.
NOTIC: [8] Undefined index: mentNum C:\xampp\htdocs\aiston\Application\Runtime\Cache\Admin3\ac2c68a48e6046a47401e2c5df1f9e8d.php 第 162 行.
NOTIC: [8] Undefined index: mentNum C:\xampp\htdocs\aiston\Application\Runtime\Cache\Admin3\ac2c68a48e6046a47401e2c5df1f9e8d.php 第 162 行.
NOTIC: [8] Undefined index: mentNum C:\xampp\htdocs\aiston\Application\Runtime\Cache\Admin3\ac2c68a48e6046a47401e2c5df1f9e8d.php 第 162 行.
NOTIC: [8] Undefined index: mentNum C:\xampp\htdocs\aiston\Application\Runtime\Cache\Admin3\ac2c68a48e6046a47401e2c5df1f9e8d.php 第 162 行.
NOTIC: [8] Undefined index: mentNum C:\xampp\htdocs\aiston\Application\Runtime\Cache\Admin3\ac2c68a48e6046a47401e2c5df1f9e8d.php 第 162 行.
NOTIC: [8] Undefined index: mentNum C:\xampp\htdocs\aiston\Application\Runtime\Cache\Admin3\ac2c68a48e6046a47401e2c5df1f9e8d.php 第 162 行.
NOTIC: [8] Array to string conversion C:\xampp\htdocs\aiston\Application\Runtime\Cache\Admin3\ac2c68a48e6046a47401e2c5df1f9e8d.php 第 382 行.
INFO: Run Behavior\ParseTemplateBehavior [ RunTime:0.029154s ]
INFO: [ view_parse ] --END-- [ RunTime:0.029216s ]
INFO: [ view_filter ] --START--
INFO: Run Behavior\WriteHtmlCacheBehavior [ RunTime:0.000510s ]
INFO: [ view_filter ] --END-- [ RunTime:0.000564s ]
NOTIC: [8] Undefined index: show C:\xampp\htdocs\aiston\Application\Admin3\Controller\ArticleController.class.php 第 82 行.
NOTIC: [8] Undefined index: id C:\xampp\htdocs\aiston\Application\Admin3\Controller\ArticleController.class.php 第 83 行.
SQL: UPDATE `ast_article3` SET `art_isshow`='1' WHERE `art_id` = null [ RunTime:0.0003s ]
INFO: [ app_end ] --START--
INFO: Run Behavior\ShowPageTraceBehavior [ RunTime:0.001252s ]
INFO: [ app_end ] --END-- [ RunTime:0.001341s ]

[ 2016-03-24T22:30:36+08:00 ] ::1 /index.php/Admin3/Article/add
INFO: [ app_init ] --START--
INFO: Run Behavior\BuildLiteBehavior [ RunTime:0.000017s ]
INFO: [ app_init ] --END-- [ RunTime:0.000574s ]
INFO: [ app_begin ] --START--
INFO: Run Behavior\ReadHtmlCacheBehavior [ RunTime:0.001182s ]
INFO: [ app_begin ] --END-- [ RunTime:0.001291s ]
SQL: SHOW COLUMNS FROM `ast_admin3` [ RunTime:0.0059s ]
SQL: SELECT * FROM `ast_admin3`  [ RunTime:0.0003s ]
SQL: SELECT * FROM `ast_admin3` WHERE `admin_id` = 1 LIMIT 1   [ RunTime:0.0004s ]
SQL: SHOW COLUMNS FROM `ast_nav3` [ RunTime:0.0054s ]
SQL: SELECT * FROM `ast_nav3`  [ RunTime:0.0005s ]
SQL: SELECT COUNT(*) AS tp_count FROM `ast_admin3` LIMIT 1   [ RunTime:0.0003s ]
NOTIC: [2] Missing argument 3 for getAdminPage(), called in C:\xampp\htdocs\aiston\Application\Admin3\Controller\CommonController.class.php on line 51 and defined C:\xampp\htdocs\aiston\Application\Common\Common\function.php 第 3 行.
NOTIC: [8] Undefined variable: num C:\xampp\htdocs\aiston\Application\Common\Common\function.php 第 4 行.
SQL: SELECT * FROM `ast_admin3` ORDER BY admin_id LIMIT 0,10   [ RunTime:0.0005s ]
SQL: SHOW COLUMNS FROM `ast_artcate3` [ RunTime:0.0060s ]
SQL: SHOW COLUMNS FROM `ast_article3` [ RunTime:0.0054s ]
SQL: SELECT * FROM `ast_artcate3` WHERE `cate_pid` = 0 ORDER BY cate_id ASC  [ RunTime:0.0004s ]
SQL: SELECT `art_order` FROM `ast_article3` ORDER BY art_order DESC LIMIT 1   [ RunTime:0.0003s ]
INFO: [ view_parse ] --START--
INFO: [ template_filter ] --START--
INFO: Run Behavior\ContentReplaceBehavior [ RunTime:0.000496s ]
INFO: [ template_filter ] --END-- [ RunTime:0.000565s ]
NOTIC: [8] Undefined variable: htmlData C:\xampp\htdocs\aiston\Application\Runtime\Cache\Admin3\f1421d669e008325b832f55f5852d266.php 第 144 行.
NOTIC: [8] Undefined variable: htmlData C:\xampp\htdocs\aiston\Application\Runtime\Cache\Admin3\f1421d669e008325b832f55f5852d266.php 第 144 行.
NOTIC: [8] Array to string conversion C:\xampp\htdocs\aiston\Application\Runtime\Cache\Admin3\f1421d669e008325b832f55f5852d266.php 第 319 行.
NOTIC: [8] Undefined variable: url C:\xampp\htdocs\aiston\Application\Runtime\Cache\Admin3\f1421d669e008325b832f55f5852d266.php 第 548 行.
NOTIC: [8] Undefined variable: url C:\xampp\htdocs\aiston\Application\Runtime\Cache\Admin3\f1421d669e008325b832f55f5852d266.php 第 551 行.
INFO: Run Behavior\ParseTemplateBehavior [ RunTime:0.028444s ]
INFO: [ view_parse ] --END-- [ RunTime:0.028512s ]
INFO: [ view_filter ] --START--
INFO: Run Behavior\WriteHtmlCacheBehavior [ RunTime:0.000747s ]
INFO: [ view_filter ] --END-- [ RunTime:0.000798s ]
INFO: [ app_end ] --START--
INFO: Run Behavior\ShowPageTraceBehavior [ RunTime:0.001396s ]
INFO: [ app_end ] --END-- [ RunTime:0.001496s ]

