[ 2016-03-22T13:53:04+08:00 ] ::1 /index.php/Admin4/index
INFO: [ app_init ] --START--
INFO: Run Behavior\BuildLiteBehavior [ RunTime:0.000027s ]
INFO: [ app_init ] --END-- [ RunTime:0.000786s ]
INFO: [ app_begin ] --START--
INFO: Run Behavior\ReadHtmlCacheBehavior [ RunTime:0.001149s ]
INFO: [ app_begin ] --END-- [ RunTime:0.001278s ]
SQL: SHOW COLUMNS FROM `ast_admin4` [ RunTime:0.0060s ]
SQL: SELECT * FROM `ast_admin4`  [ RunTime:0.0004s ]
SQL: SELECT * FROM `ast_admin4` WHERE `admin_id` = 1 LIMIT 1   [ RunTime:0.0003s ]
ERR: 1146:Table 'di.ast_nav4' doesn't exist
 [ SQL语句 ] : SHOW COLUMNS FROM `ast_nav4`
ERR: 1146:Table 'di.ast_nav4' doesn't exist
 [ SQL语句 ] : SHOW COLUMNS FROM `ast_nav4`

[ 2016-03-22T14:30:35+08:00 ] ::1 /index.php/Admin4/index
INFO: [ app_init ] --START--
INFO: Run Behavior\BuildLiteBehavior [ RunTime:0.000020s ]
INFO: [ app_init ] --END-- [ RunTime:0.000927s ]
INFO: [ app_begin ] --START--
INFO: Run Behavior\ReadHtmlCacheBehavior [ RunTime:0.001424s ]
INFO: [ app_begin ] --END-- [ RunTime:0.001493s ]
SQL: SHOW COLUMNS FROM `ast_admin4` [ RunTime:0.0052s ]
SQL: SELECT * FROM `ast_admin4`  [ RunTime:0.0004s ]
SQL: SELECT * FROM `ast_admin4` WHERE `admin_id` = 1 LIMIT 1   [ RunTime:0.0004s ]
SQL: SHOW COLUMNS FROM `ast_nav4` [ RunTime:0.0038s ]
SQL: SELECT * FROM `ast_nav4`  [ RunTime:0.0002s ]
SQL: SELECT COUNT(*) AS tp_count FROM `ast_admin4` LIMIT 1   [ RunTime:0.0002s ]
NOTIC: [2] Missing argument 3 for getAdminPage(), called in C:\xampp\htdocs\aiston\Application\Admin4\Controller\CommonController.class.php on line 51 and defined C:\xampp\htdocs\aiston\Application\Common\Common\function.php 第 3 行.
NOTIC: [8] Undefined variable: num C:\xampp\htdocs\aiston\Application\Common\Common\function.php 第 4 行.
SQL: SELECT * FROM `ast_admin4` ORDER BY admin_id LIMIT 0,10   [ RunTime:0.0004s ]
INFO: [ view_parse ] --START--
INFO: [ template_filter ] --START--
INFO: Run Behavior\ContentReplaceBehavior [ RunTime:0.000475s ]
INFO: [ template_filter ] --END-- [ RunTime:0.000570s ]
NOTIC: [8] Array to string conversion C:\xampp\htdocs\aiston\Application\Runtime\Cache\Admin4\c30b7a4bc37b808e35927ceb9682bdee.php 第 226 行.
NOTIC: [8] Undefined variable: url C:\xampp\htdocs\aiston\Application\Runtime\Cache\Admin4\c30b7a4bc37b808e35927ceb9682bdee.php 第 455 行.
NOTIC: [8] Undefined variable: url C:\xampp\htdocs\aiston\Application\Runtime\Cache\Admin4\c30b7a4bc37b808e35927ceb9682bdee.php 第 458 行.
INFO: Run Behavior\ParseTemplateBehavior [ RunTime:0.026483s ]
INFO: [ view_parse ] --END-- [ RunTime:0.026550s ]
INFO: [ view_filter ] --START--
INFO: Run Behavior\WriteHtmlCacheBehavior [ RunTime:0.001258s ]
INFO: [ view_filter ] --END-- [ RunTime:0.001316s ]
INFO: [ app_end ] --START--
INFO: Run Behavior\ShowPageTraceBehavior [ RunTime:0.002212s ]
INFO: [ app_end ] --END-- [ RunTime:0.002304s ]

[ 2016-03-22T14:32:22+08:00 ] ::1 /index.php/Admin4/index
INFO: [ app_init ] --START--
INFO: Run Behavior\BuildLiteBehavior [ RunTime:0.000031s ]
INFO: [ app_init ] --END-- [ RunTime:0.001347s ]
INFO: [ app_begin ] --START--
INFO: Run Behavior\ReadHtmlCacheBehavior [ RunTime:0.001855s ]
INFO: [ app_begin ] --END-- [ RunTime:0.001982s ]
SQL: SHOW COLUMNS FROM `ast_admin4` [ RunTime:0.0047s ]
SQL: SELECT * FROM `ast_admin4`  [ RunTime:0.0005s ]
SQL: SELECT * FROM `ast_admin4` WHERE `admin_id` = 1 LIMIT 1   [ RunTime:0.0004s ]
SQL: SHOW COLUMNS FROM `ast_nav4` [ RunTime:0.0036s ]
SQL: SELECT * FROM `ast_nav4`  [ RunTime:0.0004s ]
SQL: SELECT COUNT(*) AS tp_count FROM `ast_admin4` LIMIT 1   [ RunTime:0.0002s ]
NOTIC: [2] Missing argument 3 for getAdminPage(), called in C:\xampp\htdocs\aiston\Application\Admin4\Controller\CommonController.class.php on line 51 and defined C:\xampp\htdocs\aiston\Application\Common\Common\function.php 第 3 行.
NOTIC: [8] Undefined variable: num C:\xampp\htdocs\aiston\Application\Common\Common\function.php 第 4 行.
SQL: SELECT * FROM `ast_admin4` ORDER BY admin_id LIMIT 0,10   [ RunTime:0.0003s ]
INFO: [ view_parse ] --START--
INFO: [ template_filter ] --START--
INFO: Run Behavior\ContentReplaceBehavior [ RunTime:0.000409s ]
INFO: [ template_filter ] --END-- [ RunTime:0.000480s ]
NOTIC: [8] Array to string conversion C:\xampp\htdocs\aiston\Application\Runtime\Cache\Admin4\c30b7a4bc37b808e35927ceb9682bdee.php 第 226 行.
NOTIC: [8] Undefined variable: url C:\xampp\htdocs\aiston\Application\Runtime\Cache\Admin4\c30b7a4bc37b808e35927ceb9682bdee.php 第 455 行.
NOTIC: [8] Undefined variable: url C:\xampp\htdocs\aiston\Application\Runtime\Cache\Admin4\c30b7a4bc37b808e35927ceb9682bdee.php 第 458 行.
INFO: Run Behavior\ParseTemplateBehavior [ RunTime:0.025930s ]
INFO: [ view_parse ] --END-- [ RunTime:0.025998s ]
INFO: [ view_filter ] --START--
INFO: Run Behavior\WriteHtmlCacheBehavior [ RunTime:0.001202s ]
INFO: [ view_filter ] --END-- [ RunTime:0.001256s ]
INFO: [ app_end ] --START--
INFO: Run Behavior\ShowPageTraceBehavior [ RunTime:0.002503s ]
INFO: [ app_end ] --END-- [ RunTime:0.002583s ]

[ 2016-03-22T14:38:19+08:00 ] ::1 /index.php/Admin4/index
INFO: [ app_init ] --START--
INFO: Run Behavior\BuildLiteBehavior [ RunTime:0.000018s ]
INFO: [ app_init ] --END-- [ RunTime:0.000777s ]
INFO: [ app_begin ] --START--
INFO: Run Behavior\ReadHtmlCacheBehavior [ RunTime:0.001733s ]
INFO: [ app_begin ] --END-- [ RunTime:0.001929s ]
SQL: SHOW COLUMNS FROM `ast_admin4` [ RunTime:0.0038s ]
SQL: SELECT * FROM `ast_admin4`  [ RunTime:0.0004s ]
SQL: SELECT * FROM `ast_admin4` WHERE `admin_id` = 1 LIMIT 1   [ RunTime:0.0004s ]
SQL: SHOW COLUMNS FROM `ast_nav4` [ RunTime:0.0055s ]
SQL: SELECT * FROM `ast_nav4`  [ RunTime:0.0005s ]
SQL: SELECT COUNT(*) AS tp_count FROM `ast_admin4` LIMIT 1   [ RunTime:0.0002s ]
NOTIC: [2] Missing argument 3 for getAdminPage(), called in C:\xampp\htdocs\aiston\Application\Admin4\Controller\CommonController.class.php on line 51 and defined C:\xampp\htdocs\aiston\Application\Common\Common\function.php 第 3 行.
NOTIC: [8] Undefined variable: num C:\xampp\htdocs\aiston\Application\Common\Common\function.php 第 4 行.
SQL: SELECT * FROM `ast_admin4` ORDER BY admin_id LIMIT 0,10   [ RunTime:0.0004s ]
INFO: [ view_parse ] --START--
INFO: [ template_filter ] --START--
INFO: Run Behavior\ContentReplaceBehavior [ RunTime:0.000477s ]
INFO: [ template_filter ] --END-- [ RunTime:0.000574s ]
NOTIC: [8] Array to string conversion C:\xampp\htdocs\aiston\Application\Runtime\Cache\Admin4\c30b7a4bc37b808e35927ceb9682bdee.php 第 226 行.
NOTIC: [8] Undefined variable: url C:\xampp\htdocs\aiston\Application\Runtime\Cache\Admin4\c30b7a4bc37b808e35927ceb9682bdee.php 第 455 行.
NOTIC: [8] Undefined variable: url C:\xampp\htdocs\aiston\Application\Runtime\Cache\Admin4\c30b7a4bc37b808e35927ceb9682bdee.php 第 458 行.
INFO: Run Behavior\ParseTemplateBehavior [ RunTime:0.026350s ]
INFO: [ view_parse ] --END-- [ RunTime:0.026416s ]
INFO: [ view_filter ] --START--
INFO: Run Behavior\WriteHtmlCacheBehavior [ RunTime:0.000906s ]
INFO: [ view_filter ] --END-- [ RunTime:0.000972s ]
INFO: [ app_end ] --START--
INFO: Run Behavior\ShowPageTraceBehavior [ RunTime:0.002352s ]
INFO: [ app_end ] --END-- [ RunTime:0.002498s ]

[ 2016-03-22T14:38:22+08:00 ] ::1 /index.php/Admin4/Article/index
INFO: [ app_init ] --START--
INFO: Run Behavior\BuildLiteBehavior [ RunTime:0.000017s ]
INFO: [ app_init ] --END-- [ RunTime:0.000638s ]
INFO: [ app_begin ] --START--
INFO: Run Behavior\ReadHtmlCacheBehavior [ RunTime:0.001877s ]
INFO: [ app_begin ] --END-- [ RunTime:0.002023s ]
SQL: SHOW COLUMNS FROM `ast_admin4` [ RunTime:0.0038s ]
SQL: SELECT * FROM `ast_admin4`  [ RunTime:0.0004s ]
SQL: SELECT * FROM `ast_admin4` WHERE `admin_id` = 1 LIMIT 1   [ RunTime:0.0003s ]
SQL: SHOW COLUMNS FROM `ast_nav4` [ RunTime:0.0037s ]
SQL: SELECT * FROM `ast_nav4`  [ RunTime:0.0005s ]
SQL: SELECT COUNT(*) AS tp_count FROM `ast_admin4` LIMIT 1   [ RunTime:0.0002s ]
NOTIC: [2] Missing argument 3 for getAdminPage(), called in C:\xampp\htdocs\aiston\Application\Admin4\Controller\CommonController.class.php on line 51 and defined C:\xampp\htdocs\aiston\Application\Common\Common\function.php 第 3 行.
NOTIC: [8] Undefined variable: num C:\xampp\htdocs\aiston\Application\Common\Common\function.php 第 4 行.
SQL: SELECT * FROM `ast_admin4` ORDER BY admin_id LIMIT 0,10   [ RunTime:0.0012s ]
SQL: SHOW COLUMNS FROM `ast_article4` [ RunTime:0.0040s ]
SQL: SHOW COLUMNS FROM `ast_artcate4` [ RunTime:0.0035s ]
SQL: SELECT * FROM `ast_artcate4` WHERE `cate_id` = 0 LIMIT 1   [ RunTime:0.0003s ]
SQL: SELECT * FROM `ast_artcate4` WHERE `cate_id` = 0 LIMIT 1   [ RunTime:0.0002s ]
SQL: SELECT * FROM `ast_artcate4` WHERE `cate_pid` = 0  [ RunTime:0.0003s ]
SQL: SELECT * FROM `ast_artcate4` WHERE `cate_pid` = 0  [ RunTime:0.0003s ]
SQL: SELECT COUNT(*) AS tp_count FROM `ast_article4` LIMIT 1   [ RunTime:0.0002s ]
SQL: SELECT * FROM `ast_article4` INNER JOIN `ast_artcate4` ON ast_article4.art_cateid = ast_artcate4.cate_id  ORDER BY art_addtime DESC LIMIT 0,10   [ RunTime:0.0041s ]
SQL: SHOW COLUMNS FROM `ast_artcomment4` [ RunTime:0.0039s ]
SQL: SELECT * FROM `ast_artcomment4`  [ RunTime:0.0002s ]
INFO: [ view_parse ] --START--
INFO: [ template_filter ] --START--
INFO: Run Behavior\ContentReplaceBehavior [ RunTime:0.000456s ]
INFO: [ template_filter ] --END-- [ RunTime:0.000537s ]
NOTIC: [8] Undefined index: mentNum C:\xampp\htdocs\aiston\Application\Runtime\Cache\Admin4\dc9987697c8ebcf231407e47718e96eb.php 第 162 行.
NOTIC: [8] Undefined index: mentNum C:\xampp\htdocs\aiston\Application\Runtime\Cache\Admin4\dc9987697c8ebcf231407e47718e96eb.php 第 162 行.
NOTIC: [8] Undefined index: mentNum C:\xampp\htdocs\aiston\Application\Runtime\Cache\Admin4\dc9987697c8ebcf231407e47718e96eb.php 第 162 行.
NOTIC: [8] Undefined index: mentNum C:\xampp\htdocs\aiston\Application\Runtime\Cache\Admin4\dc9987697c8ebcf231407e47718e96eb.php 第 162 行.
NOTIC: [8] Undefined index: mentNum C:\xampp\htdocs\aiston\Application\Runtime\Cache\Admin4\dc9987697c8ebcf231407e47718e96eb.php 第 162 行.
NOTIC: [8] Undefined index: mentNum C:\xampp\htdocs\aiston\Application\Runtime\Cache\Admin4\dc9987697c8ebcf231407e47718e96eb.php 第 162 行.
NOTIC: [8] Undefined index: mentNum C:\xampp\htdocs\aiston\Application\Runtime\Cache\Admin4\dc9987697c8ebcf231407e47718e96eb.php 第 162 行.
NOTIC: [8] Undefined index: mentNum C:\xampp\htdocs\aiston\Application\Runtime\Cache\Admin4\dc9987697c8ebcf231407e47718e96eb.php 第 162 行.
NOTIC: [8] Undefined index: mentNum C:\xampp\htdocs\aiston\Application\Runtime\Cache\Admin4\dc9987697c8ebcf231407e47718e96eb.php 第 162 行.
NOTIC: [8] Undefined index: mentNum C:\xampp\htdocs\aiston\Application\Runtime\Cache\Admin4\dc9987697c8ebcf231407e47718e96eb.php 第 162 行.
NOTIC: [8] Array to string conversion C:\xampp\htdocs\aiston\Application\Runtime\Cache\Admin4\dc9987697c8ebcf231407e47718e96eb.php 第 382 行.
INFO: Run Behavior\ParseTemplateBehavior [ RunTime:0.032275s ]
INFO: [ view_parse ] --END-- [ RunTime:0.032346s ]
INFO: [ view_filter ] --START--
INFO: Run Behavior\WriteHtmlCacheBehavior [ RunTime:0.001211s ]
INFO: [ view_filter ] --END-- [ RunTime:0.001264s ]
NOTIC: [8] Undefined index: show C:\xampp\htdocs\aiston\Application\Admin4\Controller\ArticleController.class.php 第 82 行.
NOTIC: [8] Undefined index: id C:\xampp\htdocs\aiston\Application\Admin4\Controller\ArticleController.class.php 第 83 行.
SQL: UPDATE `ast_article4` SET `art_isshow`='1' WHERE `art_id` = null [ RunTime:0.0004s ]
INFO: [ app_end ] --START--
INFO: Run Behavior\ShowPageTraceBehavior [ RunTime:0.002615s ]
INFO: [ app_end ] --END-- [ RunTime:0.002719s ]

[ 2016-03-22T14:38:24+08:00 ] ::1 /index.php/Admin4/Article/add
INFO: [ app_init ] --START--
INFO: Run Behavior\BuildLiteBehavior [ RunTime:0.000019s ]
INFO: [ app_init ] --END-- [ RunTime:0.000697s ]
INFO: [ app_begin ] --START--
INFO: Run Behavior\ReadHtmlCacheBehavior [ RunTime:0.001696s ]
INFO: [ app_begin ] --END-- [ RunTime:0.001805s ]
SQL: SHOW COLUMNS FROM `ast_admin4` [ RunTime:0.0040s ]
SQL: SELECT * FROM `ast_admin4`  [ RunTime:0.0005s ]
SQL: SELECT * FROM `ast_admin4` WHERE `admin_id` = 1 LIMIT 1   [ RunTime:0.0005s ]
SQL: SHOW COLUMNS FROM `ast_nav4` [ RunTime:0.0040s ]
SQL: SELECT * FROM `ast_nav4`  [ RunTime:0.0008s ]
SQL: SELECT COUNT(*) AS tp_count FROM `ast_admin4` LIMIT 1   [ RunTime:0.0003s ]
NOTIC: [2] Missing argument 3 for getAdminPage(), called in C:\xampp\htdocs\aiston\Application\Admin4\Controller\CommonController.class.php on line 51 and defined C:\xampp\htdocs\aiston\Application\Common\Common\function.php 第 3 行.
NOTIC: [8] Undefined variable: num C:\xampp\htdocs\aiston\Application\Common\Common\function.php 第 4 行.
SQL: SELECT * FROM `ast_admin4` ORDER BY admin_id LIMIT 0,10   [ RunTime:0.0004s ]
SQL: SHOW COLUMNS FROM `ast_artcate4` [ RunTime:0.0034s ]
SQL: SHOW COLUMNS FROM `ast_article4` [ RunTime:0.0040s ]
SQL: SELECT * FROM `ast_artcate4` WHERE `cate_pid` = 0 ORDER BY cate_id ASC  [ RunTime:0.0004s ]
SQL: SELECT `art_order` FROM `ast_article4` ORDER BY art_order DESC LIMIT 1   [ RunTime:0.0002s ]
INFO: [ view_parse ] --START--
INFO: [ template_filter ] --START--
INFO: Run Behavior\ContentReplaceBehavior [ RunTime:0.000484s ]
INFO: [ template_filter ] --END-- [ RunTime:0.000553s ]
NOTIC: [8] Undefined variable: htmlData C:\xampp\htdocs\aiston\Application\Runtime\Cache\Admin4\ebe6cd25147a0ea809ce46b092445a57.php 第 144 行.
NOTIC: [8] Undefined variable: htmlData C:\xampp\htdocs\aiston\Application\Runtime\Cache\Admin4\ebe6cd25147a0ea809ce46b092445a57.php 第 144 行.
NOTIC: [8] Array to string conversion C:\xampp\htdocs\aiston\Application\Runtime\Cache\Admin4\ebe6cd25147a0ea809ce46b092445a57.php 第 319 行.
NOTIC: [8] Undefined variable: url C:\xampp\htdocs\aiston\Application\Runtime\Cache\Admin4\ebe6cd25147a0ea809ce46b092445a57.php 第 548 行.
NOTIC: [8] Undefined variable: url C:\xampp\htdocs\aiston\Application\Runtime\Cache\Admin4\ebe6cd25147a0ea809ce46b092445a57.php 第 551 行.
INFO: Run Behavior\ParseTemplateBehavior [ RunTime:0.026675s ]
INFO: [ view_parse ] --END-- [ RunTime:0.026740s ]
INFO: [ view_filter ] --START--
INFO: Run Behavior\WriteHtmlCacheBehavior [ RunTime:0.001617s ]
INFO: [ view_filter ] --END-- [ RunTime:0.001704s ]
INFO: [ app_end ] --START--
INFO: Run Behavior\ShowPageTraceBehavior [ RunTime:0.002297s ]
INFO: [ app_end ] --END-- [ RunTime:0.002395s ]

[ 2016-03-22T14:38:27+08:00 ] ::1 /index.php/Admin4/Article/sort
INFO: [ app_init ] --START--
INFO: Run Behavior\BuildLiteBehavior [ RunTime:0.000037s ]
INFO: [ app_init ] --END-- [ RunTime:0.001311s ]
INFO: [ app_begin ] --START--
INFO: Run Behavior\ReadHtmlCacheBehavior [ RunTime:0.001582s ]
INFO: [ app_begin ] --END-- [ RunTime:0.001664s ]
SQL: SHOW COLUMNS FROM `ast_admin4` [ RunTime:0.0037s ]
SQL: SELECT * FROM `ast_admin4`  [ RunTime:0.0003s ]
SQL: SELECT * FROM `ast_admin4` WHERE `admin_id` = 1 LIMIT 1   [ RunTime:0.0003s ]
SQL: SHOW COLUMNS FROM `ast_nav4` [ RunTime:0.0050s ]
SQL: SELECT * FROM `ast_nav4`  [ RunTime:0.0005s ]
SQL: SELECT COUNT(*) AS tp_count FROM `ast_admin4` LIMIT 1   [ RunTime:0.0002s ]
NOTIC: [2] Missing argument 3 for getAdminPage(), called in C:\xampp\htdocs\aiston\Application\Admin4\Controller\CommonController.class.php on line 51 and defined C:\xampp\htdocs\aiston\Application\Common\Common\function.php 第 3 行.
NOTIC: [8] Undefined variable: num C:\xampp\htdocs\aiston\Application\Common\Common\function.php 第 4 行.
SQL: SELECT * FROM `ast_admin4` ORDER BY admin_id LIMIT 0,10   [ RunTime:0.0005s ]
SQL: SHOW COLUMNS FROM `ast_artcate4` [ RunTime:0.0040s ]
SQL: SELECT * FROM `ast_artcate4` ORDER BY cate_order ASC  [ RunTime:0.0005s ]
INFO: [ view_parse ] --START--
INFO: [ template_filter ] --START--
INFO: Run Behavior\ContentReplaceBehavior [ RunTime:0.000758s ]
INFO: [ template_filter ] --END-- [ RunTime:0.000831s ]
NOTIC: [8] Undefined index: sid C:\xampp\htdocs\aiston\Application\Runtime\Cache\Admin4\371cc00ca27cb200d04d7de9b9624069.php 第 136 行.
NOTIC: [8] Undefined index: sid C:\xampp\htdocs\aiston\Application\Runtime\Cache\Admin4\371cc00ca27cb200d04d7de9b9624069.php 第 136 行.
NOTIC: [8] Undefined index: sid C:\xampp\htdocs\aiston\Application\Runtime\Cache\Admin4\371cc00ca27cb200d04d7de9b9624069.php 第 136 行.
NOTIC: [8] Undefined index: sid C:\xampp\htdocs\aiston\Application\Runtime\Cache\Admin4\371cc00ca27cb200d04d7de9b9624069.php 第 136 行.
NOTIC: [8] Undefined index: sid C:\xampp\htdocs\aiston\Application\Runtime\Cache\Admin4\371cc00ca27cb200d04d7de9b9624069.php 第 136 行.
NOTIC: [8] Array to string conversion C:\xampp\htdocs\aiston\Application\Runtime\Cache\Admin4\371cc00ca27cb200d04d7de9b9624069.php 第 499 行.
NOTIC: [8] Undefined variable: url C:\xampp\htdocs\aiston\Application\Runtime\Cache\Admin4\371cc00ca27cb200d04d7de9b9624069.php 第 728 行.
NOTIC: [8] Undefined variable: url C:\xampp\htdocs\aiston\Application\Runtime\Cache\Admin4\371cc00ca27cb200d04d7de9b9624069.php 第 731 行.
INFO: Run Behavior\ParseTemplateBehavior [ RunTime:0.031503s ]
INFO: [ view_parse ] --END-- [ RunTime:0.031590s ]
INFO: [ view_filter ] --START--
INFO: Run Behavior\WriteHtmlCacheBehavior [ RunTime:0.001269s ]
INFO: [ view_filter ] --END-- [ RunTime:0.001343s ]
INFO: [ app_end ] --START--
INFO: Run Behavior\ShowPageTraceBehavior [ RunTime:0.002234s ]
INFO: [ app_end ] --END-- [ RunTime:0.002329s ]

[ 2016-03-22T14:38:29+08:00 ] ::1 /index.php/Admin4/Product/index
INFO: [ app_init ] --START--
INFO: Run Behavior\BuildLiteBehavior [ RunTime:0.000018s ]
INFO: [ app_init ] --END-- [ RunTime:0.000576s ]
INFO: [ app_begin ] --START--
INFO: Run Behavior\ReadHtmlCacheBehavior [ RunTime:0.001905s ]
INFO: [ app_begin ] --END-- [ RunTime:0.002019s ]
SQL: SHOW COLUMNS FROM `ast_admin4` [ RunTime:0.0041s ]
SQL: SELECT * FROM `ast_admin4`  [ RunTime:0.0005s ]
SQL: SELECT * FROM `ast_admin4` WHERE `admin_id` = 1 LIMIT 1   [ RunTime:0.0005s ]
SQL: SHOW COLUMNS FROM `ast_nav4` [ RunTime:0.0054s ]
SQL: SELECT * FROM `ast_nav4`  [ RunTime:0.0005s ]
SQL: SELECT COUNT(*) AS tp_count FROM `ast_admin4` LIMIT 1   [ RunTime:0.0002s ]
NOTIC: [2] Missing argument 3 for getAdminPage(), called in C:\xampp\htdocs\aiston\Application\Admin4\Controller\CommonController.class.php on line 51 and defined C:\xampp\htdocs\aiston\Application\Common\Common\function.php 第 3 行.
NOTIC: [8] Undefined variable: num C:\xampp\htdocs\aiston\Application\Common\Common\function.php 第 4 行.
SQL: SELECT * FROM `ast_admin4` ORDER BY admin_id LIMIT 0,10   [ RunTime:0.0004s ]
SQL: SHOW COLUMNS FROM `ast_product4` [ RunTime:0.0044s ]
SQL: SHOW COLUMNS FROM `ast_procate4` [ RunTime:0.0042s ]
SQL: SELECT * FROM `ast_procate4` WHERE `cate_id` = 0 LIMIT 1   [ RunTime:0.0003s ]
SQL: SELECT * FROM `ast_procate4` WHERE `cate_id` = 0 LIMIT 1   [ RunTime:0.0002s ]
SQL: SELECT * FROM `ast_procate4` WHERE `cate_pid` = 0  [ RunTime:0.0003s ]
SQL: SELECT * FROM `ast_procate4` WHERE `cate_pid` = 0  [ RunTime:0.0002s ]
SQL: SELECT COUNT(*) AS tp_count FROM `ast_product4` LIMIT 1   [ RunTime:0.0001s ]
SQL: SELECT * FROM `ast_product4` INNER JOIN `ast_procate4` ON ast_product4.pro_cate_id = ast_procate4.cate_id  ORDER BY pro_addtime DESC LIMIT 0,10   [ RunTime:0.0042s ]
SQL: SHOW COLUMNS FROM `ast_procomment3` [ RunTime:0.0034s ]
SQL: SELECT * FROM `ast_procomment3`  [ RunTime:0.0002s ]
INFO: [ view_parse ] --START--
INFO: [ template_filter ] --START--
INFO: Run Behavior\ContentReplaceBehavior [ RunTime:0.000562s ]
INFO: [ template_filter ] --END-- [ RunTime:0.000679s ]
NOTIC: [8] Undefined index: mentNum C:\xampp\htdocs\aiston\Application\Runtime\Cache\Admin4\807741c1aad0001c869686fd8b99a1ea.php 第 159 行.
NOTIC: [8] Undefined index: mentNum C:\xampp\htdocs\aiston\Application\Runtime\Cache\Admin4\807741c1aad0001c869686fd8b99a1ea.php 第 159 行.
NOTIC: [8] Undefined index: mentNum C:\xampp\htdocs\aiston\Application\Runtime\Cache\Admin4\807741c1aad0001c869686fd8b99a1ea.php 第 159 行.
NOTIC: [8] Undefined index: mentNum C:\xampp\htdocs\aiston\Application\Runtime\Cache\Admin4\807741c1aad0001c869686fd8b99a1ea.php 第 159 行.
NOTIC: [8] Undefined index: mentNum C:\xampp\htdocs\aiston\Application\Runtime\Cache\Admin4\807741c1aad0001c869686fd8b99a1ea.php 第 159 行.
NOTIC: [8] Undefined index: mentNum C:\xampp\htdocs\aiston\Application\Runtime\Cache\Admin4\807741c1aad0001c869686fd8b99a1ea.php 第 159 行.
NOTIC: [8] Undefined index: mentNum C:\xampp\htdocs\aiston\Application\Runtime\Cache\Admin4\807741c1aad0001c869686fd8b99a1ea.php 第 159 行.
NOTIC: [8] Undefined index: mentNum C:\xampp\htdocs\aiston\Application\Runtime\Cache\Admin4\807741c1aad0001c869686fd8b99a1ea.php 第 159 行.
NOTIC: [8] Undefined index: mentNum C:\xampp\htdocs\aiston\Application\Runtime\Cache\Admin4\807741c1aad0001c869686fd8b99a1ea.php 第 159 行.
NOTIC: [8] Array to string conversion C:\xampp\htdocs\aiston\Application\Runtime\Cache\Admin4\807741c1aad0001c869686fd8b99a1ea.php 第 382 行.
INFO: Run Behavior\ParseTemplateBehavior [ RunTime:0.034041s ]
INFO: [ view_parse ] --END-- [ RunTime:0.034207s ]
INFO: [ view_filter ] --START--
INFO: Run Behavior\WriteHtmlCacheBehavior [ RunTime:0.001767s ]
INFO: [ view_filter ] --END-- [ RunTime:0.001857s ]
INFO: [ app_end ] --START--
INFO: Run Behavior\ShowPageTraceBehavior [ RunTime:0.002882s ]
INFO: [ app_end ] --END-- [ RunTime:0.003082s ]

[ 2016-03-22T14:38:31+08:00 ] ::1 /index.php/Admin4/Product/add
INFO: [ app_init ] --START--
INFO: Run Behavior\BuildLiteBehavior [ RunTime:0.000018s ]
INFO: [ app_init ] --END-- [ RunTime:0.000563s ]
INFO: [ app_begin ] --START--
INFO: Run Behavior\ReadHtmlCacheBehavior [ RunTime:0.002750s ]
INFO: [ app_begin ] --END-- [ RunTime:0.002891s ]
SQL: SHOW COLUMNS FROM `ast_admin4` [ RunTime:0.0038s ]
SQL: SELECT * FROM `ast_admin4`  [ RunTime:0.0004s ]
SQL: SELECT * FROM `ast_admin4` WHERE `admin_id` = 1 LIMIT 1   [ RunTime:0.0003s ]
SQL: SHOW COLUMNS FROM `ast_nav4` [ RunTime:0.0043s ]
SQL: SELECT * FROM `ast_nav4`  [ RunTime:0.0005s ]
SQL: SELECT COUNT(*) AS tp_count FROM `ast_admin4` LIMIT 1   [ RunTime:0.0006s ]
NOTIC: [2] Missing argument 3 for getAdminPage(), called in C:\xampp\htdocs\aiston\Application\Admin4\Controller\CommonController.class.php on line 51 and defined C:\xampp\htdocs\aiston\Application\Common\Common\function.php 第 3 行.
NOTIC: [8] Undefined variable: num C:\xampp\htdocs\aiston\Application\Common\Common\function.php 第 4 行.
SQL: SELECT * FROM `ast_admin4` ORDER BY admin_id LIMIT 0,10   [ RunTime:0.0009s ]
SQL: SHOW COLUMNS FROM `ast_procate4` [ RunTime:0.0040s ]
SQL: SHOW COLUMNS FROM `ast_product4` [ RunTime:0.0036s ]
SQL: SELECT * FROM `ast_procate4` WHERE `cate_pid` = 0 ORDER BY cate_id ASC  [ RunTime:0.0004s ]
SQL: SELECT `pro_order` FROM `ast_product4` ORDER BY pro_order DESC LIMIT 1   [ RunTime:0.0003s ]
INFO: [ view_parse ] --START--
INFO: [ template_filter ] --START--
INFO: Run Behavior\ContentReplaceBehavior [ RunTime:0.000485s ]
INFO: [ template_filter ] --END-- [ RunTime:0.000560s ]
NOTIC: [8] Undefined variable: htmlData C:\xampp\htdocs\aiston\Application\Runtime\Cache\Admin4\152b68d62234b0be307c9508405ba492.php 第 173 行.
NOTIC: [8] Undefined variable: htmlData C:\xampp\htdocs\aiston\Application\Runtime\Cache\Admin4\152b68d62234b0be307c9508405ba492.php 第 174 行.
NOTIC: [8] Array to string conversion C:\xampp\htdocs\aiston\Application\Runtime\Cache\Admin4\152b68d62234b0be307c9508405ba492.php 第 378 行.
NOTIC: [8] Undefined variable: url C:\xampp\htdocs\aiston\Application\Runtime\Cache\Admin4\152b68d62234b0be307c9508405ba492.php 第 607 行.
NOTIC: [8] Undefined variable: url C:\xampp\htdocs\aiston\Application\Runtime\Cache\Admin4\152b68d62234b0be307c9508405ba492.php 第 610 行.
INFO: Run Behavior\ParseTemplateBehavior [ RunTime:0.026166s ]
INFO: [ view_parse ] --END-- [ RunTime:0.026260s ]
INFO: [ view_filter ] --START--
INFO: Run Behavior\WriteHtmlCacheBehavior [ RunTime:0.001353s ]
INFO: [ view_filter ] --END-- [ RunTime:0.001412s ]
INFO: [ app_end ] --START--
INFO: Run Behavior\ShowPageTraceBehavior [ RunTime:0.003159s ]
INFO: [ app_end ] --END-- [ RunTime:0.003264s ]

[ 2016-03-22T14:38:33+08:00 ] ::1 /index.php/Admin4/Product/sort
INFO: [ app_init ] --START--
INFO: Run Behavior\BuildLiteBehavior [ RunTime:0.000020s ]
INFO: [ app_init ] --END-- [ RunTime:0.000815s ]
INFO: [ app_begin ] --START--
INFO: Run Behavior\ReadHtmlCacheBehavior [ RunTime:0.001720s ]
INFO: [ app_begin ] --END-- [ RunTime:0.001820s ]
SQL: SHOW COLUMNS FROM `ast_admin4` [ RunTime:0.0039s ]
SQL: SELECT * FROM `ast_admin4`  [ RunTime:0.0004s ]
SQL: SELECT * FROM `ast_admin4` WHERE `admin_id` = 1 LIMIT 1   [ RunTime:0.0003s ]
SQL: SHOW COLUMNS FROM `ast_nav4` [ RunTime:0.0046s ]
SQL: SELECT * FROM `ast_nav4`  [ RunTime:0.0004s ]
SQL: SELECT COUNT(*) AS tp_count FROM `ast_admin4` LIMIT 1   [ RunTime:0.0002s ]
NOTIC: [2] Missing argument 3 for getAdminPage(), called in C:\xampp\htdocs\aiston\Application\Admin4\Controller\CommonController.class.php on line 51 and defined C:\xampp\htdocs\aiston\Application\Common\Common\function.php 第 3 行.
NOTIC: [8] Undefined variable: num C:\xampp\htdocs\aiston\Application\Common\Common\function.php 第 4 行.
SQL: SELECT * FROM `ast_admin4` ORDER BY admin_id LIMIT 0,10   [ RunTime:0.0011s ]
SQL: SHOW COLUMNS FROM `ast_procate4` [ RunTime:0.0038s ]
SQL: SELECT * FROM `ast_procate4` ORDER BY cate_order ASC  [ RunTime:0.0004s ]
INFO: [ view_parse ] --START--
INFO: [ template_filter ] --START--
INFO: Run Behavior\ContentReplaceBehavior [ RunTime:0.000801s ]
INFO: [ template_filter ] --END-- [ RunTime:0.000891s ]
NOTIC: [8] Undefined index: sid C:\xampp\htdocs\aiston\Application\Runtime\Cache\Admin4\b9c0def0bdab0780045df96a892a6097.php 第 136 行.
NOTIC: [8] Undefined index: sid C:\xampp\htdocs\aiston\Application\Runtime\Cache\Admin4\b9c0def0bdab0780045df96a892a6097.php 第 136 行.
NOTIC: [8] Undefined index: sid C:\xampp\htdocs\aiston\Application\Runtime\Cache\Admin4\b9c0def0bdab0780045df96a892a6097.php 第 136 行.
NOTIC: [8] Undefined index: sid C:\xampp\htdocs\aiston\Application\Runtime\Cache\Admin4\b9c0def0bdab0780045df96a892a6097.php 第 136 行.
NOTIC: [8] Array to string conversion C:\xampp\htdocs\aiston\Application\Runtime\Cache\Admin4\b9c0def0bdab0780045df96a892a6097.php 第 498 行.
NOTIC: [8] Undefined variable: url C:\xampp\htdocs\aiston\Application\Runtime\Cache\Admin4\b9c0def0bdab0780045df96a892a6097.php 第 727 行.
NOTIC: [8] Undefined variable: url C:\xampp\htdocs\aiston\Application\Runtime\Cache\Admin4\b9c0def0bdab0780045df96a892a6097.php 第 730 行.
INFO: Run Behavior\ParseTemplateBehavior [ RunTime:0.030973s ]
INFO: [ view_parse ] --END-- [ RunTime:0.031041s ]
INFO: [ view_filter ] --START--
INFO: Run Behavior\WriteHtmlCacheBehavior [ RunTime:0.001110s ]
INFO: [ view_filter ] --END-- [ RunTime:0.001175s ]
INFO: [ app_end ] --START--
INFO: Run Behavior\ShowPageTraceBehavior [ RunTime:0.002267s ]
INFO: [ app_end ] --END-- [ RunTime:0.002362s ]

[ 2016-03-22T14:38:38+08:00 ] ::1 /index.php/Admin4/Product/sort
INFO: [ app_init ] --START--
INFO: Run Behavior\BuildLiteBehavior [ RunTime:0.000019s ]
INFO: [ app_init ] --END-- [ RunTime:0.000749s ]
INFO: [ app_begin ] --START--
INFO: Run Behavior\ReadHtmlCacheBehavior [ RunTime:0.001861s ]
INFO: [ app_begin ] --END-- [ RunTime:0.002059s ]
SQL: SHOW COLUMNS FROM `ast_admin4` [ RunTime:0.0038s ]
SQL: SELECT * FROM `ast_admin4`  [ RunTime:0.0004s ]
SQL: SELECT * FROM `ast_admin4` WHERE `admin_id` = 1 LIMIT 1   [ RunTime:0.0004s ]
SQL: SHOW COLUMNS FROM `ast_nav4` [ RunTime:0.0046s ]
SQL: SELECT * FROM `ast_nav4`  [ RunTime:0.0008s ]
SQL: SELECT COUNT(*) AS tp_count FROM `ast_admin4` LIMIT 1   [ RunTime:0.0005s ]
NOTIC: [2] Missing argument 3 for getAdminPage(), called in C:\xampp\htdocs\aiston\Application\Admin4\Controller\CommonController.class.php on line 51 and defined C:\xampp\htdocs\aiston\Application\Common\Common\function.php 第 3 行.
NOTIC: [8] Undefined variable: num C:\xampp\htdocs\aiston\Application\Common\Common\function.php 第 4 行.
SQL: SELECT * FROM `ast_admin4` ORDER BY admin_id LIMIT 0,10   [ RunTime:0.0005s ]
SQL: SHOW COLUMNS FROM `ast_procate4` [ RunTime:0.0037s ]
SQL: SELECT * FROM `ast_procate4` ORDER BY cate_order ASC  [ RunTime:0.0003s ]
INFO: [ view_parse ] --START--
INFO: [ template_filter ] --START--
INFO: Run Behavior\ContentReplaceBehavior [ RunTime:0.000924s ]
INFO: [ template_filter ] --END-- [ RunTime:0.000998s ]
NOTIC: [8] Undefined index: sid C:\xampp\htdocs\aiston\Application\Runtime\Cache\Admin4\b9c0def0bdab0780045df96a892a6097.php 第 136 行.
NOTIC: [8] Undefined index: sid C:\xampp\htdocs\aiston\Application\Runtime\Cache\Admin4\b9c0def0bdab0780045df96a892a6097.php 第 136 行.
NOTIC: [8] Undefined index: sid C:\xampp\htdocs\aiston\Application\Runtime\Cache\Admin4\b9c0def0bdab0780045df96a892a6097.php 第 136 行.
NOTIC: [8] Undefined index: sid C:\xampp\htdocs\aiston\Application\Runtime\Cache\Admin4\b9c0def0bdab0780045df96a892a6097.php 第 136 行.
NOTIC: [8] Array to string conversion C:\xampp\htdocs\aiston\Application\Runtime\Cache\Admin4\b9c0def0bdab0780045df96a892a6097.php 第 498 行.
NOTIC: [8] Undefined variable: url C:\xampp\htdocs\aiston\Application\Runtime\Cache\Admin4\b9c0def0bdab0780045df96a892a6097.php 第 727 行.
NOTIC: [8] Undefined variable: url C:\xampp\htdocs\aiston\Application\Runtime\Cache\Admin4\b9c0def0bdab0780045df96a892a6097.php 第 730 行.
INFO: Run Behavior\ParseTemplateBehavior [ RunTime:0.030400s ]
INFO: [ view_parse ] --END-- [ RunTime:0.030478s ]
INFO: [ view_filter ] --START--
INFO: Run Behavior\WriteHtmlCacheBehavior [ RunTime:0.001150s ]
INFO: [ view_filter ] --END-- [ RunTime:0.001205s ]
INFO: [ app_end ] --START--
INFO: Run Behavior\ShowPageTraceBehavior [ RunTime:0.002413s ]
INFO: [ app_end ] --END-- [ RunTime:0.002510s ]

[ 2016-03-22T14:38:43+08:00 ] ::1 /index.php/Admin4/Product/classification
INFO: [ app_init ] --START--
INFO: Run Behavior\BuildLiteBehavior [ RunTime:0.000018s ]
INFO: [ app_init ] --END-- [ RunTime:0.000655s ]
INFO: [ app_begin ] --START--
INFO: Run Behavior\ReadHtmlCacheBehavior [ RunTime:0.001299s ]
INFO: [ app_begin ] --END-- [ RunTime:0.001365s ]
SQL: SHOW COLUMNS FROM `ast_admin4` [ RunTime:0.0037s ]
SQL: SELECT * FROM `ast_admin4`  [ RunTime:0.0004s ]
SQL: SELECT * FROM `ast_admin4` WHERE `admin_id` = 1 LIMIT 1   [ RunTime:0.0003s ]
SQL: SHOW COLUMNS FROM `ast_nav4` [ RunTime:0.0036s ]
SQL: SELECT * FROM `ast_nav4`  [ RunTime:0.0005s ]
SQL: SELECT COUNT(*) AS tp_count FROM `ast_admin4` LIMIT 1   [ RunTime:0.0003s ]
NOTIC: [2] Missing argument 3 for getAdminPage(), called in C:\xampp\htdocs\aiston\Application\Admin4\Controller\CommonController.class.php on line 51 and defined C:\xampp\htdocs\aiston\Application\Common\Common\function.php 第 3 行.
NOTIC: [8] Undefined variable: num C:\xampp\htdocs\aiston\Application\Common\Common\function.php 第 4 行.
SQL: SELECT * FROM `ast_admin4` ORDER BY admin_id LIMIT 0,10   [ RunTime:0.0004s ]
SQL: SHOW COLUMNS FROM `ast_procate4` [ RunTime:0.0036s ]
SQL: UPDATE `ast_procate4` SET `cate_name`='A' WHERE `cate_id` = 1 [ RunTime:0.0004s ]
INFO: [ app_end ] --START--
INFO: Run Behavior\ShowPageTraceBehavior [ RunTime:0.001463s ]
INFO: [ app_end ] --END-- [ RunTime:0.001522s ]

[ 2016-03-22T14:38:45+08:00 ] ::1 /index.php/Admin4/Product/classification
INFO: [ app_init ] --START--
INFO: Run Behavior\BuildLiteBehavior [ RunTime:0.000026s ]
INFO: [ app_init ] --END-- [ RunTime:0.000980s ]
INFO: [ app_begin ] --START--
INFO: Run Behavior\ReadHtmlCacheBehavior [ RunTime:0.002250s ]
INFO: [ app_begin ] --END-- [ RunTime:0.002344s ]
SQL: SHOW COLUMNS FROM `ast_admin4` [ RunTime:0.0071s ]
SQL: SELECT * FROM `ast_admin4`  [ RunTime:0.0005s ]
SQL: SELECT * FROM `ast_admin4` WHERE `admin_id` = 1 LIMIT 1   [ RunTime:0.0003s ]
SQL: SHOW COLUMNS FROM `ast_nav4` [ RunTime:0.0067s ]
SQL: SELECT * FROM `ast_nav4`  [ RunTime:0.0005s ]
SQL: SELECT COUNT(*) AS tp_count FROM `ast_admin4` LIMIT 1   [ RunTime:0.0002s ]
NOTIC: [2] Missing argument 3 for getAdminPage(), called in C:\xampp\htdocs\aiston\Application\Admin4\Controller\CommonController.class.php on line 51 and defined C:\xampp\htdocs\aiston\Application\Common\Common\function.php 第 3 行.
NOTIC: [8] Undefined variable: num C:\xampp\htdocs\aiston\Application\Common\Common\function.php 第 4 行.
SQL: SELECT * FROM `ast_admin4` ORDER BY admin_id LIMIT 0,10   [ RunTime:0.0005s ]
SQL: SHOW COLUMNS FROM `ast_procate4` [ RunTime:0.0064s ]
SQL: UPDATE `ast_procate4` SET `cate_name`='B' WHERE `cate_id` = 2 [ RunTime:0.0005s ]
INFO: [ app_end ] --START--
INFO: Run Behavior\ShowPageTraceBehavior [ RunTime:0.002725s ]
INFO: [ app_end ] --END-- [ RunTime:0.002805s ]

[ 2016-03-22T14:38:47+08:00 ] ::1 /index.php/Admin4/Product/classification
INFO: [ app_init ] --START--
INFO: Run Behavior\BuildLiteBehavior [ RunTime:0.000019s ]
INFO: [ app_init ] --END-- [ RunTime:0.000668s ]
INFO: [ app_begin ] --START--
INFO: Run Behavior\ReadHtmlCacheBehavior [ RunTime:0.001299s ]
INFO: [ app_begin ] --END-- [ RunTime:0.001362s ]
SQL: SHOW COLUMNS FROM `ast_admin4` [ RunTime:0.0039s ]
SQL: SELECT * FROM `ast_admin4`  [ RunTime:0.0003s ]
SQL: SELECT * FROM `ast_admin4` WHERE `admin_id` = 1 LIMIT 1   [ RunTime:0.0003s ]
SQL: SHOW COLUMNS FROM `ast_nav4` [ RunTime:0.0034s ]
SQL: SELECT * FROM `ast_nav4`  [ RunTime:0.0003s ]
SQL: SELECT COUNT(*) AS tp_count FROM `ast_admin4` LIMIT 1   [ RunTime:0.0002s ]
NOTIC: [2] Missing argument 3 for getAdminPage(), called in C:\xampp\htdocs\aiston\Application\Admin4\Controller\CommonController.class.php on line 51 and defined C:\xampp\htdocs\aiston\Application\Common\Common\function.php 第 3 行.
NOTIC: [8] Undefined variable: num C:\xampp\htdocs\aiston\Application\Common\Common\function.php 第 4 行.
SQL: SELECT * FROM `ast_admin4` ORDER BY admin_id LIMIT 0,10   [ RunTime:0.0004s ]
SQL: SHOW COLUMNS FROM `ast_procate4` [ RunTime:0.0034s ]
SQL: UPDATE `ast_procate4` SET `cate_name`='C' WHERE `cate_id` = 3 [ RunTime:0.0004s ]
INFO: [ app_end ] --START--
INFO: Run Behavior\ShowPageTraceBehavior [ RunTime:0.001515s ]
INFO: [ app_end ] --END-- [ RunTime:0.001577s ]

[ 2016-03-22T14:38:49+08:00 ] ::1 /index.php/Admin4/Product/classDel/cate_id/4.html
INFO: [ app_init ] --START--
INFO: Run Behavior\BuildLiteBehavior [ RunTime:0.000018s ]
INFO: [ app_init ] --END-- [ RunTime:0.000691s ]
INFO: [ app_begin ] --START--
INFO: Run Behavior\ReadHtmlCacheBehavior [ RunTime:0.001582s ]
INFO: [ app_begin ] --END-- [ RunTime:0.001718s ]
SQL: SHOW COLUMNS FROM `ast_admin4` [ RunTime:0.0036s ]
SQL: SELECT * FROM `ast_admin4`  [ RunTime:0.0003s ]
SQL: SELECT * FROM `ast_admin4` WHERE `admin_id` = 1 LIMIT 1   [ RunTime:0.0003s ]
SQL: SHOW COLUMNS FROM `ast_nav4` [ RunTime:0.0036s ]
SQL: SELECT * FROM `ast_nav4`  [ RunTime:0.0008s ]
SQL: SELECT COUNT(*) AS tp_count FROM `ast_admin4` LIMIT 1   [ RunTime:0.0002s ]
NOTIC: [2] Missing argument 3 for getAdminPage(), called in C:\xampp\htdocs\aiston\Application\Admin4\Controller\CommonController.class.php on line 51 and defined C:\xampp\htdocs\aiston\Application\Common\Common\function.php 第 3 行.
NOTIC: [8] Undefined variable: num C:\xampp\htdocs\aiston\Application\Common\Common\function.php 第 4 行.
SQL: SELECT * FROM `ast_admin4` ORDER BY admin_id LIMIT 0,10   [ RunTime:0.0004s ]
SQL: SHOW COLUMNS FROM `ast_procate4` [ RunTime:0.0043s ]
SQL: SHOW COLUMNS FROM `ast_product4` [ RunTime:0.0037s ]
SQL: DELETE FROM `ast_procate4` WHERE `cate_id` = 4 [ RunTime:0.0004s ]
SQL: DELETE FROM `ast_product4` WHERE `pro_cate_id` = 4 [ RunTime:0.0003s ]
SQL: DELETE FROM `ast_procate4` WHERE `cate_pid` = 4 [ RunTime:0.0002s ]
INFO: [ app_end ] --START--
INFO: Run Behavior\ShowPageTraceBehavior [ RunTime:0.001459s ]
INFO: [ app_end ] --END-- [ RunTime:0.001520s ]

[ 2016-03-22T14:38:49+08:00 ] ::1 /index.php/Admin4/Product/sort
INFO: [ app_init ] --START--
INFO: Run Behavior\BuildLiteBehavior [ RunTime:0.000020s ]
INFO: [ app_init ] --END-- [ RunTime:0.000720s ]
INFO: [ app_begin ] --START--
INFO: Run Behavior\ReadHtmlCacheBehavior [ RunTime:0.001863s ]
INFO: [ app_begin ] --END-- [ RunTime:0.001968s ]
SQL: SHOW COLUMNS FROM `ast_admin4` [ RunTime:0.0043s ]
SQL: SELECT * FROM `ast_admin4`  [ RunTime:0.0004s ]
SQL: SELECT * FROM `ast_admin4` WHERE `admin_id` = 1 LIMIT 1   [ RunTime:0.0004s ]
SQL: SHOW COLUMNS FROM `ast_nav4` [ RunTime:0.0045s ]
SQL: SELECT * FROM `ast_nav4`  [ RunTime:0.0006s ]
SQL: SELECT COUNT(*) AS tp_count FROM `ast_admin4` LIMIT 1   [ RunTime:0.0004s ]
NOTIC: [2] Missing argument 3 for getAdminPage(), called in C:\xampp\htdocs\aiston\Application\Admin4\Controller\CommonController.class.php on line 51 and defined C:\xampp\htdocs\aiston\Application\Common\Common\function.php 第 3 行.
NOTIC: [8] Undefined variable: num C:\xampp\htdocs\aiston\Application\Common\Common\function.php 第 4 行.
SQL: SELECT * FROM `ast_admin4` ORDER BY admin_id LIMIT 0,10   [ RunTime:0.0005s ]
SQL: SHOW COLUMNS FROM `ast_procate4` [ RunTime:0.0043s ]
SQL: SELECT * FROM `ast_procate4` ORDER BY cate_order ASC  [ RunTime:0.0005s ]
INFO: [ view_parse ] --START--
INFO: [ template_filter ] --START--
INFO: Run Behavior\ContentReplaceBehavior [ RunTime:0.000853s ]
INFO: [ template_filter ] --END-- [ RunTime:0.000956s ]
NOTIC: [8] Undefined index: sid C:\xampp\htdocs\aiston\Application\Runtime\Cache\Admin4\b9c0def0bdab0780045df96a892a6097.php 第 136 行.
NOTIC: [8] Undefined index: sid C:\xampp\htdocs\aiston\Application\Runtime\Cache\Admin4\b9c0def0bdab0780045df96a892a6097.php 第 136 行.
NOTIC: [8] Undefined index: sid C:\xampp\htdocs\aiston\Application\Runtime\Cache\Admin4\b9c0def0bdab0780045df96a892a6097.php 第 136 行.
NOTIC: [8] Array to string conversion C:\xampp\htdocs\aiston\Application\Runtime\Cache\Admin4\b9c0def0bdab0780045df96a892a6097.php 第 498 行.
NOTIC: [8] Undefined variable: url C:\xampp\htdocs\aiston\Application\Runtime\Cache\Admin4\b9c0def0bdab0780045df96a892a6097.php 第 727 行.
NOTIC: [8] Undefined variable: url C:\xampp\htdocs\aiston\Application\Runtime\Cache\Admin4\b9c0def0bdab0780045df96a892a6097.php 第 730 行.
INFO: Run Behavior\ParseTemplateBehavior [ RunTime:0.030620s ]
INFO: [ view_parse ] --END-- [ RunTime:0.030708s ]
INFO: [ view_filter ] --START--
INFO: Run Behavior\WriteHtmlCacheBehavior [ RunTime:0.001206s ]
INFO: [ view_filter ] --END-- [ RunTime:0.001267s ]
INFO: [ app_end ] --START--
INFO: Run Behavior\ShowPageTraceBehavior [ RunTime:0.002650s ]
INFO: [ app_end ] --END-- [ RunTime:0.002798s ]

[ 2016-03-22T14:38:53+08:00 ] ::1 /index.php/Admin4/Member/index
INFO: [ app_init ] --START--
INFO: Run Behavior\BuildLiteBehavior [ RunTime:0.000018s ]
INFO: [ app_init ] --END-- [ RunTime:0.000721s ]
INFO: [ app_begin ] --START--
INFO: Run Behavior\ReadHtmlCacheBehavior [ RunTime:0.001799s ]
INFO: [ app_begin ] --END-- [ RunTime:0.001906s ]
SQL: SHOW COLUMNS FROM `ast_admin4` [ RunTime:0.0044s ]
SQL: SELECT * FROM `ast_admin4`  [ RunTime:0.0004s ]
SQL: SELECT * FROM `ast_admin4` WHERE `admin_id` = 1 LIMIT 1   [ RunTime:0.0003s ]
SQL: SHOW COLUMNS FROM `ast_nav4` [ RunTime:0.0035s ]
SQL: SELECT * FROM `ast_nav4`  [ RunTime:0.0004s ]
SQL: SELECT COUNT(*) AS tp_count FROM `ast_admin4` LIMIT 1   [ RunTime:0.0002s ]
NOTIC: [2] Missing argument 3 for getAdminPage(), called in C:\xampp\htdocs\aiston\Application\Admin4\Controller\CommonController.class.php on line 51 and defined C:\xampp\htdocs\aiston\Application\Common\Common\function.php 第 3 行.
NOTIC: [8] Undefined variable: num C:\xampp\htdocs\aiston\Application\Common\Common\function.php 第 4 行.
SQL: SELECT * FROM `ast_admin4` ORDER BY admin_id LIMIT 0,10   [ RunTime:0.0011s ]
SQL: SHOW COLUMNS FROM `ast_about4` [ RunTime:0.0064s ]
SQL: SELECT * FROM `ast_about4`  [ RunTime:0.0004s ]
INFO: [ view_parse ] --START--
INFO: [ template_filter ] --START--
INFO: Run Behavior\ContentReplaceBehavior [ RunTime:0.000665s ]
INFO: [ template_filter ] --END-- [ RunTime:0.000821s ]
NOTIC: [8] Undefined index: vip_id C:\xampp\htdocs\aiston\Application\Runtime\Cache\Admin4\2769150a48b0574ac43488b4d8899a21.php 第 228 行.
NOTIC: [8] Undefined index: vip_id C:\xampp\htdocs\aiston\Application\Runtime\Cache\Admin4\2769150a48b0574ac43488b4d8899a21.php 第 228 行.
NOTIC: [8] Undefined index: vip_id C:\xampp\htdocs\aiston\Application\Runtime\Cache\Admin4\2769150a48b0574ac43488b4d8899a21.php 第 228 行.
NOTIC: [8] Undefined index: vip_id C:\xampp\htdocs\aiston\Application\Runtime\Cache\Admin4\2769150a48b0574ac43488b4d8899a21.php 第 228 行.
NOTIC: [8] Undefined variable: show C:\xampp\htdocs\aiston\Application\Runtime\Cache\Admin4\2769150a48b0574ac43488b4d8899a21.php 第 238 行.
NOTIC: [8] Array to string conversion C:\xampp\htdocs\aiston\Application\Runtime\Cache\Admin4\2769150a48b0574ac43488b4d8899a21.php 第 424 行.
NOTIC: [8] Undefined variable: url C:\xampp\htdocs\aiston\Application\Runtime\Cache\Admin4\2769150a48b0574ac43488b4d8899a21.php 第 653 行.
NOTIC: [8] Undefined variable: url C:\xampp\htdocs\aiston\Application\Runtime\Cache\Admin4\2769150a48b0574ac43488b4d8899a21.php 第 656 行.
INFO: Run Behavior\ParseTemplateBehavior [ RunTime:0.029285s ]
INFO: [ view_parse ] --END-- [ RunTime:0.029391s ]
INFO: [ view_filter ] --START--
INFO: Run Behavior\WriteHtmlCacheBehavior [ RunTime:0.001445s ]
INFO: [ view_filter ] --END-- [ RunTime:0.001528s ]
INFO: [ app_end ] --START--
INFO: Run Behavior\ShowPageTraceBehavior [ RunTime:0.002252s ]
INFO: [ app_end ] --END-- [ RunTime:0.002362s ]

[ 2016-03-22T14:38:56+08:00 ] ::1 /index.php/Admin4/Member/editor/id/1
INFO: [ app_init ] --START--
INFO: Run Behavior\BuildLiteBehavior [ RunTime:0.000021s ]
INFO: [ app_init ] --END-- [ RunTime:0.001001s ]
INFO: [ app_begin ] --START--
INFO: Run Behavior\ReadHtmlCacheBehavior [ RunTime:0.001692s ]
INFO: [ app_begin ] --END-- [ RunTime:0.001807s ]
SQL: SHOW COLUMNS FROM `ast_admin4` [ RunTime:0.0036s ]
SQL: SELECT * FROM `ast_admin4`  [ RunTime:0.0003s ]
SQL: SELECT * FROM `ast_admin4` WHERE `admin_id` = 1 LIMIT 1   [ RunTime:0.0003s ]
SQL: SHOW COLUMNS FROM `ast_nav4` [ RunTime:0.0036s ]
SQL: SELECT * FROM `ast_nav4`  [ RunTime:0.0003s ]
SQL: SELECT COUNT(*) AS tp_count FROM `ast_admin4` LIMIT 1   [ RunTime:0.0002s ]
NOTIC: [2] Missing argument 3 for getAdminPage(), called in C:\xampp\htdocs\aiston\Application\Admin4\Controller\CommonController.class.php on line 51 and defined C:\xampp\htdocs\aiston\Application\Common\Common\function.php 第 3 行.
NOTIC: [8] Undefined variable: num C:\xampp\htdocs\aiston\Application\Common\Common\function.php 第 4 行.
SQL: SELECT * FROM `ast_admin4` ORDER BY admin_id LIMIT 0,10   [ RunTime:0.0011s ]
SQL: SHOW COLUMNS FROM `ast_about4` [ RunTime:0.0047s ]
SQL: SELECT * FROM `ast_about4` WHERE `ast_aid` = 1  [ RunTime:0.0003s ]
INFO: [ view_parse ] --START--
INFO: [ template_filter ] --START--
INFO: Run Behavior\ContentReplaceBehavior [ RunTime:0.000451s ]
INFO: [ template_filter ] --END-- [ RunTime:0.000521s ]
NOTIC: [8] Undefined variable: htmlData C:\xampp\htdocs\aiston\Application\Runtime\Cache\Admin4\2f0c5a95aaad82ad390571b6965dd826.php 第 132 行.
NOTIC: [8] Array to string conversion C:\xampp\htdocs\aiston\Application\Runtime\Cache\Admin4\2f0c5a95aaad82ad390571b6965dd826.php 第 303 行.
NOTIC: [8] Undefined variable: url C:\xampp\htdocs\aiston\Application\Runtime\Cache\Admin4\2f0c5a95aaad82ad390571b6965dd826.php 第 532 行.
NOTIC: [8] Undefined variable: url C:\xampp\htdocs\aiston\Application\Runtime\Cache\Admin4\2f0c5a95aaad82ad390571b6965dd826.php 第 535 行.
INFO: Run Behavior\ParseTemplateBehavior [ RunTime:0.027158s ]
INFO: [ view_parse ] --END-- [ RunTime:0.027248s ]
INFO: [ view_filter ] --START--
INFO: Run Behavior\WriteHtmlCacheBehavior [ RunTime:0.001696s ]
INFO: [ view_filter ] --END-- [ RunTime:0.001781s ]
INFO: [ app_end ] --START--
INFO: Run Behavior\ShowPageTraceBehavior [ RunTime:0.002953s ]
INFO: [ app_end ] --END-- [ RunTime:0.003045s ]

[ 2016-03-22T14:39:00+08:00 ] ::1 /index.php/Admin4/Link/intro
INFO: [ app_init ] --START--
INFO: Run Behavior\BuildLiteBehavior [ RunTime:0.000018s ]
INFO: [ app_init ] --END-- [ RunTime:0.000654s ]
INFO: [ app_begin ] --START--
INFO: Run Behavior\ReadHtmlCacheBehavior [ RunTime:0.001896s ]
INFO: [ app_begin ] --END-- [ RunTime:0.002062s ]
SQL: SHOW COLUMNS FROM `ast_admin4` [ RunTime:0.0039s ]
SQL: SELECT * FROM `ast_admin4`  [ RunTime:0.0004s ]
SQL: SELECT * FROM `ast_admin4` WHERE `admin_id` = 1 LIMIT 1   [ RunTime:0.0003s ]
SQL: SHOW COLUMNS FROM `ast_nav4` [ RunTime:0.0036s ]
SQL: SELECT * FROM `ast_nav4`  [ RunTime:0.0004s ]
SQL: SELECT COUNT(*) AS tp_count FROM `ast_admin4` LIMIT 1   [ RunTime:0.0002s ]
NOTIC: [2] Missing argument 3 for getAdminPage(), called in C:\xampp\htdocs\aiston\Application\Admin4\Controller\CommonController.class.php on line 51 and defined C:\xampp\htdocs\aiston\Application\Common\Common\function.php 第 3 行.
NOTIC: [8] Undefined variable: num C:\xampp\htdocs\aiston\Application\Common\Common\function.php 第 4 行.
SQL: SELECT * FROM `ast_admin4` ORDER BY admin_id LIMIT 0,10   [ RunTime:0.0007s ]
SQL: SHOW COLUMNS FROM `ast_company4` [ RunTime:0.0042s ]
SQL: SELECT * FROM `ast_company4`  [ RunTime:0.0003s ]
INFO: [ view_parse ] --START--
INFO: [ template_filter ] --START--
INFO: Run Behavior\ContentReplaceBehavior [ RunTime:0.000512s ]
INFO: [ template_filter ] --END-- [ RunTime:0.000627s ]
NOTIC: [8] Undefined variable: htmlData C:\xampp\htdocs\aiston\Application\Runtime\Cache\Admin4\39938c20b002f405d2abd3b9f47a8e20.php 第 137 行.
NOTIC: [8] Array to string conversion C:\xampp\htdocs\aiston\Application\Runtime\Cache\Admin4\39938c20b002f405d2abd3b9f47a8e20.php 第 314 行.
NOTIC: [8] Undefined variable: url C:\xampp\htdocs\aiston\Application\Runtime\Cache\Admin4\39938c20b002f405d2abd3b9f47a8e20.php 第 543 行.
NOTIC: [8] Undefined variable: url C:\xampp\htdocs\aiston\Application\Runtime\Cache\Admin4\39938c20b002f405d2abd3b9f47a8e20.php 第 546 行.
INFO: Run Behavior\ParseTemplateBehavior [ RunTime:0.026013s ]
INFO: [ view_parse ] --END-- [ RunTime:0.026080s ]
INFO: [ view_filter ] --START--
INFO: Run Behavior\WriteHtmlCacheBehavior [ RunTime:0.001149s ]
INFO: [ view_filter ] --END-- [ RunTime:0.001206s ]
INFO: [ app_end ] --START--
INFO: Run Behavior\ShowPageTraceBehavior [ RunTime:0.002197s ]
INFO: [ app_end ] --END-- [ RunTime:0.002290s ]

[ 2016-03-22T14:39:02+08:00 ] ::1 /index.php/Admin4/Link/words_link
INFO: [ app_init ] --START--
INFO: Run Behavior\BuildLiteBehavior [ RunTime:0.000032s ]
INFO: [ app_init ] --END-- [ RunTime:0.001014s ]
INFO: [ app_begin ] --START--
INFO: Run Behavior\ReadHtmlCacheBehavior [ RunTime:0.001543s ]
INFO: [ app_begin ] --END-- [ RunTime:0.001675s ]
SQL: SHOW COLUMNS FROM `ast_admin4` [ RunTime:0.0036s ]
SQL: SELECT * FROM `ast_admin4`  [ RunTime:0.0004s ]
SQL: SELECT * FROM `ast_admin4` WHERE `admin_id` = 1 LIMIT 1   [ RunTime:0.0003s ]
SQL: SHOW COLUMNS FROM `ast_nav4` [ RunTime:0.0036s ]
SQL: SELECT * FROM `ast_nav4`  [ RunTime:0.0005s ]
SQL: SELECT COUNT(*) AS tp_count FROM `ast_admin4` LIMIT 1   [ RunTime:0.0002s ]
NOTIC: [2] Missing argument 3 for getAdminPage(), called in C:\xampp\htdocs\aiston\Application\Admin4\Controller\CommonController.class.php on line 51 and defined C:\xampp\htdocs\aiston\Application\Common\Common\function.php 第 3 行.
NOTIC: [8] Undefined variable: num C:\xampp\htdocs\aiston\Application\Common\Common\function.php 第 4 行.
SQL: SELECT * FROM `ast_admin4` ORDER BY admin_id LIMIT 0,10   [ RunTime:0.0009s ]
ERR: 1146:Table 'di.ast_words_link4' doesn't exist
 [ SQL语句 ] : SHOW COLUMNS FROM `ast_words_link4`
ERR: 1146:Table 'di.ast_words_link4' doesn't exist
 [ SQL语句 ] : SHOW COLUMNS FROM `ast_words_link4`

[ 2016-03-22T14:39:08+08:00 ] ::1 /index.php/Admin4/Link/words_link
INFO: [ app_init ] --START--
INFO: Run Behavior\BuildLiteBehavior [ RunTime:0.000019s ]
INFO: [ app_init ] --END-- [ RunTime:0.000719s ]
INFO: [ app_begin ] --START--
INFO: Run Behavior\ReadHtmlCacheBehavior [ RunTime:0.001496s ]
INFO: [ app_begin ] --END-- [ RunTime:0.001601s ]
SQL: SHOW COLUMNS FROM `ast_admin4` [ RunTime:0.0040s ]
SQL: SELECT * FROM `ast_admin4`  [ RunTime:0.0004s ]
SQL: SELECT * FROM `ast_admin4` WHERE `admin_id` = 1 LIMIT 1   [ RunTime:0.0003s ]
SQL: SHOW COLUMNS FROM `ast_nav4` [ RunTime:0.0038s ]
SQL: SELECT * FROM `ast_nav4`  [ RunTime:0.0006s ]
SQL: SELECT COUNT(*) AS tp_count FROM `ast_admin4` LIMIT 1   [ RunTime:0.0003s ]
NOTIC: [2] Missing argument 3 for getAdminPage(), called in C:\xampp\htdocs\aiston\Application\Admin4\Controller\CommonController.class.php on line 51 and defined C:\xampp\htdocs\aiston\Application\Common\Common\function.php 第 3 行.
NOTIC: [8] Undefined variable: num C:\xampp\htdocs\aiston\Application\Common\Common\function.php 第 4 行.
SQL: SELECT * FROM `ast_admin4` ORDER BY admin_id LIMIT 0,10   [ RunTime:0.0004s ]
ERR: 1146:Table 'di.ast_words_link4' doesn't exist
 [ SQL语句 ] : SHOW COLUMNS FROM `ast_words_link4`
ERR: 1146:Table 'di.ast_words_link4' doesn't exist
 [ SQL语句 ] : SHOW COLUMNS FROM `ast_words_link4`

[ 2016-03-22T14:39:15+08:00 ] ::1 /index.php/Admin4/Link/words_link
INFO: [ app_init ] --START--
INFO: Run Behavior\BuildLiteBehavior [ RunTime:0.000032s ]
INFO: [ app_init ] --END-- [ RunTime:0.001016s ]
INFO: [ app_begin ] --START--
INFO: Run Behavior\ReadHtmlCacheBehavior [ RunTime:0.002388s ]
INFO: [ app_begin ] --END-- [ RunTime:0.002503s ]
SQL: SHOW COLUMNS FROM `ast_admin4` [ RunTime:0.0038s ]
SQL: SELECT * FROM `ast_admin4`  [ RunTime:0.0003s ]
SQL: SELECT * FROM `ast_admin4` WHERE `admin_id` = 1 LIMIT 1   [ RunTime:0.0003s ]
SQL: SHOW COLUMNS FROM `ast_nav4` [ RunTime:0.0043s ]
SQL: SELECT * FROM `ast_nav4`  [ RunTime:0.0007s ]
SQL: SELECT COUNT(*) AS tp_count FROM `ast_admin4` LIMIT 1   [ RunTime:0.0004s ]
NOTIC: [2] Missing argument 3 for getAdminPage(), called in C:\xampp\htdocs\aiston\Application\Admin4\Controller\CommonController.class.php on line 51 and defined C:\xampp\htdocs\aiston\Application\Common\Common\function.php 第 3 行.
NOTIC: [8] Undefined variable: num C:\xampp\htdocs\aiston\Application\Common\Common\function.php 第 4 行.
SQL: SELECT * FROM `ast_admin4` ORDER BY admin_id LIMIT 0,10   [ RunTime:0.0004s ]
ERR: 1146:Table 'di.ast_words_link4' doesn't exist
 [ SQL语句 ] : SHOW COLUMNS FROM `ast_words_link4`
ERR: 1146:Table 'di.ast_words_link4' doesn't exist
 [ SQL语句 ] : SHOW COLUMNS FROM `ast_words_link4`

[ 2016-03-22T14:40:40+08:00 ] ::1 /index.php/Admin4/Link/words_link
INFO: [ app_init ] --START--
INFO: Run Behavior\BuildLiteBehavior [ RunTime:0.000033s ]
INFO: [ app_init ] --END-- [ RunTime:0.001098s ]
INFO: [ app_begin ] --START--
INFO: Run Behavior\ReadHtmlCacheBehavior [ RunTime:0.001892s ]
INFO: [ app_begin ] --END-- [ RunTime:0.002094s ]
SQL: SHOW COLUMNS FROM `ast_admin4` [ RunTime:0.0039s ]
SQL: SELECT * FROM `ast_admin4`  [ RunTime:0.0003s ]
SQL: SELECT * FROM `ast_admin4` WHERE `admin_id` = 1 LIMIT 1   [ RunTime:0.0003s ]
SQL: SHOW COLUMNS FROM `ast_nav4` [ RunTime:0.0047s ]
SQL: SELECT * FROM `ast_nav4`  [ RunTime:0.0008s ]
SQL: SELECT COUNT(*) AS tp_count FROM `ast_admin4` LIMIT 1   [ RunTime:0.0002s ]
NOTIC: [2] Missing argument 3 for getAdminPage(), called in C:\xampp\htdocs\aiston\Application\Admin4\Controller\CommonController.class.php on line 51 and defined C:\xampp\htdocs\aiston\Application\Common\Common\function.php 第 3 行.
NOTIC: [8] Undefined variable: num C:\xampp\htdocs\aiston\Application\Common\Common\function.php 第 4 行.
SQL: SELECT * FROM `ast_admin4` ORDER BY admin_id LIMIT 0,10   [ RunTime:0.0004s ]
SQL: SHOW COLUMNS FROM `ast_words_link4` [ RunTime:0.0037s ]
SQL: SELECT * FROM `ast_words_link4`  [ RunTime:0.0004s ]
INFO: [ view_parse ] --START--
INFO: [ template_filter ] --START--
INFO: Run Behavior\ContentReplaceBehavior [ RunTime:0.000455s ]
INFO: [ template_filter ] --END-- [ RunTime:0.000575s ]
NOTIC: [8] Array to string conversion C:\xampp\htdocs\aiston\Application\Runtime\Cache\Admin4\3b1116a62aa92f3ec3eb45116b38f216.php 第 239 行.
NOTIC: [8] Undefined variable: url C:\xampp\htdocs\aiston\Application\Runtime\Cache\Admin4\3b1116a62aa92f3ec3eb45116b38f216.php 第 468 行.
NOTIC: [8] Undefined variable: url C:\xampp\htdocs\aiston\Application\Runtime\Cache\Admin4\3b1116a62aa92f3ec3eb45116b38f216.php 第 471 行.
INFO: Run Behavior\ParseTemplateBehavior [ RunTime:0.026312s ]
INFO: [ view_parse ] --END-- [ RunTime:0.026378s ]
INFO: [ view_filter ] --START--
INFO: Run Behavior\WriteHtmlCacheBehavior [ RunTime:0.001110s ]
INFO: [ view_filter ] --END-- [ RunTime:0.001165s ]
INFO: [ app_end ] --START--
INFO: Run Behavior\ShowPageTraceBehavior [ RunTime:0.003635s ]
INFO: [ app_end ] --END-- [ RunTime:0.003726s ]

[ 2016-03-22T14:40:43+08:00 ] ::1 /index.php/Admin4/Link/words_editor/id/1.html
INFO: [ app_init ] --START--
INFO: Run Behavior\BuildLiteBehavior [ RunTime:0.000029s ]
INFO: [ app_init ] --END-- [ RunTime:0.001190s ]
INFO: [ app_begin ] --START--
INFO: Run Behavior\ReadHtmlCacheBehavior [ RunTime:0.001708s ]
INFO: [ app_begin ] --END-- [ RunTime:0.001832s ]
SQL: SHOW COLUMNS FROM `ast_admin4` [ RunTime:0.0038s ]
SQL: SELECT * FROM `ast_admin4`  [ RunTime:0.0003s ]
SQL: SELECT * FROM `ast_admin4` WHERE `admin_id` = 1 LIMIT 1   [ RunTime:0.0003s ]
SQL: SHOW COLUMNS FROM `ast_nav4` [ RunTime:0.0040s ]
SQL: SELECT * FROM `ast_nav4`  [ RunTime:0.0006s ]
SQL: SELECT COUNT(*) AS tp_count FROM `ast_admin4` LIMIT 1   [ RunTime:0.0003s ]
NOTIC: [2] Missing argument 3 for getAdminPage(), called in C:\xampp\htdocs\aiston\Application\Admin4\Controller\CommonController.class.php on line 51 and defined C:\xampp\htdocs\aiston\Application\Common\Common\function.php 第 3 行.
NOTIC: [8] Undefined variable: num C:\xampp\htdocs\aiston\Application\Common\Common\function.php 第 4 行.
SQL: SELECT * FROM `ast_admin4` ORDER BY admin_id LIMIT 0,10   [ RunTime:0.0004s ]
SQL: SHOW COLUMNS FROM `ast_words_link4` [ RunTime:0.0037s ]
SQL: SELECT * FROM `ast_words_link4` WHERE `w_id` = 1  [ RunTime:0.0003s ]
NOTIC: [8] Undefined index: title C:\xampp\htdocs\aiston\Application\Admin4\Controller\LinkController.class.php 第 47 行.
INFO: [ view_parse ] --START--
INFO: [ template_filter ] --START--
INFO: Run Behavior\ContentReplaceBehavior [ RunTime:0.000555s ]
INFO: [ template_filter ] --END-- [ RunTime:0.000720s ]
NOTIC: [8] Undefined variable: htmlData C:\xampp\htdocs\aiston\Application\Runtime\Cache\Admin4\dc39d5e2fa50964297a036ee41de0dd7.php 第 134 行.
NOTIC: [8] Array to string conversion C:\xampp\htdocs\aiston\Application\Runtime\Cache\Admin4\dc39d5e2fa50964297a036ee41de0dd7.php 第 310 行.
NOTIC: [8] Undefined variable: url C:\xampp\htdocs\aiston\Application\Runtime\Cache\Admin4\dc39d5e2fa50964297a036ee41de0dd7.php 第 539 行.
NOTIC: [8] Undefined variable: url C:\xampp\htdocs\aiston\Application\Runtime\Cache\Admin4\dc39d5e2fa50964297a036ee41de0dd7.php 第 542 行.
INFO: Run Behavior\ParseTemplateBehavior [ RunTime:0.026483s ]
INFO: [ view_parse ] --END-- [ RunTime:0.026546s ]
INFO: [ view_filter ] --START--
INFO: Run Behavior\WriteHtmlCacheBehavior [ RunTime:0.001188s ]
INFO: [ view_filter ] --END-- [ RunTime:0.001242s ]
INFO: [ app_end ] --START--
INFO: Run Behavior\ShowPageTraceBehavior [ RunTime:0.002319s ]
INFO: [ app_end ] --END-- [ RunTime:0.002433s ]

[ 2016-03-22T14:40:45+08:00 ] ::1 /index.php/Admin4/Link/words_editor/id/2.html
INFO: [ app_init ] --START--
INFO: Run Behavior\BuildLiteBehavior [ RunTime:0.000031s ]
INFO: [ app_init ] --END-- [ RunTime:0.001037s ]
INFO: [ app_begin ] --START--
INFO: Run Behavior\ReadHtmlCacheBehavior [ RunTime:0.002030s ]
INFO: [ app_begin ] --END-- [ RunTime:0.002120s ]
SQL: SHOW COLUMNS FROM `ast_admin4` [ RunTime:0.0067s ]
SQL: SELECT * FROM `ast_admin4`  [ RunTime:0.0006s ]
SQL: SELECT * FROM `ast_admin4` WHERE `admin_id` = 1 LIMIT 1   [ RunTime:0.0005s ]
SQL: SHOW COLUMNS FROM `ast_nav4` [ RunTime:0.0057s ]
SQL: SELECT * FROM `ast_nav4`  [ RunTime:0.0007s ]
SQL: SELECT COUNT(*) AS tp_count FROM `ast_admin4` LIMIT 1   [ RunTime:0.0003s ]
NOTIC: [2] Missing argument 3 for getAdminPage(), called in C:\xampp\htdocs\aiston\Application\Admin4\Controller\CommonController.class.php on line 51 and defined C:\xampp\htdocs\aiston\Application\Common\Common\function.php 第 3 行.
NOTIC: [8] Undefined variable: num C:\xampp\htdocs\aiston\Application\Common\Common\function.php 第 4 行.
SQL: SELECT * FROM `ast_admin4` ORDER BY admin_id LIMIT 0,10   [ RunTime:0.0004s ]
SQL: SHOW COLUMNS FROM `ast_words_link4` [ RunTime:0.0054s ]
SQL: SELECT * FROM `ast_words_link4` WHERE `w_id` = 2  [ RunTime:0.0003s ]
NOTIC: [8] Undefined index: title C:\xampp\htdocs\aiston\Application\Admin4\Controller\LinkController.class.php 第 47 行.
INFO: [ view_parse ] --START--
INFO: [ template_filter ] --START--
INFO: Run Behavior\ContentReplaceBehavior [ RunTime:0.000557s ]
INFO: [ template_filter ] --END-- [ RunTime:0.000646s ]
NOTIC: [8] Undefined variable: htmlData C:\xampp\htdocs\aiston\Application\Runtime\Cache\Admin4\dc39d5e2fa50964297a036ee41de0dd7.php 第 134 行.
NOTIC: [8] Array to string conversion C:\xampp\htdocs\aiston\Application\Runtime\Cache\Admin4\dc39d5e2fa50964297a036ee41de0dd7.php 第 310 行.
NOTIC: [8] Undefined variable: url C:\xampp\htdocs\aiston\Application\Runtime\Cache\Admin4\dc39d5e2fa50964297a036ee41de0dd7.php 第 539 行.
NOTIC: [8] Undefined variable: url C:\xampp\htdocs\aiston\Application\Runtime\Cache\Admin4\dc39d5e2fa50964297a036ee41de0dd7.php 第 542 行.
INFO: Run Behavior\ParseTemplateBehavior [ RunTime:0.030755s ]
INFO: [ view_parse ] --END-- [ RunTime:0.030821s ]
INFO: [ view_filter ] --START--
INFO: Run Behavior\WriteHtmlCacheBehavior [ RunTime:0.001605s ]
INFO: [ view_filter ] --END-- [ RunTime:0.001661s ]
INFO: [ app_end ] --START--
INFO: Run Behavior\ShowPageTraceBehavior [ RunTime:0.003110s ]
INFO: [ app_end ] --END-- [ RunTime:0.003217s ]

[ 2016-03-22T14:40:50+08:00 ] ::1 /index.php/Admin4/Join/contact
INFO: [ app_init ] --START--
INFO: Run Behavior\BuildLiteBehavior [ RunTime:0.000019s ]
INFO: [ app_init ] --END-- [ RunTime:0.000795s ]
INFO: [ app_begin ] --START--
INFO: Run Behavior\ReadHtmlCacheBehavior [ RunTime:0.001684s ]
INFO: [ app_begin ] --END-- [ RunTime:0.001818s ]
SQL: SHOW COLUMNS FROM `ast_admin4` [ RunTime:0.0047s ]
SQL: SELECT * FROM `ast_admin4`  [ RunTime:0.0004s ]
SQL: SELECT * FROM `ast_admin4` WHERE `admin_id` = 1 LIMIT 1   [ RunTime:0.0003s ]
SQL: SHOW COLUMNS FROM `ast_nav4` [ RunTime:0.0048s ]
SQL: SELECT * FROM `ast_nav4`  [ RunTime:0.0008s ]
SQL: SELECT COUNT(*) AS tp_count FROM `ast_admin4` LIMIT 1   [ RunTime:0.0002s ]
NOTIC: [2] Missing argument 3 for getAdminPage(), called in C:\xampp\htdocs\aiston\Application\Admin4\Controller\CommonController.class.php on line 51 and defined C:\xampp\htdocs\aiston\Application\Common\Common\function.php 第 3 行.
NOTIC: [8] Undefined variable: num C:\xampp\htdocs\aiston\Application\Common\Common\function.php 第 4 行.
SQL: SELECT * FROM `ast_admin4` ORDER BY admin_id LIMIT 0,10   [ RunTime:0.0004s ]
SQL: SHOW COLUMNS FROM `ast_company4` [ RunTime:0.0055s ]
SQL: SELECT * FROM `ast_company4` WHERE `c_id` = 2  [ RunTime:0.0005s ]
INFO: [ view_parse ] --START--
INFO: [ template_filter ] --START--
INFO: Run Behavior\ContentReplaceBehavior [ RunTime:0.000620s ]
INFO: [ template_filter ] --END-- [ RunTime:0.000690s ]
NOTIC: [8] Array to string conversion C:\xampp\htdocs\aiston\Application\Runtime\Cache\Admin4\f00447cda554304d26f9f6d8a91a5349.php 第 310 行.
NOTIC: [8] Undefined variable: url C:\xampp\htdocs\aiston\Application\Runtime\Cache\Admin4\f00447cda554304d26f9f6d8a91a5349.php 第 539 行.
NOTIC: [8] Undefined variable: url C:\xampp\htdocs\aiston\Application\Runtime\Cache\Admin4\f00447cda554304d26f9f6d8a91a5349.php 第 542 行.
INFO: Run Behavior\ParseTemplateBehavior [ RunTime:0.029210s ]
INFO: [ view_parse ] --END-- [ RunTime:0.029299s ]
INFO: [ view_filter ] --START--
INFO: Run Behavior\WriteHtmlCacheBehavior [ RunTime:0.001826s ]
INFO: [ view_filter ] --END-- [ RunTime:0.001921s ]
INFO: [ app_end ] --START--
INFO: Run Behavior\ShowPageTraceBehavior [ RunTime:0.002344s ]
INFO: [ app_end ] --END-- [ RunTime:0.002453s ]

[ 2016-03-22T14:40:52+08:00 ] ::1 /index.php/Admin4/Join/index
INFO: [ app_init ] --START--
INFO: Run Behavior\BuildLiteBehavior [ RunTime:0.000025s ]
INFO: [ app_init ] --END-- [ RunTime:0.000819s ]
INFO: [ app_begin ] --START--
INFO: Run Behavior\ReadHtmlCacheBehavior [ RunTime:0.002068s ]
INFO: [ app_begin ] --END-- [ RunTime:0.002205s ]
SQL: SHOW COLUMNS FROM `ast_admin4` [ RunTime:0.0039s ]
SQL: SELECT * FROM `ast_admin4`  [ RunTime:0.0004s ]
SQL: SELECT * FROM `ast_admin4` WHERE `admin_id` = 1 LIMIT 1   [ RunTime:0.0004s ]
SQL: SHOW COLUMNS FROM `ast_nav4` [ RunTime:0.0054s ]
SQL: SELECT * FROM `ast_nav4`  [ RunTime:0.0005s ]
SQL: SELECT COUNT(*) AS tp_count FROM `ast_admin4` LIMIT 1   [ RunTime:0.0003s ]
NOTIC: [2] Missing argument 3 for getAdminPage(), called in C:\xampp\htdocs\aiston\Application\Admin4\Controller\CommonController.class.php on line 51 and defined C:\xampp\htdocs\aiston\Application\Common\Common\function.php 第 3 行.
NOTIC: [8] Undefined variable: num C:\xampp\htdocs\aiston\Application\Common\Common\function.php 第 4 行.
SQL: SELECT * FROM `ast_admin4` ORDER BY admin_id LIMIT 0,10   [ RunTime:0.0007s ]
SQL: SHOW COLUMNS FROM `ast_work4` [ RunTime:0.0039s ]
SQL: SELECT * FROM `ast_work4` ORDER BY w_cateid asc  [ RunTime:0.0014s ]
INFO: [ view_parse ] --START--
INFO: [ template_filter ] --START--
INFO: Run Behavior\ContentReplaceBehavior [ RunTime:0.000696s ]
INFO: [ template_filter ] --END-- [ RunTime:0.000795s ]
NOTIC: [8] Undefined variable: cid C:\xampp\htdocs\aiston\Application\Runtime\Cache\Admin4\1117b40a99c0229aadeba378c2c01ead.php 第 121 行.
NOTIC: [8] Undefined variable: acate C:\xampp\htdocs\aiston\Application\Runtime\Cache\Admin4\1117b40a99c0229aadeba378c2c01ead.php 第 124 行.
NOTIC: [8] Undefined variable: cid C:\xampp\htdocs\aiston\Application\Runtime\Cache\Admin4\1117b40a99c0229aadeba378c2c01ead.php 第 128 行.
NOTIC: [8] Undefined variable: cid C:\xampp\htdocs\aiston\Application\Runtime\Cache\Admin4\1117b40a99c0229aadeba378c2c01ead.php 第 129 行.
NOTIC: [8] Undefined variable: cate C:\xampp\htdocs\aiston\Application\Runtime\Cache\Admin4\1117b40a99c0229aadeba378c2c01ead.php 第 135 行.
NOTIC: [8] Undefined variable: show C:\xampp\htdocs\aiston\Application\Runtime\Cache\Admin4\1117b40a99c0229aadeba378c2c01ead.php 第 162 行.
NOTIC: [8] Array to string conversion C:\xampp\htdocs\aiston\Application\Runtime\Cache\Admin4\1117b40a99c0229aadeba378c2c01ead.php 第 373 行.
NOTIC: [8] Undefined variable: url C:\xampp\htdocs\aiston\Application\Runtime\Cache\Admin4\1117b40a99c0229aadeba378c2c01ead.php 第 602 行.
NOTIC: [8] Undefined variable: url C:\xampp\htdocs\aiston\Application\Runtime\Cache\Admin4\1117b40a99c0229aadeba378c2c01ead.php 第 605 行.
INFO: Run Behavior\ParseTemplateBehavior [ RunTime:0.030949s ]
INFO: [ view_parse ] --END-- [ RunTime:0.031035s ]
INFO: [ view_filter ] --START--
INFO: Run Behavior\WriteHtmlCacheBehavior [ RunTime:0.001185s ]
INFO: [ view_filter ] --END-- [ RunTime:0.001239s ]
INFO: [ app_end ] --START--
INFO: Run Behavior\ShowPageTraceBehavior [ RunTime:0.002002s ]
INFO: [ app_end ] --END-- [ RunTime:0.002093s ]

[ 2016-03-22T14:40:54+08:00 ] ::1 /index.php/Admin4/Join/add
INFO: [ app_init ] --START--
INFO: Run Behavior\BuildLiteBehavior [ RunTime:0.000029s ]
INFO: [ app_init ] --END-- [ RunTime:0.000948s ]
INFO: [ app_begin ] --START--
INFO: Run Behavior\ReadHtmlCacheBehavior [ RunTime:0.001682s ]
INFO: [ app_begin ] --END-- [ RunTime:0.001812s ]
SQL: SHOW COLUMNS FROM `ast_admin4` [ RunTime:0.0041s ]
SQL: SELECT * FROM `ast_admin4`  [ RunTime:0.0004s ]
SQL: SELECT * FROM `ast_admin4` WHERE `admin_id` = 1 LIMIT 1   [ RunTime:0.0003s ]
SQL: SHOW COLUMNS FROM `ast_nav4` [ RunTime:0.0040s ]
SQL: SELECT * FROM `ast_nav4`  [ RunTime:0.0010s ]
SQL: SELECT COUNT(*) AS tp_count FROM `ast_admin4` LIMIT 1   [ RunTime:0.0005s ]
NOTIC: [2] Missing argument 3 for getAdminPage(), called in C:\xampp\htdocs\aiston\Application\Admin4\Controller\CommonController.class.php on line 51 and defined C:\xampp\htdocs\aiston\Application\Common\Common\function.php 第 3 行.
NOTIC: [8] Undefined variable: num C:\xampp\htdocs\aiston\Application\Common\Common\function.php 第 4 行.
SQL: SELECT * FROM `ast_admin4` ORDER BY admin_id LIMIT 0,10   [ RunTime:0.0005s ]
INFO: [ view_parse ] --START--
INFO: [ template_filter ] --START--
INFO: Run Behavior\ContentReplaceBehavior [ RunTime:0.000617s ]
INFO: [ template_filter ] --END-- [ RunTime:0.000765s ]
NOTIC: [8] Undefined variable: htmlData C:\xampp\htdocs\aiston\Application\Runtime\Cache\Admin4\000a6d89d383b61d39db132abec1bbb3.php 第 157 行.
NOTIC: [8] Undefined variable: htmlData C:\xampp\htdocs\aiston\Application\Runtime\Cache\Admin4\000a6d89d383b61d39db132abec1bbb3.php 第 157 行.
NOTIC: [8] Array to string conversion C:\xampp\htdocs\aiston\Application\Runtime\Cache\Admin4\000a6d89d383b61d39db132abec1bbb3.php 第 332 行.
NOTIC: [8] Undefined variable: url C:\xampp\htdocs\aiston\Application\Runtime\Cache\Admin4\000a6d89d383b61d39db132abec1bbb3.php 第 561 行.
NOTIC: [8] Undefined variable: url C:\xampp\htdocs\aiston\Application\Runtime\Cache\Admin4\000a6d89d383b61d39db132abec1bbb3.php 第 564 行.
INFO: Run Behavior\ParseTemplateBehavior [ RunTime:0.032443s ]
INFO: [ view_parse ] --END-- [ RunTime:0.032544s ]
INFO: [ view_filter ] --START--
INFO: Run Behavior\WriteHtmlCacheBehavior [ RunTime:0.001371s ]
INFO: [ view_filter ] --END-- [ RunTime:0.001431s ]
INFO: [ app_end ] --START--
INFO: Run Behavior\ShowPageTraceBehavior [ RunTime:0.001990s ]
INFO: [ app_end ] --END-- [ RunTime:0.002212s ]

[ 2016-03-22T14:40:56+08:00 ] ::1 /index.php/Admin4/Setup/index
INFO: [ app_init ] --START--
INFO: Run Behavior\BuildLiteBehavior [ RunTime:0.000020s ]
INFO: [ app_init ] --END-- [ RunTime:0.000859s ]
INFO: [ app_begin ] --START--
INFO: Run Behavior\ReadHtmlCacheBehavior [ RunTime:0.001616s ]
INFO: [ app_begin ] --END-- [ RunTime:0.001751s ]
SQL: SHOW COLUMNS FROM `ast_admin4` [ RunTime:0.0043s ]
SQL: SELECT * FROM `ast_admin4`  [ RunTime:0.0003s ]
SQL: SELECT * FROM `ast_admin4` WHERE `admin_id` = 1 LIMIT 1   [ RunTime:0.0003s ]
SQL: SHOW COLUMNS FROM `ast_nav4` [ RunTime:0.0057s ]
SQL: SELECT * FROM `ast_nav4`  [ RunTime:0.0009s ]
SQL: SELECT COUNT(*) AS tp_count FROM `ast_admin4` LIMIT 1   [ RunTime:0.0002s ]
NOTIC: [2] Missing argument 3 for getAdminPage(), called in C:\xampp\htdocs\aiston\Application\Admin4\Controller\CommonController.class.php on line 51 and defined C:\xampp\htdocs\aiston\Application\Common\Common\function.php 第 3 行.
NOTIC: [8] Undefined variable: num C:\xampp\htdocs\aiston\Application\Common\Common\function.php 第 4 行.
SQL: SELECT * FROM `ast_admin4` ORDER BY admin_id LIMIT 0,10   [ RunTime:0.0004s ]
SQL: SHOW COLUMNS FROM `ast_seo4` [ RunTime:0.0037s ]
SQL: SELECT * FROM `ast_seo4` WHERE `seo_id` = 1 LIMIT 1   [ RunTime:0.0003s ]
INFO: [ view_parse ] --START--
INFO: [ template_filter ] --START--
INFO: Run Behavior\ContentReplaceBehavior [ RunTime:0.000432s ]
INFO: [ template_filter ] --END-- [ RunTime:0.000537s ]
NOTIC: [8] Array to string conversion C:\xampp\htdocs\aiston\Application\Runtime\Cache\Admin4\8cc9da63f96d0c1f732b83fc86897f12.php 第 230 行.
NOTIC: [8] Undefined variable: url C:\xampp\htdocs\aiston\Application\Runtime\Cache\Admin4\8cc9da63f96d0c1f732b83fc86897f12.php 第 459 行.
NOTIC: [8] Undefined variable: url C:\xampp\htdocs\aiston\Application\Runtime\Cache\Admin4\8cc9da63f96d0c1f732b83fc86897f12.php 第 462 行.
INFO: Run Behavior\ParseTemplateBehavior [ RunTime:0.029416s ]
INFO: [ view_parse ] --END-- [ RunTime:0.029485s ]
INFO: [ view_filter ] --START--
INFO: Run Behavior\WriteHtmlCacheBehavior [ RunTime:0.001496s ]
INFO: [ view_filter ] --END-- [ RunTime:0.001560s ]
INFO: [ app_end ] --START--
INFO: Run Behavior\ShowPageTraceBehavior [ RunTime:0.002016s ]
INFO: [ app_end ] --END-- [ RunTime:0.002093s ]

