[ 2016-05-07T15:10:15+08:00 ] ::1 /index.php/Admin
INFO: [ app_init ] --START--
INFO: Run Behavior\BuildLiteBehavior [ RunTime:0.000026s ]
INFO: [ app_init ] --END-- [ RunTime:0.000824s ]
INFO: [ app_begin ] --START--
INFO: Run Behavior\ReadHtmlCacheBehavior [ RunTime:0.001121s ]
INFO: [ app_begin ] --END-- [ RunTime:0.001312s ]

[ 2016-05-07T15:10:16+08:00 ] ::1 /index.php/Admin/User/login
INFO: [ app_init ] --START--
INFO: Run Behavior\BuildLiteBehavior [ RunTime:0.000017s ]
INFO: [ app_init ] --END-- [ RunTime:0.000558s ]
INFO: [ app_begin ] --START--
INFO: Run Behavior\ReadHtmlCacheBehavior [ RunTime:0.000871s ]
INFO: [ app_begin ] --END-- [ RunTime:0.000957s ]
INFO: [ view_parse ] --START--
INFO: [ template_filter ] --START--
INFO: Run Behavior\ContentReplaceBehavior [ RunTime:0.000083s ]
INFO: [ template_filter ] --END-- [ RunTime:0.000151s ]
INFO: Run Behavior\ParseTemplateBehavior [ RunTime:0.008916s ]
INFO: [ view_parse ] --END-- [ RunTime:0.009001s ]
INFO: [ view_filter ] --START--
INFO: Run Behavior\WriteHtmlCacheBehavior [ RunTime:0.000550s ]
INFO: [ view_filter ] --END-- [ RunTime:0.000599s ]
INFO: [ app_end ] --START--
INFO: Run Behavior\ShowPageTraceBehavior [ RunTime:0.000739s ]
INFO: [ app_end ] --END-- [ RunTime:0.000822s ]

[ 2016-05-07T15:10:16+08:00 ] ::1 /index.php/Admin/User/verify.html
INFO: [ app_init ] --START--
INFO: Run Behavior\BuildLiteBehavior [ RunTime:0.000018s ]
INFO: [ app_init ] --END-- [ RunTime:0.000525s ]
INFO: [ app_begin ] --START--
INFO: Run Behavior\ReadHtmlCacheBehavior [ RunTime:0.001548s ]
INFO: [ app_begin ] --END-- [ RunTime:0.002363s ]
INFO: [ app_end ] --START--
INFO: Run Behavior\ShowPageTraceBehavior [ RunTime:0.001392s ]
INFO: [ app_end ] --END-- [ RunTime:0.001529s ]

[ 2016-05-07T15:10:21+08:00 ] ::1 /index.php/Admin/User/login
INFO: [ app_init ] --START--
INFO: Run Behavior\BuildLiteBehavior [ RunTime:0.000017s ]
INFO: [ app_init ] --END-- [ RunTime:0.000526s ]
INFO: [ app_begin ] --START--
INFO: Run Behavior\ReadHtmlCacheBehavior [ RunTime:0.000733s ]
INFO: [ app_begin ] --END-- [ RunTime:0.000803s ]
INFO: [ view_parse ] --START--
INFO: [ template_filter ] --START--
INFO: Run Behavior\ContentReplaceBehavior [ RunTime:0.000084s ]
INFO: [ template_filter ] --END-- [ RunTime:0.000155s ]
INFO: Run Behavior\ParseTemplateBehavior [ RunTime:0.008599s ]
INFO: [ view_parse ] --END-- [ RunTime:0.008668s ]
INFO: [ view_filter ] --START--
INFO: Run Behavior\WriteHtmlCacheBehavior [ RunTime:0.000594s ]
INFO: [ view_filter ] --END-- [ RunTime:0.000646s ]
INFO: [ app_end ] --START--
INFO: Run Behavior\ShowPageTraceBehavior [ RunTime:0.000755s ]
INFO: [ app_end ] --END-- [ RunTime:0.000808s ]

[ 2016-05-07T15:10:22+08:00 ] ::1 /index.php/Admin/User/verify.html
INFO: [ app_init ] --START--
INFO: Run Behavior\BuildLiteBehavior [ RunTime:0.000032s ]
INFO: [ app_init ] --END-- [ RunTime:0.001033s ]
INFO: [ app_begin ] --START--
INFO: Run Behavior\ReadHtmlCacheBehavior [ RunTime:0.001439s ]
INFO: [ app_begin ] --END-- [ RunTime:0.001625s ]
INFO: [ app_end ] --START--
INFO: Run Behavior\ShowPageTraceBehavior [ RunTime:0.001178s ]
INFO: [ app_end ] --END-- [ RunTime:0.001313s ]

[ 2016-05-07T15:10:24+08:00 ] ::1 /index.php/Admin/User/verify.html?0.9796398621983826
INFO: [ app_init ] --START--
INFO: Run Behavior\BuildLiteBehavior [ RunTime:0.000016s ]
INFO: [ app_init ] --END-- [ RunTime:0.000656s ]
INFO: [ app_begin ] --START--
INFO: Run Behavior\ReadHtmlCacheBehavior [ RunTime:0.001139s ]
INFO: [ app_begin ] --END-- [ RunTime:0.001256s ]
INFO: [ app_end ] --START--
INFO: Run Behavior\ShowPageTraceBehavior [ RunTime:0.001039s ]
INFO: [ app_end ] --END-- [ RunTime:0.001117s ]

[ 2016-05-07T15:10:26+08:00 ] ::1 /index.php/Admin/User/verify.html?0.8315078383311629
INFO: [ app_init ] --START--
INFO: Run Behavior\BuildLiteBehavior [ RunTime:0.000017s ]
INFO: [ app_init ] --END-- [ RunTime:0.000515s ]
INFO: [ app_begin ] --START--
INFO: Run Behavior\ReadHtmlCacheBehavior [ RunTime:0.000831s ]
INFO: [ app_begin ] --END-- [ RunTime:0.000893s ]
INFO: [ app_end ] --START--
INFO: Run Behavior\ShowPageTraceBehavior [ RunTime:0.001098s ]
INFO: [ app_end ] --END-- [ RunTime:0.001178s ]

[ 2016-05-07T15:10:31+08:00 ] ::1 /index.php/Admin/User/login
INFO: [ app_init ] --START--
INFO: Run Behavior\BuildLiteBehavior [ RunTime:0.000014s ]
INFO: [ app_init ] --END-- [ RunTime:0.000457s ]
INFO: [ app_begin ] --START--
INFO: Run Behavior\ReadHtmlCacheBehavior [ RunTime:0.000890s ]
INFO: [ app_begin ] --END-- [ RunTime:0.000965s ]
INFO: [ view_parse ] --START--
INFO: [ template_filter ] --START--
INFO: Run Behavior\ContentReplaceBehavior [ RunTime:0.000083s ]
INFO: [ template_filter ] --END-- [ RunTime:0.000154s ]
INFO: Run Behavior\ParseTemplateBehavior [ RunTime:0.008557s ]
INFO: [ view_parse ] --END-- [ RunTime:0.008622s ]
INFO: [ view_filter ] --START--
INFO: Run Behavior\WriteHtmlCacheBehavior [ RunTime:0.000484s ]
INFO: [ view_filter ] --END-- [ RunTime:0.000543s ]
INFO: [ app_end ] --START--
INFO: Run Behavior\ShowPageTraceBehavior [ RunTime:0.000722s ]
INFO: [ app_end ] --END-- [ RunTime:0.000775s ]

[ 2016-05-07T15:10:32+08:00 ] ::1 /index.php/Admin/User/verify.html
INFO: [ app_init ] --START--
INFO: Run Behavior\BuildLiteBehavior [ RunTime:0.000029s ]
INFO: [ app_init ] --END-- [ RunTime:0.000787s ]
INFO: [ app_begin ] --START--
INFO: Run Behavior\ReadHtmlCacheBehavior [ RunTime:0.001606s ]
INFO: [ app_begin ] --END-- [ RunTime:0.001757s ]
INFO: [ app_end ] --START--
INFO: Run Behavior\ShowPageTraceBehavior [ RunTime:0.001427s ]
INFO: [ app_end ] --END-- [ RunTime:0.001555s ]

[ 2016-05-07T15:10:37+08:00 ] ::1 /index.php/Admin/User/login
INFO: [ app_init ] --START--
INFO: Run Behavior\BuildLiteBehavior [ RunTime:0.000017s ]
INFO: [ app_init ] --END-- [ RunTime:0.000511s ]
INFO: [ app_begin ] --START--
INFO: Run Behavior\ReadHtmlCacheBehavior [ RunTime:0.000820s ]
INFO: [ app_begin ] --END-- [ RunTime:0.000916s ]
SQL: SHOW COLUMNS FROM `ast_admin` [ RunTime:0.0063s ]
SQL: SELECT * FROM `ast_admin` WHERE `admin_username` = 'admin' LIMIT 1   [ RunTime:0.0005s ]
INFO: [ view_parse ] --START--
INFO: [ template_filter ] --START--
INFO: Run Behavior\ContentReplaceBehavior [ RunTime:0.000095s ]
INFO: [ template_filter ] --END-- [ RunTime:0.000184s ]
INFO: Run Behavior\ParseTemplateBehavior [ RunTime:0.008423s ]
INFO: [ view_parse ] --END-- [ RunTime:0.008500s ]
INFO: [ view_filter ] --START--
INFO: Run Behavior\WriteHtmlCacheBehavior [ RunTime:0.000490s ]
INFO: [ view_filter ] --END-- [ RunTime:0.000540s ]
INFO: [ app_end ] --START--
INFO: Run Behavior\ShowPageTraceBehavior [ RunTime:0.000833s ]
INFO: [ app_end ] --END-- [ RunTime:0.000908s ]

[ 2016-05-07T15:10:37+08:00 ] ::1 /index.php/Admin/User/verify.html
INFO: [ app_init ] --START--
INFO: Run Behavior\BuildLiteBehavior [ RunTime:0.000035s ]
INFO: [ app_init ] --END-- [ RunTime:0.000692s ]
INFO: [ app_begin ] --START--
INFO: Run Behavior\ReadHtmlCacheBehavior [ RunTime:0.001858s ]
INFO: [ app_begin ] --END-- [ RunTime:0.002000s ]
INFO: [ app_end ] --START--
INFO: Run Behavior\ShowPageTraceBehavior [ RunTime:0.000894s ]
INFO: [ app_end ] --END-- [ RunTime:0.000968s ]

[ 2016-05-07T15:10:37+08:00 ] ::1 /index.php/Admin/index
INFO: [ app_init ] --START--
INFO: Run Behavior\BuildLiteBehavior [ RunTime:0.000023s ]
INFO: [ app_init ] --END-- [ RunTime:0.000676s ]
INFO: [ app_begin ] --START--
INFO: Run Behavior\ReadHtmlCacheBehavior [ RunTime:0.001258s ]
INFO: [ app_begin ] --END-- [ RunTime:0.001358s ]
SQL: SHOW COLUMNS FROM `ast_admin` [ RunTime:0.0038s ]
SQL: SELECT * FROM `ast_admin`  [ RunTime:0.0004s ]
SQL: SELECT * FROM `ast_admin` WHERE `admin_id` = 1 LIMIT 1   [ RunTime:0.0003s ]
SQL: SHOW COLUMNS FROM `ast_nav` [ RunTime:0.0059s ]
SQL: SELECT * FROM `ast_nav`  [ RunTime:0.0006s ]
SQL: SELECT COUNT(*) AS tp_count FROM `ast_admin` LIMIT 1   [ RunTime:0.0015s ]
NOTIC: [2] Missing argument 3 for getAdminPage(), called in C:\xampp\htdocs\aiston\Application\Admin\Controller\CommonController.class.php on line 51 and defined C:\xampp\htdocs\aiston\Application\Common\Common\function.php 第 3 行.
NOTIC: [8] Undefined variable: num C:\xampp\htdocs\aiston\Application\Common\Common\function.php 第 4 行.
SQL: SELECT * FROM `ast_admin` ORDER BY admin_id LIMIT 0,10   [ RunTime:0.0004s ]
INFO: [ view_parse ] --START--
INFO: [ template_filter ] --START--
INFO: Run Behavior\ContentReplaceBehavior [ RunTime:0.000418s ]
INFO: [ template_filter ] --END-- [ RunTime:0.000487s ]
NOTIC: [8] Array to string conversion C:\xampp\htdocs\aiston\Application\Runtime\Cache\Admin\b595b808c2ebeeeb0478ffc30bb4e87a.php 第 226 行.
NOTIC: [8] Undefined variable: url C:\xampp\htdocs\aiston\Application\Runtime\Cache\Admin\b595b808c2ebeeeb0478ffc30bb4e87a.php 第 455 行.
NOTIC: [8] Undefined variable: url C:\xampp\htdocs\aiston\Application\Runtime\Cache\Admin\b595b808c2ebeeeb0478ffc30bb4e87a.php 第 458 行.
INFO: Run Behavior\ParseTemplateBehavior [ RunTime:0.026034s ]
INFO: [ view_parse ] --END-- [ RunTime:0.026100s ]
INFO: [ view_filter ] --START--
INFO: Run Behavior\WriteHtmlCacheBehavior [ RunTime:0.001092s ]
INFO: [ view_filter ] --END-- [ RunTime:0.001152s ]
INFO: [ app_end ] --START--
INFO: Run Behavior\ShowPageTraceBehavior [ RunTime:0.001664s ]
INFO: [ app_end ] --END-- [ RunTime:0.001758s ]

[ 2016-05-07T15:10:46+08:00 ] ::1 /index.php/Admin/Invest/index
INFO: [ app_init ] --START--
INFO: Run Behavior\BuildLiteBehavior [ RunTime:0.000019s ]
INFO: [ app_init ] --END-- [ RunTime:0.000507s ]
INFO: [ app_begin ] --START--
INFO: Run Behavior\ReadHtmlCacheBehavior [ RunTime:0.000782s ]
INFO: [ app_begin ] --END-- [ RunTime:0.000843s ]
SQL: SHOW COLUMNS FROM `ast_admin` [ RunTime:0.0038s ]
SQL: SELECT * FROM `ast_admin`  [ RunTime:0.0003s ]
SQL: SELECT * FROM `ast_admin` WHERE `admin_id` = 1 LIMIT 1   [ RunTime:0.0003s ]
SQL: SHOW COLUMNS FROM `ast_nav` [ RunTime:0.0042s ]
SQL: SELECT * FROM `ast_nav`  [ RunTime:0.0005s ]
SQL: SELECT COUNT(*) AS tp_count FROM `ast_admin` LIMIT 1   [ RunTime:0.0002s ]
NOTIC: [2] Missing argument 3 for getAdminPage(), called in C:\xampp\htdocs\aiston\Application\Admin\Controller\CommonController.class.php on line 51 and defined C:\xampp\htdocs\aiston\Application\Common\Common\function.php 第 3 行.
NOTIC: [8] Undefined variable: num C:\xampp\htdocs\aiston\Application\Common\Common\function.php 第 4 行.
SQL: SELECT * FROM `ast_admin` ORDER BY admin_id LIMIT 0,10   [ RunTime:0.0003s ]
SQL: SHOW COLUMNS FROM `ast_invest` [ RunTime:0.0040s ]
SQL: SELECT * FROM `ast_invest`  [ RunTime:0.0003s ]
INFO: [ view_parse ] --START--
INFO: [ template_filter ] --START--
INFO: Run Behavior\ContentReplaceBehavior [ RunTime:0.000593s ]
INFO: [ template_filter ] --END-- [ RunTime:0.000677s ]
NOTIC: [8] Undefined variable: cid C:\xampp\htdocs\aiston\Application\Runtime\Cache\Admin\5850179bf3d6e6af732c133593a85901.php 第 121 行.
NOTIC: [8] Undefined variable: acate C:\xampp\htdocs\aiston\Application\Runtime\Cache\Admin\5850179bf3d6e6af732c133593a85901.php 第 124 行.
NOTIC: [8] Undefined variable: cid C:\xampp\htdocs\aiston\Application\Runtime\Cache\Admin\5850179bf3d6e6af732c133593a85901.php 第 128 行.
NOTIC: [8] Undefined index: art_isshow C:\xampp\htdocs\aiston\Application\Runtime\Cache\Admin\5850179bf3d6e6af732c133593a85901.php 第 149 行.
NOTIC: [8] Undefined index: art_order C:\xampp\htdocs\aiston\Application\Runtime\Cache\Admin\5850179bf3d6e6af732c133593a85901.php 第 153 行.
NOTIC: [8] Undefined index: art_id C:\xampp\htdocs\aiston\Application\Runtime\Cache\Admin\5850179bf3d6e6af732c133593a85901.php 第 153 行.
NOTIC: [8] Undefined index: art_isshow C:\xampp\htdocs\aiston\Application\Runtime\Cache\Admin\5850179bf3d6e6af732c133593a85901.php 第 149 行.
NOTIC: [8] Undefined index: art_order C:\xampp\htdocs\aiston\Application\Runtime\Cache\Admin\5850179bf3d6e6af732c133593a85901.php 第 153 行.
NOTIC: [8] Undefined index: art_id C:\xampp\htdocs\aiston\Application\Runtime\Cache\Admin\5850179bf3d6e6af732c133593a85901.php 第 153 行.
NOTIC: [8] Undefined index: art_isshow C:\xampp\htdocs\aiston\Application\Runtime\Cache\Admin\5850179bf3d6e6af732c133593a85901.php 第 149 行.
NOTIC: [8] Undefined index: art_order C:\xampp\htdocs\aiston\Application\Runtime\Cache\Admin\5850179bf3d6e6af732c133593a85901.php 第 153 行.
NOTIC: [8] Undefined index: art_id C:\xampp\htdocs\aiston\Application\Runtime\Cache\Admin\5850179bf3d6e6af732c133593a85901.php 第 153 行.
NOTIC: [8] Undefined index: art_isshow C:\xampp\htdocs\aiston\Application\Runtime\Cache\Admin\5850179bf3d6e6af732c133593a85901.php 第 149 行.
NOTIC: [8] Undefined index: art_order C:\xampp\htdocs\aiston\Application\Runtime\Cache\Admin\5850179bf3d6e6af732c133593a85901.php 第 153 行.
NOTIC: [8] Undefined index: art_id C:\xampp\htdocs\aiston\Application\Runtime\Cache\Admin\5850179bf3d6e6af732c133593a85901.php 第 153 行.
NOTIC: [8] Undefined index: art_isshow C:\xampp\htdocs\aiston\Application\Runtime\Cache\Admin\5850179bf3d6e6af732c133593a85901.php 第 149 行.
NOTIC: [8] Undefined index: art_order C:\xampp\htdocs\aiston\Application\Runtime\Cache\Admin\5850179bf3d6e6af732c133593a85901.php 第 153 行.
NOTIC: [8] Undefined index: art_id C:\xampp\htdocs\aiston\Application\Runtime\Cache\Admin\5850179bf3d6e6af732c133593a85901.php 第 153 行.
NOTIC: [8] Undefined index: art_isshow C:\xampp\htdocs\aiston\Application\Runtime\Cache\Admin\5850179bf3d6e6af732c133593a85901.php 第 149 行.
NOTIC: [8] Undefined index: art_order C:\xampp\htdocs\aiston\Application\Runtime\Cache\Admin\5850179bf3d6e6af732c133593a85901.php 第 153 行.
NOTIC: [8] Undefined index: art_id C:\xampp\htdocs\aiston\Application\Runtime\Cache\Admin\5850179bf3d6e6af732c133593a85901.php 第 153 行.
NOTIC: [8] Undefined index: art_isshow C:\xampp\htdocs\aiston\Application\Runtime\Cache\Admin\5850179bf3d6e6af732c133593a85901.php 第 149 行.
NOTIC: [8] Undefined index: art_order C:\xampp\htdocs\aiston\Application\Runtime\Cache\Admin\5850179bf3d6e6af732c133593a85901.php 第 153 行.
NOTIC: [8] Undefined index: art_id C:\xampp\htdocs\aiston\Application\Runtime\Cache\Admin\5850179bf3d6e6af732c133593a85901.php 第 153 行.
NOTIC: [8] Undefined index: art_isshow C:\xampp\htdocs\aiston\Application\Runtime\Cache\Admin\5850179bf3d6e6af732c133593a85901.php 第 149 行.
NOTIC: [8] Undefined index: art_order C:\xampp\htdocs\aiston\Application\Runtime\Cache\Admin\5850179bf3d6e6af732c133593a85901.php 第 153 行.
NOTIC: [8] Undefined index: art_id C:\xampp\htdocs\aiston\Application\Runtime\Cache\Admin\5850179bf3d6e6af732c133593a85901.php 第 153 行.
NOTIC: [8] Undefined variable: show C:\xampp\htdocs\aiston\Application\Runtime\Cache\Admin\5850179bf3d6e6af732c133593a85901.php 第 160 行.
NOTIC: [8] Array to string conversion C:\xampp\htdocs\aiston\Application\Runtime\Cache\Admin\5850179bf3d6e6af732c133593a85901.php 第 371 行.
NOTIC: [8] Undefined variable: url C:\xampp\htdocs\aiston\Application\Runtime\Cache\Admin\5850179bf3d6e6af732c133593a85901.php 第 600 行.
NOTIC: [8] Undefined variable: url C:\xampp\htdocs\aiston\Application\Runtime\Cache\Admin\5850179bf3d6e6af732c133593a85901.php 第 603 行.
INFO: Run Behavior\ParseTemplateBehavior [ RunTime:0.027513s ]
INFO: [ view_parse ] --END-- [ RunTime:0.027581s ]
INFO: [ view_filter ] --START--
INFO: Run Behavior\WriteHtmlCacheBehavior [ RunTime:0.000531s ]
INFO: [ view_filter ] --END-- [ RunTime:0.000581s ]
INFO: [ app_end ] --START--
INFO: Run Behavior\ShowPageTraceBehavior [ RunTime:0.001245s ]
INFO: [ app_end ] --END-- [ RunTime:0.001344s ]

[ 2016-05-07T15:12:53+08:00 ] ::1 /index.php/Admin/Invest/index
INFO: [ app_init ] --START--
INFO: Run Behavior\BuildLiteBehavior [ RunTime:0.000019s ]
INFO: [ app_init ] --END-- [ RunTime:0.000624s ]
INFO: [ app_begin ] --START--
INFO: Run Behavior\ReadHtmlCacheBehavior [ RunTime:0.001272s ]
INFO: [ app_begin ] --END-- [ RunTime:0.001401s ]
SQL: SHOW COLUMNS FROM `ast_admin` [ RunTime:0.0046s ]
SQL: SELECT * FROM `ast_admin`  [ RunTime:0.0004s ]
SQL: SELECT * FROM `ast_admin` WHERE `admin_id` = 1 LIMIT 1   [ RunTime:0.0003s ]
SQL: SHOW COLUMNS FROM `ast_nav` [ RunTime:0.0039s ]
SQL: SELECT * FROM `ast_nav`  [ RunTime:0.0004s ]
SQL: SELECT COUNT(*) AS tp_count FROM `ast_admin` LIMIT 1   [ RunTime:0.0002s ]
NOTIC: [2] Missing argument 3 for getAdminPage(), called in C:\xampp\htdocs\aiston\Application\Admin\Controller\CommonController.class.php on line 51 and defined C:\xampp\htdocs\aiston\Application\Common\Common\function.php 第 3 行.
NOTIC: [8] Undefined variable: num C:\xampp\htdocs\aiston\Application\Common\Common\function.php 第 4 行.
SQL: SELECT * FROM `ast_admin` ORDER BY admin_id LIMIT 0,10   [ RunTime:0.0006s ]
SQL: SHOW COLUMNS FROM `ast_invest` [ RunTime:0.0040s ]
SQL: SELECT * FROM `ast_invest`  [ RunTime:0.0004s ]
INFO: [ view_parse ] --START--
INFO: [ template_filter ] --START--
INFO: Run Behavior\ContentReplaceBehavior [ RunTime:0.000490s ]
INFO: [ template_filter ] --END-- [ RunTime:0.000557s ]
NOTIC: [8] Undefined variable: cid C:\xampp\htdocs\aiston\Application\Runtime\Cache\Admin\5850179bf3d6e6af732c133593a85901.php 第 121 行.
NOTIC: [8] Undefined variable: acate C:\xampp\htdocs\aiston\Application\Runtime\Cache\Admin\5850179bf3d6e6af732c133593a85901.php 第 124 行.
NOTIC: [8] Undefined variable: cid C:\xampp\htdocs\aiston\Application\Runtime\Cache\Admin\5850179bf3d6e6af732c133593a85901.php 第 128 行.
NOTIC: [8] Undefined index: art_isshow C:\xampp\htdocs\aiston\Application\Runtime\Cache\Admin\5850179bf3d6e6af732c133593a85901.php 第 149 行.
NOTIC: [8] Undefined index: art_order C:\xampp\htdocs\aiston\Application\Runtime\Cache\Admin\5850179bf3d6e6af732c133593a85901.php 第 153 行.
NOTIC: [8] Undefined index: art_id C:\xampp\htdocs\aiston\Application\Runtime\Cache\Admin\5850179bf3d6e6af732c133593a85901.php 第 153 行.
NOTIC: [8] Undefined index: art_isshow C:\xampp\htdocs\aiston\Application\Runtime\Cache\Admin\5850179bf3d6e6af732c133593a85901.php 第 149 行.
NOTIC: [8] Undefined index: art_order C:\xampp\htdocs\aiston\Application\Runtime\Cache\Admin\5850179bf3d6e6af732c133593a85901.php 第 153 行.
NOTIC: [8] Undefined index: art_id C:\xampp\htdocs\aiston\Application\Runtime\Cache\Admin\5850179bf3d6e6af732c133593a85901.php 第 153 行.
NOTIC: [8] Undefined index: art_isshow C:\xampp\htdocs\aiston\Application\Runtime\Cache\Admin\5850179bf3d6e6af732c133593a85901.php 第 149 行.
NOTIC: [8] Undefined index: art_order C:\xampp\htdocs\aiston\Application\Runtime\Cache\Admin\5850179bf3d6e6af732c133593a85901.php 第 153 行.
NOTIC: [8] Undefined index: art_id C:\xampp\htdocs\aiston\Application\Runtime\Cache\Admin\5850179bf3d6e6af732c133593a85901.php 第 153 行.
NOTIC: [8] Undefined index: art_isshow C:\xampp\htdocs\aiston\Application\Runtime\Cache\Admin\5850179bf3d6e6af732c133593a85901.php 第 149 行.
NOTIC: [8] Undefined index: art_order C:\xampp\htdocs\aiston\Application\Runtime\Cache\Admin\5850179bf3d6e6af732c133593a85901.php 第 153 行.
NOTIC: [8] Undefined index: art_id C:\xampp\htdocs\aiston\Application\Runtime\Cache\Admin\5850179bf3d6e6af732c133593a85901.php 第 153 行.
NOTIC: [8] Undefined index: art_isshow C:\xampp\htdocs\aiston\Application\Runtime\Cache\Admin\5850179bf3d6e6af732c133593a85901.php 第 149 行.
NOTIC: [8] Undefined index: art_order C:\xampp\htdocs\aiston\Application\Runtime\Cache\Admin\5850179bf3d6e6af732c133593a85901.php 第 153 行.
NOTIC: [8] Undefined index: art_id C:\xampp\htdocs\aiston\Application\Runtime\Cache\Admin\5850179bf3d6e6af732c133593a85901.php 第 153 行.
NOTIC: [8] Undefined index: art_isshow C:\xampp\htdocs\aiston\Application\Runtime\Cache\Admin\5850179bf3d6e6af732c133593a85901.php 第 149 行.
NOTIC: [8] Undefined index: art_order C:\xampp\htdocs\aiston\Application\Runtime\Cache\Admin\5850179bf3d6e6af732c133593a85901.php 第 153 行.
NOTIC: [8] Undefined index: art_id C:\xampp\htdocs\aiston\Application\Runtime\Cache\Admin\5850179bf3d6e6af732c133593a85901.php 第 153 行.
NOTIC: [8] Undefined index: art_isshow C:\xampp\htdocs\aiston\Application\Runtime\Cache\Admin\5850179bf3d6e6af732c133593a85901.php 第 149 行.
NOTIC: [8] Undefined index: art_order C:\xampp\htdocs\aiston\Application\Runtime\Cache\Admin\5850179bf3d6e6af732c133593a85901.php 第 153 行.
NOTIC: [8] Undefined index: art_id C:\xampp\htdocs\aiston\Application\Runtime\Cache\Admin\5850179bf3d6e6af732c133593a85901.php 第 153 行.
NOTIC: [8] Undefined index: art_isshow C:\xampp\htdocs\aiston\Application\Runtime\Cache\Admin\5850179bf3d6e6af732c133593a85901.php 第 149 行.
NOTIC: [8] Undefined index: art_order C:\xampp\htdocs\aiston\Application\Runtime\Cache\Admin\5850179bf3d6e6af732c133593a85901.php 第 153 行.
NOTIC: [8] Undefined index: art_id C:\xampp\htdocs\aiston\Application\Runtime\Cache\Admin\5850179bf3d6e6af732c133593a85901.php 第 153 行.
NOTIC: [8] Undefined variable: show C:\xampp\htdocs\aiston\Application\Runtime\Cache\Admin\5850179bf3d6e6af732c133593a85901.php 第 160 行.
NOTIC: [8] Array to string conversion C:\xampp\htdocs\aiston\Application\Runtime\Cache\Admin\5850179bf3d6e6af732c133593a85901.php 第 371 行.
NOTIC: [8] Undefined variable: url C:\xampp\htdocs\aiston\Application\Runtime\Cache\Admin\5850179bf3d6e6af732c133593a85901.php 第 600 行.
NOTIC: [8] Undefined variable: url C:\xampp\htdocs\aiston\Application\Runtime\Cache\Admin\5850179bf3d6e6af732c133593a85901.php 第 603 行.
INFO: Run Behavior\ParseTemplateBehavior [ RunTime:0.027392s ]
INFO: [ view_parse ] --END-- [ RunTime:0.027453s ]
INFO: [ view_filter ] --START--
INFO: Run Behavior\WriteHtmlCacheBehavior [ RunTime:0.000516s ]
INFO: [ view_filter ] --END-- [ RunTime:0.000564s ]
INFO: [ app_end ] --START--
INFO: Run Behavior\ShowPageTraceBehavior [ RunTime:0.001242s ]
INFO: [ app_end ] --END-- [ RunTime:0.001331s ]

[ 2016-05-07T15:13:00+08:00 ] ::1 /index.php/Admin/Message/index
INFO: [ app_init ] --START--
INFO: Run Behavior\BuildLiteBehavior [ RunTime:0.000017s ]
INFO: [ app_init ] --END-- [ RunTime:0.000620s ]
INFO: [ app_begin ] --START--
INFO: Run Behavior\ReadHtmlCacheBehavior [ RunTime:0.001070s ]
INFO: [ app_begin ] --END-- [ RunTime:0.001177s ]
SQL: SHOW COLUMNS FROM `ast_admin` [ RunTime:0.0038s ]
SQL: SELECT * FROM `ast_admin`  [ RunTime:0.0004s ]
SQL: SELECT * FROM `ast_admin` WHERE `admin_id` = 1 LIMIT 1   [ RunTime:0.0003s ]
SQL: SHOW COLUMNS FROM `ast_nav` [ RunTime:0.0038s ]
SQL: SELECT * FROM `ast_nav`  [ RunTime:0.0004s ]
SQL: SELECT COUNT(*) AS tp_count FROM `ast_admin` LIMIT 1   [ RunTime:0.0002s ]
NOTIC: [2] Missing argument 3 for getAdminPage(), called in C:\xampp\htdocs\aiston\Application\Admin\Controller\CommonController.class.php on line 51 and defined C:\xampp\htdocs\aiston\Application\Common\Common\function.php 第 3 行.
NOTIC: [8] Undefined variable: num C:\xampp\htdocs\aiston\Application\Common\Common\function.php 第 4 行.
SQL: SELECT * FROM `ast_admin` ORDER BY admin_id LIMIT 0,10   [ RunTime:0.0004s ]
SQL: SHOW COLUMNS FROM `ast_message` [ RunTime:0.0049s ]
SQL: SELECT COUNT(*) AS tp_count FROM `ast_message` LIMIT 1   [ RunTime:0.0004s ]
SQL: SELECT * FROM `ast_message` ORDER BY msg_addtime DESC LIMIT 0,10   [ RunTime:0.0008s ]
INFO: [ view_parse ] --START--
INFO: [ template_filter ] --START--
INFO: Run Behavior\ContentReplaceBehavior [ RunTime:0.000422s ]
INFO: [ template_filter ] --END-- [ RunTime:0.000486s ]
NOTIC: [8] Array to string conversion C:\xampp\htdocs\aiston\Application\Runtime\Cache\Admin\e1ad611a04673ac9fc78d17e28cd370b.php 第 279 行.
NOTIC: [8] Undefined variable: url C:\xampp\htdocs\aiston\Application\Runtime\Cache\Admin\e1ad611a04673ac9fc78d17e28cd370b.php 第 508 行.
NOTIC: [8] Undefined variable: url C:\xampp\htdocs\aiston\Application\Runtime\Cache\Admin\e1ad611a04673ac9fc78d17e28cd370b.php 第 511 行.
INFO: Run Behavior\ParseTemplateBehavior [ RunTime:0.024349s ]
INFO: [ view_parse ] --END-- [ RunTime:0.024435s ]
INFO: [ view_filter ] --START--
INFO: Run Behavior\WriteHtmlCacheBehavior [ RunTime:0.000800s ]
INFO: [ view_filter ] --END-- [ RunTime:0.000862s ]
INFO: [ app_end ] --START--
INFO: Run Behavior\ShowPageTraceBehavior [ RunTime:0.002233s ]
INFO: [ app_end ] --END-- [ RunTime:0.002371s ]

[ 2016-05-07T15:13:15+08:00 ] ::1 /index.php/Admin/Message/index
INFO: [ app_init ] --START--
INFO: Run Behavior\BuildLiteBehavior [ RunTime:0.000025s ]
INFO: [ app_init ] --END-- [ RunTime:0.000854s ]
INFO: [ app_begin ] --START--
INFO: Run Behavior\ReadHtmlCacheBehavior [ RunTime:0.000938s ]
INFO: [ app_begin ] --END-- [ RunTime:0.001061s ]
SQL: SHOW COLUMNS FROM `ast_admin` [ RunTime:0.0039s ]
SQL: SELECT * FROM `ast_admin`  [ RunTime:0.0004s ]
SQL: SELECT * FROM `ast_admin` WHERE `admin_id` = 1 LIMIT 1   [ RunTime:0.0003s ]
SQL: SHOW COLUMNS FROM `ast_nav` [ RunTime:0.0044s ]
SQL: SELECT * FROM `ast_nav`  [ RunTime:0.0005s ]
SQL: SELECT COUNT(*) AS tp_count FROM `ast_admin` LIMIT 1   [ RunTime:0.0003s ]
NOTIC: [2] Missing argument 3 for getAdminPage(), called in C:\xampp\htdocs\aiston\Application\Admin\Controller\CommonController.class.php on line 51 and defined C:\xampp\htdocs\aiston\Application\Common\Common\function.php 第 3 行.
NOTIC: [8] Undefined variable: num C:\xampp\htdocs\aiston\Application\Common\Common\function.php 第 4 行.
SQL: SELECT * FROM `ast_admin` ORDER BY admin_id LIMIT 0,10   [ RunTime:0.0007s ]
SQL: SHOW COLUMNS FROM `ast_message` [ RunTime:0.0044s ]
SQL: SELECT COUNT(*) AS tp_count FROM `ast_message` LIMIT 1   [ RunTime:0.0002s ]
SQL: SELECT * FROM `ast_message` ORDER BY msg_addtime DESC LIMIT 0,10   [ RunTime:0.0006s ]
INFO: [ view_parse ] --START--
INFO: [ template_filter ] --START--
INFO: Run Behavior\ContentReplaceBehavior [ RunTime:0.000417s ]
INFO: [ template_filter ] --END-- [ RunTime:0.000481s ]
NOTIC: [8] Array to string conversion C:\xampp\htdocs\aiston\Application\Runtime\Cache\Admin\e1ad611a04673ac9fc78d17e28cd370b.php 第 279 行.
NOTIC: [8] Undefined variable: url C:\xampp\htdocs\aiston\Application\Runtime\Cache\Admin\e1ad611a04673ac9fc78d17e28cd370b.php 第 508 行.
NOTIC: [8] Undefined variable: url C:\xampp\htdocs\aiston\Application\Runtime\Cache\Admin\e1ad611a04673ac9fc78d17e28cd370b.php 第 511 行.
INFO: Run Behavior\ParseTemplateBehavior [ RunTime:0.024415s ]
INFO: [ view_parse ] --END-- [ RunTime:0.024475s ]
INFO: [ view_filter ] --START--
INFO: Run Behavior\WriteHtmlCacheBehavior [ RunTime:0.000643s ]
INFO: [ view_filter ] --END-- [ RunTime:0.000705s ]
INFO: [ app_end ] --START--
INFO: Run Behavior\ShowPageTraceBehavior [ RunTime:0.001165s ]
INFO: [ app_end ] --END-- [ RunTime:0.001254s ]

[ 2016-05-07T15:33:12+08:00 ] ::1 /index.php/Admin/Product/index
INFO: [ app_init ] --START--
INFO: Run Behavior\BuildLiteBehavior [ RunTime:0.000015s ]
INFO: [ app_init ] --END-- [ RunTime:0.000514s ]
INFO: [ app_begin ] --START--
INFO: Run Behavior\ReadHtmlCacheBehavior [ RunTime:0.000897s ]
INFO: [ app_begin ] --END-- [ RunTime:0.001024s ]
SQL: SHOW COLUMNS FROM `ast_admin` [ RunTime:0.0038s ]
SQL: SELECT * FROM `ast_admin`  [ RunTime:0.0003s ]
SQL: SELECT * FROM `ast_admin` WHERE `admin_id` = 1 LIMIT 1   [ RunTime:0.0003s ]
SQL: SHOW COLUMNS FROM `ast_nav` [ RunTime:0.0038s ]
SQL: SELECT * FROM `ast_nav`  [ RunTime:0.0005s ]
SQL: SELECT COUNT(*) AS tp_count FROM `ast_admin` LIMIT 1   [ RunTime:0.0002s ]
NOTIC: [2] Missing argument 3 for getAdminPage(), called in C:\xampp\htdocs\aiston\Application\Admin\Controller\CommonController.class.php on line 51 and defined C:\xampp\htdocs\aiston\Application\Common\Common\function.php 第 3 行.
NOTIC: [8] Undefined variable: num C:\xampp\htdocs\aiston\Application\Common\Common\function.php 第 4 行.
SQL: SELECT * FROM `ast_admin` ORDER BY admin_id LIMIT 0,10   [ RunTime:0.0004s ]
SQL: SHOW COLUMNS FROM `ast_product` [ RunTime:0.0040s ]
SQL: SHOW COLUMNS FROM `ast_procate` [ RunTime:0.0043s ]
SQL: SELECT * FROM `ast_procate` WHERE `cate_id` = 0 LIMIT 1   [ RunTime:0.0004s ]
SQL: SELECT * FROM `ast_procate` WHERE `cate_id` = 0 LIMIT 1   [ RunTime:0.0002s ]
SQL: SELECT * FROM `ast_procate` WHERE `cate_pid` = 0  [ RunTime:0.0003s ]
SQL: SELECT * FROM `ast_procate` WHERE `cate_pid` = 0  [ RunTime:0.0005s ]
SQL: SELECT COUNT(*) AS tp_count FROM `ast_product` LIMIT 1   [ RunTime:0.0002s ]
SQL: SELECT * FROM `ast_product` INNER JOIN `ast_procate` ON ast_product.pro_cate_id = ast_procate.cate_id  ORDER BY pro_addtime DESC LIMIT 0,10   [ RunTime:0.0049s ]
SQL: SHOW COLUMNS FROM `ast_procomment` [ RunTime:0.0060s ]
SQL: SELECT * FROM `ast_procomment`  [ RunTime:0.0002s ]
INFO: [ view_parse ] --START--
INFO: [ template_filter ] --START--
INFO: Run Behavior\ContentReplaceBehavior [ RunTime:0.000680s ]
INFO: [ template_filter ] --END-- [ RunTime:0.000774s ]
NOTIC: [8] Undefined index: mentNum C:\xampp\htdocs\aiston\Application\Runtime\Cache\Admin\34e4b095905075aaede5ee9039415509.php 第 159 行.
NOTIC: [8] Undefined index: mentNum C:\xampp\htdocs\aiston\Application\Runtime\Cache\Admin\34e4b095905075aaede5ee9039415509.php 第 159 行.
NOTIC: [8] Undefined index: mentNum C:\xampp\htdocs\aiston\Application\Runtime\Cache\Admin\34e4b095905075aaede5ee9039415509.php 第 159 行.
NOTIC: [8] Undefined index: mentNum C:\xampp\htdocs\aiston\Application\Runtime\Cache\Admin\34e4b095905075aaede5ee9039415509.php 第 159 行.
NOTIC: [8] Array to string conversion C:\xampp\htdocs\aiston\Application\Runtime\Cache\Admin\34e4b095905075aaede5ee9039415509.php 第 382 行.
INFO: Run Behavior\ParseTemplateBehavior [ RunTime:0.029410s ]
INFO: [ view_parse ] --END-- [ RunTime:0.029481s ]
INFO: [ view_filter ] --START--
INFO: Run Behavior\WriteHtmlCacheBehavior [ RunTime:0.000500s ]
INFO: [ view_filter ] --END-- [ RunTime:0.000548s ]
INFO: [ app_end ] --START--
INFO: Run Behavior\ShowPageTraceBehavior [ RunTime:0.000936s ]
INFO: [ app_end ] --END-- [ RunTime:0.001104s ]

[ 2016-05-07T15:33:14+08:00 ] ::1 /index.php/Admin/Product/editor/aid/1.html
INFO: [ app_init ] --START--
INFO: Run Behavior\BuildLiteBehavior [ RunTime:0.000017s ]
INFO: [ app_init ] --END-- [ RunTime:0.000472s ]
INFO: [ app_begin ] --START--
INFO: Run Behavior\ReadHtmlCacheBehavior [ RunTime:0.000727s ]
INFO: [ app_begin ] --END-- [ RunTime:0.000790s ]
SQL: SHOW COLUMNS FROM `ast_admin` [ RunTime:0.0040s ]
SQL: SELECT * FROM `ast_admin`  [ RunTime:0.0004s ]
SQL: SELECT * FROM `ast_admin` WHERE `admin_id` = 1 LIMIT 1   [ RunTime:0.0003s ]
SQL: SHOW COLUMNS FROM `ast_nav` [ RunTime:0.0037s ]
SQL: SELECT * FROM `ast_nav`  [ RunTime:0.0004s ]
SQL: SELECT COUNT(*) AS tp_count FROM `ast_admin` LIMIT 1   [ RunTime:0.0003s ]
NOTIC: [2] Missing argument 3 for getAdminPage(), called in C:\xampp\htdocs\aiston\Application\Admin\Controller\CommonController.class.php on line 51 and defined C:\xampp\htdocs\aiston\Application\Common\Common\function.php 第 3 行.
NOTIC: [8] Undefined variable: num C:\xampp\htdocs\aiston\Application\Common\Common\function.php 第 4 行.
SQL: SELECT * FROM `ast_admin` ORDER BY admin_id LIMIT 0,10   [ RunTime:0.0005s ]
SQL: SHOW COLUMNS FROM `ast_product` [ RunTime:0.0041s ]
SQL: SHOW COLUMNS FROM `ast_procate` [ RunTime:0.0040s ]
SQL: SELECT * FROM `ast_procate` WHERE `cate_pid` = 0  [ RunTime:0.0005s ]
SQL: SELECT * FROM `ast_product` INNER JOIN `ast_procate` ON ast_product.pro_cate_id = ast_procate.cate_id  WHERE `pro_id` = '1' LIMIT 1   [ RunTime:0.0004s ]
SQL: SELECT * FROM `ast_procate` WHERE `cate_id` = 1 LIMIT 1   [ RunTime:0.0004s ]
SQL: SELECT * FROM `ast_procate` WHERE `cate_pid` = 1  [ RunTime:0.0005s ]
INFO: [ view_parse ] --START--
INFO: [ template_filter ] --START--
INFO: Run Behavior\ContentReplaceBehavior [ RunTime:0.000538s ]
INFO: [ template_filter ] --END-- [ RunTime:0.000607s ]
NOTIC: [8] Undefined index: cate_id C:\xampp\htdocs\aiston\Application\Runtime\Cache\Admin\ff1da0ba5422663b3c19722bb1f1956c.php 第 137 行.
NOTIC: [8] Undefined variable: htmlData C:\xampp\htdocs\aiston\Application\Runtime\Cache\Admin\ff1da0ba5422663b3c19722bb1f1956c.php 第 151 行.
NOTIC: [8] Undefined variable: htmlData C:\xampp\htdocs\aiston\Application\Runtime\Cache\Admin\ff1da0ba5422663b3c19722bb1f1956c.php 第 151 行.
NOTIC: [8] Array to string conversion C:\xampp\htdocs\aiston\Application\Runtime\Cache\Admin\ff1da0ba5422663b3c19722bb1f1956c.php 第 320 行.
NOTIC: [8] Undefined variable: url C:\xampp\htdocs\aiston\Application\Runtime\Cache\Admin\ff1da0ba5422663b3c19722bb1f1956c.php 第 549 行.
NOTIC: [8] Undefined variable: url C:\xampp\htdocs\aiston\Application\Runtime\Cache\Admin\ff1da0ba5422663b3c19722bb1f1956c.php 第 552 行.
INFO: Run Behavior\ParseTemplateBehavior [ RunTime:0.029396s ]
INFO: [ view_parse ] --END-- [ RunTime:0.029505s ]
INFO: [ view_filter ] --START--
INFO: Run Behavior\WriteHtmlCacheBehavior [ RunTime:0.000970s ]
INFO: [ view_filter ] --END-- [ RunTime:0.001038s ]
INFO: [ app_end ] --START--
INFO: Run Behavior\ShowPageTraceBehavior [ RunTime:0.001851s ]
INFO: [ app_end ] --END-- [ RunTime:0.002029s ]

[ 2016-05-07T15:33:25+08:00 ] ::1 /index.php/Admin/Product/editor/aid/1.html
INFO: [ app_init ] --START--
INFO: Run Behavior\BuildLiteBehavior [ RunTime:0.000017s ]
INFO: [ app_init ] --END-- [ RunTime:0.000470s ]
INFO: [ app_begin ] --START--
INFO: Run Behavior\ReadHtmlCacheBehavior [ RunTime:0.000790s ]
INFO: [ app_begin ] --END-- [ RunTime:0.000871s ]
SQL: SHOW COLUMNS FROM `ast_admin` [ RunTime:0.0042s ]
SQL: SELECT * FROM `ast_admin`  [ RunTime:0.0006s ]
SQL: SELECT * FROM `ast_admin` WHERE `admin_id` = 1 LIMIT 1   [ RunTime:0.0005s ]
SQL: SHOW COLUMNS FROM `ast_nav` [ RunTime:0.0040s ]
SQL: SELECT * FROM `ast_nav`  [ RunTime:0.0005s ]
SQL: SELECT COUNT(*) AS tp_count FROM `ast_admin` LIMIT 1   [ RunTime:0.0002s ]
NOTIC: [2] Missing argument 3 for getAdminPage(), called in C:\xampp\htdocs\aiston\Application\Admin\Controller\CommonController.class.php on line 51 and defined C:\xampp\htdocs\aiston\Application\Common\Common\function.php 第 3 行.
NOTIC: [8] Undefined variable: num C:\xampp\htdocs\aiston\Application\Common\Common\function.php 第 4 行.
SQL: SELECT * FROM `ast_admin` ORDER BY admin_id LIMIT 0,10   [ RunTime:0.0004s ]
SQL: SHOW COLUMNS FROM `ast_product` [ RunTime:0.0041s ]
SQL: SHOW COLUMNS FROM `ast_procate` [ RunTime:0.0045s ]
SQL: SELECT * FROM `ast_procate` WHERE `cate_pid` = 0  [ RunTime:0.0005s ]
SQL: SELECT * FROM `ast_product` INNER JOIN `ast_procate` ON ast_product.pro_cate_id = ast_procate.cate_id  WHERE `pro_id` = '1' LIMIT 1   [ RunTime:0.0007s ]
SQL: SELECT * FROM `ast_procate` WHERE `cate_id` = 1 LIMIT 1   [ RunTime:0.0003s ]
SQL: SELECT * FROM `ast_procate` WHERE `cate_pid` = 1  [ RunTime:0.0003s ]
SQL: UPDATE `ast_product` SET `pro_name`='A类产品',`pro_cate_id`='1',`pro_isshow`='1',`pro_from`='A',`pro_summary`='A类产品',`pro_introduction`='&lt;p&gt;
	&lt;strong&gt;A类产品A类产品A类产品&lt;/strong&gt;&lt;span style=&quot;line-height:1.5;&quot;&gt;&lt;strong&gt;A类产品A类产品A类产品A类产品&lt;/strong&gt;&lt;/span&gt;&lt;span style=&quot;line-height:1.5;&quot;&gt;&lt;strong&gt;A类产品&lt;/strong&gt;&lt;/span&gt;
&lt;/p&gt;',`pro_general_price`='0',`pro_member_price`='0',`pro_addtime`='1462606405' WHERE `pro_id` = 1 [ RunTime:0.0018s ]
INFO: [ view_parse ] --START--
INFO: [ template_filter ] --START--
INFO: Run Behavior\ContentReplaceBehavior [ RunTime:0.000650s ]
INFO: [ template_filter ] --END-- [ RunTime:0.000735s ]
NOTIC: [8] Undefined index: cate_id C:\xampp\htdocs\aiston\Application\Runtime\Cache\Admin\ff1da0ba5422663b3c19722bb1f1956c.php 第 137 行.
NOTIC: [8] Undefined variable: htmlData C:\xampp\htdocs\aiston\Application\Runtime\Cache\Admin\ff1da0ba5422663b3c19722bb1f1956c.php 第 151 行.
NOTIC: [8] Undefined variable: htmlData C:\xampp\htdocs\aiston\Application\Runtime\Cache\Admin\ff1da0ba5422663b3c19722bb1f1956c.php 第 151 行.
NOTIC: [8] Array to string conversion C:\xampp\htdocs\aiston\Application\Runtime\Cache\Admin\ff1da0ba5422663b3c19722bb1f1956c.php 第 320 行.
NOTIC: [8] Undefined variable: url C:\xampp\htdocs\aiston\Application\Runtime\Cache\Admin\ff1da0ba5422663b3c19722bb1f1956c.php 第 549 行.
NOTIC: [8] Undefined variable: url C:\xampp\htdocs\aiston\Application\Runtime\Cache\Admin\ff1da0ba5422663b3c19722bb1f1956c.php 第 552 行.
INFO: Run Behavior\ParseTemplateBehavior [ RunTime:0.029132s ]
INFO: [ view_parse ] --END-- [ RunTime:0.029207s ]
INFO: [ view_filter ] --START--
INFO: Run Behavior\WriteHtmlCacheBehavior [ RunTime:0.000515s ]
INFO: [ view_filter ] --END-- [ RunTime:0.000564s ]
INFO: [ app_end ] --START--
INFO: Run Behavior\ShowPageTraceBehavior [ RunTime:0.001085s ]
INFO: [ app_end ] --END-- [ RunTime:0.001164s ]

[ 2016-05-07T15:33:25+08:00 ] ::1 /index.php/Admin/Product/index
INFO: [ app_init ] --START--
INFO: Run Behavior\BuildLiteBehavior [ RunTime:0.000026s ]
INFO: [ app_init ] --END-- [ RunTime:0.000861s ]
INFO: [ app_begin ] --START--
INFO: Run Behavior\ReadHtmlCacheBehavior [ RunTime:0.001038s ]
INFO: [ app_begin ] --END-- [ RunTime:0.001160s ]
SQL: SHOW COLUMNS FROM `ast_admin` [ RunTime:0.0051s ]
SQL: SELECT * FROM `ast_admin`  [ RunTime:0.0004s ]
SQL: SELECT * FROM `ast_admin` WHERE `admin_id` = 1 LIMIT 1   [ RunTime:0.0003s ]
SQL: SHOW COLUMNS FROM `ast_nav` [ RunTime:0.0054s ]
SQL: SELECT * FROM `ast_nav`  [ RunTime:0.0005s ]
SQL: SELECT COUNT(*) AS tp_count FROM `ast_admin` LIMIT 1   [ RunTime:0.0029s ]
NOTIC: [2] Missing argument 3 for getAdminPage(), called in C:\xampp\htdocs\aiston\Application\Admin\Controller\CommonController.class.php on line 51 and defined C:\xampp\htdocs\aiston\Application\Common\Common\function.php 第 3 行.
NOTIC: [8] Undefined variable: num C:\xampp\htdocs\aiston\Application\Common\Common\function.php 第 4 行.
SQL: SELECT * FROM `ast_admin` ORDER BY admin_id LIMIT 0,10   [ RunTime:0.0008s ]
SQL: SHOW COLUMNS FROM `ast_product` [ RunTime:0.0075s ]
SQL: SHOW COLUMNS FROM `ast_procate` [ RunTime:0.0058s ]
SQL: SELECT * FROM `ast_procate` WHERE `cate_id` = 0 LIMIT 1   [ RunTime:0.0002s ]
SQL: SELECT * FROM `ast_procate` WHERE `cate_id` = 0 LIMIT 1   [ RunTime:0.0001s ]
SQL: SELECT * FROM `ast_procate` WHERE `cate_pid` = 0  [ RunTime:0.0003s ]
SQL: SELECT * FROM `ast_procate` WHERE `cate_pid` = 0  [ RunTime:0.0002s ]
SQL: SELECT COUNT(*) AS tp_count FROM `ast_product` LIMIT 1   [ RunTime:0.0001s ]
SQL: SELECT * FROM `ast_product` INNER JOIN `ast_procate` ON ast_product.pro_cate_id = ast_procate.cate_id  ORDER BY pro_addtime DESC LIMIT 0,10   [ RunTime:0.0039s ]
SQL: SHOW COLUMNS FROM `ast_procomment` [ RunTime:0.0043s ]
SQL: SELECT * FROM `ast_procomment`  [ RunTime:0.0006s ]
INFO: [ view_parse ] --START--
INFO: [ template_filter ] --START--
INFO: Run Behavior\ContentReplaceBehavior [ RunTime:0.000463s ]
INFO: [ template_filter ] --END-- [ RunTime:0.000529s ]
NOTIC: [8] Undefined index: mentNum C:\xampp\htdocs\aiston\Application\Runtime\Cache\Admin\34e4b095905075aaede5ee9039415509.php 第 159 行.
NOTIC: [8] Undefined index: mentNum C:\xampp\htdocs\aiston\Application\Runtime\Cache\Admin\34e4b095905075aaede5ee9039415509.php 第 159 行.
NOTIC: [8] Undefined index: mentNum C:\xampp\htdocs\aiston\Application\Runtime\Cache\Admin\34e4b095905075aaede5ee9039415509.php 第 159 行.
NOTIC: [8] Undefined index: mentNum C:\xampp\htdocs\aiston\Application\Runtime\Cache\Admin\34e4b095905075aaede5ee9039415509.php 第 159 行.
NOTIC: [8] Array to string conversion C:\xampp\htdocs\aiston\Application\Runtime\Cache\Admin\34e4b095905075aaede5ee9039415509.php 第 382 行.
INFO: Run Behavior\ParseTemplateBehavior [ RunTime:0.028690s ]
INFO: [ view_parse ] --END-- [ RunTime:0.028763s ]
INFO: [ view_filter ] --START--
INFO: Run Behavior\WriteHtmlCacheBehavior [ RunTime:0.000504s ]
INFO: [ view_filter ] --END-- [ RunTime:0.000557s ]
INFO: [ app_end ] --START--
INFO: Run Behavior\ShowPageTraceBehavior [ RunTime:0.001304s ]
INFO: [ app_end ] --END-- [ RunTime:0.001568s ]

[ 2016-05-07T15:33:33+08:00 ] ::1 /index.php/Admin/Product/editor/aid/1.html
INFO: [ app_init ] --START--
INFO: Run Behavior\BuildLiteBehavior [ RunTime:0.000016s ]
INFO: [ app_init ] --END-- [ RunTime:0.000566s ]
INFO: [ app_begin ] --START--
INFO: Run Behavior\ReadHtmlCacheBehavior [ RunTime:0.000989s ]
INFO: [ app_begin ] --END-- [ RunTime:0.001051s ]
SQL: SHOW COLUMNS FROM `ast_admin` [ RunTime:0.0042s ]
SQL: SELECT * FROM `ast_admin`  [ RunTime:0.0003s ]
SQL: SELECT * FROM `ast_admin` WHERE `admin_id` = 1 LIMIT 1   [ RunTime:0.0003s ]
SQL: SHOW COLUMNS FROM `ast_nav` [ RunTime:0.0038s ]
SQL: SELECT * FROM `ast_nav`  [ RunTime:0.0004s ]
SQL: SELECT COUNT(*) AS tp_count FROM `ast_admin` LIMIT 1   [ RunTime:0.0002s ]
NOTIC: [2] Missing argument 3 for getAdminPage(), called in C:\xampp\htdocs\aiston\Application\Admin\Controller\CommonController.class.php on line 51 and defined C:\xampp\htdocs\aiston\Application\Common\Common\function.php 第 3 行.
NOTIC: [8] Undefined variable: num C:\xampp\htdocs\aiston\Application\Common\Common\function.php 第 4 行.
SQL: SELECT * FROM `ast_admin` ORDER BY admin_id LIMIT 0,10   [ RunTime:0.0004s ]
SQL: SHOW COLUMNS FROM `ast_product` [ RunTime:0.0039s ]
SQL: SHOW COLUMNS FROM `ast_procate` [ RunTime:0.0050s ]
SQL: SELECT * FROM `ast_procate` WHERE `cate_pid` = 0  [ RunTime:0.0007s ]
SQL: SELECT * FROM `ast_product` INNER JOIN `ast_procate` ON ast_product.pro_cate_id = ast_procate.cate_id  WHERE `pro_id` = '1' LIMIT 1   [ RunTime:0.0005s ]
SQL: SELECT * FROM `ast_procate` WHERE `cate_id` = 1 LIMIT 1   [ RunTime:0.0002s ]
SQL: SELECT * FROM `ast_procate` WHERE `cate_pid` = 1  [ RunTime:0.0002s ]
INFO: [ view_parse ] --START--
INFO: [ template_filter ] --START--
INFO: Run Behavior\ContentReplaceBehavior [ RunTime:0.000605s ]
INFO: [ template_filter ] --END-- [ RunTime:0.000704s ]
NOTIC: [8] Undefined index: cate_id C:\xampp\htdocs\aiston\Application\Runtime\Cache\Admin\ff1da0ba5422663b3c19722bb1f1956c.php 第 137 行.
NOTIC: [8] Undefined variable: htmlData C:\xampp\htdocs\aiston\Application\Runtime\Cache\Admin\ff1da0ba5422663b3c19722bb1f1956c.php 第 151 行.
NOTIC: [8] Undefined variable: htmlData C:\xampp\htdocs\aiston\Application\Runtime\Cache\Admin\ff1da0ba5422663b3c19722bb1f1956c.php 第 151 行.
NOTIC: [8] Array to string conversion C:\xampp\htdocs\aiston\Application\Runtime\Cache\Admin\ff1da0ba5422663b3c19722bb1f1956c.php 第 320 行.
NOTIC: [8] Undefined variable: url C:\xampp\htdocs\aiston\Application\Runtime\Cache\Admin\ff1da0ba5422663b3c19722bb1f1956c.php 第 549 行.
NOTIC: [8] Undefined variable: url C:\xampp\htdocs\aiston\Application\Runtime\Cache\Admin\ff1da0ba5422663b3c19722bb1f1956c.php 第 552 行.
INFO: Run Behavior\ParseTemplateBehavior [ RunTime:0.029544s ]
INFO: [ view_parse ] --END-- [ RunTime:0.029609s ]
INFO: [ view_filter ] --START--
INFO: Run Behavior\WriteHtmlCacheBehavior [ RunTime:0.000718s ]
INFO: [ view_filter ] --END-- [ RunTime:0.000766s ]
INFO: [ app_end ] --START--
INFO: Run Behavior\ShowPageTraceBehavior [ RunTime:0.001645s ]
INFO: [ app_end ] --END-- [ RunTime:0.001748s ]

[ 2016-05-07T15:34:11+08:00 ] ::1 /index.php/Admin/Product/editor/aid/1.html
INFO: [ app_init ] --START--
INFO: Run Behavior\BuildLiteBehavior [ RunTime:0.000019s ]
INFO: [ app_init ] --END-- [ RunTime:0.000719s ]
INFO: [ app_begin ] --START--
INFO: Run Behavior\ReadHtmlCacheBehavior [ RunTime:0.000907s ]
INFO: [ app_begin ] --END-- [ RunTime:0.000989s ]
SQL: SHOW COLUMNS FROM `ast_admin` [ RunTime:0.0040s ]
SQL: SELECT * FROM `ast_admin`  [ RunTime:0.0003s ]
SQL: SELECT * FROM `ast_admin` WHERE `admin_id` = 1 LIMIT 1   [ RunTime:0.0003s ]
SQL: SHOW COLUMNS FROM `ast_nav` [ RunTime:0.0035s ]
SQL: SELECT * FROM `ast_nav`  [ RunTime:0.0004s ]
SQL: SELECT COUNT(*) AS tp_count FROM `ast_admin` LIMIT 1   [ RunTime:0.0001s ]
NOTIC: [2] Missing argument 3 for getAdminPage(), called in C:\xampp\htdocs\aiston\Application\Admin\Controller\CommonController.class.php on line 51 and defined C:\xampp\htdocs\aiston\Application\Common\Common\function.php 第 3 行.
NOTIC: [8] Undefined variable: num C:\xampp\htdocs\aiston\Application\Common\Common\function.php 第 4 行.
SQL: SELECT * FROM `ast_admin` ORDER BY admin_id LIMIT 0,10   [ RunTime:0.0003s ]
SQL: SHOW COLUMNS FROM `ast_product` [ RunTime:0.0039s ]
SQL: SHOW COLUMNS FROM `ast_procate` [ RunTime:0.0039s ]
SQL: SELECT * FROM `ast_procate` WHERE `cate_pid` = 0  [ RunTime:0.0005s ]
SQL: SELECT * FROM `ast_product` INNER JOIN `ast_procate` ON ast_product.pro_cate_id = ast_procate.cate_id  WHERE `pro_id` = '1' LIMIT 1   [ RunTime:0.0006s ]
SQL: SELECT * FROM `ast_procate` WHERE `cate_id` = 1 LIMIT 1   [ RunTime:0.0003s ]
SQL: SELECT * FROM `ast_procate` WHERE `cate_pid` = 1  [ RunTime:0.0007s ]
SQL: UPDATE `ast_product` SET `pro_name`='A类产品',`pro_cate_id`='1',`pro_isshow`='1',`pro_from`='A',`pro_summary`='A类产品',`pro_introduction`='&lt;p&gt;
	&lt;strong&gt;
	&lt;p style=&quot;font-family:\'Microsoft Yahei\', SimSun, Arial, HELVETICA;font-size:16px;text-indent:2em;background-color:#FFFFFF;&quot;&gt;
		本赛季中甲第7轮比赛，武汉卓尔主场迎战新疆&lt;a class=&quot;a-tips-Article-QQ&quot; href=&quot;http://sports.qq.com/zt2013/ticai/index.htm&quot; target=&quot;_blank&quot;&gt;体彩&lt;/a&gt;，比赛第68分钟，新疆队15号球员阿卜杜力艾则孜带球至前场，武汉队26号柯钊紧追不舍，在距离阿卜杜力艾则孜还有半米的距离时，突然飞身出去，凶狠地铲向对方膝盖侧面，阿卜杜力艾则孜应声倒地。而这一恶劣的犯规，仅仅遭到一张黄牌的处罚。
	&lt;/p&gt;
	&lt;p style=&quot;font-family:\'Microsoft Yahei\', SimSun, Arial, HELVETICA;font-size:16px;text-indent:2em;background-color:#FFFFFF;&quot;&gt;
		这次凶狠的犯规把柯钊推向了舆论的风口浪尖，值得一提的是，赛后柯钊毫无悔意，反而发微博让对方不要拿媒体施压。
	&lt;/p&gt;
	&lt;p style=&quot;font-family:\'Microsoft Yahei\', SimSun, Arial, HELVETICA;font-size:16px;text-indent:2em;background-color:#FFFFFF;&quot;&gt;
		柯钊此前屡有恶劣犯规行为出现，鲁能的外援洛维、国安外援马季奇都曾被柯钊以非常规方式撂倒，尤其是连环踢马季奇，曾被中国足协禁赛4场，罚款2万。
	&lt;/p&gt;
&lt;/strong&gt;&lt;span style=&quot;line-height:1.5;&quot;&gt;&lt;strong&gt;&lt;/strong&gt;&lt;/span&gt; 
&lt;/p&gt;',`pro_general_price`='0',`pro_member_price`='0',`pro_addtime`='1462606451' WHERE `pro_id` = 1 [ RunTime:0.0008s ]
INFO: [ view_parse ] --START--
INFO: [ template_filter ] --START--
INFO: Run Behavior\ContentReplaceBehavior [ RunTime:0.000848s ]
INFO: [ template_filter ] --END-- [ RunTime:0.000984s ]
NOTIC: [8] Undefined index: cate_id C:\xampp\htdocs\aiston\Application\Runtime\Cache\Admin\ff1da0ba5422663b3c19722bb1f1956c.php 第 137 行.
NOTIC: [8] Undefined variable: htmlData C:\xampp\htdocs\aiston\Application\Runtime\Cache\Admin\ff1da0ba5422663b3c19722bb1f1956c.php 第 151 行.
NOTIC: [8] Undefined variable: htmlData C:\xampp\htdocs\aiston\Application\Runtime\Cache\Admin\ff1da0ba5422663b3c19722bb1f1956c.php 第 151 行.
NOTIC: [8] Array to string conversion C:\xampp\htdocs\aiston\Application\Runtime\Cache\Admin\ff1da0ba5422663b3c19722bb1f1956c.php 第 320 行.
NOTIC: [8] Undefined variable: url C:\xampp\htdocs\aiston\Application\Runtime\Cache\Admin\ff1da0ba5422663b3c19722bb1f1956c.php 第 549 行.
NOTIC: [8] Undefined variable: url C:\xampp\htdocs\aiston\Application\Runtime\Cache\Admin\ff1da0ba5422663b3c19722bb1f1956c.php 第 552 行.
INFO: Run Behavior\ParseTemplateBehavior [ RunTime:0.028185s ]
INFO: [ view_parse ] --END-- [ RunTime:0.028277s ]
INFO: [ view_filter ] --START--
INFO: Run Behavior\WriteHtmlCacheBehavior [ RunTime:0.000745s ]
INFO: [ view_filter ] --END-- [ RunTime:0.000801s ]
INFO: [ app_end ] --START--
INFO: Run Behavior\ShowPageTraceBehavior [ RunTime:0.001911s ]
INFO: [ app_end ] --END-- [ RunTime:0.001993s ]

[ 2016-05-07T15:34:11+08:00 ] ::1 /index.php/Admin/Product/index
INFO: [ app_init ] --START--
INFO: Run Behavior\BuildLiteBehavior [ RunTime:0.000018s ]
INFO: [ app_init ] --END-- [ RunTime:0.000485s ]
INFO: [ app_begin ] --START--
INFO: Run Behavior\ReadHtmlCacheBehavior [ RunTime:0.001092s ]
INFO: [ app_begin ] --END-- [ RunTime:0.001352s ]
SQL: SHOW COLUMNS FROM `ast_admin` [ RunTime:0.0042s ]
SQL: SELECT * FROM `ast_admin`  [ RunTime:0.0003s ]
SQL: SELECT * FROM `ast_admin` WHERE `admin_id` = 1 LIMIT 1   [ RunTime:0.0002s ]
SQL: SHOW COLUMNS FROM `ast_nav` [ RunTime:0.0037s ]
SQL: SELECT * FROM `ast_nav`  [ RunTime:0.0003s ]
SQL: SELECT COUNT(*) AS tp_count FROM `ast_admin` LIMIT 1   [ RunTime:0.0001s ]
NOTIC: [2] Missing argument 3 for getAdminPage(), called in C:\xampp\htdocs\aiston\Application\Admin\Controller\CommonController.class.php on line 51 and defined C:\xampp\htdocs\aiston\Application\Common\Common\function.php 第 3 行.
NOTIC: [8] Undefined variable: num C:\xampp\htdocs\aiston\Application\Common\Common\function.php 第 4 行.
SQL: SELECT * FROM `ast_admin` ORDER BY admin_id LIMIT 0,10   [ RunTime:0.0004s ]
SQL: SHOW COLUMNS FROM `ast_product` [ RunTime:0.0056s ]
SQL: SHOW COLUMNS FROM `ast_procate` [ RunTime:0.0045s ]
SQL: SELECT * FROM `ast_procate` WHERE `cate_id` = 0 LIMIT 1   [ RunTime:0.0002s ]
SQL: SELECT * FROM `ast_procate` WHERE `cate_id` = 0 LIMIT 1   [ RunTime:0.0001s ]
SQL: SELECT * FROM `ast_procate` WHERE `cate_pid` = 0  [ RunTime:0.0002s ]
SQL: SELECT * FROM `ast_procate` WHERE `cate_pid` = 0  [ RunTime:0.0002s ]
SQL: SELECT COUNT(*) AS tp_count FROM `ast_product` LIMIT 1   [ RunTime:0.0001s ]
SQL: SELECT * FROM `ast_product` INNER JOIN `ast_procate` ON ast_product.pro_cate_id = ast_procate.cate_id  ORDER BY pro_addtime DESC LIMIT 0,10   [ RunTime:0.0043s ]
SQL: SHOW COLUMNS FROM `ast_procomment` [ RunTime:0.0061s ]
SQL: SELECT * FROM `ast_procomment`  [ RunTime:0.0002s ]
INFO: [ view_parse ] --START--
INFO: [ template_filter ] --START--
INFO: Run Behavior\ContentReplaceBehavior [ RunTime:0.000762s ]
INFO: [ template_filter ] --END-- [ RunTime:0.000855s ]
NOTIC: [8] Undefined index: mentNum C:\xampp\htdocs\aiston\Application\Runtime\Cache\Admin\34e4b095905075aaede5ee9039415509.php 第 159 行.
NOTIC: [8] Undefined index: mentNum C:\xampp\htdocs\aiston\Application\Runtime\Cache\Admin\34e4b095905075aaede5ee9039415509.php 第 159 行.
NOTIC: [8] Undefined index: mentNum C:\xampp\htdocs\aiston\Application\Runtime\Cache\Admin\34e4b095905075aaede5ee9039415509.php 第 159 行.
NOTIC: [8] Undefined index: mentNum C:\xampp\htdocs\aiston\Application\Runtime\Cache\Admin\34e4b095905075aaede5ee9039415509.php 第 159 行.
NOTIC: [8] Array to string conversion C:\xampp\htdocs\aiston\Application\Runtime\Cache\Admin\34e4b095905075aaede5ee9039415509.php 第 382 行.
INFO: Run Behavior\ParseTemplateBehavior [ RunTime:0.034118s ]
INFO: [ view_parse ] --END-- [ RunTime:0.034179s ]
INFO: [ view_filter ] --START--
INFO: Run Behavior\WriteHtmlCacheBehavior [ RunTime:0.000551s ]
INFO: [ view_filter ] --END-- [ RunTime:0.000601s ]
INFO: [ app_end ] --START--
INFO: Run Behavior\ShowPageTraceBehavior [ RunTime:0.001019s ]
INFO: [ app_end ] --END-- [ RunTime:0.001102s ]

[ 2016-05-07T15:34:44+08:00 ] ::1 /index.php/Admin/Product/editor/aid/1.html
INFO: [ app_init ] --START--
INFO: Run Behavior\BuildLiteBehavior [ RunTime:0.000017s ]
INFO: [ app_init ] --END-- [ RunTime:0.000568s ]
INFO: [ app_begin ] --START--
INFO: Run Behavior\ReadHtmlCacheBehavior [ RunTime:0.000923s ]
INFO: [ app_begin ] --END-- [ RunTime:0.001027s ]
SQL: SHOW COLUMNS FROM `ast_admin` [ RunTime:0.0045s ]
SQL: SELECT * FROM `ast_admin`  [ RunTime:0.0004s ]
SQL: SELECT * FROM `ast_admin` WHERE `admin_id` = 1 LIMIT 1   [ RunTime:0.0004s ]
SQL: SHOW COLUMNS FROM `ast_nav` [ RunTime:0.0059s ]
SQL: SELECT * FROM `ast_nav`  [ RunTime:0.0005s ]
SQL: SELECT COUNT(*) AS tp_count FROM `ast_admin` LIMIT 1   [ RunTime:0.0002s ]
NOTIC: [2] Missing argument 3 for getAdminPage(), called in C:\xampp\htdocs\aiston\Application\Admin\Controller\CommonController.class.php on line 51 and defined C:\xampp\htdocs\aiston\Application\Common\Common\function.php 第 3 行.
NOTIC: [8] Undefined variable: num C:\xampp\htdocs\aiston\Application\Common\Common\function.php 第 4 行.
SQL: SELECT * FROM `ast_admin` ORDER BY admin_id LIMIT 0,10   [ RunTime:0.0005s ]
SQL: SHOW COLUMNS FROM `ast_product` [ RunTime:0.0073s ]
SQL: SHOW COLUMNS FROM `ast_procate` [ RunTime:0.0068s ]
SQL: SELECT * FROM `ast_procate` WHERE `cate_pid` = 0  [ RunTime:0.0004s ]
SQL: SELECT * FROM `ast_product` INNER JOIN `ast_procate` ON ast_product.pro_cate_id = ast_procate.cate_id  WHERE `pro_id` = '1' LIMIT 1   [ RunTime:0.0006s ]
SQL: SELECT * FROM `ast_procate` WHERE `cate_id` = 1 LIMIT 1   [ RunTime:0.0003s ]
SQL: SELECT * FROM `ast_procate` WHERE `cate_pid` = 1  [ RunTime:0.0004s ]
INFO: [ view_parse ] --START--
INFO: [ template_filter ] --START--
INFO: Run Behavior\ContentReplaceBehavior [ RunTime:0.000587s ]
INFO: [ template_filter ] --END-- [ RunTime:0.000654s ]
NOTIC: [8] Undefined index: cate_id C:\xampp\htdocs\aiston\Application\Runtime\Cache\Admin\ff1da0ba5422663b3c19722bb1f1956c.php 第 137 行.
NOTIC: [8] Undefined variable: htmlData C:\xampp\htdocs\aiston\Application\Runtime\Cache\Admin\ff1da0ba5422663b3c19722bb1f1956c.php 第 151 行.
NOTIC: [8] Undefined variable: htmlData C:\xampp\htdocs\aiston\Application\Runtime\Cache\Admin\ff1da0ba5422663b3c19722bb1f1956c.php 第 151 行.
NOTIC: [8] Array to string conversion C:\xampp\htdocs\aiston\Application\Runtime\Cache\Admin\ff1da0ba5422663b3c19722bb1f1956c.php 第 320 行.
NOTIC: [8] Undefined variable: url C:\xampp\htdocs\aiston\Application\Runtime\Cache\Admin\ff1da0ba5422663b3c19722bb1f1956c.php 第 549 行.
NOTIC: [8] Undefined variable: url C:\xampp\htdocs\aiston\Application\Runtime\Cache\Admin\ff1da0ba5422663b3c19722bb1f1956c.php 第 552 行.
INFO: Run Behavior\ParseTemplateBehavior [ RunTime:0.029795s ]
INFO: [ view_parse ] --END-- [ RunTime:0.029866s ]
INFO: [ view_filter ] --START--
INFO: Run Behavior\WriteHtmlCacheBehavior [ RunTime:0.000601s ]
INFO: [ view_filter ] --END-- [ RunTime:0.000653s ]
INFO: [ app_end ] --START--
INFO: Run Behavior\ShowPageTraceBehavior [ RunTime:0.001261s ]
INFO: [ app_end ] --END-- [ RunTime:0.001349s ]

[ 2016-05-07T15:34:49+08:00 ] ::1 /index.php/Admin/Product/editor/aid/1.html
INFO: [ app_init ] --START--
INFO: Run Behavior\BuildLiteBehavior [ RunTime:0.000027s ]
INFO: [ app_init ] --END-- [ RunTime:0.000848s ]
INFO: [ app_begin ] --START--
INFO: Run Behavior\ReadHtmlCacheBehavior [ RunTime:0.002158s ]
INFO: [ app_begin ] --END-- [ RunTime:0.002369s ]
SQL: SHOW COLUMNS FROM `ast_admin` [ RunTime:0.0055s ]
SQL: SELECT * FROM `ast_admin`  [ RunTime:0.0003s ]
SQL: SELECT * FROM `ast_admin` WHERE `admin_id` = 1 LIMIT 1   [ RunTime:0.0003s ]
SQL: SHOW COLUMNS FROM `ast_nav` [ RunTime:0.0051s ]
SQL: SELECT * FROM `ast_nav`  [ RunTime:0.0006s ]
SQL: SELECT COUNT(*) AS tp_count FROM `ast_admin` LIMIT 1   [ RunTime:0.0002s ]
NOTIC: [2] Missing argument 3 for getAdminPage(), called in C:\xampp\htdocs\aiston\Application\Admin\Controller\CommonController.class.php on line 51 and defined C:\xampp\htdocs\aiston\Application\Common\Common\function.php 第 3 行.
NOTIC: [8] Undefined variable: num C:\xampp\htdocs\aiston\Application\Common\Common\function.php 第 4 行.
SQL: SELECT * FROM `ast_admin` ORDER BY admin_id LIMIT 0,10   [ RunTime:0.0005s ]
SQL: SHOW COLUMNS FROM `ast_product` [ RunTime:0.0050s ]
SQL: SHOW COLUMNS FROM `ast_procate` [ RunTime:0.0057s ]
SQL: SELECT * FROM `ast_procate` WHERE `cate_pid` = 0  [ RunTime:0.0006s ]
SQL: SELECT * FROM `ast_product` INNER JOIN `ast_procate` ON ast_product.pro_cate_id = ast_procate.cate_id  WHERE `pro_id` = '1' LIMIT 1   [ RunTime:0.0008s ]
SQL: SELECT * FROM `ast_procate` WHERE `cate_id` = 1 LIMIT 1   [ RunTime:0.0004s ]
SQL: SELECT * FROM `ast_procate` WHERE `cate_pid` = 1  [ RunTime:0.0003s ]
SQL: UPDATE `ast_product` SET `pro_name`='A类产品',`pro_cate_id`='1',`pro_isshow`='1',`pro_from`='A',`pro_summary`='A类产品',`pro_introduction`='&lt;p&gt;
	&lt;strong&gt; &lt;/strong&gt;
&lt;/p&gt;
&lt;p style=&quot;font-family:\'Microsoft Yahei\', SimSun, Arial, HELVETICA;font-size:16px;text-indent:2em;background-color:#FFFFFF;&quot;&gt;
	&lt;strong&gt;&lt;span style=&quot;font-family:宋体;font-size:14px;line-height:22.9599990844727px;background-color:#F5F8FD;&quot;&gt; 一季报的披露随着五一的过去而落下帷幕，机构一季度的操作路径也随之曝光，尤其是国家队的动作，颇受市场关注。截止3月末，从社保基金持股情况来看，酿酒食品是国家队重仓的板块之一。酿酒食品板块77家上市公司，其中社保基金持股就达到了26家。&lt;/span&gt;&lt;/strong&gt;
&lt;/p&gt;
&lt;p style=&quot;font-family:\'Microsoft Yahei\', SimSun, Arial, HELVETICA;font-size:16px;text-indent:2em;background-color:#FFFFFF;&quot;&gt;
	&lt;strong&gt;&lt;/strong&gt;
&lt;/p&gt;
&lt;span style=&quot;line-height:1.5;&quot;&gt;&lt;strong&gt;&lt;/strong&gt;&lt;/span&gt; 
&lt;p&gt;
	&lt;br /&gt;
&lt;/p&gt;',`pro_general_price`='0',`pro_member_price`='0',`pro_addtime`='1462606489' WHERE `pro_id` = 1 [ RunTime:0.0006s ]
INFO: [ view_parse ] --START--
INFO: [ template_filter ] --START--
INFO: Run Behavior\ContentReplaceBehavior [ RunTime:0.000504s ]
INFO: [ template_filter ] --END-- [ RunTime:0.000579s ]
NOTIC: [8] Undefined index: cate_id C:\xampp\htdocs\aiston\Application\Runtime\Cache\Admin\ff1da0ba5422663b3c19722bb1f1956c.php 第 137 行.
NOTIC: [8] Undefined variable: htmlData C:\xampp\htdocs\aiston\Application\Runtime\Cache\Admin\ff1da0ba5422663b3c19722bb1f1956c.php 第 151 行.
NOTIC: [8] Undefined variable: htmlData C:\xampp\htdocs\aiston\Application\Runtime\Cache\Admin\ff1da0ba5422663b3c19722bb1f1956c.php 第 151 行.
NOTIC: [8] Array to string conversion C:\xampp\htdocs\aiston\Application\Runtime\Cache\Admin\ff1da0ba5422663b3c19722bb1f1956c.php 第 320 行.
NOTIC: [8] Undefined variable: url C:\xampp\htdocs\aiston\Application\Runtime\Cache\Admin\ff1da0ba5422663b3c19722bb1f1956c.php 第 549 行.
NOTIC: [8] Undefined variable: url C:\xampp\htdocs\aiston\Application\Runtime\Cache\Admin\ff1da0ba5422663b3c19722bb1f1956c.php 第 552 行.
INFO: Run Behavior\ParseTemplateBehavior [ RunTime:0.033932s ]
INFO: [ view_parse ] --END-- [ RunTime:0.033997s ]
INFO: [ view_filter ] --START--
INFO: Run Behavior\WriteHtmlCacheBehavior [ RunTime:0.000640s ]
INFO: [ view_filter ] --END-- [ RunTime:0.000689s ]
INFO: [ app_end ] --START--
INFO: Run Behavior\ShowPageTraceBehavior [ RunTime:0.001355s ]
INFO: [ app_end ] --END-- [ RunTime:0.001454s ]

[ 2016-05-07T15:34:49+08:00 ] ::1 /index.php/Admin/Product/index
INFO: [ app_init ] --START--
INFO: Run Behavior\BuildLiteBehavior [ RunTime:0.000025s ]
INFO: [ app_init ] --END-- [ RunTime:0.000745s ]
INFO: [ app_begin ] --START--
INFO: Run Behavior\ReadHtmlCacheBehavior [ RunTime:0.001964s ]
INFO: [ app_begin ] --END-- [ RunTime:0.002153s ]
SQL: SHOW COLUMNS FROM `ast_admin` [ RunTime:0.0094s ]
SQL: SELECT * FROM `ast_admin`  [ RunTime:0.0026s ]
SQL: SELECT * FROM `ast_admin` WHERE `admin_id` = 1 LIMIT 1   [ RunTime:0.0004s ]
SQL: SHOW COLUMNS FROM `ast_nav` [ RunTime:0.0051s ]
SQL: SELECT * FROM `ast_nav`  [ RunTime:0.0005s ]
SQL: SELECT COUNT(*) AS tp_count FROM `ast_admin` LIMIT 1   [ RunTime:0.0003s ]
NOTIC: [2] Missing argument 3 for getAdminPage(), called in C:\xampp\htdocs\aiston\Application\Admin\Controller\CommonController.class.php on line 51 and defined C:\xampp\htdocs\aiston\Application\Common\Common\function.php 第 3 行.
NOTIC: [8] Undefined variable: num C:\xampp\htdocs\aiston\Application\Common\Common\function.php 第 4 行.
SQL: SELECT * FROM `ast_admin` ORDER BY admin_id LIMIT 0,10   [ RunTime:0.0004s ]
SQL: SHOW COLUMNS FROM `ast_product` [ RunTime:0.0054s ]
SQL: SHOW COLUMNS FROM `ast_procate` [ RunTime:0.0045s ]
SQL: SELECT * FROM `ast_procate` WHERE `cate_id` = 0 LIMIT 1   [ RunTime:0.0002s ]
SQL: SELECT * FROM `ast_procate` WHERE `cate_id` = 0 LIMIT 1   [ RunTime:0.0002s ]
SQL: SELECT * FROM `ast_procate` WHERE `cate_pid` = 0  [ RunTime:0.0003s ]
SQL: SELECT * FROM `ast_procate` WHERE `cate_pid` = 0  [ RunTime:0.0003s ]
SQL: SELECT COUNT(*) AS tp_count FROM `ast_product` LIMIT 1   [ RunTime:0.0002s ]
SQL: SELECT * FROM `ast_product` INNER JOIN `ast_procate` ON ast_product.pro_cate_id = ast_procate.cate_id  ORDER BY pro_addtime DESC LIMIT 0,10   [ RunTime:0.0066s ]
SQL: SHOW COLUMNS FROM `ast_procomment` [ RunTime:0.0049s ]
SQL: SELECT * FROM `ast_procomment`  [ RunTime:0.0002s ]
INFO: [ view_parse ] --START--
INFO: [ template_filter ] --START--
INFO: Run Behavior\ContentReplaceBehavior [ RunTime:0.000689s ]
INFO: [ template_filter ] --END-- [ RunTime:0.000794s ]
NOTIC: [8] Undefined index: mentNum C:\xampp\htdocs\aiston\Application\Runtime\Cache\Admin\34e4b095905075aaede5ee9039415509.php 第 159 行.
NOTIC: [8] Undefined index: mentNum C:\xampp\htdocs\aiston\Application\Runtime\Cache\Admin\34e4b095905075aaede5ee9039415509.php 第 159 行.
NOTIC: [8] Undefined index: mentNum C:\xampp\htdocs\aiston\Application\Runtime\Cache\Admin\34e4b095905075aaede5ee9039415509.php 第 159 行.
NOTIC: [8] Undefined index: mentNum C:\xampp\htdocs\aiston\Application\Runtime\Cache\Admin\34e4b095905075aaede5ee9039415509.php 第 159 行.
NOTIC: [8] Array to string conversion C:\xampp\htdocs\aiston\Application\Runtime\Cache\Admin\34e4b095905075aaede5ee9039415509.php 第 382 行.
INFO: Run Behavior\ParseTemplateBehavior [ RunTime:0.034938s ]
INFO: [ view_parse ] --END-- [ RunTime:0.035029s ]
INFO: [ view_filter ] --START--
INFO: Run Behavior\WriteHtmlCacheBehavior [ RunTime:0.000708s ]
INFO: [ view_filter ] --END-- [ RunTime:0.000777s ]
INFO: [ app_end ] --START--
INFO: Run Behavior\ShowPageTraceBehavior [ RunTime:0.001882s ]
INFO: [ app_end ] --END-- [ RunTime:0.001984s ]

[ 2016-05-07T15:34:58+08:00 ] ::1 /index.php/Admin/Product/editor/aid/1.html
INFO: [ app_init ] --START--
INFO: Run Behavior\BuildLiteBehavior [ RunTime:0.000015s ]
INFO: [ app_init ] --END-- [ RunTime:0.000664s ]
INFO: [ app_begin ] --START--
INFO: Run Behavior\ReadHtmlCacheBehavior [ RunTime:0.001235s ]
INFO: [ app_begin ] --END-- [ RunTime:0.001356s ]
SQL: SHOW COLUMNS FROM `ast_admin` [ RunTime:0.0051s ]
SQL: SELECT * FROM `ast_admin`  [ RunTime:0.0005s ]
SQL: SELECT * FROM `ast_admin` WHERE `admin_id` = 1 LIMIT 1   [ RunTime:0.0005s ]
SQL: SHOW COLUMNS FROM `ast_nav` [ RunTime:0.0037s ]
SQL: SELECT * FROM `ast_nav`  [ RunTime:0.0004s ]
SQL: SELECT COUNT(*) AS tp_count FROM `ast_admin` LIMIT 1   [ RunTime:0.0002s ]
NOTIC: [2] Missing argument 3 for getAdminPage(), called in C:\xampp\htdocs\aiston\Application\Admin\Controller\CommonController.class.php on line 51 and defined C:\xampp\htdocs\aiston\Application\Common\Common\function.php 第 3 行.
NOTIC: [8] Undefined variable: num C:\xampp\htdocs\aiston\Application\Common\Common\function.php 第 4 行.
SQL: SELECT * FROM `ast_admin` ORDER BY admin_id LIMIT 0,10   [ RunTime:0.0003s ]
SQL: SHOW COLUMNS FROM `ast_product` [ RunTime:0.0039s ]
SQL: SHOW COLUMNS FROM `ast_procate` [ RunTime:0.0040s ]
SQL: SELECT * FROM `ast_procate` WHERE `cate_pid` = 0  [ RunTime:0.0005s ]
SQL: SELECT * FROM `ast_product` INNER JOIN `ast_procate` ON ast_product.pro_cate_id = ast_procate.cate_id  WHERE `pro_id` = '1' LIMIT 1   [ RunTime:0.0004s ]
SQL: SELECT * FROM `ast_procate` WHERE `cate_id` = 1 LIMIT 1   [ RunTime:0.0002s ]
SQL: SELECT * FROM `ast_procate` WHERE `cate_pid` = 1  [ RunTime:0.0002s ]
INFO: [ view_parse ] --START--
INFO: [ template_filter ] --START--
INFO: Run Behavior\ContentReplaceBehavior [ RunTime:0.000579s ]
INFO: [ template_filter ] --END-- [ RunTime:0.000680s ]
NOTIC: [8] Undefined index: cate_id C:\xampp\htdocs\aiston\Application\Runtime\Cache\Admin\ff1da0ba5422663b3c19722bb1f1956c.php 第 137 行.
NOTIC: [8] Undefined variable: htmlData C:\xampp\htdocs\aiston\Application\Runtime\Cache\Admin\ff1da0ba5422663b3c19722bb1f1956c.php 第 151 行.
NOTIC: [8] Undefined variable: htmlData C:\xampp\htdocs\aiston\Application\Runtime\Cache\Admin\ff1da0ba5422663b3c19722bb1f1956c.php 第 151 行.
NOTIC: [8] Array to string conversion C:\xampp\htdocs\aiston\Application\Runtime\Cache\Admin\ff1da0ba5422663b3c19722bb1f1956c.php 第 320 行.
NOTIC: [8] Undefined variable: url C:\xampp\htdocs\aiston\Application\Runtime\Cache\Admin\ff1da0ba5422663b3c19722bb1f1956c.php 第 549 行.
NOTIC: [8] Undefined variable: url C:\xampp\htdocs\aiston\Application\Runtime\Cache\Admin\ff1da0ba5422663b3c19722bb1f1956c.php 第 552 行.
INFO: Run Behavior\ParseTemplateBehavior [ RunTime:0.029278s ]
INFO: [ view_parse ] --END-- [ RunTime:0.029347s ]
INFO: [ view_filter ] --START--
INFO: Run Behavior\WriteHtmlCacheBehavior [ RunTime:0.000724s ]
INFO: [ view_filter ] --END-- [ RunTime:0.000774s ]
INFO: [ app_end ] --START--
INFO: Run Behavior\ShowPageTraceBehavior [ RunTime:0.001316s ]
INFO: [ app_end ] --END-- [ RunTime:0.001385s ]

[ 2016-05-07T15:35:05+08:00 ] ::1 /index.php/Admin/Product/editor/aid/1.html
INFO: [ app_init ] --START--
INFO: Run Behavior\BuildLiteBehavior [ RunTime:0.000015s ]
INFO: [ app_init ] --END-- [ RunTime:0.000466s ]
INFO: [ app_begin ] --START--
INFO: Run Behavior\ReadHtmlCacheBehavior [ RunTime:0.000770s ]
INFO: [ app_begin ] --END-- [ RunTime:0.000847s ]
SQL: SHOW COLUMNS FROM `ast_admin` [ RunTime:0.0041s ]
SQL: SELECT * FROM `ast_admin`  [ RunTime:0.0003s ]
SQL: SELECT * FROM `ast_admin` WHERE `admin_id` = 1 LIMIT 1   [ RunTime:0.0003s ]
SQL: SHOW COLUMNS FROM `ast_nav` [ RunTime:0.0037s ]
SQL: SELECT * FROM `ast_nav`  [ RunTime:0.0004s ]
SQL: SELECT COUNT(*) AS tp_count FROM `ast_admin` LIMIT 1   [ RunTime:0.0002s ]
NOTIC: [2] Missing argument 3 for getAdminPage(), called in C:\xampp\htdocs\aiston\Application\Admin\Controller\CommonController.class.php on line 51 and defined C:\xampp\htdocs\aiston\Application\Common\Common\function.php 第 3 行.
NOTIC: [8] Undefined variable: num C:\xampp\htdocs\aiston\Application\Common\Common\function.php 第 4 行.
SQL: SELECT * FROM `ast_admin` ORDER BY admin_id LIMIT 0,10   [ RunTime:0.0004s ]
SQL: SHOW COLUMNS FROM `ast_product` [ RunTime:0.0054s ]
SQL: SHOW COLUMNS FROM `ast_procate` [ RunTime:0.0037s ]
SQL: SELECT * FROM `ast_procate` WHERE `cate_pid` = 0  [ RunTime:0.0003s ]
SQL: SELECT * FROM `ast_product` INNER JOIN `ast_procate` ON ast_product.pro_cate_id = ast_procate.cate_id  WHERE `pro_id` = '1' LIMIT 1   [ RunTime:0.0004s ]
SQL: SELECT * FROM `ast_procate` WHERE `cate_id` = 1 LIMIT 1   [ RunTime:0.0002s ]
SQL: SELECT * FROM `ast_procate` WHERE `cate_pid` = 1  [ RunTime:0.0002s ]
SQL: UPDATE `ast_product` SET `pro_name`='A类产品',`pro_cate_id`='1',`pro_isshow`='1',`pro_from`='A',`pro_summary`='A类产品',`pro_introduction`='&lt;p&gt;
	&lt;strong&gt; &lt;/strong&gt; 
&lt;/p&gt;
&lt;p style=&quot;font-family:\'Microsoft Yahei\', SimSun, Arial, HELVETICA;font-size:16px;text-indent:2em;background-color:#FFFFFF;&quot;&gt;
	&lt;strong&gt;&lt;span style=&quot;font-family:宋体;font-size:14px;line-height:22.9599990844727px;background-color:#F5F8FD;&quot;&gt; 一季报的披露随着五一的过去而落下帷幕，机构一季度的操作路径也随之曝光，尤其是国家队的动作，颇受市场关注。截止3月末，从社保基金持股情况来看，酿酒食品是国家队重仓的板块之一。酿酒食品板块77家上市公司，其中社保基金持股就达到了26家。&lt;/span&gt;&lt;/strong&gt; 
&lt;/p&gt;
&lt;p style=&quot;font-family:\'Microsoft Yahei\', SimSun, Arial, HELVETICA;font-size:16px;text-indent:2em;background-color:#FFFFFF;&quot;&gt;
	&lt;strong&gt;&lt;/strong&gt; 
&lt;/p&gt;
&lt;span style=&quot;line-height:1.5;&quot;&gt;&lt;strong&gt;&lt;/strong&gt;&lt;/span&gt; 
&lt;p&gt;
	&lt;br /&gt;
&lt;/p&gt;',`pro_general_price`='0',`pro_member_price`='0',`pro_addtime`='1462606505' WHERE `pro_id` = 1 [ RunTime:0.0006s ]
INFO: [ view_parse ] --START--
INFO: [ template_filter ] --START--
INFO: Run Behavior\ContentReplaceBehavior [ RunTime:0.000858s ]
INFO: [ template_filter ] --END-- [ RunTime:0.000989s ]
NOTIC: [8] Undefined index: cate_id C:\xampp\htdocs\aiston\Application\Runtime\Cache\Admin\ff1da0ba5422663b3c19722bb1f1956c.php 第 137 行.
NOTIC: [8] Undefined variable: htmlData C:\xampp\htdocs\aiston\Application\Runtime\Cache\Admin\ff1da0ba5422663b3c19722bb1f1956c.php 第 151 行.
NOTIC: [8] Undefined variable: htmlData C:\xampp\htdocs\aiston\Application\Runtime\Cache\Admin\ff1da0ba5422663b3c19722bb1f1956c.php 第 151 行.
NOTIC: [8] Array to string conversion C:\xampp\htdocs\aiston\Application\Runtime\Cache\Admin\ff1da0ba5422663b3c19722bb1f1956c.php 第 320 行.
NOTIC: [8] Undefined variable: url C:\xampp\htdocs\aiston\Application\Runtime\Cache\Admin\ff1da0ba5422663b3c19722bb1f1956c.php 第 549 行.
NOTIC: [8] Undefined variable: url C:\xampp\htdocs\aiston\Application\Runtime\Cache\Admin\ff1da0ba5422663b3c19722bb1f1956c.php 第 552 行.
INFO: Run Behavior\ParseTemplateBehavior [ RunTime:0.028048s ]
INFO: [ view_parse ] --END-- [ RunTime:0.028108s ]
INFO: [ view_filter ] --START--
INFO: Run Behavior\WriteHtmlCacheBehavior [ RunTime:0.000660s ]
INFO: [ view_filter ] --END-- [ RunTime:0.000716s ]
INFO: [ app_end ] --START--
INFO: Run Behavior\ShowPageTraceBehavior [ RunTime:0.001800s ]
INFO: [ app_end ] --END-- [ RunTime:0.001887s ]

[ 2016-05-07T15:35:05+08:00 ] ::1 /index.php/Admin/Product/index
INFO: [ app_init ] --START--
INFO: Run Behavior\BuildLiteBehavior [ RunTime:0.000032s ]
INFO: [ app_init ] --END-- [ RunTime:0.001404s ]
INFO: [ app_begin ] --START--
INFO: Run Behavior\ReadHtmlCacheBehavior [ RunTime:0.000860s ]
INFO: [ app_begin ] --END-- [ RunTime:0.000952s ]
SQL: SHOW COLUMNS FROM `ast_admin` [ RunTime:0.0087s ]
SQL: SELECT * FROM `ast_admin`  [ RunTime:0.0005s ]
SQL: SELECT * FROM `ast_admin` WHERE `admin_id` = 1 LIMIT 1   [ RunTime:0.0005s ]
SQL: SHOW COLUMNS FROM `ast_nav` [ RunTime:0.0069s ]
SQL: SELECT * FROM `ast_nav`  [ RunTime:0.0005s ]
SQL: SELECT COUNT(*) AS tp_count FROM `ast_admin` LIMIT 1   [ RunTime:0.0002s ]
NOTIC: [2] Missing argument 3 for getAdminPage(), called in C:\xampp\htdocs\aiston\Application\Admin\Controller\CommonController.class.php on line 51 and defined C:\xampp\htdocs\aiston\Application\Common\Common\function.php 第 3 行.
NOTIC: [8] Undefined variable: num C:\xampp\htdocs\aiston\Application\Common\Common\function.php 第 4 行.
SQL: SELECT * FROM `ast_admin` ORDER BY admin_id LIMIT 0,10   [ RunTime:0.0004s ]
SQL: SHOW COLUMNS FROM `ast_product` [ RunTime:0.0044s ]
SQL: SHOW COLUMNS FROM `ast_procate` [ RunTime:0.0048s ]
SQL: SELECT * FROM `ast_procate` WHERE `cate_id` = 0 LIMIT 1   [ RunTime:0.0003s ]
SQL: SELECT * FROM `ast_procate` WHERE `cate_id` = 0 LIMIT 1   [ RunTime:0.0002s ]
SQL: SELECT * FROM `ast_procate` WHERE `cate_pid` = 0  [ RunTime:0.0003s ]
SQL: SELECT * FROM `ast_procate` WHERE `cate_pid` = 0  [ RunTime:0.0003s ]
SQL: SELECT COUNT(*) AS tp_count FROM `ast_product` LIMIT 1   [ RunTime:0.0002s ]
SQL: SELECT * FROM `ast_product` INNER JOIN `ast_procate` ON ast_product.pro_cate_id = ast_procate.cate_id  ORDER BY pro_addtime DESC LIMIT 0,10   [ RunTime:0.0052s ]
SQL: SHOW COLUMNS FROM `ast_procomment` [ RunTime:0.0037s ]
SQL: SELECT * FROM `ast_procomment`  [ RunTime:0.0002s ]
INFO: [ view_parse ] --START--
INFO: [ template_filter ] --START--
INFO: Run Behavior\ContentReplaceBehavior [ RunTime:0.000483s ]
INFO: [ template_filter ] --END-- [ RunTime:0.000559s ]
NOTIC: [8] Undefined index: mentNum C:\xampp\htdocs\aiston\Application\Runtime\Cache\Admin\34e4b095905075aaede5ee9039415509.php 第 159 行.
NOTIC: [8] Undefined index: mentNum C:\xampp\htdocs\aiston\Application\Runtime\Cache\Admin\34e4b095905075aaede5ee9039415509.php 第 159 行.
NOTIC: [8] Undefined index: mentNum C:\xampp\htdocs\aiston\Application\Runtime\Cache\Admin\34e4b095905075aaede5ee9039415509.php 第 159 行.
NOTIC: [8] Undefined index: mentNum C:\xampp\htdocs\aiston\Application\Runtime\Cache\Admin\34e4b095905075aaede5ee9039415509.php 第 159 行.
NOTIC: [8] Array to string conversion C:\xampp\htdocs\aiston\Application\Runtime\Cache\Admin\34e4b095905075aaede5ee9039415509.php 第 382 行.
INFO: Run Behavior\ParseTemplateBehavior [ RunTime:0.029255s ]
INFO: [ view_parse ] --END-- [ RunTime:0.029323s ]
INFO: [ view_filter ] --START--
INFO: Run Behavior\WriteHtmlCacheBehavior [ RunTime:0.000506s ]
INFO: [ view_filter ] --END-- [ RunTime:0.000554s ]
INFO: [ app_end ] --START--
INFO: Run Behavior\ShowPageTraceBehavior [ RunTime:0.001333s ]
INFO: [ app_end ] --END-- [ RunTime:0.001423s ]

[ 2016-05-07T15:40:34+08:00 ] ::1 /index.php/Admin/Message/index
INFO: [ app_init ] --START--
INFO: Run Behavior\BuildLiteBehavior [ RunTime:0.000018s ]
INFO: [ app_init ] --END-- [ RunTime:0.000682s ]
INFO: [ app_begin ] --START--
INFO: Run Behavior\ReadHtmlCacheBehavior [ RunTime:0.001113s ]
INFO: [ app_begin ] --END-- [ RunTime:0.001218s ]
SQL: SHOW COLUMNS FROM `ast_admin` [ RunTime:0.0039s ]
SQL: SELECT * FROM `ast_admin`  [ RunTime:0.0003s ]
SQL: SELECT * FROM `ast_admin` WHERE `admin_id` = 1 LIMIT 1   [ RunTime:0.0003s ]
SQL: SHOW COLUMNS FROM `ast_nav` [ RunTime:0.0051s ]
SQL: SELECT * FROM `ast_nav`  [ RunTime:0.0008s ]
SQL: SELECT COUNT(*) AS tp_count FROM `ast_admin` LIMIT 1   [ RunTime:0.0003s ]
NOTIC: [2] Missing argument 3 for getAdminPage(), called in C:\xampp\htdocs\aiston\Application\Admin\Controller\CommonController.class.php on line 51 and defined C:\xampp\htdocs\aiston\Application\Common\Common\function.php 第 3 行.
NOTIC: [8] Undefined variable: num C:\xampp\htdocs\aiston\Application\Common\Common\function.php 第 4 行.
SQL: SELECT * FROM `ast_admin` ORDER BY admin_id LIMIT 0,10   [ RunTime:0.0007s ]
SQL: SHOW COLUMNS FROM `ast_message` [ RunTime:0.0043s ]
SQL: SELECT COUNT(*) AS tp_count FROM `ast_message` LIMIT 1   [ RunTime:0.0002s ]
SQL: SELECT * FROM `ast_message` ORDER BY msg_addtime DESC LIMIT 0,10   [ RunTime:0.0005s ]
INFO: [ view_parse ] --START--
INFO: [ template_filter ] --START--
INFO: Run Behavior\ContentReplaceBehavior [ RunTime:0.000422s ]
INFO: [ template_filter ] --END-- [ RunTime:0.000487s ]
NOTIC: [8] Array to string conversion C:\xampp\htdocs\aiston\Application\Runtime\Cache\Admin\e1ad611a04673ac9fc78d17e28cd370b.php 第 279 行.
NOTIC: [8] Undefined variable: url C:\xampp\htdocs\aiston\Application\Runtime\Cache\Admin\e1ad611a04673ac9fc78d17e28cd370b.php 第 508 行.
NOTIC: [8] Undefined variable: url C:\xampp\htdocs\aiston\Application\Runtime\Cache\Admin\e1ad611a04673ac9fc78d17e28cd370b.php 第 511 行.
INFO: Run Behavior\ParseTemplateBehavior [ RunTime:0.025653s ]
INFO: [ view_parse ] --END-- [ RunTime:0.025728s ]
INFO: [ view_filter ] --START--
INFO: Run Behavior\WriteHtmlCacheBehavior [ RunTime:0.000706s ]
INFO: [ view_filter ] --END-- [ RunTime:0.000761s ]
INFO: [ app_end ] --START--
INFO: Run Behavior\ShowPageTraceBehavior [ RunTime:0.001991s ]
INFO: [ app_end ] --END-- [ RunTime:0.002148s ]

[ 2016-05-07T15:45:14+08:00 ] ::1 /Admin/User/admin
INFO: [ app_init ] --START--
INFO: Run Behavior\BuildLiteBehavior [ RunTime:0.000017s ]
INFO: [ app_init ] --END-- [ RunTime:0.000578s ]
INFO: [ app_begin ] --START--
INFO: Run Behavior\ReadHtmlCacheBehavior [ RunTime:0.001215s ]
INFO: [ app_begin ] --END-- [ RunTime:0.001278s ]
INFO: [ app_end ] --START--
INFO: Run Behavior\ShowPageTraceBehavior [ RunTime:0.003541s ]
INFO: [ app_end ] --END-- [ RunTime:0.003738s ]

[ 2016-05-07T15:45:15+08:00 ] ::1 /Admin/User/logout.html
INFO: [ app_init ] --START--
INFO: Run Behavior\BuildLiteBehavior [ RunTime:0.000017s ]
INFO: [ app_init ] --END-- [ RunTime:0.000550s ]
INFO: [ app_begin ] --START--
INFO: Run Behavior\ReadHtmlCacheBehavior [ RunTime:0.000779s ]
INFO: [ app_begin ] --END-- [ RunTime:0.000867s ]
INFO: [ app_end ] --START--
INFO: Run Behavior\ShowPageTraceBehavior [ RunTime:0.000911s ]
INFO: [ app_end ] --END-- [ RunTime:0.001016s ]

[ 2016-05-07T15:46:10+08:00 ] ::1 /index.php/Admin/Message/index
INFO: [ app_init ] --START--
INFO: Run Behavior\BuildLiteBehavior [ RunTime:0.000017s ]
INFO: [ app_init ] --END-- [ RunTime:0.000501s ]
INFO: [ app_begin ] --START--
INFO: Run Behavior\ReadHtmlCacheBehavior [ RunTime:0.000736s ]
INFO: [ app_begin ] --END-- [ RunTime:0.000797s ]

[ 2016-05-07T15:46:12+08:00 ] ::1 /index.php/Admin/User/login
INFO: [ app_init ] --START--
INFO: Run Behavior\BuildLiteBehavior [ RunTime:0.000016s ]
INFO: [ app_init ] --END-- [ RunTime:0.000480s ]
INFO: [ app_begin ] --START--
INFO: Run Behavior\ReadHtmlCacheBehavior [ RunTime:0.000747s ]
INFO: [ app_begin ] --END-- [ RunTime:0.000811s ]
INFO: [ view_parse ] --START--
INFO: [ template_filter ] --START--
INFO: Run Behavior\ContentReplaceBehavior [ RunTime:0.000134s ]
INFO: [ template_filter ] --END-- [ RunTime:0.000244s ]
INFO: Run Behavior\ParseTemplateBehavior [ RunTime:0.009737s ]
INFO: [ view_parse ] --END-- [ RunTime:0.009802s ]
INFO: [ view_filter ] --START--
INFO: Run Behavior\WriteHtmlCacheBehavior [ RunTime:0.000697s ]
INFO: [ view_filter ] --END-- [ RunTime:0.000747s ]
INFO: [ app_end ] --START--
INFO: Run Behavior\ShowPageTraceBehavior [ RunTime:0.000746s ]
INFO: [ app_end ] --END-- [ RunTime:0.000799s ]

[ 2016-05-07T15:46:12+08:00 ] ::1 /index.php/Admin/User/verify.html
INFO: [ app_init ] --START--
INFO: Run Behavior\BuildLiteBehavior [ RunTime:0.000025s ]
INFO: [ app_init ] --END-- [ RunTime:0.000651s ]
INFO: [ app_begin ] --START--
INFO: Run Behavior\ReadHtmlCacheBehavior [ RunTime:0.001130s ]
INFO: [ app_begin ] --END-- [ RunTime:0.001249s ]
INFO: [ app_end ] --START--
INFO: Run Behavior\ShowPageTraceBehavior [ RunTime:0.001195s ]
INFO: [ app_end ] --END-- [ RunTime:0.001305s ]

