[ 2016-03-26T10:03:17+08:00 ] ::1 /index.php/Admin/Join/contact
INFO: [ app_init ] --START--
INFO: Run Behavior\BuildLiteBehavior [ RunTime:0.000017s ]
INFO: [ app_init ] --END-- [ RunTime:0.000606s ]
INFO: [ app_begin ] --START--
INFO: Run Behavior\ReadHtmlCacheBehavior [ RunTime:0.001196s ]
INFO: [ app_begin ] --END-- [ RunTime:0.001284s ]
SQL: SHOW COLUMNS FROM `ast_admin` [ RunTime:0.0044s ]
SQL: SELECT * FROM `ast_admin`  [ RunTime:0.0005s ]
SQL: SELECT * FROM `ast_admin` WHERE `admin_id` = 1 LIMIT 1   [ RunTime:0.0004s ]
SQL: SHOW COLUMNS FROM `ast_nav` [ RunTime:0.0036s ]
SQL: SELECT * FROM `ast_nav`  [ RunTime:0.0006s ]
SQL: SELECT COUNT(*) AS tp_count FROM `ast_admin` LIMIT 1   [ RunTime:0.0002s ]
NOTIC: [2] Missing argument 3 for getAdminPage(), called in C:\xampp\htdocs\aiston\Application\Admin\Controller\CommonController.class.php on line 51 and defined C:\xampp\htdocs\aiston\Application\Common\Common\function.php 第 3 行.
NOTIC: [8] Undefined variable: num C:\xampp\htdocs\aiston\Application\Common\Common\function.php 第 4 行.
SQL: SELECT * FROM `ast_admin` ORDER BY admin_id LIMIT 0,10   [ RunTime:0.0004s ]
SQL: SHOW COLUMNS FROM `ast_company` [ RunTime:0.0038s ]
SQL: SELECT * FROM `ast_company` WHERE `c_id` = 2  [ RunTime:0.0003s ]
INFO: [ view_parse ] --START--
INFO: [ template_filter ] --START--
INFO: Run Behavior\ContentReplaceBehavior [ RunTime:0.000498s ]
INFO: [ template_filter ] --END-- [ RunTime:0.000587s ]
NOTIC: [8] Array to string conversion C:\xampp\htdocs\aiston\Application\Runtime\Cache\Admin\bd6d9bc6d301cff265c1368f68af747d.php 第 310 行.
NOTIC: [8] Undefined variable: url C:\xampp\htdocs\aiston\Application\Runtime\Cache\Admin\bd6d9bc6d301cff265c1368f68af747d.php 第 539 行.
NOTIC: [8] Undefined variable: url C:\xampp\htdocs\aiston\Application\Runtime\Cache\Admin\bd6d9bc6d301cff265c1368f68af747d.php 第 542 行.
INFO: Run Behavior\ParseTemplateBehavior [ RunTime:0.029606s ]
INFO: [ view_parse ] --END-- [ RunTime:0.029668s ]
INFO: [ view_filter ] --START--
INFO: Run Behavior\WriteHtmlCacheBehavior [ RunTime:0.000943s ]
INFO: [ view_filter ] --END-- [ RunTime:0.000994s ]
INFO: [ app_end ] --START--
INFO: Run Behavior\ShowPageTraceBehavior [ RunTime:0.002575s ]
INFO: [ app_end ] --END-- [ RunTime:0.002702s ]

[ 2016-03-26T10:04:38+08:00 ] ::1 /index.php/Admin/Join/contact
INFO: [ app_init ] --START--
INFO: Run Behavior\BuildLiteBehavior [ RunTime:0.000020s ]
INFO: [ app_init ] --END-- [ RunTime:0.000615s ]
INFO: [ app_begin ] --START--
INFO: Run Behavior\ReadHtmlCacheBehavior [ RunTime:0.002297s ]
INFO: [ app_begin ] --END-- [ RunTime:0.002438s ]
SQL: SHOW COLUMNS FROM `ast_admin` [ RunTime:0.0042s ]
SQL: SELECT * FROM `ast_admin`  [ RunTime:0.0004s ]
SQL: SELECT * FROM `ast_admin` WHERE `admin_id` = 1 LIMIT 1   [ RunTime:0.0004s ]
SQL: SHOW COLUMNS FROM `ast_nav` [ RunTime:0.0049s ]
SQL: SELECT * FROM `ast_nav`  [ RunTime:0.0007s ]
SQL: SELECT COUNT(*) AS tp_count FROM `ast_admin` LIMIT 1   [ RunTime:0.0005s ]
NOTIC: [2] Missing argument 3 for getAdminPage(), called in C:\xampp\htdocs\aiston\Application\Admin\Controller\CommonController.class.php on line 51 and defined C:\xampp\htdocs\aiston\Application\Common\Common\function.php 第 3 行.
NOTIC: [8] Undefined variable: num C:\xampp\htdocs\aiston\Application\Common\Common\function.php 第 4 行.
SQL: SELECT * FROM `ast_admin` ORDER BY admin_id LIMIT 0,10   [ RunTime:0.0006s ]
SQL: SHOW COLUMNS FROM `ast_company` [ RunTime:0.0061s ]
SQL: SELECT * FROM `ast_company` WHERE `c_id` = 2  [ RunTime:0.0007s ]
INFO: [ view_parse ] --START--
INFO: [ template_filter ] --START--
INFO: Run Behavior\ContentReplaceBehavior [ RunTime:0.000470s ]
INFO: [ template_filter ] --END-- [ RunTime:0.000549s ]
NOTIC: [8] Array to string conversion C:\xampp\htdocs\aiston\Application\Runtime\Cache\Admin\bd6d9bc6d301cff265c1368f68af747d.php 第 312 行.
NOTIC: [8] Undefined variable: url C:\xampp\htdocs\aiston\Application\Runtime\Cache\Admin\bd6d9bc6d301cff265c1368f68af747d.php 第 541 行.
NOTIC: [8] Undefined variable: url C:\xampp\htdocs\aiston\Application\Runtime\Cache\Admin\bd6d9bc6d301cff265c1368f68af747d.php 第 544 行.
INFO: Run Behavior\ParseTemplateBehavior [ RunTime:0.034249s ]
INFO: [ view_parse ] --END-- [ RunTime:0.034369s ]
INFO: [ view_filter ] --START--
INFO: Run Behavior\WriteHtmlCacheBehavior [ RunTime:0.002670s ]
INFO: [ view_filter ] --END-- [ RunTime:0.002765s ]
INFO: [ app_end ] --START--
INFO: Run Behavior\ShowPageTraceBehavior [ RunTime:0.002648s ]
INFO: [ app_end ] --END-- [ RunTime:0.002765s ]

[ 2016-03-26T10:04:43+08:00 ] ::1 /index.php/Admin/Join/contact
INFO: [ app_init ] --START--
INFO: Run Behavior\BuildLiteBehavior [ RunTime:0.000020s ]
INFO: [ app_init ] --END-- [ RunTime:0.000810s ]
INFO: [ app_begin ] --START--
INFO: Run Behavior\ReadHtmlCacheBehavior [ RunTime:0.001978s ]
INFO: [ app_begin ] --END-- [ RunTime:0.002112s ]
SQL: SHOW COLUMNS FROM `ast_admin` [ RunTime:0.0060s ]
SQL: SELECT * FROM `ast_admin`  [ RunTime:0.0007s ]
SQL: SELECT * FROM `ast_admin` WHERE `admin_id` = 1 LIMIT 1   [ RunTime:0.0005s ]
SQL: SHOW COLUMNS FROM `ast_nav` [ RunTime:0.0057s ]
SQL: SELECT * FROM `ast_nav`  [ RunTime:0.0004s ]
SQL: SELECT COUNT(*) AS tp_count FROM `ast_admin` LIMIT 1   [ RunTime:0.0002s ]
NOTIC: [2] Missing argument 3 for getAdminPage(), called in C:\xampp\htdocs\aiston\Application\Admin\Controller\CommonController.class.php on line 51 and defined C:\xampp\htdocs\aiston\Application\Common\Common\function.php 第 3 行.
NOTIC: [8] Undefined variable: num C:\xampp\htdocs\aiston\Application\Common\Common\function.php 第 4 行.
SQL: SELECT * FROM `ast_admin` ORDER BY admin_id LIMIT 0,10   [ RunTime:0.0004s ]
SQL: SHOW COLUMNS FROM `ast_company` [ RunTime:0.0053s ]
SQL: SELECT * FROM `ast_company` WHERE `c_id` = 2  [ RunTime:0.0003s ]
NOTIC: [2] call_user_func() expects parameter 1 to be a valid callback, no array or string given C:\xampp\htdocs\aiston\ThinkPHP\Library\Think\Upload.class.php 第 170 行.
NOTIC: [8] Undefined variable: error C:\xampp\htdocs\aiston\Application\Common\Common\function.php 第 58 行.
SQL: UPDATE `ast_company` SET `c_content`='/Public/Uploads/2016-03-26/56f5ee3bd8d0f.jpg' WHERE `c_id` = 2 [ RunTime:0.0076s ]
SQL: UPDATE `ast_company` SET `c_name`='重庆市九龙坡区西彭镇白彭路15号',`c_thumb`='023－68123333',`c_thumb1`='http：//www.sendi.cc',`c_thumb2`='cqsd@cps-equipment.com' WHERE `c_id` = 2 [ RunTime:0.0058s ]
INFO: [ view_parse ] --START--
INFO: [ template_filter ] --START--
INFO: Run Behavior\ContentReplaceBehavior [ RunTime:0.000708s ]
INFO: [ template_filter ] --END-- [ RunTime:0.000821s ]
NOTIC: [8] Array to string conversion C:\xampp\htdocs\aiston\Application\Runtime\Cache\Admin\bd6d9bc6d301cff265c1368f68af747d.php 第 312 行.
NOTIC: [8] Undefined variable: url C:\xampp\htdocs\aiston\Application\Runtime\Cache\Admin\bd6d9bc6d301cff265c1368f68af747d.php 第 541 行.
NOTIC: [8] Undefined variable: url C:\xampp\htdocs\aiston\Application\Runtime\Cache\Admin\bd6d9bc6d301cff265c1368f68af747d.php 第 544 行.
INFO: Run Behavior\ParseTemplateBehavior [ RunTime:0.051439s ]
INFO: [ view_parse ] --END-- [ RunTime:0.051546s ]
INFO: [ view_filter ] --START--
INFO: Run Behavior\WriteHtmlCacheBehavior [ RunTime:0.004370s ]
INFO: [ view_filter ] --END-- [ RunTime:0.004490s ]
INFO: [ app_end ] --START--
INFO: Run Behavior\ShowPageTraceBehavior [ RunTime:0.008507s ]
INFO: [ app_end ] --END-- [ RunTime:0.008632s ]

[ 2016-03-26T10:04:44+08:00 ] ::1 /index.php/Admin/Join/contact
INFO: [ app_init ] --START--
INFO: Run Behavior\BuildLiteBehavior [ RunTime:0.000037s ]
INFO: [ app_init ] --END-- [ RunTime:0.001235s ]
INFO: [ app_begin ] --START--
INFO: Run Behavior\ReadHtmlCacheBehavior [ RunTime:0.003446s ]
INFO: [ app_begin ] --END-- [ RunTime:0.003596s ]
SQL: SHOW COLUMNS FROM `ast_admin` [ RunTime:0.0075s ]
SQL: SELECT * FROM `ast_admin`  [ RunTime:0.0004s ]
SQL: SELECT * FROM `ast_admin` WHERE `admin_id` = 1 LIMIT 1   [ RunTime:0.0004s ]
SQL: SHOW COLUMNS FROM `ast_nav` [ RunTime:0.0063s ]
SQL: SELECT * FROM `ast_nav`  [ RunTime:0.0005s ]
SQL: SELECT COUNT(*) AS tp_count FROM `ast_admin` LIMIT 1   [ RunTime:0.0003s ]
NOTIC: [2] Missing argument 3 for getAdminPage(), called in C:\xampp\htdocs\aiston\Application\Admin\Controller\CommonController.class.php on line 51 and defined C:\xampp\htdocs\aiston\Application\Common\Common\function.php 第 3 行.
NOTIC: [8] Undefined variable: num C:\xampp\htdocs\aiston\Application\Common\Common\function.php 第 4 行.
SQL: SELECT * FROM `ast_admin` ORDER BY admin_id LIMIT 0,10   [ RunTime:0.0008s ]
SQL: SHOW COLUMNS FROM `ast_company` [ RunTime:0.0078s ]
SQL: SELECT * FROM `ast_company` WHERE `c_id` = 2  [ RunTime:0.0007s ]
INFO: [ view_parse ] --START--
INFO: [ template_filter ] --START--
INFO: Run Behavior\ContentReplaceBehavior [ RunTime:0.000990s ]
INFO: [ template_filter ] --END-- [ RunTime:0.001119s ]
NOTIC: [8] Array to string conversion C:\xampp\htdocs\aiston\Application\Runtime\Cache\Admin\bd6d9bc6d301cff265c1368f68af747d.php 第 312 行.
NOTIC: [8] Undefined variable: url C:\xampp\htdocs\aiston\Application\Runtime\Cache\Admin\bd6d9bc6d301cff265c1368f68af747d.php 第 541 行.
NOTIC: [8] Undefined variable: url C:\xampp\htdocs\aiston\Application\Runtime\Cache\Admin\bd6d9bc6d301cff265c1368f68af747d.php 第 544 行.
INFO: Run Behavior\ParseTemplateBehavior [ RunTime:0.043349s ]
INFO: [ view_parse ] --END-- [ RunTime:0.043460s ]
INFO: [ view_filter ] --START--
INFO: Run Behavior\WriteHtmlCacheBehavior [ RunTime:0.004565s ]
INFO: [ view_filter ] --END-- [ RunTime:0.004670s ]
INFO: [ app_end ] --START--
INFO: Run Behavior\ShowPageTraceBehavior [ RunTime:0.003141s ]
INFO: [ app_end ] --END-- [ RunTime:0.003321s ]

[ 2016-03-26T10:04:46+08:00 ] ::1 /index.php/Admin/Join/contact
INFO: [ app_init ] --START--
INFO: Run Behavior\BuildLiteBehavior [ RunTime:0.000026s ]
INFO: [ app_init ] --END-- [ RunTime:0.000715s ]
INFO: [ app_begin ] --START--
INFO: Run Behavior\ReadHtmlCacheBehavior [ RunTime:0.003299s ]
INFO: [ app_begin ] --END-- [ RunTime:0.003519s ]
SQL: SHOW COLUMNS FROM `ast_admin` [ RunTime:0.0058s ]
SQL: SELECT * FROM `ast_admin`  [ RunTime:0.0004s ]
SQL: SELECT * FROM `ast_admin` WHERE `admin_id` = 1 LIMIT 1   [ RunTime:0.0003s ]
SQL: SHOW COLUMNS FROM `ast_nav` [ RunTime:0.0037s ]
SQL: SELECT * FROM `ast_nav`  [ RunTime:0.0004s ]
SQL: SELECT COUNT(*) AS tp_count FROM `ast_admin` LIMIT 1   [ RunTime:0.0002s ]
NOTIC: [2] Missing argument 3 for getAdminPage(), called in C:\xampp\htdocs\aiston\Application\Admin\Controller\CommonController.class.php on line 51 and defined C:\xampp\htdocs\aiston\Application\Common\Common\function.php 第 3 行.
NOTIC: [8] Undefined variable: num C:\xampp\htdocs\aiston\Application\Common\Common\function.php 第 4 行.
SQL: SELECT * FROM `ast_admin` ORDER BY admin_id LIMIT 0,10   [ RunTime:0.0004s ]
SQL: SHOW COLUMNS FROM `ast_company` [ RunTime:0.0055s ]
SQL: SELECT * FROM `ast_company` WHERE `c_id` = 2  [ RunTime:0.0003s ]
INFO: [ view_parse ] --START--
INFO: [ template_filter ] --START--
INFO: Run Behavior\ContentReplaceBehavior [ RunTime:0.000552s ]
INFO: [ template_filter ] --END-- [ RunTime:0.000665s ]
NOTIC: [8] Array to string conversion C:\xampp\htdocs\aiston\Application\Runtime\Cache\Admin\bd6d9bc6d301cff265c1368f68af747d.php 第 312 行.
NOTIC: [8] Undefined variable: url C:\xampp\htdocs\aiston\Application\Runtime\Cache\Admin\bd6d9bc6d301cff265c1368f68af747d.php 第 541 行.
NOTIC: [8] Undefined variable: url C:\xampp\htdocs\aiston\Application\Runtime\Cache\Admin\bd6d9bc6d301cff265c1368f68af747d.php 第 544 行.
INFO: Run Behavior\ParseTemplateBehavior [ RunTime:0.033643s ]
INFO: [ view_parse ] --END-- [ RunTime:0.033717s ]
INFO: [ view_filter ] --START--
INFO: Run Behavior\WriteHtmlCacheBehavior [ RunTime:0.001734s ]
INFO: [ view_filter ] --END-- [ RunTime:0.001824s ]
INFO: [ app_end ] --START--
INFO: Run Behavior\ShowPageTraceBehavior [ RunTime:0.006864s ]
INFO: [ app_end ] --END-- [ RunTime:0.007012s ]

[ 2016-03-26T10:11:34+08:00 ] ::1 /index.php/Admin/User/login
INFO: [ app_init ] --START--
INFO: Run Behavior\BuildLiteBehavior [ RunTime:0.000026s ]
INFO: [ app_init ] --END-- [ RunTime:0.000719s ]
INFO: [ app_begin ] --START--
INFO: Run Behavior\ReadHtmlCacheBehavior [ RunTime:0.003133s ]
INFO: [ app_begin ] --END-- [ RunTime:0.003415s ]
INFO: [ view_parse ] --START--
INFO: [ template_filter ] --START--
INFO: Run Behavior\ContentReplaceBehavior [ RunTime:0.000085s ]
INFO: [ template_filter ] --END-- [ RunTime:0.000157s ]
INFO: Run Behavior\ParseTemplateBehavior [ RunTime:0.011033s ]
INFO: [ view_parse ] --END-- [ RunTime:0.011102s ]
INFO: [ view_filter ] --START--
INFO: Run Behavior\WriteHtmlCacheBehavior [ RunTime:0.001102s ]
INFO: [ view_filter ] --END-- [ RunTime:0.001154s ]
INFO: [ app_end ] --START--
INFO: Run Behavior\ShowPageTraceBehavior [ RunTime:0.001620s ]
INFO: [ app_end ] --END-- [ RunTime:0.001700s ]

[ 2016-03-26T10:11:34+08:00 ] ::1 /index.php/Admin/User/verify.html
INFO: [ app_init ] --START--
INFO: Run Behavior\BuildLiteBehavior [ RunTime:0.000025s ]
INFO: [ app_init ] --END-- [ RunTime:0.000996s ]
INFO: [ app_begin ] --START--
INFO: Run Behavior\ReadHtmlCacheBehavior [ RunTime:0.001852s ]
INFO: [ app_begin ] --END-- [ RunTime:0.001947s ]
INFO: [ app_end ] --START--
INFO: Run Behavior\ShowPageTraceBehavior [ RunTime:0.005905s ]
INFO: [ app_end ] --END-- [ RunTime:0.006170s ]

