[ 2016-03-26T10:10:41+08:00 ] ::1 /index.php/Homeen4/Contact/index
INFO: [ app_init ] --START--
INFO: Run Behavior\BuildLiteBehavior [ RunTime:0.000017s ]
INFO: [ app_init ] --END-- [ RunTime:0.000665s ]
INFO: [ app_begin ] --START--
INFO: Run Behavior\ReadHtmlCacheBehavior [ RunTime:0.001840s ]
INFO: [ app_begin ] --END-- [ RunTime:0.001970s ]
SQL: SHOW COLUMNS FROM `ast_banneren4` [ RunTime:0.0052s ]
SQL: SELECT * FROM `ast_banneren4`  [ RunTime:0.0014s ]
SQL: SHOW COLUMNS FROM `ast_linken4` [ RunTime:0.0043s ]
SQL: SELECT * FROM `ast_linken4`  [ RunTime:0.0004s ]
SQL: SHOW COLUMNS FROM `ast_companyen4` [ RunTime:0.0061s ]
SQL: SELECT * FROM `ast_companyen4` WHERE `c_id` = 2  [ RunTime:0.0004s ]
INFO: [ view_parse ] --START--
INFO: [ template_filter ] --START--
INFO: Run Behavior\ContentReplaceBehavior [ RunTime:0.000094s ]
INFO: [ template_filter ] --END-- [ RunTime:0.000167s ]
INFO: Run Behavior\ParseTemplateBehavior [ RunTime:0.022019s ]
INFO: [ view_parse ] --END-- [ RunTime:0.022114s ]
INFO: [ view_filter ] --START--
INFO: Run Behavior\WriteHtmlCacheBehavior [ RunTime:0.001186s ]
INFO: [ view_filter ] --END-- [ RunTime:0.001241s ]
INFO: [ app_end ] --START--
INFO: Run Behavior\ShowPageTraceBehavior [ RunTime:0.001496s ]
INFO: [ app_end ] --END-- [ RunTime:0.001572s ]

