[ 2016-04-16T13:34:33+08:00 ] ::1 /index.php/Home4/Index
INFO: [ app_init ] --START--
INFO: Run Behavior\BuildLiteBehavior [ RunTime:0.000028s ]
INFO: [ app_init ] --END-- [ RunTime:0.000744s ]
INFO: [ app_begin ] --START--
INFO: Run Behavior\ReadHtmlCacheBehavior [ RunTime:0.000874s ]
INFO: [ app_begin ] --END-- [ RunTime:0.000970s ]
SQL: SHOW COLUMNS FROM `ast_banner4` [ RunTime:0.0079s ]
SQL: SELECT * FROM `ast_banner4`  [ RunTime:0.0008s ]
SQL: SHOW COLUMNS FROM `ast_link4` [ RunTime:0.0091s ]
SQL: SELECT * FROM `ast_link4`  [ RunTime:0.0008s ]
SQL: SHOW COLUMNS FROM `ast_company4` [ RunTime:0.0231s ]
SQL: SHOW COLUMNS FROM `ast_article4` [ RunTime:0.0087s ]
SQL: SHOW COLUMNS FROM `ast_product4` [ RunTime:0.0080s ]
SQL: SHOW COLUMNS FROM `ast_procate4` [ RunTime:0.0066s ]
SQL: SELECT * FROM `ast_procate4`  [ RunTime:0.0004s ]
SQL: SELECT * FROM `ast_article4` WHERE `art_cateid` = 4 LIMIT 5   [ RunTime:0.0006s ]
SQL: SELECT * FROM `ast_article4` WHERE `art_cateid` = 5 LIMIT 3   [ RunTime:0.0004s ]
SQL: SELECT * FROM `ast_article4` ORDER BY art_addtime desc LIMIT 2,3   [ RunTime:0.0005s ]
SQL: SELECT * FROM `ast_article4` ORDER BY art_addtime desc LIMIT 1   [ RunTime:0.0003s ]
SQL: SELECT * FROM `ast_product4`  [ RunTime:0.0006s ]
SQL: SELECT * FROM `ast_company4`  [ RunTime:0.0002s ]
INFO: [ view_parse ] --START--
INFO: [ template_filter ] --START--
INFO: Run Behavior\ContentReplaceBehavior [ RunTime:0.000184s ]
INFO: [ template_filter ] --END-- [ RunTime:0.000316s ]
INFO: Run Behavior\ParseTemplateBehavior [ RunTime:0.024299s ]
INFO: [ view_parse ] --END-- [ RunTime:0.024406s ]
INFO: [ view_filter ] --START--
INFO: Run Behavior\WriteHtmlCacheBehavior [ RunTime:0.000653s ]
INFO: [ view_filter ] --END-- [ RunTime:0.000725s ]
INFO: [ app_end ] --START--
INFO: Run Behavior\ShowPageTraceBehavior [ RunTime:0.001094s ]
INFO: [ app_end ] --END-- [ RunTime:0.001187s ]

