[ 2016-03-24T22:11:17+08:00 ] ::1 /index.php/Home4/Index
INFO: [ app_init ] --START--
INFO: Run Behavior\BuildLiteBehavior [ RunTime:0.000017s ]
INFO: [ app_init ] --END-- [ RunTime:0.000459s ]
INFO: [ app_begin ] --START--
INFO: Run Behavior\ReadHtmlCacheBehavior [ RunTime:0.000711s ]
INFO: [ app_begin ] --END-- [ RunTime:0.000774s ]
SQL: SHOW COLUMNS FROM `ast_banner4` [ RunTime:0.0068s ]
SQL: SELECT * FROM `ast_banner4`  [ RunTime:0.0005s ]
SQL: SHOW COLUMNS FROM `ast_link4` [ RunTime:0.0077s ]
SQL: SELECT * FROM `ast_link4`  [ RunTime:0.0004s ]
SQL: SHOW COLUMNS FROM `ast_company4` [ RunTime:0.0192s ]
SQL: SHOW COLUMNS FROM `ast_article4` [ RunTime:0.0073s ]
SQL: SHOW COLUMNS FROM `ast_product4` [ RunTime:0.0069s ]
SQL: SHOW COLUMNS FROM `ast_procate4` [ RunTime:0.0064s ]
SQL: SELECT * FROM `ast_procate4`  [ RunTime:0.0005s ]
SQL: SELECT * FROM `ast_article4` WHERE `art_cateid` = 4 LIMIT 5   [ RunTime:0.0010s ]
SQL: SELECT * FROM `ast_article4` WHERE `art_cateid` = 5 LIMIT 3   [ RunTime:0.0007s ]
SQL: SELECT * FROM `ast_article4` ORDER BY art_addtime desc LIMIT 2,3   [ RunTime:0.0007s ]
SQL: SELECT * FROM `ast_article4` ORDER BY art_addtime desc LIMIT 1   [ RunTime:0.0007s ]
SQL: SELECT * FROM `ast_product4`  [ RunTime:0.0008s ]
SQL: SELECT * FROM `ast_company4`  [ RunTime:0.0003s ]
INFO: [ view_parse ] --START--
INFO: [ template_filter ] --START--
INFO: Run Behavior\ContentReplaceBehavior [ RunTime:0.000150s ]
INFO: [ template_filter ] --END-- [ RunTime:0.000232s ]
INFO: Run Behavior\ParseTemplateBehavior [ RunTime:0.017223s ]
INFO: [ view_parse ] --END-- [ RunTime:0.017311s ]
INFO: [ view_filter ] --START--
INFO: Run Behavior\WriteHtmlCacheBehavior [ RunTime:0.000500s ]
INFO: [ view_filter ] --END-- [ RunTime:0.000553s ]
INFO: [ app_end ] --START--
INFO: Run Behavior\ShowPageTraceBehavior [ RunTime:0.001178s ]
INFO: [ app_end ] --END-- [ RunTime:0.001247s ]

