[ 2016-03-26T10:08:49+08:00 ] ::1 /index.php/Home4/Contact/index
INFO: [ app_init ] --START--
INFO: Run Behavior\BuildLiteBehavior [ RunTime:0.000029s ]
INFO: [ app_init ] --END-- [ RunTime:0.001037s ]
INFO: [ app_begin ] --START--
INFO: Run Behavior\ReadHtmlCacheBehavior [ RunTime:0.003612s ]
INFO: [ app_begin ] --END-- [ RunTime:0.003728s ]
SQL: SHOW COLUMNS FROM `ast_banner4` [ RunTime:0.0059s ]
SQL: SELECT * FROM `ast_banner4`  [ RunTime:0.0017s ]
SQL: SHOW COLUMNS FROM `ast_link4` [ RunTime:0.0088s ]
SQL: SELECT * FROM `ast_link4`  [ RunTime:0.0016s ]
SQL: SHOW COLUMNS FROM `ast_company4` [ RunTime:0.0074s ]
SQL: SELECT * FROM `ast_company4` WHERE `c_id` = 2  [ RunTime:0.0004s ]
INFO: [ view_parse ] --START--
INFO: [ template_filter ] --START--
INFO: Run Behavior\ContentReplaceBehavior [ RunTime:0.000753s ]
INFO: [ template_filter ] --END-- [ RunTime:0.001486s ]
INFO: Run Behavior\ParseTemplateBehavior [ RunTime:0.026201s ]
INFO: [ view_parse ] --END-- [ RunTime:0.026338s ]
INFO: [ view_filter ] --START--
INFO: Run Behavior\WriteHtmlCacheBehavior [ RunTime:0.001134s ]
INFO: [ view_filter ] --END-- [ RunTime:0.001205s ]
INFO: [ app_end ] --START--
INFO: Run Behavior\ShowPageTraceBehavior [ RunTime:0.001881s ]
INFO: [ app_end ] --END-- [ RunTime:0.002008s ]

[ 2016-03-26T10:11:54+08:00 ] ::1 /index.php/Home4/Index
INFO: [ app_init ] --START--
INFO: Run Behavior\BuildLiteBehavior [ RunTime:0.000032s ]
INFO: [ app_init ] --END-- [ RunTime:0.001594s ]
INFO: [ app_begin ] --START--
INFO: Run Behavior\ReadHtmlCacheBehavior [ RunTime:0.002194s ]
INFO: [ app_begin ] --END-- [ RunTime:0.002307s ]
SQL: SHOW COLUMNS FROM `ast_banner4` [ RunTime:0.0057s ]
SQL: SELECT * FROM `ast_banner4`  [ RunTime:0.0005s ]
SQL: SHOW COLUMNS FROM `ast_link4` [ RunTime:0.0067s ]
SQL: SELECT * FROM `ast_link4`  [ RunTime:0.0003s ]
SQL: SHOW COLUMNS FROM `ast_company4` [ RunTime:0.0055s ]
SQL: SHOW COLUMNS FROM `ast_article4` [ RunTime:0.0061s ]
SQL: SHOW COLUMNS FROM `ast_product4` [ RunTime:0.0062s ]
SQL: SHOW COLUMNS FROM `ast_procate4` [ RunTime:0.0079s ]
SQL: SELECT * FROM `ast_procate4`  [ RunTime:0.0018s ]
SQL: SELECT * FROM `ast_article4` WHERE `art_cateid` = 4 LIMIT 5   [ RunTime:0.0011s ]
SQL: SELECT * FROM `ast_article4` WHERE `art_cateid` = 5 LIMIT 3   [ RunTime:0.0004s ]
SQL: SELECT * FROM `ast_article4` ORDER BY art_addtime desc LIMIT 2,3   [ RunTime:0.0005s ]
SQL: SELECT * FROM `ast_article4` ORDER BY art_addtime desc LIMIT 1   [ RunTime:0.0003s ]
SQL: SELECT * FROM `ast_product4`  [ RunTime:0.0007s ]
SQL: SELECT * FROM `ast_company4`  [ RunTime:0.0003s ]
INFO: [ view_parse ] --START--
INFO: [ template_filter ] --START--
INFO: Run Behavior\ContentReplaceBehavior [ RunTime:0.000160s ]
INFO: [ template_filter ] --END-- [ RunTime:0.000423s ]
INFO: Run Behavior\ParseTemplateBehavior [ RunTime:0.026730s ]
INFO: [ view_parse ] --END-- [ RunTime:0.026865s ]
INFO: [ view_filter ] --START--
INFO: Run Behavior\WriteHtmlCacheBehavior [ RunTime:0.000974s ]
INFO: [ view_filter ] --END-- [ RunTime:0.001029s ]
INFO: [ app_end ] --START--
INFO: Run Behavior\ShowPageTraceBehavior [ RunTime:0.001910s ]
INFO: [ app_end ] --END-- [ RunTime:0.002000s ]

[ 2016-03-26T10:12:03+08:00 ] ::1 /index.php/Home4/Index
INFO: [ app_init ] --START--
INFO: Run Behavior\BuildLiteBehavior [ RunTime:0.000031s ]
INFO: [ app_init ] --END-- [ RunTime:0.001249s ]
INFO: [ app_begin ] --START--
INFO: Run Behavior\ReadHtmlCacheBehavior [ RunTime:0.006246s ]
INFO: [ app_begin ] --END-- [ RunTime:0.006377s ]
SQL: SHOW COLUMNS FROM `ast_banner4` [ RunTime:0.0050s ]
SQL: SELECT * FROM `ast_banner4`  [ RunTime:0.0007s ]
SQL: SHOW COLUMNS FROM `ast_link4` [ RunTime:0.0081s ]
SQL: SELECT * FROM `ast_link4`  [ RunTime:0.0006s ]
SQL: SHOW COLUMNS FROM `ast_company4` [ RunTime:0.0050s ]
SQL: SHOW COLUMNS FROM `ast_article4` [ RunTime:0.0071s ]
SQL: SHOW COLUMNS FROM `ast_product4` [ RunTime:0.0127s ]
SQL: SHOW COLUMNS FROM `ast_procate4` [ RunTime:0.0081s ]
SQL: SELECT * FROM `ast_procate4`  [ RunTime:0.0004s ]
SQL: SELECT * FROM `ast_article4` WHERE `art_cateid` = 4 LIMIT 5   [ RunTime:0.0004s ]
SQL: SELECT * FROM `ast_article4` WHERE `art_cateid` = 5 LIMIT 3   [ RunTime:0.0015s ]
SQL: SELECT * FROM `ast_article4` ORDER BY art_addtime desc LIMIT 2,3   [ RunTime:0.0021s ]
SQL: SELECT * FROM `ast_article4` ORDER BY art_addtime desc LIMIT 1   [ RunTime:0.0018s ]
SQL: SELECT * FROM `ast_product4`  [ RunTime:0.0007s ]
SQL: SELECT * FROM `ast_company4`  [ RunTime:0.0005s ]
INFO: [ view_parse ] --START--
INFO: [ template_filter ] --START--
INFO: Run Behavior\ContentReplaceBehavior [ RunTime:0.000176s ]
INFO: [ template_filter ] --END-- [ RunTime:0.000304s ]
INFO: Run Behavior\ParseTemplateBehavior [ RunTime:0.041395s ]
INFO: [ view_parse ] --END-- [ RunTime:0.041644s ]
INFO: [ view_filter ] --START--
INFO: Run Behavior\WriteHtmlCacheBehavior [ RunTime:0.001656s ]
INFO: [ view_filter ] --END-- [ RunTime:0.001858s ]
INFO: [ app_end ] --START--
INFO: Run Behavior\ShowPageTraceBehavior [ RunTime:0.003895s ]
INFO: [ app_end ] --END-- [ RunTime:0.004178s ]

