[ 2016-05-04T10:28:50+08:00 ] ::1 /index.php/Home4/Index
INFO: [ app_init ] --START--
INFO: Run Behavior\BuildLiteBehavior [ RunTime:0.000017s ]
INFO: [ app_init ] --END-- [ RunTime:0.000473s ]
INFO: [ app_begin ] --START--
INFO: Run Behavior\ReadHtmlCacheBehavior [ RunTime:0.000727s ]
INFO: [ app_begin ] --END-- [ RunTime:0.000788s ]
SQL: SHOW COLUMNS FROM `ast_banner4` [ RunTime:0.0080s ]
SQL: SELECT * FROM `ast_banner4`  [ RunTime:0.0007s ]
SQL: SHOW COLUMNS FROM `ast_link4` [ RunTime:0.0068s ]
SQL: SELECT * FROM `ast_link4`  [ RunTime:0.0003s ]
SQL: SHOW COLUMNS FROM `ast_company4` [ RunTime:0.0203s ]
SQL: SHOW COLUMNS FROM `ast_article4` [ RunTime:0.0083s ]
SQL: SHOW COLUMNS FROM `ast_product4` [ RunTime:0.0071s ]
SQL: SHOW COLUMNS FROM `ast_procate4` [ RunTime:0.0097s ]
SQL: SELECT * FROM `ast_procate4`  [ RunTime:0.0007s ]
SQL: SELECT * FROM `ast_article4` WHERE `art_cateid` = 4 LIMIT 5   [ RunTime:0.0007s ]
SQL: SELECT * FROM `ast_article4` WHERE `art_cateid` = 5 LIMIT 3   [ RunTime:0.0003s ]
SQL: SELECT * FROM `ast_article4` ORDER BY art_addtime desc LIMIT 2,3   [ RunTime:0.0005s ]
SQL: SELECT * FROM `ast_article4` ORDER BY art_addtime desc LIMIT 1   [ RunTime:0.0003s ]
SQL: SELECT * FROM `ast_product4`  [ RunTime:0.0007s ]
SQL: SELECT * FROM `ast_company4`  [ RunTime:0.0004s ]
INFO: [ view_parse ] --START--
INFO: [ template_filter ] --START--
INFO: Run Behavior\ContentReplaceBehavior [ RunTime:0.000153s ]
INFO: [ template_filter ] --END-- [ RunTime:0.000243s ]
INFO: Run Behavior\ParseTemplateBehavior [ RunTime:0.019203s ]
INFO: [ view_parse ] --END-- [ RunTime:0.019333s ]
INFO: [ view_filter ] --START--
INFO: Run Behavior\WriteHtmlCacheBehavior [ RunTime:0.001031s ]
INFO: [ view_filter ] --END-- [ RunTime:0.001144s ]
INFO: [ app_end ] --START--
INFO: Run Behavior\ShowPageTraceBehavior [ RunTime:0.001455s ]
INFO: [ app_end ] --END-- [ RunTime:0.001575s ]

[ 2016-05-04T11:12:55+08:00 ] ::1 /index.php/Home4/Index
INFO: [ app_init ] --START--
INFO: Run Behavior\BuildLiteBehavior [ RunTime:0.000017s ]
INFO: [ app_init ] --END-- [ RunTime:0.000469s ]
INFO: [ app_begin ] --START--
INFO: Run Behavior\ReadHtmlCacheBehavior [ RunTime:0.000746s ]
INFO: [ app_begin ] --END-- [ RunTime:0.000807s ]
ERR: 无法加载控制器:Index

[ 2016-05-04T14:33:34+08:00 ] ::1 /index.php/Home4/Index
INFO: [ app_init ] --START--
INFO: Run Behavior\BuildLiteBehavior [ RunTime:0.000026s ]
INFO: [ app_init ] --END-- [ RunTime:0.000831s ]
INFO: [ app_begin ] --START--
INFO: Run Behavior\ReadHtmlCacheBehavior [ RunTime:0.001561s ]
INFO: [ app_begin ] --END-- [ RunTime:0.001682s ]
SQL: SHOW COLUMNS FROM `ast_banner4` [ RunTime:0.0050s ]
SQL: SELECT * FROM `ast_banner4`  [ RunTime:0.0003s ]
SQL: SHOW COLUMNS FROM `ast_link4` [ RunTime:0.0056s ]
SQL: SELECT * FROM `ast_link4`  [ RunTime:0.0004s ]
SQL: SHOW COLUMNS FROM `ast_company4` [ RunTime:0.0051s ]
SQL: SHOW COLUMNS FROM `ast_article4` [ RunTime:0.0052s ]
SQL: SHOW COLUMNS FROM `ast_product4` [ RunTime:0.0056s ]
SQL: SHOW COLUMNS FROM `ast_procate4` [ RunTime:0.0046s ]
SQL: SELECT * FROM `ast_procate4`  [ RunTime:0.0004s ]
SQL: SELECT * FROM `ast_article4` WHERE `art_cateid` = 4 LIMIT 5   [ RunTime:0.0004s ]
SQL: SELECT * FROM `ast_article4` WHERE `art_cateid` = 5 LIMIT 3   [ RunTime:0.0004s ]
SQL: SELECT * FROM `ast_article4` ORDER BY art_addtime desc LIMIT 2,3   [ RunTime:0.0006s ]
SQL: SELECT * FROM `ast_article4` ORDER BY art_addtime desc LIMIT 1   [ RunTime:0.0004s ]
SQL: SELECT * FROM `ast_product4`  [ RunTime:0.0004s ]
SQL: SELECT * FROM `ast_company4`  [ RunTime:0.0003s ]
INFO: [ view_parse ] --START--
INFO: [ template_filter ] --START--
INFO: Run Behavior\ContentReplaceBehavior [ RunTime:0.000233s ]
INFO: [ template_filter ] --END-- [ RunTime:0.000374s ]
INFO: Run Behavior\ParseTemplateBehavior [ RunTime:0.019285s ]
INFO: [ view_parse ] --END-- [ RunTime:0.019371s ]
INFO: [ view_filter ] --START--
INFO: Run Behavior\WriteHtmlCacheBehavior [ RunTime:0.000624s ]
INFO: [ view_filter ] --END-- [ RunTime:0.000689s ]
INFO: [ app_end ] --START--
INFO: Run Behavior\ShowPageTraceBehavior [ RunTime:0.002193s ]
INFO: [ app_end ] --END-- [ RunTime:0.002298s ]

[ 2016-05-04T14:34:25+08:00 ] ::1 /index.php/Home4/Product/details/id/3
INFO: [ app_init ] --START--
INFO: Run Behavior\BuildLiteBehavior [ RunTime:0.000017s ]
INFO: [ app_init ] --END-- [ RunTime:0.000496s ]
INFO: [ app_begin ] --START--
INFO: Run Behavior\ReadHtmlCacheBehavior [ RunTime:0.000780s ]
INFO: [ app_begin ] --END-- [ RunTime:0.000844s ]
SQL: SHOW COLUMNS FROM `ast_banner4` [ RunTime:0.0038s ]
SQL: SELECT * FROM `ast_banner4`  [ RunTime:0.0004s ]
SQL: SHOW COLUMNS FROM `ast_link4` [ RunTime:0.0036s ]
SQL: SELECT * FROM `ast_link4`  [ RunTime:0.0003s ]
SQL: SHOW COLUMNS FROM `ast_procate4` [ RunTime:0.0046s ]
SQL: SELECT * FROM `ast_procate4`  [ RunTime:0.0004s ]
SQL: SHOW COLUMNS FROM `ast_product4` [ RunTime:0.0038s ]
SQL: SELECT * FROM `ast_product4` WHERE `pro_id` = 3  [ RunTime:0.0005s ]
SQL: SELECT * FROM `ast_procate4` WHERE `cate_id` = 3  [ RunTime:0.0003s ]
INFO: [ view_parse ] --START--
INFO: [ template_filter ] --START--
INFO: Run Behavior\ContentReplaceBehavior [ RunTime:0.000126s ]
INFO: [ template_filter ] --END-- [ RunTime:0.000197s ]
NOTIC: [8] Undefined index: art_author C:\xampp\htdocs\aiston\Application\Runtime\Cache\Home4\622c8e52679d524dae3882b23f39a7f4.php 第 68 行.
NOTIC: [8] Undefined index: art_addtime C:\xampp\htdocs\aiston\Application\Runtime\Cache\Home4\622c8e52679d524dae3882b23f39a7f4.php 第 68 行.
NOTIC: [8] Undefined variable: result1 C:\xampp\htdocs\aiston\Application\Runtime\Cache\Home4\622c8e52679d524dae3882b23f39a7f4.php 第 79 行.
NOTIC: [8] Undefined variable: result1 C:\xampp\htdocs\aiston\Application\Runtime\Cache\Home4\622c8e52679d524dae3882b23f39a7f4.php 第 79 行.
NOTIC: [8] Undefined variable: result2 C:\xampp\htdocs\aiston\Application\Runtime\Cache\Home4\622c8e52679d524dae3882b23f39a7f4.php 第 80 行.
NOTIC: [8] Undefined variable: result2 C:\xampp\htdocs\aiston\Application\Runtime\Cache\Home4\622c8e52679d524dae3882b23f39a7f4.php 第 80 行.
INFO: Run Behavior\ParseTemplateBehavior [ RunTime:0.013746s ]
INFO: [ view_parse ] --END-- [ RunTime:0.013830s ]
INFO: [ view_filter ] --START--
INFO: Run Behavior\WriteHtmlCacheBehavior [ RunTime:0.000491s ]
INFO: [ view_filter ] --END-- [ RunTime:0.000542s ]
INFO: [ app_end ] --START--
INFO: Run Behavior\ShowPageTraceBehavior [ RunTime:0.000807s ]
INFO: [ app_end ] --END-- [ RunTime:0.000859s ]

[ 2016-05-04T14:34:30+08:00 ] ::1 /index.php/Home4/Product/index/id/2
INFO: [ app_init ] --START--
INFO: Run Behavior\BuildLiteBehavior [ RunTime:0.000017s ]
INFO: [ app_init ] --END-- [ RunTime:0.000484s ]
INFO: [ app_begin ] --START--
INFO: Run Behavior\ReadHtmlCacheBehavior [ RunTime:0.000741s ]
INFO: [ app_begin ] --END-- [ RunTime:0.000805s ]
SQL: SHOW COLUMNS FROM `ast_banner4` [ RunTime:0.0050s ]
SQL: SELECT * FROM `ast_banner4`  [ RunTime:0.0004s ]
SQL: SHOW COLUMNS FROM `ast_link4` [ RunTime:0.0035s ]
SQL: SELECT * FROM `ast_link4`  [ RunTime:0.0003s ]
SQL: SHOW COLUMNS FROM `ast_procate4` [ RunTime:0.0043s ]
SQL: SELECT * FROM `ast_procate4`  [ RunTime:0.0004s ]
SQL: SHOW COLUMNS FROM `ast_product4` [ RunTime:0.0038s ]
SQL: SELECT * FROM `ast_product4` WHERE `pro_cate_id` = 2  [ RunTime:0.0005s ]
SQL: SELECT * FROM `ast_product4` WHERE `pro_cate_id` = 2 LIMIT 0,5   [ RunTime:0.0004s ]
SQL: SELECT * FROM `ast_procate4` WHERE `cate_id` = 2  [ RunTime:0.0002s ]
INFO: [ view_parse ] --START--
INFO: [ template_filter ] --START--
INFO: Run Behavior\ContentReplaceBehavior [ RunTime:0.000109s ]
INFO: [ template_filter ] --END-- [ RunTime:0.000199s ]
NOTIC: [8] Undefined variable: pro C:\xampp\htdocs\aiston\Application\Runtime\Cache\Home4\20cd7fdc1fb85f8abf5f0e66bf23467e.php 第 74 行.
NOTIC: [8] Undefined variable: pro C:\xampp\htdocs\aiston\Application\Runtime\Cache\Home4\20cd7fdc1fb85f8abf5f0e66bf23467e.php 第 74 行.
NOTIC: [8] Undefined variable: pro C:\xampp\htdocs\aiston\Application\Runtime\Cache\Home4\20cd7fdc1fb85f8abf5f0e66bf23467e.php 第 74 行.
NOTIC: [8] Undefined index: p C:\xampp\htdocs\aiston\Application\Runtime\Cache\Home4\20cd7fdc1fb85f8abf5f0e66bf23467e.php 第 83 行.
NOTIC: [8] Undefined index: p C:\xampp\htdocs\aiston\Application\Runtime\Cache\Home4\20cd7fdc1fb85f8abf5f0e66bf23467e.php 第 88 行.
INFO: Run Behavior\ParseTemplateBehavior [ RunTime:0.014598s ]
INFO: [ view_parse ] --END-- [ RunTime:0.014663s ]
INFO: [ view_filter ] --START--
INFO: Run Behavior\WriteHtmlCacheBehavior [ RunTime:0.000502s ]
INFO: [ view_filter ] --END-- [ RunTime:0.000552s ]
INFO: [ app_end ] --START--
INFO: Run Behavior\ShowPageTraceBehavior [ RunTime:0.000903s ]
INFO: [ app_end ] --END-- [ RunTime:0.000957s ]

[ 2016-05-04T14:34:33+08:00 ] ::1 /index.php/Home4/News/index
INFO: [ app_init ] --START--
INFO: Run Behavior\BuildLiteBehavior [ RunTime:0.000018s ]
INFO: [ app_init ] --END-- [ RunTime:0.000490s ]
INFO: [ app_begin ] --START--
INFO: Run Behavior\ReadHtmlCacheBehavior [ RunTime:0.000740s ]
INFO: [ app_begin ] --END-- [ RunTime:0.000801s ]
SQL: SHOW COLUMNS FROM `ast_banner4` [ RunTime:0.0039s ]
SQL: SELECT * FROM `ast_banner4`  [ RunTime:0.0004s ]
SQL: SHOW COLUMNS FROM `ast_link4` [ RunTime:0.0037s ]
SQL: SELECT * FROM `ast_link4`  [ RunTime:0.0003s ]
SQL: SHOW COLUMNS FROM `ast_article4` [ RunTime:0.0041s ]
SQL: SELECT * FROM `ast_article4`  [ RunTime:0.0005s ]
SQL: SHOW COLUMNS FROM `ast_artcate4` [ RunTime:0.0064s ]
SQL: SELECT * FROM `ast_artcate4`  [ RunTime:0.0004s ]
NOTIC: [8] Undefined index: id C:\xampp\htdocs\aiston\Application\Home4\Controller\NewsController.class.php 第 29 行.
SQL: SELECT * FROM `ast_article4` LIMIT 0,5   [ RunTime:0.0004s ]
NOTIC: [8] Undefined variable: catename C:\xampp\htdocs\aiston\Application\Home4\Controller\NewsController.class.php 第 39 行.
INFO: [ view_parse ] --START--
INFO: [ template_filter ] --START--
INFO: Run Behavior\ContentReplaceBehavior [ RunTime:0.000109s ]
INFO: [ template_filter ] --END-- [ RunTime:0.000179s ]
NOTIC: [8] Undefined index: p C:\xampp\htdocs\aiston\Application\Runtime\Cache\Home4\1cdf70a4113fb044c8f293c159134d51.php 第 80 行.
NOTIC: [8] Undefined index: p C:\xampp\htdocs\aiston\Application\Runtime\Cache\Home4\1cdf70a4113fb044c8f293c159134d51.php 第 87 行.
NOTIC: [8] Undefined index: p C:\xampp\htdocs\aiston\Application\Runtime\Cache\Home4\1cdf70a4113fb044c8f293c159134d51.php 第 87 行.
INFO: Run Behavior\ParseTemplateBehavior [ RunTime:0.015603s ]
INFO: [ view_parse ] --END-- [ RunTime:0.015667s ]
INFO: [ view_filter ] --START--
INFO: Run Behavior\WriteHtmlCacheBehavior [ RunTime:0.000513s ]
INFO: [ view_filter ] --END-- [ RunTime:0.000563s ]
INFO: [ app_end ] --START--
INFO: Run Behavior\ShowPageTraceBehavior [ RunTime:0.000822s ]
INFO: [ app_end ] --END-- [ RunTime:0.000873s ]

[ 2016-05-04T14:34:35+08:00 ] ::1 /index.php/Home4/News/details/id/53
INFO: [ app_init ] --START--
INFO: Run Behavior\BuildLiteBehavior [ RunTime:0.000017s ]
INFO: [ app_init ] --END-- [ RunTime:0.000493s ]
INFO: [ app_begin ] --START--
INFO: Run Behavior\ReadHtmlCacheBehavior [ RunTime:0.000777s ]
INFO: [ app_begin ] --END-- [ RunTime:0.000843s ]
SQL: SHOW COLUMNS FROM `ast_banner4` [ RunTime:0.0038s ]
SQL: SELECT * FROM `ast_banner4`  [ RunTime:0.0004s ]
SQL: SHOW COLUMNS FROM `ast_link4` [ RunTime:0.0042s ]
SQL: SELECT * FROM `ast_link4`  [ RunTime:0.0003s ]
SQL: SHOW COLUMNS FROM `ast_article4` [ RunTime:0.0038s ]
SQL: SELECT * FROM `ast_article4` WHERE `art_id` = 53  [ RunTime:0.0004s ]
SQL: SELECT * FROM `ast_article4` WHERE `art_id` = 52  [ RunTime:0.0003s ]
SQL: SELECT * FROM `ast_article4` WHERE `art_id` = 54  [ RunTime:0.0003s ]
SQL: SHOW COLUMNS FROM `ast_artcate4` [ RunTime:0.0035s ]
SQL: SELECT * FROM `ast_artcate4`  [ RunTime:0.0003s ]
SQL: SELECT * FROM `ast_artcate4` WHERE `cate_id` = 2  [ RunTime:0.0003s ]
INFO: [ view_parse ] --START--
INFO: [ template_filter ] --START--
INFO: Run Behavior\ContentReplaceBehavior [ RunTime:0.000104s ]
INFO: [ template_filter ] --END-- [ RunTime:0.000171s ]
INFO: Run Behavior\ParseTemplateBehavior [ RunTime:0.014193s ]
INFO: [ view_parse ] --END-- [ RunTime:0.014259s ]
INFO: [ view_filter ] --START--
INFO: Run Behavior\WriteHtmlCacheBehavior [ RunTime:0.000513s ]
INFO: [ view_filter ] --END-- [ RunTime:0.000566s ]
INFO: [ app_end ] --START--
INFO: Run Behavior\ShowPageTraceBehavior [ RunTime:0.000871s ]
INFO: [ app_end ] --END-- [ RunTime:0.000925s ]

[ 2016-05-04T14:34:39+08:00 ] ::1 /index.php/Home4/Work/index
INFO: [ app_init ] --START--
INFO: Run Behavior\BuildLiteBehavior [ RunTime:0.000026s ]
INFO: [ app_init ] --END-- [ RunTime:0.000866s ]
INFO: [ app_begin ] --START--
INFO: Run Behavior\ReadHtmlCacheBehavior [ RunTime:0.001322s ]
INFO: [ app_begin ] --END-- [ RunTime:0.001438s ]
SQL: SHOW COLUMNS FROM `ast_banner4` [ RunTime:0.0048s ]
SQL: SELECT * FROM `ast_banner4`  [ RunTime:0.0004s ]
SQL: SHOW COLUMNS FROM `ast_link4` [ RunTime:0.0056s ]
SQL: SELECT * FROM `ast_link4`  [ RunTime:0.0004s ]
SQL: SHOW COLUMNS FROM `ast_work4` [ RunTime:0.0253s ]
NOTIC: [8] Undefined index: title C:\xampp\htdocs\aiston\Application\Home4\Controller\WorkController.class.php 第 16 行.
SQL: SELECT * FROM `ast_work4` ORDER BY w_cateid asc  [ RunTime:0.0008s ]
SQL: SELECT * FROM `ast_work4` LIMIT 0,6   [ RunTime:0.0005s ]
INFO: [ view_parse ] --START--
INFO: [ template_filter ] --START--
INFO: Run Behavior\ContentReplaceBehavior [ RunTime:0.000217s ]
INFO: [ template_filter ] --END-- [ RunTime:0.000321s ]
NOTIC: [8] Undefined index: title C:\xampp\htdocs\aiston\Application\Runtime\Cache\Home4\3a2ade48de08f0bf10622a3d99d3bf85.php 第 53 行.
NOTIC: [8] Undefined index: link_url C:\xampp\htdocs\aiston\Application\Runtime\Cache\Home4\3a2ade48de08f0bf10622a3d99d3bf85.php 第 62 行.
NOTIC: [8] Undefined index: title C:\xampp\htdocs\aiston\Application\Runtime\Cache\Home4\3a2ade48de08f0bf10622a3d99d3bf85.php 第 67 行.
NOTIC: [8] Undefined index: p C:\xampp\htdocs\aiston\Application\Runtime\Cache\Home4\3a2ade48de08f0bf10622a3d99d3bf85.php 第 93 行.
NOTIC: [8] Undefined index: p C:\xampp\htdocs\aiston\Application\Runtime\Cache\Home4\3a2ade48de08f0bf10622a3d99d3bf85.php 第 101 行.
NOTIC: [8] Undefined index: p C:\xampp\htdocs\aiston\Application\Runtime\Cache\Home4\3a2ade48de08f0bf10622a3d99d3bf85.php 第 101 行.
INFO: Run Behavior\ParseTemplateBehavior [ RunTime:0.013525s ]
INFO: [ view_parse ] --END-- [ RunTime:0.013605s ]
INFO: [ view_filter ] --START--
INFO: Run Behavior\WriteHtmlCacheBehavior [ RunTime:0.000514s ]
INFO: [ view_filter ] --END-- [ RunTime:0.000566s ]
INFO: [ app_end ] --START--
INFO: Run Behavior\ShowPageTraceBehavior [ RunTime:0.000830s ]
INFO: [ app_end ] --END-- [ RunTime:0.000885s ]

[ 2016-05-04T14:34:44+08:00 ] ::1 /index.php/Home4/Work/index/p/3
INFO: [ app_init ] --START--
INFO: Run Behavior\BuildLiteBehavior [ RunTime:0.000016s ]
INFO: [ app_init ] --END-- [ RunTime:0.000487s ]
INFO: [ app_begin ] --START--
INFO: Run Behavior\ReadHtmlCacheBehavior [ RunTime:0.000756s ]
INFO: [ app_begin ] --END-- [ RunTime:0.000822s ]
SQL: SHOW COLUMNS FROM `ast_banner4` [ RunTime:0.0042s ]
SQL: SELECT * FROM `ast_banner4`  [ RunTime:0.0004s ]
SQL: SHOW COLUMNS FROM `ast_link4` [ RunTime:0.0036s ]
SQL: SELECT * FROM `ast_link4`  [ RunTime:0.0004s ]
SQL: SHOW COLUMNS FROM `ast_work4` [ RunTime:0.0042s ]
NOTIC: [8] Undefined index: title C:\xampp\htdocs\aiston\Application\Home4\Controller\WorkController.class.php 第 16 行.
SQL: SELECT * FROM `ast_work4` ORDER BY w_cateid asc  [ RunTime:0.0006s ]
SQL: SELECT * FROM `ast_work4` LIMIT 12,6   [ RunTime:0.0004s ]
INFO: [ view_parse ] --START--
INFO: [ template_filter ] --START--
INFO: Run Behavior\ContentReplaceBehavior [ RunTime:0.000110s ]
INFO: [ template_filter ] --END-- [ RunTime:0.000180s ]
NOTIC: [8] Undefined index: title C:\xampp\htdocs\aiston\Application\Runtime\Cache\Home4\3a2ade48de08f0bf10622a3d99d3bf85.php 第 53 行.
NOTIC: [8] Undefined index: link_url C:\xampp\htdocs\aiston\Application\Runtime\Cache\Home4\3a2ade48de08f0bf10622a3d99d3bf85.php 第 62 行.
NOTIC: [8] Undefined index: title C:\xampp\htdocs\aiston\Application\Runtime\Cache\Home4\3a2ade48de08f0bf10622a3d99d3bf85.php 第 67 行.
INFO: Run Behavior\ParseTemplateBehavior [ RunTime:0.016263s ]
INFO: [ view_parse ] --END-- [ RunTime:0.016327s ]
INFO: [ view_filter ] --START--
INFO: Run Behavior\WriteHtmlCacheBehavior [ RunTime:0.000533s ]
INFO: [ view_filter ] --END-- [ RunTime:0.000586s ]
INFO: [ app_end ] --START--
INFO: Run Behavior\ShowPageTraceBehavior [ RunTime:0.000933s ]
INFO: [ app_end ] --END-- [ RunTime:0.000992s ]

[ 2016-05-04T14:34:48+08:00 ] ::1 /index.php/Home4/Work/index/p/1
INFO: [ app_init ] --START--
INFO: Run Behavior\BuildLiteBehavior [ RunTime:0.000018s ]
INFO: [ app_init ] --END-- [ RunTime:0.000489s ]
INFO: [ app_begin ] --START--
INFO: Run Behavior\ReadHtmlCacheBehavior [ RunTime:0.000728s ]
INFO: [ app_begin ] --END-- [ RunTime:0.000791s ]
SQL: SHOW COLUMNS FROM `ast_banner4` [ RunTime:0.0039s ]
SQL: SELECT * FROM `ast_banner4`  [ RunTime:0.0004s ]
SQL: SHOW COLUMNS FROM `ast_link4` [ RunTime:0.0037s ]
SQL: SELECT * FROM `ast_link4`  [ RunTime:0.0003s ]
SQL: SHOW COLUMNS FROM `ast_work4` [ RunTime:0.0041s ]
NOTIC: [8] Undefined index: title C:\xampp\htdocs\aiston\Application\Home4\Controller\WorkController.class.php 第 16 行.
SQL: SELECT * FROM `ast_work4` ORDER BY w_cateid asc  [ RunTime:0.0008s ]
SQL: SELECT * FROM `ast_work4` LIMIT 0,6   [ RunTime:0.0004s ]
INFO: [ view_parse ] --START--
INFO: [ template_filter ] --START--
INFO: Run Behavior\ContentReplaceBehavior [ RunTime:0.000124s ]
INFO: [ template_filter ] --END-- [ RunTime:0.000206s ]
NOTIC: [8] Undefined index: title C:\xampp\htdocs\aiston\Application\Runtime\Cache\Home4\3a2ade48de08f0bf10622a3d99d3bf85.php 第 53 行.
NOTIC: [8] Undefined index: link_url C:\xampp\htdocs\aiston\Application\Runtime\Cache\Home4\3a2ade48de08f0bf10622a3d99d3bf85.php 第 62 行.
NOTIC: [8] Undefined index: title C:\xampp\htdocs\aiston\Application\Runtime\Cache\Home4\3a2ade48de08f0bf10622a3d99d3bf85.php 第 67 行.
INFO: Run Behavior\ParseTemplateBehavior [ RunTime:0.013349s ]
INFO: [ view_parse ] --END-- [ RunTime:0.013424s ]
INFO: [ view_filter ] --START--
INFO: Run Behavior\WriteHtmlCacheBehavior [ RunTime:0.000617s ]
INFO: [ view_filter ] --END-- [ RunTime:0.000675s ]
INFO: [ app_end ] --START--
INFO: Run Behavior\ShowPageTraceBehavior [ RunTime:0.000848s ]
INFO: [ app_end ] --END-- [ RunTime:0.000902s ]

[ 2016-05-04T14:34:51+08:00 ] ::1 /index.php/Home4/Work/index/p/2
INFO: [ app_init ] --START--
INFO: Run Behavior\BuildLiteBehavior [ RunTime:0.000017s ]
INFO: [ app_init ] --END-- [ RunTime:0.000470s ]
INFO: [ app_begin ] --START--
INFO: Run Behavior\ReadHtmlCacheBehavior [ RunTime:0.000753s ]
INFO: [ app_begin ] --END-- [ RunTime:0.000830s ]
SQL: SHOW COLUMNS FROM `ast_banner4` [ RunTime:0.0040s ]
SQL: SELECT * FROM `ast_banner4`  [ RunTime:0.0004s ]
SQL: SHOW COLUMNS FROM `ast_link4` [ RunTime:0.0035s ]
SQL: SELECT * FROM `ast_link4`  [ RunTime:0.0003s ]
SQL: SHOW COLUMNS FROM `ast_work4` [ RunTime:0.0043s ]
NOTIC: [8] Undefined index: title C:\xampp\htdocs\aiston\Application\Home4\Controller\WorkController.class.php 第 16 行.
SQL: SELECT * FROM `ast_work4` ORDER BY w_cateid asc  [ RunTime:0.0006s ]
SQL: SELECT * FROM `ast_work4` LIMIT 6,6   [ RunTime:0.0004s ]
INFO: [ view_parse ] --START--
INFO: [ template_filter ] --START--
INFO: Run Behavior\ContentReplaceBehavior [ RunTime:0.000121s ]
INFO: [ template_filter ] --END-- [ RunTime:0.000214s ]
NOTIC: [8] Undefined index: title C:\xampp\htdocs\aiston\Application\Runtime\Cache\Home4\3a2ade48de08f0bf10622a3d99d3bf85.php 第 53 行.
NOTIC: [8] Undefined index: link_url C:\xampp\htdocs\aiston\Application\Runtime\Cache\Home4\3a2ade48de08f0bf10622a3d99d3bf85.php 第 62 行.
NOTIC: [8] Undefined index: title C:\xampp\htdocs\aiston\Application\Runtime\Cache\Home4\3a2ade48de08f0bf10622a3d99d3bf85.php 第 67 行.
INFO: Run Behavior\ParseTemplateBehavior [ RunTime:0.013316s ]
INFO: [ view_parse ] --END-- [ RunTime:0.013379s ]
INFO: [ view_filter ] --START--
INFO: Run Behavior\WriteHtmlCacheBehavior [ RunTime:0.000520s ]
INFO: [ view_filter ] --END-- [ RunTime:0.000570s ]
INFO: [ app_end ] --START--
INFO: Run Behavior\ShowPageTraceBehavior [ RunTime:0.000822s ]
INFO: [ app_end ] --END-- [ RunTime:0.000875s ]

[ 2016-05-04T14:34:54+08:00 ] ::1 /index.php/Home4/Work/index/p/3
INFO: [ app_init ] --START--
INFO: Run Behavior\BuildLiteBehavior [ RunTime:0.000016s ]
INFO: [ app_init ] --END-- [ RunTime:0.000463s ]
INFO: [ app_begin ] --START--
INFO: Run Behavior\ReadHtmlCacheBehavior [ RunTime:0.000750s ]
INFO: [ app_begin ] --END-- [ RunTime:0.000815s ]
SQL: SHOW COLUMNS FROM `ast_banner4` [ RunTime:0.0037s ]
SQL: SELECT * FROM `ast_banner4`  [ RunTime:0.0004s ]
SQL: SHOW COLUMNS FROM `ast_link4` [ RunTime:0.0036s ]
SQL: SELECT * FROM `ast_link4`  [ RunTime:0.0004s ]
SQL: SHOW COLUMNS FROM `ast_work4` [ RunTime:0.0039s ]
NOTIC: [8] Undefined index: title C:\xampp\htdocs\aiston\Application\Home4\Controller\WorkController.class.php 第 16 行.
SQL: SELECT * FROM `ast_work4` ORDER BY w_cateid asc  [ RunTime:0.0005s ]
SQL: SELECT * FROM `ast_work4` LIMIT 12,6   [ RunTime:0.0004s ]
INFO: [ view_parse ] --START--
INFO: [ template_filter ] --START--
INFO: Run Behavior\ContentReplaceBehavior [ RunTime:0.000121s ]
INFO: [ template_filter ] --END-- [ RunTime:0.000206s ]
NOTIC: [8] Undefined index: title C:\xampp\htdocs\aiston\Application\Runtime\Cache\Home4\3a2ade48de08f0bf10622a3d99d3bf85.php 第 53 行.
NOTIC: [8] Undefined index: link_url C:\xampp\htdocs\aiston\Application\Runtime\Cache\Home4\3a2ade48de08f0bf10622a3d99d3bf85.php 第 62 行.
NOTIC: [8] Undefined index: title C:\xampp\htdocs\aiston\Application\Runtime\Cache\Home4\3a2ade48de08f0bf10622a3d99d3bf85.php 第 67 行.
INFO: Run Behavior\ParseTemplateBehavior [ RunTime:0.013449s ]
INFO: [ view_parse ] --END-- [ RunTime:0.013509s ]
INFO: [ view_filter ] --START--
INFO: Run Behavior\WriteHtmlCacheBehavior [ RunTime:0.000499s ]
INFO: [ view_filter ] --END-- [ RunTime:0.000548s ]
INFO: [ app_end ] --START--
INFO: Run Behavior\ShowPageTraceBehavior [ RunTime:0.000814s ]
INFO: [ app_end ] --END-- [ RunTime:0.000876s ]

[ 2016-05-04T14:35:01+08:00 ] ::1 /index.php/Home4/Walkto/index
INFO: [ app_init ] --START--
INFO: Run Behavior\BuildLiteBehavior [ RunTime:0.000018s ]
INFO: [ app_init ] --END-- [ RunTime:0.000494s ]
INFO: [ app_begin ] --START--
INFO: Run Behavior\ReadHtmlCacheBehavior [ RunTime:0.000925s ]
INFO: [ app_begin ] --END-- [ RunTime:0.001003s ]
SQL: SHOW COLUMNS FROM `ast_banner4` [ RunTime:0.0040s ]
SQL: SELECT * FROM `ast_banner4`  [ RunTime:0.0004s ]
SQL: SHOW COLUMNS FROM `ast_link4` [ RunTime:0.0035s ]
SQL: SELECT * FROM `ast_link4`  [ RunTime:0.0003s ]
SQL: SHOW COLUMNS FROM `ast_about4` [ RunTime:0.0202s ]
SQL: SELECT * FROM `ast_about4`  [ RunTime:0.0004s ]
SQL: SELECT * FROM `ast_about4` WHERE `ast_aid` = 1  [ RunTime:0.0004s ]
INFO: [ view_parse ] --START--
INFO: [ template_filter ] --START--
INFO: Run Behavior\ContentReplaceBehavior [ RunTime:0.000093s ]
INFO: [ template_filter ] --END-- [ RunTime:0.000159s ]
NOTIC: [8] Undefined index: link_url C:\xampp\htdocs\aiston\Application\Runtime\Cache\Home4\2e45f1082aedd11e572e6d45c99cbf8e.php 第 63 行.
INFO: Run Behavior\ParseTemplateBehavior [ RunTime:0.012213s ]
INFO: [ view_parse ] --END-- [ RunTime:0.012301s ]
INFO: [ view_filter ] --START--
INFO: Run Behavior\WriteHtmlCacheBehavior [ RunTime:0.000490s ]
INFO: [ view_filter ] --END-- [ RunTime:0.000540s ]
INFO: [ app_end ] --START--
INFO: Run Behavior\ShowPageTraceBehavior [ RunTime:0.000984s ]
INFO: [ app_end ] --END-- [ RunTime:0.001071s ]

[ 2016-05-04T17:08:06+08:00 ] ::1 /index.php/Home4/Index
INFO: [ app_init ] --START--
INFO: Run Behavior\BuildLiteBehavior [ RunTime:0.000018s ]
INFO: [ app_init ] --END-- [ RunTime:0.000514s ]
INFO: [ app_begin ] --START--
INFO: Run Behavior\ReadHtmlCacheBehavior [ RunTime:0.000821s ]
INFO: [ app_begin ] --END-- [ RunTime:0.000884s ]
SQL: SHOW COLUMNS FROM `ast_banner4` [ RunTime:0.0039s ]
SQL: SELECT * FROM `ast_banner4`  [ RunTime:0.0004s ]
SQL: SHOW COLUMNS FROM `ast_link4` [ RunTime:0.0037s ]
SQL: SELECT * FROM `ast_link4`  [ RunTime:0.0003s ]
SQL: SHOW COLUMNS FROM `ast_company4` [ RunTime:0.0048s ]
SQL: SHOW COLUMNS FROM `ast_article4` [ RunTime:0.0045s ]
SQL: SHOW COLUMNS FROM `ast_product4` [ RunTime:0.0042s ]
SQL: SHOW COLUMNS FROM `ast_procate4` [ RunTime:0.0046s ]
SQL: SELECT * FROM `ast_procate4`  [ RunTime:0.0004s ]
SQL: SELECT * FROM `ast_article4` WHERE `art_cateid` = 4 LIMIT 5   [ RunTime:0.0004s ]
SQL: SELECT * FROM `ast_article4` WHERE `art_cateid` = 5 LIMIT 3   [ RunTime:0.0005s ]
SQL: SELECT * FROM `ast_article4` ORDER BY art_addtime desc LIMIT 2,3   [ RunTime:0.0006s ]
SQL: SELECT * FROM `ast_article4` ORDER BY art_addtime desc LIMIT 1   [ RunTime:0.0004s ]
SQL: SELECT * FROM `ast_product4`  [ RunTime:0.0003s ]
SQL: SELECT * FROM `ast_company4`  [ RunTime:0.0002s ]
INFO: [ view_parse ] --START--
INFO: [ template_filter ] --START--
INFO: Run Behavior\ContentReplaceBehavior [ RunTime:0.000131s ]
INFO: [ template_filter ] --END-- [ RunTime:0.000195s ]
INFO: Run Behavior\ParseTemplateBehavior [ RunTime:0.017917s ]
INFO: [ view_parse ] --END-- [ RunTime:0.017984s ]
INFO: [ view_filter ] --START--
INFO: Run Behavior\WriteHtmlCacheBehavior [ RunTime:0.000512s ]
INFO: [ view_filter ] --END-- [ RunTime:0.000563s ]
INFO: [ app_end ] --START--
INFO: Run Behavior\ShowPageTraceBehavior [ RunTime:0.001366s ]
INFO: [ app_end ] --END-- [ RunTime:0.001440s ]

[ 2016-05-04T17:08:18+08:00 ] ::1 /index.php/Home4/Index
INFO: [ app_init ] --START--
INFO: Run Behavior\BuildLiteBehavior [ RunTime:0.000017s ]
INFO: [ app_init ] --END-- [ RunTime:0.000568s ]
INFO: [ app_begin ] --START--
INFO: Run Behavior\ReadHtmlCacheBehavior [ RunTime:0.001002s ]
INFO: [ app_begin ] --END-- [ RunTime:0.001070s ]
SQL: SHOW COLUMNS FROM `ast_banner4` [ RunTime:0.0043s ]
SQL: SELECT * FROM `ast_banner4`  [ RunTime:0.0004s ]
SQL: SHOW COLUMNS FROM `ast_link4` [ RunTime:0.0043s ]
SQL: SELECT * FROM `ast_link4`  [ RunTime:0.0003s ]
SQL: SHOW COLUMNS FROM `ast_company4` [ RunTime:0.0040s ]
SQL: SHOW COLUMNS FROM `ast_article4` [ RunTime:0.0042s ]
SQL: SHOW COLUMNS FROM `ast_product4` [ RunTime:0.0048s ]
SQL: SHOW COLUMNS FROM `ast_procate4` [ RunTime:0.0037s ]
SQL: SELECT * FROM `ast_procate4`  [ RunTime:0.0003s ]
SQL: SELECT * FROM `ast_article4` WHERE `art_cateid` = 4 LIMIT 5   [ RunTime:0.0004s ]
SQL: SELECT * FROM `ast_article4` WHERE `art_cateid` = 5 LIMIT 3   [ RunTime:0.0003s ]
SQL: SELECT * FROM `ast_article4` ORDER BY art_addtime desc LIMIT 2,3   [ RunTime:0.0005s ]
SQL: SELECT * FROM `ast_article4` ORDER BY art_addtime desc LIMIT 1   [ RunTime:0.0003s ]
SQL: SELECT * FROM `ast_product4`  [ RunTime:0.0003s ]
SQL: SELECT * FROM `ast_company4`  [ RunTime:0.0003s ]
INFO: [ view_parse ] --START--
INFO: [ template_filter ] --START--
INFO: Run Behavior\ContentReplaceBehavior [ RunTime:0.000130s ]
INFO: [ template_filter ] --END-- [ RunTime:0.000194s ]
INFO: Run Behavior\ParseTemplateBehavior [ RunTime:0.017050s ]
INFO: [ view_parse ] --END-- [ RunTime:0.017165s ]
INFO: [ view_filter ] --START--
INFO: Run Behavior\WriteHtmlCacheBehavior [ RunTime:0.001032s ]
INFO: [ view_filter ] --END-- [ RunTime:0.001107s ]
INFO: [ app_end ] --START--
INFO: Run Behavior\ShowPageTraceBehavior [ RunTime:0.002001s ]
INFO: [ app_end ] --END-- [ RunTime:0.002103s ]

[ 2016-05-04T17:08:44+08:00 ] ::1 /index.php/Home4/Index
INFO: [ app_init ] --START--
INFO: Run Behavior\BuildLiteBehavior [ RunTime:0.000021s ]
INFO: [ app_init ] --END-- [ RunTime:0.000804s ]
INFO: [ app_begin ] --START--
INFO: Run Behavior\ReadHtmlCacheBehavior [ RunTime:0.000767s ]
INFO: [ app_begin ] --END-- [ RunTime:0.000832s ]
SQL: SHOW COLUMNS FROM `ast_banner4` [ RunTime:0.0042s ]
SQL: SELECT * FROM `ast_banner4`  [ RunTime:0.0004s ]
SQL: SHOW COLUMNS FROM `ast_link4` [ RunTime:0.0051s ]
SQL: SELECT * FROM `ast_link4`  [ RunTime:0.0004s ]
SQL: SHOW COLUMNS FROM `ast_company4` [ RunTime:0.0054s ]
SQL: SHOW COLUMNS FROM `ast_article4` [ RunTime:0.0042s ]
SQL: SHOW COLUMNS FROM `ast_product4` [ RunTime:0.0040s ]
SQL: SHOW COLUMNS FROM `ast_procate4` [ RunTime:0.0044s ]
SQL: SELECT * FROM `ast_procate4`  [ RunTime:0.0004s ]
SQL: SELECT * FROM `ast_article4` WHERE `art_cateid` = 4 LIMIT 5   [ RunTime:0.0005s ]
SQL: SELECT * FROM `ast_article4` WHERE `art_cateid` = 5 LIMIT 3   [ RunTime:0.0003s ]
SQL: SELECT * FROM `ast_article4` ORDER BY art_addtime desc LIMIT 2,3   [ RunTime:0.0005s ]
SQL: SELECT * FROM `ast_article4` ORDER BY art_addtime desc LIMIT 1   [ RunTime:0.0003s ]
SQL: SELECT * FROM `ast_product4`  [ RunTime:0.0004s ]
SQL: SELECT * FROM `ast_company4`  [ RunTime:0.0002s ]
INFO: [ view_parse ] --START--
INFO: [ template_filter ] --START--
INFO: Run Behavior\ContentReplaceBehavior [ RunTime:0.000131s ]
INFO: [ template_filter ] --END-- [ RunTime:0.000198s ]
INFO: Run Behavior\ParseTemplateBehavior [ RunTime:0.017580s ]
INFO: [ view_parse ] --END-- [ RunTime:0.017647s ]
INFO: [ view_filter ] --START--
INFO: Run Behavior\WriteHtmlCacheBehavior [ RunTime:0.000498s ]
INFO: [ view_filter ] --END-- [ RunTime:0.000548s ]
INFO: [ app_end ] --START--
INFO: Run Behavior\ShowPageTraceBehavior [ RunTime:0.001130s ]
INFO: [ app_end ] --END-- [ RunTime:0.001211s ]

