[ 2016-04-09T21:38:18+08:00 ] ::1 /index.php/Admin5/index
INFO: [ app_init ] --START--
INFO: Run Behavior\BuildLiteBehavior [ RunTime:0.000021s ]
INFO: [ app_init ] --END-- [ RunTime:0.000577s ]
INFO: [ app_begin ] --START--
INFO: Run Behavior\ReadHtmlCacheBehavior [ RunTime:0.000768s ]
INFO: [ app_begin ] --END-- [ RunTime:0.000852s ]
SQL: SHOW COLUMNS FROM `ast_admin5` [ RunTime:0.0059s ]
SQL: SELECT * FROM `ast_admin5`  [ RunTime:0.0004s ]
SQL: SELECT * FROM `ast_admin5` WHERE `admin_id` = 1 LIMIT 1   [ RunTime:0.0004s ]
SQL: SHOW COLUMNS FROM `ast_nav5` [ RunTime:0.0062s ]
SQL: SELECT * FROM `ast_nav5`  [ RunTime:0.0006s ]
SQL: SELECT COUNT(*) AS tp_count FROM `ast_admin5` LIMIT 1   [ RunTime:0.0002s ]
NOTIC: [2] Missing argument 3 for getAdminPage(), called in C:\xampp\htdocs\aiston\Application\Admin5\Controller\CommonController.class.php on line 51 and defined C:\xampp\htdocs\aiston\Application\Common\Common\function.php 第 3 行.
NOTIC: [8] Undefined variable: num C:\xampp\htdocs\aiston\Application\Common\Common\function.php 第 4 行.
SQL: SELECT * FROM `ast_admin5` ORDER BY admin_id LIMIT 0,10   [ RunTime:0.0004s ]
INFO: [ view_parse ] --START--
INFO: [ template_filter ] --START--
INFO: Run Behavior\ContentReplaceBehavior [ RunTime:0.000484s ]
INFO: [ template_filter ] --END-- [ RunTime:0.000553s ]
NOTIC: [8] Array to string conversion C:\xampp\htdocs\aiston\Application\Runtime\Cache\Admin5\34b808e96df5c5cbfc9e039e2bfa25e2.php 第 226 行.
NOTIC: [8] Undefined variable: url C:\xampp\htdocs\aiston\Application\Runtime\Cache\Admin5\34b808e96df5c5cbfc9e039e2bfa25e2.php 第 455 行.
NOTIC: [8] Undefined variable: url C:\xampp\htdocs\aiston\Application\Runtime\Cache\Admin5\34b808e96df5c5cbfc9e039e2bfa25e2.php 第 458 行.
INFO: Run Behavior\ParseTemplateBehavior [ RunTime:0.024995s ]
INFO: [ view_parse ] --END-- [ RunTime:0.025075s ]
INFO: [ view_filter ] --START--
INFO: Run Behavior\WriteHtmlCacheBehavior [ RunTime:0.000536s ]
INFO: [ view_filter ] --END-- [ RunTime:0.000585s ]
INFO: [ app_end ] --START--
INFO: Run Behavior\ShowPageTraceBehavior [ RunTime:0.001252s ]
INFO: [ app_end ] --END-- [ RunTime:0.001343s ]

[ 2016-04-09T21:38:59+08:00 ] ::1 /index.php/Admin5/index
INFO: [ app_init ] --START--
INFO: Run Behavior\BuildLiteBehavior [ RunTime:0.000018s ]
INFO: [ app_init ] --END-- [ RunTime:0.000783s ]
INFO: [ app_begin ] --START--
INFO: Run Behavior\ReadHtmlCacheBehavior [ RunTime:0.001233s ]
INFO: [ app_begin ] --END-- [ RunTime:0.001341s ]
SQL: SHOW COLUMNS FROM `ast_admin5` [ RunTime:0.0051s ]
SQL: SELECT * FROM `ast_admin5`  [ RunTime:0.0004s ]
SQL: SELECT * FROM `ast_admin5` WHERE `admin_id` = 1 LIMIT 1   [ RunTime:0.0004s ]
SQL: SHOW COLUMNS FROM `ast_nav5` [ RunTime:0.0067s ]
SQL: SELECT * FROM `ast_nav5`  [ RunTime:0.0004s ]
SQL: SELECT COUNT(*) AS tp_count FROM `ast_admin5` LIMIT 1   [ RunTime:0.0003s ]
NOTIC: [2] Missing argument 3 for getAdminPage(), called in C:\xampp\htdocs\aiston\Application\Admin5\Controller\CommonController.class.php on line 51 and defined C:\xampp\htdocs\aiston\Application\Common\Common\function.php 第 3 行.
NOTIC: [8] Undefined variable: num C:\xampp\htdocs\aiston\Application\Common\Common\function.php 第 4 行.
SQL: SELECT * FROM `ast_admin5` ORDER BY admin_id LIMIT 0,10   [ RunTime:0.0004s ]
INFO: [ view_parse ] --START--
INFO: [ template_filter ] --START--
INFO: Run Behavior\ContentReplaceBehavior [ RunTime:0.000645s ]
INFO: [ template_filter ] --END-- [ RunTime:0.000751s ]
NOTIC: [8] Array to string conversion C:\xampp\htdocs\aiston\Application\Runtime\Cache\Admin5\34b808e96df5c5cbfc9e039e2bfa25e2.php 第 226 行.
NOTIC: [8] Undefined variable: url C:\xampp\htdocs\aiston\Application\Runtime\Cache\Admin5\34b808e96df5c5cbfc9e039e2bfa25e2.php 第 455 行.
NOTIC: [8] Undefined variable: url C:\xampp\htdocs\aiston\Application\Runtime\Cache\Admin5\34b808e96df5c5cbfc9e039e2bfa25e2.php 第 458 行.
INFO: Run Behavior\ParseTemplateBehavior [ RunTime:0.025426s ]
INFO: [ view_parse ] --END-- [ RunTime:0.025493s ]
INFO: [ view_filter ] --START--
INFO: Run Behavior\WriteHtmlCacheBehavior [ RunTime:0.000794s ]
INFO: [ view_filter ] --END-- [ RunTime:0.000847s ]
INFO: [ app_end ] --START--
INFO: Run Behavior\ShowPageTraceBehavior [ RunTime:0.001582s ]
INFO: [ app_end ] --END-- [ RunTime:0.001684s ]

[ 2016-04-09T21:47:00+08:00 ] ::1 /index.php/Admin5/Invest/index
INFO: [ app_init ] --START--
INFO: Run Behavior\BuildLiteBehavior [ RunTime:0.000016s ]
INFO: [ app_init ] --END-- [ RunTime:0.000560s ]
INFO: [ app_begin ] --START--
INFO: Run Behavior\ReadHtmlCacheBehavior [ RunTime:0.001622s ]
INFO: [ app_begin ] --END-- [ RunTime:0.001711s ]
SQL: SHOW COLUMNS FROM `ast_admin5` [ RunTime:0.0042s ]
SQL: SELECT * FROM `ast_admin5`  [ RunTime:0.0004s ]
SQL: SELECT * FROM `ast_admin5` WHERE `admin_id` = 1 LIMIT 1   [ RunTime:0.0003s ]
SQL: SHOW COLUMNS FROM `ast_nav5` [ RunTime:0.0037s ]
SQL: SELECT * FROM `ast_nav5`  [ RunTime:0.0004s ]
SQL: SELECT COUNT(*) AS tp_count FROM `ast_admin5` LIMIT 1   [ RunTime:0.0002s ]
NOTIC: [2] Missing argument 3 for getAdminPage(), called in C:\xampp\htdocs\aiston\Application\Admin5\Controller\CommonController.class.php on line 51 and defined C:\xampp\htdocs\aiston\Application\Common\Common\function.php 第 3 行.
NOTIC: [8] Undefined variable: num C:\xampp\htdocs\aiston\Application\Common\Common\function.php 第 4 行.
SQL: SELECT * FROM `ast_admin5` ORDER BY admin_id LIMIT 0,10   [ RunTime:0.0004s ]
SQL: SHOW COLUMNS FROM `ast_invest5` [ RunTime:0.0047s ]
SQL: SELECT * FROM `ast_invest5`  [ RunTime:0.0007s ]
INFO: [ view_parse ] --START--
INFO: [ template_filter ] --START--
INFO: Run Behavior\ContentReplaceBehavior [ RunTime:0.000523s ]
INFO: [ template_filter ] --END-- [ RunTime:0.000590s ]
NOTIC: [8] Undefined variable: cid C:\xampp\htdocs\aiston\Application\Runtime\Cache\Admin5\0446d2b87029091d22b9d2c8d9538002.php 第 121 行.
NOTIC: [8] Undefined variable: acate C:\xampp\htdocs\aiston\Application\Runtime\Cache\Admin5\0446d2b87029091d22b9d2c8d9538002.php 第 124 行.
NOTIC: [8] Undefined variable: cid C:\xampp\htdocs\aiston\Application\Runtime\Cache\Admin5\0446d2b87029091d22b9d2c8d9538002.php 第 128 行.
NOTIC: [8] Undefined index: art_isshow C:\xampp\htdocs\aiston\Application\Runtime\Cache\Admin5\0446d2b87029091d22b9d2c8d9538002.php 第 149 行.
NOTIC: [8] Undefined index: art_order C:\xampp\htdocs\aiston\Application\Runtime\Cache\Admin5\0446d2b87029091d22b9d2c8d9538002.php 第 153 行.
NOTIC: [8] Undefined index: art_id C:\xampp\htdocs\aiston\Application\Runtime\Cache\Admin5\0446d2b87029091d22b9d2c8d9538002.php 第 153 行.
NOTIC: [8] Undefined index: art_isshow C:\xampp\htdocs\aiston\Application\Runtime\Cache\Admin5\0446d2b87029091d22b9d2c8d9538002.php 第 149 行.
NOTIC: [8] Undefined index: art_order C:\xampp\htdocs\aiston\Application\Runtime\Cache\Admin5\0446d2b87029091d22b9d2c8d9538002.php 第 153 行.
NOTIC: [8] Undefined index: art_id C:\xampp\htdocs\aiston\Application\Runtime\Cache\Admin5\0446d2b87029091d22b9d2c8d9538002.php 第 153 行.
NOTIC: [8] Undefined index: art_isshow C:\xampp\htdocs\aiston\Application\Runtime\Cache\Admin5\0446d2b87029091d22b9d2c8d9538002.php 第 149 行.
NOTIC: [8] Undefined index: art_order C:\xampp\htdocs\aiston\Application\Runtime\Cache\Admin5\0446d2b87029091d22b9d2c8d9538002.php 第 153 行.
NOTIC: [8] Undefined index: art_id C:\xampp\htdocs\aiston\Application\Runtime\Cache\Admin5\0446d2b87029091d22b9d2c8d9538002.php 第 153 行.
NOTIC: [8] Undefined index: art_isshow C:\xampp\htdocs\aiston\Application\Runtime\Cache\Admin5\0446d2b87029091d22b9d2c8d9538002.php 第 149 行.
NOTIC: [8] Undefined index: art_order C:\xampp\htdocs\aiston\Application\Runtime\Cache\Admin5\0446d2b87029091d22b9d2c8d9538002.php 第 153 行.
NOTIC: [8] Undefined index: art_id C:\xampp\htdocs\aiston\Application\Runtime\Cache\Admin5\0446d2b87029091d22b9d2c8d9538002.php 第 153 行.
NOTIC: [8] Undefined index: art_isshow C:\xampp\htdocs\aiston\Application\Runtime\Cache\Admin5\0446d2b87029091d22b9d2c8d9538002.php 第 149 行.
NOTIC: [8] Undefined index: art_order C:\xampp\htdocs\aiston\Application\Runtime\Cache\Admin5\0446d2b87029091d22b9d2c8d9538002.php 第 153 行.
NOTIC: [8] Undefined index: art_id C:\xampp\htdocs\aiston\Application\Runtime\Cache\Admin5\0446d2b87029091d22b9d2c8d9538002.php 第 153 行.
NOTIC: [8] Undefined index: art_isshow C:\xampp\htdocs\aiston\Application\Runtime\Cache\Admin5\0446d2b87029091d22b9d2c8d9538002.php 第 149 行.
NOTIC: [8] Undefined index: art_order C:\xampp\htdocs\aiston\Application\Runtime\Cache\Admin5\0446d2b87029091d22b9d2c8d9538002.php 第 153 行.
NOTIC: [8] Undefined index: art_id C:\xampp\htdocs\aiston\Application\Runtime\Cache\Admin5\0446d2b87029091d22b9d2c8d9538002.php 第 153 行.
NOTIC: [8] Undefined index: art_isshow C:\xampp\htdocs\aiston\Application\Runtime\Cache\Admin5\0446d2b87029091d22b9d2c8d9538002.php 第 149 行.
NOTIC: [8] Undefined index: art_order C:\xampp\htdocs\aiston\Application\Runtime\Cache\Admin5\0446d2b87029091d22b9d2c8d9538002.php 第 153 行.
NOTIC: [8] Undefined index: art_id C:\xampp\htdocs\aiston\Application\Runtime\Cache\Admin5\0446d2b87029091d22b9d2c8d9538002.php 第 153 行.
NOTIC: [8] Undefined index: art_isshow C:\xampp\htdocs\aiston\Application\Runtime\Cache\Admin5\0446d2b87029091d22b9d2c8d9538002.php 第 149 行.
NOTIC: [8] Undefined index: art_order C:\xampp\htdocs\aiston\Application\Runtime\Cache\Admin5\0446d2b87029091d22b9d2c8d9538002.php 第 153 行.
NOTIC: [8] Undefined index: art_id C:\xampp\htdocs\aiston\Application\Runtime\Cache\Admin5\0446d2b87029091d22b9d2c8d9538002.php 第 153 行.
NOTIC: [8] Undefined variable: show C:\xampp\htdocs\aiston\Application\Runtime\Cache\Admin5\0446d2b87029091d22b9d2c8d9538002.php 第 160 行.
NOTIC: [8] Array to string conversion C:\xampp\htdocs\aiston\Application\Runtime\Cache\Admin5\0446d2b87029091d22b9d2c8d9538002.php 第 371 行.
NOTIC: [8] Undefined variable: url C:\xampp\htdocs\aiston\Application\Runtime\Cache\Admin5\0446d2b87029091d22b9d2c8d9538002.php 第 600 行.
NOTIC: [8] Undefined variable: url C:\xampp\htdocs\aiston\Application\Runtime\Cache\Admin5\0446d2b87029091d22b9d2c8d9538002.php 第 603 行.
INFO: Run Behavior\ParseTemplateBehavior [ RunTime:0.027287s ]
INFO: [ view_parse ] --END-- [ RunTime:0.027352s ]
INFO: [ view_filter ] --START--
INFO: Run Behavior\WriteHtmlCacheBehavior [ RunTime:0.001070s ]
INFO: [ view_filter ] --END-- [ RunTime:0.001149s ]
INFO: [ app_end ] --START--
INFO: Run Behavior\ShowPageTraceBehavior [ RunTime:0.002599s ]
INFO: [ app_end ] --END-- [ RunTime:0.002748s ]

[ 2016-04-09T21:47:08+08:00 ] ::1 /index.php/Admin5/Join/ad
INFO: [ app_init ] --START--
INFO: Run Behavior\BuildLiteBehavior [ RunTime:0.000017s ]
INFO: [ app_init ] --END-- [ RunTime:0.000608s ]
INFO: [ app_begin ] --START--
INFO: Run Behavior\ReadHtmlCacheBehavior [ RunTime:0.001420s ]
INFO: [ app_begin ] --END-- [ RunTime:0.001658s ]
SQL: SHOW COLUMNS FROM `ast_admin5` [ RunTime:0.0036s ]
SQL: SELECT * FROM `ast_admin5`  [ RunTime:0.0003s ]
SQL: SELECT * FROM `ast_admin5` WHERE `admin_id` = 1 LIMIT 1   [ RunTime:0.0003s ]
SQL: SHOW COLUMNS FROM `ast_nav5` [ RunTime:0.0034s ]
SQL: SELECT * FROM `ast_nav5`  [ RunTime:0.0003s ]
SQL: SELECT COUNT(*) AS tp_count FROM `ast_admin5` LIMIT 1   [ RunTime:0.0003s ]
NOTIC: [2] Missing argument 3 for getAdminPage(), called in C:\xampp\htdocs\aiston\Application\Admin5\Controller\CommonController.class.php on line 51 and defined C:\xampp\htdocs\aiston\Application\Common\Common\function.php 第 3 行.
NOTIC: [8] Undefined variable: num C:\xampp\htdocs\aiston\Application\Common\Common\function.php 第 4 行.
SQL: SELECT * FROM `ast_admin5` ORDER BY admin_id LIMIT 0,10   [ RunTime:0.0005s ]
SQL: SHOW COLUMNS FROM `ast_link5` [ RunTime:0.0044s ]
NOTIC: [8] Undefined index: thumb C:\xampp\htdocs\aiston\Application\Admin5\Controller\JoinController.class.php 第 33 行.
SQL: SELECT * FROM `ast_link5`  [ RunTime:0.0004s ]
INFO: [ view_parse ] --START--
INFO: [ template_filter ] --START--
INFO: Run Behavior\ContentReplaceBehavior [ RunTime:0.000557s ]
INFO: [ template_filter ] --END-- [ RunTime:0.000624s ]
NOTIC: [8] Array to string conversion C:\xampp\htdocs\aiston\Application\Runtime\Cache\Admin5\1ccd9255d206c1f0f555be2bb97546c4.php 第 307 行.
NOTIC: [8] Undefined variable: url C:\xampp\htdocs\aiston\Application\Runtime\Cache\Admin5\1ccd9255d206c1f0f555be2bb97546c4.php 第 536 行.
NOTIC: [8] Undefined variable: url C:\xampp\htdocs\aiston\Application\Runtime\Cache\Admin5\1ccd9255d206c1f0f555be2bb97546c4.php 第 539 行.
INFO: Run Behavior\ParseTemplateBehavior [ RunTime:0.023621s ]
INFO: [ view_parse ] --END-- [ RunTime:0.023685s ]
INFO: [ view_filter ] --START--
INFO: Run Behavior\WriteHtmlCacheBehavior [ RunTime:0.001011s ]
INFO: [ view_filter ] --END-- [ RunTime:0.001071s ]
INFO: [ app_end ] --START--
INFO: Run Behavior\ShowPageTraceBehavior [ RunTime:0.002648s ]
INFO: [ app_end ] --END-- [ RunTime:0.002768s ]

[ 2016-04-09T21:47:47+08:00 ] ::1 /index.php/Admin5/Join/ad
INFO: [ app_init ] --START--
INFO: Run Behavior\BuildLiteBehavior [ RunTime:0.000016s ]
INFO: [ app_init ] --END-- [ RunTime:0.000561s ]
INFO: [ app_begin ] --START--
INFO: Run Behavior\ReadHtmlCacheBehavior [ RunTime:0.001704s ]
INFO: [ app_begin ] --END-- [ RunTime:0.001830s ]
SQL: SHOW COLUMNS FROM `ast_admin5` [ RunTime:0.0038s ]
SQL: SELECT * FROM `ast_admin5`  [ RunTime:0.0004s ]
SQL: SELECT * FROM `ast_admin5` WHERE `admin_id` = 1 LIMIT 1   [ RunTime:0.0003s ]
SQL: SHOW COLUMNS FROM `ast_nav5` [ RunTime:0.0037s ]
SQL: SELECT * FROM `ast_nav5`  [ RunTime:0.0004s ]
SQL: SELECT COUNT(*) AS tp_count FROM `ast_admin5` LIMIT 1   [ RunTime:0.0002s ]
NOTIC: [2] Missing argument 3 for getAdminPage(), called in C:\xampp\htdocs\aiston\Application\Admin5\Controller\CommonController.class.php on line 51 and defined C:\xampp\htdocs\aiston\Application\Common\Common\function.php 第 3 行.
NOTIC: [8] Undefined variable: num C:\xampp\htdocs\aiston\Application\Common\Common\function.php 第 4 行.
SQL: SELECT * FROM `ast_admin5` ORDER BY admin_id LIMIT 0,10   [ RunTime:0.0004s ]
SQL: SHOW COLUMNS FROM `ast_link5` [ RunTime:0.0046s ]
NOTIC: [8] Undefined index: thumb C:\xampp\htdocs\aiston\Application\Admin5\Controller\JoinController.class.php 第 33 行.
SQL: SELECT * FROM `ast_link5`  [ RunTime:0.0003s ]
INFO: [ view_parse ] --START--
INFO: [ template_filter ] --START--
INFO: Run Behavior\ContentReplaceBehavior [ RunTime:0.000466s ]
INFO: [ template_filter ] --END-- [ RunTime:0.000532s ]
NOTIC: [8] Array to string conversion C:\xampp\htdocs\aiston\Application\Runtime\Cache\Admin5\1ccd9255d206c1f0f555be2bb97546c4.php 第 307 行.
NOTIC: [8] Undefined variable: url C:\xampp\htdocs\aiston\Application\Runtime\Cache\Admin5\1ccd9255d206c1f0f555be2bb97546c4.php 第 536 行.
NOTIC: [8] Undefined variable: url C:\xampp\htdocs\aiston\Application\Runtime\Cache\Admin5\1ccd9255d206c1f0f555be2bb97546c4.php 第 539 行.
INFO: Run Behavior\ParseTemplateBehavior [ RunTime:0.022604s ]
INFO: [ view_parse ] --END-- [ RunTime:0.022666s ]
INFO: [ view_filter ] --START--
INFO: Run Behavior\WriteHtmlCacheBehavior [ RunTime:0.001109s ]
INFO: [ view_filter ] --END-- [ RunTime:0.001186s ]
INFO: [ app_end ] --START--
INFO: Run Behavior\ShowPageTraceBehavior [ RunTime:0.002840s ]
INFO: [ app_end ] --END-- [ RunTime:0.002964s ]

[ 2016-04-09T21:49:19+08:00 ] ::1 /index.php/Admin5/Join/ad
INFO: [ app_init ] --START--
INFO: Run Behavior\BuildLiteBehavior [ RunTime:0.000020s ]
INFO: [ app_init ] --END-- [ RunTime:0.000595s ]
INFO: [ app_begin ] --START--
INFO: Run Behavior\ReadHtmlCacheBehavior [ RunTime:0.001132s ]
INFO: [ app_begin ] --END-- [ RunTime:0.001196s ]
SQL: SHOW COLUMNS FROM `ast_admin5` [ RunTime:0.0040s ]
SQL: SELECT * FROM `ast_admin5`  [ RunTime:0.0004s ]
SQL: SELECT * FROM `ast_admin5` WHERE `admin_id` = 1 LIMIT 1   [ RunTime:0.0003s ]
SQL: SHOW COLUMNS FROM `ast_nav5` [ RunTime:0.0037s ]
SQL: SELECT * FROM `ast_nav5`  [ RunTime:0.0005s ]
SQL: SELECT COUNT(*) AS tp_count FROM `ast_admin5` LIMIT 1   [ RunTime:0.0002s ]
NOTIC: [2] Missing argument 3 for getAdminPage(), called in C:\xampp\htdocs\aiston\Application\Admin5\Controller\CommonController.class.php on line 51 and defined C:\xampp\htdocs\aiston\Application\Common\Common\function.php 第 3 行.
NOTIC: [8] Undefined variable: num C:\xampp\htdocs\aiston\Application\Common\Common\function.php 第 4 行.
SQL: SELECT * FROM `ast_admin5` ORDER BY admin_id LIMIT 0,10   [ RunTime:0.0004s ]
SQL: SHOW COLUMNS FROM `ast_link5` [ RunTime:0.0036s ]
NOTIC: [8] Undefined index: thumb C:\xampp\htdocs\aiston\Application\Admin5\Controller\JoinController.class.php 第 33 行.
SQL: SELECT * FROM `ast_link5`  [ RunTime:0.0003s ]
INFO: [ view_parse ] --START--
INFO: [ template_filter ] --START--
INFO: Run Behavior\ContentReplaceBehavior [ RunTime:0.000498s ]
INFO: [ template_filter ] --END-- [ RunTime:0.000568s ]
NOTIC: [8] Array to string conversion C:\xampp\htdocs\aiston\Application\Runtime\Cache\Admin5\1ccd9255d206c1f0f555be2bb97546c4.php 第 307 行.
NOTIC: [8] Undefined variable: url C:\xampp\htdocs\aiston\Application\Runtime\Cache\Admin5\1ccd9255d206c1f0f555be2bb97546c4.php 第 536 行.
NOTIC: [8] Undefined variable: url C:\xampp\htdocs\aiston\Application\Runtime\Cache\Admin5\1ccd9255d206c1f0f555be2bb97546c4.php 第 539 行.
INFO: Run Behavior\ParseTemplateBehavior [ RunTime:0.024520s ]
INFO: [ view_parse ] --END-- [ RunTime:0.024596s ]
INFO: [ view_filter ] --START--
INFO: Run Behavior\WriteHtmlCacheBehavior [ RunTime:0.000948s ]
INFO: [ view_filter ] --END-- [ RunTime:0.001000s ]
INFO: [ app_end ] --START--
INFO: Run Behavior\ShowPageTraceBehavior [ RunTime:0.001818s ]
INFO: [ app_end ] --END-- [ RunTime:0.001908s ]

[ 2016-04-09T21:49:23+08:00 ] ::1 /index.php/Admin5/Member/index
INFO: [ app_init ] --START--
INFO: Run Behavior\BuildLiteBehavior [ RunTime:0.000016s ]
INFO: [ app_init ] --END-- [ RunTime:0.000559s ]
INFO: [ app_begin ] --START--
INFO: Run Behavior\ReadHtmlCacheBehavior [ RunTime:0.001331s ]
INFO: [ app_begin ] --END-- [ RunTime:0.001413s ]
SQL: SHOW COLUMNS FROM `ast_admin5` [ RunTime:0.0041s ]
SQL: SELECT * FROM `ast_admin5`  [ RunTime:0.0004s ]
SQL: SELECT * FROM `ast_admin5` WHERE `admin_id` = 1 LIMIT 1   [ RunTime:0.0003s ]
SQL: SHOW COLUMNS FROM `ast_nav5` [ RunTime:0.0039s ]
SQL: SELECT * FROM `ast_nav5`  [ RunTime:0.0004s ]
SQL: SELECT COUNT(*) AS tp_count FROM `ast_admin5` LIMIT 1   [ RunTime:0.0002s ]
NOTIC: [2] Missing argument 3 for getAdminPage(), called in C:\xampp\htdocs\aiston\Application\Admin5\Controller\CommonController.class.php on line 51 and defined C:\xampp\htdocs\aiston\Application\Common\Common\function.php 第 3 行.
NOTIC: [8] Undefined variable: num C:\xampp\htdocs\aiston\Application\Common\Common\function.php 第 4 行.
SQL: SELECT * FROM `ast_admin5` ORDER BY admin_id LIMIT 0,10   [ RunTime:0.0004s ]
SQL: SHOW COLUMNS FROM `ast_about5` [ RunTime:0.0049s ]
SQL: SELECT * FROM `ast_about5`  [ RunTime:0.0005s ]
INFO: [ view_parse ] --START--
INFO: [ template_filter ] --START--
INFO: Run Behavior\ContentReplaceBehavior [ RunTime:0.000619s ]
INFO: [ template_filter ] --END-- [ RunTime:0.000686s ]
NOTIC: [8] Undefined index: vip_id C:\xampp\htdocs\aiston\Application\Runtime\Cache\Admin5\561e799519e2ec4809b27cdc6da3849f.php 第 228 行.
NOTIC: [8] Undefined index: vip_id C:\xampp\htdocs\aiston\Application\Runtime\Cache\Admin5\561e799519e2ec4809b27cdc6da3849f.php 第 228 行.
NOTIC: [8] Undefined index: vip_id C:\xampp\htdocs\aiston\Application\Runtime\Cache\Admin5\561e799519e2ec4809b27cdc6da3849f.php 第 228 行.
NOTIC: [8] Undefined index: vip_id C:\xampp\htdocs\aiston\Application\Runtime\Cache\Admin5\561e799519e2ec4809b27cdc6da3849f.php 第 228 行.
NOTIC: [8] Undefined variable: show C:\xampp\htdocs\aiston\Application\Runtime\Cache\Admin5\561e799519e2ec4809b27cdc6da3849f.php 第 238 行.
NOTIC: [8] Array to string conversion C:\xampp\htdocs\aiston\Application\Runtime\Cache\Admin5\561e799519e2ec4809b27cdc6da3849f.php 第 424 行.
NOTIC: [8] Undefined variable: url C:\xampp\htdocs\aiston\Application\Runtime\Cache\Admin5\561e799519e2ec4809b27cdc6da3849f.php 第 653 行.
NOTIC: [8] Undefined variable: url C:\xampp\htdocs\aiston\Application\Runtime\Cache\Admin5\561e799519e2ec4809b27cdc6da3849f.php 第 656 行.
INFO: Run Behavior\ParseTemplateBehavior [ RunTime:0.025706s ]
INFO: [ view_parse ] --END-- [ RunTime:0.025781s ]
INFO: [ view_filter ] --START--
INFO: Run Behavior\WriteHtmlCacheBehavior [ RunTime:0.001073s ]
INFO: [ view_filter ] --END-- [ RunTime:0.001144s ]
INFO: [ app_end ] --START--
INFO: Run Behavior\ShowPageTraceBehavior [ RunTime:0.002207s ]
INFO: [ app_end ] --END-- [ RunTime:0.002341s ]

[ 2016-04-09T21:49:26+08:00 ] ::1 /index.php/Admin5/Photo/index
INFO: [ app_init ] --START--
INFO: Run Behavior\BuildLiteBehavior [ RunTime:0.000017s ]
INFO: [ app_init ] --END-- [ RunTime:0.000562s ]
INFO: [ app_begin ] --START--
INFO: Run Behavior\ReadHtmlCacheBehavior [ RunTime:0.001202s ]
INFO: [ app_begin ] --END-- [ RunTime:0.001272s ]
SQL: SHOW COLUMNS FROM `ast_admin5` [ RunTime:0.0039s ]
SQL: SELECT * FROM `ast_admin5`  [ RunTime:0.0003s ]
SQL: SELECT * FROM `ast_admin5` WHERE `admin_id` = 1 LIMIT 1   [ RunTime:0.0003s ]
SQL: SHOW COLUMNS FROM `ast_nav5` [ RunTime:0.0039s ]
SQL: SELECT * FROM `ast_nav5`  [ RunTime:0.0004s ]
SQL: SELECT COUNT(*) AS tp_count FROM `ast_admin5` LIMIT 1   [ RunTime:0.0002s ]
NOTIC: [2] Missing argument 3 for getAdminPage(), called in C:\xampp\htdocs\aiston\Application\Admin5\Controller\CommonController.class.php on line 51 and defined C:\xampp\htdocs\aiston\Application\Common\Common\function.php 第 3 行.
NOTIC: [8] Undefined variable: num C:\xampp\htdocs\aiston\Application\Common\Common\function.php 第 4 行.
SQL: SELECT * FROM `ast_admin5` ORDER BY admin_id LIMIT 0,10   [ RunTime:0.0004s ]
SQL: SHOW COLUMNS FROM `ast_banner5` [ RunTime:0.0038s ]
SQL: SHOW COLUMNS FROM `ast_banner_page5` [ RunTime:0.0046s ]
SQL: SELECT * FROM `ast_banner_page5`  [ RunTime:0.0003s ]
SQL: SELECT * FROM `ast_banner5`  [ RunTime:0.0003s ]
INFO: [ view_parse ] --START--
INFO: [ template_filter ] --START--
INFO: Run Behavior\ContentReplaceBehavior [ RunTime:0.000620s ]
INFO: [ template_filter ] --END-- [ RunTime:0.000685s ]
NOTIC: [8] Undefined variable: banner_page C:\xampp\htdocs\aiston\Application\Runtime\Cache\Admin5\2b2109b59285e1dd7dabfd6b50d885d4.php 第 125 行.
NOTIC: [8] Array to string conversion C:\xampp\htdocs\aiston\Application\Runtime\Cache\Admin5\2b2109b59285e1dd7dabfd6b50d885d4.php 第 299 行.
NOTIC: [8] Undefined variable: url C:\xampp\htdocs\aiston\Application\Runtime\Cache\Admin5\2b2109b59285e1dd7dabfd6b50d885d4.php 第 528 行.
NOTIC: [8] Undefined variable: url C:\xampp\htdocs\aiston\Application\Runtime\Cache\Admin5\2b2109b59285e1dd7dabfd6b50d885d4.php 第 531 行.
INFO: Run Behavior\ParseTemplateBehavior [ RunTime:0.026363s ]
INFO: [ view_parse ] --END-- [ RunTime:0.026507s ]
INFO: [ view_filter ] --START--
INFO: Run Behavior\WriteHtmlCacheBehavior [ RunTime:0.001182s ]
INFO: [ view_filter ] --END-- [ RunTime:0.001245s ]
INFO: [ app_end ] --START--
INFO: Run Behavior\ShowPageTraceBehavior [ RunTime:0.002417s ]
INFO: [ app_end ] --END-- [ RunTime:0.002504s ]

[ 2016-04-09T21:50:34+08:00 ] ::1 /index.php/Admin5/Photo/index
INFO: [ app_init ] --START--
INFO: Run Behavior\BuildLiteBehavior [ RunTime:0.000054s ]
INFO: [ app_init ] --END-- [ RunTime:0.000992s ]
INFO: [ app_begin ] --START--
INFO: Run Behavior\ReadHtmlCacheBehavior [ RunTime:0.001255s ]
INFO: [ app_begin ] --END-- [ RunTime:0.001347s ]
SQL: SHOW COLUMNS FROM `ast_admin5` [ RunTime:0.0041s ]
SQL: SELECT * FROM `ast_admin5`  [ RunTime:0.0003s ]
SQL: SELECT * FROM `ast_admin5` WHERE `admin_id` = 1 LIMIT 1   [ RunTime:0.0003s ]
SQL: SHOW COLUMNS FROM `ast_nav5` [ RunTime:0.0039s ]
SQL: SELECT * FROM `ast_nav5`  [ RunTime:0.0005s ]
SQL: SELECT COUNT(*) AS tp_count FROM `ast_admin5` LIMIT 1   [ RunTime:0.0003s ]
NOTIC: [2] Missing argument 3 for getAdminPage(), called in C:\xampp\htdocs\aiston\Application\Admin5\Controller\CommonController.class.php on line 51 and defined C:\xampp\htdocs\aiston\Application\Common\Common\function.php 第 3 行.
NOTIC: [8] Undefined variable: num C:\xampp\htdocs\aiston\Application\Common\Common\function.php 第 4 行.
SQL: SELECT * FROM `ast_admin5` ORDER BY admin_id LIMIT 0,10   [ RunTime:0.0006s ]
SQL: SHOW COLUMNS FROM `ast_banner5` [ RunTime:0.0039s ]
SQL: SHOW COLUMNS FROM `ast_banner_page5` [ RunTime:0.0038s ]
SQL: SELECT * FROM `ast_banner_page5`  [ RunTime:0.0002s ]
SQL: SELECT * FROM `ast_banner5`  [ RunTime:0.0003s ]
INFO: [ view_parse ] --START--
INFO: [ template_filter ] --START--
INFO: Run Behavior\ContentReplaceBehavior [ RunTime:0.000497s ]
INFO: [ template_filter ] --END-- [ RunTime:0.000568s ]
NOTIC: [8] Undefined variable: banner_page C:\xampp\htdocs\aiston\Application\Runtime\Cache\Admin5\2b2109b59285e1dd7dabfd6b50d885d4.php 第 125 行.
NOTIC: [8] Array to string conversion C:\xampp\htdocs\aiston\Application\Runtime\Cache\Admin5\2b2109b59285e1dd7dabfd6b50d885d4.php 第 299 行.
NOTIC: [8] Undefined variable: url C:\xampp\htdocs\aiston\Application\Runtime\Cache\Admin5\2b2109b59285e1dd7dabfd6b50d885d4.php 第 528 行.
NOTIC: [8] Undefined variable: url C:\xampp\htdocs\aiston\Application\Runtime\Cache\Admin5\2b2109b59285e1dd7dabfd6b50d885d4.php 第 531 行.
INFO: Run Behavior\ParseTemplateBehavior [ RunTime:0.025773s ]
INFO: [ view_parse ] --END-- [ RunTime:0.025835s ]
INFO: [ view_filter ] --START--
INFO: Run Behavior\WriteHtmlCacheBehavior [ RunTime:0.000695s ]
INFO: [ view_filter ] --END-- [ RunTime:0.000749s ]
INFO: [ app_end ] --START--
INFO: Run Behavior\ShowPageTraceBehavior [ RunTime:0.002087s ]
INFO: [ app_end ] --END-- [ RunTime:0.002193s ]

[ 2016-04-09T21:54:45+08:00 ] ::1 /index.php/Admin5/User/login
INFO: [ app_init ] --START--
INFO: Run Behavior\BuildLiteBehavior [ RunTime:0.000018s ]
INFO: [ app_init ] --END-- [ RunTime:0.000897s ]
INFO: [ app_begin ] --START--
INFO: Run Behavior\ReadHtmlCacheBehavior [ RunTime:0.001507s ]
INFO: [ app_begin ] --END-- [ RunTime:0.001615s ]
INFO: [ view_parse ] --START--
INFO: [ template_filter ] --START--
INFO: Run Behavior\ContentReplaceBehavior [ RunTime:0.000093s ]
INFO: [ template_filter ] --END-- [ RunTime:0.000163s ]
INFO: Run Behavior\ParseTemplateBehavior [ RunTime:0.011595s ]
INFO: [ view_parse ] --END-- [ RunTime:0.011672s ]
INFO: [ view_filter ] --START--
INFO: Run Behavior\WriteHtmlCacheBehavior [ RunTime:0.000611s ]
INFO: [ view_filter ] --END-- [ RunTime:0.000664s ]
INFO: [ app_end ] --START--
INFO: Run Behavior\ShowPageTraceBehavior [ RunTime:0.001095s ]
INFO: [ app_end ] --END-- [ RunTime:0.001159s ]

[ 2016-04-09T21:54:45+08:00 ] ::1 /index.php/Admin5/User/verify.html
INFO: [ app_init ] --START--
INFO: Run Behavior\BuildLiteBehavior [ RunTime:0.000021s ]
INFO: [ app_init ] --END-- [ RunTime:0.000825s ]
INFO: [ app_begin ] --START--
INFO: Run Behavior\ReadHtmlCacheBehavior [ RunTime:0.001147s ]
INFO: [ app_begin ] --END-- [ RunTime:0.001225s ]
INFO: [ app_end ] --START--
INFO: Run Behavior\ShowPageTraceBehavior [ RunTime:0.001724s ]
INFO: [ app_end ] --END-- [ RunTime:0.002061s ]

[ 2016-04-09T21:54:50+08:00 ] ::1 /index.php/Admin5/User/verify.html?0.9241369226947427
INFO: [ app_init ] --START--
INFO: Run Behavior\BuildLiteBehavior [ RunTime:0.000019s ]
INFO: [ app_init ] --END-- [ RunTime:0.000689s ]
INFO: [ app_begin ] --START--
INFO: Run Behavior\ReadHtmlCacheBehavior [ RunTime:0.001083s ]
INFO: [ app_begin ] --END-- [ RunTime:0.001149s ]
INFO: [ app_end ] --START--
INFO: Run Behavior\ShowPageTraceBehavior [ RunTime:0.001103s ]
INFO: [ app_end ] --END-- [ RunTime:0.001175s ]

[ 2016-04-09T21:54:55+08:00 ] ::1 /index.php/Admin5/User/login
INFO: [ app_init ] --START--
INFO: Run Behavior\BuildLiteBehavior [ RunTime:0.000018s ]
INFO: [ app_init ] --END-- [ RunTime:0.000635s ]
INFO: [ app_begin ] --START--
INFO: Run Behavior\ReadHtmlCacheBehavior [ RunTime:0.001190s ]
INFO: [ app_begin ] --END-- [ RunTime:0.001269s ]
INFO: [ view_parse ] --START--
INFO: [ template_filter ] --START--
INFO: Run Behavior\ContentReplaceBehavior [ RunTime:0.000083s ]
INFO: [ template_filter ] --END-- [ RunTime:0.000151s ]
INFO: Run Behavior\ParseTemplateBehavior [ RunTime:0.010003s ]
INFO: [ view_parse ] --END-- [ RunTime:0.010071s ]
INFO: [ view_filter ] --START--
INFO: Run Behavior\WriteHtmlCacheBehavior [ RunTime:0.000574s ]
INFO: [ view_filter ] --END-- [ RunTime:0.000625s ]
INFO: [ app_end ] --START--
INFO: Run Behavior\ShowPageTraceBehavior [ RunTime:0.001069s ]
INFO: [ app_end ] --END-- [ RunTime:0.001124s ]

[ 2016-04-09T21:54:56+08:00 ] ::1 /index.php/Admin5/User/verify.html
INFO: [ app_init ] --START--
INFO: Run Behavior\BuildLiteBehavior [ RunTime:0.000018s ]
INFO: [ app_init ] --END-- [ RunTime:0.000673s ]
INFO: [ app_begin ] --START--
INFO: Run Behavior\ReadHtmlCacheBehavior [ RunTime:0.001174s ]
INFO: [ app_begin ] --END-- [ RunTime:0.001266s ]
INFO: [ app_end ] --START--
INFO: Run Behavior\ShowPageTraceBehavior [ RunTime:0.002950s ]
INFO: [ app_end ] --END-- [ RunTime:0.003106s ]

[ 2016-04-09T21:55:00+08:00 ] ::1 /index.php/Admin5/User/login
INFO: [ app_init ] --START--
INFO: Run Behavior\BuildLiteBehavior [ RunTime:0.000021s ]
INFO: [ app_init ] --END-- [ RunTime:0.000954s ]
INFO: [ app_begin ] --START--
INFO: Run Behavior\ReadHtmlCacheBehavior [ RunTime:0.001544s ]
INFO: [ app_begin ] --END-- [ RunTime:0.001617s ]
SQL: SHOW COLUMNS FROM `ast_admin5` [ RunTime:0.0061s ]
SQL: SELECT * FROM `ast_admin5` WHERE `admin_username` = 'admin' LIMIT 1   [ RunTime:0.0006s ]
INFO: [ view_parse ] --START--
INFO: [ template_filter ] --START--
INFO: Run Behavior\ContentReplaceBehavior [ RunTime:0.000088s ]
INFO: [ template_filter ] --END-- [ RunTime:0.000164s ]
INFO: Run Behavior\ParseTemplateBehavior [ RunTime:0.012790s ]
INFO: [ view_parse ] --END-- [ RunTime:0.012862s ]
INFO: [ view_filter ] --START--
INFO: Run Behavior\WriteHtmlCacheBehavior [ RunTime:0.000880s ]
INFO: [ view_filter ] --END-- [ RunTime:0.000934s ]
INFO: [ app_end ] --START--
INFO: Run Behavior\ShowPageTraceBehavior [ RunTime:0.001573s ]
INFO: [ app_end ] --END-- [ RunTime:0.001638s ]

[ 2016-04-09T21:55:00+08:00 ] ::1 /index.php/Admin5/User/verify.html
INFO: [ app_init ] --START--
INFO: Run Behavior\BuildLiteBehavior [ RunTime:0.000020s ]
INFO: [ app_init ] --END-- [ RunTime:0.001212s ]
INFO: [ app_begin ] --START--
INFO: Run Behavior\ReadHtmlCacheBehavior [ RunTime:0.001831s ]
INFO: [ app_begin ] --END-- [ RunTime:0.001929s ]
INFO: [ app_end ] --START--
INFO: Run Behavior\ShowPageTraceBehavior [ RunTime:0.002060s ]
INFO: [ app_end ] --END-- [ RunTime:0.002141s ]

[ 2016-04-09T21:55:00+08:00 ] ::1 /index.php/Admin5/index
INFO: [ app_init ] --START--
INFO: Run Behavior\BuildLiteBehavior [ RunTime:0.000024s ]
INFO: [ app_init ] --END-- [ RunTime:0.000941s ]
INFO: [ app_begin ] --START--
INFO: Run Behavior\ReadHtmlCacheBehavior [ RunTime:0.002119s ]
INFO: [ app_begin ] --END-- [ RunTime:0.002216s ]
SQL: SHOW COLUMNS FROM `ast_admin5` [ RunTime:0.0047s ]
SQL: SELECT * FROM `ast_admin5`  [ RunTime:0.0003s ]
SQL: SELECT * FROM `ast_admin5` WHERE `admin_id` = 1 LIMIT 1   [ RunTime:0.0003s ]
SQL: SHOW COLUMNS FROM `ast_nav5` [ RunTime:0.0046s ]
SQL: SELECT * FROM `ast_nav5`  [ RunTime:0.0004s ]
SQL: SELECT COUNT(*) AS tp_count FROM `ast_admin5` LIMIT 1   [ RunTime:0.0002s ]
NOTIC: [2] Missing argument 3 for getAdminPage(), called in C:\xampp\htdocs\aiston\Application\Admin5\Controller\CommonController.class.php on line 51 and defined C:\xampp\htdocs\aiston\Application\Common\Common\function.php 第 3 行.
NOTIC: [8] Undefined variable: num C:\xampp\htdocs\aiston\Application\Common\Common\function.php 第 4 行.
SQL: SELECT * FROM `ast_admin5` ORDER BY admin_id LIMIT 0,10   [ RunTime:0.0004s ]
INFO: [ view_parse ] --START--
INFO: [ template_filter ] --START--
INFO: Run Behavior\ContentReplaceBehavior [ RunTime:0.000409s ]
INFO: [ template_filter ] --END-- [ RunTime:0.000478s ]
NOTIC: [8] Array to string conversion C:\xampp\htdocs\aiston\Application\Runtime\Cache\Admin5\34b808e96df5c5cbfc9e039e2bfa25e2.php 第 226 行.
NOTIC: [8] Undefined variable: url C:\xampp\htdocs\aiston\Application\Runtime\Cache\Admin5\34b808e96df5c5cbfc9e039e2bfa25e2.php 第 455 行.
NOTIC: [8] Undefined variable: url C:\xampp\htdocs\aiston\Application\Runtime\Cache\Admin5\34b808e96df5c5cbfc9e039e2bfa25e2.php 第 458 行.
INFO: Run Behavior\ParseTemplateBehavior [ RunTime:0.025492s ]
INFO: [ view_parse ] --END-- [ RunTime:0.025564s ]
INFO: [ view_filter ] --START--
INFO: Run Behavior\WriteHtmlCacheBehavior [ RunTime:0.001218s ]
INFO: [ view_filter ] --END-- [ RunTime:0.001281s ]
INFO: [ app_end ] --START--
INFO: Run Behavior\ShowPageTraceBehavior [ RunTime:0.002167s ]
INFO: [ app_end ] --END-- [ RunTime:0.002260s ]

[ 2016-04-09T21:55:49+08:00 ] ::1 /index.php/Admin5/index
INFO: [ app_init ] --START--
INFO: Run Behavior\BuildLiteBehavior [ RunTime:0.000016s ]
INFO: [ app_init ] --END-- [ RunTime:0.000562s ]
INFO: [ app_begin ] --START--
INFO: Run Behavior\ReadHtmlCacheBehavior [ RunTime:0.001376s ]
INFO: [ app_begin ] --END-- [ RunTime:0.001493s ]
SQL: SHOW COLUMNS FROM `ast_admin5` [ RunTime:0.0041s ]
SQL: SELECT * FROM `ast_admin5`  [ RunTime:0.0004s ]
SQL: SELECT * FROM `ast_admin5` WHERE `admin_id` = 1 LIMIT 1   [ RunTime:0.0004s ]
SQL: SHOW COLUMNS FROM `ast_nav5` [ RunTime:0.0039s ]
SQL: SELECT * FROM `ast_nav5`  [ RunTime:0.0006s ]
SQL: SELECT COUNT(*) AS tp_count FROM `ast_admin5` LIMIT 1   [ RunTime:0.0002s ]
NOTIC: [2] Missing argument 3 for getAdminPage(), called in C:\xampp\htdocs\aiston\Application\Admin5\Controller\CommonController.class.php on line 51 and defined C:\xampp\htdocs\aiston\Application\Common\Common\function.php 第 3 行.
NOTIC: [8] Undefined variable: num C:\xampp\htdocs\aiston\Application\Common\Common\function.php 第 4 行.
SQL: SELECT * FROM `ast_admin5` ORDER BY admin_id LIMIT 0,10   [ RunTime:0.0005s ]
INFO: [ view_parse ] --START--
INFO: [ template_filter ] --START--
INFO: Run Behavior\ContentReplaceBehavior [ RunTime:0.000403s ]
INFO: [ template_filter ] --END-- [ RunTime:0.000468s ]
NOTIC: [8] Array to string conversion C:\xampp\htdocs\aiston\Application\Runtime\Cache\Admin5\34b808e96df5c5cbfc9e039e2bfa25e2.php 第 226 行.
NOTIC: [8] Undefined variable: url C:\xampp\htdocs\aiston\Application\Runtime\Cache\Admin5\34b808e96df5c5cbfc9e039e2bfa25e2.php 第 455 行.
NOTIC: [8] Undefined variable: url C:\xampp\htdocs\aiston\Application\Runtime\Cache\Admin5\34b808e96df5c5cbfc9e039e2bfa25e2.php 第 458 行.
INFO: Run Behavior\ParseTemplateBehavior [ RunTime:0.022938s ]
INFO: [ view_parse ] --END-- [ RunTime:0.023010s ]
INFO: [ view_filter ] --START--
INFO: Run Behavior\WriteHtmlCacheBehavior [ RunTime:0.000908s ]
INFO: [ view_filter ] --END-- [ RunTime:0.000960s ]
INFO: [ app_end ] --START--
INFO: Run Behavior\ShowPageTraceBehavior [ RunTime:0.001745s ]
INFO: [ app_end ] --END-- [ RunTime:0.001850s ]

[ 2016-04-09T21:56:27+08:00 ] ::1 /index.php/Admin5/Index/index
INFO: [ app_init ] --START--
INFO: Run Behavior\BuildLiteBehavior [ RunTime:0.000025s ]
INFO: [ app_init ] --END-- [ RunTime:0.000931s ]
INFO: [ app_begin ] --START--
INFO: Run Behavior\ReadHtmlCacheBehavior [ RunTime:0.001913s ]
INFO: [ app_begin ] --END-- [ RunTime:0.002026s ]
SQL: SHOW COLUMNS FROM `ast_admin5` [ RunTime:0.0041s ]
SQL: SELECT * FROM `ast_admin5`  [ RunTime:0.0004s ]
SQL: SELECT * FROM `ast_admin5` WHERE `admin_id` = 1 LIMIT 1   [ RunTime:0.0003s ]
SQL: SHOW COLUMNS FROM `ast_nav5` [ RunTime:0.0040s ]
SQL: SELECT * FROM `ast_nav5`  [ RunTime:0.0004s ]
SQL: SELECT COUNT(*) AS tp_count FROM `ast_admin5` LIMIT 1   [ RunTime:0.0002s ]
NOTIC: [2] Missing argument 3 for getAdminPage(), called in C:\xampp\htdocs\aiston\Application\Admin5\Controller\CommonController.class.php on line 51 and defined C:\xampp\htdocs\aiston\Application\Common\Common\function.php 第 3 行.
NOTIC: [8] Undefined variable: num C:\xampp\htdocs\aiston\Application\Common\Common\function.php 第 4 行.
SQL: SELECT * FROM `ast_admin5` ORDER BY admin_id LIMIT 0,10   [ RunTime:0.0004s ]
INFO: [ view_parse ] --START--
INFO: [ template_filter ] --START--
INFO: Run Behavior\ContentReplaceBehavior [ RunTime:0.000409s ]
INFO: [ template_filter ] --END-- [ RunTime:0.000480s ]
NOTIC: [8] Array to string conversion C:\xampp\htdocs\aiston\Application\Runtime\Cache\Admin5\34b808e96df5c5cbfc9e039e2bfa25e2.php 第 226 行.
NOTIC: [8] Undefined variable: url C:\xampp\htdocs\aiston\Application\Runtime\Cache\Admin5\34b808e96df5c5cbfc9e039e2bfa25e2.php 第 455 行.
NOTIC: [8] Undefined variable: url C:\xampp\htdocs\aiston\Application\Runtime\Cache\Admin5\34b808e96df5c5cbfc9e039e2bfa25e2.php 第 458 行.
INFO: Run Behavior\ParseTemplateBehavior [ RunTime:0.023454s ]
INFO: [ view_parse ] --END-- [ RunTime:0.023522s ]
INFO: [ view_filter ] --START--
INFO: Run Behavior\WriteHtmlCacheBehavior [ RunTime:0.000925s ]
INFO: [ view_filter ] --END-- [ RunTime:0.000977s ]
INFO: [ app_end ] --START--
INFO: Run Behavior\ShowPageTraceBehavior [ RunTime:0.001779s ]
INFO: [ app_end ] --END-- [ RunTime:0.001870s ]

[ 2016-04-09T21:56:32+08:00 ] ::1 /index.php/Admin5/Article/add
INFO: [ app_init ] --START--
INFO: Run Behavior\BuildLiteBehavior [ RunTime:0.000017s ]
INFO: [ app_init ] --END-- [ RunTime:0.000626s ]
INFO: [ app_begin ] --START--
INFO: Run Behavior\ReadHtmlCacheBehavior [ RunTime:0.001281s ]
INFO: [ app_begin ] --END-- [ RunTime:0.001366s ]
SQL: SHOW COLUMNS FROM `ast_admin5` [ RunTime:0.0041s ]
SQL: SELECT * FROM `ast_admin5`  [ RunTime:0.0004s ]
SQL: SELECT * FROM `ast_admin5` WHERE `admin_id` = 1 LIMIT 1   [ RunTime:0.0003s ]
SQL: SHOW COLUMNS FROM `ast_nav5` [ RunTime:0.0038s ]
SQL: SELECT * FROM `ast_nav5`  [ RunTime:0.0004s ]
SQL: SELECT COUNT(*) AS tp_count FROM `ast_admin5` LIMIT 1   [ RunTime:0.0002s ]
NOTIC: [2] Missing argument 3 for getAdminPage(), called in C:\xampp\htdocs\aiston\Application\Admin5\Controller\CommonController.class.php on line 51 and defined C:\xampp\htdocs\aiston\Application\Common\Common\function.php 第 3 行.
NOTIC: [8] Undefined variable: num C:\xampp\htdocs\aiston\Application\Common\Common\function.php 第 4 行.
SQL: SELECT * FROM `ast_admin5` ORDER BY admin_id LIMIT 0,10   [ RunTime:0.0004s ]
SQL: SHOW COLUMNS FROM `ast_artcate5` [ RunTime:0.0046s ]
SQL: SHOW COLUMNS FROM `ast_article5` [ RunTime:0.0043s ]
SQL: SELECT * FROM `ast_artcate5` WHERE `cate_pid` = 0 ORDER BY cate_id ASC  [ RunTime:0.0005s ]
SQL: SELECT `art_order` FROM `ast_article5` ORDER BY art_order DESC LIMIT 1   [ RunTime:0.0003s ]
INFO: [ view_parse ] --START--
INFO: [ template_filter ] --START--
INFO: Run Behavior\ContentReplaceBehavior [ RunTime:0.000555s ]
INFO: [ template_filter ] --END-- [ RunTime:0.000639s ]
NOTIC: [8] Undefined variable: htmlData C:\xampp\htdocs\aiston\Application\Runtime\Cache\Admin5\29ed7a04d3b0100eb3eda4601de7f6e5.php 第 144 行.
NOTIC: [8] Undefined variable: htmlData C:\xampp\htdocs\aiston\Application\Runtime\Cache\Admin5\29ed7a04d3b0100eb3eda4601de7f6e5.php 第 144 行.
NOTIC: [8] Array to string conversion C:\xampp\htdocs\aiston\Application\Runtime\Cache\Admin5\29ed7a04d3b0100eb3eda4601de7f6e5.php 第 319 行.
NOTIC: [8] Undefined variable: url C:\xampp\htdocs\aiston\Application\Runtime\Cache\Admin5\29ed7a04d3b0100eb3eda4601de7f6e5.php 第 548 行.
NOTIC: [8] Undefined variable: url C:\xampp\htdocs\aiston\Application\Runtime\Cache\Admin5\29ed7a04d3b0100eb3eda4601de7f6e5.php 第 551 行.
INFO: Run Behavior\ParseTemplateBehavior [ RunTime:0.026478s ]
INFO: [ view_parse ] --END-- [ RunTime:0.026563s ]
INFO: [ view_filter ] --START--
INFO: Run Behavior\WriteHtmlCacheBehavior [ RunTime:0.001051s ]
INFO: [ view_filter ] --END-- [ RunTime:0.001127s ]
INFO: [ app_end ] --START--
INFO: Run Behavior\ShowPageTraceBehavior [ RunTime:0.001965s ]
INFO: [ app_end ] --END-- [ RunTime:0.002083s ]

[ 2016-04-09T21:56:36+08:00 ] ::1 /index.php/Admin5/Article/sort
INFO: [ app_init ] --START--
INFO: Run Behavior\BuildLiteBehavior [ RunTime:0.000036s ]
INFO: [ app_init ] --END-- [ RunTime:0.000967s ]
INFO: [ app_begin ] --START--
INFO: Run Behavior\ReadHtmlCacheBehavior [ RunTime:0.001910s ]
INFO: [ app_begin ] --END-- [ RunTime:0.002062s ]
SQL: SHOW COLUMNS FROM `ast_admin5` [ RunTime:0.0042s ]
SQL: SELECT * FROM `ast_admin5`  [ RunTime:0.0004s ]
SQL: SELECT * FROM `ast_admin5` WHERE `admin_id` = 1 LIMIT 1   [ RunTime:0.0003s ]
SQL: SHOW COLUMNS FROM `ast_nav5` [ RunTime:0.0037s ]
SQL: SELECT * FROM `ast_nav5`  [ RunTime:0.0004s ]
SQL: SELECT COUNT(*) AS tp_count FROM `ast_admin5` LIMIT 1   [ RunTime:0.0002s ]
NOTIC: [2] Missing argument 3 for getAdminPage(), called in C:\xampp\htdocs\aiston\Application\Admin5\Controller\CommonController.class.php on line 51 and defined C:\xampp\htdocs\aiston\Application\Common\Common\function.php 第 3 行.
NOTIC: [8] Undefined variable: num C:\xampp\htdocs\aiston\Application\Common\Common\function.php 第 4 行.
SQL: SELECT * FROM `ast_admin5` ORDER BY admin_id LIMIT 0,10   [ RunTime:0.0004s ]
SQL: SHOW COLUMNS FROM `ast_artcate5` [ RunTime:0.0037s ]
SQL: SELECT * FROM `ast_artcate5` ORDER BY cate_order ASC  [ RunTime:0.0004s ]
INFO: [ view_parse ] --START--
INFO: [ template_filter ] --START--
INFO: Run Behavior\ContentReplaceBehavior [ RunTime:0.000885s ]
INFO: [ template_filter ] --END-- [ RunTime:0.000953s ]
NOTIC: [8] Undefined index: sid C:\xampp\htdocs\aiston\Application\Runtime\Cache\Admin5\86a488f34e2920ff4a1f4d40a7120be9.php 第 136 行.
NOTIC: [8] Undefined index: sid C:\xampp\htdocs\aiston\Application\Runtime\Cache\Admin5\86a488f34e2920ff4a1f4d40a7120be9.php 第 136 行.
NOTIC: [8] Undefined index: sid C:\xampp\htdocs\aiston\Application\Runtime\Cache\Admin5\86a488f34e2920ff4a1f4d40a7120be9.php 第 136 行.
NOTIC: [8] Undefined index: sid C:\xampp\htdocs\aiston\Application\Runtime\Cache\Admin5\86a488f34e2920ff4a1f4d40a7120be9.php 第 136 行.
NOTIC: [8] Undefined index: sid C:\xampp\htdocs\aiston\Application\Runtime\Cache\Admin5\86a488f34e2920ff4a1f4d40a7120be9.php 第 136 行.
NOTIC: [8] Array to string conversion C:\xampp\htdocs\aiston\Application\Runtime\Cache\Admin5\86a488f34e2920ff4a1f4d40a7120be9.php 第 499 行.
NOTIC: [8] Undefined variable: url C:\xampp\htdocs\aiston\Application\Runtime\Cache\Admin5\86a488f34e2920ff4a1f4d40a7120be9.php 第 728 行.
NOTIC: [8] Undefined variable: url C:\xampp\htdocs\aiston\Application\Runtime\Cache\Admin5\86a488f34e2920ff4a1f4d40a7120be9.php 第 731 行.
INFO: Run Behavior\ParseTemplateBehavior [ RunTime:0.030281s ]
INFO: [ view_parse ] --END-- [ RunTime:0.030366s ]
INFO: [ view_filter ] --START--
INFO: Run Behavior\WriteHtmlCacheBehavior [ RunTime:0.000923s ]
INFO: [ view_filter ] --END-- [ RunTime:0.000975s ]
INFO: [ app_end ] --START--
INFO: Run Behavior\ShowPageTraceBehavior [ RunTime:0.001836s ]
INFO: [ app_end ] --END-- [ RunTime:0.001934s ]

[ 2016-04-09T21:56:39+08:00 ] ::1 /index.php/Admin5/Member/index
INFO: [ app_init ] --START--
INFO: Run Behavior\BuildLiteBehavior [ RunTime:0.000016s ]
INFO: [ app_init ] --END-- [ RunTime:0.000549s ]
INFO: [ app_begin ] --START--
INFO: Run Behavior\ReadHtmlCacheBehavior [ RunTime:0.001362s ]
INFO: [ app_begin ] --END-- [ RunTime:0.001441s ]
SQL: SHOW COLUMNS FROM `ast_admin5` [ RunTime:0.0042s ]
SQL: SELECT * FROM `ast_admin5`  [ RunTime:0.0004s ]
SQL: SELECT * FROM `ast_admin5` WHERE `admin_id` = 1 LIMIT 1   [ RunTime:0.0004s ]
SQL: SHOW COLUMNS FROM `ast_nav5` [ RunTime:0.0039s ]
SQL: SELECT * FROM `ast_nav5`  [ RunTime:0.0004s ]
SQL: SELECT COUNT(*) AS tp_count FROM `ast_admin5` LIMIT 1   [ RunTime:0.0002s ]
NOTIC: [2] Missing argument 3 for getAdminPage(), called in C:\xampp\htdocs\aiston\Application\Admin5\Controller\CommonController.class.php on line 51 and defined C:\xampp\htdocs\aiston\Application\Common\Common\function.php 第 3 行.
NOTIC: [8] Undefined variable: num C:\xampp\htdocs\aiston\Application\Common\Common\function.php 第 4 行.
SQL: SELECT * FROM `ast_admin5` ORDER BY admin_id LIMIT 0,10   [ RunTime:0.0004s ]
SQL: SHOW COLUMNS FROM `ast_about5` [ RunTime:0.0044s ]
SQL: SELECT * FROM `ast_about5`  [ RunTime:0.0004s ]
INFO: [ view_parse ] --START--
INFO: [ template_filter ] --START--
INFO: Run Behavior\ContentReplaceBehavior [ RunTime:0.000557s ]
INFO: [ template_filter ] --END-- [ RunTime:0.000624s ]
NOTIC: [8] Undefined index: vip_id C:\xampp\htdocs\aiston\Application\Runtime\Cache\Admin5\561e799519e2ec4809b27cdc6da3849f.php 第 228 行.
NOTIC: [8] Undefined index: vip_id C:\xampp\htdocs\aiston\Application\Runtime\Cache\Admin5\561e799519e2ec4809b27cdc6da3849f.php 第 228 行.
NOTIC: [8] Undefined index: vip_id C:\xampp\htdocs\aiston\Application\Runtime\Cache\Admin5\561e799519e2ec4809b27cdc6da3849f.php 第 228 行.
NOTIC: [8] Undefined index: vip_id C:\xampp\htdocs\aiston\Application\Runtime\Cache\Admin5\561e799519e2ec4809b27cdc6da3849f.php 第 228 行.
NOTIC: [8] Undefined variable: show C:\xampp\htdocs\aiston\Application\Runtime\Cache\Admin5\561e799519e2ec4809b27cdc6da3849f.php 第 238 行.
NOTIC: [8] Array to string conversion C:\xampp\htdocs\aiston\Application\Runtime\Cache\Admin5\561e799519e2ec4809b27cdc6da3849f.php 第 424 行.
NOTIC: [8] Undefined variable: url C:\xampp\htdocs\aiston\Application\Runtime\Cache\Admin5\561e799519e2ec4809b27cdc6da3849f.php 第 653 行.
NOTIC: [8] Undefined variable: url C:\xampp\htdocs\aiston\Application\Runtime\Cache\Admin5\561e799519e2ec4809b27cdc6da3849f.php 第 656 行.
INFO: Run Behavior\ParseTemplateBehavior [ RunTime:0.023775s ]
INFO: [ view_parse ] --END-- [ RunTime:0.023843s ]
INFO: [ view_filter ] --START--
INFO: Run Behavior\WriteHtmlCacheBehavior [ RunTime:0.000968s ]
INFO: [ view_filter ] --END-- [ RunTime:0.001037s ]
INFO: [ app_end ] --START--
INFO: Run Behavior\ShowPageTraceBehavior [ RunTime:0.002438s ]
INFO: [ app_end ] --END-- [ RunTime:0.002591s ]

[ 2016-04-09T21:56:41+08:00 ] ::1 /index.php/Admin5/Photo/index
INFO: [ app_init ] --START--
INFO: Run Behavior\BuildLiteBehavior [ RunTime:0.000016s ]
INFO: [ app_init ] --END-- [ RunTime:0.000551s ]
INFO: [ app_begin ] --START--
INFO: Run Behavior\ReadHtmlCacheBehavior [ RunTime:0.001045s ]
INFO: [ app_begin ] --END-- [ RunTime:0.001111s ]
SQL: SHOW COLUMNS FROM `ast_admin5` [ RunTime:0.0041s ]
SQL: SELECT * FROM `ast_admin5`  [ RunTime:0.0003s ]
SQL: SELECT * FROM `ast_admin5` WHERE `admin_id` = 1 LIMIT 1   [ RunTime:0.0003s ]
SQL: SHOW COLUMNS FROM `ast_nav5` [ RunTime:0.0037s ]
SQL: SELECT * FROM `ast_nav5`  [ RunTime:0.0004s ]
SQL: SELECT COUNT(*) AS tp_count FROM `ast_admin5` LIMIT 1   [ RunTime:0.0002s ]
NOTIC: [2] Missing argument 3 for getAdminPage(), called in C:\xampp\htdocs\aiston\Application\Admin5\Controller\CommonController.class.php on line 51 and defined C:\xampp\htdocs\aiston\Application\Common\Common\function.php 第 3 行.
NOTIC: [8] Undefined variable: num C:\xampp\htdocs\aiston\Application\Common\Common\function.php 第 4 行.
SQL: SELECT * FROM `ast_admin5` ORDER BY admin_id LIMIT 0,10   [ RunTime:0.0003s ]
SQL: SHOW COLUMNS FROM `ast_banner5` [ RunTime:0.0037s ]
SQL: SHOW COLUMNS FROM `ast_banner_page5` [ RunTime:0.0040s ]
SQL: SELECT * FROM `ast_banner_page5`  [ RunTime:0.0004s ]
SQL: SELECT * FROM `ast_banner5`  [ RunTime:0.0005s ]
INFO: [ view_parse ] --START--
INFO: [ template_filter ] --START--
INFO: Run Behavior\ContentReplaceBehavior [ RunTime:0.000524s ]
INFO: [ template_filter ] --END-- [ RunTime:0.000589s ]
NOTIC: [8] Undefined variable: banner_page C:\xampp\htdocs\aiston\Application\Runtime\Cache\Admin5\2b2109b59285e1dd7dabfd6b50d885d4.php 第 125 行.
NOTIC: [8] Array to string conversion C:\xampp\htdocs\aiston\Application\Runtime\Cache\Admin5\2b2109b59285e1dd7dabfd6b50d885d4.php 第 299 行.
NOTIC: [8] Undefined variable: url C:\xampp\htdocs\aiston\Application\Runtime\Cache\Admin5\2b2109b59285e1dd7dabfd6b50d885d4.php 第 528 行.
NOTIC: [8] Undefined variable: url C:\xampp\htdocs\aiston\Application\Runtime\Cache\Admin5\2b2109b59285e1dd7dabfd6b50d885d4.php 第 531 行.
INFO: Run Behavior\ParseTemplateBehavior [ RunTime:0.024668s ]
INFO: [ view_parse ] --END-- [ RunTime:0.024742s ]
INFO: [ view_filter ] --START--
INFO: Run Behavior\WriteHtmlCacheBehavior [ RunTime:0.001036s ]
INFO: [ view_filter ] --END-- [ RunTime:0.001095s ]
INFO: [ app_end ] --START--
INFO: Run Behavior\ShowPageTraceBehavior [ RunTime:0.002493s ]
INFO: [ app_end ] --END-- [ RunTime:0.002609s ]

[ 2016-04-09T21:56:44+08:00 ] ::1 /index.php/Admin5/Link/intro
INFO: [ app_init ] --START--
INFO: Run Behavior\BuildLiteBehavior [ RunTime:0.000016s ]
INFO: [ app_init ] --END-- [ RunTime:0.000554s ]
INFO: [ app_begin ] --START--
INFO: Run Behavior\ReadHtmlCacheBehavior [ RunTime:0.001129s ]
INFO: [ app_begin ] --END-- [ RunTime:0.001193s ]
SQL: SHOW COLUMNS FROM `ast_admin5` [ RunTime:0.0041s ]
SQL: SELECT * FROM `ast_admin5`  [ RunTime:0.0003s ]
SQL: SELECT * FROM `ast_admin5` WHERE `admin_id` = 1 LIMIT 1   [ RunTime:0.0004s ]
SQL: SHOW COLUMNS FROM `ast_nav5` [ RunTime:0.0038s ]
SQL: SELECT * FROM `ast_nav5`  [ RunTime:0.0004s ]
SQL: SELECT COUNT(*) AS tp_count FROM `ast_admin5` LIMIT 1   [ RunTime:0.0002s ]
NOTIC: [2] Missing argument 3 for getAdminPage(), called in C:\xampp\htdocs\aiston\Application\Admin5\Controller\CommonController.class.php on line 51 and defined C:\xampp\htdocs\aiston\Application\Common\Common\function.php 第 3 行.
NOTIC: [8] Undefined variable: num C:\xampp\htdocs\aiston\Application\Common\Common\function.php 第 4 行.
SQL: SELECT * FROM `ast_admin5` ORDER BY admin_id LIMIT 0,10   [ RunTime:0.0003s ]
SQL: SHOW COLUMNS FROM `ast_company5` [ RunTime:0.0038s ]
SQL: SELECT * FROM `ast_company5`  [ RunTime:0.0003s ]
INFO: [ view_parse ] --START--
INFO: [ template_filter ] --START--
INFO: Run Behavior\ContentReplaceBehavior [ RunTime:0.000509s ]
INFO: [ template_filter ] --END-- [ RunTime:0.000581s ]
NOTIC: [8] Undefined variable: htmlData C:\xampp\htdocs\aiston\Application\Runtime\Cache\Admin5\08b834cab7af519f75ea262141ac9be6.php 第 137 行.
NOTIC: [8] Array to string conversion C:\xampp\htdocs\aiston\Application\Runtime\Cache\Admin5\08b834cab7af519f75ea262141ac9be6.php 第 314 行.
NOTIC: [8] Undefined variable: url C:\xampp\htdocs\aiston\Application\Runtime\Cache\Admin5\08b834cab7af519f75ea262141ac9be6.php 第 543 行.
NOTIC: [8] Undefined variable: url C:\xampp\htdocs\aiston\Application\Runtime\Cache\Admin5\08b834cab7af519f75ea262141ac9be6.php 第 546 行.
INFO: Run Behavior\ParseTemplateBehavior [ RunTime:0.023577s ]
INFO: [ view_parse ] --END-- [ RunTime:0.023659s ]
INFO: [ view_filter ] --START--
INFO: Run Behavior\WriteHtmlCacheBehavior [ RunTime:0.000840s ]
INFO: [ view_filter ] --END-- [ RunTime:0.000892s ]
INFO: [ app_end ] --START--
INFO: Run Behavior\ShowPageTraceBehavior [ RunTime:0.001778s ]
INFO: [ app_end ] --END-- [ RunTime:0.001862s ]

[ 2016-04-09T21:56:46+08:00 ] ::1 /index.php/Admin5/Join/contact
INFO: [ app_init ] --START--
INFO: Run Behavior\BuildLiteBehavior [ RunTime:0.000022s ]
INFO: [ app_init ] --END-- [ RunTime:0.000568s ]
INFO: [ app_begin ] --START--
INFO: Run Behavior\ReadHtmlCacheBehavior [ RunTime:0.001075s ]
INFO: [ app_begin ] --END-- [ RunTime:0.001148s ]
SQL: SHOW COLUMNS FROM `ast_admin5` [ RunTime:0.0043s ]
SQL: SELECT * FROM `ast_admin5`  [ RunTime:0.0004s ]
SQL: SELECT * FROM `ast_admin5` WHERE `admin_id` = 1 LIMIT 1   [ RunTime:0.0004s ]
SQL: SHOW COLUMNS FROM `ast_nav5` [ RunTime:0.0039s ]
SQL: SELECT * FROM `ast_nav5`  [ RunTime:0.0004s ]
SQL: SELECT COUNT(*) AS tp_count FROM `ast_admin5` LIMIT 1   [ RunTime:0.0002s ]
NOTIC: [2] Missing argument 3 for getAdminPage(), called in C:\xampp\htdocs\aiston\Application\Admin5\Controller\CommonController.class.php on line 51 and defined C:\xampp\htdocs\aiston\Application\Common\Common\function.php 第 3 行.
NOTIC: [8] Undefined variable: num C:\xampp\htdocs\aiston\Application\Common\Common\function.php 第 4 行.
SQL: SELECT * FROM `ast_admin5` ORDER BY admin_id LIMIT 0,10   [ RunTime:0.0004s ]
SQL: SHOW COLUMNS FROM `ast_company5` [ RunTime:0.0039s ]
SQL: SELECT * FROM `ast_company5` WHERE `c_id` = 2  [ RunTime:0.0005s ]
INFO: [ view_parse ] --START--
INFO: [ template_filter ] --START--
INFO: Run Behavior\ContentReplaceBehavior [ RunTime:0.000475s ]
INFO: [ template_filter ] --END-- [ RunTime:0.000546s ]
NOTIC: [8] Array to string conversion C:\xampp\htdocs\aiston\Application\Runtime\Cache\Admin5\6248f575552868d4843697c6d0134554.php 第 312 行.
NOTIC: [8] Undefined variable: url C:\xampp\htdocs\aiston\Application\Runtime\Cache\Admin5\6248f575552868d4843697c6d0134554.php 第 541 行.
NOTIC: [8] Undefined variable: url C:\xampp\htdocs\aiston\Application\Runtime\Cache\Admin5\6248f575552868d4843697c6d0134554.php 第 544 行.
INFO: Run Behavior\ParseTemplateBehavior [ RunTime:0.024288s ]
INFO: [ view_parse ] --END-- [ RunTime:0.024366s ]
INFO: [ view_filter ] --START--
INFO: Run Behavior\WriteHtmlCacheBehavior [ RunTime:0.000853s ]
INFO: [ view_filter ] --END-- [ RunTime:0.000904s ]
INFO: [ app_end ] --START--
INFO: Run Behavior\ShowPageTraceBehavior [ RunTime:0.001697s ]
INFO: [ app_end ] --END-- [ RunTime:0.001786s ]

[ 2016-04-09T21:56:49+08:00 ] ::1 /index.php/Admin5/Join/add
INFO: [ app_init ] --START--
INFO: Run Behavior\BuildLiteBehavior [ RunTime:0.000024s ]
INFO: [ app_init ] --END-- [ RunTime:0.000630s ]
INFO: [ app_begin ] --START--
INFO: Run Behavior\ReadHtmlCacheBehavior [ RunTime:0.001070s ]
INFO: [ app_begin ] --END-- [ RunTime:0.001134s ]
SQL: SHOW COLUMNS FROM `ast_admin5` [ RunTime:0.0041s ]
SQL: SELECT * FROM `ast_admin5`  [ RunTime:0.0003s ]
SQL: SELECT * FROM `ast_admin5` WHERE `admin_id` = 1 LIMIT 1   [ RunTime:0.0003s ]
SQL: SHOW COLUMNS FROM `ast_nav5` [ RunTime:0.0037s ]
SQL: SELECT * FROM `ast_nav5`  [ RunTime:0.0004s ]
SQL: SELECT COUNT(*) AS tp_count FROM `ast_admin5` LIMIT 1   [ RunTime:0.0002s ]
NOTIC: [2] Missing argument 3 for getAdminPage(), called in C:\xampp\htdocs\aiston\Application\Admin5\Controller\CommonController.class.php on line 51 and defined C:\xampp\htdocs\aiston\Application\Common\Common\function.php 第 3 行.
NOTIC: [8] Undefined variable: num C:\xampp\htdocs\aiston\Application\Common\Common\function.php 第 4 行.
SQL: SELECT * FROM `ast_admin5` ORDER BY admin_id LIMIT 0,10   [ RunTime:0.0003s ]
INFO: [ view_parse ] --START--
INFO: [ template_filter ] --START--
INFO: Run Behavior\ContentReplaceBehavior [ RunTime:0.000491s ]
INFO: [ template_filter ] --END-- [ RunTime:0.000558s ]
NOTIC: [8] Undefined variable: htmlData C:\xampp\htdocs\aiston\Application\Runtime\Cache\Admin5\590048d021e2f6343c3fdc6481bf0e3a.php 第 157 行.
NOTIC: [8] Undefined variable: htmlData C:\xampp\htdocs\aiston\Application\Runtime\Cache\Admin5\590048d021e2f6343c3fdc6481bf0e3a.php 第 157 行.
NOTIC: [8] Array to string conversion C:\xampp\htdocs\aiston\Application\Runtime\Cache\Admin5\590048d021e2f6343c3fdc6481bf0e3a.php 第 332 行.
NOTIC: [8] Undefined variable: url C:\xampp\htdocs\aiston\Application\Runtime\Cache\Admin5\590048d021e2f6343c3fdc6481bf0e3a.php 第 561 行.
NOTIC: [8] Undefined variable: url C:\xampp\htdocs\aiston\Application\Runtime\Cache\Admin5\590048d021e2f6343c3fdc6481bf0e3a.php 第 564 行.
INFO: Run Behavior\ParseTemplateBehavior [ RunTime:0.025606s ]
INFO: [ view_parse ] --END-- [ RunTime:0.025666s ]
INFO: [ view_filter ] --START--
INFO: Run Behavior\WriteHtmlCacheBehavior [ RunTime:0.000855s ]
INFO: [ view_filter ] --END-- [ RunTime:0.000905s ]
INFO: [ app_end ] --START--
INFO: Run Behavior\ShowPageTraceBehavior [ RunTime:0.001620s ]
INFO: [ app_end ] --END-- [ RunTime:0.001707s ]

