[ 2016-03-23T20:57:07+08:00 ] ::1 /index.php/Home2/Index/index
INFO: [ app_init ] --START--
INFO: Run Behavior\BuildLiteBehavior [ RunTime:0.000022s ]
INFO: [ app_init ] --END-- [ RunTime:0.000816s ]
INFO: [ app_begin ] --START--
INFO: Run Behavior\ReadHtmlCacheBehavior [ RunTime:0.001365s ]
INFO: [ app_begin ] --END-- [ RunTime:0.001478s ]
SQL: SHOW COLUMNS FROM `ast_banner2` [ RunTime:0.0047s ]
SQL: SELECT * FROM `ast_banner2`  [ RunTime:0.0005s ]
SQL: SHOW COLUMNS FROM `ast_link2` [ RunTime:0.0043s ]
SQL: SELECT * FROM `ast_link2`  [ RunTime:0.0004s ]
SQL: SHOW COLUMNS FROM `ast_company2` [ RunTime:0.0041s ]
SQL: SHOW COLUMNS FROM `ast_article2` [ RunTime:0.0037s ]
SQL: SHOW COLUMNS FROM `ast_product2` [ RunTime:0.0046s ]
SQL: SHOW COLUMNS FROM `ast_procate2` [ RunTime:0.0042s ]
SQL: SELECT * FROM `ast_procate2`  [ RunTime:0.0007s ]
SQL: SELECT * FROM `ast_article2` WHERE `art_cateid` = 4 LIMIT 5   [ RunTime:0.0008s ]
SQL: SELECT * FROM `ast_article2` WHERE `art_cateid` = 5 LIMIT 3   [ RunTime:0.0005s ]
SQL: SELECT * FROM `ast_article2` ORDER BY art_addtime desc LIMIT 2,3   [ RunTime:0.0010s ]
SQL: SELECT * FROM `ast_article2` ORDER BY art_addtime desc LIMIT 1   [ RunTime:0.0006s ]
SQL: SELECT * FROM `ast_product2`  [ RunTime:0.0012s ]
SQL: SELECT * FROM `ast_company2`  [ RunTime:0.0003s ]
INFO: [ view_parse ] --START--
INFO: [ template_filter ] --START--
INFO: Run Behavior\ContentReplaceBehavior [ RunTime:0.000184s ]
INFO: [ template_filter ] --END-- [ RunTime:0.000263s ]
INFO: Run Behavior\ParseTemplateBehavior [ RunTime:0.019222s ]
INFO: [ view_parse ] --END-- [ RunTime:0.019300s ]
INFO: [ view_filter ] --START--
INFO: Run Behavior\WriteHtmlCacheBehavior [ RunTime:0.000921s ]
INFO: [ view_filter ] --END-- [ RunTime:0.000973s ]
INFO: [ app_end ] --START--
INFO: Run Behavior\ShowPageTraceBehavior [ RunTime:0.002058s ]
INFO: [ app_end ] --END-- [ RunTime:0.002185s ]

[ 2016-03-23T21:09:32+08:00 ] ::1 /index.php/Home2/Index
INFO: [ app_init ] --START--
INFO: Run Behavior\BuildLiteBehavior [ RunTime:0.000029s ]
INFO: [ app_init ] --END-- [ RunTime:0.001157s ]
INFO: [ app_begin ] --START--
INFO: Run Behavior\ReadHtmlCacheBehavior [ RunTime:0.001461s ]
INFO: [ app_begin ] --END-- [ RunTime:0.001565s ]
SQL: SHOW COLUMNS FROM `ast_banner2` [ RunTime:0.0040s ]
SQL: SELECT * FROM `ast_banner2`  [ RunTime:0.0004s ]
SQL: SHOW COLUMNS FROM `ast_link2` [ RunTime:0.0049s ]
SQL: SELECT * FROM `ast_link2`  [ RunTime:0.0005s ]
SQL: SHOW COLUMNS FROM `ast_company2` [ RunTime:0.0060s ]
SQL: SHOW COLUMNS FROM `ast_article2` [ RunTime:0.0043s ]
SQL: SHOW COLUMNS FROM `ast_product2` [ RunTime:0.0053s ]
SQL: SHOW COLUMNS FROM `ast_procate2` [ RunTime:0.0055s ]
SQL: SELECT * FROM `ast_procate2`  [ RunTime:0.0005s ]
SQL: SELECT * FROM `ast_article2` WHERE `art_cateid` = 4 LIMIT 5   [ RunTime:0.0005s ]
SQL: SELECT * FROM `ast_article2` WHERE `art_cateid` = 5 LIMIT 3   [ RunTime:0.0003s ]
SQL: SELECT * FROM `ast_article2` ORDER BY art_addtime desc LIMIT 2,3   [ RunTime:0.0007s ]
SQL: SELECT * FROM `ast_article2` ORDER BY art_addtime desc LIMIT 1   [ RunTime:0.0004s ]
SQL: SELECT * FROM `ast_product2`  [ RunTime:0.0005s ]
SQL: SELECT * FROM `ast_company2`  [ RunTime:0.0003s ]
INFO: [ view_parse ] --START--
INFO: [ template_filter ] --START--
INFO: Run Behavior\ContentReplaceBehavior [ RunTime:0.000202s ]
INFO: [ template_filter ] --END-- [ RunTime:0.000296s ]
INFO: Run Behavior\ParseTemplateBehavior [ RunTime:0.024624s ]
INFO: [ view_parse ] --END-- [ RunTime:0.024737s ]
INFO: [ view_filter ] --START--
INFO: Run Behavior\WriteHtmlCacheBehavior [ RunTime:0.000856s ]
INFO: [ view_filter ] --END-- [ RunTime:0.000942s ]
INFO: [ app_end ] --START--
INFO: Run Behavior\ShowPageTraceBehavior [ RunTime:0.005799s ]
INFO: [ app_end ] --END-- [ RunTime:0.005927s ]

