[ 2016-03-22T13:45:58+08:00 ] ::1 /index.php/Home2/Index
INFO: [ app_init ] --START--
INFO: Run Behavior\BuildLiteBehavior [ RunTime:0.000027s ]
INFO: [ app_init ] --END-- [ RunTime:0.001182s ]
INFO: [ app_begin ] --START--
INFO: Run Behavior\ReadHtmlCacheBehavior [ RunTime:0.001317s ]
INFO: [ app_begin ] --END-- [ RunTime:0.001432s ]
SQL: SHOW COLUMNS FROM `ast_banner2` [ RunTime:0.0095s ]
SQL: SELECT * FROM `ast_banner2`  [ RunTime:0.0008s ]
SQL: SHOW COLUMNS FROM `ast_link2` [ RunTime:0.0108s ]
SQL: SELECT * FROM `ast_link2`  [ RunTime:0.0005s ]
SQL: SHOW COLUMNS FROM `ast_company2` [ RunTime:0.0705s ]
SQL: SHOW COLUMNS FROM `ast_article2` [ RunTime:0.0609s ]
SQL: SHOW COLUMNS FROM `ast_product2` [ RunTime:0.0084s ]
SQL: SHOW COLUMNS FROM `ast_procate2` [ RunTime:0.0261s ]
SQL: SELECT * FROM `ast_procate2`  [ RunTime:0.0005s ]
SQL: SELECT * FROM `ast_article2` WHERE `art_cateid` = 4 LIMIT 5   [ RunTime:0.0081s ]
SQL: SELECT * FROM `ast_article2` WHERE `art_cateid` = 5 LIMIT 3   [ RunTime:0.0011s ]
SQL: SELECT * FROM `ast_article2` ORDER BY art_addtime desc LIMIT 2,3   [ RunTime:0.0048s ]
SQL: SELECT * FROM `ast_article2` ORDER BY art_addtime desc LIMIT 1   [ RunTime:0.0023s ]
SQL: SELECT * FROM `ast_product2`  [ RunTime:0.0014s ]
SQL: SELECT * FROM `ast_company2`  [ RunTime:0.0004s ]
INFO: [ view_parse ] --START--
INFO: [ template_filter ] --START--
INFO: Run Behavior\ContentReplaceBehavior [ RunTime:0.000218s ]
INFO: [ template_filter ] --END-- [ RunTime:0.000320s ]
INFO: Run Behavior\ParseTemplateBehavior [ RunTime:0.027766s ]
INFO: [ view_parse ] --END-- [ RunTime:0.027892s ]
INFO: [ view_filter ] --START--
INFO: Run Behavior\WriteHtmlCacheBehavior [ RunTime:0.002588s ]
INFO: [ view_filter ] --END-- [ RunTime:0.002702s ]
INFO: [ app_end ] --START--
INFO: Run Behavior\ShowPageTraceBehavior [ RunTime:0.001448s ]
INFO: [ app_end ] --END-- [ RunTime:0.001563s ]

