[ 2016-05-04T10:28:33+08:00 ] ::1 /index.php/Home2/Index
INFO: [ app_init ] --START--
INFO: Run Behavior\BuildLiteBehavior [ RunTime:0.000017s ]
INFO: [ app_init ] --END-- [ RunTime:0.000567s ]
INFO: [ app_begin ] --START--
INFO: Run Behavior\ReadHtmlCacheBehavior [ RunTime:0.001617s ]
INFO: [ app_begin ] --END-- [ RunTime:0.001761s ]
ERR: 无法加载控制器:Index

[ 2016-05-04T10:28:37+08:00 ] ::1 /index.php/Home2/Index
INFO: [ app_init ] --START--
INFO: Run Behavior\BuildLiteBehavior [ RunTime:0.000017s ]
INFO: [ app_init ] --END-- [ RunTime:0.000481s ]
INFO: [ app_begin ] --START--
INFO: Run Behavior\ReadHtmlCacheBehavior [ RunTime:0.000737s ]
INFO: [ app_begin ] --END-- [ RunTime:0.000798s ]
ERR: 无法加载控制器:Index

[ 2016-05-04T10:28:45+08:00 ] ::1 /index.php/Home2/Index
INFO: [ app_init ] --START--
INFO: Run Behavior\BuildLiteBehavior [ RunTime:0.000017s ]
INFO: [ app_init ] --END-- [ RunTime:0.000593s ]
INFO: [ app_begin ] --START--
INFO: Run Behavior\ReadHtmlCacheBehavior [ RunTime:0.001096s ]
INFO: [ app_begin ] --END-- [ RunTime:0.001173s ]
ERR: 无法加载控制器:Index

[ 2016-05-04T10:32:28+08:00 ] ::1 /index.php/Home2/Index
INFO: [ app_init ] --START--
INFO: Run Behavior\BuildLiteBehavior [ RunTime:0.000018s ]
INFO: [ app_init ] --END-- [ RunTime:0.000601s ]
INFO: [ app_begin ] --START--
INFO: Run Behavior\ReadHtmlCacheBehavior [ RunTime:0.001357s ]
INFO: [ app_begin ] --END-- [ RunTime:0.001465s ]
ERR: 无法加载控制器:Index

[ 2016-05-04T10:54:22+08:00 ] ::1 /index.php/Home2/Index
INFO: [ app_init ] --START--
INFO: Run Behavior\BuildLiteBehavior [ RunTime:0.000018s ]
INFO: [ app_init ] --END-- [ RunTime:0.000473s ]
INFO: [ app_begin ] --START--
INFO: Run Behavior\ReadHtmlCacheBehavior [ RunTime:0.001248s ]
INFO: [ app_begin ] --END-- [ RunTime:0.001320s ]
SQL: SHOW COLUMNS FROM `ast_banner2` [ RunTime:0.0076s ]
SQL: SELECT * FROM `ast_banner2`  [ RunTime:0.0005s ]
SQL: SHOW COLUMNS FROM `ast_link2` [ RunTime:0.0075s ]
SQL: SELECT * FROM `ast_link2`  [ RunTime:0.0005s ]
SQL: SHOW COLUMNS FROM `ast_company2` [ RunTime:0.0248s ]
SQL: SHOW COLUMNS FROM `ast_article2` [ RunTime:0.0079s ]
SQL: SHOW COLUMNS FROM `ast_product2` [ RunTime:0.0101s ]
SQL: SHOW COLUMNS FROM `ast_procate2` [ RunTime:0.0074s ]
SQL: SELECT * FROM `ast_procate2`  [ RunTime:0.0004s ]
SQL: SELECT * FROM `ast_article2` WHERE `art_cateid` = 4 LIMIT 5   [ RunTime:0.0008s ]
SQL: SELECT * FROM `ast_article2` WHERE `art_cateid` = 5 LIMIT 3   [ RunTime:0.0005s ]
SQL: SELECT * FROM `ast_article2` ORDER BY art_addtime desc LIMIT 2,3   [ RunTime:0.0013s ]
SQL: SELECT * FROM `ast_article2` ORDER BY art_addtime desc LIMIT 1   [ RunTime:0.0008s ]
SQL: SELECT * FROM `ast_product2`  [ RunTime:0.0009s ]
SQL: SELECT * FROM `ast_company2`  [ RunTime:0.0003s ]
INFO: [ view_parse ] --START--
INFO: [ template_filter ] --START--
INFO: Run Behavior\ContentReplaceBehavior [ RunTime:0.000246s ]
INFO: [ template_filter ] --END-- [ RunTime:0.000384s ]
INFO: Run Behavior\ParseTemplateBehavior [ RunTime:0.021171s ]
INFO: [ view_parse ] --END-- [ RunTime:0.021335s ]
INFO: [ view_filter ] --START--
INFO: Run Behavior\WriteHtmlCacheBehavior [ RunTime:0.000505s ]
INFO: [ view_filter ] --END-- [ RunTime:0.000556s ]
INFO: [ app_end ] --START--
INFO: Run Behavior\ShowPageTraceBehavior [ RunTime:0.001244s ]
INFO: [ app_end ] --END-- [ RunTime:0.001335s ]

[ 2016-05-04T10:54:56+08:00 ] ::1 /index.php/Home2/Index
INFO: [ app_init ] --START--
INFO: Run Behavior\BuildLiteBehavior [ RunTime:0.000020s ]
INFO: [ app_init ] --END-- [ RunTime:0.000730s ]
INFO: [ app_begin ] --START--
INFO: Run Behavior\ReadHtmlCacheBehavior [ RunTime:0.001220s ]
INFO: [ app_begin ] --END-- [ RunTime:0.001313s ]
SQL: SHOW COLUMNS FROM `ast_banner2` [ RunTime:0.0057s ]
SQL: SELECT * FROM `ast_banner2`  [ RunTime:0.0010s ]
SQL: SHOW COLUMNS FROM `ast_link2` [ RunTime:0.0053s ]
SQL: SELECT * FROM `ast_link2`  [ RunTime:0.0007s ]
SQL: SHOW COLUMNS FROM `ast_company2` [ RunTime:0.0063s ]
SQL: SHOW COLUMNS FROM `ast_article2` [ RunTime:0.0065s ]
SQL: SHOW COLUMNS FROM `ast_product2` [ RunTime:0.0041s ]
SQL: SHOW COLUMNS FROM `ast_procate2` [ RunTime:0.0063s ]
SQL: SELECT * FROM `ast_procate2`  [ RunTime:0.0005s ]
SQL: SELECT * FROM `ast_article2` WHERE `art_cateid` = 4 LIMIT 5   [ RunTime:0.0004s ]
SQL: SELECT * FROM `ast_article2` WHERE `art_cateid` = 5 LIMIT 3   [ RunTime:0.0007s ]
SQL: SELECT * FROM `ast_article2` ORDER BY art_addtime desc LIMIT 2,3   [ RunTime:0.0011s ]
SQL: SELECT * FROM `ast_article2` ORDER BY art_addtime desc LIMIT 1   [ RunTime:0.0007s ]
SQL: SELECT * FROM `ast_product2`  [ RunTime:0.0011s ]
SQL: SELECT * FROM `ast_company2`  [ RunTime:0.0004s ]
INFO: [ view_parse ] --START--
INFO: [ template_filter ] --START--
INFO: Run Behavior\ContentReplaceBehavior [ RunTime:0.000129s ]
INFO: [ template_filter ] --END-- [ RunTime:0.000194s ]
INFO: Run Behavior\ParseTemplateBehavior [ RunTime:0.018465s ]
INFO: [ view_parse ] --END-- [ RunTime:0.018540s ]
INFO: [ view_filter ] --START--
INFO: Run Behavior\WriteHtmlCacheBehavior [ RunTime:0.000507s ]
INFO: [ view_filter ] --END-- [ RunTime:0.000556s ]
INFO: [ app_end ] --START--
INFO: Run Behavior\ShowPageTraceBehavior [ RunTime:0.001230s ]
INFO: [ app_end ] --END-- [ RunTime:0.001357s ]

[ 2016-05-04T10:55:08+08:00 ] ::1 /index.php/Home2/Index
INFO: [ app_init ] --START--
INFO: Run Behavior\BuildLiteBehavior [ RunTime:0.000031s ]
INFO: [ app_init ] --END-- [ RunTime:0.000757s ]
INFO: [ app_begin ] --START--
INFO: Run Behavior\ReadHtmlCacheBehavior [ RunTime:0.001363s ]
INFO: [ app_begin ] --END-- [ RunTime:0.001492s ]
SQL: SHOW COLUMNS FROM `ast_banner2` [ RunTime:0.0040s ]
SQL: SELECT * FROM `ast_banner2`  [ RunTime:0.0003s ]
SQL: SHOW COLUMNS FROM `ast_link2` [ RunTime:0.0035s ]
SQL: SELECT * FROM `ast_link2`  [ RunTime:0.0002s ]
SQL: SHOW COLUMNS FROM `ast_company2` [ RunTime:0.0045s ]
SQL: SHOW COLUMNS FROM `ast_article2` [ RunTime:0.0059s ]
SQL: SHOW COLUMNS FROM `ast_product2` [ RunTime:0.0045s ]
SQL: SHOW COLUMNS FROM `ast_procate2` [ RunTime:0.0041s ]
SQL: SELECT * FROM `ast_procate2`  [ RunTime:0.0003s ]
SQL: SELECT * FROM `ast_article2` WHERE `art_cateid` = 4 LIMIT 5   [ RunTime:0.0003s ]
SQL: SELECT * FROM `ast_article2` WHERE `art_cateid` = 5 LIMIT 3   [ RunTime:0.0003s ]
SQL: SELECT * FROM `ast_article2` ORDER BY art_addtime desc LIMIT 2,3   [ RunTime:0.0004s ]
SQL: SELECT * FROM `ast_article2` ORDER BY art_addtime desc LIMIT 1   [ RunTime:0.0003s ]
SQL: SELECT * FROM `ast_product2`  [ RunTime:0.0003s ]
SQL: SELECT * FROM `ast_company2`  [ RunTime:0.0002s ]
INFO: [ view_parse ] --START--
INFO: [ template_filter ] --START--
INFO: Run Behavior\ContentReplaceBehavior [ RunTime:0.000210s ]
INFO: [ template_filter ] --END-- [ RunTime:0.000348s ]
INFO: Run Behavior\ParseTemplateBehavior [ RunTime:0.018373s ]
INFO: [ view_parse ] --END-- [ RunTime:0.018457s ]
INFO: [ view_filter ] --START--
INFO: Run Behavior\WriteHtmlCacheBehavior [ RunTime:0.000770s ]
INFO: [ view_filter ] --END-- [ RunTime:0.000830s ]
INFO: [ app_end ] --START--
INFO: Run Behavior\ShowPageTraceBehavior [ RunTime:0.001614s ]
INFO: [ app_end ] --END-- [ RunTime:0.001701s ]

[ 2016-05-04T10:55:17+08:00 ] ::1 /index.php/Home2/Walkto/index
INFO: [ app_init ] --START--
INFO: Run Behavior\BuildLiteBehavior [ RunTime:0.000015s ]
INFO: [ app_init ] --END-- [ RunTime:0.000463s ]
INFO: [ app_begin ] --START--
INFO: Run Behavior\ReadHtmlCacheBehavior [ RunTime:0.000827s ]
INFO: [ app_begin ] --END-- [ RunTime:0.000903s ]
SQL: SHOW COLUMNS FROM `ast_banner2` [ RunTime:0.0057s ]
SQL: SELECT * FROM `ast_banner2`  [ RunTime:0.0004s ]
SQL: SHOW COLUMNS FROM `ast_link2` [ RunTime:0.0037s ]
SQL: SELECT * FROM `ast_link2`  [ RunTime:0.0003s ]
SQL: SHOW COLUMNS FROM `ast_about2` [ RunTime:0.0176s ]
SQL: SELECT * FROM `ast_about2`  [ RunTime:0.0004s ]
SQL: SELECT * FROM `ast_about2` WHERE `ast_aid` = 1  [ RunTime:0.0006s ]
INFO: [ view_parse ] --START--
INFO: [ template_filter ] --START--
INFO: Run Behavior\ContentReplaceBehavior [ RunTime:0.000097s ]
INFO: [ template_filter ] --END-- [ RunTime:0.000163s ]
NOTIC: [8] Undefined index: link_url C:\xampp\htdocs\aiston\Application\Runtime\Cache\Home2\0be5b7e848693e2ee332eabb0ca1639d.php 第 63 行.
INFO: Run Behavior\ParseTemplateBehavior [ RunTime:0.012059s ]
INFO: [ view_parse ] --END-- [ RunTime:0.012154s ]
INFO: [ view_filter ] --START--
INFO: Run Behavior\WriteHtmlCacheBehavior [ RunTime:0.000498s ]
INFO: [ view_filter ] --END-- [ RunTime:0.000548s ]
INFO: [ app_end ] --START--
INFO: Run Behavior\ShowPageTraceBehavior [ RunTime:0.000737s ]
INFO: [ app_end ] --END-- [ RunTime:0.000789s ]

[ 2016-05-04T10:55:19+08:00 ] ::1 /index.php/Home2/Walkto/index
INFO: [ app_init ] --START--
INFO: Run Behavior\BuildLiteBehavior [ RunTime:0.000017s ]
INFO: [ app_init ] --END-- [ RunTime:0.000473s ]
INFO: [ app_begin ] --START--
INFO: Run Behavior\ReadHtmlCacheBehavior [ RunTime:0.000739s ]
INFO: [ app_begin ] --END-- [ RunTime:0.000799s ]
SQL: SHOW COLUMNS FROM `ast_banner2` [ RunTime:0.0041s ]
SQL: SELECT * FROM `ast_banner2`  [ RunTime:0.0004s ]
SQL: SHOW COLUMNS FROM `ast_link2` [ RunTime:0.0038s ]
SQL: SELECT * FROM `ast_link2`  [ RunTime:0.0003s ]
SQL: SHOW COLUMNS FROM `ast_about2` [ RunTime:0.0045s ]
SQL: SELECT * FROM `ast_about2`  [ RunTime:0.0004s ]
SQL: SELECT * FROM `ast_about2` WHERE `ast_aid` = 1  [ RunTime:0.0003s ]
INFO: [ view_parse ] --START--
INFO: [ template_filter ] --START--
INFO: Run Behavior\ContentReplaceBehavior [ RunTime:0.000124s ]
INFO: [ template_filter ] --END-- [ RunTime:0.000212s ]
NOTIC: [8] Undefined index: link_url C:\xampp\htdocs\aiston\Application\Runtime\Cache\Home2\0be5b7e848693e2ee332eabb0ca1639d.php 第 63 行.
INFO: Run Behavior\ParseTemplateBehavior [ RunTime:0.012700s ]
INFO: [ view_parse ] --END-- [ RunTime:0.012795s ]
INFO: [ view_filter ] --START--
INFO: Run Behavior\WriteHtmlCacheBehavior [ RunTime:0.000830s ]
INFO: [ view_filter ] --END-- [ RunTime:0.000914s ]
INFO: [ app_end ] --START--
INFO: Run Behavior\ShowPageTraceBehavior [ RunTime:0.000758s ]
INFO: [ app_end ] --END-- [ RunTime:0.000812s ]

[ 2016-05-04T10:55:21+08:00 ] ::1 /index.php/Home2/Walkto/index
INFO: [ app_init ] --START--
INFO: Run Behavior\BuildLiteBehavior [ RunTime:0.000020s ]
INFO: [ app_init ] --END-- [ RunTime:0.000677s ]
INFO: [ app_begin ] --START--
INFO: Run Behavior\ReadHtmlCacheBehavior [ RunTime:0.002619s ]
INFO: [ app_begin ] --END-- [ RunTime:0.002977s ]
SQL: SHOW COLUMNS FROM `ast_banner2` [ RunTime:0.0061s ]
SQL: SELECT * FROM `ast_banner2`  [ RunTime:0.0003s ]
SQL: SHOW COLUMNS FROM `ast_link2` [ RunTime:0.0037s ]
SQL: SELECT * FROM `ast_link2`  [ RunTime:0.0004s ]
SQL: SHOW COLUMNS FROM `ast_about2` [ RunTime:0.0041s ]
SQL: SELECT * FROM `ast_about2`  [ RunTime:0.0003s ]
SQL: SELECT * FROM `ast_about2` WHERE `ast_aid` = 1  [ RunTime:0.0002s ]
INFO: [ view_parse ] --START--
INFO: [ template_filter ] --START--
INFO: Run Behavior\ContentReplaceBehavior [ RunTime:0.000095s ]
INFO: [ template_filter ] --END-- [ RunTime:0.000157s ]
NOTIC: [8] Undefined index: link_url C:\xampp\htdocs\aiston\Application\Runtime\Cache\Home2\0be5b7e848693e2ee332eabb0ca1639d.php 第 63 行.
INFO: Run Behavior\ParseTemplateBehavior [ RunTime:0.011073s ]
INFO: [ view_parse ] --END-- [ RunTime:0.011147s ]
INFO: [ view_filter ] --START--
INFO: Run Behavior\WriteHtmlCacheBehavior [ RunTime:0.000485s ]
INFO: [ view_filter ] --END-- [ RunTime:0.000567s ]
INFO: [ app_end ] --START--
INFO: Run Behavior\ShowPageTraceBehavior [ RunTime:0.001699s ]
INFO: [ app_end ] --END-- [ RunTime:0.001964s ]

[ 2016-05-04T10:55:22+08:00 ] ::1 /index.php/Home2/Walkto/index
INFO: [ app_init ] --START--
INFO: Run Behavior\BuildLiteBehavior [ RunTime:0.000019s ]
INFO: [ app_init ] --END-- [ RunTime:0.000557s ]
INFO: [ app_begin ] --START--
INFO: Run Behavior\ReadHtmlCacheBehavior [ RunTime:0.000966s ]
INFO: [ app_begin ] --END-- [ RunTime:0.001062s ]
SQL: SHOW COLUMNS FROM `ast_banner2` [ RunTime:0.0041s ]
SQL: SELECT * FROM `ast_banner2`  [ RunTime:0.0004s ]
SQL: SHOW COLUMNS FROM `ast_link2` [ RunTime:0.0042s ]
SQL: SELECT * FROM `ast_link2`  [ RunTime:0.0003s ]
SQL: SHOW COLUMNS FROM `ast_about2` [ RunTime:0.0039s ]
SQL: SELECT * FROM `ast_about2`  [ RunTime:0.0003s ]
SQL: SELECT * FROM `ast_about2` WHERE `ast_aid` = 1  [ RunTime:0.0002s ]
INFO: [ view_parse ] --START--
INFO: [ template_filter ] --START--
INFO: Run Behavior\ContentReplaceBehavior [ RunTime:0.000105s ]
INFO: [ template_filter ] --END-- [ RunTime:0.000172s ]
NOTIC: [8] Undefined index: link_url C:\xampp\htdocs\aiston\Application\Runtime\Cache\Home2\0be5b7e848693e2ee332eabb0ca1639d.php 第 63 行.
INFO: Run Behavior\ParseTemplateBehavior [ RunTime:0.013053s ]
INFO: [ view_parse ] --END-- [ RunTime:0.013158s ]
INFO: [ view_filter ] --START--
INFO: Run Behavior\WriteHtmlCacheBehavior [ RunTime:0.000511s ]
INFO: [ view_filter ] --END-- [ RunTime:0.000563s ]
INFO: [ app_end ] --START--
INFO: Run Behavior\ShowPageTraceBehavior [ RunTime:0.000774s ]
INFO: [ app_end ] --END-- [ RunTime:0.000831s ]

[ 2016-05-04T10:55:28+08:00 ] ::1 /index.php/Home2/Index/index
INFO: [ app_init ] --START--
INFO: Run Behavior\BuildLiteBehavior [ RunTime:0.000017s ]
INFO: [ app_init ] --END-- [ RunTime:0.000468s ]
INFO: [ app_begin ] --START--
INFO: Run Behavior\ReadHtmlCacheBehavior [ RunTime:0.000753s ]
INFO: [ app_begin ] --END-- [ RunTime:0.000817s ]
SQL: SHOW COLUMNS FROM `ast_banner2` [ RunTime:0.0041s ]
SQL: SELECT * FROM `ast_banner2`  [ RunTime:0.0004s ]
SQL: SHOW COLUMNS FROM `ast_link2` [ RunTime:0.0043s ]
SQL: SELECT * FROM `ast_link2`  [ RunTime:0.0004s ]
SQL: SHOW COLUMNS FROM `ast_company2` [ RunTime:0.0042s ]
SQL: SHOW COLUMNS FROM `ast_article2` [ RunTime:0.0039s ]
SQL: SHOW COLUMNS FROM `ast_product2` [ RunTime:0.0042s ]
SQL: SHOW COLUMNS FROM `ast_procate2` [ RunTime:0.0054s ]
SQL: SELECT * FROM `ast_procate2`  [ RunTime:0.0008s ]
SQL: SELECT * FROM `ast_article2` WHERE `art_cateid` = 4 LIMIT 5   [ RunTime:0.0004s ]
SQL: SELECT * FROM `ast_article2` WHERE `art_cateid` = 5 LIMIT 3   [ RunTime:0.0003s ]
SQL: SELECT * FROM `ast_article2` ORDER BY art_addtime desc LIMIT 2,3   [ RunTime:0.0005s ]
SQL: SELECT * FROM `ast_article2` ORDER BY art_addtime desc LIMIT 1   [ RunTime:0.0003s ]
SQL: SELECT * FROM `ast_product2`  [ RunTime:0.0003s ]
SQL: SELECT * FROM `ast_company2`  [ RunTime:0.0002s ]
INFO: [ view_parse ] --START--
INFO: [ template_filter ] --START--
INFO: Run Behavior\ContentReplaceBehavior [ RunTime:0.000128s ]
INFO: [ template_filter ] --END-- [ RunTime:0.000192s ]
INFO: Run Behavior\ParseTemplateBehavior [ RunTime:0.015741s ]
INFO: [ view_parse ] --END-- [ RunTime:0.015811s ]
INFO: [ view_filter ] --START--
INFO: Run Behavior\WriteHtmlCacheBehavior [ RunTime:0.000489s ]
INFO: [ view_filter ] --END-- [ RunTime:0.000540s ]
INFO: [ app_end ] --START--
INFO: Run Behavior\ShowPageTraceBehavior [ RunTime:0.001033s ]
INFO: [ app_end ] --END-- [ RunTime:0.001114s ]

[ 2016-05-04T10:57:27+08:00 ] ::1 /index.php/Home2/Index/index
INFO: [ app_init ] --START--
INFO: Run Behavior\BuildLiteBehavior [ RunTime:0.000029s ]
INFO: [ app_init ] --END-- [ RunTime:0.000932s ]
INFO: [ app_begin ] --START--
INFO: Run Behavior\ReadHtmlCacheBehavior [ RunTime:0.002145s ]
INFO: [ app_begin ] --END-- [ RunTime:0.002298s ]
SQL: SHOW COLUMNS FROM `ast_banner2` [ RunTime:0.0043s ]
SQL: SELECT * FROM `ast_banner2`  [ RunTime:0.0004s ]
SQL: SHOW COLUMNS FROM `ast_link2` [ RunTime:0.0039s ]
SQL: SELECT * FROM `ast_link2`  [ RunTime:0.0003s ]
SQL: SHOW COLUMNS FROM `ast_company2` [ RunTime:0.0049s ]
SQL: SHOW COLUMNS FROM `ast_article2` [ RunTime:0.0051s ]
SQL: SHOW COLUMNS FROM `ast_product2` [ RunTime:0.0052s ]
SQL: SHOW COLUMNS FROM `ast_procate2` [ RunTime:0.0040s ]
SQL: SELECT * FROM `ast_procate2`  [ RunTime:0.0003s ]
SQL: SELECT * FROM `ast_article2` WHERE `art_cateid` = 4 LIMIT 5   [ RunTime:0.0004s ]
SQL: SELECT * FROM `ast_article2` WHERE `art_cateid` = 5 LIMIT 3   [ RunTime:0.0003s ]
SQL: SELECT * FROM `ast_article2` ORDER BY art_addtime desc LIMIT 2,3   [ RunTime:0.0005s ]
SQL: SELECT * FROM `ast_article2` ORDER BY art_addtime desc LIMIT 1   [ RunTime:0.0003s ]
SQL: SELECT * FROM `ast_product2`  [ RunTime:0.0003s ]
SQL: SELECT * FROM `ast_company2`  [ RunTime:0.0002s ]
INFO: [ view_parse ] --START--
INFO: [ template_filter ] --START--
INFO: Run Behavior\ContentReplaceBehavior [ RunTime:0.000139s ]
INFO: [ template_filter ] --END-- [ RunTime:0.000216s ]
INFO: Run Behavior\ParseTemplateBehavior [ RunTime:0.018225s ]
INFO: [ view_parse ] --END-- [ RunTime:0.018316s ]
INFO: [ view_filter ] --START--
INFO: Run Behavior\WriteHtmlCacheBehavior [ RunTime:0.000697s ]
INFO: [ view_filter ] --END-- [ RunTime:0.000750s ]
INFO: [ app_end ] --START--
INFO: Run Behavior\ShowPageTraceBehavior [ RunTime:0.001581s ]
INFO: [ app_end ] --END-- [ RunTime:0.001675s ]

[ 2016-05-04T11:01:31+08:00 ] ::1 /index.php/Home2/Index
INFO: [ app_init ] --START--
INFO: Run Behavior\BuildLiteBehavior [ RunTime:0.000016s ]
INFO: [ app_init ] --END-- [ RunTime:0.000470s ]
INFO: [ app_begin ] --START--
INFO: Run Behavior\ReadHtmlCacheBehavior [ RunTime:0.001141s ]
INFO: [ app_begin ] --END-- [ RunTime:0.001263s ]
SQL: SHOW COLUMNS FROM `ast_banner2` [ RunTime:0.0056s ]
SQL: SELECT * FROM `ast_banner2`  [ RunTime:0.0007s ]
SQL: SHOW COLUMNS FROM `ast_link2` [ RunTime:0.0050s ]
SQL: SELECT * FROM `ast_link2`  [ RunTime:0.0003s ]
SQL: SHOW COLUMNS FROM `ast_company2` [ RunTime:0.0045s ]
SQL: SHOW COLUMNS FROM `ast_article2` [ RunTime:0.0069s ]
SQL: SHOW COLUMNS FROM `ast_product2` [ RunTime:0.0061s ]
SQL: SHOW COLUMNS FROM `ast_procate2` [ RunTime:0.0060s ]
SQL: SELECT * FROM `ast_procate2`  [ RunTime:0.0004s ]
SQL: SELECT * FROM `ast_article2` WHERE `art_cateid` = 4 LIMIT 5   [ RunTime:0.0005s ]
SQL: SELECT * FROM `ast_article2` WHERE `art_cateid` = 5 LIMIT 3   [ RunTime:0.0004s ]
SQL: SELECT * FROM `ast_article2` ORDER BY art_addtime desc LIMIT 2,3   [ RunTime:0.0014s ]
SQL: SELECT * FROM `ast_article2` ORDER BY art_addtime desc LIMIT 1   [ RunTime:0.0009s ]
SQL: SELECT * FROM `ast_product2`  [ RunTime:0.0008s ]
SQL: SELECT * FROM `ast_company2`  [ RunTime:0.0003s ]
INFO: [ view_parse ] --START--
INFO: [ template_filter ] --START--
INFO: Run Behavior\ContentReplaceBehavior [ RunTime:0.000278s ]
INFO: [ template_filter ] --END-- [ RunTime:0.000451s ]
INFO: Run Behavior\ParseTemplateBehavior [ RunTime:0.022090s ]
INFO: [ view_parse ] --END-- [ RunTime:0.022189s ]
INFO: [ view_filter ] --START--
INFO: Run Behavior\WriteHtmlCacheBehavior [ RunTime:0.001187s ]
INFO: [ view_filter ] --END-- [ RunTime:0.001324s ]
INFO: [ app_end ] --START--
INFO: Run Behavior\ShowPageTraceBehavior [ RunTime:0.002231s ]
INFO: [ app_end ] --END-- [ RunTime:0.002411s ]

[ 2016-05-04T11:01:35+08:00 ] ::1 /index.php/Home2/Index
INFO: [ app_init ] --START--
INFO: Run Behavior\BuildLiteBehavior [ RunTime:0.000016s ]
INFO: [ app_init ] --END-- [ RunTime:0.000474s ]
INFO: [ app_begin ] --START--
INFO: Run Behavior\ReadHtmlCacheBehavior [ RunTime:0.000724s ]
INFO: [ app_begin ] --END-- [ RunTime:0.000786s ]
SQL: SHOW COLUMNS FROM `ast_banner2` [ RunTime:0.0045s ]
SQL: SELECT * FROM `ast_banner2`  [ RunTime:0.0004s ]
SQL: SHOW COLUMNS FROM `ast_link2` [ RunTime:0.0059s ]
SQL: SELECT * FROM `ast_link2`  [ RunTime:0.0005s ]
SQL: SHOW COLUMNS FROM `ast_company2` [ RunTime:0.0047s ]
SQL: SHOW COLUMNS FROM `ast_article2` [ RunTime:0.0043s ]
SQL: SHOW COLUMNS FROM `ast_product2` [ RunTime:0.0082s ]
SQL: SHOW COLUMNS FROM `ast_procate2` [ RunTime:0.0058s ]
SQL: SELECT * FROM `ast_procate2`  [ RunTime:0.0003s ]
SQL: SELECT * FROM `ast_article2` WHERE `art_cateid` = 4 LIMIT 5   [ RunTime:0.0004s ]
SQL: SELECT * FROM `ast_article2` WHERE `art_cateid` = 5 LIMIT 3   [ RunTime:0.0004s ]
SQL: SELECT * FROM `ast_article2` ORDER BY art_addtime desc LIMIT 2,3   [ RunTime:0.0008s ]
SQL: SELECT * FROM `ast_article2` ORDER BY art_addtime desc LIMIT 1   [ RunTime:0.0009s ]
SQL: SELECT * FROM `ast_product2`  [ RunTime:0.0009s ]
SQL: SELECT * FROM `ast_company2`  [ RunTime:0.0004s ]
INFO: [ view_parse ] --START--
INFO: [ template_filter ] --START--
INFO: Run Behavior\ContentReplaceBehavior [ RunTime:0.000175s ]
INFO: [ template_filter ] --END-- [ RunTime:0.000312s ]
INFO: Run Behavior\ParseTemplateBehavior [ RunTime:0.019542s ]
INFO: [ view_parse ] --END-- [ RunTime:0.019645s ]
INFO: [ view_filter ] --START--
INFO: Run Behavior\WriteHtmlCacheBehavior [ RunTime:0.000652s ]
INFO: [ view_filter ] --END-- [ RunTime:0.000718s ]
INFO: [ app_end ] --START--
INFO: Run Behavior\ShowPageTraceBehavior [ RunTime:0.001720s ]
INFO: [ app_end ] --END-- [ RunTime:0.001816s ]

[ 2016-05-04T11:01:51+08:00 ] ::1 /index.php/Home2/product/index
INFO: [ app_init ] --START--
INFO: Run Behavior\BuildLiteBehavior [ RunTime:0.000017s ]
INFO: [ app_init ] --END-- [ RunTime:0.000477s ]
INFO: [ app_begin ] --START--
INFO: Run Behavior\ReadHtmlCacheBehavior [ RunTime:0.000740s ]
INFO: [ app_begin ] --END-- [ RunTime:0.000802s ]
SQL: SHOW COLUMNS FROM `ast_banner2` [ RunTime:0.0040s ]
SQL: SELECT * FROM `ast_banner2`  [ RunTime:0.0004s ]
SQL: SHOW COLUMNS FROM `ast_link2` [ RunTime:0.0048s ]
SQL: SELECT * FROM `ast_link2`  [ RunTime:0.0003s ]
SQL: SHOW COLUMNS FROM `ast_procate2` [ RunTime:0.0049s ]
SQL: SELECT * FROM `ast_procate2`  [ RunTime:0.0003s ]
SQL: SHOW COLUMNS FROM `ast_product2` [ RunTime:0.0040s ]
NOTIC: [8] Undefined index: id C:\xampp\htdocs\aiston\Application\Home2\Controller\ProductController.class.php 第 25 行.
SQL: SELECT * FROM `ast_product2`  [ RunTime:0.0006s ]
SQL: SELECT * FROM `ast_product2` LIMIT 0,5   [ RunTime:0.0005s ]
NOTIC: [8] Undefined variable: catename C:\xampp\htdocs\aiston\Application\Home2\Controller\ProductController.class.php 第 45 行.
INFO: [ view_parse ] --START--
INFO: [ template_filter ] --START--
INFO: Run Behavior\ContentReplaceBehavior [ RunTime:0.000106s ]
INFO: [ template_filter ] --END-- [ RunTime:0.000171s ]
NOTIC: [8] Undefined variable: pro C:\xampp\htdocs\aiston\Application\Runtime\Cache\Home2\68b06063e4c460b1497664a7562ba74f.php 第 74 行.
NOTIC: [8] Undefined variable: pro C:\xampp\htdocs\aiston\Application\Runtime\Cache\Home2\68b06063e4c460b1497664a7562ba74f.php 第 74 行.
NOTIC: [8] Undefined variable: pro C:\xampp\htdocs\aiston\Application\Runtime\Cache\Home2\68b06063e4c460b1497664a7562ba74f.php 第 74 行.
NOTIC: [8] Undefined variable: pro C:\xampp\htdocs\aiston\Application\Runtime\Cache\Home2\68b06063e4c460b1497664a7562ba74f.php 第 74 行.
NOTIC: [8] Undefined variable: pro C:\xampp\htdocs\aiston\Application\Runtime\Cache\Home2\68b06063e4c460b1497664a7562ba74f.php 第 74 行.
NOTIC: [8] Undefined index: p C:\xampp\htdocs\aiston\Application\Runtime\Cache\Home2\68b06063e4c460b1497664a7562ba74f.php 第 83 行.
NOTIC: [8] Undefined index: p C:\xampp\htdocs\aiston\Application\Runtime\Cache\Home2\68b06063e4c460b1497664a7562ba74f.php 第 88 行.
NOTIC: [8] Undefined index: p C:\xampp\htdocs\aiston\Application\Runtime\Cache\Home2\68b06063e4c460b1497664a7562ba74f.php 第 88 行.
INFO: Run Behavior\ParseTemplateBehavior [ RunTime:0.014579s ]
INFO: [ view_parse ] --END-- [ RunTime:0.014660s ]
INFO: [ view_filter ] --START--
INFO: Run Behavior\WriteHtmlCacheBehavior [ RunTime:0.000495s ]
INFO: [ view_filter ] --END-- [ RunTime:0.000546s ]
INFO: [ app_end ] --START--
INFO: Run Behavior\ShowPageTraceBehavior [ RunTime:0.000812s ]
INFO: [ app_end ] --END-- [ RunTime:0.000862s ]

[ 2016-05-04T11:01:52+08:00 ] ::1 /index.php/Home2/News/index
INFO: [ app_init ] --START--
INFO: Run Behavior\BuildLiteBehavior [ RunTime:0.000016s ]
INFO: [ app_init ] --END-- [ RunTime:0.000477s ]
INFO: [ app_begin ] --START--
INFO: Run Behavior\ReadHtmlCacheBehavior [ RunTime:0.000726s ]
INFO: [ app_begin ] --END-- [ RunTime:0.000788s ]
SQL: SHOW COLUMNS FROM `ast_banner2` [ RunTime:0.0040s ]
SQL: SELECT * FROM `ast_banner2`  [ RunTime:0.0004s ]
SQL: SHOW COLUMNS FROM `ast_link2` [ RunTime:0.0037s ]
SQL: SELECT * FROM `ast_link2`  [ RunTime:0.0003s ]
SQL: SHOW COLUMNS FROM `ast_article2` [ RunTime:0.0039s ]
SQL: SELECT * FROM `ast_article2`  [ RunTime:0.0005s ]
SQL: SHOW COLUMNS FROM `ast_artcate2` [ RunTime:0.0059s ]
SQL: SELECT * FROM `ast_artcate2`  [ RunTime:0.0004s ]
NOTIC: [8] Undefined index: id C:\xampp\htdocs\aiston\Application\Home2\Controller\NewsController.class.php 第 29 行.
SQL: SELECT * FROM `ast_article2` LIMIT 0,5   [ RunTime:0.0005s ]
NOTIC: [8] Undefined variable: catename C:\xampp\htdocs\aiston\Application\Home2\Controller\NewsController.class.php 第 39 行.
INFO: [ view_parse ] --START--
INFO: [ template_filter ] --START--
INFO: Run Behavior\ContentReplaceBehavior [ RunTime:0.000105s ]
INFO: [ template_filter ] --END-- [ RunTime:0.000171s ]
NOTIC: [8] Undefined index: p C:\xampp\htdocs\aiston\Application\Runtime\Cache\Home2\e0bcf2b5205f214a6e5e537286a38d22.php 第 80 行.
NOTIC: [8] Undefined index: p C:\xampp\htdocs\aiston\Application\Runtime\Cache\Home2\e0bcf2b5205f214a6e5e537286a38d22.php 第 87 行.
NOTIC: [8] Undefined index: p C:\xampp\htdocs\aiston\Application\Runtime\Cache\Home2\e0bcf2b5205f214a6e5e537286a38d22.php 第 87 行.
INFO: Run Behavior\ParseTemplateBehavior [ RunTime:0.014962s ]
INFO: [ view_parse ] --END-- [ RunTime:0.015057s ]
INFO: [ view_filter ] --START--
INFO: Run Behavior\WriteHtmlCacheBehavior [ RunTime:0.000567s ]
INFO: [ view_filter ] --END-- [ RunTime:0.000627s ]
INFO: [ app_end ] --START--
INFO: Run Behavior\ShowPageTraceBehavior [ RunTime:0.000864s ]
INFO: [ app_end ] --END-- [ RunTime:0.000918s ]

[ 2016-05-04T11:01:53+08:00 ] ::1 /index.php/Home2/Contact/index
INFO: [ app_init ] --START--
INFO: Run Behavior\BuildLiteBehavior [ RunTime:0.000017s ]
INFO: [ app_init ] --END-- [ RunTime:0.000491s ]
INFO: [ app_begin ] --START--
INFO: Run Behavior\ReadHtmlCacheBehavior [ RunTime:0.000800s ]
INFO: [ app_begin ] --END-- [ RunTime:0.000872s ]
SQL: SHOW COLUMNS FROM `ast_banner2` [ RunTime:0.0044s ]
SQL: SELECT * FROM `ast_banner2`  [ RunTime:0.0004s ]
SQL: SHOW COLUMNS FROM `ast_link2` [ RunTime:0.0039s ]
SQL: SELECT * FROM `ast_link2`  [ RunTime:0.0003s ]
SQL: SHOW COLUMNS FROM `ast_company2` [ RunTime:0.0040s ]
SQL: SELECT * FROM `ast_company2` WHERE `c_id` = 2  [ RunTime:0.0003s ]
INFO: [ view_parse ] --START--
INFO: [ template_filter ] --START--
INFO: Run Behavior\ContentReplaceBehavior [ RunTime:0.000095s ]
INFO: [ template_filter ] --END-- [ RunTime:0.000162s ]
INFO: Run Behavior\ParseTemplateBehavior [ RunTime:0.012290s ]
INFO: [ view_parse ] --END-- [ RunTime:0.012371s ]
INFO: [ view_filter ] --START--
INFO: Run Behavior\WriteHtmlCacheBehavior [ RunTime:0.000486s ]
INFO: [ view_filter ] --END-- [ RunTime:0.000536s ]
INFO: [ app_end ] --START--
INFO: Run Behavior\ShowPageTraceBehavior [ RunTime:0.000827s ]
INFO: [ app_end ] --END-- [ RunTime:0.000882s ]

[ 2016-05-04T11:01:54+08:00 ] ::1 /index.php/Home2/Walkto/index
INFO: [ app_init ] --START--
INFO: Run Behavior\BuildLiteBehavior [ RunTime:0.000021s ]
INFO: [ app_init ] --END-- [ RunTime:0.000478s ]
INFO: [ app_begin ] --START--
INFO: Run Behavior\ReadHtmlCacheBehavior [ RunTime:0.000791s ]
INFO: [ app_begin ] --END-- [ RunTime:0.000865s ]
SQL: SHOW COLUMNS FROM `ast_banner2` [ RunTime:0.0041s ]
SQL: SELECT * FROM `ast_banner2`  [ RunTime:0.0003s ]
SQL: SHOW COLUMNS FROM `ast_link2` [ RunTime:0.0042s ]
SQL: SELECT * FROM `ast_link2`  [ RunTime:0.0003s ]
SQL: SHOW COLUMNS FROM `ast_about2` [ RunTime:0.0042s ]
SQL: SELECT * FROM `ast_about2`  [ RunTime:0.0004s ]
SQL: SELECT * FROM `ast_about2` WHERE `ast_aid` = 1  [ RunTime:0.0003s ]
INFO: [ view_parse ] --START--
INFO: [ template_filter ] --START--
INFO: Run Behavior\ContentReplaceBehavior [ RunTime:0.000097s ]
INFO: [ template_filter ] --END-- [ RunTime:0.000166s ]
NOTIC: [8] Undefined index: link_url C:\xampp\htdocs\aiston\Application\Runtime\Cache\Home2\0be5b7e848693e2ee332eabb0ca1639d.php 第 63 行.
INFO: Run Behavior\ParseTemplateBehavior [ RunTime:0.012459s ]
INFO: [ view_parse ] --END-- [ RunTime:0.012558s ]
INFO: [ view_filter ] --START--
INFO: Run Behavior\WriteHtmlCacheBehavior [ RunTime:0.000491s ]
INFO: [ view_filter ] --END-- [ RunTime:0.000541s ]
INFO: [ app_end ] --START--
INFO: Run Behavior\ShowPageTraceBehavior [ RunTime:0.000839s ]
INFO: [ app_end ] --END-- [ RunTime:0.000892s ]

[ 2016-05-04T16:50:46+08:00 ] ::1 /index.php/Home2/Index
INFO: [ app_init ] --START--
INFO: Run Behavior\BuildLiteBehavior [ RunTime:0.000018s ]
INFO: [ app_init ] --END-- [ RunTime:0.000471s ]
INFO: [ app_begin ] --START--
INFO: Run Behavior\ReadHtmlCacheBehavior [ RunTime:0.000762s ]
INFO: [ app_begin ] --END-- [ RunTime:0.000836s ]
SQL: SHOW COLUMNS FROM `ast_banner2` [ RunTime:0.0043s ]
SQL: SELECT * FROM `ast_banner2`  [ RunTime:0.0003s ]
SQL: SHOW COLUMNS FROM `ast_link2` [ RunTime:0.0037s ]
SQL: SELECT * FROM `ast_link2`  [ RunTime:0.0003s ]
SQL: SHOW COLUMNS FROM `ast_company2` [ RunTime:0.0043s ]
SQL: SHOW COLUMNS FROM `ast_article2` [ RunTime:0.0041s ]
SQL: SHOW COLUMNS FROM `ast_product2` [ RunTime:0.0041s ]
SQL: SHOW COLUMNS FROM `ast_procate2` [ RunTime:0.0050s ]
SQL: SELECT * FROM `ast_procate2`  [ RunTime:0.0005s ]
SQL: SELECT * FROM `ast_article2` WHERE `art_cateid` = 4 LIMIT 5   [ RunTime:0.0005s ]
SQL: SELECT * FROM `ast_article2` WHERE `art_cateid` = 5 LIMIT 3   [ RunTime:0.0004s ]
SQL: SELECT * FROM `ast_article2` ORDER BY art_addtime desc LIMIT 2,3   [ RunTime:0.0007s ]
SQL: SELECT * FROM `ast_article2` ORDER BY art_addtime desc LIMIT 1   [ RunTime:0.0003s ]
SQL: SELECT * FROM `ast_product2`  [ RunTime:0.0003s ]
SQL: SELECT * FROM `ast_company2`  [ RunTime:0.0002s ]
INFO: [ view_parse ] --START--
INFO: [ template_filter ] --START--
INFO: Run Behavior\ContentReplaceBehavior [ RunTime:0.000132s ]
INFO: [ template_filter ] --END-- [ RunTime:0.000196s ]
INFO: Run Behavior\ParseTemplateBehavior [ RunTime:0.016574s ]
INFO: [ view_parse ] --END-- [ RunTime:0.016673s ]
INFO: [ view_filter ] --START--
INFO: Run Behavior\WriteHtmlCacheBehavior [ RunTime:0.000787s ]
INFO: [ view_filter ] --END-- [ RunTime:0.000867s ]
INFO: [ app_end ] --START--
INFO: Run Behavior\ShowPageTraceBehavior [ RunTime:0.001129s ]
INFO: [ app_end ] --END-- [ RunTime:0.001213s ]

[ 2016-05-04T16:51:30+08:00 ] ::1 /index.php/Home2/Index
INFO: [ app_init ] --START--
INFO: Run Behavior\BuildLiteBehavior [ RunTime:0.000029s ]
INFO: [ app_init ] --END-- [ RunTime:0.001191s ]
INFO: [ app_begin ] --START--
INFO: Run Behavior\ReadHtmlCacheBehavior [ RunTime:0.001708s ]
INFO: [ app_begin ] --END-- [ RunTime:0.001850s ]
SQL: SHOW COLUMNS FROM `ast_banner2` [ RunTime:0.0047s ]
SQL: SELECT * FROM `ast_banner2`  [ RunTime:0.0004s ]
SQL: SHOW COLUMNS FROM `ast_link2` [ RunTime:0.0044s ]
SQL: SELECT * FROM `ast_link2`  [ RunTime:0.0004s ]
SQL: SHOW COLUMNS FROM `ast_company2` [ RunTime:0.0040s ]
SQL: SHOW COLUMNS FROM `ast_article2` [ RunTime:0.0042s ]
SQL: SHOW COLUMNS FROM `ast_product2` [ RunTime:0.0041s ]
SQL: SHOW COLUMNS FROM `ast_procate2` [ RunTime:0.0039s ]
SQL: SELECT * FROM `ast_procate2`  [ RunTime:0.0003s ]
SQL: SELECT * FROM `ast_article2` WHERE `art_cateid` = 4 LIMIT 5   [ RunTime:0.0004s ]
SQL: SELECT * FROM `ast_article2` WHERE `art_cateid` = 5 LIMIT 3   [ RunTime:0.0003s ]
SQL: SELECT * FROM `ast_article2` ORDER BY art_addtime desc LIMIT 2,3   [ RunTime:0.0006s ]
SQL: SELECT * FROM `ast_article2` ORDER BY art_addtime desc LIMIT 1   [ RunTime:0.0004s ]
SQL: SELECT * FROM `ast_product2`  [ RunTime:0.0003s ]
SQL: SELECT * FROM `ast_company2`  [ RunTime:0.0002s ]
INFO: [ view_parse ] --START--
INFO: [ template_filter ] --START--
INFO: Run Behavior\ContentReplaceBehavior [ RunTime:0.000151s ]
INFO: [ template_filter ] --END-- [ RunTime:0.000239s ]
INFO: Run Behavior\ParseTemplateBehavior [ RunTime:0.018873s ]
INFO: [ view_parse ] --END-- [ RunTime:0.018974s ]
INFO: [ view_filter ] --START--
INFO: Run Behavior\WriteHtmlCacheBehavior [ RunTime:0.000746s ]
INFO: [ view_filter ] --END-- [ RunTime:0.000800s ]
INFO: [ app_end ] --START--
INFO: Run Behavior\ShowPageTraceBehavior [ RunTime:0.001528s ]
INFO: [ app_end ] --END-- [ RunTime:0.001630s ]

[ 2016-05-04T16:51:36+08:00 ] ::1 /index.php/Home2/Index
INFO: [ app_init ] --START--
INFO: Run Behavior\BuildLiteBehavior [ RunTime:0.000020s ]
INFO: [ app_init ] --END-- [ RunTime:0.000596s ]
INFO: [ app_begin ] --START--
INFO: Run Behavior\ReadHtmlCacheBehavior [ RunTime:0.001136s ]
INFO: [ app_begin ] --END-- [ RunTime:0.001208s ]
SQL: SHOW COLUMNS FROM `ast_banner2` [ RunTime:0.0046s ]
SQL: SELECT * FROM `ast_banner2`  [ RunTime:0.0004s ]
SQL: SHOW COLUMNS FROM `ast_link2` [ RunTime:0.0040s ]
SQL: SELECT * FROM `ast_link2`  [ RunTime:0.0003s ]
SQL: SHOW COLUMNS FROM `ast_company2` [ RunTime:0.0041s ]
SQL: SHOW COLUMNS FROM `ast_article2` [ RunTime:0.0046s ]
SQL: SHOW COLUMNS FROM `ast_product2` [ RunTime:0.0053s ]
SQL: SHOW COLUMNS FROM `ast_procate2` [ RunTime:0.0048s ]
SQL: SELECT * FROM `ast_procate2`  [ RunTime:0.0004s ]
SQL: SELECT * FROM `ast_article2` WHERE `art_cateid` = 4 LIMIT 5   [ RunTime:0.0004s ]
SQL: SELECT * FROM `ast_article2` WHERE `art_cateid` = 5 LIMIT 3   [ RunTime:0.0003s ]
SQL: SELECT * FROM `ast_article2` ORDER BY art_addtime desc LIMIT 2,3   [ RunTime:0.0005s ]
SQL: SELECT * FROM `ast_article2` ORDER BY art_addtime desc LIMIT 1   [ RunTime:0.0003s ]
SQL: SELECT * FROM `ast_product2`  [ RunTime:0.0005s ]
SQL: SELECT * FROM `ast_company2`  [ RunTime:0.0003s ]
INFO: [ view_parse ] --START--
INFO: [ template_filter ] --START--
INFO: Run Behavior\ContentReplaceBehavior [ RunTime:0.000130s ]
INFO: [ template_filter ] --END-- [ RunTime:0.000194s ]
INFO: Run Behavior\ParseTemplateBehavior [ RunTime:0.017309s ]
INFO: [ view_parse ] --END-- [ RunTime:0.017411s ]
INFO: [ view_filter ] --START--
INFO: Run Behavior\WriteHtmlCacheBehavior [ RunTime:0.000796s ]
INFO: [ view_filter ] --END-- [ RunTime:0.000865s ]
INFO: [ app_end ] --START--
INFO: Run Behavior\ShowPageTraceBehavior [ RunTime:0.001802s ]
INFO: [ app_end ] --END-- [ RunTime:0.001897s ]

[ 2016-05-04T16:51:49+08:00 ] ::1 /index.php/Home2/Index
INFO: [ app_init ] --START--
INFO: Run Behavior\BuildLiteBehavior [ RunTime:0.000018s ]
INFO: [ app_init ] --END-- [ RunTime:0.000667s ]
INFO: [ app_begin ] --START--
INFO: Run Behavior\ReadHtmlCacheBehavior [ RunTime:0.000873s ]
INFO: [ app_begin ] --END-- [ RunTime:0.000978s ]
SQL: SHOW COLUMNS FROM `ast_banner2` [ RunTime:0.0041s ]
SQL: SELECT * FROM `ast_banner2`  [ RunTime:0.0006s ]
SQL: SHOW COLUMNS FROM `ast_link2` [ RunTime:0.0055s ]
SQL: SELECT * FROM `ast_link2`  [ RunTime:0.0003s ]
SQL: SHOW COLUMNS FROM `ast_company2` [ RunTime:0.0044s ]
SQL: SHOW COLUMNS FROM `ast_article2` [ RunTime:0.0039s ]
SQL: SHOW COLUMNS FROM `ast_product2` [ RunTime:0.0042s ]
SQL: SHOW COLUMNS FROM `ast_procate2` [ RunTime:0.0037s ]
SQL: SELECT * FROM `ast_procate2`  [ RunTime:0.0003s ]
SQL: SELECT * FROM `ast_article2` WHERE `art_cateid` = 4 LIMIT 5   [ RunTime:0.0004s ]
SQL: SELECT * FROM `ast_article2` WHERE `art_cateid` = 5 LIMIT 3   [ RunTime:0.0003s ]
SQL: SELECT * FROM `ast_article2` ORDER BY art_addtime desc LIMIT 2,3   [ RunTime:0.0005s ]
SQL: SELECT * FROM `ast_article2` ORDER BY art_addtime desc LIMIT 1   [ RunTime:0.0003s ]
SQL: SELECT * FROM `ast_product2`  [ RunTime:0.0003s ]
SQL: SELECT * FROM `ast_company2`  [ RunTime:0.0002s ]
INFO: [ view_parse ] --START--
INFO: [ template_filter ] --START--
INFO: Run Behavior\ContentReplaceBehavior [ RunTime:0.000128s ]
INFO: [ template_filter ] --END-- [ RunTime:0.000193s ]
INFO: Run Behavior\ParseTemplateBehavior [ RunTime:0.018523s ]
INFO: [ view_parse ] --END-- [ RunTime:0.018591s ]
INFO: [ view_filter ] --START--
INFO: Run Behavior\WriteHtmlCacheBehavior [ RunTime:0.000496s ]
INFO: [ view_filter ] --END-- [ RunTime:0.000547s ]
INFO: [ app_end ] --START--
INFO: Run Behavior\ShowPageTraceBehavior [ RunTime:0.001544s ]
INFO: [ app_end ] --END-- [ RunTime:0.001630s ]

[ 2016-05-04T16:52:11+08:00 ] ::1 /index.php/Home2/Index/index
INFO: [ app_init ] --START--
INFO: Run Behavior\BuildLiteBehavior [ RunTime:0.000019s ]
INFO: [ app_init ] --END-- [ RunTime:0.000726s ]
INFO: [ app_begin ] --START--
INFO: Run Behavior\ReadHtmlCacheBehavior [ RunTime:0.001044s ]
INFO: [ app_begin ] --END-- [ RunTime:0.001109s ]
SQL: SHOW COLUMNS FROM `ast_banner2` [ RunTime:0.0041s ]
SQL: SELECT * FROM `ast_banner2`  [ RunTime:0.0004s ]
SQL: SHOW COLUMNS FROM `ast_link2` [ RunTime:0.0038s ]
SQL: SELECT * FROM `ast_link2`  [ RunTime:0.0003s ]
SQL: SHOW COLUMNS FROM `ast_company2` [ RunTime:0.0041s ]
SQL: SHOW COLUMNS FROM `ast_article2` [ RunTime:0.0044s ]
SQL: SHOW COLUMNS FROM `ast_product2` [ RunTime:0.0059s ]
SQL: SHOW COLUMNS FROM `ast_procate2` [ RunTime:0.0040s ]
SQL: SELECT * FROM `ast_procate2`  [ RunTime:0.0004s ]
SQL: SELECT * FROM `ast_article2` WHERE `art_cateid` = 4 LIMIT 5   [ RunTime:0.0005s ]
SQL: SELECT * FROM `ast_article2` WHERE `art_cateid` = 5 LIMIT 3   [ RunTime:0.0004s ]
SQL: SELECT * FROM `ast_article2` ORDER BY art_addtime desc LIMIT 2,3   [ RunTime:0.0005s ]
SQL: SELECT * FROM `ast_article2` ORDER BY art_addtime desc LIMIT 1   [ RunTime:0.0004s ]
SQL: SELECT * FROM `ast_product2`  [ RunTime:0.0004s ]
SQL: SELECT * FROM `ast_company2`  [ RunTime:0.0002s ]
INFO: [ view_parse ] --START--
INFO: [ template_filter ] --START--
INFO: Run Behavior\ContentReplaceBehavior [ RunTime:0.000131s ]
INFO: [ template_filter ] --END-- [ RunTime:0.000195s ]
INFO: Run Behavior\ParseTemplateBehavior [ RunTime:0.018673s ]
INFO: [ view_parse ] --END-- [ RunTime:0.018761s ]
INFO: [ view_filter ] --START--
INFO: Run Behavior\WriteHtmlCacheBehavior [ RunTime:0.000869s ]
INFO: [ view_filter ] --END-- [ RunTime:0.000931s ]
INFO: [ app_end ] --START--
INFO: Run Behavior\ShowPageTraceBehavior [ RunTime:0.001769s ]
INFO: [ app_end ] --END-- [ RunTime:0.001867s ]

[ 2016-05-04T16:52:12+08:00 ] ::1 /index.php/Home2/Index/index
INFO: [ app_init ] --START--
INFO: Run Behavior\BuildLiteBehavior [ RunTime:0.000018s ]
INFO: [ app_init ] --END-- [ RunTime:0.000476s ]
INFO: [ app_begin ] --START--
INFO: Run Behavior\ReadHtmlCacheBehavior [ RunTime:0.000800s ]
INFO: [ app_begin ] --END-- [ RunTime:0.000870s ]
SQL: SHOW COLUMNS FROM `ast_banner2` [ RunTime:0.0043s ]
SQL: SELECT * FROM `ast_banner2`  [ RunTime:0.0004s ]
SQL: SHOW COLUMNS FROM `ast_link2` [ RunTime:0.0041s ]
SQL: SELECT * FROM `ast_link2`  [ RunTime:0.0003s ]
SQL: SHOW COLUMNS FROM `ast_company2` [ RunTime:0.0048s ]
SQL: SHOW COLUMNS FROM `ast_article2` [ RunTime:0.0049s ]
SQL: SHOW COLUMNS FROM `ast_product2` [ RunTime:0.0045s ]
SQL: SHOW COLUMNS FROM `ast_procate2` [ RunTime:0.0048s ]
SQL: SELECT * FROM `ast_procate2`  [ RunTime:0.0004s ]
SQL: SELECT * FROM `ast_article2` WHERE `art_cateid` = 4 LIMIT 5   [ RunTime:0.0005s ]
SQL: SELECT * FROM `ast_article2` WHERE `art_cateid` = 5 LIMIT 3   [ RunTime:0.0005s ]
SQL: SELECT * FROM `ast_article2` ORDER BY art_addtime desc LIMIT 2,3   [ RunTime:0.0006s ]
SQL: SELECT * FROM `ast_article2` ORDER BY art_addtime desc LIMIT 1   [ RunTime:0.0003s ]
SQL: SELECT * FROM `ast_product2`  [ RunTime:0.0003s ]
SQL: SELECT * FROM `ast_company2`  [ RunTime:0.0002s ]
INFO: [ view_parse ] --START--
INFO: [ template_filter ] --START--
INFO: Run Behavior\ContentReplaceBehavior [ RunTime:0.000128s ]
INFO: [ template_filter ] --END-- [ RunTime:0.000190s ]
INFO: Run Behavior\ParseTemplateBehavior [ RunTime:0.015131s ]
INFO: [ view_parse ] --END-- [ RunTime:0.015199s ]
INFO: [ view_filter ] --START--
INFO: Run Behavior\WriteHtmlCacheBehavior [ RunTime:0.000502s ]
INFO: [ view_filter ] --END-- [ RunTime:0.000553s ]
INFO: [ app_end ] --START--
INFO: Run Behavior\ShowPageTraceBehavior [ RunTime:0.001025s ]
INFO: [ app_end ] --END-- [ RunTime:0.001107s ]

[ 2016-05-04T17:21:54+08:00 ] ::1 /index.php/Home2/Index
INFO: [ app_init ] --START--
INFO: Run Behavior\BuildLiteBehavior [ RunTime:0.000021s ]
INFO: [ app_init ] --END-- [ RunTime:0.000729s ]
INFO: [ app_begin ] --START--
INFO: Run Behavior\ReadHtmlCacheBehavior [ RunTime:0.001321s ]
INFO: [ app_begin ] --END-- [ RunTime:0.001484s ]
SQL: SHOW COLUMNS FROM `ast_banner2` [ RunTime:0.0043s ]
SQL: SELECT * FROM `ast_banner2`  [ RunTime:0.0004s ]
SQL: SHOW COLUMNS FROM `ast_link2` [ RunTime:0.0038s ]
SQL: SELECT * FROM `ast_link2`  [ RunTime:0.0003s ]
SQL: SHOW COLUMNS FROM `ast_company2` [ RunTime:0.0052s ]
SQL: SHOW COLUMNS FROM `ast_article2` [ RunTime:0.0045s ]
SQL: SHOW COLUMNS FROM `ast_product2` [ RunTime:0.0040s ]
SQL: SHOW COLUMNS FROM `ast_procate2` [ RunTime:0.0037s ]
SQL: SELECT * FROM `ast_procate2`  [ RunTime:0.0004s ]
SQL: SELECT * FROM `ast_article2` WHERE `art_cateid` = 4 LIMIT 5   [ RunTime:0.0005s ]
SQL: SELECT * FROM `ast_article2` WHERE `art_cateid` = 5 LIMIT 3   [ RunTime:0.0004s ]
SQL: SELECT * FROM `ast_article2` ORDER BY art_addtime desc LIMIT 2,3   [ RunTime:0.0005s ]
SQL: SELECT * FROM `ast_article2` ORDER BY art_addtime desc LIMIT 1   [ RunTime:0.0003s ]
SQL: SELECT * FROM `ast_product2`  [ RunTime:0.0004s ]
SQL: SELECT * FROM `ast_company2`  [ RunTime:0.0002s ]
INFO: [ view_parse ] --START--
INFO: [ template_filter ] --START--
INFO: Run Behavior\ContentReplaceBehavior [ RunTime:0.000150s ]
INFO: [ template_filter ] --END-- [ RunTime:0.000214s ]
INFO: Run Behavior\ParseTemplateBehavior [ RunTime:0.018331s ]
INFO: [ view_parse ] --END-- [ RunTime:0.018423s ]
INFO: [ view_filter ] --START--
INFO: Run Behavior\WriteHtmlCacheBehavior [ RunTime:0.001024s ]
INFO: [ view_filter ] --END-- [ RunTime:0.001086s ]
INFO: [ app_end ] --START--
INFO: Run Behavior\ShowPageTraceBehavior [ RunTime:0.001920s ]
INFO: [ app_end ] --END-- [ RunTime:0.002016s ]

[ 2016-05-04T17:22:01+08:00 ] ::1 /index.php/Home2/News/index
INFO: [ app_init ] --START--
INFO: Run Behavior\BuildLiteBehavior [ RunTime:0.000017s ]
INFO: [ app_init ] --END-- [ RunTime:0.000588s ]
INFO: [ app_begin ] --START--
INFO: Run Behavior\ReadHtmlCacheBehavior [ RunTime:0.001387s ]
INFO: [ app_begin ] --END-- [ RunTime:0.001494s ]
SQL: SHOW COLUMNS FROM `ast_banner2` [ RunTime:0.0038s ]
SQL: SELECT * FROM `ast_banner2`  [ RunTime:0.0003s ]
SQL: SHOW COLUMNS FROM `ast_link2` [ RunTime:0.0038s ]
SQL: SELECT * FROM `ast_link2`  [ RunTime:0.0002s ]
SQL: SHOW COLUMNS FROM `ast_article2` [ RunTime:0.0040s ]
SQL: SELECT * FROM `ast_article2`  [ RunTime:0.0006s ]
SQL: SHOW COLUMNS FROM `ast_artcate2` [ RunTime:0.0045s ]
SQL: SELECT * FROM `ast_artcate2`  [ RunTime:0.0003s ]
NOTIC: [8] Undefined index: id C:\xampp\htdocs\aiston\Application\Home2\Controller\NewsController.class.php 第 29 行.
SQL: SELECT * FROM `ast_article2` LIMIT 0,5   [ RunTime:0.0007s ]
NOTIC: [8] Undefined variable: catename C:\xampp\htdocs\aiston\Application\Home2\Controller\NewsController.class.php 第 39 行.
INFO: [ view_parse ] --START--
INFO: [ template_filter ] --START--
INFO: Run Behavior\ContentReplaceBehavior [ RunTime:0.000105s ]
INFO: [ template_filter ] --END-- [ RunTime:0.000181s ]
NOTIC: [8] Undefined index: p C:\xampp\htdocs\aiston\Application\Runtime\Cache\Home2\e0bcf2b5205f214a6e5e537286a38d22.php 第 80 行.
NOTIC: [8] Undefined index: p C:\xampp\htdocs\aiston\Application\Runtime\Cache\Home2\e0bcf2b5205f214a6e5e537286a38d22.php 第 87 行.
NOTIC: [8] Undefined index: p C:\xampp\htdocs\aiston\Application\Runtime\Cache\Home2\e0bcf2b5205f214a6e5e537286a38d22.php 第 87 行.
INFO: Run Behavior\ParseTemplateBehavior [ RunTime:0.015425s ]
INFO: [ view_parse ] --END-- [ RunTime:0.015505s ]
INFO: [ view_filter ] --START--
INFO: Run Behavior\WriteHtmlCacheBehavior [ RunTime:0.000679s ]
INFO: [ view_filter ] --END-- [ RunTime:0.000729s ]
INFO: [ app_end ] --START--
INFO: Run Behavior\ShowPageTraceBehavior [ RunTime:0.000926s ]
INFO: [ app_end ] --END-- [ RunTime:0.000983s ]

[ 2016-05-04T17:30:29+08:00 ] ::1 /index.php/Home2/Index
INFO: [ app_init ] --START--
INFO: Run Behavior\BuildLiteBehavior [ RunTime:0.000019s ]
INFO: [ app_init ] --END-- [ RunTime:0.000665s ]
INFO: [ app_begin ] --START--
INFO: Run Behavior\ReadHtmlCacheBehavior [ RunTime:0.001282s ]
INFO: [ app_begin ] --END-- [ RunTime:0.001376s ]
SQL: SHOW COLUMNS FROM `ast_banner2` [ RunTime:0.0044s ]
SQL: SELECT * FROM `ast_banner2`  [ RunTime:0.0004s ]
SQL: SHOW COLUMNS FROM `ast_link2` [ RunTime:0.0038s ]
SQL: SELECT * FROM `ast_link2`  [ RunTime:0.0003s ]
SQL: SHOW COLUMNS FROM `ast_company2` [ RunTime:0.0041s ]
SQL: SHOW COLUMNS FROM `ast_article2` [ RunTime:0.0042s ]
SQL: SHOW COLUMNS FROM `ast_product2` [ RunTime:0.0045s ]
SQL: SHOW COLUMNS FROM `ast_procate2` [ RunTime:0.0053s ]
SQL: SELECT * FROM `ast_procate2`  [ RunTime:0.0004s ]
SQL: SELECT * FROM `ast_article2` WHERE `art_cateid` = 4 LIMIT 5   [ RunTime:0.0004s ]
SQL: SELECT * FROM `ast_article2` WHERE `art_cateid` = 5 LIMIT 3   [ RunTime:0.0003s ]
SQL: SELECT * FROM `ast_article2` ORDER BY art_addtime desc LIMIT 2,3   [ RunTime:0.0011s ]
SQL: SELECT * FROM `ast_article2` ORDER BY art_addtime desc LIMIT 1   [ RunTime:0.0006s ]
SQL: SELECT * FROM `ast_product2`  [ RunTime:0.0005s ]
SQL: SELECT * FROM `ast_company2`  [ RunTime:0.0002s ]
INFO: [ view_parse ] --START--
INFO: [ template_filter ] --START--
INFO: Run Behavior\ContentReplaceBehavior [ RunTime:0.000171s ]
INFO: [ template_filter ] --END-- [ RunTime:0.000265s ]
INFO: Run Behavior\ParseTemplateBehavior [ RunTime:0.017305s ]
INFO: [ view_parse ] --END-- [ RunTime:0.017399s ]
INFO: [ view_filter ] --START--
INFO: Run Behavior\WriteHtmlCacheBehavior [ RunTime:0.000676s ]
INFO: [ view_filter ] --END-- [ RunTime:0.000727s ]
INFO: [ app_end ] --START--
INFO: Run Behavior\ShowPageTraceBehavior [ RunTime:0.001684s ]
INFO: [ app_end ] --END-- [ RunTime:0.001787s ]

