[ 2016-03-24T22:11:11+08:00 ] ::1 /index.php/Home2/Index
INFO: [ app_init ] --START--
INFO: Run Behavior\BuildLiteBehavior [ RunTime:0.000017s ]
INFO: [ app_init ] --END-- [ RunTime:0.000459s ]
INFO: [ app_begin ] --START--
INFO: Run Behavior\ReadHtmlCacheBehavior [ RunTime:0.000764s ]
INFO: [ app_begin ] --END-- [ RunTime:0.000833s ]
SQL: SHOW COLUMNS FROM `ast_banner2` [ RunTime:0.0077s ]
SQL: SELECT * FROM `ast_banner2`  [ RunTime:0.0006s ]
SQL: SHOW COLUMNS FROM `ast_link2` [ RunTime:0.0063s ]
SQL: SELECT * FROM `ast_link2`  [ RunTime:0.0003s ]
SQL: SHOW COLUMNS FROM `ast_company2` [ RunTime:0.0181s ]
SQL: SHOW COLUMNS FROM `ast_article2` [ RunTime:0.0076s ]
SQL: SHOW COLUMNS FROM `ast_product2` [ RunTime:0.0058s ]
SQL: SHOW COLUMNS FROM `ast_procate2` [ RunTime:0.0065s ]
SQL: SELECT * FROM `ast_procate2`  [ RunTime:0.0007s ]
SQL: SELECT * FROM `ast_article2` WHERE `art_cateid` = 4 LIMIT 5   [ RunTime:0.0009s ]
SQL: SELECT * FROM `ast_article2` WHERE `art_cateid` = 5 LIMIT 3   [ RunTime:0.0005s ]
SQL: SELECT * FROM `ast_article2` ORDER BY art_addtime desc LIMIT 2,3   [ RunTime:0.0008s ]
SQL: SELECT * FROM `ast_article2` ORDER BY art_addtime desc LIMIT 1   [ RunTime:0.0006s ]
SQL: SELECT * FROM `ast_product2`  [ RunTime:0.0008s ]
SQL: SELECT * FROM `ast_company2`  [ RunTime:0.0005s ]
INFO: [ view_parse ] --START--
INFO: [ template_filter ] --START--
INFO: Run Behavior\ContentReplaceBehavior [ RunTime:0.000157s ]
INFO: [ template_filter ] --END-- [ RunTime:0.000244s ]
INFO: Run Behavior\ParseTemplateBehavior [ RunTime:0.017078s ]
INFO: [ view_parse ] --END-- [ RunTime:0.017152s ]
INFO: [ view_filter ] --START--
INFO: Run Behavior\WriteHtmlCacheBehavior [ RunTime:0.000486s ]
INFO: [ view_filter ] --END-- [ RunTime:0.000538s ]
INFO: [ app_end ] --START--
INFO: Run Behavior\ShowPageTraceBehavior [ RunTime:0.000991s ]
INFO: [ app_end ] --END-- [ RunTime:0.001072s ]

