[ 2016-04-09T21:52:51+08:00 ] ::1 /index.php/Home2/Index
INFO: [ app_init ] --START--
INFO: Run Behavior\BuildLiteBehavior [ RunTime:0.000016s ]
INFO: [ app_init ] --END-- [ RunTime:0.000565s ]
INFO: [ app_begin ] --START--
INFO: Run Behavior\ReadHtmlCacheBehavior [ RunTime:0.001139s ]
INFO: [ app_begin ] --END-- [ RunTime:0.001202s ]
SQL: SHOW COLUMNS FROM `ast_banner2` [ RunTime:0.0038s ]
SQL: SELECT * FROM `ast_banner2`  [ RunTime:0.0005s ]
SQL: SHOW COLUMNS FROM `ast_link2` [ RunTime:0.0041s ]
SQL: SELECT * FROM `ast_link2`  [ RunTime:0.0004s ]
SQL: SHOW COLUMNS FROM `ast_company2` [ RunTime:0.0039s ]
SQL: SHOW COLUMNS FROM `ast_article2` [ RunTime:0.0039s ]
SQL: SHOW COLUMNS FROM `ast_product2` [ RunTime:0.0049s ]
SQL: SHOW COLUMNS FROM `ast_procate2` [ RunTime:0.0041s ]
SQL: SELECT * FROM `ast_procate2`  [ RunTime:0.0004s ]
SQL: SELECT * FROM `ast_article2` WHERE `art_cateid` = 4 LIMIT 5   [ RunTime:0.0008s ]
SQL: SELECT * FROM `ast_article2` WHERE `art_cateid` = 5 LIMIT 3   [ RunTime:0.0003s ]
SQL: SELECT * FROM `ast_article2` ORDER BY art_addtime desc LIMIT 2,3   [ RunTime:0.0005s ]
SQL: SELECT * FROM `ast_article2` ORDER BY art_addtime desc LIMIT 1   [ RunTime:0.0003s ]
SQL: SELECT * FROM `ast_product2`  [ RunTime:0.0006s ]
SQL: SELECT * FROM `ast_company2`  [ RunTime:0.0002s ]
INFO: [ view_parse ] --START--
INFO: [ template_filter ] --START--
INFO: Run Behavior\ContentReplaceBehavior [ RunTime:0.000127s ]
INFO: [ template_filter ] --END-- [ RunTime:0.000192s ]
INFO: Run Behavior\ParseTemplateBehavior [ RunTime:0.018485s ]
INFO: [ view_parse ] --END-- [ RunTime:0.018568s ]
INFO: [ view_filter ] --START--
INFO: Run Behavior\WriteHtmlCacheBehavior [ RunTime:0.001311s ]
INFO: [ view_filter ] --END-- [ RunTime:0.001415s ]
INFO: [ app_end ] --START--
INFO: Run Behavior\ShowPageTraceBehavior [ RunTime:0.002009s ]
INFO: [ app_end ] --END-- [ RunTime:0.002172s ]

