[ 2016-05-03T13:34:37+08:00 ] ::1 /index.php/Home2/Index
INFO: [ app_init ] --START--
INFO: Run Behavior\BuildLiteBehavior [ RunTime:0.000026s ]
INFO: [ app_init ] --END-- [ RunTime:0.000656s ]
INFO: [ app_begin ] --START--
INFO: Run Behavior\ReadHtmlCacheBehavior [ RunTime:0.001239s ]
INFO: [ app_begin ] --END-- [ RunTime:0.001364s ]
SQL: SHOW COLUMNS FROM `ast_banner2` [ RunTime:0.0060s ]
SQL: SELECT * FROM `ast_banner2`  [ RunTime:0.0004s ]
SQL: SHOW COLUMNS FROM `ast_link2` [ RunTime:0.0045s ]
SQL: SELECT * FROM `ast_link2`  [ RunTime:0.0005s ]
SQL: SHOW COLUMNS FROM `ast_company2` [ RunTime:0.0205s ]
SQL: SHOW COLUMNS FROM `ast_article2` [ RunTime:0.0059s ]
SQL: SHOW COLUMNS FROM `ast_product2` [ RunTime:0.0060s ]
SQL: SHOW COLUMNS FROM `ast_procate2` [ RunTime:0.0084s ]
SQL: SELECT * FROM `ast_procate2`  [ RunTime:0.0005s ]
SQL: SELECT * FROM `ast_article2` WHERE `art_cateid` = 4 LIMIT 5   [ RunTime:0.0010s ]
SQL: SELECT * FROM `ast_article2` WHERE `art_cateid` = 5 LIMIT 3   [ RunTime:0.0004s ]
SQL: SELECT * FROM `ast_article2` ORDER BY art_addtime desc LIMIT 2,3   [ RunTime:0.0006s ]
SQL: SELECT * FROM `ast_article2` ORDER BY art_addtime desc LIMIT 1   [ RunTime:0.0004s ]
SQL: SELECT * FROM `ast_product2`  [ RunTime:0.0007s ]
SQL: SELECT * FROM `ast_company2`  [ RunTime:0.0002s ]
INFO: [ view_parse ] --START--
INFO: [ template_filter ] --START--
INFO: Run Behavior\ContentReplaceBehavior [ RunTime:0.000130s ]
INFO: [ template_filter ] --END-- [ RunTime:0.000196s ]
INFO: Run Behavior\ParseTemplateBehavior [ RunTime:0.022387s ]
INFO: [ view_parse ] --END-- [ RunTime:0.022503s ]
INFO: [ view_filter ] --START--
INFO: Run Behavior\WriteHtmlCacheBehavior [ RunTime:0.000903s ]
INFO: [ view_filter ] --END-- [ RunTime:0.000987s ]
INFO: [ app_end ] --START--
INFO: Run Behavior\ShowPageTraceBehavior [ RunTime:0.002740s ]
INFO: [ app_end ] --END-- [ RunTime:0.002861s ]

[ 2016-05-03T16:40:16+08:00 ] ::1 /index.php/Home2/Index
INFO: [ app_init ] --START--
INFO: Run Behavior\BuildLiteBehavior [ RunTime:0.000017s ]
INFO: [ app_init ] --END-- [ RunTime:0.000657s ]
INFO: [ app_begin ] --START--
INFO: Run Behavior\ReadHtmlCacheBehavior [ RunTime:0.002270s ]
INFO: [ app_begin ] --END-- [ RunTime:0.002408s ]
SQL: SHOW COLUMNS FROM `ast_banner2` [ RunTime:0.0041s ]
SQL: SELECT * FROM `ast_banner2`  [ RunTime:0.0003s ]
SQL: SHOW COLUMNS FROM `ast_link2` [ RunTime:0.0056s ]
SQL: SELECT * FROM `ast_link2`  [ RunTime:0.0008s ]
SQL: SHOW COLUMNS FROM `ast_company2` [ RunTime:0.0057s ]
SQL: SHOW COLUMNS FROM `ast_article2` [ RunTime:0.0049s ]
SQL: SHOW COLUMNS FROM `ast_product2` [ RunTime:0.0060s ]
SQL: SHOW COLUMNS FROM `ast_procate2` [ RunTime:0.0048s ]
SQL: SELECT * FROM `ast_procate2`  [ RunTime:0.0004s ]
SQL: SELECT * FROM `ast_article2` WHERE `art_cateid` = 4 LIMIT 5   [ RunTime:0.0004s ]
SQL: SELECT * FROM `ast_article2` WHERE `art_cateid` = 5 LIMIT 3   [ RunTime:0.0003s ]
SQL: SELECT * FROM `ast_article2` ORDER BY art_addtime desc LIMIT 2,3   [ RunTime:0.0007s ]
SQL: SELECT * FROM `ast_article2` ORDER BY art_addtime desc LIMIT 1   [ RunTime:0.0004s ]
SQL: SELECT * FROM `ast_product2`  [ RunTime:0.0004s ]
SQL: SELECT * FROM `ast_company2`  [ RunTime:0.0005s ]
INFO: [ view_parse ] --START--
INFO: [ template_filter ] --START--
INFO: Run Behavior\ContentReplaceBehavior [ RunTime:0.000179s ]
INFO: [ template_filter ] --END-- [ RunTime:0.000270s ]
INFO: Run Behavior\ParseTemplateBehavior [ RunTime:0.023738s ]
INFO: [ view_parse ] --END-- [ RunTime:0.023836s ]
INFO: [ view_filter ] --START--
INFO: Run Behavior\WriteHtmlCacheBehavior [ RunTime:0.001476s ]
INFO: [ view_filter ] --END-- [ RunTime:0.001549s ]
INFO: [ app_end ] --START--
INFO: Run Behavior\ShowPageTraceBehavior [ RunTime:0.005888s ]
INFO: [ app_end ] --END-- [ RunTime:0.006020s ]

[ 2016-05-03T17:30:56+08:00 ] ::1 /index.php/Home2/Index
INFO: [ app_init ] --START--
INFO: Run Behavior\BuildLiteBehavior [ RunTime:0.000016s ]
INFO: [ app_init ] --END-- [ RunTime:0.000474s ]
INFO: [ app_begin ] --START--
INFO: Run Behavior\ReadHtmlCacheBehavior [ RunTime:0.000766s ]
INFO: [ app_begin ] --END-- [ RunTime:0.000832s ]
SQL: SHOW COLUMNS FROM `ast_banner2` [ RunTime:0.0041s ]
SQL: SELECT * FROM `ast_banner2`  [ RunTime:0.0004s ]
SQL: SHOW COLUMNS FROM `ast_link2` [ RunTime:0.0055s ]
SQL: SELECT * FROM `ast_link2`  [ RunTime:0.0004s ]
SQL: SHOW COLUMNS FROM `ast_company2` [ RunTime:0.0047s ]
SQL: SHOW COLUMNS FROM `ast_article2` [ RunTime:0.0047s ]
SQL: SHOW COLUMNS FROM `ast_product2` [ RunTime:0.0069s ]
SQL: SHOW COLUMNS FROM `ast_procate2` [ RunTime:0.0045s ]
SQL: SELECT * FROM `ast_procate2`  [ RunTime:0.0004s ]
SQL: SELECT * FROM `ast_article2` WHERE `art_cateid` = 4 LIMIT 5   [ RunTime:0.0004s ]
SQL: SELECT * FROM `ast_article2` WHERE `art_cateid` = 5 LIMIT 3   [ RunTime:0.0003s ]
SQL: SELECT * FROM `ast_article2` ORDER BY art_addtime desc LIMIT 2,3   [ RunTime:0.0005s ]
SQL: SELECT * FROM `ast_article2` ORDER BY art_addtime desc LIMIT 1   [ RunTime:0.0003s ]
SQL: SELECT * FROM `ast_product2`  [ RunTime:0.0003s ]
SQL: SELECT * FROM `ast_company2`  [ RunTime:0.0003s ]
INFO: [ view_parse ] --START--
INFO: [ template_filter ] --START--
INFO: Run Behavior\ContentReplaceBehavior [ RunTime:0.000194s ]
INFO: [ template_filter ] --END-- [ RunTime:0.000303s ]
INFO: Run Behavior\ParseTemplateBehavior [ RunTime:0.021899s ]
INFO: [ view_parse ] --END-- [ RunTime:0.022023s ]
INFO: [ view_filter ] --START--
INFO: Run Behavior\WriteHtmlCacheBehavior [ RunTime:0.000797s ]
INFO: [ view_filter ] --END-- [ RunTime:0.000879s ]
INFO: [ app_end ] --START--
INFO: Run Behavior\ShowPageTraceBehavior [ RunTime:0.001683s ]
INFO: [ app_end ] --END-- [ RunTime:0.001789s ]

