[ 2016-03-26T10:07:55+08:00 ] ::1 /index.php/Home2/Contact/index
INFO: [ app_init ] --START--
INFO: Run Behavior\BuildLiteBehavior [ RunTime:0.000025s ]
INFO: [ app_init ] --END-- [ RunTime:0.001079s ]
INFO: [ app_begin ] --START--
INFO: Run Behavior\ReadHtmlCacheBehavior [ RunTime:0.001560s ]
INFO: [ app_begin ] --END-- [ RunTime:0.001669s ]
SQL: SHOW COLUMNS FROM `ast_banner2` [ RunTime:0.0054s ]
SQL: SELECT * FROM `ast_banner2`  [ RunTime:0.0006s ]
SQL: SHOW COLUMNS FROM `ast_link2` [ RunTime:0.0040s ]
SQL: SELECT * FROM `ast_link2`  [ RunTime:0.0004s ]
SQL: SHOW COLUMNS FROM `ast_company2` [ RunTime:0.0043s ]
SQL: SELECT * FROM `ast_company2` WHERE `c_id` = 2  [ RunTime:0.0005s ]
INFO: [ view_parse ] --START--
INFO: [ template_filter ] --START--
INFO: Run Behavior\ContentReplaceBehavior [ RunTime:0.000112s ]
INFO: [ template_filter ] --END-- [ RunTime:0.000218s ]
INFO: Run Behavior\ParseTemplateBehavior [ RunTime:0.016457s ]
INFO: [ view_parse ] --END-- [ RunTime:0.016616s ]
INFO: [ view_filter ] --START--
INFO: Run Behavior\WriteHtmlCacheBehavior [ RunTime:0.002293s ]
INFO: [ view_filter ] --END-- [ RunTime:0.002406s ]
INFO: [ app_end ] --START--
INFO: Run Behavior\ShowPageTraceBehavior [ RunTime:0.001856s ]
INFO: [ app_end ] --END-- [ RunTime:0.001951s ]

[ 2016-03-26T10:08:07+08:00 ] ::1 /index.php/Home2/Contact/index
INFO: [ app_init ] --START--
INFO: Run Behavior\BuildLiteBehavior [ RunTime:0.000027s ]
INFO: [ app_init ] --END-- [ RunTime:0.000869s ]
INFO: [ app_begin ] --START--
INFO: Run Behavior\ReadHtmlCacheBehavior [ RunTime:0.001416s ]
INFO: [ app_begin ] --END-- [ RunTime:0.001523s ]
SQL: SHOW COLUMNS FROM `ast_banner2` [ RunTime:0.0040s ]
SQL: SELECT * FROM `ast_banner2`  [ RunTime:0.0004s ]
SQL: SHOW COLUMNS FROM `ast_link2` [ RunTime:0.0041s ]
SQL: SELECT * FROM `ast_link2`  [ RunTime:0.0004s ]
SQL: SHOW COLUMNS FROM `ast_company2` [ RunTime:0.0075s ]
SQL: SELECT * FROM `ast_company2` WHERE `c_id` = 2  [ RunTime:0.0003s ]
INFO: [ view_parse ] --START--
INFO: [ template_filter ] --START--
INFO: Run Behavior\ContentReplaceBehavior [ RunTime:0.000102s ]
INFO: [ template_filter ] --END-- [ RunTime:0.000186s ]
INFO: Run Behavior\ParseTemplateBehavior [ RunTime:0.015245s ]
INFO: [ view_parse ] --END-- [ RunTime:0.015360s ]
INFO: [ view_filter ] --START--
INFO: Run Behavior\WriteHtmlCacheBehavior [ RunTime:0.001327s ]
INFO: [ view_filter ] --END-- [ RunTime:0.001399s ]
INFO: [ app_end ] --START--
INFO: Run Behavior\ShowPageTraceBehavior [ RunTime:0.001162s ]
INFO: [ app_end ] --END-- [ RunTime:0.001224s ]

[ 2016-03-26T10:11:51+08:00 ] ::1 /index.php/Home2/Index
INFO: [ app_init ] --START--
INFO: Run Behavior\BuildLiteBehavior [ RunTime:0.000024s ]
INFO: [ app_init ] --END-- [ RunTime:0.000793s ]
INFO: [ app_begin ] --START--
INFO: Run Behavior\ReadHtmlCacheBehavior [ RunTime:0.002051s ]
INFO: [ app_begin ] --END-- [ RunTime:0.002184s ]
SQL: SHOW COLUMNS FROM `ast_banner2` [ RunTime:0.0057s ]
SQL: SELECT * FROM `ast_banner2`  [ RunTime:0.0007s ]
SQL: SHOW COLUMNS FROM `ast_link2` [ RunTime:0.0053s ]
SQL: SELECT * FROM `ast_link2`  [ RunTime:0.0003s ]
SQL: SHOW COLUMNS FROM `ast_company2` [ RunTime:0.0041s ]
SQL: SHOW COLUMNS FROM `ast_article2` [ RunTime:0.0064s ]
SQL: SHOW COLUMNS FROM `ast_product2` [ RunTime:0.0055s ]
SQL: SHOW COLUMNS FROM `ast_procate2` [ RunTime:0.0088s ]
SQL: SELECT * FROM `ast_procate2`  [ RunTime:0.0010s ]
SQL: SELECT * FROM `ast_article2` WHERE `art_cateid` = 4 LIMIT 5   [ RunTime:0.0011s ]
SQL: SELECT * FROM `ast_article2` WHERE `art_cateid` = 5 LIMIT 3   [ RunTime:0.0006s ]
SQL: SELECT * FROM `ast_article2` ORDER BY art_addtime desc LIMIT 2,3   [ RunTime:0.0008s ]
SQL: SELECT * FROM `ast_article2` ORDER BY art_addtime desc LIMIT 1   [ RunTime:0.0008s ]
SQL: SELECT * FROM `ast_product2`  [ RunTime:0.0012s ]
SQL: SELECT * FROM `ast_company2`  [ RunTime:0.0004s ]
INFO: [ view_parse ] --START--
INFO: [ template_filter ] --START--
INFO: Run Behavior\ContentReplaceBehavior [ RunTime:0.000136s ]
INFO: [ template_filter ] --END-- [ RunTime:0.000225s ]
INFO: Run Behavior\ParseTemplateBehavior [ RunTime:0.030820s ]
INFO: [ view_parse ] --END-- [ RunTime:0.030944s ]
INFO: [ view_filter ] --START--
INFO: Run Behavior\WriteHtmlCacheBehavior [ RunTime:0.001397s ]
INFO: [ view_filter ] --END-- [ RunTime:0.001526s ]
INFO: [ app_end ] --START--
INFO: Run Behavior\ShowPageTraceBehavior [ RunTime:0.002297s ]
INFO: [ app_end ] --END-- [ RunTime:0.002480s ]

