[ 2016-05-05T16:34:25+08:00 ] ::1 /index.php/Home5/Index
INFO: [ app_init ] --START--
INFO: Run Behavior\BuildLiteBehavior [ RunTime:0.000028s ]
INFO: [ app_init ] --END-- [ RunTime:0.001185s ]
INFO: [ app_begin ] --START--
INFO: Run Behavior\ReadHtmlCacheBehavior [ RunTime:0.003005s ]
INFO: [ app_begin ] --END-- [ RunTime:0.003134s ]
SQL: SHOW COLUMNS FROM `ast_banner5` [ RunTime:0.0082s ]
SQL: SELECT * FROM `ast_banner5`  [ RunTime:0.0004s ]
SQL: SHOW COLUMNS FROM `ast_link5` [ RunTime:0.0084s ]
SQL: SELECT * FROM `ast_link5`  [ RunTime:0.0006s ]
SQL: SHOW COLUMNS FROM `ast_company5` [ RunTime:0.0212s ]
SQL: SHOW COLUMNS FROM `ast_article5` [ RunTime:0.0070s ]
SQL: SHOW COLUMNS FROM `ast_product5` [ RunTime:0.0091s ]
SQL: SHOW COLUMNS FROM `ast_procate5` [ RunTime:0.0062s ]
SQL: SELECT * FROM `ast_procate5`  [ RunTime:0.0006s ]
SQL: SELECT * FROM `ast_article5` WHERE `art_cateid` = 4 LIMIT 5   [ RunTime:0.0010s ]
SQL: SELECT * FROM `ast_article5` WHERE `art_cateid` = 5 LIMIT 3   [ RunTime:0.0007s ]
SQL: SELECT * FROM `ast_article5` ORDER BY art_addtime desc LIMIT 2,3   [ RunTime:0.0007s ]
SQL: SELECT * FROM `ast_article5` ORDER BY art_addtime desc LIMIT 1   [ RunTime:0.0003s ]
SQL: SELECT * FROM `ast_product5`  [ RunTime:0.0010s ]
SQL: SELECT * FROM `ast_company5`  [ RunTime:0.0003s ]
INFO: [ view_parse ] --START--
INFO: [ template_filter ] --START--
INFO: Run Behavior\ContentReplaceBehavior [ RunTime:0.000153s ]
INFO: [ template_filter ] --END-- [ RunTime:0.000224s ]
INFO: Run Behavior\ParseTemplateBehavior [ RunTime:0.028588s ]
INFO: [ view_parse ] --END-- [ RunTime:0.028706s ]
INFO: [ view_filter ] --START--
INFO: Run Behavior\WriteHtmlCacheBehavior [ RunTime:0.002849s ]
INFO: [ view_filter ] --END-- [ RunTime:0.002943s ]
INFO: [ app_end ] --START--
INFO: Run Behavior\ShowPageTraceBehavior [ RunTime:0.005129s ]
INFO: [ app_end ] --END-- [ RunTime:0.005229s ]

[ 2016-05-05T16:34:37+08:00 ] ::1 /index.php/Home5/Index
INFO: [ app_init ] --START--
INFO: Run Behavior\BuildLiteBehavior [ RunTime:0.000017s ]
INFO: [ app_init ] --END-- [ RunTime:0.000568s ]
INFO: [ app_begin ] --START--
INFO: Run Behavior\ReadHtmlCacheBehavior [ RunTime:0.001299s ]
INFO: [ app_begin ] --END-- [ RunTime:0.001391s ]
SQL: SHOW COLUMNS FROM `ast_banner5` [ RunTime:0.0045s ]
SQL: SELECT * FROM `ast_banner5`  [ RunTime:0.0004s ]
SQL: SHOW COLUMNS FROM `ast_link5` [ RunTime:0.0055s ]
SQL: SELECT * FROM `ast_link5`  [ RunTime:0.0004s ]
SQL: SHOW COLUMNS FROM `ast_company5` [ RunTime:0.0043s ]
SQL: SHOW COLUMNS FROM `ast_article5` [ RunTime:0.0043s ]
SQL: SHOW COLUMNS FROM `ast_product5` [ RunTime:0.0054s ]
SQL: SHOW COLUMNS FROM `ast_procate5` [ RunTime:0.0042s ]
SQL: SELECT * FROM `ast_procate5`  [ RunTime:0.0003s ]
SQL: SELECT * FROM `ast_article5` WHERE `art_cateid` = 4 LIMIT 5   [ RunTime:0.0004s ]
SQL: SELECT * FROM `ast_article5` WHERE `art_cateid` = 5 LIMIT 3   [ RunTime:0.0003s ]
SQL: SELECT * FROM `ast_article5` ORDER BY art_addtime desc LIMIT 2,3   [ RunTime:0.0005s ]
SQL: SELECT * FROM `ast_article5` ORDER BY art_addtime desc LIMIT 1   [ RunTime:0.0003s ]
SQL: SELECT * FROM `ast_product5`  [ RunTime:0.0004s ]
SQL: SELECT * FROM `ast_company5`  [ RunTime:0.0002s ]
INFO: [ view_parse ] --START--
INFO: [ template_filter ] --START--
INFO: Run Behavior\ContentReplaceBehavior [ RunTime:0.000128s ]
INFO: [ template_filter ] --END-- [ RunTime:0.000191s ]
INFO: Run Behavior\ParseTemplateBehavior [ RunTime:0.017655s ]
INFO: [ view_parse ] --END-- [ RunTime:0.017762s ]
INFO: [ view_filter ] --START--
INFO: Run Behavior\WriteHtmlCacheBehavior [ RunTime:0.000791s ]
INFO: [ view_filter ] --END-- [ RunTime:0.000899s ]
INFO: [ app_end ] --START--
INFO: Run Behavior\ShowPageTraceBehavior [ RunTime:0.001632s ]
INFO: [ app_end ] --END-- [ RunTime:0.001716s ]

[ 2016-05-05T16:34:50+08:00 ] ::1 /index.php/Home5/Index
INFO: [ app_init ] --START--
INFO: Run Behavior\BuildLiteBehavior [ RunTime:0.000018s ]
INFO: [ app_init ] --END-- [ RunTime:0.000730s ]
INFO: [ app_begin ] --START--
INFO: Run Behavior\ReadHtmlCacheBehavior [ RunTime:0.001131s ]
INFO: [ app_begin ] --END-- [ RunTime:0.001231s ]
SQL: SHOW COLUMNS FROM `ast_banner5` [ RunTime:0.0045s ]
SQL: SELECT * FROM `ast_banner5`  [ RunTime:0.0004s ]
SQL: SHOW COLUMNS FROM `ast_link5` [ RunTime:0.0044s ]
SQL: SELECT * FROM `ast_link5`  [ RunTime:0.0004s ]
SQL: SHOW COLUMNS FROM `ast_company5` [ RunTime:0.0043s ]
SQL: SHOW COLUMNS FROM `ast_article5` [ RunTime:0.0057s ]
SQL: SHOW COLUMNS FROM `ast_product5` [ RunTime:0.0047s ]
SQL: SHOW COLUMNS FROM `ast_procate5` [ RunTime:0.0048s ]
SQL: SELECT * FROM `ast_procate5`  [ RunTime:0.0004s ]
SQL: SELECT * FROM `ast_article5` WHERE `art_cateid` = 4 LIMIT 5   [ RunTime:0.0004s ]
SQL: SELECT * FROM `ast_article5` WHERE `art_cateid` = 5 LIMIT 3   [ RunTime:0.0004s ]
SQL: SELECT * FROM `ast_article5` ORDER BY art_addtime desc LIMIT 2,3   [ RunTime:0.0007s ]
SQL: SELECT * FROM `ast_article5` ORDER BY art_addtime desc LIMIT 1   [ RunTime:0.0004s ]
SQL: SELECT * FROM `ast_product5`  [ RunTime:0.0004s ]
SQL: SELECT * FROM `ast_company5`  [ RunTime:0.0002s ]
INFO: [ view_parse ] --START--
INFO: [ template_filter ] --START--
INFO: Run Behavior\ContentReplaceBehavior [ RunTime:0.000145s ]
INFO: [ template_filter ] --END-- [ RunTime:0.000224s ]
INFO: Run Behavior\ParseTemplateBehavior [ RunTime:0.017895s ]
INFO: [ view_parse ] --END-- [ RunTime:0.017991s ]
INFO: [ view_filter ] --START--
INFO: Run Behavior\WriteHtmlCacheBehavior [ RunTime:0.000699s ]
INFO: [ view_filter ] --END-- [ RunTime:0.000749s ]
INFO: [ app_end ] --START--
INFO: Run Behavior\ShowPageTraceBehavior [ RunTime:0.001261s ]
INFO: [ app_end ] --END-- [ RunTime:0.001345s ]

[ 2016-05-05T16:34:58+08:00 ] ::1 /index.php/Home5/Index
INFO: [ app_init ] --START--
INFO: Run Behavior\BuildLiteBehavior [ RunTime:0.000018s ]
INFO: [ app_init ] --END-- [ RunTime:0.001050s ]
INFO: [ app_begin ] --START--
INFO: Run Behavior\ReadHtmlCacheBehavior [ RunTime:0.002887s ]
INFO: [ app_begin ] --END-- [ RunTime:0.002969s ]
SQL: SHOW COLUMNS FROM `ast_banner5` [ RunTime:0.0044s ]
SQL: SELECT * FROM `ast_banner5`  [ RunTime:0.0004s ]
SQL: SHOW COLUMNS FROM `ast_link5` [ RunTime:0.0048s ]
SQL: SELECT * FROM `ast_link5`  [ RunTime:0.0003s ]
SQL: SHOW COLUMNS FROM `ast_company5` [ RunTime:0.0044s ]
SQL: SHOW COLUMNS FROM `ast_article5` [ RunTime:0.0042s ]
SQL: SHOW COLUMNS FROM `ast_product5` [ RunTime:0.0055s ]
SQL: SHOW COLUMNS FROM `ast_procate5` [ RunTime:0.0054s ]
SQL: SELECT * FROM `ast_procate5`  [ RunTime:0.0004s ]
SQL: SELECT * FROM `ast_article5` WHERE `art_cateid` = 4 LIMIT 5   [ RunTime:0.0005s ]
SQL: SELECT * FROM `ast_article5` WHERE `art_cateid` = 5 LIMIT 3   [ RunTime:0.0003s ]
SQL: SELECT * FROM `ast_article5` ORDER BY art_addtime desc LIMIT 2,3   [ RunTime:0.0005s ]
SQL: SELECT * FROM `ast_article5` ORDER BY art_addtime desc LIMIT 1   [ RunTime:0.0003s ]
SQL: SELECT * FROM `ast_product5`  [ RunTime:0.0004s ]
SQL: SELECT * FROM `ast_company5`  [ RunTime:0.0002s ]
INFO: [ view_parse ] --START--
INFO: [ template_filter ] --START--
INFO: Run Behavior\ContentReplaceBehavior [ RunTime:0.000171s ]
INFO: [ template_filter ] --END-- [ RunTime:0.000251s ]
INFO: Run Behavior\ParseTemplateBehavior [ RunTime:0.025545s ]
INFO: [ view_parse ] --END-- [ RunTime:0.025623s ]
INFO: [ view_filter ] --START--
INFO: Run Behavior\WriteHtmlCacheBehavior [ RunTime:0.002206s ]
INFO: [ view_filter ] --END-- [ RunTime:0.002261s ]
INFO: [ app_end ] --START--
INFO: Run Behavior\ShowPageTraceBehavior [ RunTime:0.004265s ]
INFO: [ app_end ] --END-- [ RunTime:0.004399s ]

[ 2016-05-05T16:34:59+08:00 ] ::1 /index.php/Home5/Index
INFO: [ app_init ] --START--
INFO: Run Behavior\BuildLiteBehavior [ RunTime:0.000021s ]
INFO: [ app_init ] --END-- [ RunTime:0.001054s ]
INFO: [ app_begin ] --START--
INFO: Run Behavior\ReadHtmlCacheBehavior [ RunTime:0.002620s ]
INFO: [ app_begin ] --END-- [ RunTime:0.002703s ]
SQL: SHOW COLUMNS FROM `ast_banner5` [ RunTime:0.0043s ]
SQL: SELECT * FROM `ast_banner5`  [ RunTime:0.0004s ]
SQL: SHOW COLUMNS FROM `ast_link5` [ RunTime:0.0044s ]
SQL: SELECT * FROM `ast_link5`  [ RunTime:0.0005s ]
SQL: SHOW COLUMNS FROM `ast_company5` [ RunTime:0.0056s ]
SQL: SHOW COLUMNS FROM `ast_article5` [ RunTime:0.0047s ]
SQL: SHOW COLUMNS FROM `ast_product5` [ RunTime:0.0046s ]
SQL: SHOW COLUMNS FROM `ast_procate5` [ RunTime:0.0046s ]
SQL: SELECT * FROM `ast_procate5`  [ RunTime:0.0003s ]
SQL: SELECT * FROM `ast_article5` WHERE `art_cateid` = 4 LIMIT 5   [ RunTime:0.0004s ]
SQL: SELECT * FROM `ast_article5` WHERE `art_cateid` = 5 LIMIT 3   [ RunTime:0.0003s ]
SQL: SELECT * FROM `ast_article5` ORDER BY art_addtime desc LIMIT 2,3   [ RunTime:0.0005s ]
SQL: SELECT * FROM `ast_article5` ORDER BY art_addtime desc LIMIT 1   [ RunTime:0.0003s ]
SQL: SELECT * FROM `ast_product5`  [ RunTime:0.0003s ]
SQL: SELECT * FROM `ast_company5`  [ RunTime:0.0002s ]
INFO: [ view_parse ] --START--
INFO: [ template_filter ] --START--
INFO: Run Behavior\ContentReplaceBehavior [ RunTime:0.000147s ]
INFO: [ template_filter ] --END-- [ RunTime:0.000212s ]
INFO: Run Behavior\ParseTemplateBehavior [ RunTime:0.025416s ]
INFO: [ view_parse ] --END-- [ RunTime:0.025498s ]
INFO: [ view_filter ] --START--
INFO: Run Behavior\WriteHtmlCacheBehavior [ RunTime:0.002302s ]
INFO: [ view_filter ] --END-- [ RunTime:0.002357s ]
INFO: [ app_end ] --START--
INFO: Run Behavior\ShowPageTraceBehavior [ RunTime:0.003909s ]
INFO: [ app_end ] --END-- [ RunTime:0.003984s ]

[ 2016-05-05T16:35:05+08:00 ] ::1 /index.php/Home5/Index
INFO: [ app_init ] --START--
INFO: Run Behavior\BuildLiteBehavior [ RunTime:0.000018s ]
INFO: [ app_init ] --END-- [ RunTime:0.001037s ]
INFO: [ app_begin ] --START--
INFO: Run Behavior\ReadHtmlCacheBehavior [ RunTime:0.002463s ]
INFO: [ app_begin ] --END-- [ RunTime:0.002537s ]
SQL: SHOW COLUMNS FROM `ast_banner5` [ RunTime:0.0045s ]
SQL: SELECT * FROM `ast_banner5`  [ RunTime:0.0004s ]
SQL: SHOW COLUMNS FROM `ast_link5` [ RunTime:0.0043s ]
SQL: SELECT * FROM `ast_link5`  [ RunTime:0.0003s ]
SQL: SHOW COLUMNS FROM `ast_company5` [ RunTime:0.0040s ]
SQL: SHOW COLUMNS FROM `ast_article5` [ RunTime:0.0043s ]
SQL: SHOW COLUMNS FROM `ast_product5` [ RunTime:0.0050s ]
SQL: SHOW COLUMNS FROM `ast_procate5` [ RunTime:0.0059s ]
SQL: SELECT * FROM `ast_procate5`  [ RunTime:0.0004s ]
SQL: SELECT * FROM `ast_article5` WHERE `art_cateid` = 4 LIMIT 5   [ RunTime:0.0004s ]
SQL: SELECT * FROM `ast_article5` WHERE `art_cateid` = 5 LIMIT 3   [ RunTime:0.0003s ]
SQL: SELECT * FROM `ast_article5` ORDER BY art_addtime desc LIMIT 2,3   [ RunTime:0.0007s ]
SQL: SELECT * FROM `ast_article5` ORDER BY art_addtime desc LIMIT 1   [ RunTime:0.0004s ]
SQL: SELECT * FROM `ast_product5`  [ RunTime:0.0003s ]
SQL: SELECT * FROM `ast_company5`  [ RunTime:0.0002s ]
INFO: [ view_parse ] --START--
INFO: [ template_filter ] --START--
INFO: Run Behavior\ContentReplaceBehavior [ RunTime:0.000203s ]
INFO: [ template_filter ] --END-- [ RunTime:0.000315s ]
INFO: Run Behavior\ParseTemplateBehavior [ RunTime:0.025397s ]
INFO: [ view_parse ] --END-- [ RunTime:0.025473s ]
INFO: [ view_filter ] --START--
INFO: Run Behavior\WriteHtmlCacheBehavior [ RunTime:0.002217s ]
INFO: [ view_filter ] --END-- [ RunTime:0.002271s ]
INFO: [ app_end ] --START--
INFO: Run Behavior\ShowPageTraceBehavior [ RunTime:0.004733s ]
INFO: [ app_end ] --END-- [ RunTime:0.004805s ]

[ 2016-05-05T16:35:14+08:00 ] ::1 /index.php/Home5/Index
INFO: [ app_init ] --START--
INFO: Run Behavior\BuildLiteBehavior [ RunTime:0.000029s ]
INFO: [ app_init ] --END-- [ RunTime:0.000886s ]
INFO: [ app_begin ] --START--
INFO: Run Behavior\ReadHtmlCacheBehavior [ RunTime:0.001022s ]
INFO: [ app_begin ] --END-- [ RunTime:0.001107s ]
SQL: SHOW COLUMNS FROM `ast_banner5` [ RunTime:0.0044s ]
SQL: SELECT * FROM `ast_banner5`  [ RunTime:0.0004s ]
SQL: SHOW COLUMNS FROM `ast_link5` [ RunTime:0.0044s ]
SQL: SELECT * FROM `ast_link5`  [ RunTime:0.0003s ]
SQL: SHOW COLUMNS FROM `ast_company5` [ RunTime:0.0047s ]
SQL: SHOW COLUMNS FROM `ast_article5` [ RunTime:0.0048s ]
SQL: SHOW COLUMNS FROM `ast_product5` [ RunTime:0.0050s ]
SQL: SHOW COLUMNS FROM `ast_procate5` [ RunTime:0.0050s ]
SQL: SELECT * FROM `ast_procate5`  [ RunTime:0.0004s ]
SQL: SELECT * FROM `ast_article5` WHERE `art_cateid` = 4 LIMIT 5   [ RunTime:0.0004s ]
SQL: SELECT * FROM `ast_article5` WHERE `art_cateid` = 5 LIMIT 3   [ RunTime:0.0003s ]
SQL: SELECT * FROM `ast_article5` ORDER BY art_addtime desc LIMIT 2,3   [ RunTime:0.0007s ]
SQL: SELECT * FROM `ast_article5` ORDER BY art_addtime desc LIMIT 1   [ RunTime:0.0004s ]
SQL: SELECT * FROM `ast_product5`  [ RunTime:0.0004s ]
SQL: SELECT * FROM `ast_company5`  [ RunTime:0.0002s ]
INFO: [ view_parse ] --START--
INFO: [ template_filter ] --START--
INFO: Run Behavior\ContentReplaceBehavior [ RunTime:0.000127s ]
INFO: [ template_filter ] --END-- [ RunTime:0.000188s ]
INFO: Run Behavior\ParseTemplateBehavior [ RunTime:0.015632s ]
INFO: [ view_parse ] --END-- [ RunTime:0.015718s ]
INFO: [ view_filter ] --START--
INFO: Run Behavior\WriteHtmlCacheBehavior [ RunTime:0.000676s ]
INFO: [ view_filter ] --END-- [ RunTime:0.000761s ]
INFO: [ app_end ] --START--
INFO: Run Behavior\ShowPageTraceBehavior [ RunTime:0.001397s ]
INFO: [ app_end ] --END-- [ RunTime:0.001508s ]

[ 2016-05-05T16:39:49+08:00 ] ::1 /index.php/Home5/Index
INFO: [ app_init ] --START--
INFO: Run Behavior\BuildLiteBehavior [ RunTime:0.000022s ]
INFO: [ app_init ] --END-- [ RunTime:0.000999s ]
INFO: [ app_begin ] --START--
INFO: Run Behavior\ReadHtmlCacheBehavior [ RunTime:0.001522s ]
INFO: [ app_begin ] --END-- [ RunTime:0.001613s ]
SQL: SHOW COLUMNS FROM `ast_banner5` [ RunTime:0.0056s ]
SQL: SELECT * FROM `ast_banner5`  [ RunTime:0.0007s ]
SQL: SHOW COLUMNS FROM `ast_link5` [ RunTime:0.0044s ]
SQL: SELECT * FROM `ast_link5`  [ RunTime:0.0004s ]
SQL: SHOW COLUMNS FROM `ast_company5` [ RunTime:0.0044s ]
SQL: SHOW COLUMNS FROM `ast_article5` [ RunTime:0.0050s ]
SQL: SHOW COLUMNS FROM `ast_product5` [ RunTime:0.0043s ]
SQL: SHOW COLUMNS FROM `ast_procate5` [ RunTime:0.0042s ]
SQL: SELECT * FROM `ast_procate5`  [ RunTime:0.0004s ]
SQL: SELECT * FROM `ast_article5` WHERE `art_cateid` = 4 LIMIT 5   [ RunTime:0.0004s ]
SQL: SELECT * FROM `ast_article5` WHERE `art_cateid` = 5 LIMIT 3   [ RunTime:0.0004s ]
SQL: SELECT * FROM `ast_article5` ORDER BY art_addtime desc LIMIT 2,3   [ RunTime:0.0008s ]
SQL: SELECT * FROM `ast_article5` ORDER BY art_addtime desc LIMIT 1   [ RunTime:0.0004s ]
SQL: SELECT * FROM `ast_product5`  [ RunTime:0.0004s ]
SQL: SELECT * FROM `ast_company5`  [ RunTime:0.0004s ]
INFO: [ view_parse ] --START--
INFO: [ template_filter ] --START--
INFO: Run Behavior\ContentReplaceBehavior [ RunTime:0.000154s ]
INFO: [ template_filter ] --END-- [ RunTime:0.000220s ]
INFO: Run Behavior\ParseTemplateBehavior [ RunTime:0.020307s ]
INFO: [ view_parse ] --END-- [ RunTime:0.020381s ]
INFO: [ view_filter ] --START--
INFO: Run Behavior\WriteHtmlCacheBehavior [ RunTime:0.001127s ]
INFO: [ view_filter ] --END-- [ RunTime:0.001179s ]
INFO: [ app_end ] --START--
INFO: Run Behavior\ShowPageTraceBehavior [ RunTime:0.002153s ]
INFO: [ app_end ] --END-- [ RunTime:0.002229s ]

[ 2016-05-05T16:39:55+08:00 ] ::1 /index.php/Home5/Walkto/index
INFO: [ app_init ] --START--
INFO: Run Behavior\BuildLiteBehavior [ RunTime:0.000017s ]
INFO: [ app_init ] --END-- [ RunTime:0.000622s ]
INFO: [ app_begin ] --START--
INFO: Run Behavior\ReadHtmlCacheBehavior [ RunTime:0.001491s ]
INFO: [ app_begin ] --END-- [ RunTime:0.001584s ]
SQL: SHOW COLUMNS FROM `ast_banner5` [ RunTime:0.0047s ]
SQL: SELECT * FROM `ast_banner5`  [ RunTime:0.0005s ]
SQL: SHOW COLUMNS FROM `ast_link5` [ RunTime:0.0043s ]
SQL: SELECT * FROM `ast_link5`  [ RunTime:0.0003s ]
SQL: SHOW COLUMNS FROM `ast_about5` [ RunTime:0.0193s ]
SQL: SELECT * FROM `ast_about5`  [ RunTime:0.0004s ]
SQL: SELECT * FROM `ast_about5` WHERE `ast_aid` = 1  [ RunTime:0.0015s ]
INFO: [ view_parse ] --START--
INFO: [ template_filter ] --START--
INFO: Run Behavior\ContentReplaceBehavior [ RunTime:0.000097s ]
INFO: [ template_filter ] --END-- [ RunTime:0.000181s ]
NOTIC: [8] Undefined index: link_url C:\xampp\htdocs\aiston\Application\Runtime\Cache\Home5\a7c51b1b1c956603583426825548eb90.php 第 63 行.
INFO: Run Behavior\ParseTemplateBehavior [ RunTime:0.013184s ]
INFO: [ view_parse ] --END-- [ RunTime:0.013331s ]
INFO: [ view_filter ] --START--
INFO: Run Behavior\WriteHtmlCacheBehavior [ RunTime:0.000821s ]
INFO: [ view_filter ] --END-- [ RunTime:0.000881s ]
INFO: [ app_end ] --START--
INFO: Run Behavior\ShowPageTraceBehavior [ RunTime:0.001360s ]
INFO: [ app_end ] --END-- [ RunTime:0.001466s ]

[ 2016-05-05T16:39:58+08:00 ] ::1 /index.php/Home5/Walkto/index
INFO: [ app_init ] --START--
INFO: Run Behavior\BuildLiteBehavior [ RunTime:0.000017s ]
INFO: [ app_init ] --END-- [ RunTime:0.000550s ]
INFO: [ app_begin ] --START--
INFO: Run Behavior\ReadHtmlCacheBehavior [ RunTime:0.001396s ]
INFO: [ app_begin ] --END-- [ RunTime:0.001513s ]
SQL: SHOW COLUMNS FROM `ast_banner5` [ RunTime:0.0068s ]
SQL: SELECT * FROM `ast_banner5`  [ RunTime:0.0005s ]
SQL: SHOW COLUMNS FROM `ast_link5` [ RunTime:0.0065s ]
SQL: SELECT * FROM `ast_link5`  [ RunTime:0.0005s ]
SQL: SHOW COLUMNS FROM `ast_about5` [ RunTime:0.0050s ]
SQL: SELECT * FROM `ast_about5`  [ RunTime:0.0004s ]
SQL: SELECT * FROM `ast_about5` WHERE `ast_aid` = 1  [ RunTime:0.0004s ]
INFO: [ view_parse ] --START--
INFO: [ template_filter ] --START--
INFO: Run Behavior\ContentReplaceBehavior [ RunTime:0.000094s ]
INFO: [ template_filter ] --END-- [ RunTime:0.000160s ]
NOTIC: [8] Undefined index: link_url C:\xampp\htdocs\aiston\Application\Runtime\Cache\Home5\a7c51b1b1c956603583426825548eb90.php 第 63 行.
INFO: Run Behavior\ParseTemplateBehavior [ RunTime:0.011425s ]
INFO: [ view_parse ] --END-- [ RunTime:0.011506s ]
INFO: [ view_filter ] --START--
INFO: Run Behavior\WriteHtmlCacheBehavior [ RunTime:0.000655s ]
INFO: [ view_filter ] --END-- [ RunTime:0.000718s ]
INFO: [ app_end ] --START--
INFO: Run Behavior\ShowPageTraceBehavior [ RunTime:0.000968s ]
INFO: [ app_end ] --END-- [ RunTime:0.001032s ]

[ 2016-05-05T16:40:18+08:00 ] ::1 /index.php/Home5/Walkto/index
INFO: [ app_init ] --START--
INFO: Run Behavior\BuildLiteBehavior [ RunTime:0.000028s ]
INFO: [ app_init ] --END-- [ RunTime:0.000650s ]
INFO: [ app_begin ] --START--
INFO: Run Behavior\ReadHtmlCacheBehavior [ RunTime:0.001036s ]
INFO: [ app_begin ] --END-- [ RunTime:0.001146s ]
SQL: SHOW COLUMNS FROM `ast_banner5` [ RunTime:0.0044s ]
SQL: SELECT * FROM `ast_banner5`  [ RunTime:0.0004s ]
SQL: SHOW COLUMNS FROM `ast_link5` [ RunTime:0.0039s ]
SQL: SELECT * FROM `ast_link5`  [ RunTime:0.0003s ]
SQL: SHOW COLUMNS FROM `ast_about5` [ RunTime:0.0050s ]
SQL: SELECT * FROM `ast_about5`  [ RunTime:0.0004s ]
SQL: SELECT * FROM `ast_about5` WHERE `ast_aid` = 1  [ RunTime:0.0002s ]
INFO: [ view_parse ] --START--
INFO: [ template_filter ] --START--
INFO: Run Behavior\ContentReplaceBehavior [ RunTime:0.000095s ]
INFO: [ template_filter ] --END-- [ RunTime:0.000179s ]
NOTIC: [8] Undefined index: link_url C:\xampp\htdocs\aiston\Application\Runtime\Cache\Home5\a7c51b1b1c956603583426825548eb90.php 第 63 行.
INFO: Run Behavior\ParseTemplateBehavior [ RunTime:0.010851s ]
INFO: [ view_parse ] --END-- [ RunTime:0.010928s ]
INFO: [ view_filter ] --START--
INFO: Run Behavior\WriteHtmlCacheBehavior [ RunTime:0.000508s ]
INFO: [ view_filter ] --END-- [ RunTime:0.000557s ]
INFO: [ app_end ] --START--
INFO: Run Behavior\ShowPageTraceBehavior [ RunTime:0.000932s ]
INFO: [ app_end ] --END-- [ RunTime:0.000990s ]

[ 2016-05-05T16:40:29+08:00 ] ::1 /index.php/Home5/Walkto/index
INFO: [ app_init ] --START--
INFO: Run Behavior\BuildLiteBehavior [ RunTime:0.000025s ]
INFO: [ app_init ] --END-- [ RunTime:0.000724s ]
INFO: [ app_begin ] --START--
INFO: Run Behavior\ReadHtmlCacheBehavior [ RunTime:0.001371s ]
INFO: [ app_begin ] --END-- [ RunTime:0.001444s ]
SQL: SHOW COLUMNS FROM `ast_banner5` [ RunTime:0.0062s ]
SQL: SELECT * FROM `ast_banner5`  [ RunTime:0.0005s ]
SQL: SHOW COLUMNS FROM `ast_link5` [ RunTime:0.0047s ]
SQL: SELECT * FROM `ast_link5`  [ RunTime:0.0003s ]
SQL: SHOW COLUMNS FROM `ast_about5` [ RunTime:0.0054s ]
SQL: SELECT * FROM `ast_about5`  [ RunTime:0.0004s ]
SQL: SELECT * FROM `ast_about5` WHERE `ast_aid` = 1  [ RunTime:0.0003s ]
INFO: [ view_parse ] --START--
INFO: [ template_filter ] --START--
INFO: Run Behavior\ContentReplaceBehavior [ RunTime:0.000148s ]
INFO: [ template_filter ] --END-- [ RunTime:0.000249s ]
NOTIC: [8] Undefined index: link_url C:\xampp\htdocs\aiston\Application\Runtime\Cache\Home5\a7c51b1b1c956603583426825548eb90.php 第 63 行.
INFO: Run Behavior\ParseTemplateBehavior [ RunTime:0.015625s ]
INFO: [ view_parse ] --END-- [ RunTime:0.015726s ]
INFO: [ view_filter ] --START--
INFO: Run Behavior\WriteHtmlCacheBehavior [ RunTime:0.001671s ]
INFO: [ view_filter ] --END-- [ RunTime:0.001757s ]
INFO: [ app_end ] --START--
INFO: Run Behavior\ShowPageTraceBehavior [ RunTime:0.001985s ]
INFO: [ app_end ] --END-- [ RunTime:0.002053s ]

