[ 2016-05-04T11:12:51+08:00 ] ::1 /index.php/Home5/Index
INFO: [ app_init ] --START--
INFO: Run Behavior\BuildLiteBehavior [ RunTime:0.000025s ]
INFO: [ app_init ] --END-- [ RunTime:0.000705s ]
INFO: [ app_begin ] --START--
INFO: Run Behavior\ReadHtmlCacheBehavior [ RunTime:0.001074s ]
INFO: [ app_begin ] --END-- [ RunTime:0.001177s ]
SQL: SHOW COLUMNS FROM `ast_banner5` [ RunTime:0.0078s ]
SQL: SELECT * FROM `ast_banner5`  [ RunTime:0.0004s ]
SQL: SHOW COLUMNS FROM `ast_link5` [ RunTime:0.0082s ]
SQL: SELECT * FROM `ast_link5`  [ RunTime:0.0004s ]
SQL: SHOW COLUMNS FROM `ast_company5` [ RunTime:0.0232s ]
SQL: SHOW COLUMNS FROM `ast_article5` [ RunTime:0.0077s ]
SQL: SHOW COLUMNS FROM `ast_product5` [ RunTime:0.0108s ]
SQL: SHOW COLUMNS FROM `ast_procate5` [ RunTime:0.0081s ]
SQL: SELECT * FROM `ast_procate5`  [ RunTime:0.0010s ]
SQL: SELECT * FROM `ast_article5` WHERE `art_cateid` = 4 LIMIT 5   [ RunTime:0.0011s ]
SQL: SELECT * FROM `ast_article5` WHERE `art_cateid` = 5 LIMIT 3   [ RunTime:0.0006s ]
SQL: SELECT * FROM `ast_article5` ORDER BY art_addtime desc LIMIT 2,3   [ RunTime:0.0006s ]
SQL: SELECT * FROM `ast_article5` ORDER BY art_addtime desc LIMIT 1   [ RunTime:0.0003s ]
SQL: SELECT * FROM `ast_product5`  [ RunTime:0.0006s ]
SQL: SELECT * FROM `ast_company5`  [ RunTime:0.0002s ]
INFO: [ view_parse ] --START--
INFO: [ template_filter ] --START--
INFO: Run Behavior\ContentReplaceBehavior [ RunTime:0.000190s ]
INFO: [ template_filter ] --END-- [ RunTime:0.000319s ]
INFO: Run Behavior\ParseTemplateBehavior [ RunTime:0.019651s ]
INFO: [ view_parse ] --END-- [ RunTime:0.019723s ]
INFO: [ view_filter ] --START--
INFO: Run Behavior\WriteHtmlCacheBehavior [ RunTime:0.000505s ]
INFO: [ view_filter ] --END-- [ RunTime:0.000556s ]
INFO: [ app_end ] --START--
INFO: Run Behavior\ShowPageTraceBehavior [ RunTime:0.001150s ]
INFO: [ app_end ] --END-- [ RunTime:0.001238s ]

[ 2016-05-04T15:19:37+08:00 ] ::1 /index.php/Home5/Index
INFO: [ app_init ] --START--
INFO: Run Behavior\BuildLiteBehavior [ RunTime:0.000019s ]
INFO: [ app_init ] --END-- [ RunTime:0.000709s ]
INFO: [ app_begin ] --START--
INFO: Run Behavior\ReadHtmlCacheBehavior [ RunTime:0.001206s ]
INFO: [ app_begin ] --END-- [ RunTime:0.001297s ]
SQL: SHOW COLUMNS FROM `ast_banner5` [ RunTime:0.0071s ]
SQL: SELECT * FROM `ast_banner5`  [ RunTime:0.0004s ]
SQL: SHOW COLUMNS FROM `ast_link5` [ RunTime:0.0075s ]
SQL: SELECT * FROM `ast_link5`  [ RunTime:0.0004s ]
SQL: SHOW COLUMNS FROM `ast_company5` [ RunTime:0.0074s ]
SQL: SHOW COLUMNS FROM `ast_article5` [ RunTime:0.0073s ]
SQL: SHOW COLUMNS FROM `ast_product5` [ RunTime:0.0071s ]
SQL: SHOW COLUMNS FROM `ast_procate5` [ RunTime:0.0077s ]
SQL: SELECT * FROM `ast_procate5`  [ RunTime:0.0005s ]
SQL: SELECT * FROM `ast_article5` WHERE `art_cateid` = 4 LIMIT 5   [ RunTime:0.0004s ]
SQL: SELECT * FROM `ast_article5` WHERE `art_cateid` = 5 LIMIT 3   [ RunTime:0.0004s ]
SQL: SELECT * FROM `ast_article5` ORDER BY art_addtime desc LIMIT 2,3   [ RunTime:0.0006s ]
SQL: SELECT * FROM `ast_article5` ORDER BY art_addtime desc LIMIT 1   [ RunTime:0.0004s ]
SQL: SELECT * FROM `ast_product5`  [ RunTime:0.0004s ]
SQL: SELECT * FROM `ast_company5`  [ RunTime:0.0002s ]
INFO: [ view_parse ] --START--
INFO: [ template_filter ] --START--
INFO: Run Behavior\ContentReplaceBehavior [ RunTime:0.000132s ]
INFO: [ template_filter ] --END-- [ RunTime:0.000196s ]
INFO: Run Behavior\ParseTemplateBehavior [ RunTime:0.019893s ]
INFO: [ view_parse ] --END-- [ RunTime:0.020007s ]
INFO: [ view_filter ] --START--
INFO: Run Behavior\WriteHtmlCacheBehavior [ RunTime:0.001395s ]
INFO: [ view_filter ] --END-- [ RunTime:0.001488s ]
INFO: [ app_end ] --START--
INFO: Run Behavior\ShowPageTraceBehavior [ RunTime:0.002487s ]
INFO: [ app_end ] --END-- [ RunTime:0.002610s ]

[ 2016-05-04T15:19:42+08:00 ] ::1 /index.php/Home5/Walkto/index
INFO: [ app_init ] --START--
INFO: Run Behavior\BuildLiteBehavior [ RunTime:0.000018s ]
INFO: [ app_init ] --END-- [ RunTime:0.000552s ]
INFO: [ app_begin ] --START--
INFO: Run Behavior\ReadHtmlCacheBehavior [ RunTime:0.000832s ]
INFO: [ app_begin ] --END-- [ RunTime:0.000923s ]
SQL: SHOW COLUMNS FROM `ast_banner5` [ RunTime:0.0040s ]
SQL: SELECT * FROM `ast_banner5`  [ RunTime:0.0003s ]
SQL: SHOW COLUMNS FROM `ast_link5` [ RunTime:0.0034s ]
SQL: SELECT * FROM `ast_link5`  [ RunTime:0.0003s ]
SQL: SHOW COLUMNS FROM `ast_about5` [ RunTime:0.0245s ]
SQL: SELECT * FROM `ast_about5`  [ RunTime:0.0003s ]
SQL: SELECT * FROM `ast_about5` WHERE `ast_aid` = 1  [ RunTime:0.0002s ]
INFO: [ view_parse ] --START--
INFO: [ template_filter ] --START--
INFO: Run Behavior\ContentReplaceBehavior [ RunTime:0.000095s ]
INFO: [ template_filter ] --END-- [ RunTime:0.000161s ]
NOTIC: [8] Undefined index: link_url C:\xampp\htdocs\aiston\Application\Runtime\Cache\Home5\a7c51b1b1c956603583426825548eb90.php 第 63 行.
INFO: Run Behavior\ParseTemplateBehavior [ RunTime:0.012267s ]
INFO: [ view_parse ] --END-- [ RunTime:0.012341s ]
INFO: [ view_filter ] --START--
INFO: Run Behavior\WriteHtmlCacheBehavior [ RunTime:0.000492s ]
INFO: [ view_filter ] --END-- [ RunTime:0.000541s ]
INFO: [ app_end ] --START--
INFO: Run Behavior\ShowPageTraceBehavior [ RunTime:0.000734s ]
INFO: [ app_end ] --END-- [ RunTime:0.000784s ]

[ 2016-05-04T15:19:45+08:00 ] ::1 /index.php/Home5/Walkto/index/id/2
INFO: [ app_init ] --START--
INFO: Run Behavior\BuildLiteBehavior [ RunTime:0.000016s ]
INFO: [ app_init ] --END-- [ RunTime:0.000468s ]
INFO: [ app_begin ] --START--
INFO: Run Behavior\ReadHtmlCacheBehavior [ RunTime:0.000752s ]
INFO: [ app_begin ] --END-- [ RunTime:0.000813s ]
SQL: SHOW COLUMNS FROM `ast_banner5` [ RunTime:0.0038s ]
SQL: SELECT * FROM `ast_banner5`  [ RunTime:0.0004s ]
SQL: SHOW COLUMNS FROM `ast_link5` [ RunTime:0.0037s ]
SQL: SELECT * FROM `ast_link5`  [ RunTime:0.0005s ]
SQL: SHOW COLUMNS FROM `ast_about5` [ RunTime:0.0043s ]
SQL: SELECT * FROM `ast_about5`  [ RunTime:0.0005s ]
SQL: SELECT * FROM `ast_about5` WHERE `ast_aid` = 2  [ RunTime:0.0003s ]
INFO: [ view_parse ] --START--
INFO: [ template_filter ] --START--
INFO: Run Behavior\ContentReplaceBehavior [ RunTime:0.000156s ]
INFO: [ template_filter ] --END-- [ RunTime:0.000294s ]
NOTIC: [8] Undefined index: link_url C:\xampp\htdocs\aiston\Application\Runtime\Cache\Home5\a7c51b1b1c956603583426825548eb90.php 第 63 行.
INFO: Run Behavior\ParseTemplateBehavior [ RunTime:0.016333s ]
INFO: [ view_parse ] --END-- [ RunTime:0.016435s ]
INFO: [ view_filter ] --START--
INFO: Run Behavior\WriteHtmlCacheBehavior [ RunTime:0.000700s ]
INFO: [ view_filter ] --END-- [ RunTime:0.000753s ]
INFO: [ app_end ] --START--
INFO: Run Behavior\ShowPageTraceBehavior [ RunTime:0.000777s ]
INFO: [ app_end ] --END-- [ RunTime:0.000829s ]

[ 2016-05-04T15:19:49+08:00 ] ::1 /index.php/Home5/Walkto/index/id/1
INFO: [ app_init ] --START--
INFO: Run Behavior\BuildLiteBehavior [ RunTime:0.000016s ]
INFO: [ app_init ] --END-- [ RunTime:0.000493s ]
INFO: [ app_begin ] --START--
INFO: Run Behavior\ReadHtmlCacheBehavior [ RunTime:0.000830s ]
INFO: [ app_begin ] --END-- [ RunTime:0.000910s ]
SQL: SHOW COLUMNS FROM `ast_banner5` [ RunTime:0.0038s ]
SQL: SELECT * FROM `ast_banner5`  [ RunTime:0.0004s ]
SQL: SHOW COLUMNS FROM `ast_link5` [ RunTime:0.0037s ]
SQL: SELECT * FROM `ast_link5`  [ RunTime:0.0003s ]
SQL: SHOW COLUMNS FROM `ast_about5` [ RunTime:0.0037s ]
SQL: SELECT * FROM `ast_about5`  [ RunTime:0.0003s ]
SQL: SELECT * FROM `ast_about5` WHERE `ast_aid` = 1  [ RunTime:0.0002s ]
INFO: [ view_parse ] --START--
INFO: [ template_filter ] --START--
INFO: Run Behavior\ContentReplaceBehavior [ RunTime:0.000153s ]
INFO: [ template_filter ] --END-- [ RunTime:0.000266s ]
NOTIC: [8] Undefined index: link_url C:\xampp\htdocs\aiston\Application\Runtime\Cache\Home5\a7c51b1b1c956603583426825548eb90.php 第 63 行.
INFO: Run Behavior\ParseTemplateBehavior [ RunTime:0.017120s ]
INFO: [ view_parse ] --END-- [ RunTime:0.017216s ]
INFO: [ view_filter ] --START--
INFO: Run Behavior\WriteHtmlCacheBehavior [ RunTime:0.000650s ]
INFO: [ view_filter ] --END-- [ RunTime:0.000711s ]
INFO: [ app_end ] --START--
INFO: Run Behavior\ShowPageTraceBehavior [ RunTime:0.000890s ]
INFO: [ app_end ] --END-- [ RunTime:0.000952s ]

[ 2016-05-04T15:19:51+08:00 ] ::1 /index.php/Home5/product/index
INFO: [ app_init ] --START--
INFO: Run Behavior\BuildLiteBehavior [ RunTime:0.000027s ]
INFO: [ app_init ] --END-- [ RunTime:0.000516s ]
INFO: [ app_begin ] --START--
INFO: Run Behavior\ReadHtmlCacheBehavior [ RunTime:0.000873s ]
INFO: [ app_begin ] --END-- [ RunTime:0.000940s ]
SQL: SHOW COLUMNS FROM `ast_banner5` [ RunTime:0.0039s ]
SQL: SELECT * FROM `ast_banner5`  [ RunTime:0.0005s ]
SQL: SHOW COLUMNS FROM `ast_link5` [ RunTime:0.0037s ]
SQL: SELECT * FROM `ast_link5`  [ RunTime:0.0003s ]
SQL: SHOW COLUMNS FROM `ast_procate5` [ RunTime:0.0038s ]
SQL: SELECT * FROM `ast_procate5`  [ RunTime:0.0003s ]
SQL: SHOW COLUMNS FROM `ast_product5` [ RunTime:0.0044s ]
NOTIC: [8] Undefined index: id C:\xampp\htdocs\aiston\Application\Home5\Controller\ProductController.class.php 第 25 行.
SQL: SELECT * FROM `ast_product5`  [ RunTime:0.0005s ]
SQL: SELECT * FROM `ast_product5` LIMIT 0,5   [ RunTime:0.0004s ]
NOTIC: [8] Undefined variable: catename C:\xampp\htdocs\aiston\Application\Home5\Controller\ProductController.class.php 第 45 行.
INFO: [ view_parse ] --START--
INFO: [ template_filter ] --START--
INFO: Run Behavior\ContentReplaceBehavior [ RunTime:0.000130s ]
INFO: [ template_filter ] --END-- [ RunTime:0.000197s ]
NOTIC: [8] Undefined variable: pro C:\xampp\htdocs\aiston\Application\Runtime\Cache\Home5\00fdbf233dea8329a0c61602a6ff83cb.php 第 74 行.
NOTIC: [8] Undefined variable: pro C:\xampp\htdocs\aiston\Application\Runtime\Cache\Home5\00fdbf233dea8329a0c61602a6ff83cb.php 第 74 行.
NOTIC: [8] Undefined variable: pro C:\xampp\htdocs\aiston\Application\Runtime\Cache\Home5\00fdbf233dea8329a0c61602a6ff83cb.php 第 74 行.
NOTIC: [8] Undefined variable: pro C:\xampp\htdocs\aiston\Application\Runtime\Cache\Home5\00fdbf233dea8329a0c61602a6ff83cb.php 第 74 行.
NOTIC: [8] Undefined variable: pro C:\xampp\htdocs\aiston\Application\Runtime\Cache\Home5\00fdbf233dea8329a0c61602a6ff83cb.php 第 74 行.
NOTIC: [8] Undefined index: p C:\xampp\htdocs\aiston\Application\Runtime\Cache\Home5\00fdbf233dea8329a0c61602a6ff83cb.php 第 83 行.
NOTIC: [8] Undefined index: p C:\xampp\htdocs\aiston\Application\Runtime\Cache\Home5\00fdbf233dea8329a0c61602a6ff83cb.php 第 88 行.
NOTIC: [8] Undefined index: p C:\xampp\htdocs\aiston\Application\Runtime\Cache\Home5\00fdbf233dea8329a0c61602a6ff83cb.php 第 88 行.
INFO: Run Behavior\ParseTemplateBehavior [ RunTime:0.015047s ]
INFO: [ view_parse ] --END-- [ RunTime:0.015105s ]
INFO: [ view_filter ] --START--
INFO: Run Behavior\WriteHtmlCacheBehavior [ RunTime:0.000586s ]
INFO: [ view_filter ] --END-- [ RunTime:0.000643s ]
INFO: [ app_end ] --START--
INFO: Run Behavior\ShowPageTraceBehavior [ RunTime:0.000820s ]
INFO: [ app_end ] --END-- [ RunTime:0.000881s ]

[ 2016-05-04T15:19:54+08:00 ] ::1 /index.php/Home5/Product/details/id/1
INFO: [ app_init ] --START--
INFO: Run Behavior\BuildLiteBehavior [ RunTime:0.000025s ]
INFO: [ app_init ] --END-- [ RunTime:0.000553s ]
INFO: [ app_begin ] --START--
INFO: Run Behavior\ReadHtmlCacheBehavior [ RunTime:0.000732s ]
INFO: [ app_begin ] --END-- [ RunTime:0.000795s ]
SQL: SHOW COLUMNS FROM `ast_banner5` [ RunTime:0.0047s ]
SQL: SELECT * FROM `ast_banner5`  [ RunTime:0.0004s ]
SQL: SHOW COLUMNS FROM `ast_link5` [ RunTime:0.0037s ]
SQL: SELECT * FROM `ast_link5`  [ RunTime:0.0003s ]
SQL: SHOW COLUMNS FROM `ast_procate5` [ RunTime:0.0042s ]
SQL: SELECT * FROM `ast_procate5`  [ RunTime:0.0005s ]
SQL: SHOW COLUMNS FROM `ast_product5` [ RunTime:0.0040s ]
SQL: SELECT * FROM `ast_product5` WHERE `pro_id` = 1  [ RunTime:0.0005s ]
SQL: SELECT * FROM `ast_procate5` WHERE `cate_id` = 1  [ RunTime:0.0003s ]
INFO: [ view_parse ] --START--
INFO: [ template_filter ] --START--
INFO: Run Behavior\ContentReplaceBehavior [ RunTime:0.000104s ]
INFO: [ template_filter ] --END-- [ RunTime:0.000199s ]
NOTIC: [8] Undefined index: art_author C:\xampp\htdocs\aiston\Application\Runtime\Cache\Home5\062b0fca6c37186e4604bf6ef8d16d0a.php 第 68 行.
NOTIC: [8] Undefined index: art_addtime C:\xampp\htdocs\aiston\Application\Runtime\Cache\Home5\062b0fca6c37186e4604bf6ef8d16d0a.php 第 68 行.
NOTIC: [8] Undefined variable: result1 C:\xampp\htdocs\aiston\Application\Runtime\Cache\Home5\062b0fca6c37186e4604bf6ef8d16d0a.php 第 79 行.
NOTIC: [8] Undefined variable: result1 C:\xampp\htdocs\aiston\Application\Runtime\Cache\Home5\062b0fca6c37186e4604bf6ef8d16d0a.php 第 79 行.
NOTIC: [8] Undefined variable: result2 C:\xampp\htdocs\aiston\Application\Runtime\Cache\Home5\062b0fca6c37186e4604bf6ef8d16d0a.php 第 80 行.
NOTIC: [8] Undefined variable: result2 C:\xampp\htdocs\aiston\Application\Runtime\Cache\Home5\062b0fca6c37186e4604bf6ef8d16d0a.php 第 80 行.
INFO: Run Behavior\ParseTemplateBehavior [ RunTime:0.013865s ]
INFO: [ view_parse ] --END-- [ RunTime:0.013926s ]
INFO: [ view_filter ] --START--
INFO: Run Behavior\WriteHtmlCacheBehavior [ RunTime:0.000499s ]
INFO: [ view_filter ] --END-- [ RunTime:0.000548s ]
INFO: [ app_end ] --START--
INFO: Run Behavior\ShowPageTraceBehavior [ RunTime:0.000752s ]
INFO: [ app_end ] --END-- [ RunTime:0.000821s ]

[ 2016-05-04T15:19:58+08:00 ] ::1 /index.php/Home5/News/index
INFO: [ app_init ] --START--
INFO: Run Behavior\BuildLiteBehavior [ RunTime:0.000018s ]
INFO: [ app_init ] --END-- [ RunTime:0.000470s ]
INFO: [ app_begin ] --START--
INFO: Run Behavior\ReadHtmlCacheBehavior [ RunTime:0.000734s ]
INFO: [ app_begin ] --END-- [ RunTime:0.000795s ]
SQL: SHOW COLUMNS FROM `ast_banner5` [ RunTime:0.0040s ]
SQL: SELECT * FROM `ast_banner5`  [ RunTime:0.0004s ]
SQL: SHOW COLUMNS FROM `ast_link5` [ RunTime:0.0035s ]
SQL: SELECT * FROM `ast_link5`  [ RunTime:0.0003s ]
SQL: SHOW COLUMNS FROM `ast_article5` [ RunTime:0.0042s ]
SQL: SELECT * FROM `ast_article5`  [ RunTime:0.0006s ]
SQL: SHOW COLUMNS FROM `ast_artcate5` [ RunTime:0.0057s ]
SQL: SELECT * FROM `ast_artcate5`  [ RunTime:0.0003s ]
NOTIC: [8] Undefined index: id C:\xampp\htdocs\aiston\Application\Home5\Controller\NewsController.class.php 第 29 行.
SQL: SELECT * FROM `ast_article5` LIMIT 0,5   [ RunTime:0.0004s ]
NOTIC: [8] Undefined variable: catename C:\xampp\htdocs\aiston\Application\Home5\Controller\NewsController.class.php 第 39 行.
INFO: [ view_parse ] --START--
INFO: [ template_filter ] --START--
INFO: Run Behavior\ContentReplaceBehavior [ RunTime:0.000104s ]
INFO: [ template_filter ] --END-- [ RunTime:0.000169s ]
NOTIC: [8] Undefined index: p C:\xampp\htdocs\aiston\Application\Runtime\Cache\Home5\02ce1cb977aaa3623ec74a5de60d14d7.php 第 80 行.
NOTIC: [8] Undefined index: p C:\xampp\htdocs\aiston\Application\Runtime\Cache\Home5\02ce1cb977aaa3623ec74a5de60d14d7.php 第 87 行.
NOTIC: [8] Undefined index: p C:\xampp\htdocs\aiston\Application\Runtime\Cache\Home5\02ce1cb977aaa3623ec74a5de60d14d7.php 第 87 行.
INFO: Run Behavior\ParseTemplateBehavior [ RunTime:0.014820s ]
INFO: [ view_parse ] --END-- [ RunTime:0.014877s ]
INFO: [ view_filter ] --START--
INFO: Run Behavior\WriteHtmlCacheBehavior [ RunTime:0.000511s ]
INFO: [ view_filter ] --END-- [ RunTime:0.000561s ]
INFO: [ app_end ] --START--
INFO: Run Behavior\ShowPageTraceBehavior [ RunTime:0.000762s ]
INFO: [ app_end ] --END-- [ RunTime:0.000814s ]

[ 2016-05-04T15:20:27+08:00 ] ::1 /index.php/Home5/News/details/id/52
INFO: [ app_init ] --START--
INFO: Run Behavior\BuildLiteBehavior [ RunTime:0.000017s ]
INFO: [ app_init ] --END-- [ RunTime:0.000473s ]
INFO: [ app_begin ] --START--
INFO: Run Behavior\ReadHtmlCacheBehavior [ RunTime:0.000750s ]
INFO: [ app_begin ] --END-- [ RunTime:0.000812s ]
SQL: SHOW COLUMNS FROM `ast_banner5` [ RunTime:0.0038s ]
SQL: SELECT * FROM `ast_banner5`  [ RunTime:0.0004s ]
SQL: SHOW COLUMNS FROM `ast_link5` [ RunTime:0.0040s ]
SQL: SELECT * FROM `ast_link5`  [ RunTime:0.0005s ]
SQL: SHOW COLUMNS FROM `ast_article5` [ RunTime:0.0042s ]
SQL: SELECT * FROM `ast_article5` WHERE `art_id` = 52  [ RunTime:0.0005s ]
SQL: SELECT * FROM `ast_article5` WHERE `art_id` = 51  [ RunTime:0.0003s ]
SQL: SELECT * FROM `ast_article5` WHERE `art_id` = 53  [ RunTime:0.0003s ]
SQL: SHOW COLUMNS FROM `ast_artcate5` [ RunTime:0.0042s ]
SQL: SELECT * FROM `ast_artcate5`  [ RunTime:0.0004s ]
SQL: SELECT * FROM `ast_artcate5` WHERE `cate_id` = 1  [ RunTime:0.0004s ]
NOTIC: [8] Undefined offset: 0 C:\xampp\htdocs\aiston\Application\Home5\Controller\NewsController.class.php 第 19 行.
INFO: [ view_parse ] --START--
INFO: [ template_filter ] --START--
INFO: Run Behavior\ContentReplaceBehavior [ RunTime:0.000100s ]
INFO: [ template_filter ] --END-- [ RunTime:0.000199s ]
INFO: Run Behavior\ParseTemplateBehavior [ RunTime:0.013212s ]
INFO: [ view_parse ] --END-- [ RunTime:0.013312s ]
INFO: [ view_filter ] --START--
INFO: Run Behavior\WriteHtmlCacheBehavior [ RunTime:0.000500s ]
INFO: [ view_filter ] --END-- [ RunTime:0.000550s ]
INFO: [ app_end ] --START--
INFO: Run Behavior\ShowPageTraceBehavior [ RunTime:0.000744s ]
INFO: [ app_end ] --END-- [ RunTime:0.000799s ]

[ 2016-05-04T15:20:31+08:00 ] ::1 /index.php/Home5/Contact/index
INFO: [ app_init ] --START--
INFO: Run Behavior\BuildLiteBehavior [ RunTime:0.000016s ]
INFO: [ app_init ] --END-- [ RunTime:0.000462s ]
INFO: [ app_begin ] --START--
INFO: Run Behavior\ReadHtmlCacheBehavior [ RunTime:0.000880s ]
INFO: [ app_begin ] --END-- [ RunTime:0.000958s ]
SQL: SHOW COLUMNS FROM `ast_banner5` [ RunTime:0.0044s ]
SQL: SELECT * FROM `ast_banner5`  [ RunTime:0.0004s ]
SQL: SHOW COLUMNS FROM `ast_link5` [ RunTime:0.0034s ]
SQL: SELECT * FROM `ast_link5`  [ RunTime:0.0003s ]
SQL: SHOW COLUMNS FROM `ast_company5` [ RunTime:0.0036s ]
SQL: SELECT * FROM `ast_company5` WHERE `c_id` = 2  [ RunTime:0.0003s ]
INFO: [ view_parse ] --START--
INFO: [ template_filter ] --START--
INFO: Run Behavior\ContentReplaceBehavior [ RunTime:0.000097s ]
INFO: [ template_filter ] --END-- [ RunTime:0.000174s ]
INFO: Run Behavior\ParseTemplateBehavior [ RunTime:0.011327s ]
INFO: [ view_parse ] --END-- [ RunTime:0.011425s ]
INFO: [ view_filter ] --START--
INFO: Run Behavior\WriteHtmlCacheBehavior [ RunTime:0.000756s ]
INFO: [ view_filter ] --END-- [ RunTime:0.000842s ]
INFO: [ app_end ] --START--
INFO: Run Behavior\ShowPageTraceBehavior [ RunTime:0.000841s ]
INFO: [ app_end ] --END-- [ RunTime:0.000903s ]

[ 2016-05-04T15:20:32+08:00 ] ::1 /index.php/Home5/News/index
INFO: [ app_init ] --START--
INFO: Run Behavior\BuildLiteBehavior [ RunTime:0.000016s ]
INFO: [ app_init ] --END-- [ RunTime:0.000488s ]
INFO: [ app_begin ] --START--
INFO: Run Behavior\ReadHtmlCacheBehavior [ RunTime:0.001064s ]
INFO: [ app_begin ] --END-- [ RunTime:0.001158s ]
SQL: SHOW COLUMNS FROM `ast_banner5` [ RunTime:0.0039s ]
SQL: SELECT * FROM `ast_banner5`  [ RunTime:0.0004s ]
SQL: SHOW COLUMNS FROM `ast_link5` [ RunTime:0.0047s ]
SQL: SELECT * FROM `ast_link5`  [ RunTime:0.0003s ]
SQL: SHOW COLUMNS FROM `ast_article5` [ RunTime:0.0039s ]
SQL: SELECT * FROM `ast_article5`  [ RunTime:0.0005s ]
SQL: SHOW COLUMNS FROM `ast_artcate5` [ RunTime:0.0036s ]
SQL: SELECT * FROM `ast_artcate5`  [ RunTime:0.0004s ]
NOTIC: [8] Undefined index: id C:\xampp\htdocs\aiston\Application\Home5\Controller\NewsController.class.php 第 29 行.
SQL: SELECT * FROM `ast_article5` LIMIT 0,5   [ RunTime:0.0007s ]
NOTIC: [8] Undefined variable: catename C:\xampp\htdocs\aiston\Application\Home5\Controller\NewsController.class.php 第 39 行.
INFO: [ view_parse ] --START--
INFO: [ template_filter ] --START--
INFO: Run Behavior\ContentReplaceBehavior [ RunTime:0.000108s ]
INFO: [ template_filter ] --END-- [ RunTime:0.000175s ]
NOTIC: [8] Undefined index: p C:\xampp\htdocs\aiston\Application\Runtime\Cache\Home5\02ce1cb977aaa3623ec74a5de60d14d7.php 第 80 行.
NOTIC: [8] Undefined index: p C:\xampp\htdocs\aiston\Application\Runtime\Cache\Home5\02ce1cb977aaa3623ec74a5de60d14d7.php 第 87 行.
NOTIC: [8] Undefined index: p C:\xampp\htdocs\aiston\Application\Runtime\Cache\Home5\02ce1cb977aaa3623ec74a5de60d14d7.php 第 87 行.
INFO: Run Behavior\ParseTemplateBehavior [ RunTime:0.014295s ]
INFO: [ view_parse ] --END-- [ RunTime:0.014360s ]
INFO: [ view_filter ] --START--
INFO: Run Behavior\WriteHtmlCacheBehavior [ RunTime:0.000496s ]
INFO: [ view_filter ] --END-- [ RunTime:0.000545s ]
INFO: [ app_end ] --START--
INFO: Run Behavior\ShowPageTraceBehavior [ RunTime:0.000896s ]
INFO: [ app_end ] --END-- [ RunTime:0.000973s ]

[ 2016-05-04T15:20:34+08:00 ] ::1 /index.php/Home5/Work/index
INFO: [ app_init ] --START--
INFO: Run Behavior\BuildLiteBehavior [ RunTime:0.000016s ]
INFO: [ app_init ] --END-- [ RunTime:0.000476s ]
INFO: [ app_begin ] --START--
INFO: Run Behavior\ReadHtmlCacheBehavior [ RunTime:0.000729s ]
INFO: [ app_begin ] --END-- [ RunTime:0.000792s ]
SQL: SHOW COLUMNS FROM `ast_banner5` [ RunTime:0.0037s ]
SQL: SELECT * FROM `ast_banner5`  [ RunTime:0.0004s ]
SQL: SHOW COLUMNS FROM `ast_link5` [ RunTime:0.0038s ]
SQL: SELECT * FROM `ast_link5`  [ RunTime:0.0003s ]
SQL: SHOW COLUMNS FROM `ast_work5` [ RunTime:0.0180s ]
NOTIC: [8] Undefined index: title C:\xampp\htdocs\aiston\Application\Home5\Controller\WorkController.class.php 第 16 行.
SQL: SELECT * FROM `ast_work5` ORDER BY w_cateid asc  [ RunTime:0.0008s ]
SQL: SELECT * FROM `ast_work5` LIMIT 0,6   [ RunTime:0.0004s ]
INFO: [ view_parse ] --START--
INFO: [ template_filter ] --START--
INFO: Run Behavior\ContentReplaceBehavior [ RunTime:0.000151s ]
INFO: [ template_filter ] --END-- [ RunTime:0.000216s ]
NOTIC: [8] Undefined index: title C:\xampp\htdocs\aiston\Application\Runtime\Cache\Home5\9a29aa22494ee52f35f7391c58910534.php 第 53 行.
NOTIC: [8] Undefined index: link_url C:\xampp\htdocs\aiston\Application\Runtime\Cache\Home5\9a29aa22494ee52f35f7391c58910534.php 第 62 行.
NOTIC: [8] Undefined index: title C:\xampp\htdocs\aiston\Application\Runtime\Cache\Home5\9a29aa22494ee52f35f7391c58910534.php 第 67 行.
NOTIC: [8] Undefined index: p C:\xampp\htdocs\aiston\Application\Runtime\Cache\Home5\9a29aa22494ee52f35f7391c58910534.php 第 93 行.
NOTIC: [8] Undefined index: p C:\xampp\htdocs\aiston\Application\Runtime\Cache\Home5\9a29aa22494ee52f35f7391c58910534.php 第 101 行.
NOTIC: [8] Undefined index: p C:\xampp\htdocs\aiston\Application\Runtime\Cache\Home5\9a29aa22494ee52f35f7391c58910534.php 第 101 行.
INFO: Run Behavior\ParseTemplateBehavior [ RunTime:0.013588s ]
INFO: [ view_parse ] --END-- [ RunTime:0.013660s ]
INFO: [ view_filter ] --START--
INFO: Run Behavior\WriteHtmlCacheBehavior [ RunTime:0.000494s ]
INFO: [ view_filter ] --END-- [ RunTime:0.000543s ]
INFO: [ app_end ] --START--
INFO: Run Behavior\ShowPageTraceBehavior [ RunTime:0.000728s ]
INFO: [ app_end ] --END-- [ RunTime:0.000781s ]

[ 2016-05-04T15:20:38+08:00 ] ::1 /index.php/Home5/Work/index/p/3
INFO: [ app_init ] --START--
INFO: Run Behavior\BuildLiteBehavior [ RunTime:0.000022s ]
INFO: [ app_init ] --END-- [ RunTime:0.000639s ]
INFO: [ app_begin ] --START--
INFO: Run Behavior\ReadHtmlCacheBehavior [ RunTime:0.000804s ]
INFO: [ app_begin ] --END-- [ RunTime:0.000886s ]
SQL: SHOW COLUMNS FROM `ast_banner5` [ RunTime:0.0039s ]
SQL: SELECT * FROM `ast_banner5`  [ RunTime:0.0003s ]
SQL: SHOW COLUMNS FROM `ast_link5` [ RunTime:0.0034s ]
SQL: SELECT * FROM `ast_link5`  [ RunTime:0.0002s ]
SQL: SHOW COLUMNS FROM `ast_work5` [ RunTime:0.0039s ]
NOTIC: [8] Undefined index: title C:\xampp\htdocs\aiston\Application\Home5\Controller\WorkController.class.php 第 16 行.
SQL: SELECT * FROM `ast_work5` ORDER BY w_cateid asc  [ RunTime:0.0005s ]
SQL: SELECT * FROM `ast_work5` LIMIT 12,6   [ RunTime:0.0004s ]
INFO: [ view_parse ] --START--
INFO: [ template_filter ] --START--
INFO: Run Behavior\ContentReplaceBehavior [ RunTime:0.000128s ]
INFO: [ template_filter ] --END-- [ RunTime:0.000223s ]
NOTIC: [8] Undefined index: title C:\xampp\htdocs\aiston\Application\Runtime\Cache\Home5\9a29aa22494ee52f35f7391c58910534.php 第 53 行.
NOTIC: [8] Undefined index: link_url C:\xampp\htdocs\aiston\Application\Runtime\Cache\Home5\9a29aa22494ee52f35f7391c58910534.php 第 62 行.
NOTIC: [8] Undefined index: title C:\xampp\htdocs\aiston\Application\Runtime\Cache\Home5\9a29aa22494ee52f35f7391c58910534.php 第 67 行.
INFO: Run Behavior\ParseTemplateBehavior [ RunTime:0.013094s ]
INFO: [ view_parse ] --END-- [ RunTime:0.013174s ]
INFO: [ view_filter ] --START--
INFO: Run Behavior\WriteHtmlCacheBehavior [ RunTime:0.000556s ]
INFO: [ view_filter ] --END-- [ RunTime:0.000621s ]
INFO: [ app_end ] --START--
INFO: Run Behavior\ShowPageTraceBehavior [ RunTime:0.000745s ]
INFO: [ app_end ] --END-- [ RunTime:0.000797s ]

[ 2016-05-04T17:12:01+08:00 ] ::1 /index.php/Home5/Index
INFO: [ app_init ] --START--
INFO: Run Behavior\BuildLiteBehavior [ RunTime:0.000018s ]
INFO: [ app_init ] --END-- [ RunTime:0.000659s ]
INFO: [ app_begin ] --START--
INFO: Run Behavior\ReadHtmlCacheBehavior [ RunTime:0.001065s ]
INFO: [ app_begin ] --END-- [ RunTime:0.001151s ]
SQL: SHOW COLUMNS FROM `ast_banner5` [ RunTime:0.0045s ]
SQL: SELECT * FROM `ast_banner5`  [ RunTime:0.0005s ]
SQL: SHOW COLUMNS FROM `ast_link5` [ RunTime:0.0038s ]
SQL: SELECT * FROM `ast_link5`  [ RunTime:0.0003s ]
SQL: SHOW COLUMNS FROM `ast_company5` [ RunTime:0.0040s ]
SQL: SHOW COLUMNS FROM `ast_article5` [ RunTime:0.0048s ]
SQL: SHOW COLUMNS FROM `ast_product5` [ RunTime:0.0043s ]
SQL: SHOW COLUMNS FROM `ast_procate5` [ RunTime:0.0041s ]
SQL: SELECT * FROM `ast_procate5`  [ RunTime:0.0003s ]
SQL: SELECT * FROM `ast_article5` WHERE `art_cateid` = 4 LIMIT 5   [ RunTime:0.0004s ]
SQL: SELECT * FROM `ast_article5` WHERE `art_cateid` = 5 LIMIT 3   [ RunTime:0.0003s ]
SQL: SELECT * FROM `ast_article5` ORDER BY art_addtime desc LIMIT 2,3   [ RunTime:0.0005s ]
SQL: SELECT * FROM `ast_article5` ORDER BY art_addtime desc LIMIT 1   [ RunTime:0.0003s ]
SQL: SELECT * FROM `ast_product5`  [ RunTime:0.0003s ]
SQL: SELECT * FROM `ast_company5`  [ RunTime:0.0002s ]
INFO: [ view_parse ] --START--
INFO: [ template_filter ] --START--
INFO: Run Behavior\ContentReplaceBehavior [ RunTime:0.000172s ]
INFO: [ template_filter ] --END-- [ RunTime:0.000251s ]
INFO: Run Behavior\ParseTemplateBehavior [ RunTime:0.018359s ]
INFO: [ view_parse ] --END-- [ RunTime:0.018442s ]
INFO: [ view_filter ] --START--
INFO: Run Behavior\WriteHtmlCacheBehavior [ RunTime:0.000700s ]
INFO: [ view_filter ] --END-- [ RunTime:0.000751s ]
INFO: [ app_end ] --START--
INFO: Run Behavior\ShowPageTraceBehavior [ RunTime:0.001446s ]
INFO: [ app_end ] --END-- [ RunTime:0.001534s ]

