[ 2016-04-16T13:34:38+08:00 ] ::1 /index.php/Home5/Index
INFO: [ app_init ] --START--
INFO: Run Behavior\BuildLiteBehavior [ RunTime:0.000016s ]
INFO: [ app_init ] --END-- [ RunTime:0.000484s ]
INFO: [ app_begin ] --START--
INFO: Run Behavior\ReadHtmlCacheBehavior [ RunTime:0.000718s ]
INFO: [ app_begin ] --END-- [ RunTime:0.000786s ]
SQL: SHOW COLUMNS FROM `ast_banner5` [ RunTime:0.0074s ]
SQL: SELECT * FROM `ast_banner5`  [ RunTime:0.0005s ]
SQL: SHOW COLUMNS FROM `ast_link5` [ RunTime:0.0068s ]
SQL: SELECT * FROM `ast_link5`  [ RunTime:0.0008s ]
SQL: SHOW COLUMNS FROM `ast_company5` [ RunTime:0.0231s ]
SQL: SHOW COLUMNS FROM `ast_article5` [ RunTime:0.0101s ]
SQL: SHOW COLUMNS FROM `ast_product5` [ RunTime:0.0107s ]
SQL: SHOW COLUMNS FROM `ast_procate5` [ RunTime:0.0084s ]
SQL: SELECT * FROM `ast_procate5`  [ RunTime:0.0006s ]
SQL: SELECT * FROM `ast_article5` WHERE `art_cateid` = 4 LIMIT 5   [ RunTime:0.0008s ]
SQL: SELECT * FROM `ast_article5` WHERE `art_cateid` = 5 LIMIT 3   [ RunTime:0.0006s ]
SQL: SELECT * FROM `ast_article5` ORDER BY art_addtime desc LIMIT 2,3   [ RunTime:0.0007s ]
SQL: SELECT * FROM `ast_article5` ORDER BY art_addtime desc LIMIT 1   [ RunTime:0.0005s ]
SQL: SELECT * FROM `ast_product5`  [ RunTime:0.0007s ]
SQL: SELECT * FROM `ast_company5`  [ RunTime:0.0002s ]
INFO: [ view_parse ] --START--
INFO: [ template_filter ] --START--
INFO: Run Behavior\ContentReplaceBehavior [ RunTime:0.000166s ]
INFO: [ template_filter ] --END-- [ RunTime:0.000274s ]
INFO: Run Behavior\ParseTemplateBehavior [ RunTime:0.024828s ]
INFO: [ view_parse ] --END-- [ RunTime:0.024930s ]
INFO: [ view_filter ] --START--
INFO: Run Behavior\WriteHtmlCacheBehavior [ RunTime:0.000635s ]
INFO: [ view_filter ] --END-- [ RunTime:0.000705s ]
INFO: [ app_end ] --START--
INFO: Run Behavior\ShowPageTraceBehavior [ RunTime:0.001920s ]
INFO: [ app_end ] --END-- [ RunTime:0.002041s ]

